2024-07-16,21:48:14 [INFO] Logging to: ./log/2024-07-16-21-48-14.log
2024-07-16,21:48:14 [INFO] Reading config from: ./config/dhfr.yaml
2024-07-16,21:48:14 [INFO] Namespace(total_iters=10, prompt_method='flex_match', s_dataset='DHFR', t_dataset='DHFR', prompt_fn='gpf_plus', shift_type='structural', p_shift_intra=0.0, p_shift_inter=0.0, pretrain=True, save_pretrained=False, soft_label=False, add_link_loss=False, attn_with_param=False, empty_pretrained_dir=False, iterative_clustering=False, clutering_iters=3, entropy_div_ratio=3, w_entropy_loss=0.0, w_softmax_loss=0.0, w_domain_loss=0.0, r_reg=0.0, gnn_weight_decay=0.0, weight_decay=0.0, gnn_type='gcn', gnn_num_layers=3, pretrained_path=['./pretrained/GCN_Pretrained_2024-07-01-14-54-05.pth', './pretrained/GCN_Pretrained_2024-07-01-14-56-23.pth', './pretrained/GCN_Pretrained_2024-07-01-14-58-41.pth', './pretrained/GCN_Pretrained_2024-07-01-15-00-59.pth', './pretrained/GCN_Pretrained_2024-07-01-15-03-17.pth', './pretrained/GCN_Pretrained_2024-07-01-15-05-37.pth', './pretrained/GCN_Pretrained_2024-07-01-15-07-56.pth', './pretrained/GCN_Pretrained_2024-07-01-15-10-20.pth', './pretrained/GCN_Pretrained_2024-07-01-15-12-47.pth', './pretrained/GCN_Pretrained_2024-07-01-15-15-13.pth'], gnn_n_epochs=100, gnn_eval_step=10, gnn_h_dim=512, gnn_lr=0.01, gnn_step_size=50, gnn_gamma=0.5, gnn_batch_size=64, gnn_dropout=0.4, n_epochs=30, eval_step=10, h_dim=512, lr=0.01, step_size=50, gamma=0.5, batch_size=64, num_tokens=10, src_ratio=0.5, dropout=0.3, cut_off=0.5, aug_type='feature', light_aug_prob=0.1, light_aug_mode='mask', pos_aug_mode='mask', neg_aug_mode='arbitrary', noise_cov_scale=1.0, noise_mean_shift=1.0, noise_shift_mode='homophily', noise_select_mode='soft', cross_prune=0.8, inner_prune=0.3, num_runs=5, p_raug=0.15, n_raug=0.15, s_split=[0.65, 0.3], t_split=[0.65, 0.3], seed=[1676, 3733, 3589, 4867, 2980, 1142, 3035, 4432, 4672, 4010], config_from_file='./config/dhfr.yaml', config_to_file='', label_reduction=0.0)
2024-07-16,21:48:14 [INFO] ####################################################################################################
2024-07-16,21:48:14 [INFO] Args seeds: [1676, 3733, 3589, 4867, 2980, 1142, 3035, 4432, 4672, 4010]
2024-07-16,21:48:14 [INFO] Source Dataset: DHFR, Target Dataset: DHFR. Training, Test: Source: [0.65, 0.3], Target: [0.65, 0.3] -- Batch size: 64
2024-07-16,21:48:14 [INFO] All input pretrained paths: ['./pretrained/GCN_Pretrained_2024-07-01-14-54-05.pth', './pretrained/GCN_Pretrained_2024-07-01-14-56-23.pth', './pretrained/GCN_Pretrained_2024-07-01-14-58-41.pth', './pretrained/GCN_Pretrained_2024-07-01-15-00-59.pth', './pretrained/GCN_Pretrained_2024-07-01-15-03-17.pth', './pretrained/GCN_Pretrained_2024-07-01-15-05-37.pth', './pretrained/GCN_Pretrained_2024-07-01-15-07-56.pth', './pretrained/GCN_Pretrained_2024-07-01-15-10-20.pth', './pretrained/GCN_Pretrained_2024-07-01-15-12-47.pth', './pretrained/GCN_Pretrained_2024-07-01-15-15-13.pth']
2024-07-16,21:48:14 [INFO] Started round 0/10 of experiments!
2024-07-16,21:48:15 [INFO] Setting for pretraining: Model: {'gnn_type': 'gcn', 'in_channels': 56, 'hidden_channels': 512, 'out_channels': 2, 'num_layers': 3, 'dropout': 0.4, 'with_bn': False, 'with_head': True} -- Optimizer: {'lr': 0.01, 'scheduler_step_size': 50, 'scheduler_gamma': 0.5, 'weight_decay': 0.0} -- Training: {'n_epochs': 100}
2024-07-16,21:48:15 [INFO] Loading previous pretrained model at ./pretrained/GCN_Pretrained_2024-07-01-14-54-05.pth
2024-07-16,21:48:15 [INFO] Prompting method: flex_match -- Setting: Prompting function: gpf_plus -- Target Dataset: DHFR
2024-07-16,21:48:15 [INFO] Setting for prompt tuning: Prompt: {'emb_dim': 56, 'h_dim': 512, 'output_dim': 56, 'prompt_fn': 'gpf_plus', 'token_num': 10, 'cross_prune': 0.8, 'inner_prune': 0.3, 'attn_with_param': False} -- Pretrained Model: {'gnn_type': 'gcn', 'in_channels': 56, 'hidden_channels': 512, 'out_channels': 2, 'num_layers': 3, 'dropout': 0.4, 'with_bn': False, 'with_head': True} -- Optimizer: {'lr': 0.01, 'scheduler_step_size': 50, 'scheduler_gamma': 0.5, 'weight_decay': 0.0} -- Training: {'aug_type': 'feature', 'pos_aug_mode': 'mask', 'p_raug': 0.15, 'n_epochs': 30, 'r_reg': 0.0, 'soft_label': False, 'clutering_iters': 3, 'iterative_clustering': False, 'entropy_div_ratio': 3, 'w_entropy_loss': 0.0, 'w_softmax_loss': 0.0, 'w_domain_loss': 0.0, 'light_aug_prob': 0.1, 'light_aug_mode': 'mask', 'num_classes': 2, 'cut_off': 0.5}
2024-07-16,21:48:15 [INFO] Prompt tuning started: Num runs: 5 -- Eval step: 10
2024-07-16,21:48:16 [INFO] Pretrained GNN on Source Dataset -- Test Loss: 0.863 -- Test ACC: 0.661 -- Test F1-score: 0.702
2024-07-16,21:48:17 [INFO] Pretrained GNN on Target Dataset Without Prompting: -- Validation Loss: 0.762 -- Validation ACC: 0.611 -- Validation F1-score: 0.667 -- Test Loss: 0.711 -- Test ACC: 0.774 -- Test F1-score: 0.803
2024-07-16,21:48:18 [INFO] Epoch: 0/30 -- Train Loss: 0.169 -- Validation Loss: 1.581 -- Validation ACC: 0.444 -- Validation F1: 0.375
2024-07-16,21:48:30 [INFO] Epoch: 10/30 -- Train Loss: 0.822 -- Validation Loss: 0.576 -- Validation ACC: 0.611 -- Validation F1: 0.667
2024-07-16,21:48:44 [INFO] Epoch: 20/30 -- Train Loss: 0.253 -- Validation Loss: 1.189 -- Validation ACC: 0.500 -- Validation F1: 0.471
2024-07-16,21:48:49 [INFO] Epoch: 24/30 -- Train Loss: 0.703 -- Validation Loss: 1.703 -- Validation ACC: 0.444 -- Validation F1: 0.375
2024-07-16,21:48:52 [INFO] Epoch: 25/30 -- Train Loss: 0.500 -- Validation Loss: 1.396 -- Validation ACC: 0.444 -- Validation F1: 0.375
2024-07-16,21:48:53 [INFO] Epoch: 26/30 -- Train Loss: 0.061 -- Validation Loss: 1.225 -- Validation ACC: 0.500 -- Validation F1: 0.471
2024-07-16,21:48:55 [INFO] Epoch: 27/30 -- Train Loss: 0.536 -- Validation Loss: 1.086 -- Validation ACC: 0.444 -- Validation F1: 0.444
2024-07-16,21:48:57 [INFO] Epoch: 28/30 -- Train Loss: 0.125 -- Validation Loss: 0.988 -- Validation ACC: 0.444 -- Validation F1: 0.444
2024-07-16,21:48:59 [INFO] Epoch: 29/30 -- Train Loss: 0.700 -- Validation Loss: 0.954 -- Validation ACC: 0.444 -- Validation F1: 0.444
2024-07-16,21:48:59 [INFO] Run 0/5: Average Over Last 6 epochs -- Valid ACC: 0.4537037037037037 -- Valid F1-score: 0.425653596719106
2024-07-16,21:49:00 [INFO] Test Results of Run 0/5: -- Test Loss: 0.714 -- Test ACC: 0.765 -- Test F1: 0.791
2024-07-16,21:49:02 [INFO] Epoch: 0/30 -- Train Loss: 0.132 -- Validation Loss: 1.226 -- Validation ACC: 0.500 -- Validation F1: 0.471
2024-07-16,21:49:17 [INFO] Epoch: 10/30 -- Train Loss: 0.015 -- Validation Loss: 0.454 -- Validation ACC: 0.889 -- Validation F1: 0.929
2024-07-16,21:49:32 [INFO] Epoch: 20/30 -- Train Loss: 0.014 -- Validation Loss: 1.352 -- Validation ACC: 0.444 -- Validation F1: 0.444
2024-07-16,21:49:37 [INFO] Epoch: 24/30 -- Train Loss: 0.065 -- Validation Loss: 0.593 -- Validation ACC: 0.778 -- Validation F1: 0.846
2024-07-16,21:49:39 [INFO] Epoch: 25/30 -- Train Loss: 2.112 -- Validation Loss: 0.574 -- Validation ACC: 0.778 -- Validation F1: 0.846
2024-07-16,21:49:41 [INFO] Epoch: 26/30 -- Train Loss: 0.057 -- Validation Loss: 0.586 -- Validation ACC: 0.722 -- Validation F1: 0.800
2024-07-16,21:49:43 [INFO] Epoch: 27/30 -- Train Loss: 0.045 -- Validation Loss: 0.617 -- Validation ACC: 0.722 -- Validation F1: 0.800
2024-07-16,21:49:45 [INFO] Epoch: 28/30 -- Train Loss: 2.126 -- Validation Loss: 0.647 -- Validation ACC: 0.722 -- Validation F1: 0.800
2024-07-16,21:49:47 [INFO] Epoch: 29/30 -- Train Loss: 0.278 -- Validation Loss: 0.709 -- Validation ACC: 0.556 -- Validation F1: 0.636
2024-07-16,21:49:47 [INFO] Run 1/5: Average Over Last 6 epochs -- Valid ACC: 0.7129629629629629 -- Valid F1-score: 0.7881118953227997
2024-07-16,21:49:47 [INFO] Test Results of Run 1/5: -- Test Loss: 0.684 -- Test ACC: 0.757 -- Test F1: 0.794
2024-07-16,21:49:49 [INFO] Epoch: 0/30 -- Train Loss: 1.967 -- Validation Loss: 0.586 -- Validation ACC: 0.722 -- Validation F1: 0.783
2024-07-16,21:50:04 [INFO] Epoch: 10/30 -- Train Loss: 0.268 -- Validation Loss: 0.639 -- Validation ACC: 0.722 -- Validation F1: 0.783
2024-07-16,21:50:19 [INFO] Epoch: 20/30 -- Train Loss: 0.058 -- Validation Loss: 1.088 -- Validation ACC: 0.500 -- Validation F1: 0.526
2024-07-16,21:50:25 [INFO] Epoch: 24/30 -- Train Loss: 0.802 -- Validation Loss: 1.096 -- Validation ACC: 0.556 -- Validation F1: 0.600
2024-07-16,21:50:27 [INFO] Epoch: 25/30 -- Train Loss: 0.095 -- Validation Loss: 1.045 -- Validation ACC: 0.556 -- Validation F1: 0.600
2024-07-16,21:50:29 [INFO] Epoch: 26/30 -- Train Loss: 0.241 -- Validation Loss: 1.051 -- Validation ACC: 0.556 -- Validation F1: 0.600
2024-07-16,21:50:31 [INFO] Epoch: 27/30 -- Train Loss: 0.032 -- Validation Loss: 1.049 -- Validation ACC: 0.556 -- Validation F1: 0.600
2024-07-16,21:50:33 [INFO] Epoch: 28/30 -- Train Loss: 1.029 -- Validation Loss: 1.096 -- Validation ACC: 0.500 -- Validation F1: 0.526
2024-07-16,21:50:35 [INFO] Epoch: 29/30 -- Train Loss: 0.269 -- Validation Loss: 1.073 -- Validation ACC: 0.556 -- Validation F1: 0.600
2024-07-16,21:50:35 [INFO] Run 2/5: Average Over Last 6 epochs -- Valid ACC: 0.5462962962962963 -- Valid F1-score: 0.5877193212509155
2024-07-16,21:50:35 [INFO] Test Results of Run 2/5: -- Test Loss: 0.801 -- Test ACC: 0.722 -- Test F1: 0.729
2024-07-16,21:50:37 [INFO] Epoch: 0/30 -- Train Loss: 0.137 -- Validation Loss: 1.170 -- Validation ACC: 0.500 -- Validation F1: 0.471
2024-07-16,21:50:52 [INFO] Epoch: 10/30 -- Train Loss: 0.385 -- Validation Loss: 0.585 -- Validation ACC: 0.611 -- Validation F1: 0.667
2024-07-16,21:51:05 [INFO] Epoch: 20/30 -- Train Loss: 0.225 -- Validation Loss: 0.810 -- Validation ACC: 0.444 -- Validation F1: 0.444
2024-07-16,21:51:11 [INFO] Epoch: 24/30 -- Train Loss: 1.643 -- Validation Loss: 0.791 -- Validation ACC: 0.500 -- Validation F1: 0.526
2024-07-16,21:51:13 [INFO] Epoch: 25/30 -- Train Loss: 0.025 -- Validation Loss: 0.721 -- Validation ACC: 0.556 -- Validation F1: 0.600
2024-07-16,21:51:15 [INFO] Epoch: 26/30 -- Train Loss: 0.040 -- Validation Loss: 0.581 -- Validation ACC: 0.722 -- Validation F1: 0.800
2024-07-16,21:51:17 [INFO] Epoch: 27/30 -- Train Loss: 0.168 -- Validation Loss: 0.520 -- Validation ACC: 0.778 -- Validation F1: 0.846
2024-07-16,21:51:20 [INFO] Epoch: 28/30 -- Train Loss: 0.061 -- Validation Loss: 0.498 -- Validation ACC: 0.833 -- Validation F1: 0.889
2024-07-16,21:51:22 [INFO] Epoch: 29/30 -- Train Loss: 0.276 -- Validation Loss: 0.518 -- Validation ACC: 0.778 -- Validation F1: 0.846
2024-07-16,21:51:22 [INFO] Run 3/5: Average Over Last 6 epochs -- Valid ACC: 0.6944444444444445 -- Valid F1-score: 0.7512520750363668
2024-07-16,21:51:22 [INFO] Test Results of Run 3/5: -- Test Loss: 0.627 -- Test ACC: 0.800 -- Test F1: 0.841
2024-07-16,21:51:24 [INFO] Epoch: 0/30 -- Train Loss: 0.000 -- Validation Loss: 1.000 -- Validation ACC: 0.556 -- Validation F1: 0.556
2024-07-16,21:51:38 [INFO] Epoch: 10/30 -- Train Loss: 0.210 -- Validation Loss: 1.029 -- Validation ACC: 0.556 -- Validation F1: 0.556
2024-07-16,21:51:51 [INFO] Epoch: 20/30 -- Train Loss: 0.033 -- Validation Loss: 0.697 -- Validation ACC: 0.500 -- Validation F1: 0.571
2024-07-16,21:51:57 [INFO] Epoch: 24/30 -- Train Loss: 0.013 -- Validation Loss: 1.691 -- Validation ACC: 0.444 -- Validation F1: 0.375
2024-07-16,21:51:59 [INFO] Epoch: 25/30 -- Train Loss: 0.104 -- Validation Loss: 1.665 -- Validation ACC: 0.444 -- Validation F1: 0.375
2024-07-16,21:52:01 [INFO] Epoch: 26/30 -- Train Loss: 0.971 -- Validation Loss: 1.343 -- Validation ACC: 0.444 -- Validation F1: 0.375
2024-07-16,21:52:03 [INFO] Epoch: 27/30 -- Train Loss: 1.515 -- Validation Loss: 0.974 -- Validation ACC: 0.556 -- Validation F1: 0.556
2024-07-16,21:52:04 [INFO] Epoch: 28/30 -- Train Loss: 0.217 -- Validation Loss: 0.700 -- Validation ACC: 0.556 -- Validation F1: 0.600
2024-07-16,21:52:06 [INFO] Epoch: 29/30 -- Train Loss: 0.001 -- Validation Loss: 0.545 -- Validation ACC: 0.611 -- Validation F1: 0.696
2024-07-16,21:52:06 [INFO] Run 4/5: Average Over Last 6 epochs -- Valid ACC: 0.5092592592592593 -- Valid F1-score: 0.4960346321264903
2024-07-16,21:52:07 [INFO] Test Results of Run 4/5: -- Test Loss: 0.594 -- Test ACC: 0.800 -- Test F1: 0.830
2024-07-16,21:52:07 [INFO] Validation average after 5 runs -- ACC: 0.583 -- F1-score: 0.610
2024-07-16,21:52:07 [INFO] Test average after 5 runs -- ACC: 0.769 -- F1-score: 0.797
2024-07-16,21:52:07 [INFO] Finished round 0/10 of experiments!
2024-07-16,21:52:07 [INFO] Started round 1/10 of experiments!
2024-07-16,21:52:07 [INFO] Loading previous pretrained model at ./pretrained/GCN_Pretrained_2024-07-01-14-56-23.pth
2024-07-16,21:52:08 [INFO] Pretrained GNN on Source Dataset -- Test Loss: 0.964 -- Test ACC: 0.739 -- Test F1-score: 0.758
2024-07-16,21:52:09 [INFO] Pretrained GNN on Target Dataset Without Prompting: -- Validation Loss: 1.277 -- Validation ACC: 0.667 -- Validation F1-score: 0.769 -- Test Loss: 1.529 -- Test ACC: 0.643 -- Test F1-score: 0.713
2024-07-16,21:52:11 [INFO] Epoch: 0/30 -- Train Loss: 0.007 -- Validation Loss: 1.544 -- Validation ACC: 0.667 -- Validation F1: 0.800
2024-07-16,21:52:25 [INFO] Epoch: 10/30 -- Train Loss: 0.004 -- Validation Loss: 1.232 -- Validation ACC: 0.667 -- Validation F1: 0.769
2024-07-16,21:52:39 [INFO] Epoch: 20/30 -- Train Loss: 0.318 -- Validation Loss: 1.326 -- Validation ACC: 0.722 -- Validation F1: 0.815
2024-07-16,21:52:44 [INFO] Epoch: 24/30 -- Train Loss: 0.155 -- Validation Loss: 1.355 -- Validation ACC: 0.667 -- Validation F1: 0.769
2024-07-16,21:52:46 [INFO] Epoch: 25/30 -- Train Loss: 0.083 -- Validation Loss: 1.356 -- Validation ACC: 0.722 -- Validation F1: 0.815
2024-07-16,21:52:48 [INFO] Epoch: 26/30 -- Train Loss: 0.018 -- Validation Loss: 1.353 -- Validation ACC: 0.722 -- Validation F1: 0.815
2024-07-16,21:52:50 [INFO] Epoch: 27/30 -- Train Loss: 0.457 -- Validation Loss: 1.359 -- Validation ACC: 0.778 -- Validation F1: 0.857
2024-07-16,21:52:52 [INFO] Epoch: 28/30 -- Train Loss: 0.040 -- Validation Loss: 1.367 -- Validation ACC: 0.722 -- Validation F1: 0.828
2024-07-16,21:52:54 [INFO] Epoch: 29/30 -- Train Loss: 0.965 -- Validation Loss: 1.353 -- Validation ACC: 0.778 -- Validation F1: 0.857
2024-07-16,21:52:54 [INFO] Run 0/5: Average Over Last 6 epochs -- Valid ACC: 0.7314814814814815 -- Valid F1-score: 0.8234553933143616
2024-07-16,21:52:54 [INFO] Test Results of Run 0/5: -- Test Loss: 1.675 -- Test ACC: 0.678 -- Test F1: 0.770
2024-07-16,21:52:56 [INFO] Epoch: 0/30 -- Train Loss: 2.208 -- Validation Loss: 1.197 -- Validation ACC: 0.667 -- Validation F1: 0.769
2024-07-16,21:53:10 [INFO] Epoch: 10/30 -- Train Loss: 1.271 -- Validation Loss: 1.333 -- Validation ACC: 0.667 -- Validation F1: 0.769
2024-07-16,21:53:24 [INFO] Epoch: 20/30 -- Train Loss: 0.263 -- Validation Loss: 1.392 -- Validation ACC: 0.667 -- Validation F1: 0.800
2024-07-16,21:53:30 [INFO] Epoch: 24/30 -- Train Loss: 0.133 -- Validation Loss: 1.345 -- Validation ACC: 0.667 -- Validation F1: 0.769
2024-07-16,21:53:31 [INFO] Epoch: 25/30 -- Train Loss: 0.718 -- Validation Loss: 1.435 -- Validation ACC: 0.611 -- Validation F1: 0.720
2024-07-16,21:53:33 [INFO] Epoch: 26/30 -- Train Loss: 0.044 -- Validation Loss: 1.475 -- Validation ACC: 0.556 -- Validation F1: 0.667
2024-07-16,21:53:35 [INFO] Epoch: 27/30 -- Train Loss: 0.001 -- Validation Loss: 1.407 -- Validation ACC: 0.611 -- Validation F1: 0.741
2024-07-16,21:53:37 [INFO] Epoch: 28/30 -- Train Loss: 0.220 -- Validation Loss: 1.389 -- Validation ACC: 0.611 -- Validation F1: 0.741
2024-07-16,21:53:38 [INFO] Epoch: 29/30 -- Train Loss: 1.077 -- Validation Loss: 1.382 -- Validation ACC: 0.667 -- Validation F1: 0.769
2024-07-16,21:53:38 [INFO] Run 1/5: Average Over Last 6 epochs -- Valid ACC: 0.6203703703703703 -- Valid F1-score: 0.7344349523385366
2024-07-16,21:53:39 [INFO] Test Results of Run 1/5: -- Test Loss: 1.595 -- Test ACC: 0.643 -- Test F1: 0.701
2024-07-16,21:53:40 [INFO] Epoch: 0/30 -- Train Loss: 0.203 -- Validation Loss: 1.308 -- Validation ACC: 0.611 -- Validation F1: 0.759
2024-07-16,21:53:56 [INFO] Epoch: 10/30 -- Train Loss: 0.602 -- Validation Loss: 1.188 -- Validation ACC: 0.667 -- Validation F1: 0.786
2024-07-16,21:54:10 [INFO] Epoch: 20/30 -- Train Loss: 0.784 -- Validation Loss: 1.208 -- Validation ACC: 0.722 -- Validation F1: 0.815
2024-07-16,21:54:16 [INFO] Epoch: 24/30 -- Train Loss: 0.233 -- Validation Loss: 1.301 -- Validation ACC: 0.667 -- Validation F1: 0.786
2024-07-16,21:54:18 [INFO] Epoch: 25/30 -- Train Loss: 0.905 -- Validation Loss: 1.256 -- Validation ACC: 0.722 -- Validation F1: 0.815
2024-07-16,21:54:21 [INFO] Epoch: 26/30 -- Train Loss: 0.023 -- Validation Loss: 1.266 -- Validation ACC: 0.667 -- Validation F1: 0.769
2024-07-16,21:54:22 [INFO] Epoch: 27/30 -- Train Loss: 0.662 -- Validation Loss: 1.282 -- Validation ACC: 0.722 -- Validation F1: 0.815
2024-07-16,21:54:24 [INFO] Epoch: 28/30 -- Train Loss: 0.187 -- Validation Loss: 1.303 -- Validation ACC: 0.722 -- Validation F1: 0.815
2024-07-16,21:54:26 [INFO] Epoch: 29/30 -- Train Loss: 0.035 -- Validation Loss: 1.331 -- Validation ACC: 0.722 -- Validation F1: 0.815
2024-07-16,21:54:26 [INFO] Run 2/5: Average Over Last 6 epochs -- Valid ACC: 0.7037037037037037 -- Valid F1-score: 0.8023673792680105
2024-07-16,21:54:26 [INFO] Test Results of Run 2/5: -- Test Loss: 1.594 -- Test ACC: 0.661 -- Test F1: 0.727
2024-07-16,21:54:28 [INFO] Epoch: 0/30 -- Train Loss: 0.002 -- Validation Loss: 1.653 -- Validation ACC: 0.667 -- Validation F1: 0.800
2024-07-16,21:54:42 [INFO] Epoch: 10/30 -- Train Loss: 0.017 -- Validation Loss: 1.445 -- Validation ACC: 0.667 -- Validation F1: 0.800
2024-07-16,21:54:56 [INFO] Epoch: 20/30 -- Train Loss: 0.063 -- Validation Loss: 1.584 -- Validation ACC: 0.667 -- Validation F1: 0.800
2024-07-16,21:55:01 [INFO] Epoch: 24/30 -- Train Loss: 0.198 -- Validation Loss: 1.606 -- Validation ACC: 0.722 -- Validation F1: 0.839
2024-07-16,21:55:03 [INFO] Epoch: 25/30 -- Train Loss: 0.090 -- Validation Loss: 1.488 -- Validation ACC: 0.722 -- Validation F1: 0.839
2024-07-16,21:55:05 [INFO] Epoch: 26/30 -- Train Loss: 0.026 -- Validation Loss: 1.420 -- Validation ACC: 0.722 -- Validation F1: 0.839
2024-07-16,21:55:07 [INFO] Epoch: 27/30 -- Train Loss: 0.125 -- Validation Loss: 1.358 -- Validation ACC: 0.778 -- Validation F1: 0.867
2024-07-16,21:55:09 [INFO] Epoch: 28/30 -- Train Loss: 1.550 -- Validation Loss: 1.335 -- Validation ACC: 0.667 -- Validation F1: 0.786
2024-07-16,21:55:10 [INFO] Epoch: 29/30 -- Train Loss: 1.038 -- Validation Loss: 1.303 -- Validation ACC: 0.611 -- Validation F1: 0.741
2024-07-16,21:55:10 [INFO] Run 3/5: Average Over Last 6 epochs -- Valid ACC: 0.7037037037037036 -- Valid F1-score: 0.8182084361712137
2024-07-16,21:55:11 [INFO] Test Results of Run 3/5: -- Test Loss: 1.543 -- Test ACC: 0.687 -- Test F1: 0.766
2024-07-16,21:55:13 [INFO] Epoch: 0/30 -- Train Loss: 0.259 -- Validation Loss: 1.386 -- Validation ACC: 0.667 -- Validation F1: 0.800
2024-07-16,21:55:28 [INFO] Epoch: 10/30 -- Train Loss: 0.458 -- Validation Loss: 1.556 -- Validation ACC: 0.611 -- Validation F1: 0.720
2024-07-16,21:55:41 [INFO] Epoch: 20/30 -- Train Loss: 0.003 -- Validation Loss: 1.535 -- Validation ACC: 0.722 -- Validation F1: 0.828
2024-07-16,21:55:47 [INFO] Epoch: 24/30 -- Train Loss: 0.314 -- Validation Loss: 1.463 -- Validation ACC: 0.667 -- Validation F1: 0.786
2024-07-16,21:55:50 [INFO] Epoch: 25/30 -- Train Loss: 0.546 -- Validation Loss: 1.472 -- Validation ACC: 0.722 -- Validation F1: 0.828
2024-07-16,21:55:51 [INFO] Epoch: 26/30 -- Train Loss: 0.512 -- Validation Loss: 1.435 -- Validation ACC: 0.667 -- Validation F1: 0.786
2024-07-16,21:55:53 [INFO] Epoch: 27/30 -- Train Loss: 0.365 -- Validation Loss: 1.395 -- Validation ACC: 0.611 -- Validation F1: 0.741
2024-07-16,21:55:55 [INFO] Epoch: 28/30 -- Train Loss: 0.602 -- Validation Loss: 1.391 -- Validation ACC: 0.611 -- Validation F1: 0.741
2024-07-16,21:55:57 [INFO] Epoch: 29/30 -- Train Loss: 0.154 -- Validation Loss: 1.400 -- Validation ACC: 0.667 -- Validation F1: 0.769
2024-07-16,21:55:57 [INFO] Run 4/5: Average Over Last 6 epochs -- Valid ACC: 0.6574074074074073 -- Valid F1-score: 0.7749544978141785
2024-07-16,21:55:57 [INFO] Test Results of Run 4/5: -- Test Loss: 1.590 -- Test ACC: 0.635 -- Test F1: 0.704
2024-07-16,21:55:57 [INFO] Validation average after 5 runs -- ACC: 0.683 -- F1-score: 0.791
2024-07-16,21:55:57 [INFO] Test average after 5 runs -- ACC: 0.661 -- F1-score: 0.734
2024-07-16,21:55:57 [INFO] Finished round 1/10 of experiments!
2024-07-16,21:55:57 [INFO] Started round 2/10 of experiments!
2024-07-16,21:55:59 [INFO] Loading previous pretrained model at ./pretrained/GCN_Pretrained_2024-07-01-14-58-41.pth
2024-07-16,21:55:59 [INFO] Pretrained GNN on Source Dataset -- Test Loss: 1.173 -- Test ACC: 0.757 -- Test F1-score: 0.813
2024-07-16,21:56:00 [INFO] Pretrained GNN on Target Dataset Without Prompting: -- Validation Loss: 0.928 -- Validation ACC: 0.667 -- Validation F1-score: 0.769 -- Test Loss: 0.858 -- Test ACC: 0.687 -- Test F1-score: 0.735
2024-07-16,21:56:01 [INFO] Epoch: 0/30 -- Train Loss: 0.041 -- Validation Loss: 1.009 -- Validation ACC: 0.667 -- Validation F1: 0.769
2024-07-16,21:56:16 [INFO] Epoch: 10/30 -- Train Loss: 0.005 -- Validation Loss: 1.011 -- Validation ACC: 0.667 -- Validation F1: 0.769
2024-07-16,21:56:31 [INFO] Epoch: 20/30 -- Train Loss: 0.264 -- Validation Loss: 0.916 -- Validation ACC: 0.611 -- Validation F1: 0.720
2024-07-16,21:56:38 [INFO] Epoch: 24/30 -- Train Loss: 0.504 -- Validation Loss: 0.947 -- Validation ACC: 0.611 -- Validation F1: 0.720
2024-07-16,21:56:39 [INFO] Epoch: 25/30 -- Train Loss: 0.383 -- Validation Loss: 0.961 -- Validation ACC: 0.667 -- Validation F1: 0.769
2024-07-16,21:56:41 [INFO] Epoch: 26/30 -- Train Loss: 0.049 -- Validation Loss: 0.987 -- Validation ACC: 0.667 -- Validation F1: 0.769
2024-07-16,21:56:43 [INFO] Epoch: 27/30 -- Train Loss: 0.653 -- Validation Loss: 1.017 -- Validation ACC: 0.667 -- Validation F1: 0.769
2024-07-16,21:56:45 [INFO] Epoch: 28/30 -- Train Loss: 0.480 -- Validation Loss: 1.010 -- Validation ACC: 0.667 -- Validation F1: 0.769
2024-07-16,21:56:47 [INFO] Epoch: 29/30 -- Train Loss: 0.147 -- Validation Loss: 0.987 -- Validation ACC: 0.667 -- Validation F1: 0.769
2024-07-16,21:56:47 [INFO] Run 0/5: Average Over Last 6 epochs -- Valid ACC: 0.6574074074074073 -- Valid F1-score: 0.7610256572564443
2024-07-16,21:56:47 [INFO] Test Results of Run 0/5: -- Test Loss: 0.848 -- Test ACC: 0.704 -- Test F1: 0.738
2024-07-16,21:56:49 [INFO] Epoch: 0/30 -- Train Loss: 0.404 -- Validation Loss: 1.108 -- Validation ACC: 0.667 -- Validation F1: 0.769
2024-07-16,21:57:04 [INFO] Epoch: 10/30 -- Train Loss: 0.691 -- Validation Loss: 1.105 -- Validation ACC: 0.667 -- Validation F1: 0.769
2024-07-16,21:57:18 [INFO] Epoch: 20/30 -- Train Loss: 0.309 -- Validation Loss: 0.968 -- Validation ACC: 0.667 -- Validation F1: 0.769
2024-07-16,21:57:24 [INFO] Epoch: 24/30 -- Train Loss: 0.260 -- Validation Loss: 1.075 -- Validation ACC: 0.667 -- Validation F1: 0.769
2024-07-16,21:57:26 [INFO] Epoch: 25/30 -- Train Loss: 1.239 -- Validation Loss: 1.053 -- Validation ACC: 0.667 -- Validation F1: 0.769
2024-07-16,21:57:27 [INFO] Epoch: 26/30 -- Train Loss: 0.095 -- Validation Loss: 0.994 -- Validation ACC: 0.667 -- Validation F1: 0.769
2024-07-16,21:57:29 [INFO] Epoch: 27/30 -- Train Loss: 0.657 -- Validation Loss: 0.982 -- Validation ACC: 0.667 -- Validation F1: 0.769
2024-07-16,21:57:31 [INFO] Epoch: 28/30 -- Train Loss: 0.286 -- Validation Loss: 1.011 -- Validation ACC: 0.667 -- Validation F1: 0.769
2024-07-16,21:57:32 [INFO] Epoch: 29/30 -- Train Loss: 0.563 -- Validation Loss: 1.024 -- Validation ACC: 0.667 -- Validation F1: 0.769
2024-07-16,21:57:32 [INFO] Run 1/5: Average Over Last 6 epochs -- Valid ACC: 0.6666666666666666 -- Valid F1-score: 0.7692307829856873
2024-07-16,21:57:33 [INFO] Test Results of Run 1/5: -- Test Loss: 0.911 -- Test ACC: 0.722 -- Test F1: 0.768
2024-07-16,21:57:35 [INFO] Epoch: 0/30 -- Train Loss: 0.381 -- Validation Loss: 0.911 -- Validation ACC: 0.667 -- Validation F1: 0.769
2024-07-16,21:57:49 [INFO] Epoch: 10/30 -- Train Loss: 0.083 -- Validation Loss: 0.950 -- Validation ACC: 0.611 -- Validation F1: 0.720
2024-07-16,21:58:04 [INFO] Epoch: 20/30 -- Train Loss: 0.013 -- Validation Loss: 1.230 -- Validation ACC: 0.611 -- Validation F1: 0.741
2024-07-16,21:58:10 [INFO] Epoch: 24/30 -- Train Loss: 0.002 -- Validation Loss: 1.185 -- Validation ACC: 0.611 -- Validation F1: 0.741
2024-07-16,21:58:12 [INFO] Epoch: 25/30 -- Train Loss: 1.259 -- Validation Loss: 1.185 -- Validation ACC: 0.611 -- Validation F1: 0.741
2024-07-16,21:58:14 [INFO] Epoch: 26/30 -- Train Loss: 0.135 -- Validation Loss: 1.179 -- Validation ACC: 0.611 -- Validation F1: 0.741
2024-07-16,21:58:16 [INFO] Epoch: 27/30 -- Train Loss: 0.001 -- Validation Loss: 1.211 -- Validation ACC: 0.611 -- Validation F1: 0.741
2024-07-16,21:58:17 [INFO] Epoch: 28/30 -- Train Loss: 0.123 -- Validation Loss: 1.192 -- Validation ACC: 0.611 -- Validation F1: 0.741
2024-07-16,21:58:19 [INFO] Epoch: 29/30 -- Train Loss: 0.076 -- Validation Loss: 1.108 -- Validation ACC: 0.611 -- Validation F1: 0.741
2024-07-16,21:58:19 [INFO] Run 2/5: Average Over Last 6 epochs -- Valid ACC: 0.6111111111111112 -- Valid F1-score: 0.7407407164573669
2024-07-16,21:58:20 [INFO] Test Results of Run 2/5: -- Test Loss: 0.922 -- Test ACC: 0.704 -- Test F1: 0.757
2024-07-16,21:58:22 [INFO] Epoch: 0/30 -- Train Loss: 0.005 -- Validation Loss: 1.045 -- Validation ACC: 0.722 -- Validation F1: 0.828
2024-07-16,21:58:36 [INFO] Epoch: 10/30 -- Train Loss: 0.671 -- Validation Loss: 0.807 -- Validation ACC: 0.611 -- Validation F1: 0.720
2024-07-16,21:58:50 [INFO] Epoch: 20/30 -- Train Loss: 0.069 -- Validation Loss: 0.892 -- Validation ACC: 0.667 -- Validation F1: 0.769
2024-07-16,21:58:56 [INFO] Epoch: 24/30 -- Train Loss: 0.338 -- Validation Loss: 0.811 -- Validation ACC: 0.667 -- Validation F1: 0.750
2024-07-16,21:58:58 [INFO] Epoch: 25/30 -- Train Loss: 0.336 -- Validation Loss: 0.799 -- Validation ACC: 0.667 -- Validation F1: 0.750
2024-07-16,21:58:59 [INFO] Epoch: 26/30 -- Train Loss: 0.605 -- Validation Loss: 0.763 -- Validation ACC: 0.667 -- Validation F1: 0.750
2024-07-16,21:59:01 [INFO] Epoch: 27/30 -- Train Loss: 0.028 -- Validation Loss: 0.770 -- Validation ACC: 0.611 -- Validation F1: 0.720
2024-07-16,21:59:03 [INFO] Epoch: 28/30 -- Train Loss: 0.106 -- Validation Loss: 0.858 -- Validation ACC: 0.667 -- Validation F1: 0.769
2024-07-16,21:59:04 [INFO] Epoch: 29/30 -- Train Loss: 0.354 -- Validation Loss: 0.902 -- Validation ACC: 0.667 -- Validation F1: 0.769
2024-07-16,21:59:04 [INFO] Run 3/5: Average Over Last 6 epochs -- Valid ACC: 0.6574074074074073 -- Valid F1-score: 0.7514102657636007
2024-07-16,21:59:05 [INFO] Test Results of Run 3/5: -- Test Loss: 0.968 -- Test ACC: 0.670 -- Test F1: 0.736
2024-07-16,21:59:07 [INFO] Epoch: 0/30 -- Train Loss: 0.036 -- Validation Loss: 1.102 -- Validation ACC: 0.611 -- Validation F1: 0.741
2024-07-16,21:59:21 [INFO] Epoch: 10/30 -- Train Loss: 0.287 -- Validation Loss: 0.919 -- Validation ACC: 0.611 -- Validation F1: 0.720
2024-07-16,21:59:35 [INFO] Epoch: 20/30 -- Train Loss: 0.017 -- Validation Loss: 1.264 -- Validation ACC: 0.667 -- Validation F1: 0.786
2024-07-16,21:59:40 [INFO] Epoch: 24/30 -- Train Loss: 0.014 -- Validation Loss: 1.056 -- Validation ACC: 0.611 -- Validation F1: 0.741
2024-07-16,21:59:42 [INFO] Epoch: 25/30 -- Train Loss: 0.534 -- Validation Loss: 0.975 -- Validation ACC: 0.611 -- Validation F1: 0.741
2024-07-16,21:59:43 [INFO] Epoch: 26/30 -- Train Loss: 0.103 -- Validation Loss: 0.935 -- Validation ACC: 0.611 -- Validation F1: 0.741
2024-07-16,21:59:45 [INFO] Epoch: 27/30 -- Train Loss: 0.509 -- Validation Loss: 0.893 -- Validation ACC: 0.611 -- Validation F1: 0.741
2024-07-16,21:59:47 [INFO] Epoch: 28/30 -- Train Loss: 0.413 -- Validation Loss: 0.866 -- Validation ACC: 0.611 -- Validation F1: 0.741
2024-07-16,21:59:49 [INFO] Epoch: 29/30 -- Train Loss: 0.070 -- Validation Loss: 0.870 -- Validation ACC: 0.611 -- Validation F1: 0.741
2024-07-16,21:59:49 [INFO] Run 4/5: Average Over Last 6 epochs -- Valid ACC: 0.6111111111111112 -- Valid F1-score: 0.7407407164573669
2024-07-16,21:59:49 [INFO] Test Results of Run 4/5: -- Test Loss: 0.927 -- Test ACC: 0.704 -- Test F1: 0.738
2024-07-16,21:59:49 [INFO] Validation average after 5 runs -- ACC: 0.641 -- F1-score: 0.753
2024-07-16,21:59:49 [INFO] Test average after 5 runs -- ACC: 0.701 -- F1-score: 0.748
2024-07-16,21:59:49 [INFO] Finished round 2/10 of experiments!
2024-07-16,21:59:49 [INFO] Started round 3/10 of experiments!
2024-07-16,21:59:50 [INFO] Loading previous pretrained model at ./pretrained/GCN_Pretrained_2024-07-01-15-00-59.pth
2024-07-16,21:59:50 [INFO] Pretrained GNN on Source Dataset -- Test Loss: 0.746 -- Test ACC: 0.739 -- Test F1-score: 0.786
2024-07-16,21:59:51 [INFO] Pretrained GNN on Target Dataset Without Prompting: -- Validation Loss: 0.769 -- Validation ACC: 0.722 -- Validation F1-score: 0.706 -- Test Loss: 0.897 -- Test ACC: 0.748 -- Test F1-score: 0.810
2024-07-16,21:59:54 [INFO] Epoch: 0/30 -- Train Loss: 0.445 -- Validation Loss: 0.759 -- Validation ACC: 0.778 -- Validation F1: 0.750
2024-07-16,22:00:08 [INFO] Epoch: 10/30 -- Train Loss: 0.231 -- Validation Loss: 0.968 -- Validation ACC: 0.722 -- Validation F1: 0.737
2024-07-16,22:00:21 [INFO] Epoch: 20/30 -- Train Loss: 0.703 -- Validation Loss: 1.025 -- Validation ACC: 0.722 -- Validation F1: 0.667
2024-07-16,22:00:27 [INFO] Epoch: 24/30 -- Train Loss: 0.123 -- Validation Loss: 0.979 -- Validation ACC: 0.722 -- Validation F1: 0.706
2024-07-16,22:00:29 [INFO] Epoch: 25/30 -- Train Loss: 0.569 -- Validation Loss: 0.980 -- Validation ACC: 0.722 -- Validation F1: 0.706
2024-07-16,22:00:31 [INFO] Epoch: 26/30 -- Train Loss: 0.920 -- Validation Loss: 0.960 -- Validation ACC: 0.778 -- Validation F1: 0.750
2024-07-16,22:00:33 [INFO] Epoch: 27/30 -- Train Loss: 0.002 -- Validation Loss: 0.941 -- Validation ACC: 0.778 -- Validation F1: 0.750
2024-07-16,22:00:35 [INFO] Epoch: 28/30 -- Train Loss: 0.472 -- Validation Loss: 0.912 -- Validation ACC: 0.778 -- Validation F1: 0.750
2024-07-16,22:00:36 [INFO] Epoch: 29/30 -- Train Loss: 0.000 -- Validation Loss: 0.887 -- Validation ACC: 0.778 -- Validation F1: 0.750
2024-07-16,22:00:36 [INFO] Run 0/5: Average Over Last 6 epochs -- Valid ACC: 0.7592592592592592 -- Valid F1-score: 0.7352941234906515
2024-07-16,22:00:37 [INFO] Test Results of Run 0/5: -- Test Loss: 0.945 -- Test ACC: 0.696 -- Test F1: 0.762
2024-07-16,22:00:39 [INFO] Epoch: 0/30 -- Train Loss: 0.319 -- Validation Loss: 0.926 -- Validation ACC: 0.722 -- Validation F1: 0.706
2024-07-16,22:00:53 [INFO] Epoch: 10/30 -- Train Loss: 0.212 -- Validation Loss: 0.949 -- Validation ACC: 0.722 -- Validation F1: 0.667
2024-07-16,22:01:07 [INFO] Epoch: 20/30 -- Train Loss: 0.117 -- Validation Loss: 0.876 -- Validation ACC: 0.722 -- Validation F1: 0.706
2024-07-16,22:01:12 [INFO] Epoch: 24/30 -- Train Loss: 0.531 -- Validation Loss: 0.840 -- Validation ACC: 0.722 -- Validation F1: 0.706
2024-07-16,22:01:14 [INFO] Epoch: 25/30 -- Train Loss: 0.035 -- Validation Loss: 0.837 -- Validation ACC: 0.722 -- Validation F1: 0.706
2024-07-16,22:01:16 [INFO] Epoch: 26/30 -- Train Loss: 0.146 -- Validation Loss: 0.842 -- Validation ACC: 0.778 -- Validation F1: 0.750
2024-07-16,22:01:17 [INFO] Epoch: 27/30 -- Train Loss: 0.012 -- Validation Loss: 0.863 -- Validation ACC: 0.722 -- Validation F1: 0.667
2024-07-16,22:01:19 [INFO] Epoch: 28/30 -- Train Loss: 0.361 -- Validation Loss: 0.888 -- Validation ACC: 0.722 -- Validation F1: 0.667
2024-07-16,22:01:21 [INFO] Epoch: 29/30 -- Train Loss: 0.178 -- Validation Loss: 0.908 -- Validation ACC: 0.722 -- Validation F1: 0.667
2024-07-16,22:01:21 [INFO] Run 1/5: Average Over Last 6 epochs -- Valid ACC: 0.7314814814814815 -- Valid F1-score: 0.6936274667580923
2024-07-16,22:01:22 [INFO] Test Results of Run 1/5: -- Test Loss: 0.998 -- Test ACC: 0.696 -- Test F1: 0.759
2024-07-16,22:01:24 [INFO] Epoch: 0/30 -- Train Loss: 0.310 -- Validation Loss: 0.960 -- Validation ACC: 0.778 -- Validation F1: 0.778
2024-07-16,22:01:38 [INFO] Epoch: 10/30 -- Train Loss: 0.593 -- Validation Loss: 0.738 -- Validation ACC: 0.778 -- Validation F1: 0.778
2024-07-16,22:01:51 [INFO] Epoch: 20/30 -- Train Loss: 0.541 -- Validation Loss: 0.803 -- Validation ACC: 0.722 -- Validation F1: 0.737
2024-07-16,22:01:57 [INFO] Epoch: 24/30 -- Train Loss: 0.223 -- Validation Loss: 0.715 -- Validation ACC: 0.778 -- Validation F1: 0.750
2024-07-16,22:01:58 [INFO] Epoch: 25/30 -- Train Loss: 0.169 -- Validation Loss: 0.706 -- Validation ACC: 0.778 -- Validation F1: 0.750
2024-07-16,22:02:00 [INFO] Epoch: 26/30 -- Train Loss: 0.052 -- Validation Loss: 0.709 -- Validation ACC: 0.778 -- Validation F1: 0.750
2024-07-16,22:02:02 [INFO] Epoch: 27/30 -- Train Loss: 0.003 -- Validation Loss: 0.714 -- Validation ACC: 0.778 -- Validation F1: 0.750
2024-07-16,22:02:04 [INFO] Epoch: 28/30 -- Train Loss: 0.117 -- Validation Loss: 0.721 -- Validation ACC: 0.778 -- Validation F1: 0.750
2024-07-16,22:02:06 [INFO] Epoch: 29/30 -- Train Loss: 1.935 -- Validation Loss: 0.715 -- Validation ACC: 0.722 -- Validation F1: 0.706
2024-07-16,22:02:06 [INFO] Run 2/5: Average Over Last 6 epochs -- Valid ACC: 0.7685185185185185 -- Valid F1-score: 0.7426470617453257
2024-07-16,22:02:06 [INFO] Test Results of Run 2/5: -- Test Loss: 0.865 -- Test ACC: 0.704 -- Test F1: 0.770
2024-07-16,22:02:08 [INFO] Epoch: 0/30 -- Train Loss: 0.116 -- Validation Loss: 0.987 -- Validation ACC: 0.722 -- Validation F1: 0.737
2024-07-16,22:02:23 [INFO] Epoch: 10/30 -- Train Loss: 0.045 -- Validation Loss: 0.859 -- Validation ACC: 0.722 -- Validation F1: 0.706
2024-07-16,22:02:37 [INFO] Epoch: 20/30 -- Train Loss: 1.185 -- Validation Loss: 1.086 -- Validation ACC: 0.722 -- Validation F1: 0.667
2024-07-16,22:02:42 [INFO] Epoch: 24/30 -- Train Loss: 0.014 -- Validation Loss: 0.991 -- Validation ACC: 0.722 -- Validation F1: 0.706
2024-07-16,22:02:44 [INFO] Epoch: 25/30 -- Train Loss: 0.564 -- Validation Loss: 1.090 -- Validation ACC: 0.667 -- Validation F1: 0.667
2024-07-16,22:02:46 [INFO] Epoch: 26/30 -- Train Loss: 0.680 -- Validation Loss: 1.057 -- Validation ACC: 0.667 -- Validation F1: 0.667
2024-07-16,22:02:48 [INFO] Epoch: 27/30 -- Train Loss: 0.454 -- Validation Loss: 1.115 -- Validation ACC: 0.667 -- Validation F1: 0.667
2024-07-16,22:02:50 [INFO] Epoch: 28/30 -- Train Loss: 0.080 -- Validation Loss: 1.272 -- Validation ACC: 0.667 -- Validation F1: 0.700
2024-07-16,22:02:52 [INFO] Epoch: 29/30 -- Train Loss: 0.322 -- Validation Loss: 1.141 -- Validation ACC: 0.667 -- Validation F1: 0.667
2024-07-16,22:02:52 [INFO] Run 3/5: Average Over Last 6 epochs -- Valid ACC: 0.6759259259259259 -- Valid F1-score: 0.6787581841150919
2024-07-16,22:02:52 [INFO] Test Results of Run 3/5: -- Test Loss: 1.223 -- Test ACC: 0.748 -- Test F1: 0.824
2024-07-16,22:02:54 [INFO] Epoch: 0/30 -- Train Loss: 0.282 -- Validation Loss: 0.839 -- Validation ACC: 0.722 -- Validation F1: 0.706
2024-07-16,22:03:08 [INFO] Epoch: 10/30 -- Train Loss: 0.177 -- Validation Loss: 0.790 -- Validation ACC: 0.778 -- Validation F1: 0.750
2024-07-16,22:03:22 [INFO] Epoch: 20/30 -- Train Loss: 0.242 -- Validation Loss: 0.859 -- Validation ACC: 0.722 -- Validation F1: 0.706
2024-07-16,22:03:27 [INFO] Epoch: 24/30 -- Train Loss: 0.262 -- Validation Loss: 0.869 -- Validation ACC: 0.722 -- Validation F1: 0.706
2024-07-16,22:03:29 [INFO] Epoch: 25/30 -- Train Loss: 0.851 -- Validation Loss: 0.864 -- Validation ACC: 0.722 -- Validation F1: 0.706
2024-07-16,22:03:30 [INFO] Epoch: 26/30 -- Train Loss: 0.214 -- Validation Loss: 0.829 -- Validation ACC: 0.778 -- Validation F1: 0.750
2024-07-16,22:03:32 [INFO] Epoch: 27/30 -- Train Loss: 0.228 -- Validation Loss: 0.842 -- Validation ACC: 0.722 -- Validation F1: 0.667
2024-07-16,22:03:34 [INFO] Epoch: 28/30 -- Train Loss: 0.074 -- Validation Loss: 0.856 -- Validation ACC: 0.722 -- Validation F1: 0.667
2024-07-16,22:03:36 [INFO] Epoch: 29/30 -- Train Loss: 0.098 -- Validation Loss: 0.859 -- Validation ACC: 0.722 -- Validation F1: 0.667
2024-07-16,22:03:36 [INFO] Run 4/5: Average Over Last 6 epochs -- Valid ACC: 0.7314814814814815 -- Valid F1-score: 0.6936274667580923
2024-07-16,22:03:36 [INFO] Test Results of Run 4/5: -- Test Loss: 0.988 -- Test ACC: 0.678 -- Test F1: 0.741
2024-07-16,22:03:36 [INFO] Validation average after 5 runs -- ACC: 0.733 -- F1-score: 0.709
2024-07-16,22:03:36 [INFO] Test average after 5 runs -- ACC: 0.704 -- F1-score: 0.771
2024-07-16,22:03:36 [INFO] Finished round 3/10 of experiments!
2024-07-16,22:03:36 [INFO] Started round 4/10 of experiments!
2024-07-16,22:03:37 [INFO] Loading previous pretrained model at ./pretrained/GCN_Pretrained_2024-07-01-15-03-17.pth
2024-07-16,22:03:37 [INFO] Pretrained GNN on Source Dataset -- Test Loss: 1.048 -- Test ACC: 0.696 -- Test F1-score: 0.759
2024-07-16,22:03:39 [INFO] Pretrained GNN on Target Dataset Without Prompting: -- Validation Loss: 0.854 -- Validation ACC: 0.500 -- Validation F1-score: 0.571 -- Test Loss: 0.781 -- Test ACC: 0.713 -- Test F1-score: 0.784
2024-07-16,22:03:40 [INFO] Epoch: 0/30 -- Train Loss: 3.735 -- Validation Loss: 1.111 -- Validation ACC: 0.556 -- Validation F1: 0.636
2024-07-16,22:03:56 [INFO] Epoch: 10/30 -- Train Loss: 0.134 -- Validation Loss: 1.079 -- Validation ACC: 0.500 -- Validation F1: 0.609
2024-07-16,22:04:10 [INFO] Epoch: 20/30 -- Train Loss: 0.003 -- Validation Loss: 1.403 -- Validation ACC: 0.500 -- Validation F1: 0.609
2024-07-16,22:04:15 [INFO] Epoch: 24/30 -- Train Loss: 0.625 -- Validation Loss: 0.883 -- Validation ACC: 0.556 -- Validation F1: 0.600
2024-07-16,22:04:17 [INFO] Epoch: 25/30 -- Train Loss: 2.415 -- Validation Loss: 0.874 -- Validation ACC: 0.556 -- Validation F1: 0.600
2024-07-16,22:04:19 [INFO] Epoch: 26/30 -- Train Loss: 0.052 -- Validation Loss: 0.993 -- Validation ACC: 0.500 -- Validation F1: 0.571
2024-07-16,22:04:21 [INFO] Epoch: 27/30 -- Train Loss: 0.053 -- Validation Loss: 0.882 -- Validation ACC: 0.556 -- Validation F1: 0.600
2024-07-16,22:04:23 [INFO] Epoch: 28/30 -- Train Loss: 0.088 -- Validation Loss: 0.778 -- Validation ACC: 0.667 -- Validation F1: 0.667
2024-07-16,22:04:25 [INFO] Epoch: 29/30 -- Train Loss: 0.027 -- Validation Loss: 0.712 -- Validation ACC: 0.722 -- Validation F1: 0.706
2024-07-16,22:04:25 [INFO] Run 0/5: Average Over Last 6 epochs -- Valid ACC: 0.5925925925925927 -- Valid F1-score: 0.6239962875843048
2024-07-16,22:04:25 [INFO] Test Results of Run 0/5: -- Test Loss: 0.794 -- Test ACC: 0.687 -- Test F1: 0.739
2024-07-16,22:04:27 [INFO] Epoch: 0/30 -- Train Loss: 0.040 -- Validation Loss: 1.430 -- Validation ACC: 0.500 -- Validation F1: 0.571
2024-07-16,22:04:42 [INFO] Epoch: 10/30 -- Train Loss: 0.059 -- Validation Loss: 1.670 -- Validation ACC: 0.444 -- Validation F1: 0.545
2024-07-16,22:04:55 [INFO] Epoch: 20/30 -- Train Loss: 0.102 -- Validation Loss: 1.164 -- Validation ACC: 0.500 -- Validation F1: 0.571
2024-07-16,22:05:01 [INFO] Epoch: 24/30 -- Train Loss: 0.618 -- Validation Loss: 0.951 -- Validation ACC: 0.667 -- Validation F1: 0.667
2024-07-16,22:05:03 [INFO] Epoch: 25/30 -- Train Loss: 0.339 -- Validation Loss: 0.804 -- Validation ACC: 0.667 -- Validation F1: 0.625
2024-07-16,22:05:04 [INFO] Epoch: 26/30 -- Train Loss: 0.357 -- Validation Loss: 0.795 -- Validation ACC: 0.667 -- Validation F1: 0.625
2024-07-16,22:05:06 [INFO] Epoch: 27/30 -- Train Loss: 0.223 -- Validation Loss: 1.008 -- Validation ACC: 0.500 -- Validation F1: 0.571
2024-07-16,22:05:08 [INFO] Epoch: 28/30 -- Train Loss: 0.810 -- Validation Loss: 0.960 -- Validation ACC: 0.611 -- Validation F1: 0.632
2024-07-16,22:05:10 [INFO] Epoch: 29/30 -- Train Loss: 0.428 -- Validation Loss: 0.829 -- Validation ACC: 0.667 -- Validation F1: 0.625
2024-07-16,22:05:10 [INFO] Run 1/5: Average Over Last 6 epochs -- Valid ACC: 0.6296296296296297 -- Valid F1-score: 0.6241123676300049
2024-07-16,22:05:11 [INFO] Test Results of Run 1/5: -- Test Loss: 0.690 -- Test ACC: 0.730 -- Test F1: 0.786
2024-07-16,22:05:13 [INFO] Epoch: 0/30 -- Train Loss: 0.038 -- Validation Loss: 0.769 -- Validation ACC: 0.556 -- Validation F1: 0.556
2024-07-16,22:05:29 [INFO] Epoch: 10/30 -- Train Loss: 3.118 -- Validation Loss: 1.253 -- Validation ACC: 0.500 -- Validation F1: 0.571
2024-07-16,22:05:42 [INFO] Epoch: 20/30 -- Train Loss: 0.153 -- Validation Loss: 0.970 -- Validation ACC: 0.611 -- Validation F1: 0.588
2024-07-16,22:05:48 [INFO] Epoch: 24/30 -- Train Loss: 0.150 -- Validation Loss: 1.727 -- Validation ACC: 0.500 -- Validation F1: 0.609
2024-07-16,22:05:50 [INFO] Epoch: 25/30 -- Train Loss: 0.738 -- Validation Loss: 1.683 -- Validation ACC: 0.500 -- Validation F1: 0.609
2024-07-16,22:05:52 [INFO] Epoch: 26/30 -- Train Loss: 0.324 -- Validation Loss: 1.488 -- Validation ACC: 0.500 -- Validation F1: 0.571
2024-07-16,22:05:54 [INFO] Epoch: 27/30 -- Train Loss: 0.012 -- Validation Loss: 1.270 -- Validation ACC: 0.500 -- Validation F1: 0.571
2024-07-16,22:05:56 [INFO] Epoch: 28/30 -- Train Loss: 0.051 -- Validation Loss: 1.083 -- Validation ACC: 0.500 -- Validation F1: 0.526
2024-07-16,22:05:58 [INFO] Epoch: 29/30 -- Train Loss: 0.202 -- Validation Loss: 1.025 -- Validation ACC: 0.611 -- Validation F1: 0.588
2024-07-16,22:05:58 [INFO] Run 2/5: Average Over Last 6 epochs -- Valid ACC: 0.5185185185185185 -- Valid F1-score: 0.5791332622369131
2024-07-16,22:05:59 [INFO] Test Results of Run 2/5: -- Test Loss: 0.728 -- Test ACC: 0.739 -- Test F1: 0.810
2024-07-16,22:06:00 [INFO] Epoch: 0/30 -- Train Loss: 1.188 -- Validation Loss: 1.968 -- Validation ACC: 0.444 -- Validation F1: 0.545
2024-07-16,22:06:16 [INFO] Epoch: 10/30 -- Train Loss: 0.019 -- Validation Loss: 0.733 -- Validation ACC: 0.722 -- Validation F1: 0.706
2024-07-16,22:06:30 [INFO] Epoch: 20/30 -- Train Loss: 0.184 -- Validation Loss: 1.001 -- Validation ACC: 0.500 -- Validation F1: 0.571
2024-07-16,22:06:36 [INFO] Epoch: 24/30 -- Train Loss: 0.928 -- Validation Loss: 0.752 -- Validation ACC: 0.611 -- Validation F1: 0.632
2024-07-16,22:06:37 [INFO] Epoch: 25/30 -- Train Loss: 1.584 -- Validation Loss: 1.053 -- Validation ACC: 0.500 -- Validation F1: 0.571
2024-07-16,22:06:39 [INFO] Epoch: 26/30 -- Train Loss: 0.024 -- Validation Loss: 1.179 -- Validation ACC: 0.500 -- Validation F1: 0.571
2024-07-16,22:06:40 [INFO] Epoch: 27/30 -- Train Loss: 0.031 -- Validation Loss: 1.011 -- Validation ACC: 0.500 -- Validation F1: 0.571
2024-07-16,22:06:42 [INFO] Epoch: 28/30 -- Train Loss: 0.125 -- Validation Loss: 0.910 -- Validation ACC: 0.556 -- Validation F1: 0.600
2024-07-16,22:06:44 [INFO] Epoch: 29/30 -- Train Loss: 0.132 -- Validation Loss: 0.866 -- Validation ACC: 0.611 -- Validation F1: 0.632
2024-07-16,22:06:44 [INFO] Run 3/5: Average Over Last 6 epochs -- Valid ACC: 0.5462962962962964 -- Valid F1-score: 0.5962406098842621
2024-07-16,22:06:45 [INFO] Test Results of Run 3/5: -- Test Loss: 0.697 -- Test ACC: 0.730 -- Test F1: 0.805
2024-07-16,22:06:46 [INFO] Epoch: 0/30 -- Train Loss: 0.289 -- Validation Loss: 0.655 -- Validation ACC: 0.778 -- Validation F1: 0.750
2024-07-16,22:07:02 [INFO] Epoch: 10/30 -- Train Loss: 0.061 -- Validation Loss: 0.840 -- Validation ACC: 0.611 -- Validation F1: 0.632
2024-07-16,22:07:16 [INFO] Epoch: 20/30 -- Train Loss: 1.257 -- Validation Loss: 1.407 -- Validation ACC: 0.500 -- Validation F1: 0.609
2024-07-16,22:07:22 [INFO] Epoch: 24/30 -- Train Loss: 0.075 -- Validation Loss: 0.572 -- Validation ACC: 0.778 -- Validation F1: 0.750
2024-07-16,22:07:23 [INFO] Epoch: 25/30 -- Train Loss: 0.028 -- Validation Loss: 0.554 -- Validation ACC: 0.722 -- Validation F1: 0.667
2024-07-16,22:07:25 [INFO] Epoch: 26/30 -- Train Loss: 0.057 -- Validation Loss: 0.555 -- Validation ACC: 0.778 -- Validation F1: 0.750
2024-07-16,22:07:27 [INFO] Epoch: 27/30 -- Train Loss: 1.410 -- Validation Loss: 0.566 -- Validation ACC: 0.778 -- Validation F1: 0.750
2024-07-16,22:07:29 [INFO] Epoch: 28/30 -- Train Loss: 0.209 -- Validation Loss: 0.739 -- Validation ACC: 0.611 -- Validation F1: 0.632
2024-07-16,22:07:31 [INFO] Epoch: 29/30 -- Train Loss: 0.068 -- Validation Loss: 0.986 -- Validation ACC: 0.500 -- Validation F1: 0.571
2024-07-16,22:07:31 [INFO] Run 4/5: Average Over Last 6 epochs -- Valid ACC: 0.6944444444444443 -- Valid F1-score: 0.6866123676300049
2024-07-16,22:07:32 [INFO] Test Results of Run 4/5: -- Test Loss: 0.813 -- Test ACC: 0.713 -- Test F1: 0.798
2024-07-16,22:07:32 [INFO] Validation average after 5 runs -- ACC: 0.596 -- F1-score: 0.622
2024-07-16,22:07:32 [INFO] Test average after 5 runs -- ACC: 0.720 -- F1-score: 0.788
2024-07-16,22:07:32 [INFO] Finished round 4/10 of experiments!
2024-07-16,22:07:32 [INFO] Started round 5/10 of experiments!
2024-07-16,22:07:33 [INFO] Setting for pretraining: Model: {'gnn_type': 'gcn', 'in_channels': 56, 'hidden_channels': 512, 'out_channels': 2, 'num_layers': 3, 'dropout': 0.4, 'with_bn': False, 'with_head': True} -- Optimizer: {'lr': 0.01, 'scheduler_step_size': 50, 'scheduler_gamma': 0.5, 'weight_decay': 0.0} -- Training: {'n_epochs': 100}
2024-07-16,22:07:33 [INFO] Loading previous pretrained model at ./pretrained/GCN_Pretrained_2024-07-01-15-05-37.pth
2024-07-16,22:07:33 [INFO] Prompting method: flex_match -- Setting: Prompting function: gpf_plus -- Target Dataset: DHFR
2024-07-16,22:07:33 [INFO] Setting for prompt tuning: Prompt: {'emb_dim': 56, 'h_dim': 512, 'output_dim': 56, 'prompt_fn': 'gpf_plus', 'token_num': 10, 'cross_prune': 0.8, 'inner_prune': 0.3, 'attn_with_param': False} -- Pretrained Model: {'gnn_type': 'gcn', 'in_channels': 56, 'hidden_channels': 512, 'out_channels': 2, 'num_layers': 3, 'dropout': 0.4, 'with_bn': False, 'with_head': True} -- Optimizer: {'lr': 0.01, 'scheduler_step_size': 50, 'scheduler_gamma': 0.5, 'weight_decay': 0.0} -- Training: {'aug_type': 'feature', 'pos_aug_mode': 'mask', 'p_raug': 0.15, 'n_epochs': 30, 'r_reg': 0.0, 'soft_label': False, 'clutering_iters': 3, 'iterative_clustering': False, 'entropy_div_ratio': 3, 'w_entropy_loss': 0.0, 'w_softmax_loss': 0.0, 'w_domain_loss': 0.0, 'light_aug_prob': 0.1, 'light_aug_mode': 'mask', 'num_classes': 2, 'cut_off': 0.5}
2024-07-16,22:07:33 [INFO] Prompt tuning started: Num runs: 5 -- Eval step: 10
2024-07-16,22:07:33 [INFO] Pretrained GNN on Source Dataset -- Test Loss: 0.768 -- Test ACC: 0.687 -- Test F1-score: 0.684
2024-07-16,22:07:34 [INFO] Pretrained GNN on Target Dataset Without Prompting: -- Validation Loss: 0.232 -- Validation ACC: 0.889 -- Validation F1-score: 0.900 -- Test Loss: 0.871 -- Test ACC: 0.722 -- Test F1-score: 0.754
2024-07-16,22:07:36 [INFO] Epoch: 0/30 -- Train Loss: 0.005 -- Validation Loss: 0.255 -- Validation ACC: 0.889 -- Validation F1: 0.900
2024-07-16,22:07:51 [INFO] Epoch: 10/30 -- Train Loss: 0.087 -- Validation Loss: 0.415 -- Validation ACC: 0.778 -- Validation F1: 0.750
2024-07-16,22:08:05 [INFO] Epoch: 20/30 -- Train Loss: 0.040 -- Validation Loss: 0.305 -- Validation ACC: 0.944 -- Validation F1: 0.952
2024-07-16,22:08:11 [INFO] Epoch: 24/30 -- Train Loss: 0.397 -- Validation Loss: 0.310 -- Validation ACC: 0.778 -- Validation F1: 0.778
2024-07-16,22:08:13 [INFO] Epoch: 25/30 -- Train Loss: 0.895 -- Validation Loss: 0.324 -- Validation ACC: 0.778 -- Validation F1: 0.778
2024-07-16,22:08:14 [INFO] Epoch: 26/30 -- Train Loss: 0.144 -- Validation Loss: 0.316 -- Validation ACC: 0.778 -- Validation F1: 0.778
2024-07-16,22:08:16 [INFO] Epoch: 27/30 -- Train Loss: 0.211 -- Validation Loss: 0.315 -- Validation ACC: 0.778 -- Validation F1: 0.778
2024-07-16,22:08:17 [INFO] Epoch: 28/30 -- Train Loss: 0.283 -- Validation Loss: 0.326 -- Validation ACC: 0.833 -- Validation F1: 0.842
2024-07-16,22:08:20 [INFO] Epoch: 29/30 -- Train Loss: 1.330 -- Validation Loss: 0.341 -- Validation ACC: 0.889 -- Validation F1: 0.900
2024-07-16,22:08:20 [INFO] Run 0/5: Average Over Last 6 epochs -- Valid ACC: 0.8055555555555557 -- Valid F1-score: 0.8088694016138712
2024-07-16,22:08:20 [INFO] Test Results of Run 0/5: -- Test Loss: 0.956 -- Test ACC: 0.661 -- Test F1: 0.707
2024-07-16,22:08:22 [INFO] Epoch: 0/30 -- Train Loss: 0.026 -- Validation Loss: 0.242 -- Validation ACC: 0.889 -- Validation F1: 0.900
2024-07-16,22:08:37 [INFO] Epoch: 10/30 -- Train Loss: 0.298 -- Validation Loss: 0.331 -- Validation ACC: 0.722 -- Validation F1: 0.706
2024-07-16,22:08:50 [INFO] Epoch: 20/30 -- Train Loss: 0.516 -- Validation Loss: 0.361 -- Validation ACC: 0.833 -- Validation F1: 0.842
2024-07-16,22:08:56 [INFO] Epoch: 24/30 -- Train Loss: 0.339 -- Validation Loss: 0.458 -- Validation ACC: 0.778 -- Validation F1: 0.750
2024-07-16,22:08:58 [INFO] Epoch: 25/30 -- Train Loss: 0.344 -- Validation Loss: 0.436 -- Validation ACC: 0.778 -- Validation F1: 0.750
2024-07-16,22:09:00 [INFO] Epoch: 26/30 -- Train Loss: 0.636 -- Validation Loss: 0.404 -- Validation ACC: 0.778 -- Validation F1: 0.750
2024-07-16,22:09:02 [INFO] Epoch: 27/30 -- Train Loss: 0.328 -- Validation Loss: 0.359 -- Validation ACC: 0.722 -- Validation F1: 0.706
2024-07-16,22:09:04 [INFO] Epoch: 28/30 -- Train Loss: 0.024 -- Validation Loss: 0.349 -- Validation ACC: 0.889 -- Validation F1: 0.900
2024-07-16,22:09:06 [INFO] Epoch: 29/30 -- Train Loss: 0.537 -- Validation Loss: 0.394 -- Validation ACC: 0.889 -- Validation F1: 0.909
2024-07-16,22:09:06 [INFO] Run 1/5: Average Over Last 6 epochs -- Valid ACC: 0.8055555555555557 -- Valid F1-score: 0.7941622138023376
2024-07-16,22:09:07 [INFO] Test Results of Run 1/5: -- Test Loss: 0.967 -- Test ACC: 0.704 -- Test F1: 0.750
2024-07-16,22:09:09 [INFO] Epoch: 0/30 -- Train Loss: 1.050 -- Validation Loss: 0.339 -- Validation ACC: 0.944 -- Validation F1: 0.952
2024-07-16,22:09:24 [INFO] Epoch: 10/30 -- Train Loss: 0.510 -- Validation Loss: 0.250 -- Validation ACC: 0.833 -- Validation F1: 0.842
2024-07-16,22:09:38 [INFO] Epoch: 20/30 -- Train Loss: 0.009 -- Validation Loss: 0.376 -- Validation ACC: 0.778 -- Validation F1: 0.778
2024-07-16,22:09:44 [INFO] Epoch: 24/30 -- Train Loss: 0.923 -- Validation Loss: 0.323 -- Validation ACC: 0.778 -- Validation F1: 0.778
2024-07-16,22:09:46 [INFO] Epoch: 25/30 -- Train Loss: 0.389 -- Validation Loss: 0.328 -- Validation ACC: 0.778 -- Validation F1: 0.778
2024-07-16,22:09:48 [INFO] Epoch: 26/30 -- Train Loss: 0.622 -- Validation Loss: 0.343 -- Validation ACC: 0.778 -- Validation F1: 0.778
2024-07-16,22:09:50 [INFO] Epoch: 27/30 -- Train Loss: 1.213 -- Validation Loss: 0.358 -- Validation ACC: 0.778 -- Validation F1: 0.778
2024-07-16,22:09:52 [INFO] Epoch: 28/30 -- Train Loss: 0.437 -- Validation Loss: 0.337 -- Validation ACC: 0.778 -- Validation F1: 0.778
2024-07-16,22:09:54 [INFO] Epoch: 29/30 -- Train Loss: 0.375 -- Validation Loss: 0.318 -- Validation ACC: 0.778 -- Validation F1: 0.778
2024-07-16,22:09:54 [INFO] Run 2/5: Average Over Last 6 epochs -- Valid ACC: 0.7777777777777778 -- Valid F1-score: 0.7777777910232544
2024-07-16,22:09:55 [INFO] Test Results of Run 2/5: -- Test Loss: 0.958 -- Test ACC: 0.643 -- Test F1: 0.655
2024-07-16,22:09:57 [INFO] Epoch: 0/30 -- Train Loss: 0.269 -- Validation Loss: 0.225 -- Validation ACC: 0.889 -- Validation F1: 0.900
2024-07-16,22:10:12 [INFO] Epoch: 10/30 -- Train Loss: 0.124 -- Validation Loss: 0.302 -- Validation ACC: 0.889 -- Validation F1: 0.900
2024-07-16,22:10:26 [INFO] Epoch: 20/30 -- Train Loss: 0.002 -- Validation Loss: 0.286 -- Validation ACC: 0.833 -- Validation F1: 0.824
2024-07-16,22:10:33 [INFO] Epoch: 24/30 -- Train Loss: 0.242 -- Validation Loss: 0.480 -- Validation ACC: 0.778 -- Validation F1: 0.750
2024-07-16,22:10:34 [INFO] Epoch: 25/30 -- Train Loss: 1.299 -- Validation Loss: 0.463 -- Validation ACC: 0.778 -- Validation F1: 0.750
2024-07-16,22:10:36 [INFO] Epoch: 26/30 -- Train Loss: 0.107 -- Validation Loss: 0.415 -- Validation ACC: 0.778 -- Validation F1: 0.750
2024-07-16,22:10:38 [INFO] Epoch: 27/30 -- Train Loss: 0.631 -- Validation Loss: 0.373 -- Validation ACC: 0.778 -- Validation F1: 0.750
2024-07-16,22:10:40 [INFO] Epoch: 28/30 -- Train Loss: 0.650 -- Validation Loss: 0.320 -- Validation ACC: 0.778 -- Validation F1: 0.750
2024-07-16,22:10:42 [INFO] Epoch: 29/30 -- Train Loss: 0.235 -- Validation Loss: 0.280 -- Validation ACC: 0.833 -- Validation F1: 0.824
2024-07-16,22:10:42 [INFO] Run 3/5: Average Over Last 6 epochs -- Valid ACC: 0.7870370370370371 -- Valid F1-score: 0.7622549037138621
2024-07-16,22:10:43 [INFO] Test Results of Run 3/5: -- Test Loss: 0.884 -- Test ACC: 0.678 -- Test F1: 0.694
2024-07-16,22:10:44 [INFO] Epoch: 0/30 -- Train Loss: 0.013 -- Validation Loss: 0.292 -- Validation ACC: 0.778 -- Validation F1: 0.750
2024-07-16,22:10:59 [INFO] Epoch: 10/30 -- Train Loss: 0.350 -- Validation Loss: 0.272 -- Validation ACC: 0.944 -- Validation F1: 0.952
2024-07-16,22:11:13 [INFO] Epoch: 20/30 -- Train Loss: 0.360 -- Validation Loss: 0.325 -- Validation ACC: 0.778 -- Validation F1: 0.750
2024-07-16,22:11:19 [INFO] Epoch: 24/30 -- Train Loss: 1.074 -- Validation Loss: 0.310 -- Validation ACC: 0.778 -- Validation F1: 0.750
2024-07-16,22:11:21 [INFO] Epoch: 25/30 -- Train Loss: 0.412 -- Validation Loss: 0.284 -- Validation ACC: 0.778 -- Validation F1: 0.750
2024-07-16,22:11:23 [INFO] Epoch: 26/30 -- Train Loss: 0.903 -- Validation Loss: 0.256 -- Validation ACC: 0.889 -- Validation F1: 0.889
2024-07-16,22:11:25 [INFO] Epoch: 27/30 -- Train Loss: 0.533 -- Validation Loss: 0.227 -- Validation ACC: 0.889 -- Validation F1: 0.900
2024-07-16,22:11:27 [INFO] Epoch: 28/30 -- Train Loss: 0.106 -- Validation Loss: 0.225 -- Validation ACC: 0.944 -- Validation F1: 0.952
2024-07-16,22:11:29 [INFO] Epoch: 29/30 -- Train Loss: 0.203 -- Validation Loss: 0.244 -- Validation ACC: 0.944 -- Validation F1: 0.952
2024-07-16,22:11:29 [INFO] Run 4/5: Average Over Last 6 epochs -- Valid ACC: 0.8703703703703703 -- Valid F1-score: 0.8656084636847178
2024-07-16,22:11:29 [INFO] Test Results of Run 4/5: -- Test Loss: 0.917 -- Test ACC: 0.696 -- Test F1: 0.741
2024-07-16,22:11:29 [INFO] Validation average after 5 runs -- ACC: 0.809 -- F1-score: 0.802
2024-07-16,22:11:29 [INFO] Test average after 5 runs -- ACC: 0.677 -- F1-score: 0.709
2024-07-16,22:11:29 [INFO] Finished round 5/10 of experiments!
2024-07-16,22:11:29 [INFO] Started round 6/10 of experiments!
2024-07-16,22:11:30 [INFO] Loading previous pretrained model at ./pretrained/GCN_Pretrained_2024-07-01-15-07-56.pth
2024-07-16,22:11:31 [INFO] Pretrained GNN on Source Dataset -- Test Loss: 0.661 -- Test ACC: 0.626 -- Test F1-score: 0.770
2024-07-16,22:11:32 [INFO] Pretrained GNN on Target Dataset Without Prompting: -- Validation Loss: 0.641 -- Validation ACC: 0.667 -- Validation F1-score: 0.800 -- Test Loss: 0.687 -- Test ACC: 0.574 -- Test F1-score: 0.729
2024-07-16,22:11:34 [INFO] Epoch: 0/30 -- Train Loss: 0.579 -- Validation Loss: 0.641 -- Validation ACC: 0.667 -- Validation F1: 0.800
2024-07-16,22:11:49 [INFO] Epoch: 10/30 -- Train Loss: 0.579 -- Validation Loss: 0.641 -- Validation ACC: 0.667 -- Validation F1: 0.800
2024-07-16,22:12:03 [INFO] Epoch: 20/30 -- Train Loss: 0.579 -- Validation Loss: 0.641 -- Validation ACC: 0.667 -- Validation F1: 0.800
2024-07-16,22:12:09 [INFO] Epoch: 24/30 -- Train Loss: 0.579 -- Validation Loss: 0.641 -- Validation ACC: 0.667 -- Validation F1: 0.800
2024-07-16,22:12:10 [INFO] Epoch: 25/30 -- Train Loss: 0.579 -- Validation Loss: 0.641 -- Validation ACC: 0.667 -- Validation F1: 0.800
2024-07-16,22:12:12 [INFO] Epoch: 26/30 -- Train Loss: 0.579 -- Validation Loss: 0.641 -- Validation ACC: 0.667 -- Validation F1: 0.800
2024-07-16,22:12:14 [INFO] Epoch: 27/30 -- Train Loss: 0.579 -- Validation Loss: 0.641 -- Validation ACC: 0.667 -- Validation F1: 0.800
2024-07-16,22:12:16 [INFO] Epoch: 28/30 -- Train Loss: 0.579 -- Validation Loss: 0.641 -- Validation ACC: 0.667 -- Validation F1: 0.800
2024-07-16,22:12:18 [INFO] Epoch: 29/30 -- Train Loss: 0.579 -- Validation Loss: 0.641 -- Validation ACC: 0.667 -- Validation F1: 0.800
2024-07-16,22:12:18 [INFO] Run 0/5: Average Over Last 6 epochs -- Valid ACC: 0.6666666666666666 -- Valid F1-score: 0.800000011920929
2024-07-16,22:12:18 [INFO] Test Results of Run 0/5: -- Test Loss: 0.687 -- Test ACC: 0.574 -- Test F1: 0.729
2024-07-16,22:12:20 [INFO] Epoch: 0/30 -- Train Loss: 0.579 -- Validation Loss: 0.641 -- Validation ACC: 0.667 -- Validation F1: 0.800
2024-07-16,22:12:34 [INFO] Epoch: 10/30 -- Train Loss: 0.579 -- Validation Loss: 0.641 -- Validation ACC: 0.667 -- Validation F1: 0.800
2024-07-16,22:12:49 [INFO] Epoch: 20/30 -- Train Loss: 0.579 -- Validation Loss: 0.641 -- Validation ACC: 0.667 -- Validation F1: 0.800
2024-07-16,22:12:54 [INFO] Epoch: 24/30 -- Train Loss: 0.579 -- Validation Loss: 0.641 -- Validation ACC: 0.667 -- Validation F1: 0.800
2024-07-16,22:12:56 [INFO] Epoch: 25/30 -- Train Loss: 0.579 -- Validation Loss: 0.641 -- Validation ACC: 0.667 -- Validation F1: 0.800
2024-07-16,22:12:58 [INFO] Epoch: 26/30 -- Train Loss: 0.579 -- Validation Loss: 0.641 -- Validation ACC: 0.667 -- Validation F1: 0.800
2024-07-16,22:13:00 [INFO] Epoch: 27/30 -- Train Loss: 0.579 -- Validation Loss: 0.641 -- Validation ACC: 0.667 -- Validation F1: 0.800
2024-07-16,22:13:01 [INFO] Epoch: 28/30 -- Train Loss: 0.579 -- Validation Loss: 0.641 -- Validation ACC: 0.667 -- Validation F1: 0.800
2024-07-16,22:13:03 [INFO] Epoch: 29/30 -- Train Loss: 0.579 -- Validation Loss: 0.641 -- Validation ACC: 0.667 -- Validation F1: 0.800
2024-07-16,22:13:03 [INFO] Run 1/5: Average Over Last 6 epochs -- Valid ACC: 0.6666666666666666 -- Valid F1-score: 0.800000011920929
2024-07-16,22:13:04 [INFO] Test Results of Run 1/5: -- Test Loss: 0.687 -- Test ACC: 0.574 -- Test F1: 0.729
2024-07-16,22:13:05 [INFO] Epoch: 0/30 -- Train Loss: 0.579 -- Validation Loss: 0.641 -- Validation ACC: 0.667 -- Validation F1: 0.800
2024-07-16,22:13:20 [INFO] Epoch: 10/30 -- Train Loss: 0.579 -- Validation Loss: 0.641 -- Validation ACC: 0.667 -- Validation F1: 0.800
2024-07-16,22:13:34 [INFO] Epoch: 20/30 -- Train Loss: 0.579 -- Validation Loss: 0.641 -- Validation ACC: 0.667 -- Validation F1: 0.800
2024-07-16,22:13:39 [INFO] Epoch: 24/30 -- Train Loss: 0.579 -- Validation Loss: 0.641 -- Validation ACC: 0.667 -- Validation F1: 0.800
2024-07-16,22:13:41 [INFO] Epoch: 25/30 -- Train Loss: 0.579 -- Validation Loss: 0.641 -- Validation ACC: 0.667 -- Validation F1: 0.800
2024-07-16,22:13:43 [INFO] Epoch: 26/30 -- Train Loss: 0.579 -- Validation Loss: 0.641 -- Validation ACC: 0.667 -- Validation F1: 0.800
2024-07-16,22:13:45 [INFO] Epoch: 27/30 -- Train Loss: 0.579 -- Validation Loss: 0.641 -- Validation ACC: 0.667 -- Validation F1: 0.800
2024-07-16,22:13:46 [INFO] Epoch: 28/30 -- Train Loss: 0.579 -- Validation Loss: 0.641 -- Validation ACC: 0.667 -- Validation F1: 0.800
2024-07-16,22:13:48 [INFO] Epoch: 29/30 -- Train Loss: 0.579 -- Validation Loss: 0.641 -- Validation ACC: 0.667 -- Validation F1: 0.800
2024-07-16,22:13:48 [INFO] Run 2/5: Average Over Last 6 epochs -- Valid ACC: 0.6666666666666666 -- Valid F1-score: 0.800000011920929
2024-07-16,22:13:48 [INFO] Test Results of Run 2/5: -- Test Loss: 0.687 -- Test ACC: 0.574 -- Test F1: 0.729
2024-07-16,22:13:50 [INFO] Epoch: 0/30 -- Train Loss: 0.579 -- Validation Loss: 0.641 -- Validation ACC: 0.667 -- Validation F1: 0.800
2024-07-16,22:14:04 [INFO] Epoch: 10/30 -- Train Loss: 0.579 -- Validation Loss: 0.641 -- Validation ACC: 0.667 -- Validation F1: 0.800
2024-07-16,22:14:18 [INFO] Epoch: 20/30 -- Train Loss: 0.579 -- Validation Loss: 0.641 -- Validation ACC: 0.667 -- Validation F1: 0.800
2024-07-16,22:14:24 [INFO] Epoch: 24/30 -- Train Loss: 0.579 -- Validation Loss: 0.641 -- Validation ACC: 0.667 -- Validation F1: 0.800
2024-07-16,22:14:25 [INFO] Epoch: 25/30 -- Train Loss: 0.579 -- Validation Loss: 0.641 -- Validation ACC: 0.667 -- Validation F1: 0.800
2024-07-16,22:14:27 [INFO] Epoch: 26/30 -- Train Loss: 0.579 -- Validation Loss: 0.641 -- Validation ACC: 0.667 -- Validation F1: 0.800
2024-07-16,22:14:29 [INFO] Epoch: 27/30 -- Train Loss: 0.579 -- Validation Loss: 0.641 -- Validation ACC: 0.667 -- Validation F1: 0.800
2024-07-16,22:14:30 [INFO] Epoch: 28/30 -- Train Loss: 0.579 -- Validation Loss: 0.641 -- Validation ACC: 0.667 -- Validation F1: 0.800
2024-07-16,22:14:32 [INFO] Epoch: 29/30 -- Train Loss: 0.579 -- Validation Loss: 0.641 -- Validation ACC: 0.667 -- Validation F1: 0.800
2024-07-16,22:14:32 [INFO] Run 3/5: Average Over Last 6 epochs -- Valid ACC: 0.6666666666666666 -- Valid F1-score: 0.800000011920929
2024-07-16,22:14:32 [INFO] Test Results of Run 3/5: -- Test Loss: 0.687 -- Test ACC: 0.574 -- Test F1: 0.729
2024-07-16,22:14:34 [INFO] Epoch: 0/30 -- Train Loss: 0.579 -- Validation Loss: 0.641 -- Validation ACC: 0.667 -- Validation F1: 0.800
2024-07-16,22:14:49 [INFO] Epoch: 10/30 -- Train Loss: 0.579 -- Validation Loss: 0.641 -- Validation ACC: 0.667 -- Validation F1: 0.800
2024-07-16,22:15:03 [INFO] Epoch: 20/30 -- Train Loss: 0.579 -- Validation Loss: 0.641 -- Validation ACC: 0.667 -- Validation F1: 0.800
2024-07-16,22:15:09 [INFO] Epoch: 24/30 -- Train Loss: 0.579 -- Validation Loss: 0.641 -- Validation ACC: 0.667 -- Validation F1: 0.800
2024-07-16,22:15:11 [INFO] Epoch: 25/30 -- Train Loss: 0.579 -- Validation Loss: 0.641 -- Validation ACC: 0.667 -- Validation F1: 0.800
2024-07-16,22:15:12 [INFO] Epoch: 26/30 -- Train Loss: 0.579 -- Validation Loss: 0.641 -- Validation ACC: 0.667 -- Validation F1: 0.800
2024-07-16,22:15:14 [INFO] Epoch: 27/30 -- Train Loss: 0.579 -- Validation Loss: 0.641 -- Validation ACC: 0.667 -- Validation F1: 0.800
2024-07-16,22:15:16 [INFO] Epoch: 28/30 -- Train Loss: 0.579 -- Validation Loss: 0.641 -- Validation ACC: 0.667 -- Validation F1: 0.800
2024-07-16,22:15:18 [INFO] Epoch: 29/30 -- Train Loss: 0.579 -- Validation Loss: 0.641 -- Validation ACC: 0.667 -- Validation F1: 0.800
2024-07-16,22:15:18 [INFO] Run 4/5: Average Over Last 6 epochs -- Valid ACC: 0.6666666666666666 -- Valid F1-score: 0.800000011920929
2024-07-16,22:15:18 [INFO] Test Results of Run 4/5: -- Test Loss: 0.687 -- Test ACC: 0.574 -- Test F1: 0.729
2024-07-16,22:15:18 [INFO] Validation average after 5 runs -- ACC: 0.667 -- F1-score: 0.800
2024-07-16,22:15:18 [INFO] Test average after 5 runs -- ACC: 0.574 -- F1-score: 0.729
2024-07-16,22:15:18 [INFO] Finished round 6/10 of experiments!
2024-07-16,22:15:18 [INFO] Started round 7/10 of experiments!
2024-07-16,22:15:19 [INFO] Loading previous pretrained model at ./pretrained/GCN_Pretrained_2024-07-01-15-10-20.pth
2024-07-16,22:15:19 [INFO] Pretrained GNN on Source Dataset -- Test Loss: 0.642 -- Test ACC: 0.670 -- Test F1-score: 0.708
2024-07-16,22:15:21 [INFO] Pretrained GNN on Target Dataset Without Prompting: -- Validation Loss: 0.357 -- Validation ACC: 0.833 -- Validation F1-score: 0.870 -- Test Loss: 0.708 -- Test ACC: 0.609 -- Test F1-score: 0.640
2024-07-16,22:15:22 [INFO] Epoch: 0/30 -- Train Loss: 0.237 -- Validation Loss: 0.325 -- Validation ACC: 0.833 -- Validation F1: 0.870
2024-07-16,22:15:36 [INFO] Epoch: 10/30 -- Train Loss: 0.492 -- Validation Loss: 0.295 -- Validation ACC: 0.833 -- Validation F1: 0.880
2024-07-16,22:15:50 [INFO] Epoch: 20/30 -- Train Loss: 0.207 -- Validation Loss: 0.279 -- Validation ACC: 0.889 -- Validation F1: 0.923
2024-07-16,22:15:56 [INFO] Epoch: 24/30 -- Train Loss: 0.035 -- Validation Loss: 0.297 -- Validation ACC: 0.833 -- Validation F1: 0.889
2024-07-16,22:15:58 [INFO] Epoch: 25/30 -- Train Loss: 0.945 -- Validation Loss: 0.260 -- Validation ACC: 0.833 -- Validation F1: 0.889
2024-07-16,22:15:59 [INFO] Epoch: 26/30 -- Train Loss: 0.272 -- Validation Loss: 0.251 -- Validation ACC: 0.889 -- Validation F1: 0.917
2024-07-16,22:16:01 [INFO] Epoch: 27/30 -- Train Loss: 0.532 -- Validation Loss: 0.251 -- Validation ACC: 0.889 -- Validation F1: 0.917
2024-07-16,22:16:03 [INFO] Epoch: 28/30 -- Train Loss: 0.178 -- Validation Loss: 0.252 -- Validation ACC: 0.889 -- Validation F1: 0.917
2024-07-16,22:16:05 [INFO] Epoch: 29/30 -- Train Loss: 0.613 -- Validation Loss: 0.251 -- Validation ACC: 0.889 -- Validation F1: 0.917
2024-07-16,22:16:05 [INFO] Run 0/5: Average Over Last 6 epochs -- Valid ACC: 0.8703703703703702 -- Valid F1-score: 0.9074074228604635
2024-07-16,22:16:06 [INFO] Test Results of Run 0/5: -- Test Loss: 0.769 -- Test ACC: 0.591 -- Test F1: 0.657
2024-07-16,22:16:08 [INFO] Epoch: 0/30 -- Train Loss: 0.001 -- Validation Loss: 0.546 -- Validation ACC: 0.722 -- Validation F1: 0.839
2024-07-16,22:16:22 [INFO] Epoch: 10/30 -- Train Loss: 0.436 -- Validation Loss: 0.490 -- Validation ACC: 0.778 -- Validation F1: 0.818
2024-07-16,22:16:36 [INFO] Epoch: 20/30 -- Train Loss: 0.579 -- Validation Loss: 0.365 -- Validation ACC: 0.833 -- Validation F1: 0.870
2024-07-16,22:16:42 [INFO] Epoch: 24/30 -- Train Loss: 0.315 -- Validation Loss: 0.395 -- Validation ACC: 0.833 -- Validation F1: 0.870
2024-07-16,22:16:44 [INFO] Epoch: 25/30 -- Train Loss: 0.429 -- Validation Loss: 0.372 -- Validation ACC: 0.833 -- Validation F1: 0.870
2024-07-16,22:16:46 [INFO] Epoch: 26/30 -- Train Loss: 0.865 -- Validation Loss: 0.361 -- Validation ACC: 0.833 -- Validation F1: 0.870
2024-07-16,22:16:47 [INFO] Epoch: 27/30 -- Train Loss: 0.463 -- Validation Loss: 0.375 -- Validation ACC: 0.833 -- Validation F1: 0.870
2024-07-16,22:16:49 [INFO] Epoch: 28/30 -- Train Loss: 0.523 -- Validation Loss: 0.377 -- Validation ACC: 0.833 -- Validation F1: 0.870
2024-07-16,22:16:51 [INFO] Epoch: 29/30 -- Train Loss: 0.794 -- Validation Loss: 0.365 -- Validation ACC: 0.833 -- Validation F1: 0.870
2024-07-16,22:16:51 [INFO] Run 1/5: Average Over Last 6 epochs -- Valid ACC: 0.8333333333333334 -- Valid F1-score: 0.8695651888847351
2024-07-16,22:16:52 [INFO] Test Results of Run 1/5: -- Test Loss: 0.691 -- Test ACC: 0.591 -- Test F1: 0.624
2024-07-16,22:16:53 [INFO] Epoch: 0/30 -- Train Loss: 0.078 -- Validation Loss: 0.346 -- Validation ACC: 0.833 -- Validation F1: 0.870
2024-07-16,22:17:07 [INFO] Epoch: 10/30 -- Train Loss: 0.010 -- Validation Loss: 0.335 -- Validation ACC: 0.833 -- Validation F1: 0.897
2024-07-16,22:17:21 [INFO] Epoch: 20/30 -- Train Loss: 0.786 -- Validation Loss: 0.320 -- Validation ACC: 0.833 -- Validation F1: 0.870
2024-07-16,22:17:27 [INFO] Epoch: 24/30 -- Train Loss: 0.538 -- Validation Loss: 0.344 -- Validation ACC: 0.833 -- Validation F1: 0.870
2024-07-16,22:17:29 [INFO] Epoch: 25/30 -- Train Loss: 0.185 -- Validation Loss: 0.331 -- Validation ACC: 0.833 -- Validation F1: 0.870
2024-07-16,22:17:31 [INFO] Epoch: 26/30 -- Train Loss: 0.867 -- Validation Loss: 0.323 -- Validation ACC: 0.833 -- Validation F1: 0.870
2024-07-16,22:17:33 [INFO] Epoch: 27/30 -- Train Loss: 0.787 -- Validation Loss: 0.311 -- Validation ACC: 0.833 -- Validation F1: 0.870
2024-07-16,22:17:34 [INFO] Epoch: 28/30 -- Train Loss: 0.325 -- Validation Loss: 0.302 -- Validation ACC: 0.833 -- Validation F1: 0.870
2024-07-16,22:17:36 [INFO] Epoch: 29/30 -- Train Loss: 1.733 -- Validation Loss: 0.304 -- Validation ACC: 0.833 -- Validation F1: 0.870
2024-07-16,22:17:36 [INFO] Run 2/5: Average Over Last 6 epochs -- Valid ACC: 0.8333333333333334 -- Valid F1-score: 0.8695651888847351
2024-07-16,22:17:37 [INFO] Test Results of Run 2/5: -- Test Loss: 0.746 -- Test ACC: 0.583 -- Test F1: 0.642
2024-07-16,22:17:39 [INFO] Epoch: 0/30 -- Train Loss: 0.469 -- Validation Loss: 0.493 -- Validation ACC: 0.722 -- Validation F1: 0.762
2024-07-16,22:17:53 [INFO] Epoch: 10/30 -- Train Loss: 0.954 -- Validation Loss: 0.328 -- Validation ACC: 0.778 -- Validation F1: 0.857
2024-07-16,22:18:07 [INFO] Epoch: 20/30 -- Train Loss: 0.504 -- Validation Loss: 0.373 -- Validation ACC: 0.833 -- Validation F1: 0.870
2024-07-16,22:18:13 [INFO] Epoch: 24/30 -- Train Loss: 0.044 -- Validation Loss: 0.293 -- Validation ACC: 0.833 -- Validation F1: 0.880
2024-07-16,22:18:14 [INFO] Epoch: 25/30 -- Train Loss: 0.760 -- Validation Loss: 0.319 -- Validation ACC: 0.833 -- Validation F1: 0.870
2024-07-16,22:18:16 [INFO] Epoch: 26/30 -- Train Loss: 0.598 -- Validation Loss: 0.367 -- Validation ACC: 0.833 -- Validation F1: 0.870
2024-07-16,22:18:18 [INFO] Epoch: 27/30 -- Train Loss: 0.774 -- Validation Loss: 0.402 -- Validation ACC: 0.833 -- Validation F1: 0.870
2024-07-16,22:18:19 [INFO] Epoch: 28/30 -- Train Loss: 0.062 -- Validation Loss: 0.404 -- Validation ACC: 0.833 -- Validation F1: 0.870
2024-07-16,22:18:21 [INFO] Epoch: 29/30 -- Train Loss: 0.510 -- Validation Loss: 0.398 -- Validation ACC: 0.833 -- Validation F1: 0.870
2024-07-16,22:18:21 [INFO] Run 3/5: Average Over Last 6 epochs -- Valid ACC: 0.8333333333333334 -- Valid F1-score: 0.871304323275884
2024-07-16,22:18:21 [INFO] Test Results of Run 3/5: -- Test Loss: 0.707 -- Test ACC: 0.574 -- Test F1: 0.588
2024-07-16,22:18:23 [INFO] Epoch: 0/30 -- Train Loss: 0.444 -- Validation Loss: 0.320 -- Validation ACC: 0.833 -- Validation F1: 0.870
2024-07-16,22:18:38 [INFO] Epoch: 10/30 -- Train Loss: 0.469 -- Validation Loss: 0.388 -- Validation ACC: 0.778 -- Validation F1: 0.818
2024-07-16,22:18:52 [INFO] Epoch: 20/30 -- Train Loss: 0.121 -- Validation Loss: 0.268 -- Validation ACC: 0.833 -- Validation F1: 0.880
2024-07-16,22:18:57 [INFO] Epoch: 24/30 -- Train Loss: 0.253 -- Validation Loss: 0.263 -- Validation ACC: 0.889 -- Validation F1: 0.917
2024-07-16,22:18:59 [INFO] Epoch: 25/30 -- Train Loss: 0.219 -- Validation Loss: 0.259 -- Validation ACC: 0.889 -- Validation F1: 0.917
2024-07-16,22:19:01 [INFO] Epoch: 26/30 -- Train Loss: 1.698 -- Validation Loss: 0.261 -- Validation ACC: 0.889 -- Validation F1: 0.917
2024-07-16,22:19:03 [INFO] Epoch: 27/30 -- Train Loss: 0.765 -- Validation Loss: 0.286 -- Validation ACC: 0.833 -- Validation F1: 0.870
2024-07-16,22:19:04 [INFO] Epoch: 28/30 -- Train Loss: 0.480 -- Validation Loss: 0.287 -- Validation ACC: 0.833 -- Validation F1: 0.870
2024-07-16,22:19:06 [INFO] Epoch: 29/30 -- Train Loss: 0.514 -- Validation Loss: 0.325 -- Validation ACC: 0.833 -- Validation F1: 0.870
2024-07-16,22:19:06 [INFO] Run 4/5: Average Over Last 6 epochs -- Valid ACC: 0.861111111111111 -- Valid F1-score: 0.8931159377098083
2024-07-16,22:19:07 [INFO] Test Results of Run 4/5: -- Test Loss: 0.717 -- Test ACC: 0.591 -- Test F1: 0.624
2024-07-16,22:19:07 [INFO] Validation average after 5 runs -- ACC: 0.846 -- F1-score: 0.882
2024-07-16,22:19:07 [INFO] Test average after 5 runs -- ACC: 0.586 -- F1-score: 0.627
2024-07-16,22:19:07 [INFO] Finished round 7/10 of experiments!
2024-07-16,22:19:07 [INFO] Started round 8/10 of experiments!
2024-07-16,22:19:08 [INFO] Loading previous pretrained model at ./pretrained/GCN_Pretrained_2024-07-01-15-12-47.pth
2024-07-16,22:19:08 [INFO] Pretrained GNN on Source Dataset -- Test Loss: 0.883 -- Test ACC: 0.696 -- Test F1-score: 0.733
2024-07-16,22:19:09 [INFO] Pretrained GNN on Target Dataset Without Prompting: -- Validation Loss: 0.933 -- Validation ACC: 0.833 -- Validation F1-score: 0.889 -- Test Loss: 1.174 -- Test ACC: 0.652 -- Test F1-score: 0.714
2024-07-16,22:19:11 [INFO] Epoch: 0/30 -- Train Loss: 0.144 -- Validation Loss: 1.163 -- Validation ACC: 0.833 -- Validation F1: 0.889
2024-07-16,22:19:26 [INFO] Epoch: 10/30 -- Train Loss: 0.269 -- Validation Loss: 0.958 -- Validation ACC: 0.778 -- Validation F1: 0.857
2024-07-16,22:19:40 [INFO] Epoch: 20/30 -- Train Loss: 0.232 -- Validation Loss: 0.946 -- Validation ACC: 0.722 -- Validation F1: 0.800
2024-07-16,22:19:46 [INFO] Epoch: 24/30 -- Train Loss: 0.305 -- Validation Loss: 0.919 -- Validation ACC: 0.722 -- Validation F1: 0.800
2024-07-16,22:19:47 [INFO] Epoch: 25/30 -- Train Loss: 0.590 -- Validation Loss: 0.938 -- Validation ACC: 0.722 -- Validation F1: 0.800
2024-07-16,22:19:49 [INFO] Epoch: 26/30 -- Train Loss: 0.199 -- Validation Loss: 0.962 -- Validation ACC: 0.722 -- Validation F1: 0.800
2024-07-16,22:19:51 [INFO] Epoch: 27/30 -- Train Loss: 0.550 -- Validation Loss: 0.983 -- Validation ACC: 0.722 -- Validation F1: 0.800
2024-07-16,22:19:53 [INFO] Epoch: 28/30 -- Train Loss: 0.628 -- Validation Loss: 1.009 -- Validation ACC: 0.778 -- Validation F1: 0.833
2024-07-16,22:19:54 [INFO] Epoch: 29/30 -- Train Loss: 0.005 -- Validation Loss: 1.032 -- Validation ACC: 0.778 -- Validation F1: 0.833
2024-07-16,22:19:54 [INFO] Run 0/5: Average Over Last 6 epochs -- Valid ACC: 0.7407407407407408 -- Valid F1-score: 0.8111111124356588
2024-07-16,22:19:55 [INFO] Test Results of Run 0/5: -- Test Loss: 1.296 -- Test ACC: 0.670 -- Test F1: 0.703
2024-07-16,22:19:57 [INFO] Epoch: 0/30 -- Train Loss: 0.195 -- Validation Loss: 1.024 -- Validation ACC: 0.778 -- Validation F1: 0.846
2024-07-16,22:20:12 [INFO] Epoch: 10/30 -- Train Loss: 1.077 -- Validation Loss: 1.011 -- Validation ACC: 0.778 -- Validation F1: 0.857
2024-07-16,22:20:26 [INFO] Epoch: 20/30 -- Train Loss: 0.743 -- Validation Loss: 0.880 -- Validation ACC: 0.833 -- Validation F1: 0.889
2024-07-16,22:20:31 [INFO] Epoch: 24/30 -- Train Loss: 0.050 -- Validation Loss: 0.979 -- Validation ACC: 0.833 -- Validation F1: 0.889
2024-07-16,22:20:33 [INFO] Epoch: 25/30 -- Train Loss: 0.922 -- Validation Loss: 1.006 -- Validation ACC: 0.833 -- Validation F1: 0.889
2024-07-16,22:20:34 [INFO] Epoch: 26/30 -- Train Loss: 0.380 -- Validation Loss: 1.021 -- Validation ACC: 0.833 -- Validation F1: 0.889
2024-07-16,22:20:36 [INFO] Epoch: 27/30 -- Train Loss: 0.461 -- Validation Loss: 1.050 -- Validation ACC: 0.833 -- Validation F1: 0.889
2024-07-16,22:20:38 [INFO] Epoch: 28/30 -- Train Loss: 0.069 -- Validation Loss: 1.071 -- Validation ACC: 0.722 -- Validation F1: 0.800
2024-07-16,22:20:40 [INFO] Epoch: 29/30 -- Train Loss: 0.970 -- Validation Loss: 1.070 -- Validation ACC: 0.778 -- Validation F1: 0.846
2024-07-16,22:20:40 [INFO] Run 1/5: Average Over Last 6 epochs -- Valid ACC: 0.8055555555555555 -- Valid F1-score: 0.8669515748818716
2024-07-16,22:20:41 [INFO] Test Results of Run 1/5: -- Test Loss: 1.418 -- Test ACC: 0.678 -- Test F1: 0.726
2024-07-16,22:20:42 [INFO] Epoch: 0/30 -- Train Loss: 0.331 -- Validation Loss: 0.999 -- Validation ACC: 0.722 -- Validation F1: 0.800
2024-07-16,22:20:57 [INFO] Epoch: 10/30 -- Train Loss: 1.526 -- Validation Loss: 1.075 -- Validation ACC: 0.722 -- Validation F1: 0.815
2024-07-16,22:21:11 [INFO] Epoch: 20/30 -- Train Loss: 0.117 -- Validation Loss: 1.210 -- Validation ACC: 0.722 -- Validation F1: 0.815
2024-07-16,22:21:17 [INFO] Epoch: 24/30 -- Train Loss: 0.031 -- Validation Loss: 1.203 -- Validation ACC: 0.722 -- Validation F1: 0.800
2024-07-16,22:21:18 [INFO] Epoch: 25/30 -- Train Loss: 0.241 -- Validation Loss: 1.211 -- Validation ACC: 0.778 -- Validation F1: 0.833
2024-07-16,22:21:20 [INFO] Epoch: 26/30 -- Train Loss: 0.303 -- Validation Loss: 1.213 -- Validation ACC: 0.778 -- Validation F1: 0.833
2024-07-16,22:21:22 [INFO] Epoch: 27/30 -- Train Loss: 1.414 -- Validation Loss: 1.191 -- Validation ACC: 0.722 -- Validation F1: 0.800
2024-07-16,22:21:24 [INFO] Epoch: 28/30 -- Train Loss: 0.192 -- Validation Loss: 1.139 -- Validation ACC: 0.722 -- Validation F1: 0.800
2024-07-16,22:21:25 [INFO] Epoch: 29/30 -- Train Loss: 1.674 -- Validation Loss: 1.097 -- Validation ACC: 0.722 -- Validation F1: 0.800
2024-07-16,22:21:25 [INFO] Run 2/5: Average Over Last 6 epochs -- Valid ACC: 0.7407407407407408 -- Valid F1-score: 0.8111111124356588
2024-07-16,22:21:26 [INFO] Test Results of Run 2/5: -- Test Loss: 1.415 -- Test ACC: 0.670 -- Test F1: 0.712
2024-07-16,22:21:28 [INFO] Epoch: 0/30 -- Train Loss: 0.412 -- Validation Loss: 1.025 -- Validation ACC: 0.778 -- Validation F1: 0.857
2024-07-16,22:21:42 [INFO] Epoch: 10/30 -- Train Loss: 1.079 -- Validation Loss: 1.021 -- Validation ACC: 0.778 -- Validation F1: 0.857
2024-07-16,22:21:56 [INFO] Epoch: 20/30 -- Train Loss: 0.548 -- Validation Loss: 1.008 -- Validation ACC: 0.778 -- Validation F1: 0.857
2024-07-16,22:22:01 [INFO] Epoch: 24/30 -- Train Loss: 0.193 -- Validation Loss: 1.023 -- Validation ACC: 0.833 -- Validation F1: 0.889
2024-07-16,22:22:03 [INFO] Epoch: 25/30 -- Train Loss: 0.278 -- Validation Loss: 1.052 -- Validation ACC: 0.833 -- Validation F1: 0.889
2024-07-16,22:22:04 [INFO] Epoch: 26/30 -- Train Loss: 0.641 -- Validation Loss: 1.085 -- Validation ACC: 0.778 -- Validation F1: 0.857
2024-07-16,22:22:06 [INFO] Epoch: 27/30 -- Train Loss: 0.437 -- Validation Loss: 1.126 -- Validation ACC: 0.778 -- Validation F1: 0.857
2024-07-16,22:22:08 [INFO] Epoch: 28/30 -- Train Loss: 0.561 -- Validation Loss: 1.150 -- Validation ACC: 0.778 -- Validation F1: 0.857
2024-07-16,22:22:10 [INFO] Epoch: 29/30 -- Train Loss: 0.414 -- Validation Loss: 1.157 -- Validation ACC: 0.722 -- Validation F1: 0.828
2024-07-16,22:22:10 [INFO] Run 3/5: Average Over Last 6 epochs -- Valid ACC: 0.7870370370370371 -- Valid F1-score: 0.8627987702687582
2024-07-16,22:22:10 [INFO] Test Results of Run 3/5: -- Test Loss: 1.601 -- Test ACC: 0.687 -- Test F1: 0.760
2024-07-16,22:22:13 [INFO] Epoch: 0/30 -- Train Loss: 0.668 -- Validation Loss: 0.937 -- Validation ACC: 0.833 -- Validation F1: 0.889
2024-07-16,22:22:27 [INFO] Epoch: 10/30 -- Train Loss: 0.278 -- Validation Loss: 0.903 -- Validation ACC: 0.833 -- Validation F1: 0.889
2024-07-16,22:22:41 [INFO] Epoch: 20/30 -- Train Loss: 0.433 -- Validation Loss: 1.097 -- Validation ACC: 0.889 -- Validation F1: 0.923
2024-07-16,22:22:46 [INFO] Epoch: 24/30 -- Train Loss: 0.169 -- Validation Loss: 1.310 -- Validation ACC: 0.722 -- Validation F1: 0.828
2024-07-16,22:22:48 [INFO] Epoch: 25/30 -- Train Loss: 0.791 -- Validation Loss: 1.341 -- Validation ACC: 0.722 -- Validation F1: 0.828
2024-07-16,22:22:50 [INFO] Epoch: 26/30 -- Train Loss: 0.122 -- Validation Loss: 1.373 -- Validation ACC: 0.722 -- Validation F1: 0.828
2024-07-16,22:22:51 [INFO] Epoch: 27/30 -- Train Loss: 0.255 -- Validation Loss: 1.411 -- Validation ACC: 0.722 -- Validation F1: 0.828
2024-07-16,22:22:54 [INFO] Epoch: 28/30 -- Train Loss: 0.083 -- Validation Loss: 1.331 -- Validation ACC: 0.722 -- Validation F1: 0.828
2024-07-16,22:22:55 [INFO] Epoch: 29/30 -- Train Loss: 0.029 -- Validation Loss: 1.227 -- Validation ACC: 0.778 -- Validation F1: 0.857
2024-07-16,22:22:55 [INFO] Run 4/5: Average Over Last 6 epochs -- Valid ACC: 0.7314814814814815 -- Valid F1-score: 0.8325123389561971
2024-07-16,22:22:56 [INFO] Test Results of Run 4/5: -- Test Loss: 1.443 -- Test ACC: 0.696 -- Test F1: 0.771
2024-07-16,22:22:56 [INFO] Validation average after 5 runs -- ACC: 0.761 -- F1-score: 0.837
2024-07-16,22:22:56 [INFO] Test average after 5 runs -- ACC: 0.680 -- F1-score: 0.734
2024-07-16,22:22:56 [INFO] Finished round 8/10 of experiments!
2024-07-16,22:22:56 [INFO] Started round 9/10 of experiments!
2024-07-16,22:22:57 [INFO] Loading previous pretrained model at ./pretrained/GCN_Pretrained_2024-07-01-15-15-13.pth
2024-07-16,22:22:57 [INFO] Pretrained GNN on Source Dataset -- Test Loss: 0.947 -- Test ACC: 0.757 -- Test F1-score: 0.785
2024-07-16,22:22:58 [INFO] Pretrained GNN on Target Dataset Without Prompting: -- Validation Loss: 0.804 -- Validation ACC: 0.722 -- Validation F1-score: 0.762 -- Test Loss: 0.876 -- Test ACC: 0.739 -- Test F1-score: 0.789
2024-07-16,22:23:00 [INFO] Epoch: 0/30 -- Train Loss: 0.242 -- Validation Loss: 0.927 -- Validation ACC: 0.722 -- Validation F1: 0.762
2024-07-16,22:23:15 [INFO] Epoch: 10/30 -- Train Loss: 0.203 -- Validation Loss: 0.826 -- Validation ACC: 0.722 -- Validation F1: 0.762
2024-07-16,22:23:29 [INFO] Epoch: 20/30 -- Train Loss: 1.313 -- Validation Loss: 1.023 -- Validation ACC: 0.722 -- Validation F1: 0.762
2024-07-16,22:23:35 [INFO] Epoch: 24/30 -- Train Loss: 0.387 -- Validation Loss: 1.131 -- Validation ACC: 0.667 -- Validation F1: 0.700
2024-07-16,22:23:37 [INFO] Epoch: 25/30 -- Train Loss: 0.349 -- Validation Loss: 1.151 -- Validation ACC: 0.667 -- Validation F1: 0.700
2024-07-16,22:23:39 [INFO] Epoch: 26/30 -- Train Loss: 0.297 -- Validation Loss: 1.140 -- Validation ACC: 0.667 -- Validation F1: 0.700
2024-07-16,22:23:40 [INFO] Epoch: 27/30 -- Train Loss: 0.098 -- Validation Loss: 1.157 -- Validation ACC: 0.667 -- Validation F1: 0.700
2024-07-16,22:23:42 [INFO] Epoch: 28/30 -- Train Loss: 0.019 -- Validation Loss: 1.168 -- Validation ACC: 0.667 -- Validation F1: 0.700
2024-07-16,22:23:44 [INFO] Epoch: 29/30 -- Train Loss: 0.610 -- Validation Loss: 1.093 -- Validation ACC: 0.667 -- Validation F1: 0.700
2024-07-16,22:23:44 [INFO] Run 0/5: Average Over Last 6 epochs -- Valid ACC: 0.6666666666666666 -- Valid F1-score: 0.699999988079071
2024-07-16,22:23:45 [INFO] Test Results of Run 0/5: -- Test Loss: 1.186 -- Test ACC: 0.652 -- Test F1: 0.672
2024-07-16,22:23:46 [INFO] Epoch: 0/30 -- Train Loss: 0.154 -- Validation Loss: 0.870 -- Validation ACC: 0.667 -- Validation F1: 0.727
2024-07-16,22:24:02 [INFO] Epoch: 10/30 -- Train Loss: 0.468 -- Validation Loss: 0.882 -- Validation ACC: 0.667 -- Validation F1: 0.700
2024-07-16,22:24:17 [INFO] Epoch: 20/30 -- Train Loss: 0.150 -- Validation Loss: 0.694 -- Validation ACC: 0.667 -- Validation F1: 0.700
2024-07-16,22:24:23 [INFO] Epoch: 24/30 -- Train Loss: 0.520 -- Validation Loss: 0.447 -- Validation ACC: 0.833 -- Validation F1: 0.870
2024-07-16,22:24:24 [INFO] Epoch: 25/30 -- Train Loss: 0.100 -- Validation Loss: 0.475 -- Validation ACC: 0.889 -- Validation F1: 0.917
2024-07-16,22:24:26 [INFO] Epoch: 26/30 -- Train Loss: 0.213 -- Validation Loss: 0.529 -- Validation ACC: 0.778 -- Validation F1: 0.846
2024-07-16,22:24:28 [INFO] Epoch: 27/30 -- Train Loss: 0.022 -- Validation Loss: 0.574 -- Validation ACC: 0.833 -- Validation F1: 0.880
2024-07-16,22:24:31 [INFO] Epoch: 28/30 -- Train Loss: 0.026 -- Validation Loss: 0.573 -- Validation ACC: 0.833 -- Validation F1: 0.880
2024-07-16,22:24:33 [INFO] Epoch: 29/30 -- Train Loss: 1.291 -- Validation Loss: 0.606 -- Validation ACC: 0.833 -- Validation F1: 0.880
2024-07-16,22:24:33 [INFO] Run 1/5: Average Over Last 6 epochs -- Valid ACC: 0.8333333333333334 -- Valid F1-score: 0.8787309527397156
2024-07-16,22:24:33 [INFO] Test Results of Run 1/5: -- Test Loss: 1.032 -- Test ACC: 0.765 -- Test F1: 0.821
2024-07-16,22:24:35 [INFO] Epoch: 0/30 -- Train Loss: 1.226 -- Validation Loss: 0.872 -- Validation ACC: 0.722 -- Validation F1: 0.762
2024-07-16,22:24:49 [INFO] Epoch: 10/30 -- Train Loss: 0.146 -- Validation Loss: 0.656 -- Validation ACC: 0.722 -- Validation F1: 0.762
2024-07-16,22:24:59 [INFO] Epoch: 20/30 -- Train Loss: 0.362 -- Validation Loss: 0.884 -- Validation ACC: 0.722 -- Validation F1: 0.762
2024-07-16,22:25:04 [INFO] Epoch: 24/30 -- Train Loss: 0.958 -- Validation Loss: 0.847 -- Validation ACC: 0.722 -- Validation F1: 0.762
2024-07-16,22:25:05 [INFO] Epoch: 25/30 -- Train Loss: 0.328 -- Validation Loss: 0.846 -- Validation ACC: 0.722 -- Validation F1: 0.762
2024-07-16,22:25:07 [INFO] Epoch: 26/30 -- Train Loss: 1.699 -- Validation Loss: 0.848 -- Validation ACC: 0.722 -- Validation F1: 0.762
2024-07-16,22:25:08 [INFO] Epoch: 27/30 -- Train Loss: 0.198 -- Validation Loss: 0.853 -- Validation ACC: 0.722 -- Validation F1: 0.762
2024-07-16,22:25:10 [INFO] Epoch: 28/30 -- Train Loss: 0.244 -- Validation Loss: 0.815 -- Validation ACC: 0.722 -- Validation F1: 0.762
2024-07-16,22:25:11 [INFO] Epoch: 29/30 -- Train Loss: 0.044 -- Validation Loss: 0.776 -- Validation ACC: 0.722 -- Validation F1: 0.762
2024-07-16,22:25:11 [INFO] Run 2/5: Average Over Last 6 epochs -- Valid ACC: 0.7222222222222222 -- Valid F1-score: 0.761904776096344
2024-07-16,22:25:11 [INFO] Test Results of Run 2/5: -- Test Loss: 0.951 -- Test ACC: 0.730 -- Test F1: 0.786
2024-07-16,22:25:13 [INFO] Epoch: 0/30 -- Train Loss: 0.632 -- Validation Loss: 0.834 -- Validation ACC: 0.722 -- Validation F1: 0.762
2024-07-16,22:25:23 [INFO] Epoch: 10/30 -- Train Loss: 1.352 -- Validation Loss: 0.745 -- Validation ACC: 0.722 -- Validation F1: 0.762
2024-07-16,22:25:34 [INFO] Epoch: 20/30 -- Train Loss: 1.155 -- Validation Loss: 0.865 -- Validation ACC: 0.722 -- Validation F1: 0.762
2024-07-16,22:25:38 [INFO] Epoch: 24/30 -- Train Loss: 0.569 -- Validation Loss: 0.797 -- Validation ACC: 0.778 -- Validation F1: 0.818
2024-07-16,22:25:39 [INFO] Epoch: 25/30 -- Train Loss: 0.146 -- Validation Loss: 0.824 -- Validation ACC: 0.722 -- Validation F1: 0.762
2024-07-16,22:25:40 [INFO] Epoch: 26/30 -- Train Loss: 1.598 -- Validation Loss: 0.857 -- Validation ACC: 0.722 -- Validation F1: 0.762
2024-07-16,22:25:41 [INFO] Epoch: 27/30 -- Train Loss: 0.090 -- Validation Loss: 0.858 -- Validation ACC: 0.778 -- Validation F1: 0.818
2024-07-16,22:25:43 [INFO] Epoch: 28/30 -- Train Loss: 0.041 -- Validation Loss: 0.860 -- Validation ACC: 0.722 -- Validation F1: 0.783
2024-07-16,22:25:44 [INFO] Epoch: 29/30 -- Train Loss: 0.530 -- Validation Loss: 0.868 -- Validation ACC: 0.667 -- Validation F1: 0.727
2024-07-16,22:25:44 [INFO] Run 3/5: Average Over Last 6 epochs -- Valid ACC: 0.7314814814814815 -- Valid F1-score: 0.7783424357573191
2024-07-16,22:25:45 [INFO] Test Results of Run 3/5: -- Test Loss: 0.849 -- Test ACC: 0.757 -- Test F1: 0.813
2024-07-16,22:25:46 [INFO] Epoch: 0/30 -- Train Loss: 0.209 -- Validation Loss: 0.735 -- Validation ACC: 0.722 -- Validation F1: 0.762
2024-07-16,22:25:58 [INFO] Epoch: 10/30 -- Train Loss: 0.269 -- Validation Loss: 0.537 -- Validation ACC: 0.778 -- Validation F1: 0.818
2024-07-16,22:26:08 [INFO] Epoch: 20/30 -- Train Loss: 0.016 -- Validation Loss: 0.574 -- Validation ACC: 0.833 -- Validation F1: 0.870
2024-07-16,22:26:12 [INFO] Epoch: 24/30 -- Train Loss: 0.031 -- Validation Loss: 0.675 -- Validation ACC: 0.722 -- Validation F1: 0.762
2024-07-16,22:26:14 [INFO] Epoch: 25/30 -- Train Loss: 1.194 -- Validation Loss: 0.686 -- Validation ACC: 0.722 -- Validation F1: 0.762
2024-07-16,22:26:15 [INFO] Epoch: 26/30 -- Train Loss: 0.242 -- Validation Loss: 0.707 -- Validation ACC: 0.722 -- Validation F1: 0.762
2024-07-16,22:26:16 [INFO] Epoch: 27/30 -- Train Loss: 0.099 -- Validation Loss: 0.735 -- Validation ACC: 0.722 -- Validation F1: 0.762
2024-07-16,22:26:17 [INFO] Epoch: 28/30 -- Train Loss: 0.691 -- Validation Loss: 0.782 -- Validation ACC: 0.722 -- Validation F1: 0.762
2024-07-16,22:26:19 [INFO] Epoch: 29/30 -- Train Loss: 0.164 -- Validation Loss: 0.839 -- Validation ACC: 0.722 -- Validation F1: 0.762
2024-07-16,22:26:19 [INFO] Run 4/5: Average Over Last 6 epochs -- Valid ACC: 0.7222222222222222 -- Valid F1-score: 0.761904776096344
2024-07-16,22:26:19 [INFO] Test Results of Run 4/5: -- Test Loss: 1.003 -- Test ACC: 0.687 -- Test F1: 0.727
2024-07-16,22:26:19 [INFO] Validation average after 5 runs -- ACC: 0.735 -- F1-score: 0.776
2024-07-16,22:26:19 [INFO] Test average after 5 runs -- ACC: 0.718 -- F1-score: 0.764
2024-07-16,22:26:19 [INFO] Finished round 9/10 of experiments!
2024-07-16,22:26:19 [INFO] Final results: -- Source Test Acc: 0.703 -- Source Test F1: 0.750 -- Target Valid Acc: 0.711 -- Target Valid F1: 0.770 -- Target Test Acc: 0.686 -- Target Test F1: 0.747 -- Prompt Test Acc: 0.679 -- Prompt Valid Acc: 0.706 -- Prompt Test F1: 0.740 -- Prompt Valid F1: 0.758
2024-07-16,22:26:19 [INFO] Pretrained modela are saved to: ./pretrained/GCN_Pretrained_2024-07-01-14-54-05.pth ./pretrained/GCN_Pretrained_2024-07-01-14-56-23.pth ./pretrained/GCN_Pretrained_2024-07-01-14-58-41.pth ./pretrained/GCN_Pretrained_2024-07-01-15-00-59.pth ./pretrained/GCN_Pretrained_2024-07-01-15-03-17.pth ./pretrained/GCN_Pretrained_2024-07-01-15-05-37.pth ./pretrained/GCN_Pretrained_2024-07-01-15-07-56.pth ./pretrained/GCN_Pretrained_2024-07-01-15-10-20.pth ./pretrained/GCN_Pretrained_2024-07-01-15-12-47.pth ./pretrained/GCN_Pretrained_2024-07-01-15-15-13.pth
