2024-07-17,03:31:03 [INFO] Logging to: ./log/2024-07-17-03-31-03.log
2024-07-17,03:31:03 [INFO] Reading config from: ./config/dhfr.yaml
2024-07-17,03:31:03 [INFO] Namespace(total_iters=10, prompt_method='flex_match', s_dataset='DHFR', t_dataset='DHFR', prompt_fn='gpf_plus', shift_type='structural', p_shift_intra=0.0, p_shift_inter=0.0, pretrain=True, save_pretrained=False, soft_label=False, add_link_loss=False, attn_with_param=False, empty_pretrained_dir=False, iterative_clustering=False, clutering_iters=3, entropy_div_ratio=3, w_entropy_loss=0.0, w_softmax_loss=0.0, w_domain_loss=0.0, r_reg=0.0, gnn_weight_decay=0.0, weight_decay=0.0, gnn_type='gcn', gnn_num_layers=3, pretrained_path=['./pretrained/GCN_Pretrained_2024-07-01-14-54-05.pth', './pretrained/GCN_Pretrained_2024-07-01-14-56-23.pth', './pretrained/GCN_Pretrained_2024-07-01-14-58-41.pth', './pretrained/GCN_Pretrained_2024-07-01-15-00-59.pth', './pretrained/GCN_Pretrained_2024-07-01-15-03-17.pth', './pretrained/GCN_Pretrained_2024-07-01-15-05-37.pth', './pretrained/GCN_Pretrained_2024-07-01-15-07-56.pth', './pretrained/GCN_Pretrained_2024-07-01-15-10-20.pth', './pretrained/GCN_Pretrained_2024-07-01-15-12-47.pth', './pretrained/GCN_Pretrained_2024-07-01-15-15-13.pth'], gnn_n_epochs=100, gnn_eval_step=10, gnn_h_dim=512, gnn_lr=0.01, gnn_step_size=50, gnn_gamma=0.5, gnn_batch_size=64, gnn_dropout=0.4, n_epochs=30, eval_step=10, h_dim=512, lr=0.01, step_size=50, gamma=0.5, batch_size=64, num_tokens=50, src_ratio=0.5, dropout=0.3, cut_off=0.7, aug_type='feature', light_aug_prob=0.1, light_aug_mode='mask', pos_aug_mode='mask', neg_aug_mode='arbitrary', noise_cov_scale=1.0, noise_mean_shift=1.0, noise_shift_mode='homophily', noise_select_mode='soft', cross_prune=0.8, inner_prune=0.3, num_runs=5, p_raug=0.15, n_raug=0.15, s_split=[0.65, 0.3], t_split=[0.65, 0.3], seed=[1676, 3733, 3589, 4867, 2980, 1142, 3035, 4432, 4672, 4010], config_from_file='./config/dhfr.yaml', config_to_file='', label_reduction=0.0)
2024-07-17,03:31:03 [INFO] ####################################################################################################
2024-07-17,03:31:03 [INFO] Args seeds: [1676, 3733, 3589, 4867, 2980, 1142, 3035, 4432, 4672, 4010]
2024-07-17,03:31:03 [INFO] Source Dataset: DHFR, Target Dataset: DHFR. Training, Test: Source: [0.65, 0.3], Target: [0.65, 0.3] -- Batch size: 64
2024-07-17,03:31:03 [INFO] All input pretrained paths: ['./pretrained/GCN_Pretrained_2024-07-01-14-54-05.pth', './pretrained/GCN_Pretrained_2024-07-01-14-56-23.pth', './pretrained/GCN_Pretrained_2024-07-01-14-58-41.pth', './pretrained/GCN_Pretrained_2024-07-01-15-00-59.pth', './pretrained/GCN_Pretrained_2024-07-01-15-03-17.pth', './pretrained/GCN_Pretrained_2024-07-01-15-05-37.pth', './pretrained/GCN_Pretrained_2024-07-01-15-07-56.pth', './pretrained/GCN_Pretrained_2024-07-01-15-10-20.pth', './pretrained/GCN_Pretrained_2024-07-01-15-12-47.pth', './pretrained/GCN_Pretrained_2024-07-01-15-15-13.pth']
2024-07-17,03:31:03 [INFO] Started round 0/10 of experiments!
2024-07-17,03:31:04 [INFO] Setting for pretraining: Model: {'gnn_type': 'gcn', 'in_channels': 56, 'hidden_channels': 512, 'out_channels': 2, 'num_layers': 3, 'dropout': 0.4, 'with_bn': False, 'with_head': True} -- Optimizer: {'lr': 0.01, 'scheduler_step_size': 50, 'scheduler_gamma': 0.5, 'weight_decay': 0.0} -- Training: {'n_epochs': 100}
2024-07-17,03:31:04 [INFO] Loading previous pretrained model at ./pretrained/GCN_Pretrained_2024-07-01-14-54-05.pth
2024-07-17,03:31:04 [INFO] Prompting method: flex_match -- Setting: Prompting function: gpf_plus -- Target Dataset: DHFR
2024-07-17,03:31:04 [INFO] Setting for prompt tuning: Prompt: {'emb_dim': 56, 'h_dim': 512, 'output_dim': 56, 'prompt_fn': 'gpf_plus', 'token_num': 50, 'cross_prune': 0.8, 'inner_prune': 0.3, 'attn_with_param': False} -- Pretrained Model: {'gnn_type': 'gcn', 'in_channels': 56, 'hidden_channels': 512, 'out_channels': 2, 'num_layers': 3, 'dropout': 0.4, 'with_bn': False, 'with_head': True} -- Optimizer: {'lr': 0.01, 'scheduler_step_size': 50, 'scheduler_gamma': 0.5, 'weight_decay': 0.0} -- Training: {'aug_type': 'feature', 'pos_aug_mode': 'mask', 'p_raug': 0.15, 'n_epochs': 30, 'r_reg': 0.0, 'soft_label': False, 'clutering_iters': 3, 'iterative_clustering': False, 'entropy_div_ratio': 3, 'w_entropy_loss': 0.0, 'w_softmax_loss': 0.0, 'w_domain_loss': 0.0, 'light_aug_prob': 0.1, 'light_aug_mode': 'mask', 'num_classes': 2, 'cut_off': 0.7}
2024-07-17,03:31:04 [INFO] Prompt tuning started: Num runs: 5 -- Eval step: 10
2024-07-17,03:31:04 [INFO] Pretrained GNN on Source Dataset -- Test Loss: 0.863 -- Test ACC: 0.661 -- Test F1-score: 0.702
2024-07-17,03:31:05 [INFO] Pretrained GNN on Target Dataset Without Prompting: -- Validation Loss: 0.762 -- Validation ACC: 0.611 -- Validation F1-score: 0.667 -- Test Loss: 0.711 -- Test ACC: 0.774 -- Test F1-score: 0.803
2024-07-17,03:31:05 [INFO] Epoch: 0/30 -- Train Loss: 1.215 -- Validation Loss: 0.573 -- Validation ACC: 0.722 -- Validation F1: 0.800
2024-07-17,03:31:09 [INFO] Epoch: 10/30 -- Train Loss: 0.517 -- Validation Loss: 0.878 -- Validation ACC: 0.444 -- Validation F1: 0.444
2024-07-17,03:31:14 [INFO] Epoch: 20/30 -- Train Loss: 0.163 -- Validation Loss: 0.597 -- Validation ACC: 0.778 -- Validation F1: 0.833
2024-07-17,03:31:16 [INFO] Epoch: 24/30 -- Train Loss: 0.310 -- Validation Loss: 0.572 -- Validation ACC: 0.833 -- Validation F1: 0.880
2024-07-17,03:31:17 [INFO] Epoch: 25/30 -- Train Loss: 0.113 -- Validation Loss: 0.676 -- Validation ACC: 0.611 -- Validation F1: 0.667
2024-07-17,03:31:18 [INFO] Epoch: 26/30 -- Train Loss: 0.058 -- Validation Loss: 0.910 -- Validation ACC: 0.556 -- Validation F1: 0.600
2024-07-17,03:31:19 [INFO] Epoch: 27/30 -- Train Loss: 0.952 -- Validation Loss: 1.021 -- Validation ACC: 0.556 -- Validation F1: 0.600
2024-07-17,03:31:20 [INFO] Epoch: 28/30 -- Train Loss: 0.022 -- Validation Loss: 0.951 -- Validation ACC: 0.556 -- Validation F1: 0.600
2024-07-17,03:31:21 [INFO] Epoch: 29/30 -- Train Loss: 0.136 -- Validation Loss: 0.860 -- Validation ACC: 0.556 -- Validation F1: 0.600
2024-07-17,03:31:21 [INFO] Run 0/5: Average Over Last 6 epochs -- Valid ACC: 0.611111111111111 -- Valid F1-score: 0.6577777961889902
2024-07-17,03:31:21 [INFO] Test Results of Run 0/5: -- Test Loss: 0.815 -- Test ACC: 0.757 -- Test F1: 0.785
2024-07-17,03:31:22 [INFO] Epoch: 0/30 -- Train Loss: 0.199 -- Validation Loss: 0.969 -- Validation ACC: 0.444 -- Validation F1: 0.444
2024-07-17,03:31:29 [INFO] Epoch: 10/30 -- Train Loss: 0.028 -- Validation Loss: 0.680 -- Validation ACC: 0.722 -- Validation F1: 0.800
2024-07-17,03:31:36 [INFO] Epoch: 20/30 -- Train Loss: 0.116 -- Validation Loss: 0.832 -- Validation ACC: 0.500 -- Validation F1: 0.571
2024-07-17,03:31:39 [INFO] Epoch: 24/30 -- Train Loss: 0.460 -- Validation Loss: 0.587 -- Validation ACC: 0.778 -- Validation F1: 0.846
2024-07-17,03:31:40 [INFO] Epoch: 25/30 -- Train Loss: 0.330 -- Validation Loss: 0.603 -- Validation ACC: 0.778 -- Validation F1: 0.846
2024-07-17,03:31:41 [INFO] Epoch: 26/30 -- Train Loss: 0.281 -- Validation Loss: 0.674 -- Validation ACC: 0.611 -- Validation F1: 0.696
2024-07-17,03:31:42 [INFO] Epoch: 27/30 -- Train Loss: 0.434 -- Validation Loss: 0.779 -- Validation ACC: 0.500 -- Validation F1: 0.571
2024-07-17,03:31:43 [INFO] Epoch: 28/30 -- Train Loss: 0.448 -- Validation Loss: 0.933 -- Validation ACC: 0.444 -- Validation F1: 0.500
2024-07-17,03:31:44 [INFO] Epoch: 29/30 -- Train Loss: 0.085 -- Validation Loss: 1.033 -- Validation ACC: 0.333 -- Validation F1: 0.333
2024-07-17,03:31:44 [INFO] Run 1/5: Average Over Last 6 epochs -- Valid ACC: 0.5740740740740742 -- Valid F1-score: 0.6321203062931696
2024-07-17,03:31:44 [INFO] Test Results of Run 1/5: -- Test Loss: 0.852 -- Test ACC: 0.739 -- Test F1: 0.762
2024-07-17,03:31:45 [INFO] Epoch: 0/30 -- Train Loss: 0.060 -- Validation Loss: 0.446 -- Validation ACC: 0.833 -- Validation F1: 0.889
2024-07-17,03:31:52 [INFO] Epoch: 10/30 -- Train Loss: 0.158 -- Validation Loss: 0.814 -- Validation ACC: 0.444 -- Validation F1: 0.500
2024-07-17,03:31:59 [INFO] Epoch: 20/30 -- Train Loss: 0.039 -- Validation Loss: 1.001 -- Validation ACC: 0.500 -- Validation F1: 0.526
2024-07-17,03:32:02 [INFO] Epoch: 24/30 -- Train Loss: 0.076 -- Validation Loss: 1.211 -- Validation ACC: 0.389 -- Validation F1: 0.353
2024-07-17,03:32:03 [INFO] Epoch: 25/30 -- Train Loss: 0.170 -- Validation Loss: 1.114 -- Validation ACC: 0.444 -- Validation F1: 0.444
2024-07-17,03:32:04 [INFO] Epoch: 26/30 -- Train Loss: 0.166 -- Validation Loss: 0.909 -- Validation ACC: 0.556 -- Validation F1: 0.600
2024-07-17,03:32:05 [INFO] Epoch: 27/30 -- Train Loss: 0.221 -- Validation Loss: 0.890 -- Validation ACC: 0.500 -- Validation F1: 0.571
2024-07-17,03:32:06 [INFO] Epoch: 28/30 -- Train Loss: 0.119 -- Validation Loss: 0.956 -- Validation ACC: 0.444 -- Validation F1: 0.500
2024-07-17,03:32:07 [INFO] Epoch: 29/30 -- Train Loss: 0.013 -- Validation Loss: 1.091 -- Validation ACC: 0.444 -- Validation F1: 0.500
2024-07-17,03:32:07 [INFO] Run 2/5: Average Over Last 6 epochs -- Valid ACC: 0.46296296296296297 -- Valid F1-score: 0.4948023756345113
2024-07-17,03:32:07 [INFO] Test Results of Run 2/5: -- Test Loss: 0.833 -- Test ACC: 0.730 -- Test F1: 0.756
2024-07-17,03:32:08 [INFO] Epoch: 0/30 -- Train Loss: 0.961 -- Validation Loss: 0.656 -- Validation ACC: 0.667 -- Validation F1: 0.727
2024-07-17,03:32:16 [INFO] Epoch: 10/30 -- Train Loss: 0.109 -- Validation Loss: 0.554 -- Validation ACC: 0.667 -- Validation F1: 0.727
2024-07-17,03:32:23 [INFO] Epoch: 20/30 -- Train Loss: 0.185 -- Validation Loss: 0.706 -- Validation ACC: 0.611 -- Validation F1: 0.696
2024-07-17,03:32:26 [INFO] Epoch: 24/30 -- Train Loss: 0.117 -- Validation Loss: 0.721 -- Validation ACC: 0.500 -- Validation F1: 0.571
2024-07-17,03:32:27 [INFO] Epoch: 25/30 -- Train Loss: 0.712 -- Validation Loss: 0.682 -- Validation ACC: 0.500 -- Validation F1: 0.571
2024-07-17,03:32:28 [INFO] Epoch: 26/30 -- Train Loss: 0.233 -- Validation Loss: 0.656 -- Validation ACC: 0.667 -- Validation F1: 0.750
2024-07-17,03:32:29 [INFO] Epoch: 27/30 -- Train Loss: 0.166 -- Validation Loss: 0.605 -- Validation ACC: 0.667 -- Validation F1: 0.750
2024-07-17,03:32:30 [INFO] Epoch: 28/30 -- Train Loss: 0.058 -- Validation Loss: 0.590 -- Validation ACC: 0.722 -- Validation F1: 0.800
2024-07-17,03:32:31 [INFO] Epoch: 29/30 -- Train Loss: 0.089 -- Validation Loss: 0.583 -- Validation ACC: 0.778 -- Validation F1: 0.846
2024-07-17,03:32:31 [INFO] Run 3/5: Average Over Last 6 epochs -- Valid ACC: 0.6388888888888888 -- Valid F1-score: 0.7148351768652598
2024-07-17,03:32:31 [INFO] Test Results of Run 3/5: -- Test Loss: 0.513 -- Test ACC: 0.800 -- Test F1: 0.844
2024-07-17,03:32:32 [INFO] Epoch: 0/30 -- Train Loss: 0.409 -- Validation Loss: 0.781 -- Validation ACC: 0.556 -- Validation F1: 0.600
2024-07-17,03:32:39 [INFO] Epoch: 10/30 -- Train Loss: 0.905 -- Validation Loss: 1.363 -- Validation ACC: 0.444 -- Validation F1: 0.375
2024-07-17,03:32:46 [INFO] Epoch: 20/30 -- Train Loss: 0.264 -- Validation Loss: 0.558 -- Validation ACC: 0.722 -- Validation F1: 0.800
2024-07-17,03:32:49 [INFO] Epoch: 24/30 -- Train Loss: 0.731 -- Validation Loss: 1.105 -- Validation ACC: 0.444 -- Validation F1: 0.444
2024-07-17,03:32:50 [INFO] Epoch: 25/30 -- Train Loss: 0.377 -- Validation Loss: 1.279 -- Validation ACC: 0.444 -- Validation F1: 0.444
2024-07-17,03:32:51 [INFO] Epoch: 26/30 -- Train Loss: 1.685 -- Validation Loss: 1.272 -- Validation ACC: 0.444 -- Validation F1: 0.444
2024-07-17,03:32:51 [INFO] Epoch: 27/30 -- Train Loss: 0.860 -- Validation Loss: 0.980 -- Validation ACC: 0.444 -- Validation F1: 0.444
2024-07-17,03:32:53 [INFO] Epoch: 28/30 -- Train Loss: 0.307 -- Validation Loss: 0.809 -- Validation ACC: 0.611 -- Validation F1: 0.667
2024-07-17,03:32:53 [INFO] Epoch: 29/30 -- Train Loss: 0.522 -- Validation Loss: 0.733 -- Validation ACC: 0.611 -- Validation F1: 0.667
2024-07-17,03:32:53 [INFO] Run 4/5: Average Over Last 6 epochs -- Valid ACC: 0.5 -- Valid F1-score: 0.5185185273488363
2024-07-17,03:32:54 [INFO] Test Results of Run 4/5: -- Test Loss: 0.701 -- Test ACC: 0.765 -- Test F1: 0.800
2024-07-17,03:32:54 [INFO] Validation average after 5 runs -- ACC: 0.557 -- F1-score: 0.604
2024-07-17,03:32:54 [INFO] Test average after 5 runs -- ACC: 0.758 -- F1-score: 0.789
2024-07-17,03:32:54 [INFO] Finished round 0/10 of experiments!
2024-07-17,03:32:54 [INFO] Started round 1/10 of experiments!
2024-07-17,03:32:54 [INFO] Loading previous pretrained model at ./pretrained/GCN_Pretrained_2024-07-01-14-56-23.pth
2024-07-17,03:32:55 [INFO] Pretrained GNN on Source Dataset -- Test Loss: 0.964 -- Test ACC: 0.739 -- Test F1-score: 0.758
2024-07-17,03:32:55 [INFO] Pretrained GNN on Target Dataset Without Prompting: -- Validation Loss: 1.277 -- Validation ACC: 0.667 -- Validation F1-score: 0.769 -- Test Loss: 1.529 -- Test ACC: 0.643 -- Test F1-score: 0.713
2024-07-17,03:32:56 [INFO] Epoch: 0/30 -- Train Loss: 0.099 -- Validation Loss: 1.796 -- Validation ACC: 0.667 -- Validation F1: 0.800
2024-07-17,03:33:04 [INFO] Epoch: 10/30 -- Train Loss: 1.124 -- Validation Loss: 1.321 -- Validation ACC: 0.667 -- Validation F1: 0.769
2024-07-17,03:33:11 [INFO] Epoch: 20/30 -- Train Loss: 0.244 -- Validation Loss: 1.201 -- Validation ACC: 0.667 -- Validation F1: 0.769
2024-07-17,03:33:13 [INFO] Epoch: 24/30 -- Train Loss: 0.025 -- Validation Loss: 1.246 -- Validation ACC: 0.667 -- Validation F1: 0.769
2024-07-17,03:33:14 [INFO] Epoch: 25/30 -- Train Loss: 0.491 -- Validation Loss: 1.278 -- Validation ACC: 0.667 -- Validation F1: 0.769
2024-07-17,03:33:15 [INFO] Epoch: 26/30 -- Train Loss: 0.259 -- Validation Loss: 1.322 -- Validation ACC: 0.667 -- Validation F1: 0.769
2024-07-17,03:33:16 [INFO] Epoch: 27/30 -- Train Loss: 0.032 -- Validation Loss: 1.350 -- Validation ACC: 0.667 -- Validation F1: 0.769
2024-07-17,03:33:17 [INFO] Epoch: 28/30 -- Train Loss: 0.667 -- Validation Loss: 1.369 -- Validation ACC: 0.667 -- Validation F1: 0.769
2024-07-17,03:33:18 [INFO] Epoch: 29/30 -- Train Loss: 0.093 -- Validation Loss: 1.379 -- Validation ACC: 0.667 -- Validation F1: 0.769
2024-07-17,03:33:18 [INFO] Run 0/5: Average Over Last 6 epochs -- Valid ACC: 0.6666666666666666 -- Valid F1-score: 0.7692307829856873
2024-07-17,03:33:18 [INFO] Test Results of Run 0/5: -- Test Loss: 1.608 -- Test ACC: 0.643 -- Test F1: 0.725
2024-07-17,03:33:19 [INFO] Epoch: 0/30 -- Train Loss: 0.182 -- Validation Loss: 1.465 -- Validation ACC: 0.722 -- Validation F1: 0.828
2024-07-17,03:33:25 [INFO] Epoch: 10/30 -- Train Loss: 0.069 -- Validation Loss: 1.611 -- Validation ACC: 0.722 -- Validation F1: 0.828
2024-07-17,03:33:32 [INFO] Epoch: 20/30 -- Train Loss: 0.031 -- Validation Loss: 1.426 -- Validation ACC: 0.722 -- Validation F1: 0.815
2024-07-17,03:33:35 [INFO] Epoch: 24/30 -- Train Loss: 0.343 -- Validation Loss: 1.303 -- Validation ACC: 0.722 -- Validation F1: 0.815
2024-07-17,03:33:36 [INFO] Epoch: 25/30 -- Train Loss: 0.174 -- Validation Loss: 1.283 -- Validation ACC: 0.667 -- Validation F1: 0.769
2024-07-17,03:33:37 [INFO] Epoch: 26/30 -- Train Loss: 0.317 -- Validation Loss: 1.273 -- Validation ACC: 0.667 -- Validation F1: 0.769
2024-07-17,03:33:38 [INFO] Epoch: 27/30 -- Train Loss: 0.136 -- Validation Loss: 1.257 -- Validation ACC: 0.722 -- Validation F1: 0.815
2024-07-17,03:33:39 [INFO] Epoch: 28/30 -- Train Loss: 0.456 -- Validation Loss: 1.255 -- Validation ACC: 0.722 -- Validation F1: 0.815
2024-07-17,03:33:40 [INFO] Epoch: 29/30 -- Train Loss: 0.606 -- Validation Loss: 1.259 -- Validation ACC: 0.778 -- Validation F1: 0.857
2024-07-17,03:33:40 [INFO] Run 1/5: Average Over Last 6 epochs -- Valid ACC: 0.7129629629629629 -- Valid F1-score: 0.8066748082637787
2024-07-17,03:33:40 [INFO] Test Results of Run 1/5: -- Test Loss: 1.667 -- Test ACC: 0.670 -- Test F1: 0.759
2024-07-17,03:33:41 [INFO] Epoch: 0/30 -- Train Loss: 0.101 -- Validation Loss: 1.436 -- Validation ACC: 0.667 -- Validation F1: 0.800
2024-07-17,03:33:47 [INFO] Epoch: 10/30 -- Train Loss: 0.233 -- Validation Loss: 1.473 -- Validation ACC: 0.722 -- Validation F1: 0.828
2024-07-17,03:33:54 [INFO] Epoch: 20/30 -- Train Loss: 0.052 -- Validation Loss: 1.480 -- Validation ACC: 0.667 -- Validation F1: 0.769
2024-07-17,03:33:57 [INFO] Epoch: 24/30 -- Train Loss: 0.171 -- Validation Loss: 1.449 -- Validation ACC: 0.778 -- Validation F1: 0.857
2024-07-17,03:33:58 [INFO] Epoch: 25/30 -- Train Loss: 0.486 -- Validation Loss: 1.481 -- Validation ACC: 0.778 -- Validation F1: 0.857
2024-07-17,03:33:59 [INFO] Epoch: 26/30 -- Train Loss: 1.746 -- Validation Loss: 1.517 -- Validation ACC: 0.722 -- Validation F1: 0.828
2024-07-17,03:34:00 [INFO] Epoch: 27/30 -- Train Loss: 0.842 -- Validation Loss: 1.455 -- Validation ACC: 0.778 -- Validation F1: 0.857
2024-07-17,03:34:01 [INFO] Epoch: 28/30 -- Train Loss: 0.594 -- Validation Loss: 1.386 -- Validation ACC: 0.778 -- Validation F1: 0.857
2024-07-17,03:34:02 [INFO] Epoch: 29/30 -- Train Loss: 0.143 -- Validation Loss: 1.372 -- Validation ACC: 0.722 -- Validation F1: 0.815
2024-07-17,03:34:02 [INFO] Run 2/5: Average Over Last 6 epochs -- Valid ACC: 0.7592592592592592 -- Valid F1-score: 0.8451620837052664
2024-07-17,03:34:02 [INFO] Test Results of Run 2/5: -- Test Loss: 1.688 -- Test ACC: 0.678 -- Test F1: 0.761
2024-07-17,03:34:03 [INFO] Epoch: 0/30 -- Train Loss: 0.006 -- Validation Loss: 1.599 -- Validation ACC: 0.667 -- Validation F1: 0.800
2024-07-17,03:34:10 [INFO] Epoch: 10/30 -- Train Loss: 0.080 -- Validation Loss: 1.500 -- Validation ACC: 0.722 -- Validation F1: 0.815
2024-07-17,03:34:17 [INFO] Epoch: 20/30 -- Train Loss: 0.772 -- Validation Loss: 1.554 -- Validation ACC: 0.667 -- Validation F1: 0.769
2024-07-17,03:34:20 [INFO] Epoch: 24/30 -- Train Loss: 1.389 -- Validation Loss: 1.499 -- Validation ACC: 0.667 -- Validation F1: 0.786
2024-07-17,03:34:21 [INFO] Epoch: 25/30 -- Train Loss: 0.453 -- Validation Loss: 1.526 -- Validation ACC: 0.722 -- Validation F1: 0.828
2024-07-17,03:34:22 [INFO] Epoch: 26/30 -- Train Loss: 0.088 -- Validation Loss: 1.534 -- Validation ACC: 0.667 -- Validation F1: 0.800
2024-07-17,03:34:23 [INFO] Epoch: 27/30 -- Train Loss: 0.409 -- Validation Loss: 1.528 -- Validation ACC: 0.667 -- Validation F1: 0.800
2024-07-17,03:34:24 [INFO] Epoch: 28/30 -- Train Loss: 0.426 -- Validation Loss: 1.583 -- Validation ACC: 0.667 -- Validation F1: 0.800
2024-07-17,03:34:25 [INFO] Epoch: 29/30 -- Train Loss: 0.057 -- Validation Loss: 1.646 -- Validation ACC: 0.667 -- Validation F1: 0.800
2024-07-17,03:34:25 [INFO] Run 3/5: Average Over Last 6 epochs -- Valid ACC: 0.6759259259259259 -- Valid F1-score: 0.8022167583306631
2024-07-17,03:34:25 [INFO] Test Results of Run 3/5: -- Test Loss: 1.833 -- Test ACC: 0.687 -- Test F1: 0.783
2024-07-17,03:34:26 [INFO] Epoch: 0/30 -- Train Loss: 0.304 -- Validation Loss: 1.402 -- Validation ACC: 0.667 -- Validation F1: 0.786
2024-07-17,03:34:33 [INFO] Epoch: 10/30 -- Train Loss: 1.907 -- Validation Loss: 1.546 -- Validation ACC: 0.667 -- Validation F1: 0.769
2024-07-17,03:34:40 [INFO] Epoch: 20/30 -- Train Loss: 0.090 -- Validation Loss: 1.321 -- Validation ACC: 0.778 -- Validation F1: 0.857
2024-07-17,03:34:43 [INFO] Epoch: 24/30 -- Train Loss: 0.024 -- Validation Loss: 1.428 -- Validation ACC: 0.722 -- Validation F1: 0.839
2024-07-17,03:34:44 [INFO] Epoch: 25/30 -- Train Loss: 0.047 -- Validation Loss: 1.388 -- Validation ACC: 0.722 -- Validation F1: 0.839
2024-07-17,03:34:45 [INFO] Epoch: 26/30 -- Train Loss: 0.046 -- Validation Loss: 1.329 -- Validation ACC: 0.778 -- Validation F1: 0.867
2024-07-17,03:34:46 [INFO] Epoch: 27/30 -- Train Loss: 0.498 -- Validation Loss: 1.296 -- Validation ACC: 0.722 -- Validation F1: 0.828
2024-07-17,03:34:47 [INFO] Epoch: 28/30 -- Train Loss: 0.500 -- Validation Loss: 1.266 -- Validation ACC: 0.722 -- Validation F1: 0.815
2024-07-17,03:34:47 [INFO] Epoch: 29/30 -- Train Loss: 0.166 -- Validation Loss: 1.260 -- Validation ACC: 0.667 -- Validation F1: 0.769
2024-07-17,03:34:47 [INFO] Run 4/5: Average Over Last 6 epochs -- Valid ACC: 0.7222222222222223 -- Valid F1-score: 0.825952967007955
2024-07-17,03:34:48 [INFO] Test Results of Run 4/5: -- Test Loss: 1.616 -- Test ACC: 0.643 -- Test F1: 0.725
2024-07-17,03:34:48 [INFO] Validation average after 5 runs -- ACC: 0.707 -- F1-score: 0.810
2024-07-17,03:34:48 [INFO] Test average after 5 runs -- ACC: 0.664 -- F1-score: 0.751
2024-07-17,03:34:48 [INFO] Finished round 1/10 of experiments!
2024-07-17,03:34:48 [INFO] Started round 2/10 of experiments!
2024-07-17,03:34:49 [INFO] Loading previous pretrained model at ./pretrained/GCN_Pretrained_2024-07-01-14-58-41.pth
2024-07-17,03:34:49 [INFO] Pretrained GNN on Source Dataset -- Test Loss: 1.173 -- Test ACC: 0.757 -- Test F1-score: 0.813
2024-07-17,03:34:49 [INFO] Pretrained GNN on Target Dataset Without Prompting: -- Validation Loss: 0.928 -- Validation ACC: 0.667 -- Validation F1-score: 0.769 -- Test Loss: 0.858 -- Test ACC: 0.687 -- Test F1-score: 0.735
2024-07-17,03:34:50 [INFO] Epoch: 0/30 -- Train Loss: 0.778 -- Validation Loss: 1.075 -- Validation ACC: 0.667 -- Validation F1: 0.769
2024-07-17,03:34:58 [INFO] Epoch: 10/30 -- Train Loss: 0.167 -- Validation Loss: 1.020 -- Validation ACC: 0.667 -- Validation F1: 0.769
2024-07-17,03:35:05 [INFO] Epoch: 20/30 -- Train Loss: 0.593 -- Validation Loss: 1.006 -- Validation ACC: 0.611 -- Validation F1: 0.720
2024-07-17,03:35:09 [INFO] Epoch: 24/30 -- Train Loss: 0.362 -- Validation Loss: 0.980 -- Validation ACC: 0.667 -- Validation F1: 0.769
2024-07-17,03:35:09 [INFO] Epoch: 25/30 -- Train Loss: 0.457 -- Validation Loss: 0.976 -- Validation ACC: 0.667 -- Validation F1: 0.769
2024-07-17,03:35:11 [INFO] Epoch: 26/30 -- Train Loss: 0.404 -- Validation Loss: 0.983 -- Validation ACC: 0.667 -- Validation F1: 0.769
2024-07-17,03:35:11 [INFO] Epoch: 27/30 -- Train Loss: 0.472 -- Validation Loss: 0.995 -- Validation ACC: 0.667 -- Validation F1: 0.769
2024-07-17,03:35:12 [INFO] Epoch: 28/30 -- Train Loss: 0.213 -- Validation Loss: 0.982 -- Validation ACC: 0.667 -- Validation F1: 0.769
2024-07-17,03:35:13 [INFO] Epoch: 29/30 -- Train Loss: 0.078 -- Validation Loss: 0.980 -- Validation ACC: 0.667 -- Validation F1: 0.769
2024-07-17,03:35:13 [INFO] Run 0/5: Average Over Last 6 epochs -- Valid ACC: 0.6666666666666666 -- Valid F1-score: 0.7692307829856873
2024-07-17,03:35:13 [INFO] Test Results of Run 0/5: -- Test Loss: 0.855 -- Test ACC: 0.678 -- Test F1: 0.722
2024-07-17,03:35:14 [INFO] Epoch: 0/30 -- Train Loss: 0.798 -- Validation Loss: 1.069 -- Validation ACC: 0.778 -- Validation F1: 0.857
2024-07-17,03:35:21 [INFO] Epoch: 10/30 -- Train Loss: 0.288 -- Validation Loss: 1.066 -- Validation ACC: 0.667 -- Validation F1: 0.769
2024-07-17,03:35:28 [INFO] Epoch: 20/30 -- Train Loss: 0.070 -- Validation Loss: 1.040 -- Validation ACC: 0.556 -- Validation F1: 0.667
2024-07-17,03:35:31 [INFO] Epoch: 24/30 -- Train Loss: 0.412 -- Validation Loss: 1.115 -- Validation ACC: 0.611 -- Validation F1: 0.741
2024-07-17,03:35:32 [INFO] Epoch: 25/30 -- Train Loss: 0.466 -- Validation Loss: 1.183 -- Validation ACC: 0.611 -- Validation F1: 0.741
2024-07-17,03:35:33 [INFO] Epoch: 26/30 -- Train Loss: 0.185 -- Validation Loss: 1.239 -- Validation ACC: 0.611 -- Validation F1: 0.741
2024-07-17,03:35:34 [INFO] Epoch: 27/30 -- Train Loss: 0.538 -- Validation Loss: 1.280 -- Validation ACC: 0.667 -- Validation F1: 0.786
2024-07-17,03:35:35 [INFO] Epoch: 28/30 -- Train Loss: 1.367 -- Validation Loss: 1.301 -- Validation ACC: 0.667 -- Validation F1: 0.786
2024-07-17,03:35:36 [INFO] Epoch: 29/30 -- Train Loss: 1.066 -- Validation Loss: 1.272 -- Validation ACC: 0.667 -- Validation F1: 0.786
2024-07-17,03:35:36 [INFO] Run 1/5: Average Over Last 6 epochs -- Valid ACC: 0.6388888888888888 -- Valid F1-score: 0.7632274925708771
2024-07-17,03:35:36 [INFO] Test Results of Run 1/5: -- Test Loss: 1.214 -- Test ACC: 0.661 -- Test F1: 0.748
2024-07-17,03:35:37 [INFO] Epoch: 0/30 -- Train Loss: 0.322 -- Validation Loss: 0.926 -- Validation ACC: 0.667 -- Validation F1: 0.769
2024-07-17,03:35:45 [INFO] Epoch: 10/30 -- Train Loss: 0.632 -- Validation Loss: 0.994 -- Validation ACC: 0.611 -- Validation F1: 0.720
2024-07-17,03:35:51 [INFO] Epoch: 20/30 -- Train Loss: 0.233 -- Validation Loss: 1.057 -- Validation ACC: 0.611 -- Validation F1: 0.720
2024-07-17,03:35:54 [INFO] Epoch: 24/30 -- Train Loss: 0.055 -- Validation Loss: 1.153 -- Validation ACC: 0.667 -- Validation F1: 0.769
2024-07-17,03:35:55 [INFO] Epoch: 25/30 -- Train Loss: 0.003 -- Validation Loss: 1.151 -- Validation ACC: 0.667 -- Validation F1: 0.769
2024-07-17,03:35:56 [INFO] Epoch: 26/30 -- Train Loss: 0.038 -- Validation Loss: 1.156 -- Validation ACC: 0.667 -- Validation F1: 0.769
2024-07-17,03:35:57 [INFO] Epoch: 27/30 -- Train Loss: 0.731 -- Validation Loss: 1.168 -- Validation ACC: 0.667 -- Validation F1: 0.769
2024-07-17,03:35:58 [INFO] Epoch: 28/30 -- Train Loss: 0.723 -- Validation Loss: 1.139 -- Validation ACC: 0.667 -- Validation F1: 0.769
2024-07-17,03:35:59 [INFO] Epoch: 29/30 -- Train Loss: 0.160 -- Validation Loss: 1.122 -- Validation ACC: 0.667 -- Validation F1: 0.769
2024-07-17,03:35:59 [INFO] Run 2/5: Average Over Last 6 epochs -- Valid ACC: 0.6666666666666666 -- Valid F1-score: 0.7692307829856873
2024-07-17,03:35:59 [INFO] Test Results of Run 2/5: -- Test Loss: 0.915 -- Test ACC: 0.687 -- Test F1: 0.723
2024-07-17,03:36:00 [INFO] Epoch: 0/30 -- Train Loss: 2.082 -- Validation Loss: 1.085 -- Validation ACC: 0.667 -- Validation F1: 0.786
2024-07-17,03:36:07 [INFO] Epoch: 10/30 -- Train Loss: 0.251 -- Validation Loss: 0.923 -- Validation ACC: 0.611 -- Validation F1: 0.720
2024-07-17,03:36:15 [INFO] Epoch: 20/30 -- Train Loss: 0.211 -- Validation Loss: 1.071 -- Validation ACC: 0.667 -- Validation F1: 0.769
2024-07-17,03:36:17 [INFO] Epoch: 24/30 -- Train Loss: 0.016 -- Validation Loss: 1.229 -- Validation ACC: 0.667 -- Validation F1: 0.769
2024-07-17,03:36:18 [INFO] Epoch: 25/30 -- Train Loss: 0.265 -- Validation Loss: 1.155 -- Validation ACC: 0.667 -- Validation F1: 0.769
2024-07-17,03:36:19 [INFO] Epoch: 26/30 -- Train Loss: 0.716 -- Validation Loss: 1.133 -- Validation ACC: 0.667 -- Validation F1: 0.769
2024-07-17,03:36:20 [INFO] Epoch: 27/30 -- Train Loss: 0.463 -- Validation Loss: 1.131 -- Validation ACC: 0.667 -- Validation F1: 0.769
2024-07-17,03:36:21 [INFO] Epoch: 28/30 -- Train Loss: 0.227 -- Validation Loss: 1.136 -- Validation ACC: 0.667 -- Validation F1: 0.769
2024-07-17,03:36:22 [INFO] Epoch: 29/30 -- Train Loss: 0.515 -- Validation Loss: 1.132 -- Validation ACC: 0.667 -- Validation F1: 0.769
2024-07-17,03:36:22 [INFO] Run 3/5: Average Over Last 6 epochs -- Valid ACC: 0.6666666666666666 -- Valid F1-score: 0.7692307829856873
2024-07-17,03:36:22 [INFO] Test Results of Run 3/5: -- Test Loss: 0.923 -- Test ACC: 0.678 -- Test F1: 0.718
2024-07-17,03:36:23 [INFO] Epoch: 0/30 -- Train Loss: 0.158 -- Validation Loss: 0.992 -- Validation ACC: 0.667 -- Validation F1: 0.769
2024-07-17,03:36:30 [INFO] Epoch: 10/30 -- Train Loss: 1.053 -- Validation Loss: 1.072 -- Validation ACC: 0.611 -- Validation F1: 0.720
2024-07-17,03:36:37 [INFO] Epoch: 20/30 -- Train Loss: 0.074 -- Validation Loss: 1.132 -- Validation ACC: 0.611 -- Validation F1: 0.720
2024-07-17,03:36:40 [INFO] Epoch: 24/30 -- Train Loss: 0.049 -- Validation Loss: 1.079 -- Validation ACC: 0.611 -- Validation F1: 0.720
2024-07-17,03:36:41 [INFO] Epoch: 25/30 -- Train Loss: 0.164 -- Validation Loss: 1.077 -- Validation ACC: 0.611 -- Validation F1: 0.720
2024-07-17,03:36:42 [INFO] Epoch: 26/30 -- Train Loss: 0.333 -- Validation Loss: 1.074 -- Validation ACC: 0.611 -- Validation F1: 0.720
2024-07-17,03:36:43 [INFO] Epoch: 27/30 -- Train Loss: 0.318 -- Validation Loss: 1.070 -- Validation ACC: 0.611 -- Validation F1: 0.720
2024-07-17,03:36:44 [INFO] Epoch: 28/30 -- Train Loss: 0.352 -- Validation Loss: 1.094 -- Validation ACC: 0.611 -- Validation F1: 0.720
2024-07-17,03:36:45 [INFO] Epoch: 29/30 -- Train Loss: 0.663 -- Validation Loss: 1.120 -- Validation ACC: 0.611 -- Validation F1: 0.720
2024-07-17,03:36:45 [INFO] Run 4/5: Average Over Last 6 epochs -- Valid ACC: 0.6111111111111112 -- Valid F1-score: 0.7200000286102295
2024-07-17,03:36:46 [INFO] Test Results of Run 4/5: -- Test Loss: 0.889 -- Test ACC: 0.687 -- Test F1: 0.739
2024-07-17,03:36:46 [INFO] Validation average after 5 runs -- ACC: 0.650 -- F1-score: 0.758
2024-07-17,03:36:46 [INFO] Test average after 5 runs -- ACC: 0.678 -- F1-score: 0.730
2024-07-17,03:36:46 [INFO] Finished round 2/10 of experiments!
2024-07-17,03:36:46 [INFO] Started round 3/10 of experiments!
2024-07-17,03:36:46 [INFO] Loading previous pretrained model at ./pretrained/GCN_Pretrained_2024-07-01-15-00-59.pth
2024-07-17,03:36:46 [INFO] Pretrained GNN on Source Dataset -- Test Loss: 0.746 -- Test ACC: 0.739 -- Test F1-score: 0.786
2024-07-17,03:36:47 [INFO] Pretrained GNN on Target Dataset Without Prompting: -- Validation Loss: 0.769 -- Validation ACC: 0.722 -- Validation F1-score: 0.706 -- Test Loss: 0.897 -- Test ACC: 0.748 -- Test F1-score: 0.810
2024-07-17,03:36:48 [INFO] Epoch: 0/30 -- Train Loss: 0.139 -- Validation Loss: 0.786 -- Validation ACC: 0.722 -- Validation F1: 0.706
2024-07-17,03:36:54 [INFO] Epoch: 10/30 -- Train Loss: 0.289 -- Validation Loss: 0.876 -- Validation ACC: 0.722 -- Validation F1: 0.667
2024-07-17,03:37:01 [INFO] Epoch: 20/30 -- Train Loss: 0.695 -- Validation Loss: 1.054 -- Validation ACC: 0.722 -- Validation F1: 0.737
2024-07-17,03:37:04 [INFO] Epoch: 24/30 -- Train Loss: 0.008 -- Validation Loss: 0.880 -- Validation ACC: 0.778 -- Validation F1: 0.778
2024-07-17,03:37:05 [INFO] Epoch: 25/30 -- Train Loss: 1.626 -- Validation Loss: 0.788 -- Validation ACC: 0.778 -- Validation F1: 0.778
2024-07-17,03:37:06 [INFO] Epoch: 26/30 -- Train Loss: 0.116 -- Validation Loss: 0.783 -- Validation ACC: 0.722 -- Validation F1: 0.667
2024-07-17,03:37:07 [INFO] Epoch: 27/30 -- Train Loss: 0.281 -- Validation Loss: 0.846 -- Validation ACC: 0.722 -- Validation F1: 0.667
2024-07-17,03:37:08 [INFO] Epoch: 28/30 -- Train Loss: 0.472 -- Validation Loss: 0.905 -- Validation ACC: 0.722 -- Validation F1: 0.667
2024-07-17,03:37:09 [INFO] Epoch: 29/30 -- Train Loss: 0.370 -- Validation Loss: 0.867 -- Validation ACC: 0.722 -- Validation F1: 0.667
2024-07-17,03:37:09 [INFO] Run 0/5: Average Over Last 6 epochs -- Valid ACC: 0.7407407407407408 -- Valid F1-score: 0.7037037213643392
2024-07-17,03:37:09 [INFO] Test Results of Run 0/5: -- Test Loss: 1.000 -- Test ACC: 0.678 -- Test F1: 0.741
2024-07-17,03:37:10 [INFO] Epoch: 0/30 -- Train Loss: 0.025 -- Validation Loss: 0.723 -- Validation ACC: 0.722 -- Validation F1: 0.706
2024-07-17,03:37:17 [INFO] Epoch: 10/30 -- Train Loss: 0.048 -- Validation Loss: 0.845 -- Validation ACC: 0.722 -- Validation F1: 0.706
2024-07-17,03:37:24 [INFO] Epoch: 20/30 -- Train Loss: 0.011 -- Validation Loss: 0.805 -- Validation ACC: 0.778 -- Validation F1: 0.778
2024-07-17,03:37:27 [INFO] Epoch: 24/30 -- Train Loss: 0.111 -- Validation Loss: 0.880 -- Validation ACC: 0.722 -- Validation F1: 0.737
2024-07-17,03:37:28 [INFO] Epoch: 25/30 -- Train Loss: 0.081 -- Validation Loss: 0.876 -- Validation ACC: 0.722 -- Validation F1: 0.737
2024-07-17,03:37:29 [INFO] Epoch: 26/30 -- Train Loss: 0.476 -- Validation Loss: 0.869 -- Validation ACC: 0.778 -- Validation F1: 0.778
2024-07-17,03:37:31 [INFO] Epoch: 27/30 -- Train Loss: 0.117 -- Validation Loss: 0.880 -- Validation ACC: 0.722 -- Validation F1: 0.737
2024-07-17,03:37:32 [INFO] Epoch: 28/30 -- Train Loss: 0.237 -- Validation Loss: 0.942 -- Validation ACC: 0.722 -- Validation F1: 0.737
2024-07-17,03:37:32 [INFO] Epoch: 29/30 -- Train Loss: 0.246 -- Validation Loss: 1.014 -- Validation ACC: 0.722 -- Validation F1: 0.737
2024-07-17,03:37:32 [INFO] Run 1/5: Average Over Last 6 epochs -- Valid ACC: 0.7314814814814815 -- Valid F1-score: 0.7436647117137909
2024-07-17,03:37:33 [INFO] Test Results of Run 1/5: -- Test Loss: 1.130 -- Test ACC: 0.757 -- Test F1: 0.829
2024-07-17,03:37:34 [INFO] Epoch: 0/30 -- Train Loss: 0.011 -- Validation Loss: 1.135 -- Validation ACC: 0.667 -- Validation F1: 0.700
2024-07-17,03:37:41 [INFO] Epoch: 10/30 -- Train Loss: 0.216 -- Validation Loss: 0.757 -- Validation ACC: 0.778 -- Validation F1: 0.750
2024-07-17,03:37:47 [INFO] Epoch: 20/30 -- Train Loss: 0.012 -- Validation Loss: 0.902 -- Validation ACC: 0.778 -- Validation F1: 0.778
2024-07-17,03:37:50 [INFO] Epoch: 24/30 -- Train Loss: 2.986 -- Validation Loss: 1.228 -- Validation ACC: 0.722 -- Validation F1: 0.737
2024-07-17,03:37:51 [INFO] Epoch: 25/30 -- Train Loss: 0.255 -- Validation Loss: 1.004 -- Validation ACC: 0.667 -- Validation F1: 0.667
2024-07-17,03:37:52 [INFO] Epoch: 26/30 -- Train Loss: 0.289 -- Validation Loss: 0.897 -- Validation ACC: 0.722 -- Validation F1: 0.706
2024-07-17,03:37:53 [INFO] Epoch: 27/30 -- Train Loss: 0.343 -- Validation Loss: 0.864 -- Validation ACC: 0.778 -- Validation F1: 0.750
2024-07-17,03:37:54 [INFO] Epoch: 28/30 -- Train Loss: 0.316 -- Validation Loss: 0.854 -- Validation ACC: 0.778 -- Validation F1: 0.750
2024-07-17,03:37:55 [INFO] Epoch: 29/30 -- Train Loss: 0.327 -- Validation Loss: 0.851 -- Validation ACC: 0.778 -- Validation F1: 0.750
2024-07-17,03:37:55 [INFO] Run 2/5: Average Over Last 6 epochs -- Valid ACC: 0.7407407407407408 -- Valid F1-score: 0.7265651921431223
2024-07-17,03:37:55 [INFO] Test Results of Run 2/5: -- Test Loss: 1.008 -- Test ACC: 0.730 -- Test F1: 0.792
2024-07-17,03:37:56 [INFO] Epoch: 0/30 -- Train Loss: 0.556 -- Validation Loss: 0.831 -- Validation ACC: 0.778 -- Validation F1: 0.778
2024-07-17,03:38:04 [INFO] Epoch: 10/30 -- Train Loss: 0.353 -- Validation Loss: 1.010 -- Validation ACC: 0.722 -- Validation F1: 0.706
2024-07-17,03:38:11 [INFO] Epoch: 20/30 -- Train Loss: 0.639 -- Validation Loss: 0.894 -- Validation ACC: 0.722 -- Validation F1: 0.667
2024-07-17,03:38:14 [INFO] Epoch: 24/30 -- Train Loss: 1.101 -- Validation Loss: 0.729 -- Validation ACC: 0.722 -- Validation F1: 0.667
2024-07-17,03:38:14 [INFO] Epoch: 25/30 -- Train Loss: 0.741 -- Validation Loss: 0.702 -- Validation ACC: 0.833 -- Validation F1: 0.824
2024-07-17,03:38:16 [INFO] Epoch: 26/30 -- Train Loss: 0.218 -- Validation Loss: 0.730 -- Validation ACC: 0.778 -- Validation F1: 0.778
2024-07-17,03:38:17 [INFO] Epoch: 27/30 -- Train Loss: 0.235 -- Validation Loss: 0.811 -- Validation ACC: 0.722 -- Validation F1: 0.737
2024-07-17,03:38:17 [INFO] Epoch: 28/30 -- Train Loss: 0.033 -- Validation Loss: 0.810 -- Validation ACC: 0.722 -- Validation F1: 0.737
2024-07-17,03:38:18 [INFO] Epoch: 29/30 -- Train Loss: 1.048 -- Validation Loss: 0.770 -- Validation ACC: 0.778 -- Validation F1: 0.778
2024-07-17,03:38:18 [INFO] Run 3/5: Average Over Last 6 epochs -- Valid ACC: 0.7592592592592594 -- Valid F1-score: 0.7532393137613932
2024-07-17,03:38:19 [INFO] Test Results of Run 3/5: -- Test Loss: 1.023 -- Test ACC: 0.757 -- Test F1: 0.825
2024-07-17,03:38:20 [INFO] Epoch: 0/30 -- Train Loss: 0.569 -- Validation Loss: 0.791 -- Validation ACC: 0.778 -- Validation F1: 0.750
2024-07-17,03:38:27 [INFO] Epoch: 10/30 -- Train Loss: 0.346 -- Validation Loss: 0.818 -- Validation ACC: 0.778 -- Validation F1: 0.750
2024-07-17,03:38:35 [INFO] Epoch: 20/30 -- Train Loss: 0.892 -- Validation Loss: 0.965 -- Validation ACC: 0.778 -- Validation F1: 0.750
2024-07-17,03:38:37 [INFO] Epoch: 24/30 -- Train Loss: 0.333 -- Validation Loss: 1.097 -- Validation ACC: 0.722 -- Validation F1: 0.706
2024-07-17,03:38:39 [INFO] Epoch: 25/30 -- Train Loss: 0.176 -- Validation Loss: 1.107 -- Validation ACC: 0.722 -- Validation F1: 0.706
2024-07-17,03:38:39 [INFO] Epoch: 26/30 -- Train Loss: 0.012 -- Validation Loss: 1.091 -- Validation ACC: 0.722 -- Validation F1: 0.706
2024-07-17,03:38:40 [INFO] Epoch: 27/30 -- Train Loss: 0.321 -- Validation Loss: 1.142 -- Validation ACC: 0.667 -- Validation F1: 0.667
2024-07-17,03:38:41 [INFO] Epoch: 28/30 -- Train Loss: 0.091 -- Validation Loss: 1.330 -- Validation ACC: 0.667 -- Validation F1: 0.700
2024-07-17,03:38:42 [INFO] Epoch: 29/30 -- Train Loss: 0.290 -- Validation Loss: 1.182 -- Validation ACC: 0.667 -- Validation F1: 0.667
2024-07-17,03:38:42 [INFO] Run 4/5: Average Over Last 6 epochs -- Valid ACC: 0.6944444444444443 -- Valid F1-score: 0.6918300787607828
2024-07-17,03:38:42 [INFO] Test Results of Run 4/5: -- Test Loss: 1.204 -- Test ACC: 0.748 -- Test F1: 0.820
2024-07-17,03:38:42 [INFO] Validation average after 5 runs -- ACC: 0.733 -- F1-score: 0.724
2024-07-17,03:38:42 [INFO] Test average after 5 runs -- ACC: 0.734 -- F1-score: 0.801
2024-07-17,03:38:42 [INFO] Finished round 3/10 of experiments!
2024-07-17,03:38:42 [INFO] Started round 4/10 of experiments!
2024-07-17,03:38:43 [INFO] Loading previous pretrained model at ./pretrained/GCN_Pretrained_2024-07-01-15-03-17.pth
2024-07-17,03:38:44 [INFO] Pretrained GNN on Source Dataset -- Test Loss: 1.048 -- Test ACC: 0.696 -- Test F1-score: 0.759
2024-07-17,03:38:44 [INFO] Pretrained GNN on Target Dataset Without Prompting: -- Validation Loss: 0.854 -- Validation ACC: 0.500 -- Validation F1-score: 0.571 -- Test Loss: 0.781 -- Test ACC: 0.713 -- Test F1-score: 0.784
2024-07-17,03:38:45 [INFO] Epoch: 0/30 -- Train Loss: 0.368 -- Validation Loss: 1.179 -- Validation ACC: 0.500 -- Validation F1: 0.571
2024-07-17,03:38:52 [INFO] Epoch: 10/30 -- Train Loss: 1.418 -- Validation Loss: 1.247 -- Validation ACC: 0.500 -- Validation F1: 0.571
2024-07-17,03:38:59 [INFO] Epoch: 20/30 -- Train Loss: 1.134 -- Validation Loss: 1.026 -- Validation ACC: 0.556 -- Validation F1: 0.600
2024-07-17,03:39:02 [INFO] Epoch: 24/30 -- Train Loss: 0.069 -- Validation Loss: 1.109 -- Validation ACC: 0.556 -- Validation F1: 0.600
2024-07-17,03:39:03 [INFO] Epoch: 25/30 -- Train Loss: 0.095 -- Validation Loss: 1.080 -- Validation ACC: 0.556 -- Validation F1: 0.600
2024-07-17,03:39:04 [INFO] Epoch: 26/30 -- Train Loss: 0.106 -- Validation Loss: 1.138 -- Validation ACC: 0.556 -- Validation F1: 0.600
2024-07-17,03:39:05 [INFO] Epoch: 27/30 -- Train Loss: 0.242 -- Validation Loss: 1.219 -- Validation ACC: 0.500 -- Validation F1: 0.571
2024-07-17,03:39:06 [INFO] Epoch: 28/30 -- Train Loss: 0.665 -- Validation Loss: 1.309 -- Validation ACC: 0.500 -- Validation F1: 0.571
2024-07-17,03:39:07 [INFO] Epoch: 29/30 -- Train Loss: 0.582 -- Validation Loss: 1.295 -- Validation ACC: 0.500 -- Validation F1: 0.571
2024-07-17,03:39:07 [INFO] Run 0/5: Average Over Last 6 epochs -- Valid ACC: 0.5277777777777778 -- Valid F1-score: 0.5857143104076385
2024-07-17,03:39:08 [INFO] Test Results of Run 0/5: -- Test Loss: 0.938 -- Test ACC: 0.713 -- Test F1: 0.798
2024-07-17,03:39:08 [INFO] Epoch: 0/30 -- Train Loss: 1.072 -- Validation Loss: 0.636 -- Validation ACC: 0.722 -- Validation F1: 0.706
2024-07-17,03:39:15 [INFO] Epoch: 10/30 -- Train Loss: 0.450 -- Validation Loss: 1.352 -- Validation ACC: 0.444 -- Validation F1: 0.545
2024-07-17,03:39:23 [INFO] Epoch: 20/30 -- Train Loss: 0.167 -- Validation Loss: 0.875 -- Validation ACC: 0.667 -- Validation F1: 0.667
2024-07-17,03:39:26 [INFO] Epoch: 24/30 -- Train Loss: 0.434 -- Validation Loss: 0.996 -- Validation ACC: 0.611 -- Validation F1: 0.632
2024-07-17,03:39:27 [INFO] Epoch: 25/30 -- Train Loss: 0.123 -- Validation Loss: 1.279 -- Validation ACC: 0.500 -- Validation F1: 0.571
2024-07-17,03:39:28 [INFO] Epoch: 26/30 -- Train Loss: 0.165 -- Validation Loss: 1.640 -- Validation ACC: 0.500 -- Validation F1: 0.571
2024-07-17,03:39:29 [INFO] Epoch: 27/30 -- Train Loss: 0.007 -- Validation Loss: 1.825 -- Validation ACC: 0.500 -- Validation F1: 0.571
2024-07-17,03:39:30 [INFO] Epoch: 28/30 -- Train Loss: 0.040 -- Validation Loss: 2.156 -- Validation ACC: 0.389 -- Validation F1: 0.522
2024-07-17,03:39:31 [INFO] Epoch: 29/30 -- Train Loss: 0.027 -- Validation Loss: 2.461 -- Validation ACC: 0.444 -- Validation F1: 0.583
2024-07-17,03:39:31 [INFO] Run 1/5: Average Over Last 6 epochs -- Valid ACC: 0.49074074074074076 -- Valid F1-score: 0.5751561919848124
2024-07-17,03:39:31 [INFO] Test Results of Run 1/5: -- Test Loss: 1.592 -- Test ACC: 0.652 -- Test F1: 0.778
2024-07-17,03:39:32 [INFO] Epoch: 0/30 -- Train Loss: 0.604 -- Validation Loss: 1.616 -- Validation ACC: 0.500 -- Validation F1: 0.609
2024-07-17,03:39:39 [INFO] Epoch: 10/30 -- Train Loss: 0.383 -- Validation Loss: 1.046 -- Validation ACC: 0.556 -- Validation F1: 0.600
2024-07-17,03:39:46 [INFO] Epoch: 20/30 -- Train Loss: 0.173 -- Validation Loss: 1.210 -- Validation ACC: 0.500 -- Validation F1: 0.609
2024-07-17,03:39:49 [INFO] Epoch: 24/30 -- Train Loss: 0.520 -- Validation Loss: 1.267 -- Validation ACC: 0.444 -- Validation F1: 0.545
2024-07-17,03:39:50 [INFO] Epoch: 25/30 -- Train Loss: 0.370 -- Validation Loss: 1.285 -- Validation ACC: 0.444 -- Validation F1: 0.545
2024-07-17,03:39:51 [INFO] Epoch: 26/30 -- Train Loss: 0.043 -- Validation Loss: 1.278 -- Validation ACC: 0.444 -- Validation F1: 0.545
2024-07-17,03:39:52 [INFO] Epoch: 27/30 -- Train Loss: 0.186 -- Validation Loss: 1.310 -- Validation ACC: 0.444 -- Validation F1: 0.545
2024-07-17,03:39:53 [INFO] Epoch: 28/30 -- Train Loss: 0.005 -- Validation Loss: 1.175 -- Validation ACC: 0.500 -- Validation F1: 0.571
2024-07-17,03:39:54 [INFO] Epoch: 29/30 -- Train Loss: 0.820 -- Validation Loss: 1.025 -- Validation ACC: 0.556 -- Validation F1: 0.600
2024-07-17,03:39:54 [INFO] Run 2/5: Average Over Last 6 epochs -- Valid ACC: 0.47222222222222215 -- Valid F1-score: 0.5588744779427847
2024-07-17,03:39:54 [INFO] Test Results of Run 2/5: -- Test Loss: 0.765 -- Test ACC: 0.765 -- Test F1: 0.828
2024-07-17,03:39:55 [INFO] Epoch: 0/30 -- Train Loss: 0.168 -- Validation Loss: 0.572 -- Validation ACC: 0.667 -- Validation F1: 0.571
2024-07-17,03:40:02 [INFO] Epoch: 10/30 -- Train Loss: 0.130 -- Validation Loss: 1.323 -- Validation ACC: 0.500 -- Validation F1: 0.571
2024-07-17,03:40:08 [INFO] Epoch: 20/30 -- Train Loss: 0.572 -- Validation Loss: 1.049 -- Validation ACC: 0.556 -- Validation F1: 0.556
2024-07-17,03:40:12 [INFO] Epoch: 24/30 -- Train Loss: 0.231 -- Validation Loss: 1.308 -- Validation ACC: 0.500 -- Validation F1: 0.571
2024-07-17,03:40:13 [INFO] Epoch: 25/30 -- Train Loss: 0.353 -- Validation Loss: 1.368 -- Validation ACC: 0.500 -- Validation F1: 0.571
2024-07-17,03:40:14 [INFO] Epoch: 26/30 -- Train Loss: 1.134 -- Validation Loss: 1.299 -- Validation ACC: 0.500 -- Validation F1: 0.571
2024-07-17,03:40:15 [INFO] Epoch: 27/30 -- Train Loss: 0.144 -- Validation Loss: 1.081 -- Validation ACC: 0.500 -- Validation F1: 0.526
2024-07-17,03:40:15 [INFO] Epoch: 28/30 -- Train Loss: 2.100 -- Validation Loss: 1.057 -- Validation ACC: 0.556 -- Validation F1: 0.556
2024-07-17,03:40:16 [INFO] Epoch: 29/30 -- Train Loss: 0.434 -- Validation Loss: 0.984 -- Validation ACC: 0.611 -- Validation F1: 0.588
2024-07-17,03:40:16 [INFO] Run 3/5: Average Over Last 6 epochs -- Valid ACC: 0.5277777777777778 -- Valid F1-score: 0.564065416653951
2024-07-17,03:40:17 [INFO] Test Results of Run 3/5: -- Test Loss: 0.728 -- Test ACC: 0.730 -- Test F1: 0.797
2024-07-17,03:40:18 [INFO] Epoch: 0/30 -- Train Loss: 0.159 -- Validation Loss: 0.894 -- Validation ACC: 0.556 -- Validation F1: 0.600
2024-07-17,03:40:26 [INFO] Epoch: 10/30 -- Train Loss: 0.009 -- Validation Loss: 1.904 -- Validation ACC: 0.500 -- Validation F1: 0.571
2024-07-17,03:40:33 [INFO] Epoch: 20/30 -- Train Loss: 0.717 -- Validation Loss: 0.964 -- Validation ACC: 0.667 -- Validation F1: 0.667
2024-07-17,03:40:36 [INFO] Epoch: 24/30 -- Train Loss: 0.254 -- Validation Loss: 1.231 -- Validation ACC: 0.500 -- Validation F1: 0.571
2024-07-17,03:40:37 [INFO] Epoch: 25/30 -- Train Loss: 0.031 -- Validation Loss: 1.325 -- Validation ACC: 0.444 -- Validation F1: 0.545
2024-07-17,03:40:38 [INFO] Epoch: 26/30 -- Train Loss: 0.039 -- Validation Loss: 1.615 -- Validation ACC: 0.500 -- Validation F1: 0.609
2024-07-17,03:40:39 [INFO] Epoch: 27/30 -- Train Loss: 0.072 -- Validation Loss: 1.840 -- Validation ACC: 0.500 -- Validation F1: 0.609
2024-07-17,03:40:40 [INFO] Epoch: 28/30 -- Train Loss: 0.083 -- Validation Loss: 1.868 -- Validation ACC: 0.500 -- Validation F1: 0.609
2024-07-17,03:40:41 [INFO] Epoch: 29/30 -- Train Loss: 0.324 -- Validation Loss: 1.783 -- Validation ACC: 0.500 -- Validation F1: 0.609
2024-07-17,03:40:41 [INFO] Run 4/5: Average Over Last 6 epochs -- Valid ACC: 0.49074074074074076 -- Valid F1-score: 0.5919442772865295
2024-07-17,03:40:41 [INFO] Test Results of Run 4/5: -- Test Loss: 1.127 -- Test ACC: 0.722 -- Test F1: 0.816
2024-07-17,03:40:41 [INFO] Validation average after 5 runs -- ACC: 0.502 -- F1-score: 0.575
2024-07-17,03:40:41 [INFO] Test average after 5 runs -- ACC: 0.717 -- F1-score: 0.803
2024-07-17,03:40:41 [INFO] Finished round 4/10 of experiments!
2024-07-17,03:40:41 [INFO] Started round 5/10 of experiments!
2024-07-17,03:40:42 [INFO] Setting for pretraining: Model: {'gnn_type': 'gcn', 'in_channels': 56, 'hidden_channels': 512, 'out_channels': 2, 'num_layers': 3, 'dropout': 0.4, 'with_bn': False, 'with_head': True} -- Optimizer: {'lr': 0.01, 'scheduler_step_size': 50, 'scheduler_gamma': 0.5, 'weight_decay': 0.0} -- Training: {'n_epochs': 100}
2024-07-17,03:40:42 [INFO] Loading previous pretrained model at ./pretrained/GCN_Pretrained_2024-07-01-15-05-37.pth
2024-07-17,03:40:42 [INFO] Prompting method: flex_match -- Setting: Prompting function: gpf_plus -- Target Dataset: DHFR
2024-07-17,03:40:42 [INFO] Setting for prompt tuning: Prompt: {'emb_dim': 56, 'h_dim': 512, 'output_dim': 56, 'prompt_fn': 'gpf_plus', 'token_num': 50, 'cross_prune': 0.8, 'inner_prune': 0.3, 'attn_with_param': False} -- Pretrained Model: {'gnn_type': 'gcn', 'in_channels': 56, 'hidden_channels': 512, 'out_channels': 2, 'num_layers': 3, 'dropout': 0.4, 'with_bn': False, 'with_head': True} -- Optimizer: {'lr': 0.01, 'scheduler_step_size': 50, 'scheduler_gamma': 0.5, 'weight_decay': 0.0} -- Training: {'aug_type': 'feature', 'pos_aug_mode': 'mask', 'p_raug': 0.15, 'n_epochs': 30, 'r_reg': 0.0, 'soft_label': False, 'clutering_iters': 3, 'iterative_clustering': False, 'entropy_div_ratio': 3, 'w_entropy_loss': 0.0, 'w_softmax_loss': 0.0, 'w_domain_loss': 0.0, 'light_aug_prob': 0.1, 'light_aug_mode': 'mask', 'num_classes': 2, 'cut_off': 0.7}
2024-07-17,03:40:42 [INFO] Prompt tuning started: Num runs: 5 -- Eval step: 10
2024-07-17,03:40:42 [INFO] Pretrained GNN on Source Dataset -- Test Loss: 0.768 -- Test ACC: 0.687 -- Test F1-score: 0.684
2024-07-17,03:40:42 [INFO] Pretrained GNN on Target Dataset Without Prompting: -- Validation Loss: 0.232 -- Validation ACC: 0.889 -- Validation F1-score: 0.900 -- Test Loss: 0.871 -- Test ACC: 0.722 -- Test F1-score: 0.754
2024-07-17,03:40:43 [INFO] Epoch: 0/30 -- Train Loss: 0.119 -- Validation Loss: 0.366 -- Validation ACC: 0.833 -- Validation F1: 0.870
2024-07-17,03:40:51 [INFO] Epoch: 10/30 -- Train Loss: 0.524 -- Validation Loss: 0.299 -- Validation ACC: 0.833 -- Validation F1: 0.824
2024-07-17,03:40:58 [INFO] Epoch: 20/30 -- Train Loss: 0.026 -- Validation Loss: 0.300 -- Validation ACC: 0.778 -- Validation F1: 0.778
2024-07-17,03:41:01 [INFO] Epoch: 24/30 -- Train Loss: 0.154 -- Validation Loss: 0.392 -- Validation ACC: 0.778 -- Validation F1: 0.750
2024-07-17,03:41:02 [INFO] Epoch: 25/30 -- Train Loss: 0.401 -- Validation Loss: 0.318 -- Validation ACC: 0.778 -- Validation F1: 0.750
2024-07-17,03:41:03 [INFO] Epoch: 26/30 -- Train Loss: 0.664 -- Validation Loss: 0.280 -- Validation ACC: 0.833 -- Validation F1: 0.842
2024-07-17,03:41:03 [INFO] Epoch: 27/30 -- Train Loss: 0.101 -- Validation Loss: 0.264 -- Validation ACC: 0.833 -- Validation F1: 0.842
2024-07-17,03:41:04 [INFO] Epoch: 28/30 -- Train Loss: 0.067 -- Validation Loss: 0.270 -- Validation ACC: 0.889 -- Validation F1: 0.900
2024-07-17,03:41:05 [INFO] Epoch: 29/30 -- Train Loss: 0.261 -- Validation Loss: 0.299 -- Validation ACC: 0.889 -- Validation F1: 0.900
2024-07-17,03:41:05 [INFO] Run 0/5: Average Over Last 6 epochs -- Valid ACC: 0.8333333333333334 -- Valid F1-score: 0.83070174853007
2024-07-17,03:41:05 [INFO] Test Results of Run 0/5: -- Test Loss: 0.951 -- Test ACC: 0.687 -- Test F1: 0.719
2024-07-17,03:41:06 [INFO] Epoch: 0/30 -- Train Loss: 0.373 -- Validation Loss: 0.319 -- Validation ACC: 0.889 -- Validation F1: 0.909
2024-07-17,03:41:13 [INFO] Epoch: 10/30 -- Train Loss: 0.387 -- Validation Loss: 0.438 -- Validation ACC: 0.778 -- Validation F1: 0.750
2024-07-17,03:41:20 [INFO] Epoch: 20/30 -- Train Loss: 0.013 -- Validation Loss: 0.406 -- Validation ACC: 0.778 -- Validation F1: 0.750
2024-07-17,03:41:23 [INFO] Epoch: 24/30 -- Train Loss: 0.343 -- Validation Loss: 0.327 -- Validation ACC: 0.778 -- Validation F1: 0.750
2024-07-17,03:41:24 [INFO] Epoch: 25/30 -- Train Loss: 0.276 -- Validation Loss: 0.305 -- Validation ACC: 0.778 -- Validation F1: 0.750
2024-07-17,03:41:25 [INFO] Epoch: 26/30 -- Train Loss: 0.305 -- Validation Loss: 0.297 -- Validation ACC: 0.778 -- Validation F1: 0.750
2024-07-17,03:41:26 [INFO] Epoch: 27/30 -- Train Loss: 0.144 -- Validation Loss: 0.331 -- Validation ACC: 0.778 -- Validation F1: 0.750
2024-07-17,03:41:27 [INFO] Epoch: 28/30 -- Train Loss: 0.442 -- Validation Loss: 0.361 -- Validation ACC: 0.778 -- Validation F1: 0.750
2024-07-17,03:41:28 [INFO] Epoch: 29/30 -- Train Loss: 0.286 -- Validation Loss: 0.387 -- Validation ACC: 0.778 -- Validation F1: 0.750
2024-07-17,03:41:28 [INFO] Run 1/5: Average Over Last 6 epochs -- Valid ACC: 0.7777777777777778 -- Valid F1-score: 0.75
2024-07-17,03:41:29 [INFO] Test Results of Run 1/5: -- Test Loss: 0.941 -- Test ACC: 0.652 -- Test F1: 0.649
2024-07-17,03:41:29 [INFO] Epoch: 0/30 -- Train Loss: 0.291 -- Validation Loss: 0.317 -- Validation ACC: 0.778 -- Validation F1: 0.750
2024-07-17,03:41:36 [INFO] Epoch: 10/30 -- Train Loss: 0.548 -- Validation Loss: 0.267 -- Validation ACC: 0.889 -- Validation F1: 0.889
2024-07-17,03:41:43 [INFO] Epoch: 20/30 -- Train Loss: 0.100 -- Validation Loss: 0.268 -- Validation ACC: 0.833 -- Validation F1: 0.824
2024-07-17,03:41:46 [INFO] Epoch: 24/30 -- Train Loss: 0.704 -- Validation Loss: 0.211 -- Validation ACC: 0.889 -- Validation F1: 0.900
2024-07-17,03:41:47 [INFO] Epoch: 25/30 -- Train Loss: 0.067 -- Validation Loss: 0.211 -- Validation ACC: 0.944 -- Validation F1: 0.947
2024-07-17,03:41:48 [INFO] Epoch: 26/30 -- Train Loss: 0.225 -- Validation Loss: 0.212 -- Validation ACC: 0.944 -- Validation F1: 0.947
2024-07-17,03:41:49 [INFO] Epoch: 27/30 -- Train Loss: 0.142 -- Validation Loss: 0.214 -- Validation ACC: 0.889 -- Validation F1: 0.900
2024-07-17,03:41:50 [INFO] Epoch: 28/30 -- Train Loss: 0.375 -- Validation Loss: 0.219 -- Validation ACC: 0.889 -- Validation F1: 0.900
2024-07-17,03:41:51 [INFO] Epoch: 29/30 -- Train Loss: 0.000 -- Validation Loss: 0.226 -- Validation ACC: 0.889 -- Validation F1: 0.900
2024-07-17,03:41:51 [INFO] Run 2/5: Average Over Last 6 epochs -- Valid ACC: 0.9074074074074074 -- Valid F1-score: 0.9157894651095072
2024-07-17,03:41:51 [INFO] Test Results of Run 2/5: -- Test Loss: 0.942 -- Test ACC: 0.670 -- Test F1: 0.703
2024-07-17,03:41:52 [INFO] Epoch: 0/30 -- Train Loss: 0.773 -- Validation Loss: 0.231 -- Validation ACC: 0.889 -- Validation F1: 0.900
2024-07-17,03:41:59 [INFO] Epoch: 10/30 -- Train Loss: 0.052 -- Validation Loss: 0.288 -- Validation ACC: 0.778 -- Validation F1: 0.778
2024-07-17,03:42:06 [INFO] Epoch: 20/30 -- Train Loss: 0.505 -- Validation Loss: 0.317 -- Validation ACC: 0.778 -- Validation F1: 0.750
2024-07-17,03:42:09 [INFO] Epoch: 24/30 -- Train Loss: 0.512 -- Validation Loss: 0.248 -- Validation ACC: 0.889 -- Validation F1: 0.900
2024-07-17,03:42:10 [INFO] Epoch: 25/30 -- Train Loss: 0.027 -- Validation Loss: 0.259 -- Validation ACC: 0.944 -- Validation F1: 0.952
2024-07-17,03:42:11 [INFO] Epoch: 26/30 -- Train Loss: 0.469 -- Validation Loss: 0.267 -- Validation ACC: 0.944 -- Validation F1: 0.952
2024-07-17,03:42:12 [INFO] Epoch: 27/30 -- Train Loss: 0.071 -- Validation Loss: 0.268 -- Validation ACC: 0.944 -- Validation F1: 0.952
2024-07-17,03:42:12 [INFO] Epoch: 28/30 -- Train Loss: 0.178 -- Validation Loss: 0.283 -- Validation ACC: 0.944 -- Validation F1: 0.952
2024-07-17,03:42:13 [INFO] Epoch: 29/30 -- Train Loss: 0.383 -- Validation Loss: 0.295 -- Validation ACC: 0.944 -- Validation F1: 0.952
2024-07-17,03:42:13 [INFO] Run 3/5: Average Over Last 6 epochs -- Valid ACC: 0.9351851851851852 -- Valid F1-score: 0.9436507920424143
2024-07-17,03:42:14 [INFO] Test Results of Run 3/5: -- Test Loss: 0.981 -- Test ACC: 0.696 -- Test F1: 0.745
2024-07-17,03:42:15 [INFO] Epoch: 0/30 -- Train Loss: 0.581 -- Validation Loss: 0.366 -- Validation ACC: 0.778 -- Validation F1: 0.750
2024-07-17,03:42:23 [INFO] Epoch: 10/30 -- Train Loss: 1.016 -- Validation Loss: 0.260 -- Validation ACC: 0.833 -- Validation F1: 0.842
2024-07-17,03:42:30 [INFO] Epoch: 20/30 -- Train Loss: 0.255 -- Validation Loss: 0.295 -- Validation ACC: 0.889 -- Validation F1: 0.900
2024-07-17,03:42:32 [INFO] Epoch: 24/30 -- Train Loss: 0.042 -- Validation Loss: 0.400 -- Validation ACC: 0.889 -- Validation F1: 0.909
2024-07-17,03:42:34 [INFO] Epoch: 25/30 -- Train Loss: 0.327 -- Validation Loss: 0.386 -- Validation ACC: 0.889 -- Validation F1: 0.909
2024-07-17,03:42:35 [INFO] Epoch: 26/30 -- Train Loss: 0.310 -- Validation Loss: 0.319 -- Validation ACC: 0.889 -- Validation F1: 0.900
2024-07-17,03:42:36 [INFO] Epoch: 27/30 -- Train Loss: 1.021 -- Validation Loss: 0.319 -- Validation ACC: 0.833 -- Validation F1: 0.842
2024-07-17,03:42:36 [INFO] Epoch: 28/30 -- Train Loss: 0.288 -- Validation Loss: 0.335 -- Validation ACC: 0.778 -- Validation F1: 0.778
2024-07-17,03:42:37 [INFO] Epoch: 29/30 -- Train Loss: 0.580 -- Validation Loss: 0.350 -- Validation ACC: 0.722 -- Validation F1: 0.706
2024-07-17,03:42:37 [INFO] Run 4/5: Average Over Last 6 epochs -- Valid ACC: 0.8333333333333334 -- Valid F1-score: 0.8406578799088796
2024-07-17,03:42:38 [INFO] Test Results of Run 4/5: -- Test Loss: 0.958 -- Test ACC: 0.661 -- Test F1: 0.661
2024-07-17,03:42:38 [INFO] Validation average after 5 runs -- ACC: 0.857 -- F1-score: 0.856
2024-07-17,03:42:38 [INFO] Test average after 5 runs -- ACC: 0.673 -- F1-score: 0.695
2024-07-17,03:42:38 [INFO] Finished round 5/10 of experiments!
2024-07-17,03:42:38 [INFO] Started round 6/10 of experiments!
2024-07-17,03:42:38 [INFO] Loading previous pretrained model at ./pretrained/GCN_Pretrained_2024-07-01-15-07-56.pth
2024-07-17,03:42:39 [INFO] Pretrained GNN on Source Dataset -- Test Loss: 0.661 -- Test ACC: 0.626 -- Test F1-score: 0.770
2024-07-17,03:42:39 [INFO] Pretrained GNN on Target Dataset Without Prompting: -- Validation Loss: 0.641 -- Validation ACC: 0.667 -- Validation F1-score: 0.800 -- Test Loss: 0.687 -- Test ACC: 0.574 -- Test F1-score: 0.729
2024-07-17,03:42:40 [INFO] Epoch: 0/30 -- Train Loss: 0.579 -- Validation Loss: 0.641 -- Validation ACC: 0.667 -- Validation F1: 0.800
2024-07-17,03:42:48 [INFO] Epoch: 10/30 -- Train Loss: 0.579 -- Validation Loss: 0.641 -- Validation ACC: 0.667 -- Validation F1: 0.800
2024-07-17,03:42:54 [INFO] Epoch: 20/30 -- Train Loss: 0.579 -- Validation Loss: 0.641 -- Validation ACC: 0.667 -- Validation F1: 0.800
2024-07-17,03:42:57 [INFO] Epoch: 24/30 -- Train Loss: 0.579 -- Validation Loss: 0.641 -- Validation ACC: 0.667 -- Validation F1: 0.800
2024-07-17,03:42:58 [INFO] Epoch: 25/30 -- Train Loss: 0.579 -- Validation Loss: 0.641 -- Validation ACC: 0.667 -- Validation F1: 0.800
2024-07-17,03:42:59 [INFO] Epoch: 26/30 -- Train Loss: 0.579 -- Validation Loss: 0.641 -- Validation ACC: 0.667 -- Validation F1: 0.800
2024-07-17,03:42:59 [INFO] Epoch: 27/30 -- Train Loss: 0.579 -- Validation Loss: 0.641 -- Validation ACC: 0.667 -- Validation F1: 0.800
2024-07-17,03:43:00 [INFO] Epoch: 28/30 -- Train Loss: 0.579 -- Validation Loss: 0.641 -- Validation ACC: 0.667 -- Validation F1: 0.800
2024-07-17,03:43:01 [INFO] Epoch: 29/30 -- Train Loss: 0.579 -- Validation Loss: 0.641 -- Validation ACC: 0.667 -- Validation F1: 0.800
2024-07-17,03:43:01 [INFO] Run 0/5: Average Over Last 6 epochs -- Valid ACC: 0.6666666666666666 -- Valid F1-score: 0.800000011920929
2024-07-17,03:43:02 [INFO] Test Results of Run 0/5: -- Test Loss: 0.687 -- Test ACC: 0.574 -- Test F1: 0.729
2024-07-17,03:43:02 [INFO] Epoch: 0/30 -- Train Loss: 0.579 -- Validation Loss: 0.641 -- Validation ACC: 0.667 -- Validation F1: 0.800
2024-07-17,03:43:09 [INFO] Epoch: 10/30 -- Train Loss: 0.579 -- Validation Loss: 0.641 -- Validation ACC: 0.667 -- Validation F1: 0.800
2024-07-17,03:43:16 [INFO] Epoch: 20/30 -- Train Loss: 0.579 -- Validation Loss: 0.641 -- Validation ACC: 0.667 -- Validation F1: 0.800
2024-07-17,03:43:20 [INFO] Epoch: 24/30 -- Train Loss: 0.579 -- Validation Loss: 0.641 -- Validation ACC: 0.667 -- Validation F1: 0.800
2024-07-17,03:43:21 [INFO] Epoch: 25/30 -- Train Loss: 0.579 -- Validation Loss: 0.641 -- Validation ACC: 0.667 -- Validation F1: 0.800
2024-07-17,03:43:22 [INFO] Epoch: 26/30 -- Train Loss: 0.579 -- Validation Loss: 0.641 -- Validation ACC: 0.667 -- Validation F1: 0.800
2024-07-17,03:43:23 [INFO] Epoch: 27/30 -- Train Loss: 0.579 -- Validation Loss: 0.641 -- Validation ACC: 0.667 -- Validation F1: 0.800
2024-07-17,03:43:24 [INFO] Epoch: 28/30 -- Train Loss: 0.579 -- Validation Loss: 0.641 -- Validation ACC: 0.667 -- Validation F1: 0.800
2024-07-17,03:43:25 [INFO] Epoch: 29/30 -- Train Loss: 0.579 -- Validation Loss: 0.641 -- Validation ACC: 0.667 -- Validation F1: 0.800
2024-07-17,03:43:25 [INFO] Run 1/5: Average Over Last 6 epochs -- Valid ACC: 0.6666666666666666 -- Valid F1-score: 0.800000011920929
2024-07-17,03:43:25 [INFO] Test Results of Run 1/5: -- Test Loss: 0.687 -- Test ACC: 0.574 -- Test F1: 0.729
2024-07-17,03:43:26 [INFO] Epoch: 0/30 -- Train Loss: 0.579 -- Validation Loss: 0.641 -- Validation ACC: 0.667 -- Validation F1: 0.800
2024-07-17,03:43:32 [INFO] Epoch: 10/30 -- Train Loss: 0.579 -- Validation Loss: 0.641 -- Validation ACC: 0.667 -- Validation F1: 0.800
2024-07-17,03:43:40 [INFO] Epoch: 20/30 -- Train Loss: 0.579 -- Validation Loss: 0.641 -- Validation ACC: 0.667 -- Validation F1: 0.800
2024-07-17,03:43:42 [INFO] Epoch: 24/30 -- Train Loss: 0.579 -- Validation Loss: 0.641 -- Validation ACC: 0.667 -- Validation F1: 0.800
2024-07-17,03:43:44 [INFO] Epoch: 25/30 -- Train Loss: 0.579 -- Validation Loss: 0.641 -- Validation ACC: 0.667 -- Validation F1: 0.800
2024-07-17,03:43:44 [INFO] Epoch: 26/30 -- Train Loss: 0.579 -- Validation Loss: 0.641 -- Validation ACC: 0.667 -- Validation F1: 0.800
2024-07-17,03:43:45 [INFO] Epoch: 27/30 -- Train Loss: 0.579 -- Validation Loss: 0.641 -- Validation ACC: 0.667 -- Validation F1: 0.800
2024-07-17,03:43:46 [INFO] Epoch: 28/30 -- Train Loss: 0.579 -- Validation Loss: 0.641 -- Validation ACC: 0.667 -- Validation F1: 0.800
2024-07-17,03:43:47 [INFO] Epoch: 29/30 -- Train Loss: 0.579 -- Validation Loss: 0.641 -- Validation ACC: 0.667 -- Validation F1: 0.800
2024-07-17,03:43:47 [INFO] Run 2/5: Average Over Last 6 epochs -- Valid ACC: 0.6666666666666666 -- Valid F1-score: 0.800000011920929
2024-07-17,03:43:48 [INFO] Test Results of Run 2/5: -- Test Loss: 0.687 -- Test ACC: 0.574 -- Test F1: 0.729
2024-07-17,03:43:49 [INFO] Epoch: 0/30 -- Train Loss: 0.579 -- Validation Loss: 0.641 -- Validation ACC: 0.667 -- Validation F1: 0.800
2024-07-17,03:43:55 [INFO] Epoch: 10/30 -- Train Loss: 0.579 -- Validation Loss: 0.641 -- Validation ACC: 0.667 -- Validation F1: 0.800
2024-07-17,03:44:03 [INFO] Epoch: 20/30 -- Train Loss: 0.579 -- Validation Loss: 0.641 -- Validation ACC: 0.667 -- Validation F1: 0.800
2024-07-17,03:44:06 [INFO] Epoch: 24/30 -- Train Loss: 0.579 -- Validation Loss: 0.641 -- Validation ACC: 0.667 -- Validation F1: 0.800
2024-07-17,03:44:07 [INFO] Epoch: 25/30 -- Train Loss: 0.579 -- Validation Loss: 0.641 -- Validation ACC: 0.667 -- Validation F1: 0.800
2024-07-17,03:44:08 [INFO] Epoch: 26/30 -- Train Loss: 0.579 -- Validation Loss: 0.641 -- Validation ACC: 0.667 -- Validation F1: 0.800
2024-07-17,03:44:08 [INFO] Epoch: 27/30 -- Train Loss: 0.579 -- Validation Loss: 0.641 -- Validation ACC: 0.667 -- Validation F1: 0.800
2024-07-17,03:44:09 [INFO] Epoch: 28/30 -- Train Loss: 0.579 -- Validation Loss: 0.641 -- Validation ACC: 0.667 -- Validation F1: 0.800
2024-07-17,03:44:11 [INFO] Epoch: 29/30 -- Train Loss: 0.579 -- Validation Loss: 0.641 -- Validation ACC: 0.667 -- Validation F1: 0.800
2024-07-17,03:44:11 [INFO] Run 3/5: Average Over Last 6 epochs -- Valid ACC: 0.6666666666666666 -- Valid F1-score: 0.800000011920929
2024-07-17,03:44:11 [INFO] Test Results of Run 3/5: -- Test Loss: 0.687 -- Test ACC: 0.574 -- Test F1: 0.729
2024-07-17,03:44:12 [INFO] Epoch: 0/30 -- Train Loss: 0.579 -- Validation Loss: 0.641 -- Validation ACC: 0.667 -- Validation F1: 0.800
2024-07-17,03:44:19 [INFO] Epoch: 10/30 -- Train Loss: 0.579 -- Validation Loss: 0.641 -- Validation ACC: 0.667 -- Validation F1: 0.800
2024-07-17,03:44:26 [INFO] Epoch: 20/30 -- Train Loss: 0.579 -- Validation Loss: 0.641 -- Validation ACC: 0.667 -- Validation F1: 0.800
2024-07-17,03:44:29 [INFO] Epoch: 24/30 -- Train Loss: 0.579 -- Validation Loss: 0.641 -- Validation ACC: 0.667 -- Validation F1: 0.800
2024-07-17,03:44:30 [INFO] Epoch: 25/30 -- Train Loss: 0.579 -- Validation Loss: 0.641 -- Validation ACC: 0.667 -- Validation F1: 0.800
2024-07-17,03:44:31 [INFO] Epoch: 26/30 -- Train Loss: 0.579 -- Validation Loss: 0.641 -- Validation ACC: 0.667 -- Validation F1: 0.800
2024-07-17,03:44:32 [INFO] Epoch: 27/30 -- Train Loss: 0.579 -- Validation Loss: 0.641 -- Validation ACC: 0.667 -- Validation F1: 0.800
2024-07-17,03:44:33 [INFO] Epoch: 28/30 -- Train Loss: 0.579 -- Validation Loss: 0.641 -- Validation ACC: 0.667 -- Validation F1: 0.800
2024-07-17,03:44:33 [INFO] Epoch: 29/30 -- Train Loss: 0.579 -- Validation Loss: 0.641 -- Validation ACC: 0.667 -- Validation F1: 0.800
2024-07-17,03:44:33 [INFO] Run 4/5: Average Over Last 6 epochs -- Valid ACC: 0.6666666666666666 -- Valid F1-score: 0.800000011920929
2024-07-17,03:44:34 [INFO] Test Results of Run 4/5: -- Test Loss: 0.687 -- Test ACC: 0.574 -- Test F1: 0.729
2024-07-17,03:44:34 [INFO] Validation average after 5 runs -- ACC: 0.667 -- F1-score: 0.800
2024-07-17,03:44:34 [INFO] Test average after 5 runs -- ACC: 0.574 -- F1-score: 0.729
2024-07-17,03:44:34 [INFO] Finished round 6/10 of experiments!
2024-07-17,03:44:34 [INFO] Started round 7/10 of experiments!
2024-07-17,03:44:34 [INFO] Loading previous pretrained model at ./pretrained/GCN_Pretrained_2024-07-01-15-10-20.pth
2024-07-17,03:44:35 [INFO] Pretrained GNN on Source Dataset -- Test Loss: 0.642 -- Test ACC: 0.670 -- Test F1-score: 0.708
2024-07-17,03:44:35 [INFO] Pretrained GNN on Target Dataset Without Prompting: -- Validation Loss: 0.357 -- Validation ACC: 0.833 -- Validation F1-score: 0.870 -- Test Loss: 0.708 -- Test ACC: 0.609 -- Test F1-score: 0.640
2024-07-17,03:44:36 [INFO] Epoch: 0/30 -- Train Loss: 0.344 -- Validation Loss: 0.295 -- Validation ACC: 0.833 -- Validation F1: 0.880
2024-07-17,03:44:44 [INFO] Epoch: 10/30 -- Train Loss: 0.555 -- Validation Loss: 0.306 -- Validation ACC: 0.833 -- Validation F1: 0.880
2024-07-17,03:44:51 [INFO] Epoch: 20/30 -- Train Loss: 0.348 -- Validation Loss: 0.304 -- Validation ACC: 0.833 -- Validation F1: 0.880
2024-07-17,03:44:54 [INFO] Epoch: 24/30 -- Train Loss: 0.324 -- Validation Loss: 0.310 -- Validation ACC: 0.833 -- Validation F1: 0.870
2024-07-17,03:44:54 [INFO] Epoch: 25/30 -- Train Loss: 0.318 -- Validation Loss: 0.289 -- Validation ACC: 0.833 -- Validation F1: 0.880
2024-07-17,03:44:55 [INFO] Epoch: 26/30 -- Train Loss: 1.039 -- Validation Loss: 0.294 -- Validation ACC: 0.889 -- Validation F1: 0.923
2024-07-17,03:44:56 [INFO] Epoch: 27/30 -- Train Loss: 0.180 -- Validation Loss: 0.297 -- Validation ACC: 0.833 -- Validation F1: 0.880
2024-07-17,03:44:57 [INFO] Epoch: 28/30 -- Train Loss: 0.514 -- Validation Loss: 0.307 -- Validation ACC: 0.833 -- Validation F1: 0.870
2024-07-17,03:44:58 [INFO] Epoch: 29/30 -- Train Loss: 0.520 -- Validation Loss: 0.311 -- Validation ACC: 0.833 -- Validation F1: 0.870
2024-07-17,03:44:58 [INFO] Run 0/5: Average Over Last 6 epochs -- Valid ACC: 0.8425925925925926 -- Valid F1-score: 0.8819620807965597
2024-07-17,03:44:59 [INFO] Test Results of Run 0/5: -- Test Loss: 0.722 -- Test ACC: 0.609 -- Test F1: 0.667
2024-07-17,03:45:00 [INFO] Epoch: 0/30 -- Train Loss: 0.722 -- Validation Loss: 0.299 -- Validation ACC: 0.833 -- Validation F1: 0.880
2024-07-17,03:45:06 [INFO] Epoch: 10/30 -- Train Loss: 0.181 -- Validation Loss: 0.366 -- Validation ACC: 0.778 -- Validation F1: 0.818
2024-07-17,03:45:13 [INFO] Epoch: 20/30 -- Train Loss: 0.158 -- Validation Loss: 0.277 -- Validation ACC: 0.889 -- Validation F1: 0.923
2024-07-17,03:45:16 [INFO] Epoch: 24/30 -- Train Loss: 0.112 -- Validation Loss: 0.280 -- Validation ACC: 0.833 -- Validation F1: 0.889
2024-07-17,03:45:17 [INFO] Epoch: 25/30 -- Train Loss: 0.474 -- Validation Loss: 0.283 -- Validation ACC: 0.889 -- Validation F1: 0.923
2024-07-17,03:45:18 [INFO] Epoch: 26/30 -- Train Loss: 0.809 -- Validation Loss: 0.302 -- Validation ACC: 0.833 -- Validation F1: 0.870
2024-07-17,03:45:19 [INFO] Epoch: 27/30 -- Train Loss: 0.465 -- Validation Loss: 0.346 -- Validation ACC: 0.833 -- Validation F1: 0.870
2024-07-17,03:45:20 [INFO] Epoch: 28/30 -- Train Loss: 0.296 -- Validation Loss: 0.368 -- Validation ACC: 0.833 -- Validation F1: 0.870
2024-07-17,03:45:21 [INFO] Epoch: 29/30 -- Train Loss: 0.832 -- Validation Loss: 0.361 -- Validation ACC: 0.833 -- Validation F1: 0.870
2024-07-17,03:45:21 [INFO] Run 1/5: Average Over Last 6 epochs -- Valid ACC: 0.8425925925925926 -- Valid F1-score: 0.8817044297854105
2024-07-17,03:45:21 [INFO] Test Results of Run 1/5: -- Test Loss: 0.711 -- Test ACC: 0.600 -- Test F1: 0.623
2024-07-17,03:45:22 [INFO] Epoch: 0/30 -- Train Loss: 0.284 -- Validation Loss: 0.338 -- Validation ACC: 0.833 -- Validation F1: 0.880
2024-07-17,03:45:29 [INFO] Epoch: 10/30 -- Train Loss: 0.420 -- Validation Loss: 0.356 -- Validation ACC: 0.778 -- Validation F1: 0.818
2024-07-17,03:45:36 [INFO] Epoch: 20/30 -- Train Loss: 0.474 -- Validation Loss: 0.346 -- Validation ACC: 0.833 -- Validation F1: 0.870
2024-07-17,03:45:39 [INFO] Epoch: 24/30 -- Train Loss: 0.123 -- Validation Loss: 0.303 -- Validation ACC: 0.833 -- Validation F1: 0.880
2024-07-17,03:45:40 [INFO] Epoch: 25/30 -- Train Loss: 0.182 -- Validation Loss: 0.304 -- Validation ACC: 0.889 -- Validation F1: 0.923
2024-07-17,03:45:41 [INFO] Epoch: 26/30 -- Train Loss: 0.596 -- Validation Loss: 0.306 -- Validation ACC: 0.889 -- Validation F1: 0.923
2024-07-17,03:45:42 [INFO] Epoch: 27/30 -- Train Loss: 0.519 -- Validation Loss: 0.302 -- Validation ACC: 0.889 -- Validation F1: 0.923
2024-07-17,03:45:42 [INFO] Epoch: 28/30 -- Train Loss: 0.270 -- Validation Loss: 0.305 -- Validation ACC: 0.889 -- Validation F1: 0.923
2024-07-17,03:45:43 [INFO] Epoch: 29/30 -- Train Loss: 0.594 -- Validation Loss: 0.332 -- Validation ACC: 0.889 -- Validation F1: 0.923
2024-07-17,03:45:43 [INFO] Run 2/5: Average Over Last 6 epochs -- Valid ACC: 0.8796296296296298 -- Valid F1-score: 0.9158974389235178
2024-07-17,03:45:44 [INFO] Test Results of Run 2/5: -- Test Loss: 0.899 -- Test ACC: 0.609 -- Test F1: 0.713
2024-07-17,03:45:45 [INFO] Epoch: 0/30 -- Train Loss: 0.429 -- Validation Loss: 0.488 -- Validation ACC: 0.722 -- Validation F1: 0.762
2024-07-17,03:45:51 [INFO] Epoch: 10/30 -- Train Loss: 0.557 -- Validation Loss: 0.383 -- Validation ACC: 0.833 -- Validation F1: 0.897
2024-07-17,03:45:58 [INFO] Epoch: 20/30 -- Train Loss: 0.362 -- Validation Loss: 0.287 -- Validation ACC: 0.833 -- Validation F1: 0.880
2024-07-17,03:46:01 [INFO] Epoch: 24/30 -- Train Loss: 0.173 -- Validation Loss: 0.319 -- Validation ACC: 0.833 -- Validation F1: 0.880
2024-07-17,03:46:02 [INFO] Epoch: 25/30 -- Train Loss: 0.414 -- Validation Loss: 0.324 -- Validation ACC: 0.833 -- Validation F1: 0.880
2024-07-17,03:46:03 [INFO] Epoch: 26/30 -- Train Loss: 0.447 -- Validation Loss: 0.331 -- Validation ACC: 0.778 -- Validation F1: 0.833
2024-07-17,03:46:04 [INFO] Epoch: 27/30 -- Train Loss: 0.502 -- Validation Loss: 0.330 -- Validation ACC: 0.778 -- Validation F1: 0.833
2024-07-17,03:46:05 [INFO] Epoch: 28/30 -- Train Loss: 0.715 -- Validation Loss: 0.323 -- Validation ACC: 0.778 -- Validation F1: 0.833
2024-07-17,03:46:06 [INFO] Epoch: 29/30 -- Train Loss: 0.624 -- Validation Loss: 0.327 -- Validation ACC: 0.833 -- Validation F1: 0.870
2024-07-17,03:46:06 [INFO] Run 3/5: Average Over Last 6 epochs -- Valid ACC: 0.8055555555555555 -- Valid F1-score: 0.8549275199572245
2024-07-17,03:46:06 [INFO] Test Results of Run 3/5: -- Test Loss: 0.706 -- Test ACC: 0.609 -- Test F1: 0.656
2024-07-17,03:46:07 [INFO] Epoch: 0/30 -- Train Loss: 0.715 -- Validation Loss: 0.308 -- Validation ACC: 0.833 -- Validation F1: 0.870
2024-07-17,03:46:14 [INFO] Epoch: 10/30 -- Train Loss: 0.888 -- Validation Loss: 0.261 -- Validation ACC: 0.889 -- Validation F1: 0.923
2024-07-17,03:46:21 [INFO] Epoch: 20/30 -- Train Loss: 0.484 -- Validation Loss: 0.305 -- Validation ACC: 0.833 -- Validation F1: 0.870
2024-07-17,03:46:24 [INFO] Epoch: 24/30 -- Train Loss: 0.469 -- Validation Loss: 0.306 -- Validation ACC: 0.778 -- Validation F1: 0.833
2024-07-17,03:46:25 [INFO] Epoch: 25/30 -- Train Loss: 0.439 -- Validation Loss: 0.311 -- Validation ACC: 0.778 -- Validation F1: 0.833
2024-07-17,03:46:26 [INFO] Epoch: 26/30 -- Train Loss: 0.542 -- Validation Loss: 0.327 -- Validation ACC: 0.778 -- Validation F1: 0.833
2024-07-17,03:46:27 [INFO] Epoch: 27/30 -- Train Loss: 0.587 -- Validation Loss: 0.335 -- Validation ACC: 0.778 -- Validation F1: 0.833
2024-07-17,03:46:28 [INFO] Epoch: 28/30 -- Train Loss: 0.538 -- Validation Loss: 0.349 -- Validation ACC: 0.833 -- Validation F1: 0.870
2024-07-17,03:46:29 [INFO] Epoch: 29/30 -- Train Loss: 0.656 -- Validation Loss: 0.350 -- Validation ACC: 0.833 -- Validation F1: 0.870
2024-07-17,03:46:29 [INFO] Run 4/5: Average Over Last 6 epochs -- Valid ACC: 0.7962962962962963 -- Valid F1-score: 0.8454106052716573
2024-07-17,03:46:29 [INFO] Test Results of Run 4/5: -- Test Loss: 0.706 -- Test ACC: 0.626 -- Test F1: 0.667
2024-07-17,03:46:29 [INFO] Validation average after 5 runs -- ACC: 0.833 -- F1-score: 0.876
2024-07-17,03:46:29 [INFO] Test average after 5 runs -- ACC: 0.610 -- F1-score: 0.665
2024-07-17,03:46:29 [INFO] Finished round 7/10 of experiments!
2024-07-17,03:46:29 [INFO] Started round 8/10 of experiments!
2024-07-17,03:46:30 [INFO] Loading previous pretrained model at ./pretrained/GCN_Pretrained_2024-07-01-15-12-47.pth
2024-07-17,03:46:30 [INFO] Pretrained GNN on Source Dataset -- Test Loss: 0.883 -- Test ACC: 0.696 -- Test F1-score: 0.733
2024-07-17,03:46:30 [INFO] Pretrained GNN on Target Dataset Without Prompting: -- Validation Loss: 0.933 -- Validation ACC: 0.833 -- Validation F1-score: 0.889 -- Test Loss: 1.174 -- Test ACC: 0.652 -- Test F1-score: 0.714
2024-07-17,03:46:31 [INFO] Epoch: 0/30 -- Train Loss: 0.810 -- Validation Loss: 1.008 -- Validation ACC: 0.722 -- Validation F1: 0.815
2024-07-17,03:46:39 [INFO] Epoch: 10/30 -- Train Loss: 0.459 -- Validation Loss: 1.139 -- Validation ACC: 0.778 -- Validation F1: 0.857
2024-07-17,03:46:46 [INFO] Epoch: 20/30 -- Train Loss: 0.559 -- Validation Loss: 1.128 -- Validation ACC: 0.722 -- Validation F1: 0.800
2024-07-17,03:46:49 [INFO] Epoch: 24/30 -- Train Loss: 0.430 -- Validation Loss: 1.153 -- Validation ACC: 0.778 -- Validation F1: 0.846
2024-07-17,03:46:50 [INFO] Epoch: 25/30 -- Train Loss: 0.672 -- Validation Loss: 1.169 -- Validation ACC: 0.778 -- Validation F1: 0.846
2024-07-17,03:46:51 [INFO] Epoch: 26/30 -- Train Loss: 0.456 -- Validation Loss: 1.194 -- Validation ACC: 0.722 -- Validation F1: 0.815
2024-07-17,03:46:52 [INFO] Epoch: 27/30 -- Train Loss: 0.311 -- Validation Loss: 1.221 -- Validation ACC: 0.722 -- Validation F1: 0.815
2024-07-17,03:46:53 [INFO] Epoch: 28/30 -- Train Loss: 0.383 -- Validation Loss: 1.228 -- Validation ACC: 0.722 -- Validation F1: 0.815
2024-07-17,03:46:54 [INFO] Epoch: 29/30 -- Train Loss: 0.253 -- Validation Loss: 1.246 -- Validation ACC: 0.722 -- Validation F1: 0.815
2024-07-17,03:46:54 [INFO] Run 0/5: Average Over Last 6 epochs -- Valid ACC: 0.7407407407407408 -- Valid F1-score: 0.8252611557642618
2024-07-17,03:46:54 [INFO] Test Results of Run 0/5: -- Test Loss: 1.386 -- Test ACC: 0.678 -- Test F1: 0.734
2024-07-17,03:46:55 [INFO] Epoch: 0/30 -- Train Loss: 0.093 -- Validation Loss: 0.934 -- Validation ACC: 0.778 -- Validation F1: 0.846
2024-07-17,03:47:02 [INFO] Epoch: 10/30 -- Train Loss: 0.321 -- Validation Loss: 1.406 -- Validation ACC: 0.722 -- Validation F1: 0.828
2024-07-17,03:47:09 [INFO] Epoch: 20/30 -- Train Loss: 0.255 -- Validation Loss: 1.014 -- Validation ACC: 0.722 -- Validation F1: 0.800
2024-07-17,03:47:12 [INFO] Epoch: 24/30 -- Train Loss: 0.169 -- Validation Loss: 0.896 -- Validation ACC: 0.833 -- Validation F1: 0.889
2024-07-17,03:47:13 [INFO] Epoch: 25/30 -- Train Loss: 0.332 -- Validation Loss: 0.888 -- Validation ACC: 0.833 -- Validation F1: 0.889
2024-07-17,03:47:14 [INFO] Epoch: 26/30 -- Train Loss: 0.105 -- Validation Loss: 0.883 -- Validation ACC: 0.833 -- Validation F1: 0.889
2024-07-17,03:47:15 [INFO] Epoch: 27/30 -- Train Loss: 0.064 -- Validation Loss: 0.884 -- Validation ACC: 0.833 -- Validation F1: 0.889
2024-07-17,03:47:16 [INFO] Epoch: 28/30 -- Train Loss: 0.130 -- Validation Loss: 0.887 -- Validation ACC: 0.833 -- Validation F1: 0.889
2024-07-17,03:47:17 [INFO] Epoch: 29/30 -- Train Loss: 0.042 -- Validation Loss: 0.892 -- Validation ACC: 0.833 -- Validation F1: 0.889
2024-07-17,03:47:17 [INFO] Run 1/5: Average Over Last 6 epochs -- Valid ACC: 0.8333333333333334 -- Valid F1-score: 0.8888888955116272
2024-07-17,03:47:17 [INFO] Test Results of Run 1/5: -- Test Loss: 1.486 -- Test ACC: 0.722 -- Test F1: 0.795
2024-07-17,03:47:18 [INFO] Epoch: 0/30 -- Train Loss: 0.437 -- Validation Loss: 1.034 -- Validation ACC: 0.778 -- Validation F1: 0.846
2024-07-17,03:47:25 [INFO] Epoch: 10/30 -- Train Loss: 0.117 -- Validation Loss: 1.100 -- Validation ACC: 0.778 -- Validation F1: 0.833
2024-07-17,03:47:32 [INFO] Epoch: 20/30 -- Train Loss: 0.093 -- Validation Loss: 0.994 -- Validation ACC: 0.778 -- Validation F1: 0.846
2024-07-17,03:47:35 [INFO] Epoch: 24/30 -- Train Loss: 0.069 -- Validation Loss: 1.190 -- Validation ACC: 0.722 -- Validation F1: 0.815
2024-07-17,03:47:36 [INFO] Epoch: 25/30 -- Train Loss: 0.362 -- Validation Loss: 1.234 -- Validation ACC: 0.778 -- Validation F1: 0.857
2024-07-17,03:47:37 [INFO] Epoch: 26/30 -- Train Loss: 0.546 -- Validation Loss: 1.299 -- Validation ACC: 0.778 -- Validation F1: 0.857
2024-07-17,03:47:38 [INFO] Epoch: 27/30 -- Train Loss: 0.714 -- Validation Loss: 1.356 -- Validation ACC: 0.778 -- Validation F1: 0.857
2024-07-17,03:47:39 [INFO] Epoch: 28/30 -- Train Loss: 0.339 -- Validation Loss: 1.388 -- Validation ACC: 0.722 -- Validation F1: 0.828
2024-07-17,03:47:39 [INFO] Epoch: 29/30 -- Train Loss: 1.038 -- Validation Loss: 1.422 -- Validation ACC: 0.722 -- Validation F1: 0.828
2024-07-17,03:47:39 [INFO] Run 2/5: Average Over Last 6 epochs -- Valid ACC: 0.75 -- Valid F1-score: 0.8402359783649445
2024-07-17,03:47:40 [INFO] Test Results of Run 2/5: -- Test Loss: 1.467 -- Test ACC: 0.713 -- Test F1: 0.781
2024-07-17,03:47:41 [INFO] Epoch: 0/30 -- Train Loss: 0.253 -- Validation Loss: 1.129 -- Validation ACC: 0.833 -- Validation F1: 0.889
2024-07-17,03:47:48 [INFO] Epoch: 10/30 -- Train Loss: 0.176 -- Validation Loss: 1.178 -- Validation ACC: 0.778 -- Validation F1: 0.857
2024-07-17,03:47:55 [INFO] Epoch: 20/30 -- Train Loss: 0.474 -- Validation Loss: 1.134 -- Validation ACC: 0.778 -- Validation F1: 0.857
2024-07-17,03:47:59 [INFO] Epoch: 24/30 -- Train Loss: 0.026 -- Validation Loss: 1.161 -- Validation ACC: 0.778 -- Validation F1: 0.857
2024-07-17,03:48:00 [INFO] Epoch: 25/30 -- Train Loss: 0.638 -- Validation Loss: 1.178 -- Validation ACC: 0.778 -- Validation F1: 0.857
2024-07-17,03:48:01 [INFO] Epoch: 26/30 -- Train Loss: 0.226 -- Validation Loss: 1.188 -- Validation ACC: 0.778 -- Validation F1: 0.857
2024-07-17,03:48:01 [INFO] Epoch: 27/30 -- Train Loss: 0.349 -- Validation Loss: 1.151 -- Validation ACC: 0.778 -- Validation F1: 0.857
2024-07-17,03:48:02 [INFO] Epoch: 28/30 -- Train Loss: 0.006 -- Validation Loss: 1.102 -- Validation ACC: 0.778 -- Validation F1: 0.857
2024-07-17,03:48:03 [INFO] Epoch: 29/30 -- Train Loss: 0.306 -- Validation Loss: 1.065 -- Validation ACC: 0.778 -- Validation F1: 0.846
2024-07-17,03:48:03 [INFO] Run 3/5: Average Over Last 6 epochs -- Valid ACC: 0.7777777777777778 -- Valid F1-score: 0.8553113639354706
2024-07-17,03:48:04 [INFO] Test Results of Run 3/5: -- Test Loss: 1.312 -- Test ACC: 0.670 -- Test F1: 0.729
2024-07-17,03:48:04 [INFO] Epoch: 0/30 -- Train Loss: 0.151 -- Validation Loss: 1.029 -- Validation ACC: 0.833 -- Validation F1: 0.889
2024-07-17,03:48:12 [INFO] Epoch: 10/30 -- Train Loss: 0.306 -- Validation Loss: 1.085 -- Validation ACC: 0.778 -- Validation F1: 0.833
2024-07-17,03:48:19 [INFO] Epoch: 20/30 -- Train Loss: 0.072 -- Validation Loss: 1.389 -- Validation ACC: 0.722 -- Validation F1: 0.828
2024-07-17,03:48:22 [INFO] Epoch: 24/30 -- Train Loss: 0.464 -- Validation Loss: 1.301 -- Validation ACC: 0.778 -- Validation F1: 0.857
2024-07-17,03:48:23 [INFO] Epoch: 25/30 -- Train Loss: 0.124 -- Validation Loss: 1.239 -- Validation ACC: 0.778 -- Validation F1: 0.857
2024-07-17,03:48:24 [INFO] Epoch: 26/30 -- Train Loss: 0.216 -- Validation Loss: 1.208 -- Validation ACC: 0.833 -- Validation F1: 0.889
2024-07-17,03:48:25 [INFO] Epoch: 27/30 -- Train Loss: 0.263 -- Validation Loss: 1.220 -- Validation ACC: 0.833 -- Validation F1: 0.889
2024-07-17,03:48:26 [INFO] Epoch: 28/30 -- Train Loss: 0.050 -- Validation Loss: 1.236 -- Validation ACC: 0.778 -- Validation F1: 0.846
2024-07-17,03:48:27 [INFO] Epoch: 29/30 -- Train Loss: 0.439 -- Validation Loss: 1.251 -- Validation ACC: 0.833 -- Validation F1: 0.889
2024-07-17,03:48:27 [INFO] Run 4/5: Average Over Last 6 epochs -- Valid ACC: 0.8055555555555555 -- Valid F1-score: 0.871184378862381
2024-07-17,03:48:27 [INFO] Test Results of Run 4/5: -- Test Loss: 1.587 -- Test ACC: 0.687 -- Test F1: 0.743
2024-07-17,03:48:27 [INFO] Validation average after 5 runs -- ACC: 0.781 -- F1-score: 0.856
2024-07-17,03:48:27 [INFO] Test average after 5 runs -- ACC: 0.694 -- F1-score: 0.756
2024-07-17,03:48:27 [INFO] Finished round 8/10 of experiments!
2024-07-17,03:48:27 [INFO] Started round 9/10 of experiments!
2024-07-17,03:48:28 [INFO] Loading previous pretrained model at ./pretrained/GCN_Pretrained_2024-07-01-15-15-13.pth
2024-07-17,03:48:28 [INFO] Pretrained GNN on Source Dataset -- Test Loss: 0.947 -- Test ACC: 0.757 -- Test F1-score: 0.785
2024-07-17,03:48:29 [INFO] Pretrained GNN on Target Dataset Without Prompting: -- Validation Loss: 0.804 -- Validation ACC: 0.722 -- Validation F1-score: 0.762 -- Test Loss: 0.876 -- Test ACC: 0.739 -- Test F1-score: 0.789
2024-07-17,03:48:30 [INFO] Epoch: 0/30 -- Train Loss: 0.700 -- Validation Loss: 0.746 -- Validation ACC: 0.778 -- Validation F1: 0.818
2024-07-17,03:48:37 [INFO] Epoch: 10/30 -- Train Loss: 0.175 -- Validation Loss: 0.755 -- Validation ACC: 0.722 -- Validation F1: 0.762
2024-07-17,03:48:44 [INFO] Epoch: 20/30 -- Train Loss: 0.930 -- Validation Loss: 0.837 -- Validation ACC: 0.722 -- Validation F1: 0.762
2024-07-17,03:48:46 [INFO] Epoch: 24/30 -- Train Loss: 0.157 -- Validation Loss: 1.085 -- Validation ACC: 0.611 -- Validation F1: 0.632
2024-07-17,03:48:47 [INFO] Epoch: 25/30 -- Train Loss: 2.328 -- Validation Loss: 1.045 -- Validation ACC: 0.611 -- Validation F1: 0.632
2024-07-17,03:48:48 [INFO] Epoch: 26/30 -- Train Loss: 0.206 -- Validation Loss: 0.982 -- Validation ACC: 0.667 -- Validation F1: 0.700
2024-07-17,03:48:49 [INFO] Epoch: 27/30 -- Train Loss: 0.006 -- Validation Loss: 0.856 -- Validation ACC: 0.722 -- Validation F1: 0.762
2024-07-17,03:48:50 [INFO] Epoch: 28/30 -- Train Loss: 0.551 -- Validation Loss: 0.752 -- Validation ACC: 0.722 -- Validation F1: 0.762
2024-07-17,03:48:51 [INFO] Epoch: 29/30 -- Train Loss: 0.134 -- Validation Loss: 0.681 -- Validation ACC: 0.722 -- Validation F1: 0.762
2024-07-17,03:48:51 [INFO] Run 0/5: Average Over Last 6 epochs -- Valid ACC: 0.6759259259259259 -- Valid F1-score: 0.7081453601519266
2024-07-17,03:48:52 [INFO] Test Results of Run 0/5: -- Test Loss: 0.977 -- Test ACC: 0.748 -- Test F1: 0.803
2024-07-17,03:48:53 [INFO] Epoch: 0/30 -- Train Loss: 0.086 -- Validation Loss: 0.847 -- Validation ACC: 0.722 -- Validation F1: 0.762
2024-07-17,03:48:59 [INFO] Epoch: 10/30 -- Train Loss: 0.289 -- Validation Loss: 0.510 -- Validation ACC: 0.889 -- Validation F1: 0.917
2024-07-17,03:49:06 [INFO] Epoch: 20/30 -- Train Loss: 0.131 -- Validation Loss: 0.590 -- Validation ACC: 0.778 -- Validation F1: 0.818
2024-07-17,03:49:10 [INFO] Epoch: 24/30 -- Train Loss: 1.141 -- Validation Loss: 0.785 -- Validation ACC: 0.722 -- Validation F1: 0.762
2024-07-17,03:49:10 [INFO] Epoch: 25/30 -- Train Loss: 0.684 -- Validation Loss: 0.825 -- Validation ACC: 0.722 -- Validation F1: 0.762
2024-07-17,03:49:11 [INFO] Epoch: 26/30 -- Train Loss: 0.713 -- Validation Loss: 0.817 -- Validation ACC: 0.722 -- Validation F1: 0.762
2024-07-17,03:49:12 [INFO] Epoch: 27/30 -- Train Loss: 0.120 -- Validation Loss: 0.810 -- Validation ACC: 0.722 -- Validation F1: 0.762
2024-07-17,03:49:13 [INFO] Epoch: 28/30 -- Train Loss: 0.477 -- Validation Loss: 0.826 -- Validation ACC: 0.722 -- Validation F1: 0.762
2024-07-17,03:49:14 [INFO] Epoch: 29/30 -- Train Loss: 0.111 -- Validation Loss: 0.823 -- Validation ACC: 0.778 -- Validation F1: 0.818
2024-07-17,03:49:14 [INFO] Run 1/5: Average Over Last 6 epochs -- Valid ACC: 0.7314814814814815 -- Valid F1-score: 0.771284282207489
2024-07-17,03:49:15 [INFO] Test Results of Run 1/5: -- Test Loss: 0.955 -- Test ACC: 0.739 -- Test F1: 0.797
2024-07-17,03:49:15 [INFO] Epoch: 0/30 -- Train Loss: 0.864 -- Validation Loss: 0.829 -- Validation ACC: 0.722 -- Validation F1: 0.762
2024-07-17,03:49:23 [INFO] Epoch: 10/30 -- Train Loss: 0.179 -- Validation Loss: 0.767 -- Validation ACC: 0.722 -- Validation F1: 0.762
2024-07-17,03:49:30 [INFO] Epoch: 20/30 -- Train Loss: 1.602 -- Validation Loss: 0.705 -- Validation ACC: 0.722 -- Validation F1: 0.783
2024-07-17,03:49:33 [INFO] Epoch: 24/30 -- Train Loss: 0.031 -- Validation Loss: 0.915 -- Validation ACC: 0.722 -- Validation F1: 0.762
2024-07-17,03:49:34 [INFO] Epoch: 25/30 -- Train Loss: 0.036 -- Validation Loss: 0.992 -- Validation ACC: 0.722 -- Validation F1: 0.762
2024-07-17,03:49:35 [INFO] Epoch: 26/30 -- Train Loss: 0.332 -- Validation Loss: 1.070 -- Validation ACC: 0.722 -- Validation F1: 0.762
2024-07-17,03:49:36 [INFO] Epoch: 27/30 -- Train Loss: 1.854 -- Validation Loss: 1.102 -- Validation ACC: 0.667 -- Validation F1: 0.700
2024-07-17,03:49:37 [INFO] Epoch: 28/30 -- Train Loss: 0.526 -- Validation Loss: 1.077 -- Validation ACC: 0.722 -- Validation F1: 0.762
2024-07-17,03:49:38 [INFO] Epoch: 29/30 -- Train Loss: 0.030 -- Validation Loss: 1.058 -- Validation ACC: 0.722 -- Validation F1: 0.762
2024-07-17,03:49:38 [INFO] Run 2/5: Average Over Last 6 epochs -- Valid ACC: 0.7129629629629629 -- Valid F1-score: 0.7515873114267985
2024-07-17,03:49:38 [INFO] Test Results of Run 2/5: -- Test Loss: 1.049 -- Test ACC: 0.670 -- Test F1: 0.708
2024-07-17,03:49:39 [INFO] Epoch: 0/30 -- Train Loss: 0.510 -- Validation Loss: 0.877 -- Validation ACC: 0.722 -- Validation F1: 0.762
2024-07-17,03:49:46 [INFO] Epoch: 10/30 -- Train Loss: 0.279 -- Validation Loss: 0.828 -- Validation ACC: 0.722 -- Validation F1: 0.762
2024-07-17,03:49:53 [INFO] Epoch: 20/30 -- Train Loss: 0.413 -- Validation Loss: 0.830 -- Validation ACC: 0.722 -- Validation F1: 0.762
2024-07-17,03:49:55 [INFO] Epoch: 24/30 -- Train Loss: 0.474 -- Validation Loss: 0.748 -- Validation ACC: 0.722 -- Validation F1: 0.762
2024-07-17,03:49:56 [INFO] Epoch: 25/30 -- Train Loss: 0.063 -- Validation Loss: 0.794 -- Validation ACC: 0.667 -- Validation F1: 0.700
2024-07-17,03:49:57 [INFO] Epoch: 26/30 -- Train Loss: 0.078 -- Validation Loss: 0.818 -- Validation ACC: 0.667 -- Validation F1: 0.700
2024-07-17,03:49:58 [INFO] Epoch: 27/30 -- Train Loss: 0.020 -- Validation Loss: 0.793 -- Validation ACC: 0.667 -- Validation F1: 0.700
2024-07-17,03:49:59 [INFO] Epoch: 28/30 -- Train Loss: 0.206 -- Validation Loss: 0.735 -- Validation ACC: 0.722 -- Validation F1: 0.762
2024-07-17,03:50:00 [INFO] Epoch: 29/30 -- Train Loss: 0.036 -- Validation Loss: 0.671 -- Validation ACC: 0.722 -- Validation F1: 0.762
2024-07-17,03:50:00 [INFO] Run 3/5: Average Over Last 6 epochs -- Valid ACC: 0.6944444444444443 -- Valid F1-score: 0.7309523820877075
2024-07-17,03:50:00 [INFO] Test Results of Run 3/5: -- Test Loss: 0.982 -- Test ACC: 0.757 -- Test F1: 0.797
2024-07-17,03:50:01 [INFO] Epoch: 0/30 -- Train Loss: 0.015 -- Validation Loss: 0.955 -- Validation ACC: 0.722 -- Validation F1: 0.762
2024-07-17,03:50:08 [INFO] Epoch: 10/30 -- Train Loss: 0.140 -- Validation Loss: 0.796 -- Validation ACC: 0.722 -- Validation F1: 0.762
2024-07-17,03:50:15 [INFO] Epoch: 20/30 -- Train Loss: 0.027 -- Validation Loss: 0.868 -- Validation ACC: 0.722 -- Validation F1: 0.762
2024-07-17,03:50:18 [INFO] Epoch: 24/30 -- Train Loss: 0.025 -- Validation Loss: 0.849 -- Validation ACC: 0.778 -- Validation F1: 0.818
2024-07-17,03:50:19 [INFO] Epoch: 25/30 -- Train Loss: 0.163 -- Validation Loss: 0.848 -- Validation ACC: 0.778 -- Validation F1: 0.818
2024-07-17,03:50:20 [INFO] Epoch: 26/30 -- Train Loss: 0.018 -- Validation Loss: 0.842 -- Validation ACC: 0.722 -- Validation F1: 0.762
2024-07-17,03:50:21 [INFO] Epoch: 27/30 -- Train Loss: 0.634 -- Validation Loss: 0.812 -- Validation ACC: 0.778 -- Validation F1: 0.818
2024-07-17,03:50:22 [INFO] Epoch: 28/30 -- Train Loss: 0.016 -- Validation Loss: 0.838 -- Validation ACC: 0.722 -- Validation F1: 0.762
2024-07-17,03:50:23 [INFO] Epoch: 29/30 -- Train Loss: 0.178 -- Validation Loss: 0.890 -- Validation ACC: 0.722 -- Validation F1: 0.762
2024-07-17,03:50:23 [INFO] Run 4/5: Average Over Last 6 epochs -- Valid ACC: 0.75 -- Valid F1-score: 0.790043294429779
2024-07-17,03:50:23 [INFO] Test Results of Run 4/5: -- Test Loss: 0.935 -- Test ACC: 0.713 -- Test F1: 0.756
2024-07-17,03:50:23 [INFO] Validation average after 5 runs -- ACC: 0.713 -- F1-score: 0.750
2024-07-17,03:50:23 [INFO] Test average after 5 runs -- ACC: 0.725 -- F1-score: 0.772
2024-07-17,03:50:23 [INFO] Finished round 9/10 of experiments!
2024-07-17,03:50:23 [INFO] Final results: -- Source Test Acc: 0.703 -- Source Test F1: 0.750 -- Target Valid Acc: 0.711 -- Target Valid F1: 0.770 -- Target Test Acc: 0.686 -- Target Test F1: 0.747 -- Prompt Test Acc: 0.683 -- Prompt Valid Acc: 0.700 -- Prompt Test F1: 0.749 -- Prompt Valid F1: 0.761
2024-07-17,03:50:23 [INFO] Pretrained modela are saved to: ./pretrained/GCN_Pretrained_2024-07-01-14-54-05.pth ./pretrained/GCN_Pretrained_2024-07-01-14-56-23.pth ./pretrained/GCN_Pretrained_2024-07-01-14-58-41.pth ./pretrained/GCN_Pretrained_2024-07-01-15-00-59.pth ./pretrained/GCN_Pretrained_2024-07-01-15-03-17.pth ./pretrained/GCN_Pretrained_2024-07-01-15-05-37.pth ./pretrained/GCN_Pretrained_2024-07-01-15-07-56.pth ./pretrained/GCN_Pretrained_2024-07-01-15-10-20.pth ./pretrained/GCN_Pretrained_2024-07-01-15-12-47.pth ./pretrained/GCN_Pretrained_2024-07-01-15-15-13.pth
