2024-07-23,04:45:59 [INFO] Logging to: ./log/2024-07-23-04-45-59.log
2024-07-23,04:45:59 [INFO] Reading config from: ./config/cora.yaml
2024-07-23,04:45:59 [INFO] Namespace(total_iters=10, prompt_method='all_in_one_original', s_dataset='Cora', t_dataset='Cora', prompt_fn='gpf_plus', shift_type='structural', p_shift_intra=0.0, p_shift_inter=0.0, pretrain=True, save_pretrained=False, soft_label=False, add_link_loss=False, attn_with_param=False, empty_pretrained_dir=False, iterative_clustering=False, clutering_iters=3, entropy_div_ratio=3, w_entropy_loss=0.0, w_softmax_loss=0.0, w_domain_loss=0.0, r_reg=0.0, gnn_weight_decay=0.0, weight_decay=0.0, gnn_type='gcn', gnn_num_layers=3, pretrained_path=['./pretrained/GCN_Pretrained_2024-06-27-18-26-24.pth', './pretrained/GCN_Pretrained_2024-06-27-18-28-59.pth', './pretrained/GCN_Pretrained_2024-06-27-18-31-37.pth', './pretrained/GCN_Pretrained_2024-06-27-18-34-51.pth', './pretrained/GCN_Pretrained_2024-06-27-18-38-21.pth', './pretrained/GCN_Pretrained_2024-06-27-18-41-19.pth', './pretrained/GCN_Pretrained_2024-06-27-18-45-22.pth', './pretrained/GCN_Pretrained_2024-06-27-18-48-10.pth', './pretrained/GCN_Pretrained_2024-06-27-18-51-51.pth', './pretrained/GCN_Pretrained_2024-06-27-18-54-52.pth'], gnn_n_epochs=100, gnn_eval_step=10, gnn_h_dim=512, gnn_lr=0.001, gnn_step_size=50, gnn_gamma=0.5, gnn_batch_size=64, gnn_dropout=0.4, n_epochs=30, eval_step=10, h_dim=512, lr=0.01, step_size=50, gamma=0.5, batch_size=64, num_tokens=50, src_ratio=0.5, dropout=0.3, cut_off=0.5, aug_type='feature', light_aug_prob=0.1, light_aug_mode='mask', pos_aug_mode='mask', neg_aug_mode='arbitrary', noise_cov_scale=1.0, noise_mean_shift=1.0, noise_shift_mode='homophily', noise_select_mode='soft', cross_prune=0.8, inner_prune=0.3, num_runs=5, p_raug=0.15, n_raug=0.15, s_split=[0.3, 0.65], t_split=[0.3, 0.65], seed=[3633, 2251, 4314, 1837, 4207, 4752, 1491, 4165, 1417, 2665], config_from_file='./config/cora.yaml', config_to_file='', label_reduction=0.0)
2024-07-23,04:45:59 [INFO] ####################################################################################################
2024-07-23,04:45:59 [INFO] Args seeds: [3633, 2251, 4314, 1837, 4207, 4752, 1491, 4165, 1417, 2665]
2024-07-23,04:45:59 [INFO] Source Dataset: Cora, Target Dataset: Cora. Training, Test: Source: [0.3, 0.65], Target: [0.3, 0.65] -- Batch size: 64
2024-07-23,04:45:59 [INFO] All input pretrained paths: ['./pretrained/GCN_Pretrained_2024-06-27-18-26-24.pth', './pretrained/GCN_Pretrained_2024-06-27-18-28-59.pth', './pretrained/GCN_Pretrained_2024-06-27-18-31-37.pth', './pretrained/GCN_Pretrained_2024-06-27-18-34-51.pth', './pretrained/GCN_Pretrained_2024-06-27-18-38-21.pth', './pretrained/GCN_Pretrained_2024-06-27-18-41-19.pth', './pretrained/GCN_Pretrained_2024-06-27-18-45-22.pth', './pretrained/GCN_Pretrained_2024-06-27-18-48-10.pth', './pretrained/GCN_Pretrained_2024-06-27-18-51-51.pth', './pretrained/GCN_Pretrained_2024-06-27-18-54-52.pth']
2024-07-23,04:45:59 [INFO] Started round 0/10 of experiments!
2024-07-23,04:46:00 [INFO] Setting for pretraining: Model: {'gnn_type': 'gcn', 'in_channels': 1433, 'hidden_channels': 512, 'out_channels': 7, 'num_layers': 3, 'dropout': 0.4, 'with_bn': False, 'with_head': True} -- Optimizer: {'lr': 0.001, 'scheduler_step_size': 50, 'scheduler_gamma': 0.5, 'weight_decay': 0.0} -- Training: {'n_epochs': 100}
2024-07-23,04:46:00 [INFO] Loading previous pretrained model at ./pretrained/GCN_Pretrained_2024-06-27-18-26-24.pth
2024-07-23,04:46:00 [INFO] Total number of tokens: 50
2024-07-23,04:46:00 [INFO] Prompting method: all_in_one_original -- Setting: Prompting function: gpf_plus -- Target Dataset: Cora
2024-07-23,04:46:00 [INFO] Setting for prompt tuning: Prompt: {'token_dim': 1433, 'token_num': 50, 'cross_prune': 0.8, 'inner_prune': 0.3} -- Pretrained Model: {'gnn_type': 'gcn', 'in_channels': 1433, 'hidden_channels': 512, 'out_channels': 7, 'num_layers': 3, 'dropout': 0.4, 'with_bn': False, 'with_head': True} -- Optimizer: {'lr': 0.01, 'scheduler_step_size': 50, 'scheduler_gamma': 0.5, 'weight_decay': 0.0} -- Training: {'n_epochs': 30, 'r_reg': 0.0, 'num_classes': 7, 'cut_off': 0.5}
2024-07-23,04:46:00 [INFO] Prompt tuning started: Num runs: 5 -- Eval step: 10
2024-07-23,04:46:01 [INFO] Pretrained GNN on Source Dataset -- Test Loss: 3.190 -- Test ACC: 0.753 -- Test F1-score: 0.749
2024-07-23,04:46:02 [INFO] Pretrained GNN on Target Dataset Without Prompting: -- Validation Loss: 8.846 -- Validation ACC: 0.522 -- Validation F1-score: 0.487 -- Test Loss: 5.959 -- Test ACC: 0.586 -- Test F1-score: 0.542
2024-07-23,04:46:03 [INFO] Epoch: 0/30 -- Train Loss: 6.343 -- Validation Loss: 5.658 -- Validation ACC: 0.478 -- Validation F1: 0.413
2024-07-23,04:46:06 [INFO] Epoch: 10/30 -- Train Loss: 1.683 -- Validation Loss: 2.307 -- Validation ACC: 0.463 -- Validation F1: 0.436
2024-07-23,04:46:10 [INFO] Epoch: 20/30 -- Train Loss: 2.283 -- Validation Loss: 3.024 -- Validation ACC: 0.493 -- Validation F1: 0.413
2024-07-23,04:46:12 [INFO] Epoch: 24/30 -- Train Loss: 2.196 -- Validation Loss: 2.424 -- Validation ACC: 0.522 -- Validation F1: 0.477
2024-07-23,04:46:12 [INFO] Epoch: 25/30 -- Train Loss: 1.227 -- Validation Loss: 2.269 -- Validation ACC: 0.567 -- Validation F1: 0.526
2024-07-23,04:46:13 [INFO] Epoch: 26/30 -- Train Loss: 2.613 -- Validation Loss: 2.320 -- Validation ACC: 0.582 -- Validation F1: 0.465
2024-07-23,04:46:14 [INFO] Epoch: 27/30 -- Train Loss: 2.009 -- Validation Loss: 2.960 -- Validation ACC: 0.418 -- Validation F1: 0.396
2024-07-23,04:46:15 [INFO] Epoch: 28/30 -- Train Loss: 2.226 -- Validation Loss: 3.587 -- Validation ACC: 0.433 -- Validation F1: 0.419
2024-07-23,04:46:15 [INFO] Epoch: 29/30 -- Train Loss: 1.572 -- Validation Loss: 2.565 -- Validation ACC: 0.582 -- Validation F1: 0.553
2024-07-23,04:46:15 [INFO] Run 0/5: Average Over Last 6 epochs -- Valid ACC: 0.5174129353233831 -- Valid F1-score: 0.47246988614400226
2024-07-23,04:46:16 [INFO] Test Results of Run 0/5: -- Test Loss: 1.865 -- Test ACC: 0.613 -- Test F1: 0.579
2024-07-23,04:46:16 [INFO] Epoch: 0/30 -- Train Loss: 3.879 -- Validation Loss: 5.655 -- Validation ACC: 0.537 -- Validation F1: 0.470
2024-07-23,04:46:20 [INFO] Epoch: 10/30 -- Train Loss: 2.077 -- Validation Loss: 2.163 -- Validation ACC: 0.612 -- Validation F1: 0.583
2024-07-23,04:46:25 [INFO] Epoch: 20/30 -- Train Loss: 2.980 -- Validation Loss: 2.796 -- Validation ACC: 0.507 -- Validation F1: 0.494
2024-07-23,04:46:27 [INFO] Epoch: 24/30 -- Train Loss: 1.802 -- Validation Loss: 2.755 -- Validation ACC: 0.493 -- Validation F1: 0.392
2024-07-23,04:46:28 [INFO] Epoch: 25/30 -- Train Loss: 3.285 -- Validation Loss: 2.973 -- Validation ACC: 0.507 -- Validation F1: 0.512
2024-07-23,04:46:29 [INFO] Epoch: 26/30 -- Train Loss: 1.539 -- Validation Loss: 2.335 -- Validation ACC: 0.522 -- Validation F1: 0.513
2024-07-23,04:46:29 [INFO] Epoch: 27/30 -- Train Loss: 2.250 -- Validation Loss: 2.309 -- Validation ACC: 0.537 -- Validation F1: 0.498
2024-07-23,04:46:30 [INFO] Epoch: 28/30 -- Train Loss: 1.607 -- Validation Loss: 2.515 -- Validation ACC: 0.493 -- Validation F1: 0.478
2024-07-23,04:46:31 [INFO] Epoch: 29/30 -- Train Loss: 3.248 -- Validation Loss: 2.881 -- Validation ACC: 0.418 -- Validation F1: 0.363
2024-07-23,04:46:31 [INFO] Run 1/5: Average Over Last 6 epochs -- Valid ACC: 0.4950248756218905 -- Valid F1-score: 0.4592447231213252
2024-07-23,04:46:32 [INFO] Test Results of Run 1/5: -- Test Loss: 2.110 -- Test ACC: 0.510 -- Test F1: 0.456
2024-07-23,04:46:32 [INFO] Epoch: 0/30 -- Train Loss: 4.701 -- Validation Loss: 4.085 -- Validation ACC: 0.567 -- Validation F1: 0.524
2024-07-23,04:46:37 [INFO] Epoch: 10/30 -- Train Loss: 2.438 -- Validation Loss: 3.377 -- Validation ACC: 0.463 -- Validation F1: 0.340
2024-07-23,04:46:41 [INFO] Epoch: 20/30 -- Train Loss: 2.478 -- Validation Loss: 3.285 -- Validation ACC: 0.403 -- Validation F1: 0.298
2024-07-23,04:46:43 [INFO] Epoch: 24/30 -- Train Loss: 2.303 -- Validation Loss: 2.701 -- Validation ACC: 0.433 -- Validation F1: 0.418
2024-07-23,04:46:44 [INFO] Epoch: 25/30 -- Train Loss: 1.879 -- Validation Loss: 2.682 -- Validation ACC: 0.537 -- Validation F1: 0.511
2024-07-23,04:46:45 [INFO] Epoch: 26/30 -- Train Loss: 2.785 -- Validation Loss: 2.645 -- Validation ACC: 0.507 -- Validation F1: 0.467
2024-07-23,04:46:46 [INFO] Epoch: 27/30 -- Train Loss: 2.261 -- Validation Loss: 2.293 -- Validation ACC: 0.567 -- Validation F1: 0.495
2024-07-23,04:46:46 [INFO] Epoch: 28/30 -- Train Loss: 1.942 -- Validation Loss: 2.766 -- Validation ACC: 0.522 -- Validation F1: 0.436
2024-07-23,04:46:47 [INFO] Epoch: 29/30 -- Train Loss: 1.607 -- Validation Loss: 2.484 -- Validation ACC: 0.552 -- Validation F1: 0.508
2024-07-23,04:46:47 [INFO] Run 2/5: Average Over Last 6 epochs -- Valid ACC: 0.5199004975124378 -- Valid F1-score: 0.4724857409795125
2024-07-23,04:46:48 [INFO] Test Results of Run 2/5: -- Test Loss: 1.822 -- Test ACC: 0.607 -- Test F1: 0.576
2024-07-23,04:46:49 [INFO] Epoch: 0/30 -- Train Loss: 4.283 -- Validation Loss: 4.707 -- Validation ACC: 0.507 -- Validation F1: 0.489
2024-07-23,04:46:53 [INFO] Epoch: 10/30 -- Train Loss: 1.298 -- Validation Loss: 2.834 -- Validation ACC: 0.537 -- Validation F1: 0.471
2024-07-23,04:46:57 [INFO] Epoch: 20/30 -- Train Loss: 1.289 -- Validation Loss: 2.882 -- Validation ACC: 0.493 -- Validation F1: 0.458
2024-07-23,04:47:00 [INFO] Epoch: 24/30 -- Train Loss: 1.800 -- Validation Loss: 2.084 -- Validation ACC: 0.522 -- Validation F1: 0.465
2024-07-23,04:47:01 [INFO] Epoch: 25/30 -- Train Loss: 1.473 -- Validation Loss: 3.094 -- Validation ACC: 0.433 -- Validation F1: 0.387
2024-07-23,04:47:01 [INFO] Epoch: 26/30 -- Train Loss: 2.886 -- Validation Loss: 2.800 -- Validation ACC: 0.463 -- Validation F1: 0.468
2024-07-23,04:47:02 [INFO] Epoch: 27/30 -- Train Loss: 2.197 -- Validation Loss: 2.295 -- Validation ACC: 0.567 -- Validation F1: 0.554
2024-07-23,04:47:03 [INFO] Epoch: 28/30 -- Train Loss: 1.571 -- Validation Loss: 2.152 -- Validation ACC: 0.537 -- Validation F1: 0.494
2024-07-23,04:47:04 [INFO] Epoch: 29/30 -- Train Loss: 1.638 -- Validation Loss: 2.468 -- Validation ACC: 0.463 -- Validation F1: 0.461
2024-07-23,04:47:04 [INFO] Run 3/5: Average Over Last 6 epochs -- Valid ACC: 0.49751243781094523 -- Valid F1-score: 0.4714340766270955
2024-07-23,04:47:05 [INFO] Test Results of Run 3/5: -- Test Loss: 1.715 -- Test ACC: 0.588 -- Test F1: 0.562
2024-07-23,04:47:05 [INFO] Epoch: 0/30 -- Train Loss: 3.657 -- Validation Loss: 4.423 -- Validation ACC: 0.433 -- Validation F1: 0.439
2024-07-23,04:47:10 [INFO] Epoch: 10/30 -- Train Loss: 2.089 -- Validation Loss: 2.656 -- Validation ACC: 0.448 -- Validation F1: 0.391
2024-07-23,04:47:14 [INFO] Epoch: 20/30 -- Train Loss: 2.339 -- Validation Loss: 2.366 -- Validation ACC: 0.612 -- Validation F1: 0.567
2024-07-23,04:47:17 [INFO] Epoch: 24/30 -- Train Loss: 3.250 -- Validation Loss: 2.436 -- Validation ACC: 0.507 -- Validation F1: 0.509
2024-07-23,04:47:17 [INFO] Epoch: 25/30 -- Train Loss: 0.822 -- Validation Loss: 2.985 -- Validation ACC: 0.507 -- Validation F1: 0.464
2024-07-23,04:47:18 [INFO] Epoch: 26/30 -- Train Loss: 1.611 -- Validation Loss: 2.573 -- Validation ACC: 0.507 -- Validation F1: 0.462
2024-07-23,04:47:19 [INFO] Epoch: 27/30 -- Train Loss: 1.273 -- Validation Loss: 2.379 -- Validation ACC: 0.493 -- Validation F1: 0.451
2024-07-23,04:47:20 [INFO] Epoch: 28/30 -- Train Loss: 2.259 -- Validation Loss: 2.912 -- Validation ACC: 0.537 -- Validation F1: 0.516
2024-07-23,04:47:21 [INFO] Epoch: 29/30 -- Train Loss: 1.968 -- Validation Loss: 2.045 -- Validation ACC: 0.448 -- Validation F1: 0.440
2024-07-23,04:47:21 [INFO] Run 4/5: Average Over Last 6 epochs -- Valid ACC: 0.5 -- Valid F1-score: 0.473658819993337
2024-07-23,04:47:21 [INFO] Test Results of Run 4/5: -- Test Loss: 1.684 -- Test ACC: 0.572 -- Test F1: 0.551
2024-07-23,04:47:21 [INFO] Validation average after 5 runs -- ACC: 0.506 -- F1-score: 0.470
2024-07-23,04:47:21 [INFO] Test average after 5 runs -- ACC: 0.578 -- F1-score: 0.545
2024-07-23,04:47:21 [INFO] Finished round 0/10 of experiments!
2024-07-23,04:47:21 [INFO] Started round 1/10 of experiments!
2024-07-23,04:47:23 [INFO] Loading previous pretrained model at ./pretrained/GCN_Pretrained_2024-06-27-18-28-59.pth
2024-07-23,04:47:23 [INFO] Total number of tokens: 50
2024-07-23,04:47:24 [INFO] Pretrained GNN on Source Dataset -- Test Loss: 5.075 -- Test ACC: 0.729 -- Test F1-score: 0.706
2024-07-23,04:47:25 [INFO] Pretrained GNN on Target Dataset Without Prompting: -- Validation Loss: 9.364 -- Validation ACC: 0.537 -- Validation F1-score: 0.431 -- Test Loss: 8.819 -- Test ACC: 0.582 -- Test F1-score: 0.551
2024-07-23,04:47:26 [INFO] Epoch: 0/30 -- Train Loss: 5.946 -- Validation Loss: 4.962 -- Validation ACC: 0.537 -- Validation F1: 0.436
2024-07-23,04:47:30 [INFO] Epoch: 10/30 -- Train Loss: 2.655 -- Validation Loss: 2.565 -- Validation ACC: 0.522 -- Validation F1: 0.393
2024-07-23,04:47:35 [INFO] Epoch: 20/30 -- Train Loss: 1.967 -- Validation Loss: 2.583 -- Validation ACC: 0.537 -- Validation F1: 0.452
2024-07-23,04:47:37 [INFO] Epoch: 24/30 -- Train Loss: 4.463 -- Validation Loss: 2.088 -- Validation ACC: 0.537 -- Validation F1: 0.472
2024-07-23,04:47:38 [INFO] Epoch: 25/30 -- Train Loss: 2.170 -- Validation Loss: 2.553 -- Validation ACC: 0.448 -- Validation F1: 0.371
2024-07-23,04:47:38 [INFO] Epoch: 26/30 -- Train Loss: 2.435 -- Validation Loss: 2.490 -- Validation ACC: 0.507 -- Validation F1: 0.436
2024-07-23,04:47:39 [INFO] Epoch: 27/30 -- Train Loss: 2.489 -- Validation Loss: 2.389 -- Validation ACC: 0.552 -- Validation F1: 0.460
2024-07-23,04:47:40 [INFO] Epoch: 28/30 -- Train Loss: 1.702 -- Validation Loss: 2.317 -- Validation ACC: 0.522 -- Validation F1: 0.477
2024-07-23,04:47:41 [INFO] Epoch: 29/30 -- Train Loss: 2.792 -- Validation Loss: 2.794 -- Validation ACC: 0.448 -- Validation F1: 0.433
2024-07-23,04:47:41 [INFO] Run 0/5: Average Over Last 6 epochs -- Valid ACC: 0.5024875621890547 -- Valid F1-score: 0.4414098560810089
2024-07-23,04:47:42 [INFO] Test Results of Run 0/5: -- Test Loss: 2.624 -- Test ACC: 0.482 -- Test F1: 0.473
2024-07-23,04:47:42 [INFO] Epoch: 0/30 -- Train Loss: 7.653 -- Validation Loss: 5.567 -- Validation ACC: 0.478 -- Validation F1: 0.338
2024-07-23,04:47:48 [INFO] Epoch: 10/30 -- Train Loss: 2.210 -- Validation Loss: 3.427 -- Validation ACC: 0.328 -- Validation F1: 0.346
2024-07-23,04:47:53 [INFO] Epoch: 20/30 -- Train Loss: 2.117 -- Validation Loss: 2.839 -- Validation ACC: 0.388 -- Validation F1: 0.432
2024-07-23,04:47:55 [INFO] Epoch: 24/30 -- Train Loss: 2.372 -- Validation Loss: 2.428 -- Validation ACC: 0.552 -- Validation F1: 0.477
2024-07-23,04:47:56 [INFO] Epoch: 25/30 -- Train Loss: 3.234 -- Validation Loss: 2.136 -- Validation ACC: 0.582 -- Validation F1: 0.474
2024-07-23,04:47:56 [INFO] Epoch: 26/30 -- Train Loss: 2.786 -- Validation Loss: 2.710 -- Validation ACC: 0.537 -- Validation F1: 0.420
2024-07-23,04:47:57 [INFO] Epoch: 27/30 -- Train Loss: 2.808 -- Validation Loss: 2.624 -- Validation ACC: 0.597 -- Validation F1: 0.490
2024-07-23,04:47:58 [INFO] Epoch: 28/30 -- Train Loss: 2.730 -- Validation Loss: 2.970 -- Validation ACC: 0.403 -- Validation F1: 0.471
2024-07-23,04:47:59 [INFO] Epoch: 29/30 -- Train Loss: 3.559 -- Validation Loss: 2.151 -- Validation ACC: 0.582 -- Validation F1: 0.472
2024-07-23,04:47:59 [INFO] Run 1/5: Average Over Last 6 epochs -- Valid ACC: 0.5422885572139304 -- Valid F1-score: 0.467381551861763
2024-07-23,04:48:00 [INFO] Test Results of Run 1/5: -- Test Loss: 2.003 -- Test ACC: 0.590 -- Test F1: 0.557
2024-07-23,04:48:00 [INFO] Epoch: 0/30 -- Train Loss: 3.949 -- Validation Loss: 5.830 -- Validation ACC: 0.358 -- Validation F1: 0.388
2024-07-23,04:48:05 [INFO] Epoch: 10/30 -- Train Loss: 3.636 -- Validation Loss: 1.927 -- Validation ACC: 0.642 -- Validation F1: 0.590
2024-07-23,04:48:10 [INFO] Epoch: 20/30 -- Train Loss: 1.754 -- Validation Loss: 2.455 -- Validation ACC: 0.537 -- Validation F1: 0.444
2024-07-23,04:48:12 [INFO] Epoch: 24/30 -- Train Loss: 1.902 -- Validation Loss: 2.066 -- Validation ACC: 0.522 -- Validation F1: 0.493
2024-07-23,04:48:12 [INFO] Epoch: 25/30 -- Train Loss: 3.020 -- Validation Loss: 2.342 -- Validation ACC: 0.597 -- Validation F1: 0.497
2024-07-23,04:48:13 [INFO] Epoch: 26/30 -- Train Loss: 1.950 -- Validation Loss: 2.419 -- Validation ACC: 0.478 -- Validation F1: 0.409
2024-07-23,04:48:14 [INFO] Epoch: 27/30 -- Train Loss: 1.745 -- Validation Loss: 2.287 -- Validation ACC: 0.537 -- Validation F1: 0.419
2024-07-23,04:48:15 [INFO] Epoch: 28/30 -- Train Loss: 1.254 -- Validation Loss: 2.079 -- Validation ACC: 0.537 -- Validation F1: 0.432
2024-07-23,04:48:16 [INFO] Epoch: 29/30 -- Train Loss: 2.498 -- Validation Loss: 1.947 -- Validation ACC: 0.552 -- Validation F1: 0.440
2024-07-23,04:48:16 [INFO] Run 2/5: Average Over Last 6 epochs -- Valid ACC: 0.5373134328358208 -- Valid F1-score: 0.44838082293669385
2024-07-23,04:48:16 [INFO] Test Results of Run 2/5: -- Test Loss: 1.917 -- Test ACC: 0.580 -- Test F1: 0.552
2024-07-23,04:48:17 [INFO] Epoch: 0/30 -- Train Loss: 1.537 -- Validation Loss: 5.136 -- Validation ACC: 0.582 -- Validation F1: 0.467
2024-07-23,04:48:22 [INFO] Epoch: 10/30 -- Train Loss: 2.683 -- Validation Loss: 2.634 -- Validation ACC: 0.507 -- Validation F1: 0.460
2024-07-23,04:48:27 [INFO] Epoch: 20/30 -- Train Loss: 2.773 -- Validation Loss: 2.159 -- Validation ACC: 0.612 -- Validation F1: 0.516
2024-07-23,04:48:29 [INFO] Epoch: 24/30 -- Train Loss: 3.508 -- Validation Loss: 2.446 -- Validation ACC: 0.507 -- Validation F1: 0.468
2024-07-23,04:48:29 [INFO] Epoch: 25/30 -- Train Loss: 4.048 -- Validation Loss: 3.292 -- Validation ACC: 0.522 -- Validation F1: 0.426
2024-07-23,04:48:30 [INFO] Epoch: 26/30 -- Train Loss: 4.775 -- Validation Loss: 2.014 -- Validation ACC: 0.582 -- Validation F1: 0.479
2024-07-23,04:48:31 [INFO] Epoch: 27/30 -- Train Loss: 3.339 -- Validation Loss: 2.902 -- Validation ACC: 0.522 -- Validation F1: 0.432
2024-07-23,04:48:32 [INFO] Epoch: 28/30 -- Train Loss: 3.309 -- Validation Loss: 3.251 -- Validation ACC: 0.463 -- Validation F1: 0.435
2024-07-23,04:48:33 [INFO] Epoch: 29/30 -- Train Loss: 2.449 -- Validation Loss: 2.015 -- Validation ACC: 0.582 -- Validation F1: 0.463
2024-07-23,04:48:33 [INFO] Run 3/5: Average Over Last 6 epochs -- Valid ACC: 0.5298507462686567 -- Valid F1-score: 0.4502842326958974
2024-07-23,04:48:33 [INFO] Test Results of Run 3/5: -- Test Loss: 2.138 -- Test ACC: 0.557 -- Test F1: 0.518
2024-07-23,04:48:34 [INFO] Epoch: 0/30 -- Train Loss: 1.643 -- Validation Loss: 5.064 -- Validation ACC: 0.552 -- Validation F1: 0.427
2024-07-23,04:48:39 [INFO] Epoch: 10/30 -- Train Loss: 1.915 -- Validation Loss: 2.334 -- Validation ACC: 0.567 -- Validation F1: 0.438
2024-07-23,04:48:44 [INFO] Epoch: 20/30 -- Train Loss: 2.359 -- Validation Loss: 2.269 -- Validation ACC: 0.597 -- Validation F1: 0.479
2024-07-23,04:48:46 [INFO] Epoch: 24/30 -- Train Loss: 1.553 -- Validation Loss: 2.151 -- Validation ACC: 0.582 -- Validation F1: 0.458
2024-07-23,04:48:47 [INFO] Epoch: 25/30 -- Train Loss: 2.971 -- Validation Loss: 2.261 -- Validation ACC: 0.642 -- Validation F1: 0.520
2024-07-23,04:48:47 [INFO] Epoch: 26/30 -- Train Loss: 2.462 -- Validation Loss: 1.916 -- Validation ACC: 0.582 -- Validation F1: 0.473
2024-07-23,04:48:48 [INFO] Epoch: 27/30 -- Train Loss: 2.779 -- Validation Loss: 2.314 -- Validation ACC: 0.403 -- Validation F1: 0.330
2024-07-23,04:48:49 [INFO] Epoch: 28/30 -- Train Loss: 3.907 -- Validation Loss: 5.319 -- Validation ACC: 0.254 -- Validation F1: 0.289
2024-07-23,04:48:50 [INFO] Epoch: 29/30 -- Train Loss: 3.408 -- Validation Loss: 2.940 -- Validation ACC: 0.552 -- Validation F1: 0.524
2024-07-23,04:48:50 [INFO] Run 4/5: Average Over Last 6 epochs -- Valid ACC: 0.5024875621890548 -- Valid F1-score: 0.43225149313608807
2024-07-23,04:48:50 [INFO] Test Results of Run 4/5: -- Test Loss: 2.889 -- Test ACC: 0.555 -- Test F1: 0.532
2024-07-23,04:48:50 [INFO] Validation average after 5 runs -- ACC: 0.523 -- F1-score: 0.448
2024-07-23,04:48:50 [INFO] Test average after 5 runs -- ACC: 0.553 -- F1-score: 0.527
2024-07-23,04:48:50 [INFO] Finished round 1/10 of experiments!
2024-07-23,04:48:50 [INFO] Started round 2/10 of experiments!
2024-07-23,04:48:53 [INFO] Loading previous pretrained model at ./pretrained/GCN_Pretrained_2024-06-27-18-31-37.pth
2024-07-23,04:48:53 [INFO] Total number of tokens: 50
2024-07-23,04:48:53 [INFO] Pretrained GNN on Source Dataset -- Test Loss: 3.859 -- Test ACC: 0.732 -- Test F1-score: 0.714
2024-07-23,04:48:54 [INFO] Pretrained GNN on Target Dataset Without Prompting: -- Validation Loss: 9.544 -- Validation ACC: 0.582 -- Validation F1-score: 0.586 -- Test Loss: 8.198 -- Test ACC: 0.539 -- Test F1-score: 0.523
2024-07-23,04:48:55 [INFO] Epoch: 0/30 -- Train Loss: 3.601 -- Validation Loss: 5.623 -- Validation ACC: 0.478 -- Validation F1: 0.423
2024-07-23,04:49:00 [INFO] Epoch: 10/30 -- Train Loss: 3.395 -- Validation Loss: 2.365 -- Validation ACC: 0.522 -- Validation F1: 0.552
2024-07-23,04:49:04 [INFO] Epoch: 20/30 -- Train Loss: 3.405 -- Validation Loss: 2.620 -- Validation ACC: 0.552 -- Validation F1: 0.509
2024-07-23,04:49:06 [INFO] Epoch: 24/30 -- Train Loss: 1.919 -- Validation Loss: 3.397 -- Validation ACC: 0.507 -- Validation F1: 0.457
2024-07-23,04:49:07 [INFO] Epoch: 25/30 -- Train Loss: 2.406 -- Validation Loss: 2.880 -- Validation ACC: 0.507 -- Validation F1: 0.453
2024-07-23,04:49:08 [INFO] Epoch: 26/30 -- Train Loss: 1.852 -- Validation Loss: 2.681 -- Validation ACC: 0.522 -- Validation F1: 0.450
2024-07-23,04:49:08 [INFO] Epoch: 27/30 -- Train Loss: 1.419 -- Validation Loss: 3.560 -- Validation ACC: 0.522 -- Validation F1: 0.469
2024-07-23,04:49:09 [INFO] Epoch: 28/30 -- Train Loss: 2.265 -- Validation Loss: 3.609 -- Validation ACC: 0.507 -- Validation F1: 0.476
2024-07-23,04:49:10 [INFO] Epoch: 29/30 -- Train Loss: 2.263 -- Validation Loss: 3.132 -- Validation ACC: 0.507 -- Validation F1: 0.458
2024-07-23,04:49:10 [INFO] Run 0/5: Average Over Last 6 epochs -- Valid ACC: 0.5124378109452737 -- Valid F1-score: 0.4604001045227051
2024-07-23,04:49:11 [INFO] Test Results of Run 0/5: -- Test Loss: 2.357 -- Test ACC: 0.552 -- Test F1: 0.516
2024-07-23,04:49:11 [INFO] Epoch: 0/30 -- Train Loss: 2.425 -- Validation Loss: 7.038 -- Validation ACC: 0.478 -- Validation F1: 0.508
2024-07-23,04:49:16 [INFO] Epoch: 10/30 -- Train Loss: 2.861 -- Validation Loss: 3.952 -- Validation ACC: 0.403 -- Validation F1: 0.239
2024-07-23,04:49:21 [INFO] Epoch: 20/30 -- Train Loss: 1.984 -- Validation Loss: 2.800 -- Validation ACC: 0.478 -- Validation F1: 0.497
2024-07-23,04:49:22 [INFO] Epoch: 24/30 -- Train Loss: 3.549 -- Validation Loss: 3.468 -- Validation ACC: 0.522 -- Validation F1: 0.501
2024-07-23,04:49:23 [INFO] Epoch: 25/30 -- Train Loss: 2.327 -- Validation Loss: 3.369 -- Validation ACC: 0.493 -- Validation F1: 0.463
2024-07-23,04:49:24 [INFO] Epoch: 26/30 -- Train Loss: 3.657 -- Validation Loss: 2.809 -- Validation ACC: 0.522 -- Validation F1: 0.439
2024-07-23,04:49:25 [INFO] Epoch: 27/30 -- Train Loss: 2.472 -- Validation Loss: 2.504 -- Validation ACC: 0.507 -- Validation F1: 0.433
2024-07-23,04:49:25 [INFO] Epoch: 28/30 -- Train Loss: 2.015 -- Validation Loss: 2.495 -- Validation ACC: 0.478 -- Validation F1: 0.485
2024-07-23,04:49:26 [INFO] Epoch: 29/30 -- Train Loss: 1.250 -- Validation Loss: 3.592 -- Validation ACC: 0.478 -- Validation F1: 0.390
2024-07-23,04:49:26 [INFO] Run 1/5: Average Over Last 6 epochs -- Valid ACC: 0.5 -- Valid F1-score: 0.45181939999262494
2024-07-23,04:49:27 [INFO] Test Results of Run 1/5: -- Test Loss: 2.328 -- Test ACC: 0.547 -- Test F1: 0.486
2024-07-23,04:49:28 [INFO] Epoch: 0/30 -- Train Loss: 6.820 -- Validation Loss: 6.235 -- Validation ACC: 0.537 -- Validation F1: 0.535
2024-07-23,04:49:33 [INFO] Epoch: 10/30 -- Train Loss: 2.372 -- Validation Loss: 2.875 -- Validation ACC: 0.463 -- Validation F1: 0.416
2024-07-23,04:49:37 [INFO] Epoch: 20/30 -- Train Loss: 2.955 -- Validation Loss: 3.466 -- Validation ACC: 0.493 -- Validation F1: 0.526
2024-07-23,04:49:39 [INFO] Epoch: 24/30 -- Train Loss: 3.933 -- Validation Loss: 4.303 -- Validation ACC: 0.507 -- Validation F1: 0.378
2024-07-23,04:49:40 [INFO] Epoch: 25/30 -- Train Loss: 3.490 -- Validation Loss: 2.891 -- Validation ACC: 0.522 -- Validation F1: 0.546
2024-07-23,04:49:41 [INFO] Epoch: 26/30 -- Train Loss: 3.679 -- Validation Loss: 2.738 -- Validation ACC: 0.522 -- Validation F1: 0.450
2024-07-23,04:49:42 [INFO] Epoch: 27/30 -- Train Loss: 3.019 -- Validation Loss: 3.194 -- Validation ACC: 0.463 -- Validation F1: 0.482
2024-07-23,04:49:43 [INFO] Epoch: 28/30 -- Train Loss: 1.219 -- Validation Loss: 3.178 -- Validation ACC: 0.507 -- Validation F1: 0.494
2024-07-23,04:49:43 [INFO] Epoch: 29/30 -- Train Loss: 1.169 -- Validation Loss: 3.486 -- Validation ACC: 0.418 -- Validation F1: 0.340
2024-07-23,04:49:43 [INFO] Run 2/5: Average Over Last 6 epochs -- Valid ACC: 0.49004975124378114 -- Valid F1-score: 0.4482823808987935
2024-07-23,04:49:44 [INFO] Test Results of Run 2/5: -- Test Loss: 2.665 -- Test ACC: 0.469 -- Test F1: 0.412
2024-07-23,04:49:45 [INFO] Epoch: 0/30 -- Train Loss: 3.608 -- Validation Loss: 5.769 -- Validation ACC: 0.493 -- Validation F1: 0.465
2024-07-23,04:49:51 [INFO] Epoch: 10/30 -- Train Loss: 1.629 -- Validation Loss: 2.867 -- Validation ACC: 0.537 -- Validation F1: 0.392
2024-07-23,04:49:55 [INFO] Epoch: 20/30 -- Train Loss: 2.381 -- Validation Loss: 2.563 -- Validation ACC: 0.493 -- Validation F1: 0.433
2024-07-23,04:49:57 [INFO] Epoch: 24/30 -- Train Loss: 1.757 -- Validation Loss: 3.668 -- Validation ACC: 0.507 -- Validation F1: 0.406
2024-07-23,04:49:58 [INFO] Epoch: 25/30 -- Train Loss: 3.126 -- Validation Loss: 2.838 -- Validation ACC: 0.507 -- Validation F1: 0.490
2024-07-23,04:49:59 [INFO] Epoch: 26/30 -- Train Loss: 1.112 -- Validation Loss: 2.993 -- Validation ACC: 0.537 -- Validation F1: 0.473
2024-07-23,04:49:59 [INFO] Epoch: 27/30 -- Train Loss: 2.032 -- Validation Loss: 2.887 -- Validation ACC: 0.463 -- Validation F1: 0.490
2024-07-23,04:50:00 [INFO] Epoch: 28/30 -- Train Loss: 0.853 -- Validation Loss: 2.998 -- Validation ACC: 0.493 -- Validation F1: 0.472
2024-07-23,04:50:01 [INFO] Epoch: 29/30 -- Train Loss: 1.309 -- Validation Loss: 3.406 -- Validation ACC: 0.418 -- Validation F1: 0.316
2024-07-23,04:50:01 [INFO] Run 3/5: Average Over Last 6 epochs -- Valid ACC: 0.48756218905472637 -- Valid F1-score: 0.44121580322583515
2024-07-23,04:50:02 [INFO] Test Results of Run 3/5: -- Test Loss: 2.715 -- Test ACC: 0.447 -- Test F1: 0.439
2024-07-23,04:50:02 [INFO] Epoch: 0/30 -- Train Loss: 4.515 -- Validation Loss: 4.591 -- Validation ACC: 0.552 -- Validation F1: 0.569
2024-07-23,04:50:07 [INFO] Epoch: 10/30 -- Train Loss: 1.988 -- Validation Loss: 2.436 -- Validation ACC: 0.552 -- Validation F1: 0.581
2024-07-23,04:50:12 [INFO] Epoch: 20/30 -- Train Loss: 2.596 -- Validation Loss: 2.867 -- Validation ACC: 0.478 -- Validation F1: 0.434
2024-07-23,04:50:14 [INFO] Epoch: 24/30 -- Train Loss: 1.661 -- Validation Loss: 3.146 -- Validation ACC: 0.522 -- Validation F1: 0.524
2024-07-23,04:50:15 [INFO] Epoch: 25/30 -- Train Loss: 3.712 -- Validation Loss: 3.622 -- Validation ACC: 0.448 -- Validation F1: 0.418
2024-07-23,04:50:16 [INFO] Epoch: 26/30 -- Train Loss: 0.908 -- Validation Loss: 2.602 -- Validation ACC: 0.507 -- Validation F1: 0.519
2024-07-23,04:50:17 [INFO] Epoch: 27/30 -- Train Loss: 1.653 -- Validation Loss: 2.848 -- Validation ACC: 0.567 -- Validation F1: 0.522
2024-07-23,04:50:18 [INFO] Epoch: 28/30 -- Train Loss: 1.791 -- Validation Loss: 3.639 -- Validation ACC: 0.567 -- Validation F1: 0.570
2024-07-23,04:50:18 [INFO] Epoch: 29/30 -- Train Loss: 2.137 -- Validation Loss: 3.373 -- Validation ACC: 0.493 -- Validation F1: 0.513
2024-07-23,04:50:18 [INFO] Run 4/5: Average Over Last 6 epochs -- Valid ACC: 0.5174129353233831 -- Valid F1-score: 0.51113394399484
2024-07-23,04:50:19 [INFO] Test Results of Run 4/5: -- Test Loss: 2.313 -- Test ACC: 0.572 -- Test F1: 0.514
2024-07-23,04:50:19 [INFO] Validation average after 5 runs -- ACC: 0.501 -- F1-score: 0.463
2024-07-23,04:50:19 [INFO] Test average after 5 runs -- ACC: 0.517 -- F1-score: 0.473
2024-07-23,04:50:19 [INFO] Finished round 2/10 of experiments!
2024-07-23,04:50:19 [INFO] Started round 3/10 of experiments!
2024-07-23,04:50:22 [INFO] Loading previous pretrained model at ./pretrained/GCN_Pretrained_2024-06-27-18-34-51.pth
2024-07-23,04:50:22 [INFO] Total number of tokens: 50
2024-07-23,04:50:23 [INFO] Pretrained GNN on Source Dataset -- Test Loss: 3.335 -- Test ACC: 0.750 -- Test F1-score: 0.743
2024-07-23,04:50:24 [INFO] Pretrained GNN on Target Dataset Without Prompting: -- Validation Loss: 8.661 -- Validation ACC: 0.463 -- Validation F1-score: 0.358 -- Test Loss: 7.545 -- Test ACC: 0.544 -- Test F1-score: 0.517
2024-07-23,04:50:24 [INFO] Epoch: 0/30 -- Train Loss: 2.435 -- Validation Loss: 5.805 -- Validation ACC: 0.463 -- Validation F1: 0.300
2024-07-23,04:50:29 [INFO] Epoch: 10/30 -- Train Loss: 2.476 -- Validation Loss: 2.801 -- Validation ACC: 0.373 -- Validation F1: 0.253
2024-07-23,04:50:34 [INFO] Epoch: 20/30 -- Train Loss: 2.058 -- Validation Loss: 2.517 -- Validation ACC: 0.478 -- Validation F1: 0.358
2024-07-23,04:50:36 [INFO] Epoch: 24/30 -- Train Loss: 2.000 -- Validation Loss: 3.084 -- Validation ACC: 0.448 -- Validation F1: 0.378
2024-07-23,04:50:36 [INFO] Epoch: 25/30 -- Train Loss: 1.950 -- Validation Loss: 2.767 -- Validation ACC: 0.433 -- Validation F1: 0.339
2024-07-23,04:50:37 [INFO] Epoch: 26/30 -- Train Loss: 2.193 -- Validation Loss: 3.199 -- Validation ACC: 0.537 -- Validation F1: 0.417
2024-07-23,04:50:38 [INFO] Epoch: 27/30 -- Train Loss: 2.175 -- Validation Loss: 2.574 -- Validation ACC: 0.478 -- Validation F1: 0.380
2024-07-23,04:50:39 [INFO] Epoch: 28/30 -- Train Loss: 2.580 -- Validation Loss: 3.498 -- Validation ACC: 0.448 -- Validation F1: 0.345
2024-07-23,04:50:39 [INFO] Epoch: 29/30 -- Train Loss: 1.848 -- Validation Loss: 3.130 -- Validation ACC: 0.418 -- Validation F1: 0.369
2024-07-23,04:50:39 [INFO] Run 0/5: Average Over Last 6 epochs -- Valid ACC: 0.46019900497512434 -- Valid F1-score: 0.37134043375651044
2024-07-23,04:50:40 [INFO] Test Results of Run 0/5: -- Test Loss: 2.951 -- Test ACC: 0.464 -- Test F1: 0.469
2024-07-23,04:50:41 [INFO] Epoch: 0/30 -- Train Loss: 3.492 -- Validation Loss: 4.547 -- Validation ACC: 0.388 -- Validation F1: 0.284
2024-07-23,04:50:46 [INFO] Epoch: 10/30 -- Train Loss: 2.289 -- Validation Loss: 3.138 -- Validation ACC: 0.433 -- Validation F1: 0.316
2024-07-23,04:50:51 [INFO] Epoch: 20/30 -- Train Loss: 2.105 -- Validation Loss: 2.872 -- Validation ACC: 0.448 -- Validation F1: 0.349
2024-07-23,04:50:53 [INFO] Epoch: 24/30 -- Train Loss: 2.338 -- Validation Loss: 2.822 -- Validation ACC: 0.522 -- Validation F1: 0.362
2024-07-23,04:50:54 [INFO] Epoch: 25/30 -- Train Loss: 0.953 -- Validation Loss: 2.776 -- Validation ACC: 0.507 -- Validation F1: 0.411
2024-07-23,04:50:55 [INFO] Epoch: 26/30 -- Train Loss: 0.885 -- Validation Loss: 2.756 -- Validation ACC: 0.507 -- Validation F1: 0.388
2024-07-23,04:50:56 [INFO] Epoch: 27/30 -- Train Loss: 1.810 -- Validation Loss: 2.625 -- Validation ACC: 0.507 -- Validation F1: 0.372
2024-07-23,04:50:56 [INFO] Epoch: 28/30 -- Train Loss: 1.016 -- Validation Loss: 3.465 -- Validation ACC: 0.507 -- Validation F1: 0.345
2024-07-23,04:50:57 [INFO] Epoch: 29/30 -- Train Loss: 2.035 -- Validation Loss: 2.689 -- Validation ACC: 0.448 -- Validation F1: 0.355
2024-07-23,04:50:57 [INFO] Run 1/5: Average Over Last 6 epochs -- Valid ACC: 0.5000000000000001 -- Valid F1-score: 0.3722463548183441
2024-07-23,04:50:58 [INFO] Test Results of Run 1/5: -- Test Loss: 2.452 -- Test ACC: 0.470 -- Test F1: 0.467
2024-07-23,04:50:59 [INFO] Epoch: 0/30 -- Train Loss: 3.703 -- Validation Loss: 5.157 -- Validation ACC: 0.478 -- Validation F1: 0.387
2024-07-23,04:51:03 [INFO] Epoch: 10/30 -- Train Loss: 2.315 -- Validation Loss: 2.853 -- Validation ACC: 0.493 -- Validation F1: 0.391
2024-07-23,04:51:09 [INFO] Epoch: 20/30 -- Train Loss: 1.878 -- Validation Loss: 3.183 -- Validation ACC: 0.403 -- Validation F1: 0.289
2024-07-23,04:51:11 [INFO] Epoch: 24/30 -- Train Loss: 2.540 -- Validation Loss: 3.360 -- Validation ACC: 0.448 -- Validation F1: 0.280
2024-07-23,04:51:12 [INFO] Epoch: 25/30 -- Train Loss: 2.478 -- Validation Loss: 3.395 -- Validation ACC: 0.522 -- Validation F1: 0.379
2024-07-23,04:51:13 [INFO] Epoch: 26/30 -- Train Loss: 2.616 -- Validation Loss: 3.164 -- Validation ACC: 0.463 -- Validation F1: 0.342
2024-07-23,04:51:14 [INFO] Epoch: 27/30 -- Train Loss: 2.234 -- Validation Loss: 3.474 -- Validation ACC: 0.448 -- Validation F1: 0.324
2024-07-23,04:51:15 [INFO] Epoch: 28/30 -- Train Loss: 2.493 -- Validation Loss: 3.029 -- Validation ACC: 0.478 -- Validation F1: 0.331
2024-07-23,04:51:16 [INFO] Epoch: 29/30 -- Train Loss: 2.446 -- Validation Loss: 2.716 -- Validation ACC: 0.493 -- Validation F1: 0.377
2024-07-23,04:51:16 [INFO] Run 2/5: Average Over Last 6 epochs -- Valid ACC: 0.4751243781094527 -- Valid F1-score: 0.33890218039353687
2024-07-23,04:51:16 [INFO] Test Results of Run 2/5: -- Test Loss: 2.246 -- Test ACC: 0.575 -- Test F1: 0.554
2024-07-23,04:51:17 [INFO] Epoch: 0/30 -- Train Loss: 3.075 -- Validation Loss: 5.354 -- Validation ACC: 0.463 -- Validation F1: 0.332
2024-07-23,04:51:22 [INFO] Epoch: 10/30 -- Train Loss: 1.419 -- Validation Loss: 2.709 -- Validation ACC: 0.478 -- Validation F1: 0.376
2024-07-23,04:51:26 [INFO] Epoch: 20/30 -- Train Loss: 1.993 -- Validation Loss: 3.057 -- Validation ACC: 0.507 -- Validation F1: 0.329
2024-07-23,04:51:28 [INFO] Epoch: 24/30 -- Train Loss: 2.240 -- Validation Loss: 3.271 -- Validation ACC: 0.522 -- Validation F1: 0.359
2024-07-23,04:51:29 [INFO] Epoch: 25/30 -- Train Loss: 2.441 -- Validation Loss: 2.819 -- Validation ACC: 0.433 -- Validation F1: 0.310
2024-07-23,04:51:30 [INFO] Epoch: 26/30 -- Train Loss: 0.992 -- Validation Loss: 3.225 -- Validation ACC: 0.478 -- Validation F1: 0.378
2024-07-23,04:51:30 [INFO] Epoch: 27/30 -- Train Loss: 2.616 -- Validation Loss: 2.900 -- Validation ACC: 0.507 -- Validation F1: 0.380
2024-07-23,04:51:31 [INFO] Epoch: 28/30 -- Train Loss: 2.160 -- Validation Loss: 3.107 -- Validation ACC: 0.463 -- Validation F1: 0.363
2024-07-23,04:51:32 [INFO] Epoch: 29/30 -- Train Loss: 0.994 -- Validation Loss: 3.329 -- Validation ACC: 0.537 -- Validation F1: 0.399
2024-07-23,04:51:32 [INFO] Run 3/5: Average Over Last 6 epochs -- Valid ACC: 0.4900497512437811 -- Valid F1-score: 0.36469276746114093
2024-07-23,04:51:33 [INFO] Test Results of Run 3/5: -- Test Loss: 2.471 -- Test ACC: 0.529 -- Test F1: 0.522
2024-07-23,04:51:34 [INFO] Epoch: 0/30 -- Train Loss: 2.305 -- Validation Loss: 5.889 -- Validation ACC: 0.433 -- Validation F1: 0.309
2024-07-23,04:51:38 [INFO] Epoch: 10/30 -- Train Loss: 1.362 -- Validation Loss: 3.130 -- Validation ACC: 0.493 -- Validation F1: 0.368
2024-07-23,04:51:42 [INFO] Epoch: 20/30 -- Train Loss: 1.295 -- Validation Loss: 3.154 -- Validation ACC: 0.478 -- Validation F1: 0.414
2024-07-23,04:51:45 [INFO] Epoch: 24/30 -- Train Loss: 1.209 -- Validation Loss: 2.721 -- Validation ACC: 0.493 -- Validation F1: 0.393
2024-07-23,04:51:46 [INFO] Epoch: 25/30 -- Train Loss: 1.618 -- Validation Loss: 2.868 -- Validation ACC: 0.507 -- Validation F1: 0.400
2024-07-23,04:51:46 [INFO] Epoch: 26/30 -- Train Loss: 2.751 -- Validation Loss: 2.588 -- Validation ACC: 0.418 -- Validation F1: 0.300
2024-07-23,04:51:47 [INFO] Epoch: 27/30 -- Train Loss: 1.760 -- Validation Loss: 2.829 -- Validation ACC: 0.463 -- Validation F1: 0.341
2024-07-23,04:51:48 [INFO] Epoch: 28/30 -- Train Loss: 2.000 -- Validation Loss: 3.114 -- Validation ACC: 0.448 -- Validation F1: 0.373
2024-07-23,04:51:49 [INFO] Epoch: 29/30 -- Train Loss: 1.577 -- Validation Loss: 3.085 -- Validation ACC: 0.522 -- Validation F1: 0.372
2024-07-23,04:51:49 [INFO] Run 4/5: Average Over Last 6 epochs -- Valid ACC: 0.47512437810945274 -- Valid F1-score: 0.3630560139815013
2024-07-23,04:51:49 [INFO] Test Results of Run 4/5: -- Test Loss: 2.539 -- Test ACC: 0.558 -- Test F1: 0.506
2024-07-23,04:51:49 [INFO] Validation average after 5 runs -- ACC: 0.480 -- F1-score: 0.362
2024-07-23,04:51:49 [INFO] Test average after 5 runs -- ACC: 0.519 -- F1-score: 0.504
2024-07-23,04:51:49 [INFO] Finished round 3/10 of experiments!
2024-07-23,04:51:49 [INFO] Started round 4/10 of experiments!
2024-07-23,04:51:52 [INFO] Loading previous pretrained model at ./pretrained/GCN_Pretrained_2024-06-27-18-38-21.pth
2024-07-23,04:51:52 [INFO] Total number of tokens: 50
2024-07-23,04:51:52 [INFO] Pretrained GNN on Source Dataset -- Test Loss: 2.904 -- Test ACC: 0.775 -- Test F1-score: 0.752
2024-07-23,04:51:53 [INFO] Pretrained GNN on Target Dataset Without Prompting: -- Validation Loss: 6.544 -- Validation ACC: 0.582 -- Validation F1-score: 0.583 -- Test Loss: 5.640 -- Test ACC: 0.585 -- Test F1-score: 0.569
2024-07-23,04:51:54 [INFO] Epoch: 0/30 -- Train Loss: 3.109 -- Validation Loss: 3.431 -- Validation ACC: 0.627 -- Validation F1: 0.632
2024-07-23,04:51:58 [INFO] Epoch: 10/30 -- Train Loss: 1.838 -- Validation Loss: 1.839 -- Validation ACC: 0.642 -- Validation F1: 0.631
2024-07-23,04:52:03 [INFO] Epoch: 20/30 -- Train Loss: 1.532 -- Validation Loss: 2.831 -- Validation ACC: 0.567 -- Validation F1: 0.555
2024-07-23,04:52:05 [INFO] Epoch: 24/30 -- Train Loss: 0.905 -- Validation Loss: 2.290 -- Validation ACC: 0.657 -- Validation F1: 0.655
2024-07-23,04:52:06 [INFO] Epoch: 25/30 -- Train Loss: 2.382 -- Validation Loss: 2.164 -- Validation ACC: 0.687 -- Validation F1: 0.677
2024-07-23,04:52:07 [INFO] Epoch: 26/30 -- Train Loss: 1.668 -- Validation Loss: 2.080 -- Validation ACC: 0.657 -- Validation F1: 0.642
2024-07-23,04:52:08 [INFO] Epoch: 27/30 -- Train Loss: 1.717 -- Validation Loss: 2.654 -- Validation ACC: 0.627 -- Validation F1: 0.637
2024-07-23,04:52:09 [INFO] Epoch: 28/30 -- Train Loss: 1.460 -- Validation Loss: 1.760 -- Validation ACC: 0.657 -- Validation F1: 0.669
2024-07-23,04:52:10 [INFO] Epoch: 29/30 -- Train Loss: 1.822 -- Validation Loss: 2.150 -- Validation ACC: 0.642 -- Validation F1: 0.648
2024-07-23,04:52:10 [INFO] Run 0/5: Average Over Last 6 epochs -- Valid ACC: 0.654228855721393 -- Valid F1-score: 0.654801477988561
2024-07-23,04:52:10 [INFO] Test Results of Run 0/5: -- Test Loss: 1.967 -- Test ACC: 0.613 -- Test F1: 0.588
2024-07-23,04:52:11 [INFO] Epoch: 0/30 -- Train Loss: 4.658 -- Validation Loss: 4.389 -- Validation ACC: 0.597 -- Validation F1: 0.596
2024-07-23,04:52:16 [INFO] Epoch: 10/30 -- Train Loss: 1.520 -- Validation Loss: 1.931 -- Validation ACC: 0.642 -- Validation F1: 0.571
2024-07-23,04:52:20 [INFO] Epoch: 20/30 -- Train Loss: 1.147 -- Validation Loss: 2.084 -- Validation ACC: 0.657 -- Validation F1: 0.649
2024-07-23,04:52:22 [INFO] Epoch: 24/30 -- Train Loss: 0.699 -- Validation Loss: 1.992 -- Validation ACC: 0.657 -- Validation F1: 0.651
2024-07-23,04:52:22 [INFO] Epoch: 25/30 -- Train Loss: 2.144 -- Validation Loss: 2.222 -- Validation ACC: 0.657 -- Validation F1: 0.655
2024-07-23,04:52:23 [INFO] Epoch: 26/30 -- Train Loss: 1.549 -- Validation Loss: 2.118 -- Validation ACC: 0.687 -- Validation F1: 0.685
2024-07-23,04:52:24 [INFO] Epoch: 27/30 -- Train Loss: 2.962 -- Validation Loss: 1.891 -- Validation ACC: 0.687 -- Validation F1: 0.687
2024-07-23,04:52:25 [INFO] Epoch: 28/30 -- Train Loss: 1.832 -- Validation Loss: 1.830 -- Validation ACC: 0.642 -- Validation F1: 0.626
2024-07-23,04:52:26 [INFO] Epoch: 29/30 -- Train Loss: 1.779 -- Validation Loss: 2.268 -- Validation ACC: 0.627 -- Validation F1: 0.626
2024-07-23,04:52:26 [INFO] Run 1/5: Average Over Last 6 epochs -- Valid ACC: 0.6592039800995024 -- Valid F1-score: 0.6549992461999258
2024-07-23,04:52:26 [INFO] Test Results of Run 1/5: -- Test Loss: 2.361 -- Test ACC: 0.617 -- Test F1: 0.598
2024-07-23,04:52:27 [INFO] Epoch: 0/30 -- Train Loss: 2.722 -- Validation Loss: 5.664 -- Validation ACC: 0.522 -- Validation F1: 0.470
2024-07-23,04:52:32 [INFO] Epoch: 10/30 -- Train Loss: 1.484 -- Validation Loss: 2.132 -- Validation ACC: 0.627 -- Validation F1: 0.601
2024-07-23,04:52:37 [INFO] Epoch: 20/30 -- Train Loss: 0.894 -- Validation Loss: 1.887 -- Validation ACC: 0.612 -- Validation F1: 0.613
2024-07-23,04:52:39 [INFO] Epoch: 24/30 -- Train Loss: 1.871 -- Validation Loss: 1.837 -- Validation ACC: 0.627 -- Validation F1: 0.619
2024-07-23,04:52:39 [INFO] Epoch: 25/30 -- Train Loss: 1.802 -- Validation Loss: 1.640 -- Validation ACC: 0.701 -- Validation F1: 0.701
2024-07-23,04:52:40 [INFO] Epoch: 26/30 -- Train Loss: 1.132 -- Validation Loss: 2.064 -- Validation ACC: 0.627 -- Validation F1: 0.628
2024-07-23,04:52:41 [INFO] Epoch: 27/30 -- Train Loss: 1.647 -- Validation Loss: 2.117 -- Validation ACC: 0.642 -- Validation F1: 0.640
2024-07-23,04:52:42 [INFO] Epoch: 28/30 -- Train Loss: 0.901 -- Validation Loss: 2.147 -- Validation ACC: 0.687 -- Validation F1: 0.684
2024-07-23,04:52:42 [INFO] Epoch: 29/30 -- Train Loss: 1.860 -- Validation Loss: 2.158 -- Validation ACC: 0.627 -- Validation F1: 0.632
2024-07-23,04:52:42 [INFO] Run 2/5: Average Over Last 6 epochs -- Valid ACC: 0.6517412935323382 -- Valid F1-score: 0.6507731676101685
2024-07-23,04:52:43 [INFO] Test Results of Run 2/5: -- Test Loss: 2.023 -- Test ACC: 0.602 -- Test F1: 0.572
2024-07-23,04:52:44 [INFO] Epoch: 0/30 -- Train Loss: 2.271 -- Validation Loss: 2.871 -- Validation ACC: 0.642 -- Validation F1: 0.632
2024-07-23,04:52:48 [INFO] Epoch: 10/30 -- Train Loss: 2.653 -- Validation Loss: 1.958 -- Validation ACC: 0.642 -- Validation F1: 0.623
2024-07-23,04:52:53 [INFO] Epoch: 20/30 -- Train Loss: 1.635 -- Validation Loss: 1.776 -- Validation ACC: 0.687 -- Validation F1: 0.683
2024-07-23,04:52:55 [INFO] Epoch: 24/30 -- Train Loss: 1.746 -- Validation Loss: 2.405 -- Validation ACC: 0.627 -- Validation F1: 0.629
2024-07-23,04:52:55 [INFO] Epoch: 25/30 -- Train Loss: 1.908 -- Validation Loss: 2.183 -- Validation ACC: 0.701 -- Validation F1: 0.693
2024-07-23,04:52:56 [INFO] Epoch: 26/30 -- Train Loss: 0.728 -- Validation Loss: 1.832 -- Validation ACC: 0.716 -- Validation F1: 0.714
2024-07-23,04:52:57 [INFO] Epoch: 27/30 -- Train Loss: 2.264 -- Validation Loss: 2.047 -- Validation ACC: 0.627 -- Validation F1: 0.636
2024-07-23,04:52:58 [INFO] Epoch: 28/30 -- Train Loss: 3.121 -- Validation Loss: 1.915 -- Validation ACC: 0.642 -- Validation F1: 0.654
2024-07-23,04:52:59 [INFO] Epoch: 29/30 -- Train Loss: 1.566 -- Validation Loss: 2.536 -- Validation ACC: 0.642 -- Validation F1: 0.641
2024-07-23,04:52:59 [INFO] Run 3/5: Average Over Last 6 epochs -- Valid ACC: 0.6592039800995024 -- Valid F1-score: 0.6610572437445322
2024-07-23,04:53:00 [INFO] Test Results of Run 3/5: -- Test Loss: 2.432 -- Test ACC: 0.581 -- Test F1: 0.567
2024-07-23,04:53:01 [INFO] Epoch: 0/30 -- Train Loss: 1.461 -- Validation Loss: 4.823 -- Validation ACC: 0.582 -- Validation F1: 0.568
2024-07-23,04:53:05 [INFO] Epoch: 10/30 -- Train Loss: 2.696 -- Validation Loss: 1.981 -- Validation ACC: 0.657 -- Validation F1: 0.651
2024-07-23,04:53:10 [INFO] Epoch: 20/30 -- Train Loss: 1.601 -- Validation Loss: 2.095 -- Validation ACC: 0.627 -- Validation F1: 0.642
2024-07-23,04:53:12 [INFO] Epoch: 24/30 -- Train Loss: 2.360 -- Validation Loss: 2.328 -- Validation ACC: 0.627 -- Validation F1: 0.634
2024-07-23,04:53:13 [INFO] Epoch: 25/30 -- Train Loss: 1.045 -- Validation Loss: 2.342 -- Validation ACC: 0.701 -- Validation F1: 0.688
2024-07-23,04:53:14 [INFO] Epoch: 26/30 -- Train Loss: 1.205 -- Validation Loss: 2.280 -- Validation ACC: 0.672 -- Validation F1: 0.658
2024-07-23,04:53:15 [INFO] Epoch: 27/30 -- Train Loss: 0.450 -- Validation Loss: 2.167 -- Validation ACC: 0.657 -- Validation F1: 0.674
2024-07-23,04:53:16 [INFO] Epoch: 28/30 -- Train Loss: 1.644 -- Validation Loss: 1.673 -- Validation ACC: 0.642 -- Validation F1: 0.630
2024-07-23,04:53:17 [INFO] Epoch: 29/30 -- Train Loss: 1.287 -- Validation Loss: 2.223 -- Validation ACC: 0.597 -- Validation F1: 0.600
2024-07-23,04:53:17 [INFO] Run 4/5: Average Over Last 6 epochs -- Valid ACC: 0.6492537313432836 -- Valid F1-score: 0.6474127670129141
2024-07-23,04:53:17 [INFO] Test Results of Run 4/5: -- Test Loss: 2.347 -- Test ACC: 0.583 -- Test F1: 0.556
2024-07-23,04:53:17 [INFO] Validation average after 5 runs -- ACC: 0.655 -- F1-score: 0.654
2024-07-23,04:53:17 [INFO] Test average after 5 runs -- ACC: 0.599 -- F1-score: 0.576
2024-07-23,04:53:17 [INFO] Finished round 4/10 of experiments!
2024-07-23,04:53:17 [INFO] Started round 5/10 of experiments!
2024-07-23,04:53:20 [INFO] Setting for pretraining: Model: {'gnn_type': 'gcn', 'in_channels': 1433, 'hidden_channels': 512, 'out_channels': 7, 'num_layers': 3, 'dropout': 0.4, 'with_bn': False, 'with_head': True} -- Optimizer: {'lr': 0.001, 'scheduler_step_size': 50, 'scheduler_gamma': 0.5, 'weight_decay': 0.0} -- Training: {'n_epochs': 100}
2024-07-23,04:53:20 [INFO] Loading previous pretrained model at ./pretrained/GCN_Pretrained_2024-06-27-18-41-19.pth
2024-07-23,04:53:20 [INFO] Total number of tokens: 50
2024-07-23,04:53:20 [INFO] Prompting method: all_in_one_original -- Setting: Prompting function: gpf_plus -- Target Dataset: Cora
2024-07-23,04:53:20 [INFO] Setting for prompt tuning: Prompt: {'token_dim': 1433, 'token_num': 50, 'cross_prune': 0.8, 'inner_prune': 0.3} -- Pretrained Model: {'gnn_type': 'gcn', 'in_channels': 1433, 'hidden_channels': 512, 'out_channels': 7, 'num_layers': 3, 'dropout': 0.4, 'with_bn': False, 'with_head': True} -- Optimizer: {'lr': 0.01, 'scheduler_step_size': 50, 'scheduler_gamma': 0.5, 'weight_decay': 0.0} -- Training: {'n_epochs': 30, 'r_reg': 0.0, 'num_classes': 7, 'cut_off': 0.5}
2024-07-23,04:53:20 [INFO] Prompt tuning started: Num runs: 5 -- Eval step: 10
2024-07-23,04:53:21 [INFO] Pretrained GNN on Source Dataset -- Test Loss: 3.307 -- Test ACC: 0.755 -- Test F1-score: 0.736
2024-07-23,04:53:21 [INFO] Pretrained GNN on Target Dataset Without Prompting: -- Validation Loss: 5.594 -- Validation ACC: 0.642 -- Validation F1-score: 0.460 -- Test Loss: 6.735 -- Test ACC: 0.549 -- Test F1-score: 0.529
2024-07-23,04:53:22 [INFO] Epoch: 0/30 -- Train Loss: 4.176 -- Validation Loss: 3.885 -- Validation ACC: 0.388 -- Validation F1: 0.322
2024-07-23,04:53:27 [INFO] Epoch: 10/30 -- Train Loss: 1.870 -- Validation Loss: 2.810 -- Validation ACC: 0.522 -- Validation F1: 0.271
2024-07-23,04:53:32 [INFO] Epoch: 20/30 -- Train Loss: 2.198 -- Validation Loss: 1.715 -- Validation ACC: 0.597 -- Validation F1: 0.367
2024-07-23,04:53:34 [INFO] Epoch: 24/30 -- Train Loss: 1.415 -- Validation Loss: 1.752 -- Validation ACC: 0.537 -- Validation F1: 0.378
2024-07-23,04:53:35 [INFO] Epoch: 25/30 -- Train Loss: 3.233 -- Validation Loss: 2.268 -- Validation ACC: 0.552 -- Validation F1: 0.388
2024-07-23,04:53:35 [INFO] Epoch: 26/30 -- Train Loss: 2.625 -- Validation Loss: 2.181 -- Validation ACC: 0.612 -- Validation F1: 0.411
2024-07-23,04:53:36 [INFO] Epoch: 27/30 -- Train Loss: 3.445 -- Validation Loss: 2.305 -- Validation ACC: 0.597 -- Validation F1: 0.425
2024-07-23,04:53:37 [INFO] Epoch: 28/30 -- Train Loss: 1.871 -- Validation Loss: 1.600 -- Validation ACC: 0.657 -- Validation F1: 0.442
2024-07-23,04:53:38 [INFO] Epoch: 29/30 -- Train Loss: 1.681 -- Validation Loss: 1.938 -- Validation ACC: 0.612 -- Validation F1: 0.463
2024-07-23,04:53:38 [INFO] Run 0/5: Average Over Last 6 epochs -- Valid ACC: 0.5945273631840796 -- Valid F1-score: 0.41776329278945923
2024-07-23,04:53:38 [INFO] Test Results of Run 0/5: -- Test Loss: 1.950 -- Test ACC: 0.553 -- Test F1: 0.529
2024-07-23,04:53:39 [INFO] Epoch: 0/30 -- Train Loss: 3.623 -- Validation Loss: 3.763 -- Validation ACC: 0.373 -- Validation F1: 0.315
2024-07-23,04:53:43 [INFO] Epoch: 10/30 -- Train Loss: 2.092 -- Validation Loss: 1.764 -- Validation ACC: 0.627 -- Validation F1: 0.431
2024-07-23,04:53:48 [INFO] Epoch: 20/30 -- Train Loss: 2.470 -- Validation Loss: 1.790 -- Validation ACC: 0.582 -- Validation F1: 0.390
2024-07-23,04:53:50 [INFO] Epoch: 24/30 -- Train Loss: 2.224 -- Validation Loss: 1.801 -- Validation ACC: 0.612 -- Validation F1: 0.450
2024-07-23,04:53:51 [INFO] Epoch: 25/30 -- Train Loss: 1.311 -- Validation Loss: 1.777 -- Validation ACC: 0.597 -- Validation F1: 0.419
2024-07-23,04:53:52 [INFO] Epoch: 26/30 -- Train Loss: 2.394 -- Validation Loss: 1.675 -- Validation ACC: 0.642 -- Validation F1: 0.446
2024-07-23,04:53:53 [INFO] Epoch: 27/30 -- Train Loss: 1.960 -- Validation Loss: 2.474 -- Validation ACC: 0.493 -- Validation F1: 0.377
2024-07-23,04:53:54 [INFO] Epoch: 28/30 -- Train Loss: 1.488 -- Validation Loss: 1.901 -- Validation ACC: 0.627 -- Validation F1: 0.457
2024-07-23,04:53:55 [INFO] Epoch: 29/30 -- Train Loss: 0.946 -- Validation Loss: 1.896 -- Validation ACC: 0.612 -- Validation F1: 0.457
2024-07-23,04:53:55 [INFO] Run 1/5: Average Over Last 6 epochs -- Valid ACC: 0.5970149253731343 -- Valid F1-score: 0.4343886623779933
2024-07-23,04:53:56 [INFO] Test Results of Run 1/5: -- Test Loss: 2.049 -- Test ACC: 0.551 -- Test F1: 0.532
2024-07-23,04:53:56 [INFO] Epoch: 0/30 -- Train Loss: 2.917 -- Validation Loss: 3.380 -- Validation ACC: 0.403 -- Validation F1: 0.348
2024-07-23,04:54:02 [INFO] Epoch: 10/30 -- Train Loss: 1.746 -- Validation Loss: 1.801 -- Validation ACC: 0.612 -- Validation F1: 0.463
2024-07-23,04:54:06 [INFO] Epoch: 20/30 -- Train Loss: 1.786 -- Validation Loss: 1.916 -- Validation ACC: 0.582 -- Validation F1: 0.431
2024-07-23,04:54:09 [INFO] Epoch: 24/30 -- Train Loss: 2.848 -- Validation Loss: 1.676 -- Validation ACC: 0.672 -- Validation F1: 0.454
2024-07-23,04:54:10 [INFO] Epoch: 25/30 -- Train Loss: 2.017 -- Validation Loss: 2.002 -- Validation ACC: 0.552 -- Validation F1: 0.382
2024-07-23,04:54:10 [INFO] Epoch: 26/30 -- Train Loss: 2.388 -- Validation Loss: 2.319 -- Validation ACC: 0.612 -- Validation F1: 0.387
2024-07-23,04:54:11 [INFO] Epoch: 27/30 -- Train Loss: 2.647 -- Validation Loss: 3.262 -- Validation ACC: 0.343 -- Validation F1: 0.323
2024-07-23,04:54:12 [INFO] Epoch: 28/30 -- Train Loss: 1.724 -- Validation Loss: 2.247 -- Validation ACC: 0.552 -- Validation F1: 0.428
2024-07-23,04:54:13 [INFO] Epoch: 29/30 -- Train Loss: 1.442 -- Validation Loss: 1.593 -- Validation ACC: 0.657 -- Validation F1: 0.431
2024-07-23,04:54:13 [INFO] Run 2/5: Average Over Last 6 epochs -- Valid ACC: 0.5646766169154229 -- Valid F1-score: 0.4008660465478897
2024-07-23,04:54:13 [INFO] Test Results of Run 2/5: -- Test Loss: 2.058 -- Test ACC: 0.573 -- Test F1: 0.535
2024-07-23,04:54:14 [INFO] Epoch: 0/30 -- Train Loss: 3.479 -- Validation Loss: 4.787 -- Validation ACC: 0.284 -- Validation F1: 0.224
