2024-07-17,05:04:05 [INFO] Logging to: ./log/2024-07-17-05-04-05.log
2024-07-17,05:04:05 [INFO] Reading config from: ./config/dhfr.yaml
2024-07-17,05:04:05 [INFO] Namespace(total_iters=10, prompt_method='flex_match', s_dataset='DHFR', t_dataset='DHFR', prompt_fn='gpf_plus', shift_type='structural', p_shift_intra=0.0, p_shift_inter=0.0, pretrain=True, save_pretrained=False, soft_label=False, add_link_loss=False, attn_with_param=False, empty_pretrained_dir=False, iterative_clustering=False, clutering_iters=3, entropy_div_ratio=3, w_entropy_loss=0.0, w_softmax_loss=0.5, w_domain_loss=0.5, r_reg=0.0, gnn_weight_decay=0.0, weight_decay=0.1, gnn_type='gcn', gnn_num_layers=3, pretrained_path=['./pretrained/GCN_Pretrained_2024-07-01-14-54-05.pth', './pretrained/GCN_Pretrained_2024-07-01-14-56-23.pth', './pretrained/GCN_Pretrained_2024-07-01-14-58-41.pth', './pretrained/GCN_Pretrained_2024-07-01-15-00-59.pth', './pretrained/GCN_Pretrained_2024-07-01-15-03-17.pth', './pretrained/GCN_Pretrained_2024-07-01-15-05-37.pth', './pretrained/GCN_Pretrained_2024-07-01-15-07-56.pth', './pretrained/GCN_Pretrained_2024-07-01-15-10-20.pth', './pretrained/GCN_Pretrained_2024-07-01-15-12-47.pth', './pretrained/GCN_Pretrained_2024-07-01-15-15-13.pth'], gnn_n_epochs=100, gnn_eval_step=10, gnn_h_dim=512, gnn_lr=0.01, gnn_step_size=50, gnn_gamma=0.5, gnn_batch_size=64, gnn_dropout=0.4, n_epochs=30, eval_step=10, h_dim=512, lr=0.01, step_size=50, gamma=0.5, batch_size=64, num_tokens=50, src_ratio=0.5, dropout=0.3, cut_off=0.5, aug_type='feature', light_aug_prob=0.1, light_aug_mode='mask', pos_aug_mode='mask', neg_aug_mode='arbitrary', noise_cov_scale=1.0, noise_mean_shift=1.0, noise_shift_mode='homophily', noise_select_mode='soft', cross_prune=0.8, inner_prune=0.3, num_runs=5, p_raug=0.15, n_raug=0.15, s_split=[0.65, 0.3], t_split=[0.65, 0.3], seed=[1676, 3733, 3589, 4867, 2980, 1142, 3035, 4432, 4672, 4010], config_from_file='./config/dhfr.yaml', config_to_file='', label_reduction=0.0)
2024-07-17,05:04:05 [INFO] ####################################################################################################
2024-07-17,05:04:05 [INFO] Args seeds: [1676, 3733, 3589, 4867, 2980, 1142, 3035, 4432, 4672, 4010]
2024-07-17,05:04:05 [INFO] Source Dataset: DHFR, Target Dataset: DHFR. Training, Test: Source: [0.65, 0.3], Target: [0.65, 0.3] -- Batch size: 64
2024-07-17,05:04:05 [INFO] All input pretrained paths: ['./pretrained/GCN_Pretrained_2024-07-01-14-54-05.pth', './pretrained/GCN_Pretrained_2024-07-01-14-56-23.pth', './pretrained/GCN_Pretrained_2024-07-01-14-58-41.pth', './pretrained/GCN_Pretrained_2024-07-01-15-00-59.pth', './pretrained/GCN_Pretrained_2024-07-01-15-03-17.pth', './pretrained/GCN_Pretrained_2024-07-01-15-05-37.pth', './pretrained/GCN_Pretrained_2024-07-01-15-07-56.pth', './pretrained/GCN_Pretrained_2024-07-01-15-10-20.pth', './pretrained/GCN_Pretrained_2024-07-01-15-12-47.pth', './pretrained/GCN_Pretrained_2024-07-01-15-15-13.pth']
2024-07-17,05:04:05 [INFO] Started round 0/10 of experiments!
2024-07-17,05:04:06 [INFO] Setting for pretraining: Model: {'gnn_type': 'gcn', 'in_channels': 56, 'hidden_channels': 512, 'out_channels': 2, 'num_layers': 3, 'dropout': 0.4, 'with_bn': False, 'with_head': True} -- Optimizer: {'lr': 0.01, 'scheduler_step_size': 50, 'scheduler_gamma': 0.5, 'weight_decay': 0.0} -- Training: {'n_epochs': 100}
2024-07-17,05:04:06 [INFO] Loading previous pretrained model at ./pretrained/GCN_Pretrained_2024-07-01-14-54-05.pth
2024-07-17,05:04:06 [INFO] Prompting method: flex_match -- Setting: Prompting function: gpf_plus -- Target Dataset: DHFR
2024-07-17,05:04:06 [INFO] Setting for prompt tuning: Prompt: {'emb_dim': 56, 'h_dim': 512, 'output_dim': 56, 'prompt_fn': 'gpf_plus', 'token_num': 50, 'cross_prune': 0.8, 'inner_prune': 0.3, 'attn_with_param': False} -- Pretrained Model: {'gnn_type': 'gcn', 'in_channels': 56, 'hidden_channels': 512, 'out_channels': 2, 'num_layers': 3, 'dropout': 0.4, 'with_bn': False, 'with_head': True} -- Optimizer: {'lr': 0.01, 'scheduler_step_size': 50, 'scheduler_gamma': 0.5, 'weight_decay': 0.1} -- Training: {'aug_type': 'feature', 'pos_aug_mode': 'mask', 'p_raug': 0.15, 'n_epochs': 30, 'r_reg': 0.0, 'soft_label': False, 'clutering_iters': 3, 'iterative_clustering': False, 'entropy_div_ratio': 3, 'w_entropy_loss': 0.0, 'w_softmax_loss': 0.5, 'w_domain_loss': 0.5, 'light_aug_prob': 0.1, 'light_aug_mode': 'mask', 'num_classes': 2, 'cut_off': 0.5}
2024-07-17,05:04:06 [INFO] Prompt tuning started: Num runs: 5 -- Eval step: 10
2024-07-17,05:04:07 [INFO] Pretrained GNN on Source Dataset -- Test Loss: 0.863 -- Test ACC: 0.661 -- Test F1-score: 0.702
2024-07-17,05:04:07 [INFO] Pretrained GNN on Target Dataset Without Prompting: -- Validation Loss: 0.762 -- Validation ACC: 0.611 -- Validation F1-score: 0.667 -- Test Loss: 0.711 -- Test ACC: 0.774 -- Test F1-score: 0.803
2024-07-17,05:04:09 [INFO] Epoch: 0/30 -- Train Loss: 0.910 -- Validation Loss: 0.784 -- Validation ACC: 0.556 -- Validation F1: 0.600
2024-07-17,05:04:20 [INFO] Epoch: 10/30 -- Train Loss: 0.562 -- Validation Loss: 0.886 -- Validation ACC: 0.500 -- Validation F1: 0.526
2024-07-17,05:04:30 [INFO] Epoch: 20/30 -- Train Loss: 0.424 -- Validation Loss: 0.675 -- Validation ACC: 0.722 -- Validation F1: 0.783
2024-07-17,05:04:35 [INFO] Epoch: 24/30 -- Train Loss: 0.495 -- Validation Loss: 0.725 -- Validation ACC: 0.667 -- Validation F1: 0.727
2024-07-17,05:04:36 [INFO] Epoch: 25/30 -- Train Loss: 0.417 -- Validation Loss: 0.827 -- Validation ACC: 0.556 -- Validation F1: 0.600
2024-07-17,05:04:38 [INFO] Epoch: 26/30 -- Train Loss: 0.405 -- Validation Loss: 0.937 -- Validation ACC: 0.444 -- Validation F1: 0.444
2024-07-17,05:04:39 [INFO] Epoch: 27/30 -- Train Loss: 1.024 -- Validation Loss: 0.945 -- Validation ACC: 0.444 -- Validation F1: 0.444
2024-07-17,05:04:41 [INFO] Epoch: 28/30 -- Train Loss: 0.366 -- Validation Loss: 0.834 -- Validation ACC: 0.500 -- Validation F1: 0.526
2024-07-17,05:04:42 [INFO] Epoch: 29/30 -- Train Loss: 0.607 -- Validation Loss: 0.756 -- Validation ACC: 0.611 -- Validation F1: 0.667
2024-07-17,05:04:42 [INFO] Run 0/5: Average Over Last 6 epochs -- Valid ACC: 0.5370370370370371 -- Valid F1-score: 0.5681906938552856
2024-07-17,05:04:43 [INFO] Test Results of Run 0/5: -- Test Loss: 0.712 -- Test ACC: 0.774 -- Test F1: 0.803
2024-07-17,05:04:44 [INFO] Epoch: 0/30 -- Train Loss: 0.442 -- Validation Loss: 0.950 -- Validation ACC: 0.444 -- Validation F1: 0.444
2024-07-17,05:04:56 [INFO] Epoch: 10/30 -- Train Loss: 0.356 -- Validation Loss: 0.641 -- Validation ACC: 0.556 -- Validation F1: 0.636
2024-07-17,05:05:07 [INFO] Epoch: 20/30 -- Train Loss: 0.431 -- Validation Loss: 0.855 -- Validation ACC: 0.500 -- Validation F1: 0.526
2024-07-17,05:05:12 [INFO] Epoch: 24/30 -- Train Loss: 0.647 -- Validation Loss: 0.641 -- Validation ACC: 0.556 -- Validation F1: 0.636
2024-07-17,05:05:14 [INFO] Epoch: 25/30 -- Train Loss: 0.490 -- Validation Loss: 0.686 -- Validation ACC: 0.500 -- Validation F1: 0.571
2024-07-17,05:05:15 [INFO] Epoch: 26/30 -- Train Loss: 0.500 -- Validation Loss: 0.753 -- Validation ACC: 0.556 -- Validation F1: 0.600
2024-07-17,05:05:17 [INFO] Epoch: 27/30 -- Train Loss: 0.466 -- Validation Loss: 0.807 -- Validation ACC: 0.500 -- Validation F1: 0.526
2024-07-17,05:05:18 [INFO] Epoch: 28/30 -- Train Loss: 0.551 -- Validation Loss: 0.875 -- Validation ACC: 0.500 -- Validation F1: 0.526
2024-07-17,05:05:20 [INFO] Epoch: 29/30 -- Train Loss: 0.404 -- Validation Loss: 0.921 -- Validation ACC: 0.500 -- Validation F1: 0.526
2024-07-17,05:05:20 [INFO] Run 1/5: Average Over Last 6 epochs -- Valid ACC: 0.5185185185185185 -- Valid F1-score: 0.5644566118717194
2024-07-17,05:05:20 [INFO] Test Results of Run 1/5: -- Test Loss: 0.776 -- Test ACC: 0.757 -- Test F1: 0.785
2024-07-17,05:05:21 [INFO] Epoch: 0/30 -- Train Loss: 0.366 -- Validation Loss: 0.537 -- Validation ACC: 0.667 -- Validation F1: 0.750
2024-07-17,05:05:31 [INFO] Epoch: 10/30 -- Train Loss: 0.436 -- Validation Loss: 0.826 -- Validation ACC: 0.556 -- Validation F1: 0.600
2024-07-17,05:05:41 [INFO] Epoch: 20/30 -- Train Loss: 0.381 -- Validation Loss: 0.916 -- Validation ACC: 0.556 -- Validation F1: 0.600
2024-07-17,05:05:45 [INFO] Epoch: 24/30 -- Train Loss: 0.393 -- Validation Loss: 1.114 -- Validation ACC: 0.389 -- Validation F1: 0.353
2024-07-17,05:05:46 [INFO] Epoch: 25/30 -- Train Loss: 0.448 -- Validation Loss: 0.928 -- Validation ACC: 0.444 -- Validation F1: 0.444
2024-07-17,05:05:48 [INFO] Epoch: 26/30 -- Train Loss: 0.459 -- Validation Loss: 0.765 -- Validation ACC: 0.611 -- Validation F1: 0.667
2024-07-17,05:05:49 [INFO] Epoch: 27/30 -- Train Loss: 0.498 -- Validation Loss: 0.745 -- Validation ACC: 0.611 -- Validation F1: 0.667
2024-07-17,05:05:51 [INFO] Epoch: 28/30 -- Train Loss: 0.415 -- Validation Loss: 0.794 -- Validation ACC: 0.556 -- Validation F1: 0.600
2024-07-17,05:05:52 [INFO] Epoch: 29/30 -- Train Loss: 0.348 -- Validation Loss: 0.877 -- Validation ACC: 0.500 -- Validation F1: 0.526
2024-07-17,05:05:52 [INFO] Run 2/5: Average Over Last 6 epochs -- Valid ACC: 0.5185185185185185 -- Valid F1-score: 0.5428391396999359
2024-07-17,05:05:52 [INFO] Test Results of Run 2/5: -- Test Loss: 0.755 -- Test ACC: 0.757 -- Test F1: 0.785
2024-07-17,05:05:54 [INFO] Epoch: 0/30 -- Train Loss: 0.722 -- Validation Loss: 0.847 -- Validation ACC: 0.667 -- Validation F1: 0.727
2024-07-17,05:06:04 [INFO] Epoch: 10/30 -- Train Loss: 0.420 -- Validation Loss: 0.665 -- Validation ACC: 0.667 -- Validation F1: 0.727
2024-07-17,05:06:14 [INFO] Epoch: 20/30 -- Train Loss: 0.448 -- Validation Loss: 0.714 -- Validation ACC: 0.556 -- Validation F1: 0.600
2024-07-17,05:06:18 [INFO] Epoch: 24/30 -- Train Loss: 0.412 -- Validation Loss: 0.647 -- Validation ACC: 0.500 -- Validation F1: 0.571
2024-07-17,05:06:19 [INFO] Epoch: 25/30 -- Train Loss: 0.598 -- Validation Loss: 0.622 -- Validation ACC: 0.500 -- Validation F1: 0.571
2024-07-17,05:06:21 [INFO] Epoch: 26/30 -- Train Loss: 0.475 -- Validation Loss: 0.630 -- Validation ACC: 0.556 -- Validation F1: 0.636
2024-07-17,05:06:22 [INFO] Epoch: 27/30 -- Train Loss: 0.395 -- Validation Loss: 0.593 -- Validation ACC: 0.556 -- Validation F1: 0.636
2024-07-17,05:06:24 [INFO] Epoch: 28/30 -- Train Loss: 0.418 -- Validation Loss: 0.626 -- Validation ACC: 0.667 -- Validation F1: 0.727
2024-07-17,05:06:25 [INFO] Epoch: 29/30 -- Train Loss: 0.392 -- Validation Loss: 0.682 -- Validation ACC: 0.667 -- Validation F1: 0.727
2024-07-17,05:06:25 [INFO] Run 3/5: Average Over Last 6 epochs -- Valid ACC: 0.5740740740740741 -- Valid F1-score: 0.645021657148997
2024-07-17,05:06:26 [INFO] Test Results of Run 3/5: -- Test Loss: 0.675 -- Test ACC: 0.774 -- Test F1: 0.806
2024-07-17,05:06:27 [INFO] Epoch: 0/30 -- Train Loss: 0.481 -- Validation Loss: 0.715 -- Validation ACC: 0.611 -- Validation F1: 0.667
2024-07-17,05:06:36 [INFO] Epoch: 10/30 -- Train Loss: 0.739 -- Validation Loss: 1.168 -- Validation ACC: 0.389 -- Validation F1: 0.353
2024-07-17,05:06:46 [INFO] Epoch: 20/30 -- Train Loss: 0.480 -- Validation Loss: 0.599 -- Validation ACC: 0.722 -- Validation F1: 0.783
2024-07-17,05:06:50 [INFO] Epoch: 24/30 -- Train Loss: 0.834 -- Validation Loss: 1.020 -- Validation ACC: 0.444 -- Validation F1: 0.444
2024-07-17,05:06:52 [INFO] Epoch: 25/30 -- Train Loss: 0.531 -- Validation Loss: 1.144 -- Validation ACC: 0.389 -- Validation F1: 0.353
2024-07-17,05:06:53 [INFO] Epoch: 26/30 -- Train Loss: 1.434 -- Validation Loss: 1.109 -- Validation ACC: 0.389 -- Validation F1: 0.353
2024-07-17,05:06:54 [INFO] Epoch: 27/30 -- Train Loss: 0.674 -- Validation Loss: 0.913 -- Validation ACC: 0.444 -- Validation F1: 0.444
2024-07-17,05:06:56 [INFO] Epoch: 28/30 -- Train Loss: 0.504 -- Validation Loss: 0.807 -- Validation ACC: 0.500 -- Validation F1: 0.526
2024-07-17,05:06:57 [INFO] Epoch: 29/30 -- Train Loss: 0.714 -- Validation Loss: 0.768 -- Validation ACC: 0.611 -- Validation F1: 0.667
2024-07-17,05:06:57 [INFO] Run 4/5: Average Over Last 6 epochs -- Valid ACC: 0.46296296296296297 -- Valid F1-score: 0.46462562680244446
2024-07-17,05:06:58 [INFO] Test Results of Run 4/5: -- Test Loss: 0.722 -- Test ACC: 0.774 -- Test F1: 0.803
2024-07-17,05:06:58 [INFO] Validation average after 5 runs -- ACC: 0.522 -- F1-score: 0.557
2024-07-17,05:06:58 [INFO] Test average after 5 runs -- ACC: 0.767 -- F1-score: 0.796
2024-07-17,05:06:58 [INFO] Finished round 0/10 of experiments!
2024-07-17,05:06:58 [INFO] Started round 1/10 of experiments!
2024-07-17,05:06:58 [INFO] Loading previous pretrained model at ./pretrained/GCN_Pretrained_2024-07-01-14-56-23.pth
2024-07-17,05:06:59 [INFO] Pretrained GNN on Source Dataset -- Test Loss: 0.964 -- Test ACC: 0.739 -- Test F1-score: 0.758
2024-07-17,05:06:59 [INFO] Pretrained GNN on Target Dataset Without Prompting: -- Validation Loss: 1.277 -- Validation ACC: 0.667 -- Validation F1-score: 0.769 -- Test Loss: 1.529 -- Test ACC: 0.643 -- Test F1-score: 0.713
2024-07-17,05:07:01 [INFO] Epoch: 0/30 -- Train Loss: 0.411 -- Validation Loss: 1.669 -- Validation ACC: 0.667 -- Validation F1: 0.800
2024-07-17,05:07:12 [INFO] Epoch: 10/30 -- Train Loss: 1.521 -- Validation Loss: 1.259 -- Validation ACC: 0.667 -- Validation F1: 0.769
2024-07-17,05:07:22 [INFO] Epoch: 20/30 -- Train Loss: 0.485 -- Validation Loss: 1.190 -- Validation ACC: 0.667 -- Validation F1: 0.769
2024-07-17,05:07:26 [INFO] Epoch: 24/30 -- Train Loss: 0.366 -- Validation Loss: 1.266 -- Validation ACC: 0.667 -- Validation F1: 0.769
2024-07-17,05:07:28 [INFO] Epoch: 25/30 -- Train Loss: 0.638 -- Validation Loss: 1.288 -- Validation ACC: 0.722 -- Validation F1: 0.815
2024-07-17,05:07:30 [INFO] Epoch: 26/30 -- Train Loss: 0.460 -- Validation Loss: 1.312 -- Validation ACC: 0.722 -- Validation F1: 0.828
2024-07-17,05:07:31 [INFO] Epoch: 27/30 -- Train Loss: 0.371 -- Validation Loss: 1.311 -- Validation ACC: 0.667 -- Validation F1: 0.786
2024-07-17,05:07:33 [INFO] Epoch: 28/30 -- Train Loss: 0.471 -- Validation Loss: 1.311 -- Validation ACC: 0.667 -- Validation F1: 0.786
2024-07-17,05:07:34 [INFO] Epoch: 29/30 -- Train Loss: 0.378 -- Validation Loss: 1.310 -- Validation ACC: 0.611 -- Validation F1: 0.741
2024-07-17,05:07:34 [INFO] Run 0/5: Average Over Last 6 epochs -- Valid ACC: 0.6759259259259259 -- Valid F1-score: 0.7873001794020335
2024-07-17,05:07:35 [INFO] Test Results of Run 0/5: -- Test Loss: 1.531 -- Test ACC: 0.652 -- Test F1: 0.730
2024-07-17,05:07:36 [INFO] Epoch: 0/30 -- Train Loss: 0.525 -- Validation Loss: 1.336 -- Validation ACC: 0.667 -- Validation F1: 0.769
2024-07-17,05:07:46 [INFO] Epoch: 10/30 -- Train Loss: 0.362 -- Validation Loss: 1.389 -- Validation ACC: 0.667 -- Validation F1: 0.800
2024-07-17,05:07:57 [INFO] Epoch: 20/30 -- Train Loss: 0.354 -- Validation Loss: 1.236 -- Validation ACC: 0.778 -- Validation F1: 0.867
2024-07-17,05:08:02 [INFO] Epoch: 24/30 -- Train Loss: 0.477 -- Validation Loss: 1.157 -- Validation ACC: 0.722 -- Validation F1: 0.815
2024-07-17,05:08:03 [INFO] Epoch: 25/30 -- Train Loss: 0.416 -- Validation Loss: 1.144 -- Validation ACC: 0.667 -- Validation F1: 0.769
2024-07-17,05:08:04 [INFO] Epoch: 26/30 -- Train Loss: 0.470 -- Validation Loss: 1.145 -- Validation ACC: 0.667 -- Validation F1: 0.769
2024-07-17,05:08:06 [INFO] Epoch: 27/30 -- Train Loss: 0.443 -- Validation Loss: 1.155 -- Validation ACC: 0.722 -- Validation F1: 0.815
2024-07-17,05:08:07 [INFO] Epoch: 28/30 -- Train Loss: 0.415 -- Validation Loss: 1.166 -- Validation ACC: 0.667 -- Validation F1: 0.786
2024-07-17,05:08:09 [INFO] Epoch: 29/30 -- Train Loss: 0.470 -- Validation Loss: 1.177 -- Validation ACC: 0.667 -- Validation F1: 0.786
2024-07-17,05:08:09 [INFO] Run 1/5: Average Over Last 6 epochs -- Valid ACC: 0.6851851851851851 -- Valid F1-score: 0.7899199525515238
2024-07-17,05:08:09 [INFO] Test Results of Run 1/5: -- Test Loss: 1.597 -- Test ACC: 0.670 -- Test F1: 0.756
2024-07-17,05:08:11 [INFO] Epoch: 0/30 -- Train Loss: 0.380 -- Validation Loss: 1.342 -- Validation ACC: 0.667 -- Validation F1: 0.786
2024-07-17,05:08:20 [INFO] Epoch: 10/30 -- Train Loss: 0.366 -- Validation Loss: 1.256 -- Validation ACC: 0.722 -- Validation F1: 0.828
2024-07-17,05:08:31 [INFO] Epoch: 20/30 -- Train Loss: 0.404 -- Validation Loss: 1.298 -- Validation ACC: 0.667 -- Validation F1: 0.769
2024-07-17,05:08:35 [INFO] Epoch: 24/30 -- Train Loss: 0.463 -- Validation Loss: 1.259 -- Validation ACC: 0.722 -- Validation F1: 0.828
2024-07-17,05:08:37 [INFO] Epoch: 25/30 -- Train Loss: 0.434 -- Validation Loss: 1.282 -- Validation ACC: 0.722 -- Validation F1: 0.828
2024-07-17,05:08:38 [INFO] Epoch: 26/30 -- Train Loss: 1.226 -- Validation Loss: 1.285 -- Validation ACC: 0.667 -- Validation F1: 0.800
2024-07-17,05:08:40 [INFO] Epoch: 27/30 -- Train Loss: 0.538 -- Validation Loss: 1.226 -- Validation ACC: 0.667 -- Validation F1: 0.786
2024-07-17,05:08:41 [INFO] Epoch: 28/30 -- Train Loss: 0.582 -- Validation Loss: 1.198 -- Validation ACC: 0.722 -- Validation F1: 0.815
2024-07-17,05:08:43 [INFO] Epoch: 29/30 -- Train Loss: 0.447 -- Validation Loss: 1.221 -- Validation ACC: 0.667 -- Validation F1: 0.786
2024-07-17,05:08:43 [INFO] Run 2/5: Average Over Last 6 epochs -- Valid ACC: 0.6944444444444445 -- Valid F1-score: 0.8069026370843252
2024-07-17,05:08:43 [INFO] Test Results of Run 2/5: -- Test Loss: 1.591 -- Test ACC: 0.678 -- Test F1: 0.755
2024-07-17,05:08:45 [INFO] Epoch: 0/30 -- Train Loss: 0.352 -- Validation Loss: 1.461 -- Validation ACC: 0.722 -- Validation F1: 0.828
2024-07-17,05:08:55 [INFO] Epoch: 10/30 -- Train Loss: 0.415 -- Validation Loss: 1.235 -- Validation ACC: 0.667 -- Validation F1: 0.769
2024-07-17,05:09:05 [INFO] Epoch: 20/30 -- Train Loss: 0.609 -- Validation Loss: 1.281 -- Validation ACC: 0.667 -- Validation F1: 0.769
2024-07-17,05:09:10 [INFO] Epoch: 24/30 -- Train Loss: 1.037 -- Validation Loss: 1.369 -- Validation ACC: 0.667 -- Validation F1: 0.800
2024-07-17,05:09:11 [INFO] Epoch: 25/30 -- Train Loss: 0.527 -- Validation Loss: 1.377 -- Validation ACC: 0.667 -- Validation F1: 0.800
2024-07-17,05:09:12 [INFO] Epoch: 26/30 -- Train Loss: 0.399 -- Validation Loss: 1.304 -- Validation ACC: 0.667 -- Validation F1: 0.800
2024-07-17,05:09:13 [INFO] Epoch: 27/30 -- Train Loss: 0.726 -- Validation Loss: 1.247 -- Validation ACC: 0.667 -- Validation F1: 0.786
2024-07-17,05:09:14 [INFO] Epoch: 28/30 -- Train Loss: 0.468 -- Validation Loss: 1.275 -- Validation ACC: 0.667 -- Validation F1: 0.800
2024-07-17,05:09:16 [INFO] Epoch: 29/30 -- Train Loss: 0.419 -- Validation Loss: 1.325 -- Validation ACC: 0.667 -- Validation F1: 0.800
2024-07-17,05:09:16 [INFO] Run 3/5: Average Over Last 6 epochs -- Valid ACC: 0.6666666666666666 -- Valid F1-score: 0.7976190547148386
2024-07-17,05:09:16 [INFO] Test Results of Run 3/5: -- Test Loss: 1.648 -- Test ACC: 0.678 -- Test F1: 0.767
2024-07-17,05:09:18 [INFO] Epoch: 0/30 -- Train Loss: 0.490 -- Validation Loss: 1.372 -- Validation ACC: 0.667 -- Validation F1: 0.769
2024-07-17,05:09:28 [INFO] Epoch: 10/30 -- Train Loss: 1.719 -- Validation Loss: 1.306 -- Validation ACC: 0.667 -- Validation F1: 0.769
2024-07-17,05:09:38 [INFO] Epoch: 20/30 -- Train Loss: 0.420 -- Validation Loss: 1.209 -- Validation ACC: 0.722 -- Validation F1: 0.815
2024-07-17,05:09:43 [INFO] Epoch: 24/30 -- Train Loss: 0.368 -- Validation Loss: 1.379 -- Validation ACC: 0.667 -- Validation F1: 0.800
2024-07-17,05:09:44 [INFO] Epoch: 25/30 -- Train Loss: 0.367 -- Validation Loss: 1.331 -- Validation ACC: 0.667 -- Validation F1: 0.800
2024-07-17,05:09:46 [INFO] Epoch: 26/30 -- Train Loss: 0.364 -- Validation Loss: 1.237 -- Validation ACC: 0.722 -- Validation F1: 0.828
2024-07-17,05:09:47 [INFO] Epoch: 27/30 -- Train Loss: 0.594 -- Validation Loss: 1.170 -- Validation ACC: 0.667 -- Validation F1: 0.786
2024-07-17,05:09:49 [INFO] Epoch: 28/30 -- Train Loss: 0.602 -- Validation Loss: 1.137 -- Validation ACC: 0.722 -- Validation F1: 0.815
2024-07-17,05:09:50 [INFO] Epoch: 29/30 -- Train Loss: 0.401 -- Validation Loss: 1.141 -- Validation ACC: 0.667 -- Validation F1: 0.769
2024-07-17,05:09:50 [INFO] Run 4/5: Average Over Last 6 epochs -- Valid ACC: 0.6851851851851851 -- Valid F1-score: 0.7995576858520508
2024-07-17,05:09:51 [INFO] Test Results of Run 4/5: -- Test Loss: 1.553 -- Test ACC: 0.635 -- Test F1: 0.708
2024-07-17,05:09:51 [INFO] Validation average after 5 runs -- ACC: 0.681 -- F1-score: 0.796
2024-07-17,05:09:51 [INFO] Test average after 5 runs -- ACC: 0.663 -- F1-score: 0.743
2024-07-17,05:09:51 [INFO] Finished round 1/10 of experiments!
2024-07-17,05:09:51 [INFO] Started round 2/10 of experiments!
2024-07-17,05:09:51 [INFO] Loading previous pretrained model at ./pretrained/GCN_Pretrained_2024-07-01-14-58-41.pth
2024-07-17,05:09:52 [INFO] Pretrained GNN on Source Dataset -- Test Loss: 1.173 -- Test ACC: 0.757 -- Test F1-score: 0.813
2024-07-17,05:09:53 [INFO] Pretrained GNN on Target Dataset Without Prompting: -- Validation Loss: 0.928 -- Validation ACC: 0.667 -- Validation F1-score: 0.769 -- Test Loss: 0.858 -- Test ACC: 0.687 -- Test F1-score: 0.735
2024-07-17,05:09:54 [INFO] Epoch: 0/30 -- Train Loss: 0.820 -- Validation Loss: 0.948 -- Validation ACC: 0.667 -- Validation F1: 0.769
2024-07-17,05:10:04 [INFO] Epoch: 10/30 -- Train Loss: 0.440 -- Validation Loss: 0.915 -- Validation ACC: 0.667 -- Validation F1: 0.769
2024-07-17,05:10:14 [INFO] Epoch: 20/30 -- Train Loss: 0.503 -- Validation Loss: 0.872 -- Validation ACC: 0.667 -- Validation F1: 0.769
2024-07-17,05:10:18 [INFO] Epoch: 24/30 -- Train Loss: 0.495 -- Validation Loss: 0.906 -- Validation ACC: 0.667 -- Validation F1: 0.769
2024-07-17,05:10:20 [INFO] Epoch: 25/30 -- Train Loss: 0.538 -- Validation Loss: 0.905 -- Validation ACC: 0.667 -- Validation F1: 0.769
2024-07-17,05:10:21 [INFO] Epoch: 26/30 -- Train Loss: 0.523 -- Validation Loss: 0.909 -- Validation ACC: 0.667 -- Validation F1: 0.769
2024-07-17,05:10:22 [INFO] Epoch: 27/30 -- Train Loss: 0.488 -- Validation Loss: 0.917 -- Validation ACC: 0.667 -- Validation F1: 0.769
2024-07-17,05:10:23 [INFO] Epoch: 28/30 -- Train Loss: 0.470 -- Validation Loss: 0.897 -- Validation ACC: 0.667 -- Validation F1: 0.769
2024-07-17,05:10:25 [INFO] Epoch: 29/30 -- Train Loss: 0.417 -- Validation Loss: 0.887 -- Validation ACC: 0.611 -- Validation F1: 0.720
2024-07-17,05:10:25 [INFO] Run 0/5: Average Over Last 6 epochs -- Valid ACC: 0.6574074074074073 -- Valid F1-score: 0.7610256572564443
2024-07-17,05:10:25 [INFO] Test Results of Run 0/5: -- Test Loss: 0.801 -- Test ACC: 0.730 -- Test F1: 0.756
2024-07-17,05:10:27 [INFO] Epoch: 0/30 -- Train Loss: 0.635 -- Validation Loss: 0.913 -- Validation ACC: 0.667 -- Validation F1: 0.769
2024-07-17,05:10:36 [INFO] Epoch: 10/30 -- Train Loss: 0.495 -- Validation Loss: 0.900 -- Validation ACC: 0.667 -- Validation F1: 0.769
2024-07-17,05:10:46 [INFO] Epoch: 20/30 -- Train Loss: 0.412 -- Validation Loss: 0.852 -- Validation ACC: 0.611 -- Validation F1: 0.720
2024-07-17,05:10:50 [INFO] Epoch: 24/30 -- Train Loss: 0.465 -- Validation Loss: 0.932 -- Validation ACC: 0.667 -- Validation F1: 0.769
2024-07-17,05:10:52 [INFO] Epoch: 25/30 -- Train Loss: 0.483 -- Validation Loss: 0.995 -- Validation ACC: 0.667 -- Validation F1: 0.769
2024-07-17,05:10:53 [INFO] Epoch: 26/30 -- Train Loss: 0.492 -- Validation Loss: 1.033 -- Validation ACC: 0.667 -- Validation F1: 0.769
2024-07-17,05:10:55 [INFO] Epoch: 27/30 -- Train Loss: 0.734 -- Validation Loss: 1.043 -- Validation ACC: 0.667 -- Validation F1: 0.769
2024-07-17,05:10:56 [INFO] Epoch: 28/30 -- Train Loss: 0.998 -- Validation Loss: 1.022 -- Validation ACC: 0.667 -- Validation F1: 0.769
2024-07-17,05:10:58 [INFO] Epoch: 29/30 -- Train Loss: 0.705 -- Validation Loss: 0.979 -- Validation ACC: 0.667 -- Validation F1: 0.769
2024-07-17,05:10:58 [INFO] Run 1/5: Average Over Last 6 epochs -- Valid ACC: 0.6666666666666666 -- Valid F1-score: 0.7692307829856873
2024-07-17,05:10:58 [INFO] Test Results of Run 1/5: -- Test Loss: 0.907 -- Test ACC: 0.696 -- Test F1: 0.745
2024-07-17,05:11:00 [INFO] Epoch: 0/30 -- Train Loss: 0.472 -- Validation Loss: 0.921 -- Validation ACC: 0.667 -- Validation F1: 0.769
2024-07-17,05:11:10 [INFO] Epoch: 10/30 -- Train Loss: 0.578 -- Validation Loss: 0.936 -- Validation ACC: 0.611 -- Validation F1: 0.720
2024-07-17,05:11:20 [INFO] Epoch: 20/30 -- Train Loss: 0.454 -- Validation Loss: 0.855 -- Validation ACC: 0.667 -- Validation F1: 0.769
2024-07-17,05:11:25 [INFO] Epoch: 24/30 -- Train Loss: 0.407 -- Validation Loss: 0.906 -- Validation ACC: 0.667 -- Validation F1: 0.769
2024-07-17,05:11:26 [INFO] Epoch: 25/30 -- Train Loss: 0.352 -- Validation Loss: 0.893 -- Validation ACC: 0.667 -- Validation F1: 0.769
2024-07-17,05:11:28 [INFO] Epoch: 26/30 -- Train Loss: 0.372 -- Validation Loss: 0.890 -- Validation ACC: 0.667 -- Validation F1: 0.769
2024-07-17,05:11:29 [INFO] Epoch: 27/30 -- Train Loss: 0.408 -- Validation Loss: 0.895 -- Validation ACC: 0.667 -- Validation F1: 0.769
2024-07-17,05:11:31 [INFO] Epoch: 28/30 -- Train Loss: 0.537 -- Validation Loss: 0.891 -- Validation ACC: 0.667 -- Validation F1: 0.769
2024-07-17,05:11:32 [INFO] Epoch: 29/30 -- Train Loss: 0.460 -- Validation Loss: 0.886 -- Validation ACC: 0.667 -- Validation F1: 0.769
2024-07-17,05:11:32 [INFO] Run 2/5: Average Over Last 6 epochs -- Valid ACC: 0.6666666666666666 -- Valid F1-score: 0.7692307829856873
2024-07-17,05:11:33 [INFO] Test Results of Run 2/5: -- Test Loss: 0.826 -- Test ACC: 0.722 -- Test F1: 0.750
2024-07-17,05:11:34 [INFO] Epoch: 0/30 -- Train Loss: 2.127 -- Validation Loss: 0.952 -- Validation ACC: 0.667 -- Validation F1: 0.769
2024-07-17,05:11:44 [INFO] Epoch: 10/30 -- Train Loss: 0.485 -- Validation Loss: 0.930 -- Validation ACC: 0.667 -- Validation F1: 0.769
2024-07-17,05:11:55 [INFO] Epoch: 20/30 -- Train Loss: 0.495 -- Validation Loss: 0.929 -- Validation ACC: 0.667 -- Validation F1: 0.769
2024-07-17,05:11:59 [INFO] Epoch: 24/30 -- Train Loss: 0.389 -- Validation Loss: 0.951 -- Validation ACC: 0.667 -- Validation F1: 0.769
2024-07-17,05:12:00 [INFO] Epoch: 25/30 -- Train Loss: 0.463 -- Validation Loss: 0.911 -- Validation ACC: 0.667 -- Validation F1: 0.769
2024-07-17,05:12:02 [INFO] Epoch: 26/30 -- Train Loss: 0.548 -- Validation Loss: 0.898 -- Validation ACC: 0.667 -- Validation F1: 0.769
2024-07-17,05:12:03 [INFO] Epoch: 27/30 -- Train Loss: 0.493 -- Validation Loss: 0.901 -- Validation ACC: 0.667 -- Validation F1: 0.769
2024-07-17,05:12:05 [INFO] Epoch: 28/30 -- Train Loss: 0.441 -- Validation Loss: 0.909 -- Validation ACC: 0.667 -- Validation F1: 0.769
2024-07-17,05:12:06 [INFO] Epoch: 29/30 -- Train Loss: 0.502 -- Validation Loss: 0.911 -- Validation ACC: 0.667 -- Validation F1: 0.769
2024-07-17,05:12:06 [INFO] Run 3/5: Average Over Last 6 epochs -- Valid ACC: 0.6666666666666666 -- Valid F1-score: 0.7692307829856873
2024-07-17,05:12:07 [INFO] Test Results of Run 3/5: -- Test Loss: 0.855 -- Test ACC: 0.704 -- Test F1: 0.746
2024-07-17,05:12:08 [INFO] Epoch: 0/30 -- Train Loss: 0.427 -- Validation Loss: 0.920 -- Validation ACC: 0.667 -- Validation F1: 0.769
2024-07-17,05:12:18 [INFO] Epoch: 10/30 -- Train Loss: 1.226 -- Validation Loss: 0.881 -- Validation ACC: 0.667 -- Validation F1: 0.769
2024-07-17,05:12:28 [INFO] Epoch: 20/30 -- Train Loss: 0.401 -- Validation Loss: 0.876 -- Validation ACC: 0.611 -- Validation F1: 0.720
2024-07-17,05:12:33 [INFO] Epoch: 24/30 -- Train Loss: 0.409 -- Validation Loss: 0.851 -- Validation ACC: 0.611 -- Validation F1: 0.720
2024-07-17,05:12:34 [INFO] Epoch: 25/30 -- Train Loss: 0.429 -- Validation Loss: 0.869 -- Validation ACC: 0.611 -- Validation F1: 0.720
2024-07-17,05:12:36 [INFO] Epoch: 26/30 -- Train Loss: 0.459 -- Validation Loss: 0.885 -- Validation ACC: 0.611 -- Validation F1: 0.720
2024-07-17,05:12:37 [INFO] Epoch: 27/30 -- Train Loss: 0.489 -- Validation Loss: 0.901 -- Validation ACC: 0.667 -- Validation F1: 0.769
2024-07-17,05:12:39 [INFO] Epoch: 28/30 -- Train Loss: 0.452 -- Validation Loss: 0.920 -- Validation ACC: 0.667 -- Validation F1: 0.769
2024-07-17,05:12:40 [INFO] Epoch: 29/30 -- Train Loss: 0.673 -- Validation Loss: 0.934 -- Validation ACC: 0.667 -- Validation F1: 0.769
2024-07-17,05:12:40 [INFO] Run 4/5: Average Over Last 6 epochs -- Valid ACC: 0.6388888888888888 -- Valid F1-score: 0.7446154057979584
2024-07-17,05:12:41 [INFO] Test Results of Run 4/5: -- Test Loss: 0.856 -- Test ACC: 0.687 -- Test F1: 0.731
2024-07-17,05:12:41 [INFO] Validation average after 5 runs -- ACC: 0.659 -- F1-score: 0.763
2024-07-17,05:12:41 [INFO] Test average after 5 runs -- ACC: 0.708 -- F1-score: 0.746
2024-07-17,05:12:41 [INFO] Finished round 2/10 of experiments!
2024-07-17,05:12:41 [INFO] Started round 3/10 of experiments!
2024-07-17,05:12:42 [INFO] Loading previous pretrained model at ./pretrained/GCN_Pretrained_2024-07-01-15-00-59.pth
2024-07-17,05:12:42 [INFO] Pretrained GNN on Source Dataset -- Test Loss: 0.746 -- Test ACC: 0.739 -- Test F1-score: 0.786
2024-07-17,05:12:42 [INFO] Pretrained GNN on Target Dataset Without Prompting: -- Validation Loss: 0.769 -- Validation ACC: 0.722 -- Validation F1-score: 0.706 -- Test Loss: 0.897 -- Test ACC: 0.748 -- Test F1-score: 0.810
2024-07-17,05:12:44 [INFO] Epoch: 0/30 -- Train Loss: 0.342 -- Validation Loss: 0.782 -- Validation ACC: 0.778 -- Validation F1: 0.778
2024-07-17,05:12:53 [INFO] Epoch: 10/30 -- Train Loss: 0.478 -- Validation Loss: 0.737 -- Validation ACC: 0.778 -- Validation F1: 0.750
2024-07-17,05:13:04 [INFO] Epoch: 20/30 -- Train Loss: 1.064 -- Validation Loss: 0.793 -- Validation ACC: 0.778 -- Validation F1: 0.778
2024-07-17,05:13:08 [INFO] Epoch: 24/30 -- Train Loss: 0.347 -- Validation Loss: 0.765 -- Validation ACC: 0.778 -- Validation F1: 0.778
2024-07-17,05:13:09 [INFO] Epoch: 25/30 -- Train Loss: 1.801 -- Validation Loss: 0.705 -- Validation ACC: 0.833 -- Validation F1: 0.824
2024-07-17,05:13:11 [INFO] Epoch: 26/30 -- Train Loss: 0.421 -- Validation Loss: 0.729 -- Validation ACC: 0.778 -- Validation F1: 0.750
2024-07-17,05:13:12 [INFO] Epoch: 27/30 -- Train Loss: 0.482 -- Validation Loss: 0.792 -- Validation ACC: 0.722 -- Validation F1: 0.667
2024-07-17,05:13:13 [INFO] Epoch: 28/30 -- Train Loss: 0.640 -- Validation Loss: 0.808 -- Validation ACC: 0.722 -- Validation F1: 0.667
2024-07-17,05:13:15 [INFO] Epoch: 29/30 -- Train Loss: 0.496 -- Validation Loss: 0.752 -- Validation ACC: 0.722 -- Validation F1: 0.667
2024-07-17,05:13:15 [INFO] Run 0/5: Average Over Last 6 epochs -- Valid ACC: 0.7592592592592592 -- Valid F1-score: 0.725217878818512
2024-07-17,05:13:15 [INFO] Test Results of Run 0/5: -- Test Loss: 0.909 -- Test ACC: 0.678 -- Test F1: 0.745
2024-07-17,05:13:16 [INFO] Epoch: 0/30 -- Train Loss: 0.334 -- Validation Loss: 0.732 -- Validation ACC: 0.722 -- Validation F1: 0.706
2024-07-17,05:13:27 [INFO] Epoch: 10/30 -- Train Loss: 0.352 -- Validation Loss: 0.760 -- Validation ACC: 0.778 -- Validation F1: 0.750
2024-07-17,05:13:37 [INFO] Epoch: 20/30 -- Train Loss: 0.352 -- Validation Loss: 0.737 -- Validation ACC: 0.778 -- Validation F1: 0.778
2024-07-17,05:13:41 [INFO] Epoch: 24/30 -- Train Loss: 0.434 -- Validation Loss: 0.788 -- Validation ACC: 0.778 -- Validation F1: 0.778
2024-07-17,05:13:43 [INFO] Epoch: 25/30 -- Train Loss: 0.424 -- Validation Loss: 0.808 -- Validation ACC: 0.778 -- Validation F1: 0.778
2024-07-17,05:13:44 [INFO] Epoch: 26/30 -- Train Loss: 0.582 -- Validation Loss: 0.818 -- Validation ACC: 0.778 -- Validation F1: 0.778
2024-07-17,05:13:46 [INFO] Epoch: 27/30 -- Train Loss: 0.428 -- Validation Loss: 0.821 -- Validation ACC: 0.778 -- Validation F1: 0.778
2024-07-17,05:13:47 [INFO] Epoch: 28/30 -- Train Loss: 0.486 -- Validation Loss: 0.846 -- Validation ACC: 0.778 -- Validation F1: 0.778
2024-07-17,05:13:48 [INFO] Epoch: 29/30 -- Train Loss: 0.454 -- Validation Loss: 0.898 -- Validation ACC: 0.722 -- Validation F1: 0.737
2024-07-17,05:13:48 [INFO] Run 1/5: Average Over Last 6 epochs -- Valid ACC: 0.7685185185185185 -- Valid F1-score: 0.7709551751613617
2024-07-17,05:13:49 [INFO] Test Results of Run 1/5: -- Test Loss: 0.968 -- Test ACC: 0.757 -- Test F1: 0.827
2024-07-17,05:13:50 [INFO] Epoch: 0/30 -- Train Loss: 0.349 -- Validation Loss: 0.848 -- Validation ACC: 0.778 -- Validation F1: 0.778
2024-07-17,05:14:01 [INFO] Epoch: 10/30 -- Train Loss: 0.463 -- Validation Loss: 0.767 -- Validation ACC: 0.778 -- Validation F1: 0.750
2024-07-17,05:14:11 [INFO] Epoch: 20/30 -- Train Loss: 0.354 -- Validation Loss: 0.774 -- Validation ACC: 0.778 -- Validation F1: 0.750
2024-07-17,05:14:15 [INFO] Epoch: 24/30 -- Train Loss: 2.062 -- Validation Loss: 0.807 -- Validation ACC: 0.778 -- Validation F1: 0.778
2024-07-17,05:14:17 [INFO] Epoch: 25/30 -- Train Loss: 0.630 -- Validation Loss: 0.765 -- Validation ACC: 0.778 -- Validation F1: 0.750
2024-07-17,05:14:18 [INFO] Epoch: 26/30 -- Train Loss: 0.479 -- Validation Loss: 0.750 -- Validation ACC: 0.778 -- Validation F1: 0.750
2024-07-17,05:14:19 [INFO] Epoch: 27/30 -- Train Loss: 0.485 -- Validation Loss: 0.741 -- Validation ACC: 0.778 -- Validation F1: 0.750
2024-07-17,05:14:21 [INFO] Epoch: 28/30 -- Train Loss: 0.465 -- Validation Loss: 0.724 -- Validation ACC: 0.778 -- Validation F1: 0.750
2024-07-17,05:14:22 [INFO] Epoch: 29/30 -- Train Loss: 0.491 -- Validation Loss: 0.719 -- Validation ACC: 0.778 -- Validation F1: 0.750
2024-07-17,05:14:22 [INFO] Run 2/5: Average Over Last 6 epochs -- Valid ACC: 0.7777777777777778 -- Valid F1-score: 0.7546296318372091
2024-07-17,05:14:22 [INFO] Test Results of Run 2/5: -- Test Loss: 0.895 -- Test ACC: 0.730 -- Test F1: 0.795
2024-07-17,05:14:24 [INFO] Epoch: 0/30 -- Train Loss: 0.750 -- Validation Loss: 0.750 -- Validation ACC: 0.778 -- Validation F1: 0.750
2024-07-17,05:14:34 [INFO] Epoch: 10/30 -- Train Loss: 0.469 -- Validation Loss: 0.808 -- Validation ACC: 0.722 -- Validation F1: 0.706
2024-07-17,05:14:44 [INFO] Epoch: 20/30 -- Train Loss: 1.240 -- Validation Loss: 0.694 -- Validation ACC: 0.778 -- Validation F1: 0.750
2024-07-17,05:14:48 [INFO] Epoch: 24/30 -- Train Loss: 1.029 -- Validation Loss: 0.713 -- Validation ACC: 0.778 -- Validation F1: 0.750
2024-07-17,05:14:49 [INFO] Epoch: 25/30 -- Train Loss: 0.564 -- Validation Loss: 0.714 -- Validation ACC: 0.833 -- Validation F1: 0.824
2024-07-17,05:14:51 [INFO] Epoch: 26/30 -- Train Loss: 0.475 -- Validation Loss: 0.730 -- Validation ACC: 0.778 -- Validation F1: 0.778
2024-07-17,05:14:52 [INFO] Epoch: 27/30 -- Train Loss: 0.464 -- Validation Loss: 0.752 -- Validation ACC: 0.778 -- Validation F1: 0.778
2024-07-17,05:14:54 [INFO] Epoch: 28/30 -- Train Loss: 0.351 -- Validation Loss: 0.730 -- Validation ACC: 0.778 -- Validation F1: 0.778
2024-07-17,05:14:55 [INFO] Epoch: 29/30 -- Train Loss: 1.221 -- Validation Loss: 0.720 -- Validation ACC: 0.833 -- Validation F1: 0.824
2024-07-17,05:14:55 [INFO] Run 3/5: Average Over Last 6 epochs -- Valid ACC: 0.7962962962962963 -- Valid F1-score: 0.7883987029393514
2024-07-17,05:14:56 [INFO] Test Results of Run 3/5: -- Test Loss: 0.909 -- Test ACC: 0.730 -- Test F1: 0.795
2024-07-17,05:14:57 [INFO] Epoch: 0/30 -- Train Loss: 0.536 -- Validation Loss: 0.796 -- Validation ACC: 0.778 -- Validation F1: 0.750
2024-07-17,05:15:07 [INFO] Epoch: 10/30 -- Train Loss: 0.496 -- Validation Loss: 0.742 -- Validation ACC: 0.778 -- Validation F1: 0.778
2024-07-17,05:15:19 [INFO] Epoch: 20/30 -- Train Loss: 0.657 -- Validation Loss: 0.786 -- Validation ACC: 0.778 -- Validation F1: 0.750
2024-07-17,05:15:23 [INFO] Epoch: 24/30 -- Train Loss: 0.471 -- Validation Loss: 0.788 -- Validation ACC: 0.722 -- Validation F1: 0.706
2024-07-17,05:15:25 [INFO] Epoch: 25/30 -- Train Loss: 0.366 -- Validation Loss: 0.771 -- Validation ACC: 0.722 -- Validation F1: 0.706
2024-07-17,05:15:26 [INFO] Epoch: 26/30 -- Train Loss: 0.348 -- Validation Loss: 0.758 -- Validation ACC: 0.722 -- Validation F1: 0.706
2024-07-17,05:15:27 [INFO] Epoch: 27/30 -- Train Loss: 0.686 -- Validation Loss: 0.776 -- Validation ACC: 0.778 -- Validation F1: 0.778
2024-07-17,05:15:28 [INFO] Epoch: 28/30 -- Train Loss: 0.399 -- Validation Loss: 0.837 -- Validation ACC: 0.778 -- Validation F1: 0.778
2024-07-17,05:15:30 [INFO] Epoch: 29/30 -- Train Loss: 0.481 -- Validation Loss: 0.815 -- Validation ACC: 0.778 -- Validation F1: 0.778
2024-07-17,05:15:30 [INFO] Run 4/5: Average Over Last 6 epochs -- Valid ACC: 0.75 -- Valid F1-score: 0.7418300807476044
2024-07-17,05:15:30 [INFO] Test Results of Run 4/5: -- Test Loss: 0.945 -- Test ACC: 0.748 -- Test F1: 0.813
2024-07-17,05:15:30 [INFO] Validation average after 5 runs -- ACC: 0.770 -- F1-score: 0.756
2024-07-17,05:15:30 [INFO] Test average after 5 runs -- ACC: 0.729 -- F1-score: 0.795
2024-07-17,05:15:30 [INFO] Finished round 3/10 of experiments!
2024-07-17,05:15:30 [INFO] Started round 4/10 of experiments!
2024-07-17,05:15:31 [INFO] Loading previous pretrained model at ./pretrained/GCN_Pretrained_2024-07-01-15-03-17.pth
2024-07-17,05:15:31 [INFO] Pretrained GNN on Source Dataset -- Test Loss: 1.048 -- Test ACC: 0.696 -- Test F1-score: 0.759
2024-07-17,05:15:32 [INFO] Pretrained GNN on Target Dataset Without Prompting: -- Validation Loss: 0.854 -- Validation ACC: 0.500 -- Validation F1-score: 0.571 -- Test Loss: 0.781 -- Test ACC: 0.713 -- Test F1-score: 0.784
2024-07-17,05:15:34 [INFO] Epoch: 0/30 -- Train Loss: 0.531 -- Validation Loss: 0.854 -- Validation ACC: 0.500 -- Validation F1: 0.571
2024-07-17,05:15:44 [INFO] Epoch: 10/30 -- Train Loss: 1.613 -- Validation Loss: 1.048 -- Validation ACC: 0.500 -- Validation F1: 0.571
2024-07-17,05:15:54 [INFO] Epoch: 20/30 -- Train Loss: 0.999 -- Validation Loss: 0.897 -- Validation ACC: 0.611 -- Validation F1: 0.632
2024-07-17,05:15:58 [INFO] Epoch: 24/30 -- Train Loss: 0.392 -- Validation Loss: 0.967 -- Validation ACC: 0.556 -- Validation F1: 0.556
2024-07-17,05:15:59 [INFO] Epoch: 25/30 -- Train Loss: 0.409 -- Validation Loss: 0.988 -- Validation ACC: 0.556 -- Validation F1: 0.556
2024-07-17,05:16:00 [INFO] Epoch: 26/30 -- Train Loss: 0.442 -- Validation Loss: 1.021 -- Validation ACC: 0.611 -- Validation F1: 0.632
2024-07-17,05:16:02 [INFO] Epoch: 27/30 -- Train Loss: 0.474 -- Validation Loss: 1.047 -- Validation ACC: 0.611 -- Validation F1: 0.632
2024-07-17,05:16:03 [INFO] Epoch: 28/30 -- Train Loss: 0.627 -- Validation Loss: 1.059 -- Validation ACC: 0.611 -- Validation F1: 0.632
2024-07-17,05:16:05 [INFO] Epoch: 29/30 -- Train Loss: 0.502 -- Validation Loss: 1.077 -- Validation ACC: 0.611 -- Validation F1: 0.632
2024-07-17,05:16:05 [INFO] Run 0/5: Average Over Last 6 epochs -- Valid ACC: 0.5925925925925927 -- Valid F1-score: 0.6062378088633219
2024-07-17,05:16:05 [INFO] Test Results of Run 0/5: -- Test Loss: 0.832 -- Test ACC: 0.722 -- Test F1: 0.795
2024-07-17,05:16:07 [INFO] Epoch: 0/30 -- Train Loss: 1.135 -- Validation Loss: 0.681 -- Validation ACC: 0.667 -- Validation F1: 0.667
2024-07-17,05:16:17 [INFO] Epoch: 10/30 -- Train Loss: 0.441 -- Validation Loss: 0.971 -- Validation ACC: 0.500 -- Validation F1: 0.571
2024-07-17,05:16:27 [INFO] Epoch: 20/30 -- Train Loss: 0.420 -- Validation Loss: 0.908 -- Validation ACC: 0.611 -- Validation F1: 0.632
2024-07-17,05:16:31 [INFO] Epoch: 24/30 -- Train Loss: 0.490 -- Validation Loss: 0.754 -- Validation ACC: 0.611 -- Validation F1: 0.588
2024-07-17,05:16:33 [INFO] Epoch: 25/30 -- Train Loss: 0.444 -- Validation Loss: 1.003 -- Validation ACC: 0.500 -- Validation F1: 0.571
2024-07-17,05:16:34 [INFO] Epoch: 26/30 -- Train Loss: 0.443 -- Validation Loss: 1.305 -- Validation ACC: 0.500 -- Validation F1: 0.571
2024-07-17,05:16:36 [INFO] Epoch: 27/30 -- Train Loss: 0.363 -- Validation Loss: 1.485 -- Validation ACC: 0.444 -- Validation F1: 0.545
2024-07-17,05:16:37 [INFO] Epoch: 28/30 -- Train Loss: 0.432 -- Validation Loss: 1.635 -- Validation ACC: 0.444 -- Validation F1: 0.545
2024-07-17,05:16:38 [INFO] Epoch: 29/30 -- Train Loss: 0.415 -- Validation Loss: 1.701 -- Validation ACC: 0.444 -- Validation F1: 0.545
2024-07-17,05:16:38 [INFO] Run 1/5: Average Over Last 6 epochs -- Valid ACC: 0.49074074074074076 -- Valid F1-score: 0.5612426996231079
2024-07-17,05:16:39 [INFO] Test Results of Run 1/5: -- Test Loss: 1.153 -- Test ACC: 0.687 -- Test F1: 0.795
2024-07-17,05:16:40 [INFO] Epoch: 0/30 -- Train Loss: 0.457 -- Validation Loss: 1.068 -- Validation ACC: 0.500 -- Validation F1: 0.571
2024-07-17,05:16:50 [INFO] Epoch: 10/30 -- Train Loss: 0.492 -- Validation Loss: 0.723 -- Validation ACC: 0.611 -- Validation F1: 0.632
2024-07-17,05:17:01 [INFO] Epoch: 20/30 -- Train Loss: 0.352 -- Validation Loss: 0.943 -- Validation ACC: 0.500 -- Validation F1: 0.571
2024-07-17,05:17:05 [INFO] Epoch: 24/30 -- Train Loss: 1.049 -- Validation Loss: 1.093 -- Validation ACC: 0.500 -- Validation F1: 0.571
2024-07-17,05:17:06 [INFO] Epoch: 25/30 -- Train Loss: 0.480 -- Validation Loss: 1.083 -- Validation ACC: 0.500 -- Validation F1: 0.571
2024-07-17,05:17:07 [INFO] Epoch: 26/30 -- Train Loss: 0.378 -- Validation Loss: 1.095 -- Validation ACC: 0.500 -- Validation F1: 0.571
2024-07-17,05:17:09 [INFO] Epoch: 27/30 -- Train Loss: 0.461 -- Validation Loss: 1.097 -- Validation ACC: 0.500 -- Validation F1: 0.571
2024-07-17,05:17:10 [INFO] Epoch: 28/30 -- Train Loss: 0.349 -- Validation Loss: 1.056 -- Validation ACC: 0.500 -- Validation F1: 0.571
2024-07-17,05:17:11 [INFO] Epoch: 29/30 -- Train Loss: 1.154 -- Validation Loss: 0.979 -- Validation ACC: 0.500 -- Validation F1: 0.571
2024-07-17,05:17:11 [INFO] Run 2/5: Average Over Last 6 epochs -- Valid ACC: 0.5 -- Valid F1-score: 0.5714285969734192
2024-07-17,05:17:12 [INFO] Test Results of Run 2/5: -- Test Loss: 0.803 -- Test ACC: 0.730 -- Test F1: 0.805
2024-07-17,05:17:13 [INFO] Epoch: 0/30 -- Train Loss: 0.429 -- Validation Loss: 0.635 -- Validation ACC: 0.611 -- Validation F1: 0.588
2024-07-17,05:17:24 [INFO] Epoch: 10/30 -- Train Loss: 0.442 -- Validation Loss: 0.977 -- Validation ACC: 0.500 -- Validation F1: 0.571
2024-07-17,05:17:34 [INFO] Epoch: 20/30 -- Train Loss: 0.696 -- Validation Loss: 0.917 -- Validation ACC: 0.611 -- Validation F1: 0.632
2024-07-17,05:17:38 [INFO] Epoch: 24/30 -- Train Loss: 0.506 -- Validation Loss: 0.922 -- Validation ACC: 0.556 -- Validation F1: 0.600
2024-07-17,05:17:40 [INFO] Epoch: 25/30 -- Train Loss: 0.528 -- Validation Loss: 0.962 -- Validation ACC: 0.556 -- Validation F1: 0.600
2024-07-17,05:17:41 [INFO] Epoch: 26/30 -- Train Loss: 1.175 -- Validation Loss: 0.950 -- Validation ACC: 0.556 -- Validation F1: 0.600
2024-07-17,05:17:42 [INFO] Epoch: 27/30 -- Train Loss: 0.379 -- Validation Loss: 0.810 -- Validation ACC: 0.667 -- Validation F1: 0.667
2024-07-17,05:17:44 [INFO] Epoch: 28/30 -- Train Loss: 1.518 -- Validation Loss: 0.847 -- Validation ACC: 0.667 -- Validation F1: 0.667
2024-07-17,05:17:45 [INFO] Epoch: 29/30 -- Train Loss: 0.588 -- Validation Loss: 0.813 -- Validation ACC: 0.667 -- Validation F1: 0.667
2024-07-17,05:17:45 [INFO] Run 3/5: Average Over Last 6 epochs -- Valid ACC: 0.611111111111111 -- Valid F1-score: 0.6333333551883698
2024-07-17,05:17:46 [INFO] Test Results of Run 3/5: -- Test Loss: 0.771 -- Test ACC: 0.704 -- Test F1: 0.770
2024-07-17,05:17:47 [INFO] Epoch: 0/30 -- Train Loss: 0.458 -- Validation Loss: 0.775 -- Validation ACC: 0.667 -- Validation F1: 0.667
2024-07-17,05:17:56 [INFO] Epoch: 10/30 -- Train Loss: 0.356 -- Validation Loss: 1.183 -- Validation ACC: 0.500 -- Validation F1: 0.571
2024-07-17,05:18:07 [INFO] Epoch: 20/30 -- Train Loss: 0.847 -- Validation Loss: 0.678 -- Validation ACC: 0.667 -- Validation F1: 0.667
2024-07-17,05:18:10 [INFO] Epoch: 24/30 -- Train Loss: 0.466 -- Validation Loss: 1.053 -- Validation ACC: 0.500 -- Validation F1: 0.571
2024-07-17,05:18:12 [INFO] Epoch: 25/30 -- Train Loss: 0.380 -- Validation Loss: 1.130 -- Validation ACC: 0.500 -- Validation F1: 0.571
2024-07-17,05:18:13 [INFO] Epoch: 26/30 -- Train Loss: 0.376 -- Validation Loss: 1.357 -- Validation ACC: 0.444 -- Validation F1: 0.545
2024-07-17,05:18:14 [INFO] Epoch: 27/30 -- Train Loss: 0.387 -- Validation Loss: 1.544 -- Validation ACC: 0.444 -- Validation F1: 0.545
2024-07-17,05:18:16 [INFO] Epoch: 28/30 -- Train Loss: 0.452 -- Validation Loss: 1.548 -- Validation ACC: 0.444 -- Validation F1: 0.545
2024-07-17,05:18:17 [INFO] Epoch: 29/30 -- Train Loss: 0.474 -- Validation Loss: 1.359 -- Validation ACC: 0.444 -- Validation F1: 0.545
2024-07-17,05:18:17 [INFO] Run 4/5: Average Over Last 6 epochs -- Valid ACC: 0.46296296296296297 -- Valid F1-score: 0.5541125734647115
2024-07-17,05:18:17 [INFO] Test Results of Run 4/5: -- Test Loss: 0.987 -- Test ACC: 0.722 -- Test F1: 0.812
2024-07-17,05:18:17 [INFO] Validation average after 5 runs -- ACC: 0.531 -- F1-score: 0.585
2024-07-17,05:18:17 [INFO] Test average after 5 runs -- ACC: 0.713 -- F1-score: 0.795
2024-07-17,05:18:17 [INFO] Finished round 4/10 of experiments!
2024-07-17,05:18:17 [INFO] Started round 5/10 of experiments!
2024-07-17,05:18:18 [INFO] Setting for pretraining: Model: {'gnn_type': 'gcn', 'in_channels': 56, 'hidden_channels': 512, 'out_channels': 2, 'num_layers': 3, 'dropout': 0.4, 'with_bn': False, 'with_head': True} -- Optimizer: {'lr': 0.01, 'scheduler_step_size': 50, 'scheduler_gamma': 0.5, 'weight_decay': 0.0} -- Training: {'n_epochs': 100}
2024-07-17,05:18:18 [INFO] Loading previous pretrained model at ./pretrained/GCN_Pretrained_2024-07-01-15-05-37.pth
2024-07-17,05:18:18 [INFO] Prompting method: flex_match -- Setting: Prompting function: gpf_plus -- Target Dataset: DHFR
2024-07-17,05:18:18 [INFO] Setting for prompt tuning: Prompt: {'emb_dim': 56, 'h_dim': 512, 'output_dim': 56, 'prompt_fn': 'gpf_plus', 'token_num': 50, 'cross_prune': 0.8, 'inner_prune': 0.3, 'attn_with_param': False} -- Pretrained Model: {'gnn_type': 'gcn', 'in_channels': 56, 'hidden_channels': 512, 'out_channels': 2, 'num_layers': 3, 'dropout': 0.4, 'with_bn': False, 'with_head': True} -- Optimizer: {'lr': 0.01, 'scheduler_step_size': 50, 'scheduler_gamma': 0.5, 'weight_decay': 0.1} -- Training: {'aug_type': 'feature', 'pos_aug_mode': 'mask', 'p_raug': 0.15, 'n_epochs': 30, 'r_reg': 0.0, 'soft_label': False, 'clutering_iters': 3, 'iterative_clustering': False, 'entropy_div_ratio': 3, 'w_entropy_loss': 0.0, 'w_softmax_loss': 0.5, 'w_domain_loss': 0.5, 'light_aug_prob': 0.1, 'light_aug_mode': 'mask', 'num_classes': 2, 'cut_off': 0.5}
2024-07-17,05:18:18 [INFO] Prompt tuning started: Num runs: 5 -- Eval step: 10
2024-07-17,05:18:18 [INFO] Pretrained GNN on Source Dataset -- Test Loss: 0.768 -- Test ACC: 0.687 -- Test F1-score: 0.684
2024-07-17,05:18:19 [INFO] Pretrained GNN on Target Dataset Without Prompting: -- Validation Loss: 0.232 -- Validation ACC: 0.889 -- Validation F1-score: 0.900 -- Test Loss: 0.871 -- Test ACC: 0.722 -- Test F1-score: 0.754
2024-07-17,05:18:21 [INFO] Epoch: 0/30 -- Train Loss: 0.360 -- Validation Loss: 0.279 -- Validation ACC: 0.889 -- Validation F1: 0.909
2024-07-17,05:18:32 [INFO] Epoch: 10/30 -- Train Loss: 0.503 -- Validation Loss: 0.273 -- Validation ACC: 0.833 -- Validation F1: 0.824
2024-07-17,05:18:42 [INFO] Epoch: 20/30 -- Train Loss: 0.362 -- Validation Loss: 0.277 -- Validation ACC: 0.833 -- Validation F1: 0.824
2024-07-17,05:18:47 [INFO] Epoch: 24/30 -- Train Loss: 0.387 -- Validation Loss: 0.262 -- Validation ACC: 0.833 -- Validation F1: 0.824
2024-07-17,05:18:48 [INFO] Epoch: 25/30 -- Train Loss: 0.572 -- Validation Loss: 0.234 -- Validation ACC: 0.889 -- Validation F1: 0.900
2024-07-17,05:18:50 [INFO] Epoch: 26/30 -- Train Loss: 0.666 -- Validation Loss: 0.228 -- Validation ACC: 0.889 -- Validation F1: 0.900
2024-07-17,05:18:51 [INFO] Epoch: 27/30 -- Train Loss: 0.411 -- Validation Loss: 0.229 -- Validation ACC: 0.889 -- Validation F1: 0.900
2024-07-17,05:18:52 [INFO] Epoch: 28/30 -- Train Loss: 0.376 -- Validation Loss: 0.235 -- Validation ACC: 0.889 -- Validation F1: 0.900
2024-07-17,05:18:54 [INFO] Epoch: 29/30 -- Train Loss: 0.491 -- Validation Loss: 0.239 -- Validation ACC: 0.889 -- Validation F1: 0.900
2024-07-17,05:18:54 [INFO] Run 0/5: Average Over Last 6 epochs -- Valid ACC: 0.8796296296296298 -- Valid F1-score: 0.8872548838456472
2024-07-17,05:18:54 [INFO] Test Results of Run 0/5: -- Test Loss: 0.895 -- Test ACC: 0.722 -- Test F1: 0.761
2024-07-17,05:18:55 [INFO] Epoch: 0/30 -- Train Loss: 0.491 -- Validation Loss: 0.233 -- Validation ACC: 0.889 -- Validation F1: 0.900
2024-07-17,05:19:06 [INFO] Epoch: 10/30 -- Train Loss: 0.599 -- Validation Loss: 0.254 -- Validation ACC: 0.833 -- Validation F1: 0.824
2024-07-17,05:19:16 [INFO] Epoch: 20/30 -- Train Loss: 0.353 -- Validation Loss: 0.348 -- Validation ACC: 0.778 -- Validation F1: 0.750
2024-07-17,05:19:21 [INFO] Epoch: 24/30 -- Train Loss: 0.469 -- Validation Loss: 0.254 -- Validation ACC: 0.778 -- Validation F1: 0.778
2024-07-17,05:19:22 [INFO] Epoch: 25/30 -- Train Loss: 0.480 -- Validation Loss: 0.247 -- Validation ACC: 0.889 -- Validation F1: 0.900
2024-07-17,05:19:24 [INFO] Epoch: 26/30 -- Train Loss: 0.502 -- Validation Loss: 0.249 -- Validation ACC: 0.889 -- Validation F1: 0.900
2024-07-17,05:19:25 [INFO] Epoch: 27/30 -- Train Loss: 0.434 -- Validation Loss: 0.282 -- Validation ACC: 0.778 -- Validation F1: 0.750
2024-07-17,05:19:27 [INFO] Epoch: 28/30 -- Train Loss: 0.530 -- Validation Loss: 0.310 -- Validation ACC: 0.778 -- Validation F1: 0.750
2024-07-17,05:19:28 [INFO] Epoch: 29/30 -- Train Loss: 0.470 -- Validation Loss: 0.315 -- Validation ACC: 0.778 -- Validation F1: 0.750
2024-07-17,05:19:28 [INFO] Run 1/5: Average Over Last 6 epochs -- Valid ACC: 0.8148148148148148 -- Valid F1-score: 0.8046296238899231
2024-07-17,05:19:29 [INFO] Test Results of Run 1/5: -- Test Loss: 0.872 -- Test ACC: 0.670 -- Test F1: 0.678
2024-07-17,05:19:30 [INFO] Epoch: 0/30 -- Train Loss: 0.442 -- Validation Loss: 0.249 -- Validation ACC: 0.833 -- Validation F1: 0.824
2024-07-17,05:19:41 [INFO] Epoch: 10/30 -- Train Loss: 0.559 -- Validation Loss: 0.274 -- Validation ACC: 0.833 -- Validation F1: 0.824
2024-07-17,05:19:51 [INFO] Epoch: 20/30 -- Train Loss: 0.380 -- Validation Loss: 0.237 -- Validation ACC: 0.889 -- Validation F1: 0.900
2024-07-17,05:19:55 [INFO] Epoch: 24/30 -- Train Loss: 1.352 -- Validation Loss: 0.233 -- Validation ACC: 0.889 -- Validation F1: 0.900
2024-07-17,05:19:56 [INFO] Epoch: 25/30 -- Train Loss: 0.393 -- Validation Loss: 0.228 -- Validation ACC: 0.889 -- Validation F1: 0.900
2024-07-17,05:19:57 [INFO] Epoch: 26/30 -- Train Loss: 0.460 -- Validation Loss: 0.232 -- Validation ACC: 0.889 -- Validation F1: 0.900
2024-07-17,05:19:59 [INFO] Epoch: 27/30 -- Train Loss: 0.457 -- Validation Loss: 0.233 -- Validation ACC: 0.889 -- Validation F1: 0.900
2024-07-17,05:20:00 [INFO] Epoch: 28/30 -- Train Loss: 0.483 -- Validation Loss: 0.237 -- Validation ACC: 0.889 -- Validation F1: 0.900
2024-07-17,05:20:02 [INFO] Epoch: 29/30 -- Train Loss: 0.347 -- Validation Loss: 0.246 -- Validation ACC: 0.889 -- Validation F1: 0.900
2024-07-17,05:20:02 [INFO] Run 2/5: Average Over Last 6 epochs -- Valid ACC: 0.888888888888889 -- Valid F1-score: 0.8999999761581421
2024-07-17,05:20:03 [INFO] Test Results of Run 2/5: -- Test Loss: 0.866 -- Test ACC: 0.696 -- Test F1: 0.720
2024-07-17,05:20:04 [INFO] Epoch: 0/30 -- Train Loss: 0.769 -- Validation Loss: 0.231 -- Validation ACC: 0.889 -- Validation F1: 0.900
2024-07-17,05:20:15 [INFO] Epoch: 10/30 -- Train Loss: 0.427 -- Validation Loss: 0.271 -- Validation ACC: 0.833 -- Validation F1: 0.824
2024-07-17,05:20:25 [INFO] Epoch: 20/30 -- Train Loss: 0.418 -- Validation Loss: 0.244 -- Validation ACC: 0.889 -- Validation F1: 0.889
2024-07-17,05:20:30 [INFO] Epoch: 24/30 -- Train Loss: 0.492 -- Validation Loss: 0.236 -- Validation ACC: 0.889 -- Validation F1: 0.900
2024-07-17,05:20:32 [INFO] Epoch: 25/30 -- Train Loss: 0.348 -- Validation Loss: 0.235 -- Validation ACC: 0.889 -- Validation F1: 0.900
2024-07-17,05:20:33 [INFO] Epoch: 26/30 -- Train Loss: 0.582 -- Validation Loss: 0.235 -- Validation ACC: 0.889 -- Validation F1: 0.900
2024-07-17,05:20:35 [INFO] Epoch: 27/30 -- Train Loss: 0.371 -- Validation Loss: 0.235 -- Validation ACC: 0.889 -- Validation F1: 0.900
2024-07-17,05:20:36 [INFO] Epoch: 28/30 -- Train Loss: 0.468 -- Validation Loss: 0.235 -- Validation ACC: 0.889 -- Validation F1: 0.900
2024-07-17,05:20:38 [INFO] Epoch: 29/30 -- Train Loss: 0.472 -- Validation Loss: 0.234 -- Validation ACC: 0.889 -- Validation F1: 0.900
2024-07-17,05:20:38 [INFO] Run 3/5: Average Over Last 6 epochs -- Valid ACC: 0.888888888888889 -- Valid F1-score: 0.8999999761581421
2024-07-17,05:20:38 [INFO] Test Results of Run 3/5: -- Test Loss: 0.881 -- Test ACC: 0.730 -- Test F1: 0.763
2024-07-17,05:20:40 [INFO] Epoch: 0/30 -- Train Loss: 0.673 -- Validation Loss: 0.269 -- Validation ACC: 0.778 -- Validation F1: 0.750
2024-07-17,05:20:51 [INFO] Epoch: 10/30 -- Train Loss: 0.988 -- Validation Loss: 0.279 -- Validation ACC: 0.778 -- Validation F1: 0.750
2024-07-17,05:21:02 [INFO] Epoch: 20/30 -- Train Loss: 0.474 -- Validation Loss: 0.248 -- Validation ACC: 0.889 -- Validation F1: 0.900
2024-07-17,05:21:06 [INFO] Epoch: 24/30 -- Train Loss: 0.416 -- Validation Loss: 0.234 -- Validation ACC: 0.889 -- Validation F1: 0.900
2024-07-17,05:21:08 [INFO] Epoch: 25/30 -- Train Loss: 0.509 -- Validation Loss: 0.233 -- Validation ACC: 0.889 -- Validation F1: 0.900
2024-07-17,05:21:09 [INFO] Epoch: 26/30 -- Train Loss: 0.470 -- Validation Loss: 0.238 -- Validation ACC: 0.889 -- Validation F1: 0.900
2024-07-17,05:21:10 [INFO] Epoch: 27/30 -- Train Loss: 1.119 -- Validation Loss: 0.276 -- Validation ACC: 0.778 -- Validation F1: 0.750
2024-07-17,05:21:12 [INFO] Epoch: 28/30 -- Train Loss: 0.477 -- Validation Loss: 0.281 -- Validation ACC: 0.778 -- Validation F1: 0.750
2024-07-17,05:21:13 [INFO] Epoch: 29/30 -- Train Loss: 0.565 -- Validation Loss: 0.271 -- Validation ACC: 0.833 -- Validation F1: 0.824
2024-07-17,05:21:13 [INFO] Run 4/5: Average Over Last 6 epochs -- Valid ACC: 0.8425925925925926 -- Valid F1-score: 0.8372548917929331
2024-07-17,05:21:14 [INFO] Test Results of Run 4/5: -- Test Loss: 0.865 -- Test ACC: 0.678 -- Test F1: 0.704
2024-07-17,05:21:14 [INFO] Validation average after 5 runs -- ACC: 0.863 -- F1-score: 0.866
2024-07-17,05:21:14 [INFO] Test average after 5 runs -- ACC: 0.699 -- F1-score: 0.725
2024-07-17,05:21:14 [INFO] Finished round 5/10 of experiments!
2024-07-17,05:21:14 [INFO] Started round 6/10 of experiments!
2024-07-17,05:21:14 [INFO] Loading previous pretrained model at ./pretrained/GCN_Pretrained_2024-07-01-15-07-56.pth
2024-07-17,05:21:15 [INFO] Pretrained GNN on Source Dataset -- Test Loss: 0.661 -- Test ACC: 0.626 -- Test F1-score: 0.770
2024-07-17,05:21:16 [INFO] Pretrained GNN on Target Dataset Without Prompting: -- Validation Loss: 0.641 -- Validation ACC: 0.667 -- Validation F1-score: 0.800 -- Test Loss: 0.687 -- Test ACC: 0.574 -- Test F1-score: 0.729
2024-07-17,05:21:17 [INFO] Epoch: 0/30 -- Train Loss: 0.595 -- Validation Loss: 0.641 -- Validation ACC: 0.667 -- Validation F1: 0.800
2024-07-17,05:21:27 [INFO] Epoch: 10/30 -- Train Loss: 0.593 -- Validation Loss: 0.641 -- Validation ACC: 0.667 -- Validation F1: 0.800
2024-07-17,05:21:37 [INFO] Epoch: 20/30 -- Train Loss: 0.593 -- Validation Loss: 0.641 -- Validation ACC: 0.667 -- Validation F1: 0.800
2024-07-17,05:21:41 [INFO] Epoch: 24/30 -- Train Loss: 0.593 -- Validation Loss: 0.641 -- Validation ACC: 0.667 -- Validation F1: 0.800
2024-07-17,05:21:42 [INFO] Epoch: 25/30 -- Train Loss: 0.593 -- Validation Loss: 0.641 -- Validation ACC: 0.667 -- Validation F1: 0.800
2024-07-17,05:21:44 [INFO] Epoch: 26/30 -- Train Loss: 0.593 -- Validation Loss: 0.641 -- Validation ACC: 0.667 -- Validation F1: 0.800
2024-07-17,05:21:45 [INFO] Epoch: 27/30 -- Train Loss: 0.593 -- Validation Loss: 0.641 -- Validation ACC: 0.667 -- Validation F1: 0.800
2024-07-17,05:21:46 [INFO] Epoch: 28/30 -- Train Loss: 0.593 -- Validation Loss: 0.641 -- Validation ACC: 0.667 -- Validation F1: 0.800
2024-07-17,05:21:48 [INFO] Epoch: 29/30 -- Train Loss: 0.593 -- Validation Loss: 0.641 -- Validation ACC: 0.667 -- Validation F1: 0.800
2024-07-17,05:21:48 [INFO] Run 0/5: Average Over Last 6 epochs -- Valid ACC: 0.6666666666666666 -- Valid F1-score: 0.800000011920929
2024-07-17,05:21:48 [INFO] Test Results of Run 0/5: -- Test Loss: 0.687 -- Test ACC: 0.574 -- Test F1: 0.729
2024-07-17,05:21:49 [INFO] Epoch: 0/30 -- Train Loss: 0.595 -- Validation Loss: 0.641 -- Validation ACC: 0.667 -- Validation F1: 0.800
2024-07-17,05:22:01 [INFO] Epoch: 10/30 -- Train Loss: 0.593 -- Validation Loss: 0.641 -- Validation ACC: 0.667 -- Validation F1: 0.800
2024-07-17,05:22:11 [INFO] Epoch: 20/30 -- Train Loss: 0.593 -- Validation Loss: 0.641 -- Validation ACC: 0.667 -- Validation F1: 0.800
2024-07-17,05:22:16 [INFO] Epoch: 24/30 -- Train Loss: 0.593 -- Validation Loss: 0.641 -- Validation ACC: 0.667 -- Validation F1: 0.800
2024-07-17,05:22:17 [INFO] Epoch: 25/30 -- Train Loss: 0.593 -- Validation Loss: 0.641 -- Validation ACC: 0.667 -- Validation F1: 0.800
2024-07-17,05:22:19 [INFO] Epoch: 26/30 -- Train Loss: 0.593 -- Validation Loss: 0.641 -- Validation ACC: 0.667 -- Validation F1: 0.800
2024-07-17,05:22:20 [INFO] Epoch: 27/30 -- Train Loss: 0.593 -- Validation Loss: 0.641 -- Validation ACC: 0.667 -- Validation F1: 0.800
2024-07-17,05:22:21 [INFO] Epoch: 28/30 -- Train Loss: 0.593 -- Validation Loss: 0.641 -- Validation ACC: 0.667 -- Validation F1: 0.800
2024-07-17,05:22:23 [INFO] Epoch: 29/30 -- Train Loss: 0.593 -- Validation Loss: 0.641 -- Validation ACC: 0.667 -- Validation F1: 0.800
2024-07-17,05:22:23 [INFO] Run 1/5: Average Over Last 6 epochs -- Valid ACC: 0.6666666666666666 -- Valid F1-score: 0.800000011920929
2024-07-17,05:22:23 [INFO] Test Results of Run 1/5: -- Test Loss: 0.687 -- Test ACC: 0.574 -- Test F1: 0.729
2024-07-17,05:22:25 [INFO] Epoch: 0/30 -- Train Loss: 0.595 -- Validation Loss: 0.641 -- Validation ACC: 0.667 -- Validation F1: 0.800
2024-07-17,05:22:34 [INFO] Epoch: 10/30 -- Train Loss: 0.593 -- Validation Loss: 0.641 -- Validation ACC: 0.667 -- Validation F1: 0.800
2024-07-17,05:22:45 [INFO] Epoch: 20/30 -- Train Loss: 0.593 -- Validation Loss: 0.641 -- Validation ACC: 0.667 -- Validation F1: 0.800
2024-07-17,05:22:49 [INFO] Epoch: 24/30 -- Train Loss: 0.593 -- Validation Loss: 0.641 -- Validation ACC: 0.667 -- Validation F1: 0.800
2024-07-17,05:22:50 [INFO] Epoch: 25/30 -- Train Loss: 0.593 -- Validation Loss: 0.641 -- Validation ACC: 0.667 -- Validation F1: 0.800
2024-07-17,05:22:52 [INFO] Epoch: 26/30 -- Train Loss: 0.593 -- Validation Loss: 0.641 -- Validation ACC: 0.667 -- Validation F1: 0.800
2024-07-17,05:22:54 [INFO] Epoch: 27/30 -- Train Loss: 0.593 -- Validation Loss: 0.641 -- Validation ACC: 0.667 -- Validation F1: 0.800
2024-07-17,05:22:55 [INFO] Epoch: 28/30 -- Train Loss: 0.593 -- Validation Loss: 0.641 -- Validation ACC: 0.667 -- Validation F1: 0.800
2024-07-17,05:22:56 [INFO] Epoch: 29/30 -- Train Loss: 0.593 -- Validation Loss: 0.641 -- Validation ACC: 0.667 -- Validation F1: 0.800
2024-07-17,05:22:56 [INFO] Run 2/5: Average Over Last 6 epochs -- Valid ACC: 0.6666666666666666 -- Valid F1-score: 0.800000011920929
2024-07-17,05:22:57 [INFO] Test Results of Run 2/5: -- Test Loss: 0.687 -- Test ACC: 0.574 -- Test F1: 0.729
2024-07-17,05:22:59 [INFO] Epoch: 0/30 -- Train Loss: 0.595 -- Validation Loss: 0.641 -- Validation ACC: 0.667 -- Validation F1: 0.800
2024-07-17,05:23:09 [INFO] Epoch: 10/30 -- Train Loss: 0.593 -- Validation Loss: 0.641 -- Validation ACC: 0.667 -- Validation F1: 0.800
2024-07-17,05:23:19 [INFO] Epoch: 20/30 -- Train Loss: 0.593 -- Validation Loss: 0.641 -- Validation ACC: 0.667 -- Validation F1: 0.800
2024-07-17,05:23:24 [INFO] Epoch: 24/30 -- Train Loss: 0.593 -- Validation Loss: 0.641 -- Validation ACC: 0.667 -- Validation F1: 0.800
2024-07-17,05:23:25 [INFO] Epoch: 25/30 -- Train Loss: 0.593 -- Validation Loss: 0.641 -- Validation ACC: 0.667 -- Validation F1: 0.800
2024-07-17,05:23:27 [INFO] Epoch: 26/30 -- Train Loss: 0.593 -- Validation Loss: 0.641 -- Validation ACC: 0.667 -- Validation F1: 0.800
2024-07-17,05:23:28 [INFO] Epoch: 27/30 -- Train Loss: 0.593 -- Validation Loss: 0.641 -- Validation ACC: 0.667 -- Validation F1: 0.800
2024-07-17,05:23:30 [INFO] Epoch: 28/30 -- Train Loss: 0.593 -- Validation Loss: 0.641 -- Validation ACC: 0.667 -- Validation F1: 0.800
2024-07-17,05:23:31 [INFO] Epoch: 29/30 -- Train Loss: 0.593 -- Validation Loss: 0.641 -- Validation ACC: 0.667 -- Validation F1: 0.800
2024-07-17,05:23:31 [INFO] Run 3/5: Average Over Last 6 epochs -- Valid ACC: 0.6666666666666666 -- Valid F1-score: 0.800000011920929
2024-07-17,05:23:32 [INFO] Test Results of Run 3/5: -- Test Loss: 0.687 -- Test ACC: 0.574 -- Test F1: 0.729
2024-07-17,05:23:33 [INFO] Epoch: 0/30 -- Train Loss: 0.595 -- Validation Loss: 0.641 -- Validation ACC: 0.667 -- Validation F1: 0.800
2024-07-17,05:23:43 [INFO] Epoch: 10/30 -- Train Loss: 0.593 -- Validation Loss: 0.641 -- Validation ACC: 0.667 -- Validation F1: 0.800
2024-07-17,05:23:53 [INFO] Epoch: 20/30 -- Train Loss: 0.593 -- Validation Loss: 0.641 -- Validation ACC: 0.667 -- Validation F1: 0.800
2024-07-17,05:23:57 [INFO] Epoch: 24/30 -- Train Loss: 0.593 -- Validation Loss: 0.641 -- Validation ACC: 0.667 -- Validation F1: 0.800
2024-07-17,05:23:58 [INFO] Epoch: 25/30 -- Train Loss: 0.593 -- Validation Loss: 0.641 -- Validation ACC: 0.667 -- Validation F1: 0.800
2024-07-17,05:23:59 [INFO] Epoch: 26/30 -- Train Loss: 0.593 -- Validation Loss: 0.641 -- Validation ACC: 0.667 -- Validation F1: 0.800
2024-07-17,05:24:01 [INFO] Epoch: 27/30 -- Train Loss: 0.593 -- Validation Loss: 0.641 -- Validation ACC: 0.667 -- Validation F1: 0.800
2024-07-17,05:24:02 [INFO] Epoch: 28/30 -- Train Loss: 0.593 -- Validation Loss: 0.641 -- Validation ACC: 0.667 -- Validation F1: 0.800
2024-07-17,05:24:03 [INFO] Epoch: 29/30 -- Train Loss: 0.593 -- Validation Loss: 0.641 -- Validation ACC: 0.667 -- Validation F1: 0.800
2024-07-17,05:24:03 [INFO] Run 4/5: Average Over Last 6 epochs -- Valid ACC: 0.6666666666666666 -- Valid F1-score: 0.800000011920929
2024-07-17,05:24:04 [INFO] Test Results of Run 4/5: -- Test Loss: 0.687 -- Test ACC: 0.574 -- Test F1: 0.729
2024-07-17,05:24:04 [INFO] Validation average after 5 runs -- ACC: 0.667 -- F1-score: 0.800
2024-07-17,05:24:04 [INFO] Test average after 5 runs -- ACC: 0.574 -- F1-score: 0.729
2024-07-17,05:24:04 [INFO] Finished round 6/10 of experiments!
2024-07-17,05:24:04 [INFO] Started round 7/10 of experiments!
2024-07-17,05:24:05 [INFO] Loading previous pretrained model at ./pretrained/GCN_Pretrained_2024-07-01-15-10-20.pth
2024-07-17,05:24:06 [INFO] Pretrained GNN on Source Dataset -- Test Loss: 0.642 -- Test ACC: 0.670 -- Test F1-score: 0.708
2024-07-17,05:24:06 [INFO] Pretrained GNN on Target Dataset Without Prompting: -- Validation Loss: 0.357 -- Validation ACC: 0.833 -- Validation F1-score: 0.870 -- Test Loss: 0.708 -- Test ACC: 0.609 -- Test F1-score: 0.640
2024-07-17,05:24:08 [INFO] Epoch: 0/30 -- Train Loss: 0.514 -- Validation Loss: 0.361 -- Validation ACC: 0.833 -- Validation F1: 0.870
2024-07-17,05:24:18 [INFO] Epoch: 10/30 -- Train Loss: 0.545 -- Validation Loss: 0.369 -- Validation ACC: 0.778 -- Validation F1: 0.818
2024-07-17,05:24:28 [INFO] Epoch: 20/30 -- Train Loss: 0.517 -- Validation Loss: 0.346 -- Validation ACC: 0.833 -- Validation F1: 0.870
2024-07-17,05:24:33 [INFO] Epoch: 24/30 -- Train Loss: 0.456 -- Validation Loss: 0.372 -- Validation ACC: 0.778 -- Validation F1: 0.818
2024-07-17,05:24:34 [INFO] Epoch: 25/30 -- Train Loss: 0.508 -- Validation Loss: 0.350 -- Validation ACC: 0.833 -- Validation F1: 0.870
2024-07-17,05:24:36 [INFO] Epoch: 26/30 -- Train Loss: 0.935 -- Validation Loss: 0.355 -- Validation ACC: 0.833 -- Validation F1: 0.870
2024-07-17,05:24:38 [INFO] Epoch: 27/30 -- Train Loss: 0.467 -- Validation Loss: 0.372 -- Validation ACC: 0.778 -- Validation F1: 0.818
2024-07-17,05:24:40 [INFO] Epoch: 28/30 -- Train Loss: 0.685 -- Validation Loss: 0.381 -- Validation ACC: 0.778 -- Validation F1: 0.818
2024-07-17,05:24:41 [INFO] Epoch: 29/30 -- Train Loss: 0.636 -- Validation Loss: 0.371 -- Validation ACC: 0.778 -- Validation F1: 0.818
2024-07-17,05:24:41 [INFO] Run 0/5: Average Over Last 6 epochs -- Valid ACC: 0.7962962962962963 -- Valid F1-score: 0.8353096048037211
2024-07-17,05:24:42 [INFO] Test Results of Run 0/5: -- Test Loss: 0.705 -- Test ACC: 0.617 -- Test F1: 0.645
2024-07-17,05:24:43 [INFO] Epoch: 0/30 -- Train Loss: 0.667 -- Validation Loss: 0.335 -- Validation ACC: 0.833 -- Validation F1: 0.870
2024-07-17,05:24:52 [INFO] Epoch: 10/30 -- Train Loss: 0.377 -- Validation Loss: 0.400 -- Validation ACC: 0.778 -- Validation F1: 0.818
2024-07-17,05:25:03 [INFO] Epoch: 20/30 -- Train Loss: 0.402 -- Validation Loss: 0.307 -- Validation ACC: 0.833 -- Validation F1: 0.870
2024-07-17,05:25:07 [INFO] Epoch: 24/30 -- Train Loss: 0.477 -- Validation Loss: 0.320 -- Validation ACC: 0.833 -- Validation F1: 0.870
2024-07-17,05:25:09 [INFO] Epoch: 25/30 -- Train Loss: 0.633 -- Validation Loss: 0.333 -- Validation ACC: 0.833 -- Validation F1: 0.870
2024-07-17,05:25:10 [INFO] Epoch: 26/30 -- Train Loss: 0.866 -- Validation Loss: 0.367 -- Validation ACC: 0.833 -- Validation F1: 0.870
2024-07-17,05:25:11 [INFO] Epoch: 27/30 -- Train Loss: 0.809 -- Validation Loss: 0.409 -- Validation ACC: 0.778 -- Validation F1: 0.818
2024-07-17,05:25:13 [INFO] Epoch: 28/30 -- Train Loss: 0.509 -- Validation Loss: 0.408 -- Validation ACC: 0.778 -- Validation F1: 0.818
2024-07-17,05:25:14 [INFO] Epoch: 29/30 -- Train Loss: 0.885 -- Validation Loss: 0.390 -- Validation ACC: 0.778 -- Validation F1: 0.818
2024-07-17,05:25:14 [INFO] Run 1/5: Average Over Last 6 epochs -- Valid ACC: 0.8055555555555555 -- Valid F1-score: 0.8438735008239746
2024-07-17,05:25:15 [INFO] Test Results of Run 1/5: -- Test Loss: 0.705 -- Test ACC: 0.565 -- Test F1: 0.576
2024-07-17,05:25:16 [INFO] Epoch: 0/30 -- Train Loss: 0.473 -- Validation Loss: 0.361 -- Validation ACC: 0.778 -- Validation F1: 0.818
2024-07-17,05:25:26 [INFO] Epoch: 10/30 -- Train Loss: 0.574 -- Validation Loss: 0.404 -- Validation ACC: 0.778 -- Validation F1: 0.818
2024-07-17,05:25:36 [INFO] Epoch: 20/30 -- Train Loss: 0.518 -- Validation Loss: 0.412 -- Validation ACC: 0.778 -- Validation F1: 0.818
2024-07-17,05:25:40 [INFO] Epoch: 24/30 -- Train Loss: 0.397 -- Validation Loss: 0.329 -- Validation ACC: 0.833 -- Validation F1: 0.870
2024-07-17,05:25:42 [INFO] Epoch: 25/30 -- Train Loss: 0.436 -- Validation Loss: 0.323 -- Validation ACC: 0.833 -- Validation F1: 0.870
2024-07-17,05:25:43 [INFO] Epoch: 26/30 -- Train Loss: 0.572 -- Validation Loss: 0.314 -- Validation ACC: 0.889 -- Validation F1: 0.917
2024-07-17,05:25:45 [INFO] Epoch: 27/30 -- Train Loss: 0.608 -- Validation Loss: 0.308 -- Validation ACC: 0.889 -- Validation F1: 0.917
2024-07-17,05:25:46 [INFO] Epoch: 28/30 -- Train Loss: 0.476 -- Validation Loss: 0.300 -- Validation ACC: 0.833 -- Validation F1: 0.880
2024-07-17,05:25:47 [INFO] Epoch: 29/30 -- Train Loss: 0.722 -- Validation Loss: 0.293 -- Validation ACC: 0.833 -- Validation F1: 0.880
2024-07-17,05:25:47 [INFO] Run 2/5: Average Over Last 6 epochs -- Valid ACC: 0.8518518518518517 -- Valid F1-score: 0.8887439568837484
2024-07-17,05:25:48 [INFO] Test Results of Run 2/5: -- Test Loss: 0.727 -- Test ACC: 0.626 -- Test F1: 0.677
2024-07-17,05:25:49 [INFO] Epoch: 0/30 -- Train Loss: 0.513 -- Validation Loss: 0.421 -- Validation ACC: 0.778 -- Validation F1: 0.818
2024-07-17,05:26:00 [INFO] Epoch: 10/30 -- Train Loss: 0.580 -- Validation Loss: 0.278 -- Validation ACC: 0.833 -- Validation F1: 0.880
2024-07-17,05:26:10 [INFO] Epoch: 20/30 -- Train Loss: 0.500 -- Validation Loss: 0.312 -- Validation ACC: 0.833 -- Validation F1: 0.870
2024-07-17,05:26:13 [INFO] Epoch: 24/30 -- Train Loss: 0.455 -- Validation Loss: 0.411 -- Validation ACC: 0.778 -- Validation F1: 0.818
2024-07-17,05:26:15 [INFO] Epoch: 25/30 -- Train Loss: 0.494 -- Validation Loss: 0.407 -- Validation ACC: 0.778 -- Validation F1: 0.818
2024-07-17,05:26:16 [INFO] Epoch: 26/30 -- Train Loss: 0.514 -- Validation Loss: 0.408 -- Validation ACC: 0.778 -- Validation F1: 0.818
2024-07-17,05:26:17 [INFO] Epoch: 27/30 -- Train Loss: 0.538 -- Validation Loss: 0.394 -- Validation ACC: 0.778 -- Validation F1: 0.818
2024-07-17,05:26:18 [INFO] Epoch: 28/30 -- Train Loss: 0.811 -- Validation Loss: 0.366 -- Validation ACC: 0.778 -- Validation F1: 0.818
2024-07-17,05:26:20 [INFO] Epoch: 29/30 -- Train Loss: 0.636 -- Validation Loss: 0.362 -- Validation ACC: 0.833 -- Validation F1: 0.870
2024-07-17,05:26:20 [INFO] Run 3/5: Average Over Last 6 epochs -- Valid ACC: 0.7870370370370371 -- Valid F1-score: 0.8267457087834676
2024-07-17,05:26:20 [INFO] Test Results of Run 3/5: -- Test Loss: 0.705 -- Test ACC: 0.617 -- Test F1: 0.651
2024-07-17,05:26:22 [INFO] Epoch: 0/30 -- Train Loss: 0.792 -- Validation Loss: 0.362 -- Validation ACC: 0.833 -- Validation F1: 0.870
2024-07-17,05:26:31 [INFO] Epoch: 10/30 -- Train Loss: 0.676 -- Validation Loss: 0.329 -- Validation ACC: 0.833 -- Validation F1: 0.870
2024-07-17,05:26:41 [INFO] Epoch: 20/30 -- Train Loss: 0.538 -- Validation Loss: 0.343 -- Validation ACC: 0.833 -- Validation F1: 0.870
2024-07-17,05:26:45 [INFO] Epoch: 24/30 -- Train Loss: 0.555 -- Validation Loss: 0.349 -- Validation ACC: 0.833 -- Validation F1: 0.870
2024-07-17,05:26:46 [INFO] Epoch: 25/30 -- Train Loss: 0.510 -- Validation Loss: 0.358 -- Validation ACC: 0.833 -- Validation F1: 0.870
2024-07-17,05:26:48 [INFO] Epoch: 26/30 -- Train Loss: 0.641 -- Validation Loss: 0.377 -- Validation ACC: 0.778 -- Validation F1: 0.818
2024-07-17,05:26:49 [INFO] Epoch: 27/30 -- Train Loss: 0.550 -- Validation Loss: 0.383 -- Validation ACC: 0.778 -- Validation F1: 0.818
2024-07-17,05:26:51 [INFO] Epoch: 28/30 -- Train Loss: 0.540 -- Validation Loss: 0.387 -- Validation ACC: 0.778 -- Validation F1: 0.818
2024-07-17,05:26:52 [INFO] Epoch: 29/30 -- Train Loss: 0.511 -- Validation Loss: 0.381 -- Validation ACC: 0.778 -- Validation F1: 0.818
2024-07-17,05:26:52 [INFO] Run 4/5: Average Over Last 6 epochs -- Valid ACC: 0.7962962962962963 -- Valid F1-score: 0.8353096048037211
2024-07-17,05:26:53 [INFO] Test Results of Run 4/5: -- Test Loss: 0.704 -- Test ACC: 0.565 -- Test F1: 0.576
2024-07-17,05:26:53 [INFO] Validation average after 5 runs -- ACC: 0.807 -- F1-score: 0.846
2024-07-17,05:26:53 [INFO] Test average after 5 runs -- ACC: 0.598 -- F1-score: 0.625
2024-07-17,05:26:53 [INFO] Finished round 7/10 of experiments!
2024-07-17,05:26:53 [INFO] Started round 8/10 of experiments!
2024-07-17,05:26:53 [INFO] Loading previous pretrained model at ./pretrained/GCN_Pretrained_2024-07-01-15-12-47.pth
2024-07-17,05:26:54 [INFO] Pretrained GNN on Source Dataset -- Test Loss: 0.883 -- Test ACC: 0.696 -- Test F1-score: 0.733
2024-07-17,05:26:55 [INFO] Pretrained GNN on Target Dataset Without Prompting: -- Validation Loss: 0.933 -- Validation ACC: 0.833 -- Validation F1-score: 0.889 -- Test Loss: 1.174 -- Test ACC: 0.652 -- Test F1-score: 0.714
2024-07-17,05:26:57 [INFO] Epoch: 0/30 -- Train Loss: 0.901 -- Validation Loss: 0.988 -- Validation ACC: 0.778 -- Validation F1: 0.846
2024-07-17,05:27:07 [INFO] Epoch: 10/30 -- Train Loss: 0.614 -- Validation Loss: 0.923 -- Validation ACC: 0.833 -- Validation F1: 0.889
2024-07-17,05:27:16 [INFO] Epoch: 20/30 -- Train Loss: 0.578 -- Validation Loss: 0.959 -- Validation ACC: 0.778 -- Validation F1: 0.833
2024-07-17,05:27:20 [INFO] Epoch: 24/30 -- Train Loss: 0.680 -- Validation Loss: 0.940 -- Validation ACC: 0.833 -- Validation F1: 0.880
2024-07-17,05:27:22 [INFO] Epoch: 25/30 -- Train Loss: 0.645 -- Validation Loss: 0.938 -- Validation ACC: 0.778 -- Validation F1: 0.846
2024-07-17,05:27:24 [INFO] Epoch: 26/30 -- Train Loss: 0.525 -- Validation Loss: 0.941 -- Validation ACC: 0.833 -- Validation F1: 0.889
2024-07-17,05:27:25 [INFO] Epoch: 27/30 -- Train Loss: 0.487 -- Validation Loss: 0.942 -- Validation ACC: 0.833 -- Validation F1: 0.889
2024-07-17,05:27:26 [INFO] Epoch: 28/30 -- Train Loss: 0.495 -- Validation Loss: 0.942 -- Validation ACC: 0.833 -- Validation F1: 0.889
2024-07-17,05:27:28 [INFO] Epoch: 29/30 -- Train Loss: 0.465 -- Validation Loss: 0.943 -- Validation ACC: 0.833 -- Validation F1: 0.889
2024-07-17,05:27:28 [INFO] Run 0/5: Average Over Last 6 epochs -- Valid ACC: 0.8240740740740741 -- Valid F1-score: 0.8802849054336548
2024-07-17,05:27:28 [INFO] Test Results of Run 0/5: -- Test Loss: 1.157 -- Test ACC: 0.652 -- Test F1: 0.714
2024-07-17,05:27:30 [INFO] Epoch: 0/30 -- Train Loss: 0.398 -- Validation Loss: 0.956 -- Validation ACC: 0.833 -- Validation F1: 0.889
2024-07-17,05:27:40 [INFO] Epoch: 10/30 -- Train Loss: 0.583 -- Validation Loss: 0.981 -- Validation ACC: 0.833 -- Validation F1: 0.889
2024-07-17,05:27:50 [INFO] Epoch: 20/30 -- Train Loss: 0.436 -- Validation Loss: 0.909 -- Validation ACC: 0.722 -- Validation F1: 0.800
2024-07-17,05:27:54 [INFO] Epoch: 24/30 -- Train Loss: 0.451 -- Validation Loss: 0.892 -- Validation ACC: 0.833 -- Validation F1: 0.889
2024-07-17,05:27:56 [INFO] Epoch: 25/30 -- Train Loss: 0.511 -- Validation Loss: 0.897 -- Validation ACC: 0.833 -- Validation F1: 0.889
2024-07-17,05:27:57 [INFO] Epoch: 26/30 -- Train Loss: 0.365 -- Validation Loss: 0.905 -- Validation ACC: 0.833 -- Validation F1: 0.889
2024-07-17,05:27:59 [INFO] Epoch: 27/30 -- Train Loss: 0.420 -- Validation Loss: 0.905 -- Validation ACC: 0.833 -- Validation F1: 0.889
2024-07-17,05:28:00 [INFO] Epoch: 28/30 -- Train Loss: 0.502 -- Validation Loss: 0.896 -- Validation ACC: 0.833 -- Validation F1: 0.889
2024-07-17,05:28:02 [INFO] Epoch: 29/30 -- Train Loss: 0.439 -- Validation Loss: 0.896 -- Validation ACC: 0.833 -- Validation F1: 0.889
2024-07-17,05:28:02 [INFO] Run 1/5: Average Over Last 6 epochs -- Valid ACC: 0.8333333333333334 -- Valid F1-score: 0.8888888955116272
2024-07-17,05:28:02 [INFO] Test Results of Run 1/5: -- Test Loss: 1.177 -- Test ACC: 0.643 -- Test F1: 0.709
2024-07-17,05:28:04 [INFO] Epoch: 0/30 -- Train Loss: 0.510 -- Validation Loss: 0.968 -- Validation ACC: 0.833 -- Validation F1: 0.880
2024-07-17,05:28:15 [INFO] Epoch: 10/30 -- Train Loss: 0.396 -- Validation Loss: 0.924 -- Validation ACC: 0.722 -- Validation F1: 0.800
2024-07-17,05:28:24 [INFO] Epoch: 20/30 -- Train Loss: 0.412 -- Validation Loss: 0.932 -- Validation ACC: 0.722 -- Validation F1: 0.800
2024-07-17,05:28:28 [INFO] Epoch: 24/30 -- Train Loss: 0.347 -- Validation Loss: 1.050 -- Validation ACC: 0.833 -- Validation F1: 0.889
2024-07-17,05:28:30 [INFO] Epoch: 25/30 -- Train Loss: 0.515 -- Validation Loss: 1.040 -- Validation ACC: 0.833 -- Validation F1: 0.889
2024-07-17,05:28:31 [INFO] Epoch: 26/30 -- Train Loss: 0.605 -- Validation Loss: 1.016 -- Validation ACC: 0.778 -- Validation F1: 0.857
2024-07-17,05:28:32 [INFO] Epoch: 27/30 -- Train Loss: 0.649 -- Validation Loss: 0.991 -- Validation ACC: 0.778 -- Validation F1: 0.857
2024-07-17,05:28:34 [INFO] Epoch: 28/30 -- Train Loss: 0.679 -- Validation Loss: 0.967 -- Validation ACC: 0.778 -- Validation F1: 0.857
2024-07-17,05:28:35 [INFO] Epoch: 29/30 -- Train Loss: 0.927 -- Validation Loss: 0.951 -- Validation ACC: 0.833 -- Validation F1: 0.889
2024-07-17,05:28:35 [INFO] Run 2/5: Average Over Last 6 epochs -- Valid ACC: 0.8055555555555555 -- Valid F1-score: 0.8730158805847168
2024-07-17,05:28:35 [INFO] Test Results of Run 2/5: -- Test Loss: 1.171 -- Test ACC: 0.652 -- Test F1: 0.714
2024-07-17,05:28:37 [INFO] Epoch: 0/30 -- Train Loss: 0.453 -- Validation Loss: 0.980 -- Validation ACC: 0.833 -- Validation F1: 0.889
2024-07-17,05:28:47 [INFO] Epoch: 10/30 -- Train Loss: 0.479 -- Validation Loss: 0.921 -- Validation ACC: 0.833 -- Validation F1: 0.889
2024-07-17,05:28:57 [INFO] Epoch: 20/30 -- Train Loss: 0.556 -- Validation Loss: 0.912 -- Validation ACC: 0.833 -- Validation F1: 0.889
2024-07-17,05:29:00 [INFO] Epoch: 24/30 -- Train Loss: 0.411 -- Validation Loss: 0.890 -- Validation ACC: 0.833 -- Validation F1: 0.889
2024-07-17,05:29:01 [INFO] Epoch: 25/30 -- Train Loss: 0.624 -- Validation Loss: 0.898 -- Validation ACC: 0.833 -- Validation F1: 0.889
2024-07-17,05:29:03 [INFO] Epoch: 26/30 -- Train Loss: 0.491 -- Validation Loss: 0.901 -- Validation ACC: 0.833 -- Validation F1: 0.889
2024-07-17,05:29:04 [INFO] Epoch: 27/30 -- Train Loss: 0.540 -- Validation Loss: 0.899 -- Validation ACC: 0.833 -- Validation F1: 0.889
2024-07-17,05:29:06 [INFO] Epoch: 28/30 -- Train Loss: 0.358 -- Validation Loss: 0.900 -- Validation ACC: 0.833 -- Validation F1: 0.889
2024-07-17,05:29:07 [INFO] Epoch: 29/30 -- Train Loss: 0.462 -- Validation Loss: 0.923 -- Validation ACC: 0.778 -- Validation F1: 0.846
2024-07-17,05:29:07 [INFO] Run 3/5: Average Over Last 6 epochs -- Valid ACC: 0.8240740740740741 -- Valid F1-score: 0.8817663888136545
2024-07-17,05:29:07 [INFO] Test Results of Run 3/5: -- Test Loss: 1.141 -- Test ACC: 0.661 -- Test F1: 0.715
2024-07-17,05:29:09 [INFO] Epoch: 0/30 -- Train Loss: 0.451 -- Validation Loss: 0.959 -- Validation ACC: 0.833 -- Validation F1: 0.880
2024-07-17,05:29:20 [INFO] Epoch: 10/30 -- Train Loss: 0.592 -- Validation Loss: 0.921 -- Validation ACC: 0.778 -- Validation F1: 0.846
2024-07-17,05:29:31 [INFO] Epoch: 20/30 -- Train Loss: 0.380 -- Validation Loss: 0.979 -- Validation ACC: 0.833 -- Validation F1: 0.889
2024-07-17,05:29:36 [INFO] Epoch: 24/30 -- Train Loss: 0.594 -- Validation Loss: 0.936 -- Validation ACC: 0.833 -- Validation F1: 0.889
2024-07-17,05:29:37 [INFO] Epoch: 25/30 -- Train Loss: 0.448 -- Validation Loss: 0.925 -- Validation ACC: 0.722 -- Validation F1: 0.800
2024-07-17,05:29:39 [INFO] Epoch: 26/30 -- Train Loss: 0.483 -- Validation Loss: 0.918 -- Validation ACC: 0.778 -- Validation F1: 0.833
2024-07-17,05:29:40 [INFO] Epoch: 27/30 -- Train Loss: 0.525 -- Validation Loss: 0.920 -- Validation ACC: 0.778 -- Validation F1: 0.833
2024-07-17,05:29:41 [INFO] Epoch: 28/30 -- Train Loss: 0.459 -- Validation Loss: 0.920 -- Validation ACC: 0.778 -- Validation F1: 0.833
2024-07-17,05:29:42 [INFO] Epoch: 29/30 -- Train Loss: 0.594 -- Validation Loss: 0.919 -- Validation ACC: 0.778 -- Validation F1: 0.833
2024-07-17,05:29:42 [INFO] Run 4/5: Average Over Last 6 epochs -- Valid ACC: 0.7777777777777778 -- Valid F1-score: 0.8370370268821716
2024-07-17,05:29:43 [INFO] Test Results of Run 4/5: -- Test Loss: 1.190 -- Test ACC: 0.661 -- Test F1: 0.719
2024-07-17,05:29:43 [INFO] Validation average after 5 runs -- ACC: 0.813 -- F1-score: 0.872
2024-07-17,05:29:43 [INFO] Test average after 5 runs -- ACC: 0.654 -- F1-score: 0.715
2024-07-17,05:29:43 [INFO] Finished round 8/10 of experiments!
2024-07-17,05:29:43 [INFO] Started round 9/10 of experiments!
2024-07-17,05:29:43 [INFO] Loading previous pretrained model at ./pretrained/GCN_Pretrained_2024-07-01-15-15-13.pth
2024-07-17,05:29:44 [INFO] Pretrained GNN on Source Dataset -- Test Loss: 0.947 -- Test ACC: 0.757 -- Test F1-score: 0.785
2024-07-17,05:29:45 [INFO] Pretrained GNN on Target Dataset Without Prompting: -- Validation Loss: 0.804 -- Validation ACC: 0.722 -- Validation F1-score: 0.762 -- Test Loss: 0.876 -- Test ACC: 0.739 -- Test F1-score: 0.789
2024-07-17,05:29:46 [INFO] Epoch: 0/30 -- Train Loss: 0.638 -- Validation Loss: 0.763 -- Validation ACC: 0.722 -- Validation F1: 0.762
2024-07-17,05:29:57 [INFO] Epoch: 10/30 -- Train Loss: 0.406 -- Validation Loss: 0.807 -- Validation ACC: 0.722 -- Validation F1: 0.762
2024-07-17,05:30:07 [INFO] Epoch: 20/30 -- Train Loss: 0.650 -- Validation Loss: 0.829 -- Validation ACC: 0.722 -- Validation F1: 0.762
2024-07-17,05:30:11 [INFO] Epoch: 24/30 -- Train Loss: 0.443 -- Validation Loss: 0.968 -- Validation ACC: 0.722 -- Validation F1: 0.762
2024-07-17,05:30:12 [INFO] Epoch: 25/30 -- Train Loss: 2.266 -- Validation Loss: 0.938 -- Validation ACC: 0.722 -- Validation F1: 0.762
2024-07-17,05:30:13 [INFO] Epoch: 26/30 -- Train Loss: 0.452 -- Validation Loss: 0.900 -- Validation ACC: 0.722 -- Validation F1: 0.762
2024-07-17,05:30:15 [INFO] Epoch: 27/30 -- Train Loss: 0.351 -- Validation Loss: 0.858 -- Validation ACC: 0.722 -- Validation F1: 0.762
2024-07-17,05:30:16 [INFO] Epoch: 28/30 -- Train Loss: 0.579 -- Validation Loss: 0.812 -- Validation ACC: 0.722 -- Validation F1: 0.762
2024-07-17,05:30:18 [INFO] Epoch: 29/30 -- Train Loss: 0.420 -- Validation Loss: 0.783 -- Validation ACC: 0.722 -- Validation F1: 0.762
2024-07-17,05:30:18 [INFO] Run 0/5: Average Over Last 6 epochs -- Valid ACC: 0.7222222222222222 -- Valid F1-score: 0.761904776096344
2024-07-17,05:30:18 [INFO] Test Results of Run 0/5: -- Test Loss: 0.856 -- Test ACC: 0.765 -- Test F1: 0.816
2024-07-17,05:30:19 [INFO] Epoch: 0/30 -- Train Loss: 0.391 -- Validation Loss: 0.805 -- Validation ACC: 0.722 -- Validation F1: 0.762
2024-07-17,05:30:29 [INFO] Epoch: 10/30 -- Train Loss: 0.439 -- Validation Loss: 0.643 -- Validation ACC: 0.722 -- Validation F1: 0.762
2024-07-17,05:30:39 [INFO] Epoch: 20/30 -- Train Loss: 0.437 -- Validation Loss: 0.710 -- Validation ACC: 0.778 -- Validation F1: 0.818
2024-07-17,05:30:43 [INFO] Epoch: 24/30 -- Train Loss: 1.682 -- Validation Loss: 0.857 -- Validation ACC: 0.722 -- Validation F1: 0.762
2024-07-17,05:30:45 [INFO] Epoch: 25/30 -- Train Loss: 0.747 -- Validation Loss: 0.896 -- Validation ACC: 0.722 -- Validation F1: 0.762
2024-07-17,05:30:46 [INFO] Epoch: 26/30 -- Train Loss: 0.770 -- Validation Loss: 0.873 -- Validation ACC: 0.722 -- Validation F1: 0.762
2024-07-17,05:30:47 [INFO] Epoch: 27/30 -- Train Loss: 0.420 -- Validation Loss: 0.841 -- Validation ACC: 0.722 -- Validation F1: 0.762
2024-07-17,05:30:49 [INFO] Epoch: 28/30 -- Train Loss: 0.491 -- Validation Loss: 0.825 -- Validation ACC: 0.722 -- Validation F1: 0.762
2024-07-17,05:30:51 [INFO] Epoch: 29/30 -- Train Loss: 0.432 -- Validation Loss: 0.819 -- Validation ACC: 0.722 -- Validation F1: 0.762
2024-07-17,05:30:51 [INFO] Run 1/5: Average Over Last 6 epochs -- Valid ACC: 0.7222222222222222 -- Valid F1-score: 0.761904776096344
2024-07-17,05:30:51 [INFO] Test Results of Run 1/5: -- Test Loss: 0.882 -- Test ACC: 0.791 -- Test F1: 0.842
2024-07-17,05:30:53 [INFO] Epoch: 0/30 -- Train Loss: 0.924 -- Validation Loss: 0.864 -- Validation ACC: 0.722 -- Validation F1: 0.762
2024-07-17,05:31:03 [INFO] Epoch: 10/30 -- Train Loss: 0.452 -- Validation Loss: 0.774 -- Validation ACC: 0.722 -- Validation F1: 0.762
2024-07-17,05:31:13 [INFO] Epoch: 20/30 -- Train Loss: 1.764 -- Validation Loss: 0.738 -- Validation ACC: 0.778 -- Validation F1: 0.818
2024-07-17,05:31:17 [INFO] Epoch: 24/30 -- Train Loss: 0.358 -- Validation Loss: 0.934 -- Validation ACC: 0.722 -- Validation F1: 0.762
2024-07-17,05:31:18 [INFO] Epoch: 25/30 -- Train Loss: 0.343 -- Validation Loss: 0.972 -- Validation ACC: 0.722 -- Validation F1: 0.762
2024-07-17,05:31:20 [INFO] Epoch: 26/30 -- Train Loss: 0.494 -- Validation Loss: 1.008 -- Validation ACC: 0.667 -- Validation F1: 0.700
2024-07-17,05:31:21 [INFO] Epoch: 27/30 -- Train Loss: 1.708 -- Validation Loss: 1.009 -- Validation ACC: 0.722 -- Validation F1: 0.762
2024-07-17,05:31:22 [INFO] Epoch: 28/30 -- Train Loss: 0.526 -- Validation Loss: 0.953 -- Validation ACC: 0.722 -- Validation F1: 0.762
2024-07-17,05:31:23 [INFO] Epoch: 29/30 -- Train Loss: 0.353 -- Validation Loss: 0.901 -- Validation ACC: 0.722 -- Validation F1: 0.762
2024-07-17,05:31:23 [INFO] Run 2/5: Average Over Last 6 epochs -- Valid ACC: 0.7129629629629629 -- Valid F1-score: 0.7515873114267985
2024-07-17,05:31:23 [INFO] Test Results of Run 2/5: -- Test Loss: 0.928 -- Test ACC: 0.704 -- Test F1: 0.746
2024-07-17,05:31:24 [INFO] Epoch: 0/30 -- Train Loss: 0.584 -- Validation Loss: 0.869 -- Validation ACC: 0.722 -- Validation F1: 0.762
2024-07-17,05:31:28 [INFO] Epoch: 10/30 -- Train Loss: 0.462 -- Validation Loss: 0.857 -- Validation ACC: 0.722 -- Validation F1: 0.762
2024-07-17,05:31:33 [INFO] Epoch: 20/30 -- Train Loss: 0.521 -- Validation Loss: 0.760 -- Validation ACC: 0.722 -- Validation F1: 0.762
2024-07-17,05:31:35 [INFO] Epoch: 24/30 -- Train Loss: 0.613 -- Validation Loss: 0.723 -- Validation ACC: 0.722 -- Validation F1: 0.762
2024-07-17,05:31:35 [INFO] Epoch: 25/30 -- Train Loss: 0.397 -- Validation Loss: 0.749 -- Validation ACC: 0.722 -- Validation F1: 0.762
2024-07-17,05:31:36 [INFO] Epoch: 26/30 -- Train Loss: 0.416 -- Validation Loss: 0.770 -- Validation ACC: 0.722 -- Validation F1: 0.762
2024-07-17,05:31:37 [INFO] Epoch: 27/30 -- Train Loss: 0.350 -- Validation Loss: 0.777 -- Validation ACC: 0.722 -- Validation F1: 0.762
2024-07-17,05:31:37 [INFO] Epoch: 28/30 -- Train Loss: 0.429 -- Validation Loss: 0.774 -- Validation ACC: 0.722 -- Validation F1: 0.762
2024-07-17,05:31:38 [INFO] Epoch: 29/30 -- Train Loss: 0.362 -- Validation Loss: 0.755 -- Validation ACC: 0.722 -- Validation F1: 0.762
2024-07-17,05:31:38 [INFO] Run 3/5: Average Over Last 6 epochs -- Valid ACC: 0.7222222222222222 -- Valid F1-score: 0.761904776096344
2024-07-17,05:31:38 [INFO] Test Results of Run 3/5: -- Test Loss: 0.901 -- Test ACC: 0.722 -- Test F1: 0.768
2024-07-17,05:31:39 [INFO] Epoch: 0/30 -- Train Loss: 0.347 -- Validation Loss: 0.858 -- Validation ACC: 0.722 -- Validation F1: 0.762
2024-07-17,05:31:43 [INFO] Epoch: 10/30 -- Train Loss: 0.435 -- Validation Loss: 0.849 -- Validation ACC: 0.722 -- Validation F1: 0.762
2024-07-17,05:31:47 [INFO] Epoch: 20/30 -- Train Loss: 0.396 -- Validation Loss: 0.772 -- Validation ACC: 0.722 -- Validation F1: 0.762
2024-07-17,05:31:49 [INFO] Epoch: 24/30 -- Train Loss: 0.367 -- Validation Loss: 0.726 -- Validation ACC: 0.778 -- Validation F1: 0.818
2024-07-17,05:31:50 [INFO] Epoch: 25/30 -- Train Loss: 0.448 -- Validation Loss: 0.733 -- Validation ACC: 0.722 -- Validation F1: 0.762
2024-07-17,05:31:51 [INFO] Epoch: 26/30 -- Train Loss: 0.370 -- Validation Loss: 0.723 -- Validation ACC: 0.722 -- Validation F1: 0.762
2024-07-17,05:31:51 [INFO] Epoch: 27/30 -- Train Loss: 0.649 -- Validation Loss: 0.694 -- Validation ACC: 0.722 -- Validation F1: 0.762
2024-07-17,05:31:52 [INFO] Epoch: 28/30 -- Train Loss: 0.358 -- Validation Loss: 0.725 -- Validation ACC: 0.722 -- Validation F1: 0.762
2024-07-17,05:31:52 [INFO] Epoch: 29/30 -- Train Loss: 0.435 -- Validation Loss: 0.780 -- Validation ACC: 0.722 -- Validation F1: 0.762
2024-07-17,05:31:52 [INFO] Run 4/5: Average Over Last 6 epochs -- Valid ACC: 0.7314814814814815 -- Valid F1-score: 0.771284282207489
2024-07-17,05:31:53 [INFO] Test Results of Run 4/5: -- Test Loss: 0.943 -- Test ACC: 0.713 -- Test F1: 0.756
2024-07-17,05:31:53 [INFO] Validation average after 5 runs -- ACC: 0.722 -- F1-score: 0.762
2024-07-17,05:31:53 [INFO] Test average after 5 runs -- ACC: 0.739 -- F1-score: 0.786
2024-07-17,05:31:53 [INFO] Finished round 9/10 of experiments!
2024-07-17,05:31:53 [INFO] Final results: -- Source Test Acc: 0.703 -- Source Test F1: 0.750 -- Target Valid Acc: 0.711 -- Target Valid F1: 0.770 -- Target Test Acc: 0.686 -- Target Test F1: 0.747 -- Prompt Test Acc: 0.684 -- Prompt Valid Acc: 0.704 -- Prompt Test F1: 0.746 -- Prompt Valid F1: 0.760
2024-07-17,05:31:53 [INFO] Pretrained modela are saved to: ./pretrained/GCN_Pretrained_2024-07-01-14-54-05.pth ./pretrained/GCN_Pretrained_2024-07-01-14-56-23.pth ./pretrained/GCN_Pretrained_2024-07-01-14-58-41.pth ./pretrained/GCN_Pretrained_2024-07-01-15-00-59.pth ./pretrained/GCN_Pretrained_2024-07-01-15-03-17.pth ./pretrained/GCN_Pretrained_2024-07-01-15-05-37.pth ./pretrained/GCN_Pretrained_2024-07-01-15-07-56.pth ./pretrained/GCN_Pretrained_2024-07-01-15-10-20.pth ./pretrained/GCN_Pretrained_2024-07-01-15-12-47.pth ./pretrained/GCN_Pretrained_2024-07-01-15-15-13.pth
