2024-07-20,13:57:18 [INFO] Logging to: ./log/2024-07-20-13-57-18.log
2024-07-20,13:57:18 [INFO] Reading config from: ./config/pubmed.yaml
2024-07-20,13:57:18 [INFO] Namespace(total_iters=10, prompt_method='flex_match', s_dataset='PubMed', t_dataset='PubMed', prompt_fn='gpf_plus', shift_type='structural', p_shift_intra=0.0, p_shift_inter=0.0, pretrain=True, save_pretrained=False, soft_label=False, add_link_loss=False, attn_with_param=False, empty_pretrained_dir=False, iterative_clustering=False, clutering_iters=3, entropy_div_ratio=3, w_entropy_loss=0.0, w_softmax_loss=0.0, w_domain_loss=0.0, r_reg=0.0, gnn_weight_decay=0.0, weight_decay=0.0, gnn_type='gcn', gnn_num_layers=3, pretrained_path=['./pretrained/GCN_Pretrained_2024-07-19-22-45-14.pth', './pretrained/GCN_Pretrained_2024-07-19-22-55-45.pth', './pretrained/GCN_Pretrained_2024-07-19-23-07-06.pth', './pretrained/GCN_Pretrained_2024-07-19-23-18-19.pth', './pretrained/GCN_Pretrained_2024-07-19-23-29-41.pth', './pretrained/GCN_Pretrained_2024-07-19-23-40-55.pth', './pretrained/GCN_Pretrained_2024-07-19-23-52-08.pth', './pretrained/GCN_Pretrained_2024-07-20-00-03-23.pth', './pretrained/GCN_Pretrained_2024-07-20-00-14-46.pth', './pretrained/GCN_Pretrained_2024-07-20-00-26-14.pth'], gnn_n_epochs=100, gnn_eval_step=10, gnn_h_dim=512, gnn_lr=0.001, gnn_step_size=50, gnn_gamma=0.5, gnn_batch_size=64, gnn_dropout=0.4, n_epochs=30, eval_step=10, h_dim=512, lr=0.001, step_size=50, gamma=0.5, batch_size=64, num_tokens=-1, src_ratio=0.5, dropout=0.3, cut_off=0.3, aug_type='feature', light_aug_prob=0.1, light_aug_mode='mask', pos_aug_mode='mask', neg_aug_mode='arbitrary', noise_cov_scale=1.0, noise_mean_shift=1.0, noise_shift_mode='homophily', noise_select_mode='soft', cross_prune=0.8, inner_prune=0.3, num_runs=5, p_raug=0.15, n_raug=0.15, s_split=[0.3, 0.65], t_split=[0.3, 0.65], seed=[3170, 2470, 2044, 3616, 4152, 4700, 4941, 2529, 4934, 4375], config_from_file='./config/pubmed.yaml', config_to_file='', label_reduction=0.0)
2024-07-20,13:57:18 [INFO] ####################################################################################################
2024-07-20,13:57:18 [INFO] Args seeds: [3170, 2470, 2044, 3616, 4152, 4700, 4941, 2529, 4934, 4375]
2024-07-20,13:57:18 [INFO] Source Dataset: PubMed, Target Dataset: PubMed. Training, Test: Source: [0.3, 0.65], Target: [0.3, 0.65] -- Batch size: 64
2024-07-20,13:57:18 [INFO] All input pretrained paths: ['./pretrained/GCN_Pretrained_2024-07-19-22-45-14.pth', './pretrained/GCN_Pretrained_2024-07-19-22-55-45.pth', './pretrained/GCN_Pretrained_2024-07-19-23-07-06.pth', './pretrained/GCN_Pretrained_2024-07-19-23-18-19.pth', './pretrained/GCN_Pretrained_2024-07-19-23-29-41.pth', './pretrained/GCN_Pretrained_2024-07-19-23-40-55.pth', './pretrained/GCN_Pretrained_2024-07-19-23-52-08.pth', './pretrained/GCN_Pretrained_2024-07-20-00-03-23.pth', './pretrained/GCN_Pretrained_2024-07-20-00-14-46.pth', './pretrained/GCN_Pretrained_2024-07-20-00-26-14.pth']
2024-07-20,13:57:18 [INFO] Started round 0/10 of experiments!
2024-07-20,13:57:43 [INFO] Setting for pretraining: Model: {'gnn_type': 'gcn', 'in_channels': 500, 'hidden_channels': 512, 'out_channels': 3, 'num_layers': 3, 'dropout': 0.4, 'with_bn': False, 'with_head': True} -- Optimizer: {'lr': 0.001, 'scheduler_step_size': 50, 'scheduler_gamma': 0.5, 'weight_decay': 0.0} -- Training: {'n_epochs': 100}
2024-07-20,13:57:43 [INFO] Loading previous pretrained model at ./pretrained/GCN_Pretrained_2024-07-19-22-45-14.pth
2024-07-20,13:57:43 [INFO] Total number of tokens: 4
2024-07-20,13:57:43 [INFO] Prompting method: flex_match -- Setting: Prompting function: gpf_plus -- Target Dataset: PubMed
2024-07-20,13:57:43 [INFO] Setting for prompt tuning: Prompt: {'emb_dim': 500, 'h_dim': 512, 'output_dim': 500, 'prompt_fn': 'gpf_plus', 'token_num': 4, 'cross_prune': 0.8, 'inner_prune': 0.3, 'attn_with_param': False, 'attn_dropout': 0.3} -- Pretrained Model: {'gnn_type': 'gcn', 'in_channels': 500, 'hidden_channels': 512, 'out_channels': 3, 'num_layers': 3, 'dropout': 0.4, 'with_bn': False, 'with_head': True} -- Optimizer: {'lr': 0.001, 'scheduler_step_size': 50, 'scheduler_gamma': 0.5, 'weight_decay': 0.0} -- Training: {'aug_type': 'feature', 'pos_aug_mode': 'mask', 'p_raug': 0.15, 'n_epochs': 30, 'r_reg': 0.0, 'soft_label': False, 'clutering_iters': 3, 'iterative_clustering': False, 'entropy_div_ratio': 3, 'w_entropy_loss': 0.0, 'w_softmax_loss': 0.0, 'w_domain_loss': 0.0, 'light_aug_prob': 0.1, 'light_aug_mode': 'mask', 'num_classes': 3, 'cut_off': 0.3}
2024-07-20,13:57:43 [INFO] Prompt tuning started: Num runs: 5 -- Eval step: 10
2024-07-20,13:57:45 [INFO] Pretrained GNN on Source Dataset -- Test Loss: 5.373 -- Test ACC: 0.794 -- Test F1-score: 0.779
2024-07-20,13:57:46 [INFO] Pretrained GNN on Target Dataset Without Prompting: -- Validation Loss: 25.493 -- Validation ACC: 0.557 -- Validation F1-score: 0.542 -- Test Loss: 20.008 -- Test ACC: 0.584 -- Test F1-score: 0.569
2024-07-20,13:57:49 [INFO] Epoch: 0/30 -- Train Loss: 0.015 -- Validation Loss: 23.812 -- Validation ACC: 0.549 -- Validation F1: 0.538
2024-07-20,13:58:11 [INFO] Epoch: 10/30 -- Train Loss: 0.000 -- Validation Loss: 16.492 -- Validation ACC: 0.543 -- Validation F1: 0.532
2024-07-20,13:58:33 [INFO] Epoch: 20/30 -- Train Loss: 0.418 -- Validation Loss: 12.248 -- Validation ACC: 0.543 -- Validation F1: 0.531
2024-07-20,13:58:42 [INFO] Epoch: 24/30 -- Train Loss: 0.021 -- Validation Loss: 11.673 -- Validation ACC: 0.545 -- Validation F1: 0.528
2024-07-20,13:58:44 [INFO] Epoch: 25/30 -- Train Loss: 1.142 -- Validation Loss: 11.399 -- Validation ACC: 0.549 -- Validation F1: 0.532
2024-07-20,13:58:47 [INFO] Epoch: 26/30 -- Train Loss: 0.816 -- Validation Loss: 11.441 -- Validation ACC: 0.549 -- Validation F1: 0.532
2024-07-20,13:58:49 [INFO] Epoch: 27/30 -- Train Loss: 1.168 -- Validation Loss: 11.453 -- Validation ACC: 0.547 -- Validation F1: 0.528
2024-07-20,13:58:52 [INFO] Epoch: 28/30 -- Train Loss: 0.000 -- Validation Loss: 11.272 -- Validation ACC: 0.543 -- Validation F1: 0.524
2024-07-20,13:58:54 [INFO] Epoch: 29/30 -- Train Loss: 1.495 -- Validation Loss: 11.059 -- Validation ACC: 0.543 -- Validation F1: 0.525
2024-07-20,13:58:55 [INFO] Run 0/5: Average Over Last 6 epochs -- Valid ACC: 0.5457317073170732 -- Valid F1-score: 0.5281190077463785
2024-07-20,13:58:56 [INFO] Test Results of Run 0/5: -- Test Loss: 8.275 -- Test ACC: 0.578 -- Test F1: 0.563
2024-07-20,13:58:59 [INFO] Epoch: 0/30 -- Train Loss: 0.000 -- Validation Loss: 25.682 -- Validation ACC: 0.545 -- Validation F1: 0.529
2024-07-20,13:59:21 [INFO] Epoch: 10/30 -- Train Loss: 1.181 -- Validation Loss: 17.844 -- Validation ACC: 0.543 -- Validation F1: 0.530
2024-07-20,13:59:43 [INFO] Epoch: 20/30 -- Train Loss: 0.000 -- Validation Loss: 14.089 -- Validation ACC: 0.555 -- Validation F1: 0.539
2024-07-20,13:59:52 [INFO] Epoch: 24/30 -- Train Loss: 0.000 -- Validation Loss: 12.266 -- Validation ACC: 0.543 -- Validation F1: 0.530
2024-07-20,13:59:55 [INFO] Epoch: 25/30 -- Train Loss: 0.953 -- Validation Loss: 12.308 -- Validation ACC: 0.545 -- Validation F1: 0.532
2024-07-20,13:59:57 [INFO] Epoch: 26/30 -- Train Loss: 0.533 -- Validation Loss: 12.108 -- Validation ACC: 0.535 -- Validation F1: 0.525
2024-07-20,14:00:00 [INFO] Epoch: 27/30 -- Train Loss: 0.000 -- Validation Loss: 12.108 -- Validation ACC: 0.539 -- Validation F1: 0.528
2024-07-20,14:00:02 [INFO] Epoch: 28/30 -- Train Loss: 0.253 -- Validation Loss: 11.816 -- Validation ACC: 0.539 -- Validation F1: 0.527
2024-07-20,14:00:05 [INFO] Epoch: 29/30 -- Train Loss: 0.906 -- Validation Loss: 11.385 -- Validation ACC: 0.547 -- Validation F1: 0.534
2024-07-20,14:00:05 [INFO] Run 1/5: Average Over Last 6 epochs -- Valid ACC: 0.5409891598915989 -- Valid F1-score: 0.5292887489000956
2024-07-20,14:00:06 [INFO] Test Results of Run 1/5: -- Test Loss: 8.072 -- Test ACC: 0.568 -- Test F1: 0.557
2024-07-20,14:00:09 [INFO] Epoch: 0/30 -- Train Loss: 0.919 -- Validation Loss: 24.197 -- Validation ACC: 0.549 -- Validation F1: 0.524
2024-07-20,14:00:31 [INFO] Epoch: 10/30 -- Train Loss: 0.685 -- Validation Loss: 15.782 -- Validation ACC: 0.547 -- Validation F1: 0.538
2024-07-20,14:00:52 [INFO] Epoch: 20/30 -- Train Loss: 0.247 -- Validation Loss: 14.900 -- Validation ACC: 0.533 -- Validation F1: 0.521
2024-07-20,14:01:01 [INFO] Epoch: 24/30 -- Train Loss: 0.617 -- Validation Loss: 12.240 -- Validation ACC: 0.541 -- Validation F1: 0.530
2024-07-20,14:01:04 [INFO] Epoch: 25/30 -- Train Loss: 0.000 -- Validation Loss: 12.107 -- Validation ACC: 0.539 -- Validation F1: 0.528
2024-07-20,14:01:06 [INFO] Epoch: 26/30 -- Train Loss: 0.917 -- Validation Loss: 11.989 -- Validation ACC: 0.528 -- Validation F1: 0.518
2024-07-20,14:01:09 [INFO] Epoch: 27/30 -- Train Loss: 0.142 -- Validation Loss: 11.995 -- Validation ACC: 0.526 -- Validation F1: 0.516
2024-07-20,14:01:11 [INFO] Epoch: 28/30 -- Train Loss: 1.129 -- Validation Loss: 11.973 -- Validation ACC: 0.528 -- Validation F1: 0.518
2024-07-20,14:01:14 [INFO] Epoch: 29/30 -- Train Loss: 0.000 -- Validation Loss: 11.815 -- Validation ACC: 0.533 -- Validation F1: 0.522
2024-07-20,14:01:14 [INFO] Run 2/5: Average Over Last 6 epochs -- Valid ACC: 0.5325203252032519 -- Valid F1-score: 0.5221440394719442
2024-07-20,14:01:16 [INFO] Test Results of Run 2/5: -- Test Loss: 8.444 -- Test ACC: 0.571 -- Test F1: 0.559
2024-07-20,14:01:18 [INFO] Epoch: 0/30 -- Train Loss: 0.000 -- Validation Loss: 26.880 -- Validation ACC: 0.543 -- Validation F1: 0.528
2024-07-20,14:01:40 [INFO] Epoch: 10/30 -- Train Loss: 0.248 -- Validation Loss: 17.699 -- Validation ACC: 0.547 -- Validation F1: 0.527
2024-07-20,14:02:02 [INFO] Epoch: 20/30 -- Train Loss: 0.000 -- Validation Loss: 13.583 -- Validation ACC: 0.541 -- Validation F1: 0.528
2024-07-20,14:02:11 [INFO] Epoch: 24/30 -- Train Loss: 0.925 -- Validation Loss: 13.545 -- Validation ACC: 0.541 -- Validation F1: 0.526
2024-07-20,14:02:14 [INFO] Epoch: 25/30 -- Train Loss: 0.791 -- Validation Loss: 12.862 -- Validation ACC: 0.549 -- Validation F1: 0.538
2024-07-20,14:02:16 [INFO] Epoch: 26/30 -- Train Loss: 0.561 -- Validation Loss: 12.453 -- Validation ACC: 0.557 -- Validation F1: 0.545
2024-07-20,14:02:19 [INFO] Epoch: 27/30 -- Train Loss: 0.000 -- Validation Loss: 12.056 -- Validation ACC: 0.549 -- Validation F1: 0.539
2024-07-20,14:02:21 [INFO] Epoch: 28/30 -- Train Loss: 0.686 -- Validation Loss: 11.831 -- Validation ACC: 0.545 -- Validation F1: 0.534
2024-07-20,14:02:24 [INFO] Epoch: 29/30 -- Train Loss: 1.296 -- Validation Loss: 11.748 -- Validation ACC: 0.545 -- Validation F1: 0.534
2024-07-20,14:02:24 [INFO] Run 3/5: Average Over Last 6 epochs -- Valid ACC: 0.5474254742547426 -- Valid F1-score: 0.5360375642776489
2024-07-20,14:02:26 [INFO] Test Results of Run 3/5: -- Test Loss: 8.607 -- Test ACC: 0.574 -- Test F1: 0.562
2024-07-20,14:02:28 [INFO] Epoch: 0/30 -- Train Loss: 0.000 -- Validation Loss: 26.350 -- Validation ACC: 0.549 -- Validation F1: 0.536
2024-07-20,14:02:50 [INFO] Epoch: 10/30 -- Train Loss: 0.111 -- Validation Loss: 15.687 -- Validation ACC: 0.543 -- Validation F1: 0.533
2024-07-20,14:03:12 [INFO] Epoch: 20/30 -- Train Loss: 0.000 -- Validation Loss: 13.132 -- Validation ACC: 0.537 -- Validation F1: 0.528
2024-07-20,14:03:21 [INFO] Epoch: 24/30 -- Train Loss: 0.000 -- Validation Loss: 12.399 -- Validation ACC: 0.543 -- Validation F1: 0.531
2024-07-20,14:03:24 [INFO] Epoch: 25/30 -- Train Loss: 0.276 -- Validation Loss: 11.442 -- Validation ACC: 0.549 -- Validation F1: 0.537
2024-07-20,14:03:26 [INFO] Epoch: 26/30 -- Train Loss: 0.647 -- Validation Loss: 11.352 -- Validation ACC: 0.549 -- Validation F1: 0.536
2024-07-20,14:03:29 [INFO] Epoch: 27/30 -- Train Loss: 0.000 -- Validation Loss: 11.293 -- Validation ACC: 0.543 -- Validation F1: 0.530
2024-07-20,14:03:31 [INFO] Epoch: 28/30 -- Train Loss: 0.000 -- Validation Loss: 11.050 -- Validation ACC: 0.553 -- Validation F1: 0.539
2024-07-20,14:03:34 [INFO] Epoch: 29/30 -- Train Loss: 0.000 -- Validation Loss: 10.648 -- Validation ACC: 0.541 -- Validation F1: 0.529
2024-07-20,14:03:34 [INFO] Run 4/5: Average Over Last 6 epochs -- Valid ACC: 0.5460704607046071 -- Valid F1-score: 0.5335498551527659
2024-07-20,14:03:35 [INFO] Test Results of Run 4/5: -- Test Loss: 8.037 -- Test ACC: 0.576 -- Test F1: 0.563
2024-07-20,14:03:35 [INFO] Validation average after 5 runs -- ACC: 0.543 -- F1-score: 0.530
2024-07-20,14:03:35 [INFO] Test average after 5 runs -- ACC: 0.573 -- F1-score: 0.561
2024-07-20,14:03:35 [INFO] Finished round 0/10 of experiments!
2024-07-20,14:03:35 [INFO] Started round 1/10 of experiments!
2024-07-20,14:04:10 [INFO] Loading previous pretrained model at ./pretrained/GCN_Pretrained_2024-07-19-22-55-45.pth
2024-07-20,14:04:11 [INFO] Total number of tokens: 4
2024-07-20,14:04:12 [INFO] Pretrained GNN on Source Dataset -- Test Loss: 5.700 -- Test ACC: 0.797 -- Test F1-score: 0.784
2024-07-20,14:04:13 [INFO] Pretrained GNN on Target Dataset Without Prompting: -- Validation Loss: 22.730 -- Validation ACC: 0.593 -- Validation F1-score: 0.573 -- Test Loss: 25.438 -- Test ACC: 0.583 -- Test F1-score: 0.572
2024-07-20,14:04:16 [INFO] Epoch: 0/30 -- Train Loss: 0.000 -- Validation Loss: 24.814 -- Validation ACC: 0.593 -- Validation F1: 0.577
2024-07-20,14:04:40 [INFO] Epoch: 10/30 -- Train Loss: 0.000 -- Validation Loss: 14.343 -- Validation ACC: 0.575 -- Validation F1: 0.554
2024-07-20,14:05:03 [INFO] Epoch: 20/30 -- Train Loss: 0.000 -- Validation Loss: 11.259 -- Validation ACC: 0.569 -- Validation F1: 0.546
2024-07-20,14:05:13 [INFO] Epoch: 24/30 -- Train Loss: 0.881 -- Validation Loss: 10.707 -- Validation ACC: 0.575 -- Validation F1: 0.556
2024-07-20,14:05:16 [INFO] Epoch: 25/30 -- Train Loss: 0.947 -- Validation Loss: 10.356 -- Validation ACC: 0.573 -- Validation F1: 0.555
2024-07-20,14:05:18 [INFO] Epoch: 26/30 -- Train Loss: 0.000 -- Validation Loss: 9.742 -- Validation ACC: 0.567 -- Validation F1: 0.546
2024-07-20,14:05:21 [INFO] Epoch: 27/30 -- Train Loss: 5.633 -- Validation Loss: 9.746 -- Validation ACC: 0.561 -- Validation F1: 0.539
2024-07-20,14:05:24 [INFO] Epoch: 28/30 -- Train Loss: 0.000 -- Validation Loss: 9.419 -- Validation ACC: 0.563 -- Validation F1: 0.540
2024-07-20,14:05:27 [INFO] Epoch: 29/30 -- Train Loss: 0.131 -- Validation Loss: 9.395 -- Validation ACC: 0.563 -- Validation F1: 0.540
2024-07-20,14:05:27 [INFO] Run 0/5: Average Over Last 6 epochs -- Valid ACC: 0.5670731707317073 -- Valid F1-score: 0.5459756056467692
2024-07-20,14:05:28 [INFO] Test Results of Run 0/5: -- Test Loss: 10.879 -- Test ACC: 0.575 -- Test F1: 0.565
2024-07-20,14:05:31 [INFO] Epoch: 0/30 -- Train Loss: 0.688 -- Validation Loss: 24.430 -- Validation ACC: 0.593 -- Validation F1: 0.574
2024-07-20,14:05:55 [INFO] Epoch: 10/30 -- Train Loss: 0.229 -- Validation Loss: 16.883 -- Validation ACC: 0.581 -- Validation F1: 0.557
2024-07-20,14:06:18 [INFO] Epoch: 20/30 -- Train Loss: 0.000 -- Validation Loss: 12.775 -- Validation ACC: 0.569 -- Validation F1: 0.542
2024-07-20,14:06:28 [INFO] Epoch: 24/30 -- Train Loss: 0.000 -- Validation Loss: 10.965 -- Validation ACC: 0.573 -- Validation F1: 0.545
2024-07-20,14:06:31 [INFO] Epoch: 25/30 -- Train Loss: 0.000 -- Validation Loss: 10.953 -- Validation ACC: 0.565 -- Validation F1: 0.537
2024-07-20,14:06:33 [INFO] Epoch: 26/30 -- Train Loss: 0.000 -- Validation Loss: 10.884 -- Validation ACC: 0.565 -- Validation F1: 0.537
2024-07-20,14:06:36 [INFO] Epoch: 27/30 -- Train Loss: 0.585 -- Validation Loss: 10.131 -- Validation ACC: 0.573 -- Validation F1: 0.552
2024-07-20,14:06:39 [INFO] Epoch: 28/30 -- Train Loss: 0.759 -- Validation Loss: 9.816 -- Validation ACC: 0.581 -- Validation F1: 0.558
2024-07-20,14:06:41 [INFO] Epoch: 29/30 -- Train Loss: 0.115 -- Validation Loss: 9.671 -- Validation ACC: 0.579 -- Validation F1: 0.556
2024-07-20,14:06:41 [INFO] Run 1/5: Average Over Last 6 epochs -- Valid ACC: 0.5728319783197832 -- Valid F1-score: 0.5473666588465372
2024-07-20,14:06:43 [INFO] Test Results of Run 1/5: -- Test Loss: 11.317 -- Test ACC: 0.570 -- Test F1: 0.560
2024-07-20,14:06:46 [INFO] Epoch: 0/30 -- Train Loss: 0.000 -- Validation Loss: 22.310 -- Validation ACC: 0.591 -- Validation F1: 0.564
2024-07-20,14:07:09 [INFO] Epoch: 10/30 -- Train Loss: 0.000 -- Validation Loss: 16.024 -- Validation ACC: 0.583 -- Validation F1: 0.555
2024-07-20,14:07:33 [INFO] Epoch: 20/30 -- Train Loss: 0.007 -- Validation Loss: 11.247 -- Validation ACC: 0.587 -- Validation F1: 0.563
2024-07-20,14:07:43 [INFO] Epoch: 24/30 -- Train Loss: 0.599 -- Validation Loss: 9.735 -- Validation ACC: 0.589 -- Validation F1: 0.563
2024-07-20,14:07:45 [INFO] Epoch: 25/30 -- Train Loss: 0.304 -- Validation Loss: 9.400 -- Validation ACC: 0.579 -- Validation F1: 0.555
2024-07-20,14:07:48 [INFO] Epoch: 26/30 -- Train Loss: 0.000 -- Validation Loss: 9.335 -- Validation ACC: 0.579 -- Validation F1: 0.555
2024-07-20,14:07:51 [INFO] Epoch: 27/30 -- Train Loss: 0.239 -- Validation Loss: 8.811 -- Validation ACC: 0.559 -- Validation F1: 0.530
2024-07-20,14:07:54 [INFO] Epoch: 28/30 -- Train Loss: 0.979 -- Validation Loss: 8.042 -- Validation ACC: 0.565 -- Validation F1: 0.538
2024-07-20,14:07:56 [INFO] Epoch: 29/30 -- Train Loss: 0.060 -- Validation Loss: 8.010 -- Validation ACC: 0.563 -- Validation F1: 0.534
2024-07-20,14:07:56 [INFO] Run 2/5: Average Over Last 6 epochs -- Valid ACC: 0.5724932249322493 -- Valid F1-score: 0.5457415084044138
2024-07-20,14:07:58 [INFO] Test Results of Run 2/5: -- Test Loss: 9.082 -- Test ACC: 0.576 -- Test F1: 0.563
2024-07-20,14:08:01 [INFO] Epoch: 0/30 -- Train Loss: 1.214 -- Validation Loss: 20.717 -- Validation ACC: 0.598 -- Validation F1: 0.577
2024-07-20,14:08:25 [INFO] Epoch: 10/30 -- Train Loss: 0.000 -- Validation Loss: 12.260 -- Validation ACC: 0.569 -- Validation F1: 0.545
2024-07-20,14:08:48 [INFO] Epoch: 20/30 -- Train Loss: 0.000 -- Validation Loss: 10.467 -- Validation ACC: 0.557 -- Validation F1: 0.531
2024-07-20,14:08:58 [INFO] Epoch: 24/30 -- Train Loss: 0.523 -- Validation Loss: 9.629 -- Validation ACC: 0.563 -- Validation F1: 0.542
2024-07-20,14:09:01 [INFO] Epoch: 25/30 -- Train Loss: 0.001 -- Validation Loss: 9.273 -- Validation ACC: 0.569 -- Validation F1: 0.546
2024-07-20,14:09:03 [INFO] Epoch: 26/30 -- Train Loss: 0.731 -- Validation Loss: 9.351 -- Validation ACC: 0.563 -- Validation F1: 0.541
2024-07-20,14:09:06 [INFO] Epoch: 27/30 -- Train Loss: 3.684 -- Validation Loss: 9.228 -- Validation ACC: 0.569 -- Validation F1: 0.546
2024-07-20,14:09:09 [INFO] Epoch: 28/30 -- Train Loss: 0.691 -- Validation Loss: 9.155 -- Validation ACC: 0.571 -- Validation F1: 0.546
2024-07-20,14:09:12 [INFO] Epoch: 29/30 -- Train Loss: 0.000 -- Validation Loss: 8.957 -- Validation ACC: 0.573 -- Validation F1: 0.551
2024-07-20,14:09:12 [INFO] Run 3/5: Average Over Last 6 epochs -- Valid ACC: 0.568089430894309 -- Valid F1-score: 0.5452501277128855
2024-07-20,14:09:14 [INFO] Test Results of Run 3/5: -- Test Loss: 10.442 -- Test ACC: 0.563 -- Test F1: 0.554
2024-07-20,14:09:16 [INFO] Epoch: 0/30 -- Train Loss: 0.000 -- Validation Loss: 21.126 -- Validation ACC: 0.600 -- Validation F1: 0.578
2024-07-20,14:09:40 [INFO] Epoch: 10/30 -- Train Loss: 0.094 -- Validation Loss: 13.524 -- Validation ACC: 0.581 -- Validation F1: 0.557
2024-07-20,14:10:04 [INFO] Epoch: 20/30 -- Train Loss: 0.000 -- Validation Loss: 11.406 -- Validation ACC: 0.569 -- Validation F1: 0.547
2024-07-20,14:10:14 [INFO] Epoch: 24/30 -- Train Loss: 1.696 -- Validation Loss: 11.004 -- Validation ACC: 0.569 -- Validation F1: 0.547
2024-07-20,14:10:16 [INFO] Epoch: 25/30 -- Train Loss: 0.000 -- Validation Loss: 11.105 -- Validation ACC: 0.571 -- Validation F1: 0.549
2024-07-20,14:10:19 [INFO] Epoch: 26/30 -- Train Loss: 0.180 -- Validation Loss: 11.140 -- Validation ACC: 0.567 -- Validation F1: 0.545
2024-07-20,14:10:22 [INFO] Epoch: 27/30 -- Train Loss: 1.100 -- Validation Loss: 10.740 -- Validation ACC: 0.573 -- Validation F1: 0.549
2024-07-20,14:10:25 [INFO] Epoch: 28/30 -- Train Loss: 2.527 -- Validation Loss: 10.596 -- Validation ACC: 0.577 -- Validation F1: 0.553
2024-07-20,14:10:27 [INFO] Epoch: 29/30 -- Train Loss: 0.832 -- Validation Loss: 10.644 -- Validation ACC: 0.575 -- Validation F1: 0.551
2024-07-20,14:10:27 [INFO] Run 4/5: Average Over Last 6 epochs -- Valid ACC: 0.5721544715447154 -- Valid F1-score: 0.549096425374349
2024-07-20,14:10:29 [INFO] Test Results of Run 4/5: -- Test Loss: 12.071 -- Test ACC: 0.577 -- Test F1: 0.567
2024-07-20,14:10:29 [INFO] Validation average after 5 runs -- ACC: 0.571 -- F1-score: 0.547
2024-07-20,14:10:29 [INFO] Test average after 5 runs -- ACC: 0.572 -- F1-score: 0.562
2024-07-20,14:10:29 [INFO] Finished round 1/10 of experiments!
2024-07-20,14:10:29 [INFO] Started round 2/10 of experiments!
2024-07-20,14:11:02 [INFO] Loading previous pretrained model at ./pretrained/GCN_Pretrained_2024-07-19-23-07-06.pth
2024-07-20,14:11:02 [INFO] Total number of tokens: 4
2024-07-20,14:11:04 [INFO] Pretrained GNN on Source Dataset -- Test Loss: 5.539 -- Test ACC: 0.806 -- Test F1-score: 0.795
2024-07-20,14:11:05 [INFO] Pretrained GNN on Target Dataset Without Prompting: -- Validation Loss: 16.723 -- Validation ACC: 0.585 -- Validation F1-score: 0.561 -- Test Loss: 19.058 -- Test ACC: 0.586 -- Test F1-score: 0.578
2024-07-20,14:11:08 [INFO] Epoch: 0/30 -- Train Loss: 0.000 -- Validation Loss: 15.590 -- Validation ACC: 0.583 -- Validation F1: 0.559
2024-07-20,14:11:31 [INFO] Epoch: 10/30 -- Train Loss: 0.000 -- Validation Loss: 9.616 -- Validation ACC: 0.589 -- Validation F1: 0.564
2024-07-20,14:11:55 [INFO] Epoch: 20/30 -- Train Loss: 0.518 -- Validation Loss: 7.947 -- Validation ACC: 0.591 -- Validation F1: 0.571
2024-07-20,14:12:04 [INFO] Epoch: 24/30 -- Train Loss: 1.087 -- Validation Loss: 8.138 -- Validation ACC: 0.581 -- Validation F1: 0.560
2024-07-20,14:12:07 [INFO] Epoch: 25/30 -- Train Loss: 0.000 -- Validation Loss: 8.361 -- Validation ACC: 0.585 -- Validation F1: 0.564
2024-07-20,14:12:10 [INFO] Epoch: 26/30 -- Train Loss: 0.000 -- Validation Loss: 8.410 -- Validation ACC: 0.579 -- Validation F1: 0.559
2024-07-20,14:12:12 [INFO] Epoch: 27/30 -- Train Loss: 0.000 -- Validation Loss: 8.198 -- Validation ACC: 0.581 -- Validation F1: 0.559
2024-07-20,14:12:15 [INFO] Epoch: 28/30 -- Train Loss: 0.824 -- Validation Loss: 7.705 -- Validation ACC: 0.587 -- Validation F1: 0.565
2024-07-20,14:12:18 [INFO] Epoch: 29/30 -- Train Loss: 0.077 -- Validation Loss: 7.672 -- Validation ACC: 0.589 -- Validation F1: 0.567
2024-07-20,14:12:18 [INFO] Run 0/5: Average Over Last 6 epochs -- Valid ACC: 0.5840108401084011 -- Valid F1-score: 0.5622670551141103
2024-07-20,14:12:20 [INFO] Test Results of Run 0/5: -- Test Loss: 8.799 -- Test ACC: 0.582 -- Test F1: 0.574
2024-07-20,14:12:23 [INFO] Epoch: 0/30 -- Train Loss: 0.000 -- Validation Loss: 14.373 -- Validation ACC: 0.593 -- Validation F1: 0.565
2024-07-20,14:12:46 [INFO] Epoch: 10/30 -- Train Loss: 0.000 -- Validation Loss: 8.800 -- Validation ACC: 0.587 -- Validation F1: 0.564
2024-07-20,14:13:10 [INFO] Epoch: 20/30 -- Train Loss: 0.511 -- Validation Loss: 7.177 -- Validation ACC: 0.596 -- Validation F1: 0.567
2024-07-20,14:13:20 [INFO] Epoch: 24/30 -- Train Loss: 0.000 -- Validation Loss: 7.129 -- Validation ACC: 0.581 -- Validation F1: 0.557
2024-07-20,14:13:22 [INFO] Epoch: 25/30 -- Train Loss: 0.023 -- Validation Loss: 7.206 -- Validation ACC: 0.581 -- Validation F1: 0.557
2024-07-20,14:13:25 [INFO] Epoch: 26/30 -- Train Loss: 2.576 -- Validation Loss: 6.900 -- Validation ACC: 0.591 -- Validation F1: 0.566
2024-07-20,14:13:28 [INFO] Epoch: 27/30 -- Train Loss: 0.636 -- Validation Loss: 7.101 -- Validation ACC: 0.587 -- Validation F1: 0.563
2024-07-20,14:13:31 [INFO] Epoch: 28/30 -- Train Loss: 0.427 -- Validation Loss: 7.052 -- Validation ACC: 0.585 -- Validation F1: 0.561
2024-07-20,14:13:33 [INFO] Epoch: 29/30 -- Train Loss: 0.000 -- Validation Loss: 6.805 -- Validation ACC: 0.593 -- Validation F1: 0.568
2024-07-20,14:13:33 [INFO] Run 1/5: Average Over Last 6 epochs -- Valid ACC: 0.5867208672086721 -- Valid F1-score: 0.5621355871359507
2024-07-20,14:13:35 [INFO] Test Results of Run 1/5: -- Test Loss: 8.326 -- Test ACC: 0.585 -- Test F1: 0.576
2024-07-20,14:13:38 [INFO] Epoch: 0/30 -- Train Loss: 6.595 -- Validation Loss: 16.049 -- Validation ACC: 0.587 -- Validation F1: 0.559
2024-07-20,14:14:04 [INFO] Epoch: 10/30 -- Train Loss: 0.984 -- Validation Loss: 10.105 -- Validation ACC: 0.587 -- Validation F1: 0.565
2024-07-20,14:14:28 [INFO] Epoch: 20/30 -- Train Loss: 0.535 -- Validation Loss: 7.789 -- Validation ACC: 0.587 -- Validation F1: 0.567
2024-07-20,14:14:38 [INFO] Epoch: 24/30 -- Train Loss: 0.003 -- Validation Loss: 7.412 -- Validation ACC: 0.598 -- Validation F1: 0.575
2024-07-20,14:14:41 [INFO] Epoch: 25/30 -- Train Loss: 0.629 -- Validation Loss: 7.336 -- Validation ACC: 0.598 -- Validation F1: 0.575
2024-07-20,14:14:44 [INFO] Epoch: 26/30 -- Train Loss: 0.000 -- Validation Loss: 7.173 -- Validation ACC: 0.587 -- Validation F1: 0.566
2024-07-20,14:14:46 [INFO] Epoch: 27/30 -- Train Loss: 0.729 -- Validation Loss: 6.462 -- Validation ACC: 0.591 -- Validation F1: 0.566
2024-07-20,14:14:49 [INFO] Epoch: 28/30 -- Train Loss: 0.358 -- Validation Loss: 6.356 -- Validation ACC: 0.585 -- Validation F1: 0.561
2024-07-20,14:14:52 [INFO] Epoch: 29/30 -- Train Loss: 0.000 -- Validation Loss: 6.331 -- Validation ACC: 0.589 -- Validation F1: 0.565
2024-07-20,14:14:52 [INFO] Run 2/5: Average Over Last 6 epochs -- Valid ACC: 0.5914634146341463 -- Valid F1-score: 0.5680821239948273
2024-07-20,14:14:54 [INFO] Test Results of Run 2/5: -- Test Loss: 7.544 -- Test ACC: 0.586 -- Test F1: 0.577
2024-07-20,14:14:56 [INFO] Epoch: 0/30 -- Train Loss: 0.251 -- Validation Loss: 15.623 -- Validation ACC: 0.593 -- Validation F1: 0.562
2024-07-20,14:15:20 [INFO] Epoch: 10/30 -- Train Loss: 0.000 -- Validation Loss: 11.155 -- Validation ACC: 0.593 -- Validation F1: 0.569
2024-07-20,14:15:43 [INFO] Epoch: 20/30 -- Train Loss: 4.502 -- Validation Loss: 8.236 -- Validation ACC: 0.589 -- Validation F1: 0.568
2024-07-20,14:15:53 [INFO] Epoch: 24/30 -- Train Loss: 0.030 -- Validation Loss: 6.906 -- Validation ACC: 0.598 -- Validation F1: 0.573
2024-07-20,14:15:55 [INFO] Epoch: 25/30 -- Train Loss: 0.000 -- Validation Loss: 6.805 -- Validation ACC: 0.600 -- Validation F1: 0.574
2024-07-20,14:15:58 [INFO] Epoch: 26/30 -- Train Loss: 3.398 -- Validation Loss: 6.659 -- Validation ACC: 0.598 -- Validation F1: 0.570
2024-07-20,14:16:01 [INFO] Epoch: 27/30 -- Train Loss: 0.002 -- Validation Loss: 6.445 -- Validation ACC: 0.602 -- Validation F1: 0.574
2024-07-20,14:16:03 [INFO] Epoch: 28/30 -- Train Loss: 1.366 -- Validation Loss: 6.479 -- Validation ACC: 0.596 -- Validation F1: 0.569
2024-07-20,14:16:06 [INFO] Epoch: 29/30 -- Train Loss: 0.627 -- Validation Loss: 6.447 -- Validation ACC: 0.591 -- Validation F1: 0.568
2024-07-20,14:16:06 [INFO] Run 3/5: Average Over Last 6 epochs -- Valid ACC: 0.5972222222222222 -- Valid F1-score: 0.5714754462242126
2024-07-20,14:16:08 [INFO] Test Results of Run 3/5: -- Test Loss: 7.638 -- Test ACC: 0.584 -- Test F1: 0.575
2024-07-20,14:16:11 [INFO] Epoch: 0/30 -- Train Loss: 0.000 -- Validation Loss: 16.102 -- Validation ACC: 0.596 -- Validation F1: 0.568
2024-07-20,14:16:34 [INFO] Epoch: 10/30 -- Train Loss: 0.000 -- Validation Loss: 10.926 -- Validation ACC: 0.591 -- Validation F1: 0.569
2024-07-20,14:16:58 [INFO] Epoch: 20/30 -- Train Loss: 0.091 -- Validation Loss: 7.493 -- Validation ACC: 0.598 -- Validation F1: 0.566
2024-07-20,14:17:07 [INFO] Epoch: 24/30 -- Train Loss: 0.332 -- Validation Loss: 7.287 -- Validation ACC: 0.587 -- Validation F1: 0.560
2024-07-20,14:17:10 [INFO] Epoch: 25/30 -- Train Loss: 0.000 -- Validation Loss: 7.215 -- Validation ACC: 0.591 -- Validation F1: 0.563
2024-07-20,14:17:12 [INFO] Epoch: 26/30 -- Train Loss: 0.047 -- Validation Loss: 7.066 -- Validation ACC: 0.591 -- Validation F1: 0.564
2024-07-20,14:17:15 [INFO] Epoch: 27/30 -- Train Loss: 1.062 -- Validation Loss: 6.837 -- Validation ACC: 0.585 -- Validation F1: 0.562
2024-07-20,14:17:18 [INFO] Epoch: 28/30 -- Train Loss: 0.517 -- Validation Loss: 6.906 -- Validation ACC: 0.587 -- Validation F1: 0.565
2024-07-20,14:17:20 [INFO] Epoch: 29/30 -- Train Loss: 0.239 -- Validation Loss: 6.977 -- Validation ACC: 0.589 -- Validation F1: 0.566
2024-07-20,14:17:20 [INFO] Run 4/5: Average Over Last 6 epochs -- Valid ACC: 0.5887533875338753 -- Valid F1-score: 0.5633659561475118
2024-07-20,14:17:22 [INFO] Test Results of Run 4/5: -- Test Loss: 8.197 -- Test ACC: 0.585 -- Test F1: 0.576
2024-07-20,14:17:22 [INFO] Validation average after 5 runs -- ACC: 0.590 -- F1-score: 0.565
2024-07-20,14:17:22 [INFO] Test average after 5 runs -- ACC: 0.585 -- F1-score: 0.576
2024-07-20,14:17:22 [INFO] Finished round 2/10 of experiments!
2024-07-20,14:17:22 [INFO] Started round 3/10 of experiments!
2024-07-20,14:17:48 [INFO] Loading previous pretrained model at ./pretrained/GCN_Pretrained_2024-07-19-23-18-19.pth
2024-07-20,14:17:49 [INFO] Total number of tokens: 4
2024-07-20,14:17:50 [INFO] Pretrained GNN on Source Dataset -- Test Loss: 5.476 -- Test ACC: 0.787 -- Test F1-score: 0.774
2024-07-20,14:17:51 [INFO] Pretrained GNN on Target Dataset Without Prompting: -- Validation Loss: 20.450 -- Validation ACC: 0.602 -- Validation F1-score: 0.589 -- Test Loss: 20.128 -- Test ACC: 0.581 -- Test F1-score: 0.570
2024-07-20,14:17:54 [INFO] Epoch: 0/30 -- Train Loss: 0.000 -- Validation Loss: 20.354 -- Validation ACC: 0.598 -- Validation F1: 0.583
2024-07-20,14:18:21 [INFO] Epoch: 10/30 -- Train Loss: 0.000 -- Validation Loss: 13.950 -- Validation ACC: 0.585 -- Validation F1: 0.570
2024-07-20,14:18:47 [INFO] Epoch: 20/30 -- Train Loss: 0.521 -- Validation Loss: 10.165 -- Validation ACC: 0.577 -- Validation F1: 0.564
2024-07-20,14:18:58 [INFO] Epoch: 24/30 -- Train Loss: 0.977 -- Validation Loss: 9.803 -- Validation ACC: 0.571 -- Validation F1: 0.564
2024-07-20,14:19:01 [INFO] Epoch: 25/30 -- Train Loss: 0.000 -- Validation Loss: 9.772 -- Validation ACC: 0.571 -- Validation F1: 0.564
2024-07-20,14:19:04 [INFO] Epoch: 26/30 -- Train Loss: 0.000 -- Validation Loss: 9.472 -- Validation ACC: 0.581 -- Validation F1: 0.571
2024-07-20,14:19:07 [INFO] Epoch: 27/30 -- Train Loss: 0.000 -- Validation Loss: 9.025 -- Validation ACC: 0.575 -- Validation F1: 0.566
2024-07-20,14:19:09 [INFO] Epoch: 28/30 -- Train Loss: 0.469 -- Validation Loss: 8.872 -- Validation ACC: 0.577 -- Validation F1: 0.568
2024-07-20,14:19:12 [INFO] Epoch: 29/30 -- Train Loss: 0.884 -- Validation Loss: 8.667 -- Validation ACC: 0.575 -- Validation F1: 0.566
2024-07-20,14:19:12 [INFO] Run 0/5: Average Over Last 6 epochs -- Valid ACC: 0.5752032520325203 -- Valid F1-score: 0.5663821001847585
2024-07-20,14:19:14 [INFO] Test Results of Run 0/5: -- Test Loss: 8.640 -- Test ACC: 0.569 -- Test F1: 0.558
2024-07-20,14:19:17 [INFO] Epoch: 0/30 -- Train Loss: 0.000 -- Validation Loss: 19.883 -- Validation ACC: 0.618 -- Validation F1: 0.605
2024-07-20,14:19:41 [INFO] Epoch: 10/30 -- Train Loss: 0.582 -- Validation Loss: 11.628 -- Validation ACC: 0.577 -- Validation F1: 0.568
2024-07-20,14:20:05 [INFO] Epoch: 20/30 -- Train Loss: 1.109 -- Validation Loss: 9.936 -- Validation ACC: 0.581 -- Validation F1: 0.574
2024-07-20,14:20:16 [INFO] Epoch: 24/30 -- Train Loss: 0.089 -- Validation Loss: 9.474 -- Validation ACC: 0.581 -- Validation F1: 0.571
2024-07-20,14:20:19 [INFO] Epoch: 25/30 -- Train Loss: 0.000 -- Validation Loss: 9.275 -- Validation ACC: 0.581 -- Validation F1: 0.573
2024-07-20,14:20:22 [INFO] Epoch: 26/30 -- Train Loss: 0.682 -- Validation Loss: 8.900 -- Validation ACC: 0.577 -- Validation F1: 0.566
2024-07-20,14:20:25 [INFO] Epoch: 27/30 -- Train Loss: 0.531 -- Validation Loss: 8.806 -- Validation ACC: 0.577 -- Validation F1: 0.566
2024-07-20,14:20:28 [INFO] Epoch: 28/30 -- Train Loss: 0.000 -- Validation Loss: 8.771 -- Validation ACC: 0.577 -- Validation F1: 0.566
2024-07-20,14:20:31 [INFO] Epoch: 29/30 -- Train Loss: 0.503 -- Validation Loss: 8.573 -- Validation ACC: 0.573 -- Validation F1: 0.566
2024-07-20,14:20:31 [INFO] Run 1/5: Average Over Last 6 epochs -- Valid ACC: 0.5779132791327913 -- Valid F1-score: 0.5679084062576294
2024-07-20,14:20:33 [INFO] Test Results of Run 1/5: -- Test Loss: 8.451 -- Test ACC: 0.569 -- Test F1: 0.560
2024-07-20,14:20:36 [INFO] Epoch: 0/30 -- Train Loss: 0.388 -- Validation Loss: 21.074 -- Validation ACC: 0.604 -- Validation F1: 0.594
2024-07-20,14:21:02 [INFO] Epoch: 10/30 -- Train Loss: 0.526 -- Validation Loss: 14.038 -- Validation ACC: 0.591 -- Validation F1: 0.580
2024-07-20,14:21:26 [INFO] Epoch: 20/30 -- Train Loss: 0.203 -- Validation Loss: 10.374 -- Validation ACC: 0.587 -- Validation F1: 0.578
2024-07-20,14:21:35 [INFO] Epoch: 24/30 -- Train Loss: 0.000 -- Validation Loss: 9.200 -- Validation ACC: 0.581 -- Validation F1: 0.570
2024-07-20,14:21:38 [INFO] Epoch: 25/30 -- Train Loss: 4.607 -- Validation Loss: 9.008 -- Validation ACC: 0.581 -- Validation F1: 0.571
2024-07-20,14:21:41 [INFO] Epoch: 26/30 -- Train Loss: 0.124 -- Validation Loss: 9.014 -- Validation ACC: 0.583 -- Validation F1: 0.572
2024-07-20,14:21:44 [INFO] Epoch: 27/30 -- Train Loss: 0.333 -- Validation Loss: 8.385 -- Validation ACC: 0.583 -- Validation F1: 0.572
2024-07-20,14:21:46 [INFO] Epoch: 28/30 -- Train Loss: 0.497 -- Validation Loss: 8.446 -- Validation ACC: 0.583 -- Validation F1: 0.572
2024-07-20,14:21:49 [INFO] Epoch: 29/30 -- Train Loss: 0.088 -- Validation Loss: 8.201 -- Validation ACC: 0.591 -- Validation F1: 0.579
2024-07-20,14:21:49 [INFO] Run 2/5: Average Over Last 6 epochs -- Valid ACC: 0.5840108401084011 -- Valid F1-score: 0.5723836421966553
2024-07-20,14:21:51 [INFO] Test Results of Run 2/5: -- Test Loss: 8.057 -- Test ACC: 0.567 -- Test F1: 0.555
2024-07-20,14:21:54 [INFO] Epoch: 0/30 -- Train Loss: 0.051 -- Validation Loss: 19.287 -- Validation ACC: 0.598 -- Validation F1: 0.587
2024-07-20,14:22:17 [INFO] Epoch: 10/30 -- Train Loss: 0.047 -- Validation Loss: 14.331 -- Validation ACC: 0.577 -- Validation F1: 0.569
2024-07-20,14:22:42 [INFO] Epoch: 20/30 -- Train Loss: 0.000 -- Validation Loss: 9.003 -- Validation ACC: 0.575 -- Validation F1: 0.562
2024-07-20,14:22:51 [INFO] Epoch: 24/30 -- Train Loss: 0.775 -- Validation Loss: 8.619 -- Validation ACC: 0.569 -- Validation F1: 0.556
2024-07-20,14:22:54 [INFO] Epoch: 25/30 -- Train Loss: 0.449 -- Validation Loss: 8.111 -- Validation ACC: 0.575 -- Validation F1: 0.565
2024-07-20,14:22:57 [INFO] Epoch: 26/30 -- Train Loss: 0.866 -- Validation Loss: 7.820 -- Validation ACC: 0.571 -- Validation F1: 0.561
2024-07-20,14:23:00 [INFO] Epoch: 27/30 -- Train Loss: 0.001 -- Validation Loss: 7.763 -- Validation ACC: 0.567 -- Validation F1: 0.556
2024-07-20,14:23:02 [INFO] Epoch: 28/30 -- Train Loss: 0.016 -- Validation Loss: 7.833 -- Validation ACC: 0.571 -- Validation F1: 0.560
2024-07-20,14:23:05 [INFO] Epoch: 29/30 -- Train Loss: 0.000 -- Validation Loss: 7.761 -- Validation ACC: 0.571 -- Validation F1: 0.560
2024-07-20,14:23:05 [INFO] Run 3/5: Average Over Last 6 epochs -- Valid ACC: 0.57079945799458 -- Valid F1-score: 0.5596051017443339
2024-07-20,14:23:07 [INFO] Test Results of Run 3/5: -- Test Loss: 7.909 -- Test ACC: 0.567 -- Test F1: 0.554
2024-07-20,14:23:09 [INFO] Epoch: 0/30 -- Train Loss: 0.000 -- Validation Loss: 18.429 -- Validation ACC: 0.604 -- Validation F1: 0.590
2024-07-20,14:23:33 [INFO] Epoch: 10/30 -- Train Loss: 0.000 -- Validation Loss: 12.580 -- Validation ACC: 0.598 -- Validation F1: 0.583
2024-07-20,14:23:57 [INFO] Epoch: 20/30 -- Train Loss: 0.000 -- Validation Loss: 9.518 -- Validation ACC: 0.600 -- Validation F1: 0.588
2024-07-20,14:24:07 [INFO] Epoch: 24/30 -- Train Loss: 0.651 -- Validation Loss: 8.753 -- Validation ACC: 0.581 -- Validation F1: 0.570
2024-07-20,14:24:10 [INFO] Epoch: 25/30 -- Train Loss: 0.534 -- Validation Loss: 8.767 -- Validation ACC: 0.585 -- Validation F1: 0.573
2024-07-20,14:24:12 [INFO] Epoch: 26/30 -- Train Loss: 0.014 -- Validation Loss: 8.654 -- Validation ACC: 0.593 -- Validation F1: 0.583
2024-07-20,14:24:15 [INFO] Epoch: 27/30 -- Train Loss: 0.000 -- Validation Loss: 8.496 -- Validation ACC: 0.591 -- Validation F1: 0.580
2024-07-20,14:24:18 [INFO] Epoch: 28/30 -- Train Loss: 1.136 -- Validation Loss: 8.230 -- Validation ACC: 0.583 -- Validation F1: 0.575
2024-07-20,14:24:20 [INFO] Epoch: 29/30 -- Train Loss: 0.000 -- Validation Loss: 8.178 -- Validation ACC: 0.583 -- Validation F1: 0.575
2024-07-20,14:24:20 [INFO] Run 4/5: Average Over Last 6 epochs -- Valid ACC: 0.5863821138211383 -- Valid F1-score: 0.5758044719696045
2024-07-20,14:24:22 [INFO] Test Results of Run 4/5: -- Test Loss: 8.039 -- Test ACC: 0.567 -- Test F1: 0.558
2024-07-20,14:24:22 [INFO] Validation average after 5 runs -- ACC: 0.579 -- F1-score: 0.568
2024-07-20,14:24:22 [INFO] Test average after 5 runs -- ACC: 0.568 -- F1-score: 0.557
2024-07-20,14:24:22 [INFO] Finished round 3/10 of experiments!
2024-07-20,14:24:22 [INFO] Started round 4/10 of experiments!
2024-07-20,14:24:50 [INFO] Loading previous pretrained model at ./pretrained/GCN_Pretrained_2024-07-19-23-29-41.pth
2024-07-20,14:24:50 [INFO] Total number of tokens: 4
2024-07-20,14:24:52 [INFO] Pretrained GNN on Source Dataset -- Test Loss: 5.269 -- Test ACC: 0.791 -- Test F1-score: 0.778
2024-07-20,14:24:53 [INFO] Pretrained GNN on Target Dataset Without Prompting: -- Validation Loss: 19.453 -- Validation ACC: 0.579 -- Validation F1-score: 0.567 -- Test Loss: 20.780 -- Test ACC: 0.591 -- Test F1-score: 0.571
2024-07-20,14:24:56 [INFO] Epoch: 0/30 -- Train Loss: 0.000 -- Validation Loss: 18.968 -- Validation ACC: 0.577 -- Validation F1: 0.563
2024-07-20,14:25:20 [INFO] Epoch: 10/30 -- Train Loss: 0.000 -- Validation Loss: 12.940 -- Validation ACC: 0.581 -- Validation F1: 0.566
2024-07-20,14:25:43 [INFO] Epoch: 20/30 -- Train Loss: 0.000 -- Validation Loss: 10.053 -- Validation ACC: 0.581 -- Validation F1: 0.567
2024-07-20,14:25:53 [INFO] Epoch: 24/30 -- Train Loss: 0.400 -- Validation Loss: 9.934 -- Validation ACC: 0.573 -- Validation F1: 0.556
2024-07-20,14:25:56 [INFO] Epoch: 25/30 -- Train Loss: 1.826 -- Validation Loss: 9.027 -- Validation ACC: 0.565 -- Validation F1: 0.546
2024-07-20,14:25:59 [INFO] Epoch: 26/30 -- Train Loss: 0.031 -- Validation Loss: 8.992 -- Validation ACC: 0.563 -- Validation F1: 0.543
2024-07-20,14:26:02 [INFO] Epoch: 27/30 -- Train Loss: 0.781 -- Validation Loss: 8.849 -- Validation ACC: 0.565 -- Validation F1: 0.546
2024-07-20,14:26:04 [INFO] Epoch: 28/30 -- Train Loss: 0.138 -- Validation Loss: 8.573 -- Validation ACC: 0.569 -- Validation F1: 0.551
2024-07-20,14:26:07 [INFO] Epoch: 29/30 -- Train Loss: 0.000 -- Validation Loss: 8.283 -- Validation ACC: 0.575 -- Validation F1: 0.555
2024-07-20,14:26:07 [INFO] Run 0/5: Average Over Last 6 epochs -- Valid ACC: 0.5684281842818427 -- Valid F1-score: 0.5494519074757894
2024-07-20,14:26:09 [INFO] Test Results of Run 0/5: -- Test Loss: 9.376 -- Test ACC: 0.581 -- Test F1: 0.554
2024-07-20,14:26:12 [INFO] Epoch: 0/30 -- Train Loss: 1.150 -- Validation Loss: 19.066 -- Validation ACC: 0.577 -- Validation F1: 0.556
2024-07-20,14:26:35 [INFO] Epoch: 10/30 -- Train Loss: 0.466 -- Validation Loss: 11.282 -- Validation ACC: 0.571 -- Validation F1: 0.553
2024-07-20,14:26:59 [INFO] Epoch: 20/30 -- Train Loss: 0.568 -- Validation Loss: 9.433 -- Validation ACC: 0.579 -- Validation F1: 0.564
2024-07-20,14:27:09 [INFO] Epoch: 24/30 -- Train Loss: 1.010 -- Validation Loss: 8.442 -- Validation ACC: 0.575 -- Validation F1: 0.561
2024-07-20,14:27:11 [INFO] Epoch: 25/30 -- Train Loss: 0.108 -- Validation Loss: 8.265 -- Validation ACC: 0.581 -- Validation F1: 0.567
2024-07-20,14:27:14 [INFO] Epoch: 26/30 -- Train Loss: 1.564 -- Validation Loss: 8.265 -- Validation ACC: 0.579 -- Validation F1: 0.565
2024-07-20,14:27:17 [INFO] Epoch: 27/30 -- Train Loss: 0.000 -- Validation Loss: 8.263 -- Validation ACC: 0.579 -- Validation F1: 0.564
2024-07-20,14:27:19 [INFO] Epoch: 28/30 -- Train Loss: 0.000 -- Validation Loss: 8.092 -- Validation ACC: 0.573 -- Validation F1: 0.559
2024-07-20,14:27:22 [INFO] Epoch: 29/30 -- Train Loss: 0.621 -- Validation Loss: 8.067 -- Validation ACC: 0.581 -- Validation F1: 0.566
2024-07-20,14:27:22 [INFO] Run 1/5: Average Over Last 6 epochs -- Valid ACC: 0.5782520325203252 -- Valid F1-score: 0.5637131532033285
2024-07-20,14:27:24 [INFO] Test Results of Run 1/5: -- Test Loss: 9.246 -- Test ACC: 0.577 -- Test F1: 0.555
2024-07-20,14:27:27 [INFO] Epoch: 0/30 -- Train Loss: 0.000 -- Validation Loss: 19.477 -- Validation ACC: 0.583 -- Validation F1: 0.572
2024-07-20,14:27:53 [INFO] Epoch: 10/30 -- Train Loss: 0.442 -- Validation Loss: 10.610 -- Validation ACC: 0.571 -- Validation F1: 0.556
2024-07-20,14:28:18 [INFO] Epoch: 20/30 -- Train Loss: 0.000 -- Validation Loss: 8.726 -- Validation ACC: 0.575 -- Validation F1: 0.558
2024-07-20,14:28:27 [INFO] Epoch: 24/30 -- Train Loss: 0.029 -- Validation Loss: 8.759 -- Validation ACC: 0.573 -- Validation F1: 0.556
2024-07-20,14:28:30 [INFO] Epoch: 25/30 -- Train Loss: 10.187 -- Validation Loss: 8.753 -- Validation ACC: 0.571 -- Validation F1: 0.554
2024-07-20,14:28:33 [INFO] Epoch: 26/30 -- Train Loss: 0.000 -- Validation Loss: 7.975 -- Validation ACC: 0.569 -- Validation F1: 0.550
2024-07-20,14:28:36 [INFO] Epoch: 27/30 -- Train Loss: 0.283 -- Validation Loss: 7.917 -- Validation ACC: 0.571 -- Validation F1: 0.552
2024-07-20,14:28:38 [INFO] Epoch: 28/30 -- Train Loss: 0.000 -- Validation Loss: 7.819 -- Validation ACC: 0.569 -- Validation F1: 0.548
2024-07-20,14:28:41 [INFO] Epoch: 29/30 -- Train Loss: 21.505 -- Validation Loss: 7.857 -- Validation ACC: 0.565 -- Validation F1: 0.543
2024-07-20,14:28:41 [INFO] Run 2/5: Average Over Last 6 epochs -- Valid ACC: 0.5697831978319783 -- Valid F1-score: 0.5502690772215525
2024-07-20,14:28:43 [INFO] Test Results of Run 2/5: -- Test Loss: 9.194 -- Test ACC: 0.582 -- Test F1: 0.554
2024-07-20,14:28:46 [INFO] Epoch: 0/30 -- Train Loss: 0.000 -- Validation Loss: 19.061 -- Validation ACC: 0.583 -- Validation F1: 0.573
2024-07-20,14:29:14 [INFO] Epoch: 10/30 -- Train Loss: 0.000 -- Validation Loss: 11.249 -- Validation ACC: 0.581 -- Validation F1: 0.565
2024-07-20,14:29:38 [INFO] Epoch: 20/30 -- Train Loss: 0.000 -- Validation Loss: 8.444 -- Validation ACC: 0.573 -- Validation F1: 0.556
2024-07-20,14:29:48 [INFO] Epoch: 24/30 -- Train Loss: 0.000 -- Validation Loss: 7.908 -- Validation ACC: 0.567 -- Validation F1: 0.549
2024-07-20,14:29:51 [INFO] Epoch: 25/30 -- Train Loss: 0.015 -- Validation Loss: 7.193 -- Validation ACC: 0.565 -- Validation F1: 0.544
2024-07-20,14:29:53 [INFO] Epoch: 26/30 -- Train Loss: 0.070 -- Validation Loss: 7.230 -- Validation ACC: 0.565 -- Validation F1: 0.544
2024-07-20,14:29:56 [INFO] Epoch: 27/30 -- Train Loss: 0.163 -- Validation Loss: 7.226 -- Validation ACC: 0.563 -- Validation F1: 0.544
2024-07-20,14:29:59 [INFO] Epoch: 28/30 -- Train Loss: 0.035 -- Validation Loss: 6.726 -- Validation ACC: 0.565 -- Validation F1: 0.541
2024-07-20,14:30:02 [INFO] Epoch: 29/30 -- Train Loss: 0.823 -- Validation Loss: 6.343 -- Validation ACC: 0.559 -- Validation F1: 0.527
2024-07-20,14:30:02 [INFO] Run 3/5: Average Over Last 6 epochs -- Valid ACC: 0.5640243902439025 -- Valid F1-score: 0.5413927634557089
2024-07-20,14:30:04 [INFO] Test Results of Run 3/5: -- Test Loss: 7.546 -- Test ACC: 0.581 -- Test F1: 0.544
2024-07-20,14:30:06 [INFO] Epoch: 0/30 -- Train Loss: 0.000 -- Validation Loss: 18.836 -- Validation ACC: 0.583 -- Validation F1: 0.565
2024-07-20,14:30:30 [INFO] Epoch: 10/30 -- Train Loss: 8.645 -- Validation Loss: 12.740 -- Validation ACC: 0.571 -- Validation F1: 0.555
2024-07-20,14:30:54 [INFO] Epoch: 20/30 -- Train Loss: 0.971 -- Validation Loss: 9.759 -- Validation ACC: 0.577 -- Validation F1: 0.563
2024-07-20,14:31:03 [INFO] Epoch: 24/30 -- Train Loss: 0.002 -- Validation Loss: 9.519 -- Validation ACC: 0.569 -- Validation F1: 0.554
2024-07-20,14:31:06 [INFO] Epoch: 25/30 -- Train Loss: 0.000 -- Validation Loss: 9.043 -- Validation ACC: 0.573 -- Validation F1: 0.557
2024-07-20,14:31:09 [INFO] Epoch: 26/30 -- Train Loss: 0.606 -- Validation Loss: 8.978 -- Validation ACC: 0.571 -- Validation F1: 0.554
2024-07-20,14:31:12 [INFO] Epoch: 27/30 -- Train Loss: 0.285 -- Validation Loss: 8.991 -- Validation ACC: 0.571 -- Validation F1: 0.554
2024-07-20,14:31:14 [INFO] Epoch: 28/30 -- Train Loss: 0.000 -- Validation Loss: 8.730 -- Validation ACC: 0.571 -- Validation F1: 0.555
2024-07-20,14:31:17 [INFO] Epoch: 29/30 -- Train Loss: 0.521 -- Validation Loss: 8.734 -- Validation ACC: 0.571 -- Validation F1: 0.555
2024-07-20,14:31:17 [INFO] Run 4/5: Average Over Last 6 epochs -- Valid ACC: 0.5711382113821138 -- Valid F1-score: 0.5545754631360372
2024-07-20,14:31:19 [INFO] Test Results of Run 4/5: -- Test Loss: 9.931 -- Test ACC: 0.582 -- Test F1: 0.558
2024-07-20,14:31:19 [INFO] Validation average after 5 runs -- ACC: 0.570 -- F1-score: 0.552
2024-07-20,14:31:19 [INFO] Test average after 5 runs -- ACC: 0.580 -- F1-score: 0.553
2024-07-20,14:31:19 [INFO] Finished round 4/10 of experiments!
2024-07-20,14:31:19 [INFO] Started round 5/10 of experiments!
2024-07-20,14:31:55 [INFO] Setting for pretraining: Model: {'gnn_type': 'gcn', 'in_channels': 500, 'hidden_channels': 512, 'out_channels': 3, 'num_layers': 3, 'dropout': 0.4, 'with_bn': False, 'with_head': True} -- Optimizer: {'lr': 0.001, 'scheduler_step_size': 50, 'scheduler_gamma': 0.5, 'weight_decay': 0.0} -- Training: {'n_epochs': 100}
2024-07-20,14:31:55 [INFO] Loading previous pretrained model at ./pretrained/GCN_Pretrained_2024-07-19-23-40-55.pth
2024-07-20,14:31:55 [INFO] Total number of tokens: 4
2024-07-20,14:31:55 [INFO] Prompting method: flex_match -- Setting: Prompting function: gpf_plus -- Target Dataset: PubMed
2024-07-20,14:31:55 [INFO] Setting for prompt tuning: Prompt: {'emb_dim': 500, 'h_dim': 512, 'output_dim': 500, 'prompt_fn': 'gpf_plus', 'token_num': 4, 'cross_prune': 0.8, 'inner_prune': 0.3, 'attn_with_param': False, 'attn_dropout': 0.3} -- Pretrained Model: {'gnn_type': 'gcn', 'in_channels': 500, 'hidden_channels': 512, 'out_channels': 3, 'num_layers': 3, 'dropout': 0.4, 'with_bn': False, 'with_head': True} -- Optimizer: {'lr': 0.001, 'scheduler_step_size': 50, 'scheduler_gamma': 0.5, 'weight_decay': 0.0} -- Training: {'aug_type': 'feature', 'pos_aug_mode': 'mask', 'p_raug': 0.15, 'n_epochs': 30, 'r_reg': 0.0, 'soft_label': False, 'clutering_iters': 3, 'iterative_clustering': False, 'entropy_div_ratio': 3, 'w_entropy_loss': 0.0, 'w_softmax_loss': 0.0, 'w_domain_loss': 0.0, 'light_aug_prob': 0.1, 'light_aug_mode': 'mask', 'num_classes': 3, 'cut_off': 0.3}
2024-07-20,14:31:55 [INFO] Prompt tuning started: Num runs: 5 -- Eval step: 10
2024-07-20,14:31:57 [INFO] Pretrained GNN on Source Dataset -- Test Loss: 4.696 -- Test ACC: 0.811 -- Test F1-score: 0.799
2024-07-20,14:31:58 [INFO] Pretrained GNN on Target Dataset Without Prompting: -- Validation Loss: 26.171 -- Validation ACC: 0.579 -- Validation F1-score: 0.568 -- Test Loss: 18.687 -- Test ACC: 0.592 -- Test F1-score: 0.581
2024-07-20,14:32:01 [INFO] Epoch: 0/30 -- Train Loss: 0.000 -- Validation Loss: 22.481 -- Validation ACC: 0.571 -- Validation F1: 0.556
2024-07-20,14:32:25 [INFO] Epoch: 10/30 -- Train Loss: 0.000 -- Validation Loss: 15.477 -- Validation ACC: 0.585 -- Validation F1: 0.571
2024-07-20,14:32:50 [INFO] Epoch: 20/30 -- Train Loss: 0.955 -- Validation Loss: 12.794 -- Validation ACC: 0.583 -- Validation F1: 0.568
2024-07-20,14:33:00 [INFO] Epoch: 24/30 -- Train Loss: 0.000 -- Validation Loss: 11.685 -- Validation ACC: 0.571 -- Validation F1: 0.560
2024-07-20,14:33:03 [INFO] Epoch: 25/30 -- Train Loss: 0.483 -- Validation Loss: 11.276 -- Validation ACC: 0.571 -- Validation F1: 0.558
2024-07-20,14:33:05 [INFO] Epoch: 26/30 -- Train Loss: 0.117 -- Validation Loss: 11.002 -- Validation ACC: 0.577 -- Validation F1: 0.562
2024-07-20,14:33:08 [INFO] Epoch: 27/30 -- Train Loss: 6.328 -- Validation Loss: 10.916 -- Validation ACC: 0.575 -- Validation F1: 0.559
2024-07-20,14:33:11 [INFO] Epoch: 28/30 -- Train Loss: 0.897 -- Validation Loss: 10.309 -- Validation ACC: 0.577 -- Validation F1: 0.561
2024-07-20,14:33:13 [INFO] Epoch: 29/30 -- Train Loss: 0.760 -- Validation Loss: 10.348 -- Validation ACC: 0.575 -- Validation F1: 0.559
2024-07-20,14:33:13 [INFO] Run 0/5: Average Over Last 6 epochs -- Valid ACC: 0.5745257452574526 -- Valid F1-score: 0.5598089396953583
2024-07-20,14:33:15 [INFO] Test Results of Run 0/5: -- Test Loss: 6.976 -- Test ACC: 0.579 -- Test F1: 0.567
2024-07-20,14:33:18 [INFO] Epoch: 0/30 -- Train Loss: 0.587 -- Validation Loss: 24.610 -- Validation ACC: 0.575 -- Validation F1: 0.561
2024-07-20,14:33:43 [INFO] Epoch: 10/30 -- Train Loss: 0.316 -- Validation Loss: 15.638 -- Validation ACC: 0.573 -- Validation F1: 0.554
2024-07-20,14:34:09 [INFO] Epoch: 20/30 -- Train Loss: 0.299 -- Validation Loss: 13.108 -- Validation ACC: 0.573 -- Validation F1: 0.553
2024-07-20,14:34:18 [INFO] Epoch: 24/30 -- Train Loss: 0.000 -- Validation Loss: 12.518 -- Validation ACC: 0.591 -- Validation F1: 0.576
2024-07-20,14:34:21 [INFO] Epoch: 25/30 -- Train Loss: 0.919 -- Validation Loss: 12.409 -- Validation ACC: 0.587 -- Validation F1: 0.574
2024-07-20,14:34:24 [INFO] Epoch: 26/30 -- Train Loss: 0.000 -- Validation Loss: 12.274 -- Validation ACC: 0.579 -- Validation F1: 0.565
2024-07-20,14:34:27 [INFO] Epoch: 27/30 -- Train Loss: 2.319 -- Validation Loss: 12.332 -- Validation ACC: 0.581 -- Validation F1: 0.568
2024-07-20,14:34:30 [INFO] Epoch: 28/30 -- Train Loss: 0.608 -- Validation Loss: 12.334 -- Validation ACC: 0.583 -- Validation F1: 0.569
2024-07-20,14:34:32 [INFO] Epoch: 29/30 -- Train Loss: 0.000 -- Validation Loss: 11.797 -- Validation ACC: 0.575 -- Validation F1: 0.559
2024-07-20,14:34:32 [INFO] Run 1/5: Average Over Last 6 epochs -- Valid ACC: 0.5829945799457994 -- Valid F1-score: 0.5684195458889008
2024-07-20,14:34:34 [INFO] Test Results of Run 1/5: -- Test Loss: 8.163 -- Test ACC: 0.580 -- Test F1: 0.569
2024-07-20,14:34:37 [INFO] Epoch: 0/30 -- Train Loss: 0.000 -- Validation Loss: 23.010 -- Validation ACC: 0.577 -- Validation F1: 0.560
2024-07-20,14:35:01 [INFO] Epoch: 10/30 -- Train Loss: 0.029 -- Validation Loss: 17.612 -- Validation ACC: 0.579 -- Validation F1: 0.569
2024-07-20,14:35:26 [INFO] Epoch: 20/30 -- Train Loss: 0.000 -- Validation Loss: 12.427 -- Validation ACC: 0.581 -- Validation F1: 0.567
2024-07-20,14:35:37 [INFO] Epoch: 24/30 -- Train Loss: 0.441 -- Validation Loss: 10.950 -- Validation ACC: 0.583 -- Validation F1: 0.572
2024-07-20,14:35:40 [INFO] Epoch: 25/30 -- Train Loss: 0.000 -- Validation Loss: 11.007 -- Validation ACC: 0.583 -- Validation F1: 0.571
2024-07-20,14:35:43 [INFO] Epoch: 26/30 -- Train Loss: 1.286 -- Validation Loss: 11.022 -- Validation ACC: 0.583 -- Validation F1: 0.572
2024-07-20,14:35:47 [INFO] Epoch: 27/30 -- Train Loss: 0.136 -- Validation Loss: 10.736 -- Validation ACC: 0.589 -- Validation F1: 0.577
2024-07-20,14:35:50 [INFO] Epoch: 28/30 -- Train Loss: 0.035 -- Validation Loss: 10.540 -- Validation ACC: 0.589 -- Validation F1: 0.578
2024-07-20,14:35:53 [INFO] Epoch: 29/30 -- Train Loss: 0.250 -- Validation Loss: 10.597 -- Validation ACC: 0.583 -- Validation F1: 0.570
2024-07-20,14:35:53 [INFO] Run 2/5: Average Over Last 6 epochs -- Valid ACC: 0.5853658536585366 -- Valid F1-score: 0.5734168589115143
2024-07-20,14:35:55 [INFO] Test Results of Run 2/5: -- Test Loss: 7.164 -- Test ACC: 0.578 -- Test F1: 0.569
2024-07-20,14:35:58 [INFO] Epoch: 0/30 -- Train Loss: 0.000 -- Validation Loss: 25.109 -- Validation ACC: 0.575 -- Validation F1: 0.564
2024-07-20,14:36:25 [INFO] Epoch: 10/30 -- Train Loss: 0.000 -- Validation Loss: 16.061 -- Validation ACC: 0.569 -- Validation F1: 0.559
2024-07-20,14:36:49 [INFO] Epoch: 20/30 -- Train Loss: 0.000 -- Validation Loss: 12.397 -- Validation ACC: 0.559 -- Validation F1: 0.543
2024-07-20,14:36:59 [INFO] Epoch: 24/30 -- Train Loss: 0.997 -- Validation Loss: 11.606 -- Validation ACC: 0.573 -- Validation F1: 0.560
2024-07-20,14:37:01 [INFO] Epoch: 25/30 -- Train Loss: 0.000 -- Validation Loss: 11.234 -- Validation ACC: 0.577 -- Validation F1: 0.563
2024-07-20,14:37:04 [INFO] Epoch: 26/30 -- Train Loss: 7.737 -- Validation Loss: 11.293 -- Validation ACC: 0.575 -- Validation F1: 0.562
2024-07-20,14:37:07 [INFO] Epoch: 27/30 -- Train Loss: 0.000 -- Validation Loss: 11.361 -- Validation ACC: 0.571 -- Validation F1: 0.558
2024-07-20,14:37:10 [INFO] Epoch: 28/30 -- Train Loss: 0.344 -- Validation Loss: 11.227 -- Validation ACC: 0.577 -- Validation F1: 0.564
2024-07-20,14:37:12 [INFO] Epoch: 29/30 -- Train Loss: 0.586 -- Validation Loss: 11.349 -- Validation ACC: 0.571 -- Validation F1: 0.558
2024-07-20,14:37:12 [INFO] Run 3/5: Average Over Last 6 epochs -- Valid ACC: 0.5741869918699187 -- Valid F1-score: 0.5608534614245096
2024-07-20,14:37:14 [INFO] Test Results of Run 3/5: -- Test Loss: 7.777 -- Test ACC: 0.575 -- Test F1: 0.566
2024-07-20,14:37:17 [INFO] Epoch: 0/30 -- Train Loss: 0.000 -- Validation Loss: 25.013 -- Validation ACC: 0.579 -- Validation F1: 0.561
2024-07-20,14:37:44 [INFO] Epoch: 10/30 -- Train Loss: 0.000 -- Validation Loss: 16.140 -- Validation ACC: 0.573 -- Validation F1: 0.557
2024-07-20,14:38:10 [INFO] Epoch: 20/30 -- Train Loss: 0.016 -- Validation Loss: 13.197 -- Validation ACC: 0.579 -- Validation F1: 0.560
2024-07-20,14:38:21 [INFO] Epoch: 24/30 -- Train Loss: 0.001 -- Validation Loss: 11.925 -- Validation ACC: 0.575 -- Validation F1: 0.558
2024-07-20,14:38:24 [INFO] Epoch: 25/30 -- Train Loss: 0.650 -- Validation Loss: 11.815 -- Validation ACC: 0.573 -- Validation F1: 0.559
2024-07-20,14:38:27 [INFO] Epoch: 26/30 -- Train Loss: 0.099 -- Validation Loss: 11.811 -- Validation ACC: 0.573 -- Validation F1: 0.559
2024-07-20,14:38:30 [INFO] Epoch: 27/30 -- Train Loss: 0.728 -- Validation Loss: 11.774 -- Validation ACC: 0.575 -- Validation F1: 0.561
2024-07-20,14:38:33 [INFO] Epoch: 28/30 -- Train Loss: 0.892 -- Validation Loss: 11.398 -- Validation ACC: 0.577 -- Validation F1: 0.563
2024-07-20,14:38:36 [INFO] Epoch: 29/30 -- Train Loss: 0.000 -- Validation Loss: 11.305 -- Validation ACC: 0.577 -- Validation F1: 0.564
2024-07-20,14:38:36 [INFO] Run 4/5: Average Over Last 6 epochs -- Valid ACC: 0.5752032520325203 -- Valid F1-score: 0.5609553953011831
2024-07-20,14:38:38 [INFO] Test Results of Run 4/5: -- Test Loss: 7.580 -- Test ACC: 0.577 -- Test F1: 0.568
2024-07-20,14:38:38 [INFO] Validation average after 5 runs -- ACC: 0.578 -- F1-score: 0.565
2024-07-20,14:38:38 [INFO] Test average after 5 runs -- ACC: 0.578 -- F1-score: 0.568
2024-07-20,14:38:38 [INFO] Finished round 5/10 of experiments!
2024-07-20,14:38:38 [INFO] Started round 6/10 of experiments!
2024-07-20,14:39:05 [INFO] Loading previous pretrained model at ./pretrained/GCN_Pretrained_2024-07-19-23-52-08.pth
2024-07-20,14:39:05 [INFO] Total number of tokens: 4
2024-07-20,14:39:07 [INFO] Pretrained GNN on Source Dataset -- Test Loss: 5.078 -- Test ACC: 0.799 -- Test F1-score: 0.786
2024-07-20,14:39:08 [INFO] Pretrained GNN on Target Dataset Without Prompting: -- Validation Loss: 19.367 -- Validation ACC: 0.604 -- Validation F1-score: 0.589 -- Test Loss: 19.720 -- Test ACC: 0.583 -- Test F1-score: 0.567
2024-07-20,14:39:11 [INFO] Epoch: 0/30 -- Train Loss: 0.000 -- Validation Loss: 20.236 -- Validation ACC: 0.602 -- Validation F1: 0.586
2024-07-20,14:39:37 [INFO] Epoch: 10/30 -- Train Loss: 0.159 -- Validation Loss: 11.945 -- Validation ACC: 0.571 -- Validation F1: 0.554
2024-07-20,14:40:04 [INFO] Epoch: 20/30 -- Train Loss: 0.725 -- Validation Loss: 10.179 -- Validation ACC: 0.573 -- Validation F1: 0.558
2024-07-20,14:40:15 [INFO] Epoch: 24/30 -- Train Loss: 0.000 -- Validation Loss: 9.320 -- Validation ACC: 0.575 -- Validation F1: 0.561
2024-07-20,14:40:18 [INFO] Epoch: 25/30 -- Train Loss: 0.000 -- Validation Loss: 9.334 -- Validation ACC: 0.575 -- Validation F1: 0.561
2024-07-20,14:40:21 [INFO] Epoch: 26/30 -- Train Loss: 0.000 -- Validation Loss: 9.374 -- Validation ACC: 0.575 -- Validation F1: 0.560
2024-07-20,14:40:24 [INFO] Epoch: 27/30 -- Train Loss: 0.000 -- Validation Loss: 9.243 -- Validation ACC: 0.561 -- Validation F1: 0.546
2024-07-20,14:40:27 [INFO] Epoch: 28/30 -- Train Loss: 0.789 -- Validation Loss: 9.232 -- Validation ACC: 0.565 -- Validation F1: 0.550
2024-07-20,14:40:30 [INFO] Epoch: 29/30 -- Train Loss: 0.164 -- Validation Loss: 9.179 -- Validation ACC: 0.559 -- Validation F1: 0.545
2024-07-20,14:40:30 [INFO] Run 0/5: Average Over Last 6 epochs -- Valid ACC: 0.5684281842818428 -- Valid F1-score: 0.5537954370180765
2024-07-20,14:40:32 [INFO] Test Results of Run 0/5: -- Test Loss: 8.572 -- Test ACC: 0.567 -- Test F1: 0.554
2024-07-20,14:40:35 [INFO] Epoch: 0/30 -- Train Loss: 0.000 -- Validation Loss: 19.017 -- Validation ACC: 0.612 -- Validation F1: 0.596
2024-07-20,14:41:01 [INFO] Epoch: 10/30 -- Train Loss: 0.700 -- Validation Loss: 12.639 -- Validation ACC: 0.602 -- Validation F1: 0.585
2024-07-20,14:41:28 [INFO] Epoch: 20/30 -- Train Loss: 0.000 -- Validation Loss: 10.660 -- Validation ACC: 0.563 -- Validation F1: 0.550
2024-07-20,14:41:38 [INFO] Epoch: 24/30 -- Train Loss: 0.013 -- Validation Loss: 9.867 -- Validation ACC: 0.593 -- Validation F1: 0.577
2024-07-20,14:41:41 [INFO] Epoch: 25/30 -- Train Loss: 0.177 -- Validation Loss: 9.574 -- Validation ACC: 0.591 -- Validation F1: 0.574
2024-07-20,14:41:44 [INFO] Epoch: 26/30 -- Train Loss: 0.005 -- Validation Loss: 9.289 -- Validation ACC: 0.591 -- Validation F1: 0.572
2024-07-20,14:41:47 [INFO] Epoch: 27/30 -- Train Loss: 0.438 -- Validation Loss: 8.949 -- Validation ACC: 0.589 -- Validation F1: 0.571
2024-07-20,14:41:50 [INFO] Epoch: 28/30 -- Train Loss: 0.114 -- Validation Loss: 8.867 -- Validation ACC: 0.600 -- Validation F1: 0.580
2024-07-20,14:41:53 [INFO] Epoch: 29/30 -- Train Loss: 0.000 -- Validation Loss: 8.871 -- Validation ACC: 0.598 -- Validation F1: 0.580
2024-07-20,14:41:53 [INFO] Run 1/5: Average Over Last 6 epochs -- Valid ACC: 0.5938346883468835 -- Valid F1-score: 0.5756387412548065
2024-07-20,14:41:55 [INFO] Test Results of Run 1/5: -- Test Loss: 8.566 -- Test ACC: 0.575 -- Test F1: 0.556
2024-07-20,14:41:58 [INFO] Epoch: 0/30 -- Train Loss: 0.006 -- Validation Loss: 20.232 -- Validation ACC: 0.614 -- Validation F1: 0.600
2024-07-20,14:42:25 [INFO] Epoch: 10/30 -- Train Loss: 0.993 -- Validation Loss: 13.883 -- Validation ACC: 0.593 -- Validation F1: 0.576
2024-07-20,14:42:51 [INFO] Epoch: 20/30 -- Train Loss: 1.427 -- Validation Loss: 10.073 -- Validation ACC: 0.585 -- Validation F1: 0.571
2024-07-20,14:43:02 [INFO] Epoch: 24/30 -- Train Loss: 0.643 -- Validation Loss: 10.184 -- Validation ACC: 0.585 -- Validation F1: 0.572
2024-07-20,14:43:05 [INFO] Epoch: 25/30 -- Train Loss: 0.669 -- Validation Loss: 9.633 -- Validation ACC: 0.587 -- Validation F1: 0.571
2024-07-20,14:43:08 [INFO] Epoch: 26/30 -- Train Loss: 0.000 -- Validation Loss: 9.652 -- Validation ACC: 0.585 -- Validation F1: 0.568
2024-07-20,14:43:11 [INFO] Epoch: 27/30 -- Train Loss: 0.000 -- Validation Loss: 9.079 -- Validation ACC: 0.606 -- Validation F1: 0.589
2024-07-20,14:43:14 [INFO] Epoch: 28/30 -- Train Loss: 0.991 -- Validation Loss: 9.029 -- Validation ACC: 0.600 -- Validation F1: 0.583
2024-07-20,14:43:17 [INFO] Epoch: 29/30 -- Train Loss: 0.142 -- Validation Loss: 8.807 -- Validation ACC: 0.591 -- Validation F1: 0.578
2024-07-20,14:43:17 [INFO] Run 2/5: Average Over Last 6 epochs -- Valid ACC: 0.592479674796748 -- Valid F1-score: 0.576896200577418
2024-07-20,14:43:19 [INFO] Test Results of Run 2/5: -- Test Loss: 8.521 -- Test ACC: 0.576 -- Test F1: 0.561
2024-07-20,14:43:22 [INFO] Epoch: 0/30 -- Train Loss: 1.084 -- Validation Loss: 16.747 -- Validation ACC: 0.602 -- Validation F1: 0.585
2024-07-20,14:43:48 [INFO] Epoch: 10/30 -- Train Loss: 0.040 -- Validation Loss: 12.119 -- Validation ACC: 0.581 -- Validation F1: 0.560
2024-07-20,14:44:15 [INFO] Epoch: 20/30 -- Train Loss: 0.000 -- Validation Loss: 10.207 -- Validation ACC: 0.579 -- Validation F1: 0.563
2024-07-20,14:44:26 [INFO] Epoch: 24/30 -- Train Loss: 0.034 -- Validation Loss: 9.828 -- Validation ACC: 0.593 -- Validation F1: 0.572
2024-07-20,14:44:29 [INFO] Epoch: 25/30 -- Train Loss: 0.000 -- Validation Loss: 9.777 -- Validation ACC: 0.589 -- Validation F1: 0.569
2024-07-20,14:44:31 [INFO] Epoch: 26/30 -- Train Loss: 0.000 -- Validation Loss: 9.603 -- Validation ACC: 0.596 -- Validation F1: 0.577
2024-07-20,14:44:34 [INFO] Epoch: 27/30 -- Train Loss: 0.000 -- Validation Loss: 9.439 -- Validation ACC: 0.593 -- Validation F1: 0.574
2024-07-20,14:44:37 [INFO] Epoch: 28/30 -- Train Loss: 2.551 -- Validation Loss: 9.417 -- Validation ACC: 0.593 -- Validation F1: 0.573
2024-07-20,14:44:40 [INFO] Epoch: 29/30 -- Train Loss: 0.796 -- Validation Loss: 9.204 -- Validation ACC: 0.593 -- Validation F1: 0.576
2024-07-20,14:44:40 [INFO] Run 3/5: Average Over Last 6 epochs -- Valid ACC: 0.5931571815718159 -- Valid F1-score: 0.5735880037148794
2024-07-20,14:44:42 [INFO] Test Results of Run 3/5: -- Test Loss: 8.824 -- Test ACC: 0.574 -- Test F1: 0.558
2024-07-20,14:44:45 [INFO] Epoch: 0/30 -- Train Loss: 0.000 -- Validation Loss: 18.019 -- Validation ACC: 0.593 -- Validation F1: 0.581
2024-07-20,14:45:12 [INFO] Epoch: 10/30 -- Train Loss: 0.272 -- Validation Loss: 13.413 -- Validation ACC: 0.593 -- Validation F1: 0.577
2024-07-20,14:45:39 [INFO] Epoch: 20/30 -- Train Loss: 0.000 -- Validation Loss: 11.230 -- Validation ACC: 0.581 -- Validation F1: 0.567
2024-07-20,14:45:49 [INFO] Epoch: 24/30 -- Train Loss: 0.000 -- Validation Loss: 10.115 -- Validation ACC: 0.569 -- Validation F1: 0.555
2024-07-20,14:45:53 [INFO] Epoch: 25/30 -- Train Loss: 0.057 -- Validation Loss: 9.840 -- Validation ACC: 0.573 -- Validation F1: 0.559
2024-07-20,14:45:55 [INFO] Epoch: 26/30 -- Train Loss: 0.604 -- Validation Loss: 9.786 -- Validation ACC: 0.569 -- Validation F1: 0.556
2024-07-20,14:45:58 [INFO] Epoch: 27/30 -- Train Loss: 0.000 -- Validation Loss: 9.680 -- Validation ACC: 0.569 -- Validation F1: 0.555
2024-07-20,14:46:01 [INFO] Epoch: 28/30 -- Train Loss: 0.482 -- Validation Loss: 9.695 -- Validation ACC: 0.565 -- Validation F1: 0.551
2024-07-20,14:46:04 [INFO] Epoch: 29/30 -- Train Loss: 0.668 -- Validation Loss: 9.376 -- Validation ACC: 0.577 -- Validation F1: 0.561
2024-07-20,14:46:04 [INFO] Run 4/5: Average Over Last 6 epochs -- Valid ACC: 0.570460704607046 -- Valid F1-score: 0.5562079747517904
2024-07-20,14:46:06 [INFO] Test Results of Run 4/5: -- Test Loss: 8.714 -- Test ACC: 0.575 -- Test F1: 0.559
2024-07-20,14:46:06 [INFO] Validation average after 5 runs -- ACC: 0.584 -- F1-score: 0.567
2024-07-20,14:46:06 [INFO] Test average after 5 runs -- ACC: 0.573 -- F1-score: 0.557
2024-07-20,14:46:06 [INFO] Finished round 6/10 of experiments!
2024-07-20,14:46:06 [INFO] Started round 7/10 of experiments!
2024-07-20,14:46:33 [INFO] Loading previous pretrained model at ./pretrained/GCN_Pretrained_2024-07-20-00-03-23.pth
2024-07-20,14:46:33 [INFO] Total number of tokens: 4
2024-07-20,14:46:35 [INFO] Pretrained GNN on Source Dataset -- Test Loss: 5.227 -- Test ACC: 0.792 -- Test F1-score: 0.782
2024-07-20,14:46:36 [INFO] Pretrained GNN on Target Dataset Without Prompting: -- Validation Loss: 20.720 -- Validation ACC: 0.553 -- Validation F1-score: 0.542 -- Test Loss: 21.503 -- Test ACC: 0.582 -- Test F1-score: 0.571
2024-07-20,14:46:38 [INFO] Epoch: 0/30 -- Train Loss: 7.111 -- Validation Loss: 20.775 -- Validation ACC: 0.549 -- Validation F1: 0.540
2024-07-20,14:47:02 [INFO] Epoch: 10/30 -- Train Loss: 0.000 -- Validation Loss: 12.452 -- Validation ACC: 0.553 -- Validation F1: 0.544
2024-07-20,14:47:26 [INFO] Epoch: 20/30 -- Train Loss: 0.004 -- Validation Loss: 9.274 -- Validation ACC: 0.557 -- Validation F1: 0.548
2024-07-20,14:47:36 [INFO] Epoch: 24/30 -- Train Loss: 0.765 -- Validation Loss: 9.067 -- Validation ACC: 0.549 -- Validation F1: 0.540
2024-07-20,14:47:38 [INFO] Epoch: 25/30 -- Train Loss: 0.000 -- Validation Loss: 9.088 -- Validation ACC: 0.553 -- Validation F1: 0.544
2024-07-20,14:47:41 [INFO] Epoch: 26/30 -- Train Loss: 0.151 -- Validation Loss: 8.811 -- Validation ACC: 0.551 -- Validation F1: 0.541
2024-07-20,14:47:44 [INFO] Epoch: 27/30 -- Train Loss: 0.472 -- Validation Loss: 8.704 -- Validation ACC: 0.561 -- Validation F1: 0.549
2024-07-20,14:47:47 [INFO] Epoch: 28/30 -- Train Loss: 0.000 -- Validation Loss: 8.706 -- Validation ACC: 0.561 -- Validation F1: 0.551
2024-07-20,14:47:49 [INFO] Epoch: 29/30 -- Train Loss: 0.000 -- Validation Loss: 8.360 -- Validation ACC: 0.555 -- Validation F1: 0.543
2024-07-20,14:47:49 [INFO] Run 0/5: Average Over Last 6 epochs -- Valid ACC: 0.5548780487804877 -- Valid F1-score: 0.5447170734405518
2024-07-20,14:47:51 [INFO] Test Results of Run 0/5: -- Test Loss: 9.026 -- Test ACC: 0.572 -- Test F1: 0.558
2024-07-20,14:47:54 [INFO] Epoch: 0/30 -- Train Loss: 0.000 -- Validation Loss: 20.580 -- Validation ACC: 0.553 -- Validation F1: 0.543
2024-07-20,14:48:18 [INFO] Epoch: 10/30 -- Train Loss: 1.109 -- Validation Loss: 12.401 -- Validation ACC: 0.541 -- Validation F1: 0.532
2024-07-20,14:48:42 [INFO] Epoch: 20/30 -- Train Loss: 0.000 -- Validation Loss: 9.176 -- Validation ACC: 0.551 -- Validation F1: 0.542
2024-07-20,14:48:51 [INFO] Epoch: 24/30 -- Train Loss: 0.000 -- Validation Loss: 8.379 -- Validation ACC: 0.557 -- Validation F1: 0.546
2024-07-20,14:48:54 [INFO] Epoch: 25/30 -- Train Loss: 0.000 -- Validation Loss: 8.314 -- Validation ACC: 0.561 -- Validation F1: 0.551
2024-07-20,14:48:57 [INFO] Epoch: 26/30 -- Train Loss: 0.000 -- Validation Loss: 8.275 -- Validation ACC: 0.557 -- Validation F1: 0.546
2024-07-20,14:48:59 [INFO] Epoch: 27/30 -- Train Loss: 0.291 -- Validation Loss: 8.245 -- Validation ACC: 0.559 -- Validation F1: 0.549
2024-07-20,14:49:02 [INFO] Epoch: 28/30 -- Train Loss: 0.802 -- Validation Loss: 8.255 -- Validation ACC: 0.561 -- Validation F1: 0.550
2024-07-20,14:49:05 [INFO] Epoch: 29/30 -- Train Loss: 0.055 -- Validation Loss: 8.116 -- Validation ACC: 0.559 -- Validation F1: 0.547
2024-07-20,14:49:05 [INFO] Run 1/5: Average Over Last 6 epochs -- Valid ACC: 0.5589430894308943 -- Valid F1-score: 0.5481866300106049
2024-07-20,14:49:07 [INFO] Test Results of Run 1/5: -- Test Loss: 8.808 -- Test ACC: 0.577 -- Test F1: 0.564
2024-07-20,14:49:10 [INFO] Epoch: 0/30 -- Train Loss: 0.003 -- Validation Loss: 20.300 -- Validation ACC: 0.541 -- Validation F1: 0.528
2024-07-20,14:49:33 [INFO] Epoch: 10/30 -- Train Loss: 0.002 -- Validation Loss: 13.306 -- Validation ACC: 0.561 -- Validation F1: 0.549
2024-07-20,14:49:57 [INFO] Epoch: 20/30 -- Train Loss: 0.929 -- Validation Loss: 11.180 -- Validation ACC: 0.555 -- Validation F1: 0.540
2024-07-20,14:50:06 [INFO] Epoch: 24/30 -- Train Loss: 0.001 -- Validation Loss: 9.492 -- Validation ACC: 0.555 -- Validation F1: 0.540
2024-07-20,14:50:09 [INFO] Epoch: 25/30 -- Train Loss: 0.000 -- Validation Loss: 9.516 -- Validation ACC: 0.561 -- Validation F1: 0.549
2024-07-20,14:50:12 [INFO] Epoch: 26/30 -- Train Loss: 6.874 -- Validation Loss: 9.038 -- Validation ACC: 0.549 -- Validation F1: 0.539
2024-07-20,14:50:14 [INFO] Epoch: 27/30 -- Train Loss: 0.019 -- Validation Loss: 8.969 -- Validation ACC: 0.547 -- Validation F1: 0.537
2024-07-20,14:50:17 [INFO] Epoch: 28/30 -- Train Loss: 0.730 -- Validation Loss: 8.279 -- Validation ACC: 0.547 -- Validation F1: 0.539
2024-07-20,14:50:20 [INFO] Epoch: 29/30 -- Train Loss: 0.002 -- Validation Loss: 7.955 -- Validation ACC: 0.537 -- Validation F1: 0.529
2024-07-20,14:50:20 [INFO] Run 2/5: Average Over Last 6 epochs -- Valid ACC: 0.549119241192412 -- Valid F1-score: 0.5389192004998525
2024-07-20,14:50:22 [INFO] Test Results of Run 2/5: -- Test Loss: 8.332 -- Test ACC: 0.572 -- Test F1: 0.560
2024-07-20,14:50:25 [INFO] Epoch: 0/30 -- Train Loss: 0.000 -- Validation Loss: 21.582 -- Validation ACC: 0.549 -- Validation F1: 0.538
2024-07-20,14:50:48 [INFO] Epoch: 10/30 -- Train Loss: 0.620 -- Validation Loss: 14.637 -- Validation ACC: 0.551 -- Validation F1: 0.539
2024-07-20,14:51:12 [INFO] Epoch: 20/30 -- Train Loss: 0.625 -- Validation Loss: 10.082 -- Validation ACC: 0.553 -- Validation F1: 0.545
2024-07-20,14:51:22 [INFO] Epoch: 24/30 -- Train Loss: 0.433 -- Validation Loss: 9.038 -- Validation ACC: 0.553 -- Validation F1: 0.543
2024-07-20,14:51:24 [INFO] Epoch: 25/30 -- Train Loss: 0.851 -- Validation Loss: 8.985 -- Validation ACC: 0.549 -- Validation F1: 0.539
2024-07-20,14:51:27 [INFO] Epoch: 26/30 -- Train Loss: 0.513 -- Validation Loss: 9.061 -- Validation ACC: 0.547 -- Validation F1: 0.538
2024-07-20,14:51:30 [INFO] Epoch: 27/30 -- Train Loss: 0.373 -- Validation Loss: 9.117 -- Validation ACC: 0.545 -- Validation F1: 0.536
2024-07-20,14:51:32 [INFO] Epoch: 28/30 -- Train Loss: 0.507 -- Validation Loss: 9.179 -- Validation ACC: 0.545 -- Validation F1: 0.536
2024-07-20,14:51:35 [INFO] Epoch: 29/30 -- Train Loss: 0.086 -- Validation Loss: 9.281 -- Validation ACC: 0.551 -- Validation F1: 0.541
2024-07-20,14:51:35 [INFO] Run 3/5: Average Over Last 6 epochs -- Valid ACC: 0.5481029810298104 -- Valid F1-score: 0.5387576222419739
2024-07-20,14:51:37 [INFO] Test Results of Run 3/5: -- Test Loss: 9.909 -- Test ACC: 0.573 -- Test F1: 0.563
2024-07-20,14:51:40 [INFO] Epoch: 0/30 -- Train Loss: 15.208 -- Validation Loss: 18.574 -- Validation ACC: 0.551 -- Validation F1: 0.541
2024-07-20,14:52:04 [INFO] Epoch: 10/30 -- Train Loss: 0.298 -- Validation Loss: 11.925 -- Validation ACC: 0.539 -- Validation F1: 0.529
2024-07-20,14:52:30 [INFO] Epoch: 20/30 -- Train Loss: 1.403 -- Validation Loss: 9.278 -- Validation ACC: 0.535 -- Validation F1: 0.528
2024-07-20,14:52:41 [INFO] Epoch: 24/30 -- Train Loss: 0.000 -- Validation Loss: 9.134 -- Validation ACC: 0.545 -- Validation F1: 0.537
2024-07-20,14:52:44 [INFO] Epoch: 25/30 -- Train Loss: 0.457 -- Validation Loss: 9.102 -- Validation ACC: 0.547 -- Validation F1: 0.539
2024-07-20,14:52:47 [INFO] Epoch: 26/30 -- Train Loss: 0.055 -- Validation Loss: 9.219 -- Validation ACC: 0.551 -- Validation F1: 0.536
2024-07-20,14:52:50 [INFO] Epoch: 27/30 -- Train Loss: 0.034 -- Validation Loss: 9.030 -- Validation ACC: 0.551 -- Validation F1: 0.536
2024-07-20,14:52:53 [INFO] Epoch: 28/30 -- Train Loss: 0.714 -- Validation Loss: 8.577 -- Validation ACC: 0.557 -- Validation F1: 0.545
2024-07-20,14:52:56 [INFO] Epoch: 29/30 -- Train Loss: 1.224 -- Validation Loss: 8.224 -- Validation ACC: 0.553 -- Validation F1: 0.539
2024-07-20,14:52:56 [INFO] Run 4/5: Average Over Last 6 epochs -- Valid ACC: 0.5504742547425474 -- Valid F1-score: 0.5388114253679911
2024-07-20,14:52:58 [INFO] Test Results of Run 4/5: -- Test Loss: 8.933 -- Test ACC: 0.573 -- Test F1: 0.559
2024-07-20,14:52:58 [INFO] Validation average after 5 runs -- ACC: 0.552 -- F1-score: 0.542
2024-07-20,14:52:58 [INFO] Test average after 5 runs -- ACC: 0.573 -- F1-score: 0.561
2024-07-20,14:52:58 [INFO] Finished round 7/10 of experiments!
2024-07-20,14:52:58 [INFO] Started round 8/10 of experiments!
2024-07-20,14:53:24 [INFO] Loading previous pretrained model at ./pretrained/GCN_Pretrained_2024-07-20-00-14-46.pth
2024-07-20,14:53:24 [INFO] Total number of tokens: 4
2024-07-20,14:53:26 [INFO] Pretrained GNN on Source Dataset -- Test Loss: 5.175 -- Test ACC: 0.796 -- Test F1-score: 0.785
2024-07-20,14:53:27 [INFO] Pretrained GNN on Target Dataset Without Prompting: -- Validation Loss: 19.219 -- Validation ACC: 0.537 -- Validation F1-score: 0.526 -- Test Loss: 18.277 -- Test ACC: 0.585 -- Test F1-score: 0.573
2024-07-20,14:53:30 [INFO] Epoch: 0/30 -- Train Loss: 0.218 -- Validation Loss: 20.110 -- Validation ACC: 0.541 -- Validation F1: 0.529
2024-07-20,14:53:57 [INFO] Epoch: 10/30 -- Train Loss: 22.082 -- Validation Loss: 14.071 -- Validation ACC: 0.522 -- Validation F1: 0.512
2024-07-20,14:54:23 [INFO] Epoch: 20/30 -- Train Loss: 0.000 -- Validation Loss: 10.255 -- Validation ACC: 0.526 -- Validation F1: 0.519
2024-07-20,14:54:34 [INFO] Epoch: 24/30 -- Train Loss: 0.600 -- Validation Loss: 8.772 -- Validation ACC: 0.514 -- Validation F1: 0.504
2024-07-20,14:54:37 [INFO] Epoch: 25/30 -- Train Loss: 0.175 -- Validation Loss: 8.508 -- Validation ACC: 0.528 -- Validation F1: 0.512
2024-07-20,14:54:40 [INFO] Epoch: 26/30 -- Train Loss: 0.000 -- Validation Loss: 8.498 -- Validation ACC: 0.528 -- Validation F1: 0.512
2024-07-20,14:54:43 [INFO] Epoch: 27/30 -- Train Loss: 1.570 -- Validation Loss: 8.383 -- Validation ACC: 0.528 -- Validation F1: 0.512
2024-07-20,14:54:46 [INFO] Epoch: 28/30 -- Train Loss: 11.039 -- Validation Loss: 8.160 -- Validation ACC: 0.518 -- Validation F1: 0.505
2024-07-20,14:54:49 [INFO] Epoch: 29/30 -- Train Loss: 0.321 -- Validation Loss: 7.931 -- Validation ACC: 0.524 -- Validation F1: 0.511
2024-07-20,14:54:49 [INFO] Run 0/5: Average Over Last 6 epochs -- Valid ACC: 0.5237127371273713 -- Valid F1-score: 0.509360283613205
2024-07-20,14:54:51 [INFO] Test Results of Run 0/5: -- Test Loss: 8.125 -- Test ACC: 0.577 -- Test F1: 0.564
2024-07-20,14:54:54 [INFO] Epoch: 0/30 -- Train Loss: 0.000 -- Validation Loss: 21.252 -- Validation ACC: 0.545 -- Validation F1: 0.529
2024-07-20,14:55:21 [INFO] Epoch: 10/30 -- Train Loss: 0.000 -- Validation Loss: 15.782 -- Validation ACC: 0.547 -- Validation F1: 0.534
2024-07-20,14:55:47 [INFO] Epoch: 20/30 -- Train Loss: 0.000 -- Validation Loss: 11.527 -- Validation ACC: 0.533 -- Validation F1: 0.524
2024-07-20,14:55:58 [INFO] Epoch: 24/30 -- Train Loss: 0.000 -- Validation Loss: 10.922 -- Validation ACC: 0.518 -- Validation F1: 0.510
2024-07-20,14:56:01 [INFO] Epoch: 25/30 -- Train Loss: 2.962 -- Validation Loss: 10.655 -- Validation ACC: 0.522 -- Validation F1: 0.515
2024-07-20,14:56:04 [INFO] Epoch: 26/30 -- Train Loss: 0.000 -- Validation Loss: 10.441 -- Validation ACC: 0.522 -- Validation F1: 0.512
2024-07-20,14:56:07 [INFO] Epoch: 27/30 -- Train Loss: 3.670 -- Validation Loss: 10.199 -- Validation ACC: 0.528 -- Validation F1: 0.516
2024-07-20,14:56:10 [INFO] Epoch: 28/30 -- Train Loss: 0.000 -- Validation Loss: 10.135 -- Validation ACC: 0.526 -- Validation F1: 0.512
2024-07-20,14:56:13 [INFO] Epoch: 29/30 -- Train Loss: 1.022 -- Validation Loss: 9.680 -- Validation ACC: 0.535 -- Validation F1: 0.519
2024-07-20,14:56:13 [INFO] Run 1/5: Average Over Last 6 epochs -- Valid ACC: 0.5254065040650406 -- Valid F1-score: 0.5140489935874939
2024-07-20,14:56:15 [INFO] Test Results of Run 1/5: -- Test Loss: 9.754 -- Test ACC: 0.583 -- Test F1: 0.568
2024-07-20,14:56:18 [INFO] Epoch: 0/30 -- Train Loss: 0.000 -- Validation Loss: 18.222 -- Validation ACC: 0.547 -- Validation F1: 0.533
2024-07-20,14:56:45 [INFO] Epoch: 10/30 -- Train Loss: 0.133 -- Validation Loss: 13.127 -- Validation ACC: 0.526 -- Validation F1: 0.515
2024-07-20,14:57:12 [INFO] Epoch: 20/30 -- Train Loss: 0.005 -- Validation Loss: 10.734 -- Validation ACC: 0.520 -- Validation F1: 0.510
2024-07-20,14:57:22 [INFO] Epoch: 24/30 -- Train Loss: 6.333 -- Validation Loss: 9.664 -- Validation ACC: 0.528 -- Validation F1: 0.518
2024-07-20,14:57:25 [INFO] Epoch: 25/30 -- Train Loss: 0.000 -- Validation Loss: 9.508 -- Validation ACC: 0.526 -- Validation F1: 0.513
2024-07-20,14:57:28 [INFO] Epoch: 26/30 -- Train Loss: 0.000 -- Validation Loss: 8.996 -- Validation ACC: 0.528 -- Validation F1: 0.515
2024-07-20,14:57:32 [INFO] Epoch: 27/30 -- Train Loss: 0.001 -- Validation Loss: 8.837 -- Validation ACC: 0.530 -- Validation F1: 0.513
2024-07-20,14:57:35 [INFO] Epoch: 28/30 -- Train Loss: 0.002 -- Validation Loss: 8.332 -- Validation ACC: 0.535 -- Validation F1: 0.518
2024-07-20,14:57:38 [INFO] Epoch: 29/30 -- Train Loss: 21.252 -- Validation Loss: 8.307 -- Validation ACC: 0.541 -- Validation F1: 0.524
2024-07-20,14:57:38 [INFO] Run 2/5: Average Over Last 6 epochs -- Valid ACC: 0.5315040650406503 -- Valid F1-score: 0.5167800883452097
2024-07-20,14:57:40 [INFO] Test Results of Run 2/5: -- Test Loss: 8.397 -- Test ACC: 0.583 -- Test F1: 0.566
2024-07-20,14:57:43 [INFO] Epoch: 0/30 -- Train Loss: 0.000 -- Validation Loss: 21.408 -- Validation ACC: 0.526 -- Validation F1: 0.517
2024-07-20,14:58:09 [INFO] Epoch: 10/30 -- Train Loss: 0.643 -- Validation Loss: 12.799 -- Validation ACC: 0.530 -- Validation F1: 0.516
2024-07-20,14:58:36 [INFO] Epoch: 20/30 -- Train Loss: 0.005 -- Validation Loss: 9.842 -- Validation ACC: 0.518 -- Validation F1: 0.507
2024-07-20,14:58:47 [INFO] Epoch: 24/30 -- Train Loss: 0.000 -- Validation Loss: 9.275 -- Validation ACC: 0.524 -- Validation F1: 0.513
2024-07-20,14:58:50 [INFO] Epoch: 25/30 -- Train Loss: 0.000 -- Validation Loss: 9.260 -- Validation ACC: 0.524 -- Validation F1: 0.510
2024-07-20,14:58:53 [INFO] Epoch: 26/30 -- Train Loss: 0.045 -- Validation Loss: 8.898 -- Validation ACC: 0.528 -- Validation F1: 0.512
2024-07-20,14:58:56 [INFO] Epoch: 27/30 -- Train Loss: 0.412 -- Validation Loss: 8.918 -- Validation ACC: 0.528 -- Validation F1: 0.514
2024-07-20,14:58:59 [INFO] Epoch: 28/30 -- Train Loss: 0.618 -- Validation Loss: 8.859 -- Validation ACC: 0.530 -- Validation F1: 0.517
2024-07-20,14:59:02 [INFO] Epoch: 29/30 -- Train Loss: 0.016 -- Validation Loss: 8.247 -- Validation ACC: 0.514 -- Validation F1: 0.501
2024-07-20,14:59:02 [INFO] Run 3/5: Average Over Last 6 epochs -- Valid ACC: 0.5250677506775067 -- Valid F1-score: 0.5112368861834208
2024-07-20,14:59:04 [INFO] Test Results of Run 3/5: -- Test Loss: 8.333 -- Test ACC: 0.580 -- Test F1: 0.569
2024-07-20,14:59:07 [INFO] Epoch: 0/30 -- Train Loss: 4.077 -- Validation Loss: 19.430 -- Validation ACC: 0.528 -- Validation F1: 0.517
2024-07-20,14:59:33 [INFO] Epoch: 10/30 -- Train Loss: 0.000 -- Validation Loss: 14.530 -- Validation ACC: 0.543 -- Validation F1: 0.532
2024-07-20,15:00:00 [INFO] Epoch: 20/30 -- Train Loss: 0.000 -- Validation Loss: 9.586 -- Validation ACC: 0.526 -- Validation F1: 0.514
2024-07-20,15:00:11 [INFO] Epoch: 24/30 -- Train Loss: 0.001 -- Validation Loss: 9.348 -- Validation ACC: 0.516 -- Validation F1: 0.505
2024-07-20,15:00:14 [INFO] Epoch: 25/30 -- Train Loss: 0.000 -- Validation Loss: 9.244 -- Validation ACC: 0.518 -- Validation F1: 0.507
2024-07-20,15:00:16 [INFO] Epoch: 26/30 -- Train Loss: 1.046 -- Validation Loss: 8.838 -- Validation ACC: 0.528 -- Validation F1: 0.515
2024-07-20,15:00:20 [INFO] Epoch: 27/30 -- Train Loss: 0.000 -- Validation Loss: 8.877 -- Validation ACC: 0.520 -- Validation F1: 0.505
2024-07-20,15:00:22 [INFO] Epoch: 28/30 -- Train Loss: 0.845 -- Validation Loss: 8.795 -- Validation ACC: 0.518 -- Validation F1: 0.504
2024-07-20,15:00:25 [INFO] Epoch: 29/30 -- Train Loss: 0.694 -- Validation Loss: 8.714 -- Validation ACC: 0.520 -- Validation F1: 0.506
2024-07-20,15:00:25 [INFO] Run 4/5: Average Over Last 6 epochs -- Valid ACC: 0.5203252032520326 -- Valid F1-score: 0.5068048338095347
2024-07-20,15:00:27 [INFO] Test Results of Run 4/5: -- Test Loss: 8.768 -- Test ACC: 0.581 -- Test F1: 0.568
2024-07-20,15:00:27 [INFO] Validation average after 5 runs -- ACC: 0.525 -- F1-score: 0.512
2024-07-20,15:00:27 [INFO] Test average after 5 runs -- ACC: 0.581 -- F1-score: 0.567
2024-07-20,15:00:27 [INFO] Finished round 8/10 of experiments!
2024-07-20,15:00:27 [INFO] Started round 9/10 of experiments!
2024-07-20,15:00:53 [INFO] Loading previous pretrained model at ./pretrained/GCN_Pretrained_2024-07-20-00-26-14.pth
2024-07-20,15:00:54 [INFO] Total number of tokens: 4
2024-07-20,15:00:55 [INFO] Pretrained GNN on Source Dataset -- Test Loss: 5.452 -- Test ACC: 0.803 -- Test F1-score: 0.787
2024-07-20,15:00:56 [INFO] Pretrained GNN on Target Dataset Without Prompting: -- Validation Loss: 25.558 -- Validation ACC: 0.545 -- Validation F1-score: 0.531 -- Test Loss: 23.196 -- Test ACC: 0.579 -- Test F1-score: 0.563
2024-07-20,15:00:59 [INFO] Epoch: 0/30 -- Train Loss: 0.014 -- Validation Loss: 25.459 -- Validation ACC: 0.549 -- Validation F1: 0.530
2024-07-20,15:01:26 [INFO] Epoch: 10/30 -- Train Loss: 0.000 -- Validation Loss: 15.631 -- Validation ACC: 0.555 -- Validation F1: 0.532
2024-07-20,15:01:53 [INFO] Epoch: 20/30 -- Train Loss: 0.000 -- Validation Loss: 11.884 -- Validation ACC: 0.553 -- Validation F1: 0.536
2024-07-20,15:02:04 [INFO] Epoch: 24/30 -- Train Loss: 2.666 -- Validation Loss: 11.322 -- Validation ACC: 0.551 -- Validation F1: 0.536
2024-07-20,15:02:07 [INFO] Epoch: 25/30 -- Train Loss: 1.125 -- Validation Loss: 11.027 -- Validation ACC: 0.553 -- Validation F1: 0.538
2024-07-20,15:02:10 [INFO] Epoch: 26/30 -- Train Loss: 0.000 -- Validation Loss: 11.016 -- Validation ACC: 0.553 -- Validation F1: 0.538
2024-07-20,15:02:13 [INFO] Epoch: 27/30 -- Train Loss: 0.142 -- Validation Loss: 11.024 -- Validation ACC: 0.553 -- Validation F1: 0.538
2024-07-20,15:02:15 [INFO] Epoch: 28/30 -- Train Loss: 0.957 -- Validation Loss: 11.102 -- Validation ACC: 0.553 -- Validation F1: 0.538
2024-07-20,15:02:18 [INFO] Epoch: 29/30 -- Train Loss: 0.105 -- Validation Loss: 11.206 -- Validation ACC: 0.551 -- Validation F1: 0.535
2024-07-20,15:02:18 [INFO] Run 0/5: Average Over Last 6 epochs -- Valid ACC: 0.5521680216802167 -- Valid F1-score: 0.5369228720664978
2024-07-20,15:02:20 [INFO] Test Results of Run 0/5: -- Test Loss: 10.338 -- Test ACC: 0.567 -- Test F1: 0.550
2024-07-20,15:02:23 [INFO] Epoch: 0/30 -- Train Loss: 0.000 -- Validation Loss: 26.883 -- Validation ACC: 0.553 -- Validation F1: 0.537
2024-07-20,15:02:47 [INFO] Epoch: 10/30 -- Train Loss: 0.039 -- Validation Loss: 15.743 -- Validation ACC: 0.555 -- Validation F1: 0.541
2024-07-20,15:03:12 [INFO] Epoch: 20/30 -- Train Loss: 0.817 -- Validation Loss: 11.806 -- Validation ACC: 0.553 -- Validation F1: 0.542
2024-07-20,15:03:23 [INFO] Epoch: 24/30 -- Train Loss: 0.000 -- Validation Loss: 11.239 -- Validation ACC: 0.563 -- Validation F1: 0.551
2024-07-20,15:03:26 [INFO] Epoch: 25/30 -- Train Loss: 0.634 -- Validation Loss: 11.068 -- Validation ACC: 0.559 -- Validation F1: 0.547
2024-07-20,15:03:29 [INFO] Epoch: 26/30 -- Train Loss: 0.000 -- Validation Loss: 11.154 -- Validation ACC: 0.563 -- Validation F1: 0.550
2024-07-20,15:03:32 [INFO] Epoch: 27/30 -- Train Loss: 3.002 -- Validation Loss: 11.146 -- Validation ACC: 0.563 -- Validation F1: 0.551
2024-07-20,15:03:35 [INFO] Epoch: 28/30 -- Train Loss: 0.532 -- Validation Loss: 11.150 -- Validation ACC: 0.563 -- Validation F1: 0.550
2024-07-20,15:03:38 [INFO] Epoch: 29/30 -- Train Loss: 0.663 -- Validation Loss: 11.099 -- Validation ACC: 0.561 -- Validation F1: 0.547
2024-07-20,15:03:38 [INFO] Run 1/5: Average Over Last 6 epochs -- Valid ACC: 0.5619918699186992 -- Valid F1-score: 0.5492775142192841
2024-07-20,15:03:40 [INFO] Test Results of Run 1/5: -- Test Loss: 10.519 -- Test ACC: 0.564 -- Test F1: 0.549
2024-07-20,15:03:43 [INFO] Epoch: 0/30 -- Train Loss: 0.004 -- Validation Loss: 25.375 -- Validation ACC: 0.559 -- Validation F1: 0.546
2024-07-20,15:04:10 [INFO] Epoch: 10/30 -- Train Loss: 0.000 -- Validation Loss: 14.983 -- Validation ACC: 0.561 -- Validation F1: 0.548
2024-07-20,15:04:37 [INFO] Epoch: 20/30 -- Train Loss: 0.000 -- Validation Loss: 13.918 -- Validation ACC: 0.547 -- Validation F1: 0.527
2024-07-20,15:04:48 [INFO] Epoch: 24/30 -- Train Loss: 0.351 -- Validation Loss: 11.550 -- Validation ACC: 0.553 -- Validation F1: 0.537
2024-07-20,15:04:51 [INFO] Epoch: 25/30 -- Train Loss: 0.869 -- Validation Loss: 11.463 -- Validation ACC: 0.555 -- Validation F1: 0.539
2024-07-20,15:04:54 [INFO] Epoch: 26/30 -- Train Loss: 0.387 -- Validation Loss: 11.365 -- Validation ACC: 0.553 -- Validation F1: 0.537
2024-07-20,15:04:57 [INFO] Epoch: 27/30 -- Train Loss: 1.276 -- Validation Loss: 11.286 -- Validation ACC: 0.559 -- Validation F1: 0.544
2024-07-20,15:05:00 [INFO] Epoch: 28/30 -- Train Loss: 0.000 -- Validation Loss: 11.249 -- Validation ACC: 0.555 -- Validation F1: 0.538
2024-07-20,15:05:03 [INFO] Epoch: 29/30 -- Train Loss: 0.000 -- Validation Loss: 10.520 -- Validation ACC: 0.543 -- Validation F1: 0.526
2024-07-20,15:05:03 [INFO] Run 2/5: Average Over Last 6 epochs -- Valid ACC: 0.5528455284552846 -- Valid F1-score: 0.5369032621383667
2024-07-20,15:05:05 [INFO] Test Results of Run 2/5: -- Test Loss: 9.433 -- Test ACC: 0.563 -- Test F1: 0.547
2024-07-20,15:05:08 [INFO] Epoch: 0/30 -- Train Loss: 0.000 -- Validation Loss: 24.231 -- Validation ACC: 0.549 -- Validation F1: 0.536
2024-07-20,15:05:32 [INFO] Epoch: 10/30 -- Train Loss: 0.155 -- Validation Loss: 17.307 -- Validation ACC: 0.563 -- Validation F1: 0.550
2024-07-20,15:05:57 [INFO] Epoch: 20/30 -- Train Loss: 0.000 -- Validation Loss: 12.694 -- Validation ACC: 0.563 -- Validation F1: 0.548
2024-07-20,15:06:07 [INFO] Epoch: 24/30 -- Train Loss: 54.286 -- Validation Loss: 11.948 -- Validation ACC: 0.567 -- Validation F1: 0.555
2024-07-20,15:06:10 [INFO] Epoch: 25/30 -- Train Loss: 0.218 -- Validation Loss: 11.085 -- Validation ACC: 0.561 -- Validation F1: 0.549
2024-07-20,15:06:12 [INFO] Epoch: 26/30 -- Train Loss: 0.000 -- Validation Loss: 10.998 -- Validation ACC: 0.565 -- Validation F1: 0.553
2024-07-20,15:06:15 [INFO] Epoch: 27/30 -- Train Loss: 0.500 -- Validation Loss: 10.311 -- Validation ACC: 0.565 -- Validation F1: 0.553
2024-07-20,15:06:18 [INFO] Epoch: 28/30 -- Train Loss: 0.000 -- Validation Loss: 10.241 -- Validation ACC: 0.565 -- Validation F1: 0.553
2024-07-20,15:06:20 [INFO] Epoch: 29/30 -- Train Loss: 0.360 -- Validation Loss: 10.219 -- Validation ACC: 0.565 -- Validation F1: 0.553
2024-07-20,15:06:20 [INFO] Run 3/5: Average Over Last 6 epochs -- Valid ACC: 0.5647018970189701 -- Valid F1-score: 0.5525819659233093
2024-07-20,15:06:22 [INFO] Test Results of Run 3/5: -- Test Loss: 9.652 -- Test ACC: 0.560 -- Test F1: 0.548
2024-07-20,15:06:25 [INFO] Epoch: 0/30 -- Train Loss: 0.000 -- Validation Loss: 27.473 -- Validation ACC: 0.555 -- Validation F1: 0.537
2024-07-20,15:06:49 [INFO] Epoch: 10/30 -- Train Loss: 0.000 -- Validation Loss: 17.889 -- Validation ACC: 0.557 -- Validation F1: 0.546
2024-07-20,15:07:13 [INFO] Epoch: 20/30 -- Train Loss: 0.026 -- Validation Loss: 13.636 -- Validation ACC: 0.559 -- Validation F1: 0.550
2024-07-20,15:07:23 [INFO] Epoch: 24/30 -- Train Loss: 0.000 -- Validation Loss: 12.687 -- Validation ACC: 0.557 -- Validation F1: 0.548
2024-07-20,15:07:26 [INFO] Epoch: 25/30 -- Train Loss: 0.004 -- Validation Loss: 12.569 -- Validation ACC: 0.565 -- Validation F1: 0.555
2024-07-20,15:07:29 [INFO] Epoch: 26/30 -- Train Loss: 0.002 -- Validation Loss: 12.390 -- Validation ACC: 0.569 -- Validation F1: 0.560
2024-07-20,15:07:32 [INFO] Epoch: 27/30 -- Train Loss: 0.000 -- Validation Loss: 12.089 -- Validation ACC: 0.555 -- Validation F1: 0.547
2024-07-20,15:07:35 [INFO] Epoch: 28/30 -- Train Loss: 0.985 -- Validation Loss: 12.136 -- Validation ACC: 0.555 -- Validation F1: 0.546
2024-07-20,15:07:37 [INFO] Epoch: 29/30 -- Train Loss: 0.149 -- Validation Loss: 12.158 -- Validation ACC: 0.553 -- Validation F1: 0.544
2024-07-20,15:07:37 [INFO] Run 4/5: Average Over Last 6 epochs -- Valid ACC: 0.5589430894308943 -- Valid F1-score: 0.5498213171958923
2024-07-20,15:07:39 [INFO] Test Results of Run 4/5: -- Test Loss: 11.333 -- Test ACC: 0.561 -- Test F1: 0.549
2024-07-20,15:07:39 [INFO] Validation average after 5 runs -- ACC: 0.558 -- F1-score: 0.545
2024-07-20,15:07:39 [INFO] Test average after 5 runs -- ACC: 0.563 -- F1-score: 0.549
2024-07-20,15:07:39 [INFO] Finished round 9/10 of experiments!
2024-07-20,15:07:39 [INFO] Final results: -- Source Test Acc: 0.797 -- Source Test F1: 0.785 -- Target Valid Acc: 0.573 -- Target Valid F1: 0.559 -- Target Test Acc: 0.585 -- Target Test F1: 0.572 -- Prompt Test Acc: 0.575 -- Prompt Valid Acc: 0.565 -- Prompt Test F1: 0.561 -- Prompt Valid F1: 0.549
2024-07-20,15:07:39 [INFO] List of important configs: 
2024-07-20,15:07:39 [INFO] shift_type: structural
2024-07-20,15:07:39 [INFO] attn_with_param: False
2024-07-20,15:07:39 [INFO] w_entropy_loss: 0.0
2024-07-20,15:07:39 [INFO] w_softmax_loss: 0.0
2024-07-20,15:07:39 [INFO] w_domain_loss: 0.0
2024-07-20,15:07:39 [INFO] weight_decay: 0.0
2024-07-20,15:07:39 [INFO] n_epochs: 30
2024-07-20,15:07:39 [INFO] lr: 0.001
2024-07-20,15:07:39 [INFO] batch_size: 64
2024-07-20,15:07:39 [INFO] dropout: 0.3
2024-07-20,15:07:39 [INFO] cut_off: 0.3
2024-07-20,15:07:39 [INFO] light_aug_prob: 0.1
2024-07-20,15:07:39 [INFO] light_aug_mode: mask
2024-07-20,15:07:39 [INFO] pos_aug_mode: mask
2024-07-20,15:07:39 [INFO] noise_shift_mode: homophily
2024-07-20,15:07:39 [INFO] p_raug: 0.15
2024-07-20,15:07:39 [INFO] label_reduction: 0.0
2024-07-20,15:07:39 [INFO] Pretrained modela are saved to: ./pretrained/GCN_Pretrained_2024-07-19-22-45-14.pth ./pretrained/GCN_Pretrained_2024-07-19-22-55-45.pth ./pretrained/GCN_Pretrained_2024-07-19-23-07-06.pth ./pretrained/GCN_Pretrained_2024-07-19-23-18-19.pth ./pretrained/GCN_Pretrained_2024-07-19-23-29-41.pth ./pretrained/GCN_Pretrained_2024-07-19-23-40-55.pth ./pretrained/GCN_Pretrained_2024-07-19-23-52-08.pth ./pretrained/GCN_Pretrained_2024-07-20-00-03-23.pth ./pretrained/GCN_Pretrained_2024-07-20-00-14-46.pth ./pretrained/GCN_Pretrained_2024-07-20-00-26-14.pth
