2024-07-17,12:44:48 [INFO] Logging to: ./log/2024-07-17-12-44-48.log
2024-07-17,12:44:48 [INFO] Reading config from: ./config/dhfr.yaml
2024-07-17,12:44:48 [INFO] Namespace(total_iters=10, prompt_method='flex_match', s_dataset='DHFR', t_dataset='DHFR', prompt_fn='gpf_plus', shift_type='structural', p_shift_intra=0.0, p_shift_inter=0.0, pretrain=True, save_pretrained=False, soft_label=False, add_link_loss=False, attn_with_param=False, empty_pretrained_dir=False, iterative_clustering=False, clutering_iters=3, entropy_div_ratio=3, w_entropy_loss=0.0, w_softmax_loss=0.0, w_domain_loss=0.25, r_reg=0.0, gnn_weight_decay=0.0, weight_decay=0.1, gnn_type='gcn', gnn_num_layers=3, pretrained_path=['./pretrained/GCN_Pretrained_2024-07-01-14-54-05.pth', './pretrained/GCN_Pretrained_2024-07-01-14-56-23.pth', './pretrained/GCN_Pretrained_2024-07-01-14-58-41.pth', './pretrained/GCN_Pretrained_2024-07-01-15-00-59.pth', './pretrained/GCN_Pretrained_2024-07-01-15-03-17.pth', './pretrained/GCN_Pretrained_2024-07-01-15-05-37.pth', './pretrained/GCN_Pretrained_2024-07-01-15-07-56.pth', './pretrained/GCN_Pretrained_2024-07-01-15-10-20.pth', './pretrained/GCN_Pretrained_2024-07-01-15-12-47.pth', './pretrained/GCN_Pretrained_2024-07-01-15-15-13.pth'], gnn_n_epochs=100, gnn_eval_step=10, gnn_h_dim=512, gnn_lr=0.01, gnn_step_size=50, gnn_gamma=0.5, gnn_batch_size=64, gnn_dropout=0.4, n_epochs=30, eval_step=10, h_dim=512, lr=0.01, step_size=50, gamma=0.5, batch_size=64, num_tokens=50, src_ratio=0.5, dropout=0.3, cut_off=0.5, aug_type='feature', light_aug_prob=0.1, light_aug_mode='mask', pos_aug_mode='mask', neg_aug_mode='arbitrary', noise_cov_scale=1.0, noise_mean_shift=1.0, noise_shift_mode='homophily', noise_select_mode='soft', cross_prune=0.8, inner_prune=0.3, num_runs=5, p_raug=0.15, n_raug=0.15, s_split=[0.65, 0.3], t_split=[0.65, 0.3], seed=[1676, 3733, 3589, 4867, 2980, 1142, 3035, 4432, 4672, 4010], config_from_file='./config/dhfr.yaml', config_to_file='', label_reduction=0.0)
2024-07-17,12:44:48 [INFO] ####################################################################################################
2024-07-17,12:44:48 [INFO] Args seeds: [1676, 3733, 3589, 4867, 2980, 1142, 3035, 4432, 4672, 4010]
2024-07-17,12:44:48 [INFO] Source Dataset: DHFR, Target Dataset: DHFR. Training, Test: Source: [0.65, 0.3], Target: [0.65, 0.3] -- Batch size: 64
2024-07-17,12:44:48 [INFO] All input pretrained paths: ['./pretrained/GCN_Pretrained_2024-07-01-14-54-05.pth', './pretrained/GCN_Pretrained_2024-07-01-14-56-23.pth', './pretrained/GCN_Pretrained_2024-07-01-14-58-41.pth', './pretrained/GCN_Pretrained_2024-07-01-15-00-59.pth', './pretrained/GCN_Pretrained_2024-07-01-15-03-17.pth', './pretrained/GCN_Pretrained_2024-07-01-15-05-37.pth', './pretrained/GCN_Pretrained_2024-07-01-15-07-56.pth', './pretrained/GCN_Pretrained_2024-07-01-15-10-20.pth', './pretrained/GCN_Pretrained_2024-07-01-15-12-47.pth', './pretrained/GCN_Pretrained_2024-07-01-15-15-13.pth']
2024-07-17,12:44:48 [INFO] Started round 0/10 of experiments!
2024-07-17,12:44:49 [INFO] Setting for pretraining: Model: {'gnn_type': 'gcn', 'in_channels': 56, 'hidden_channels': 512, 'out_channels': 2, 'num_layers': 3, 'dropout': 0.4, 'with_bn': False, 'with_head': True} -- Optimizer: {'lr': 0.01, 'scheduler_step_size': 50, 'scheduler_gamma': 0.5, 'weight_decay': 0.0} -- Training: {'n_epochs': 100}
2024-07-17,12:44:49 [INFO] Loading previous pretrained model at ./pretrained/GCN_Pretrained_2024-07-01-14-54-05.pth
2024-07-17,12:44:49 [INFO] Prompting method: flex_match -- Setting: Prompting function: gpf_plus -- Target Dataset: DHFR
2024-07-17,12:44:49 [INFO] Setting for prompt tuning: Prompt: {'emb_dim': 56, 'h_dim': 512, 'output_dim': 56, 'prompt_fn': 'gpf_plus', 'token_num': 50, 'cross_prune': 0.8, 'inner_prune': 0.3, 'attn_with_param': False} -- Pretrained Model: {'gnn_type': 'gcn', 'in_channels': 56, 'hidden_channels': 512, 'out_channels': 2, 'num_layers': 3, 'dropout': 0.4, 'with_bn': False, 'with_head': True} -- Optimizer: {'lr': 0.01, 'scheduler_step_size': 50, 'scheduler_gamma': 0.5, 'weight_decay': 0.1} -- Training: {'aug_type': 'feature', 'pos_aug_mode': 'mask', 'p_raug': 0.15, 'n_epochs': 30, 'r_reg': 0.0, 'soft_label': False, 'clutering_iters': 3, 'iterative_clustering': False, 'entropy_div_ratio': 3, 'w_entropy_loss': 0.0, 'w_softmax_loss': 0.0, 'w_domain_loss': 0.25, 'light_aug_prob': 0.1, 'light_aug_mode': 'mask', 'num_classes': 2, 'cut_off': 0.5}
2024-07-17,12:44:49 [INFO] Prompt tuning started: Num runs: 5 -- Eval step: 10
2024-07-17,12:44:50 [INFO] Pretrained GNN on Source Dataset -- Test Loss: 0.863 -- Test ACC: 0.661 -- Test F1-score: 0.702
2024-07-17,12:44:50 [INFO] Pretrained GNN on Target Dataset Without Prompting: -- Validation Loss: 0.762 -- Validation ACC: 0.611 -- Validation F1-score: 0.667 -- Test Loss: 0.711 -- Test ACC: 0.774 -- Test F1-score: 0.803
2024-07-17,12:44:52 [INFO] Epoch: 0/30 -- Train Loss: 1.187 -- Validation Loss: 0.687 -- Validation ACC: 0.611 -- Validation F1: 0.696
2024-07-17,12:45:01 [INFO] Epoch: 10/30 -- Train Loss: 0.615 -- Validation Loss: 0.807 -- Validation ACC: 0.556 -- Validation F1: 0.600
2024-07-17,12:45:11 [INFO] Epoch: 20/30 -- Train Loss: 0.294 -- Validation Loss: 0.681 -- Validation ACC: 0.722 -- Validation F1: 0.783
2024-07-17,12:45:16 [INFO] Epoch: 24/30 -- Train Loss: 0.544 -- Validation Loss: 0.649 -- Validation ACC: 0.722 -- Validation F1: 0.783
2024-07-17,12:45:17 [INFO] Epoch: 25/30 -- Train Loss: 0.292 -- Validation Loss: 0.781 -- Validation ACC: 0.667 -- Validation F1: 0.727
2024-07-17,12:45:19 [INFO] Epoch: 26/30 -- Train Loss: 0.258 -- Validation Loss: 0.961 -- Validation ACC: 0.444 -- Validation F1: 0.444
2024-07-17,12:45:20 [INFO] Epoch: 27/30 -- Train Loss: 1.193 -- Validation Loss: 0.995 -- Validation ACC: 0.444 -- Validation F1: 0.444
2024-07-17,12:45:21 [INFO] Epoch: 28/30 -- Train Loss: 0.197 -- Validation Loss: 0.910 -- Validation ACC: 0.444 -- Validation F1: 0.444
2024-07-17,12:45:23 [INFO] Epoch: 29/30 -- Train Loss: 0.700 -- Validation Loss: 0.827 -- Validation ACC: 0.556 -- Validation F1: 0.600
2024-07-17,12:45:23 [INFO] Run 0/5: Average Over Last 6 epochs -- Valid ACC: 0.5462962962962963 -- Valid F1-score: 0.5738691339890162
2024-07-17,12:45:23 [INFO] Test Results of Run 0/5: -- Test Loss: 0.763 -- Test ACC: 0.774 -- Test F1: 0.803
2024-07-17,12:45:24 [INFO] Epoch: 0/30 -- Train Loss: 0.353 -- Validation Loss: 0.885 -- Validation ACC: 0.500 -- Validation F1: 0.526
2024-07-17,12:45:35 [INFO] Epoch: 10/30 -- Train Loss: 0.183 -- Validation Loss: 0.630 -- Validation ACC: 0.611 -- Validation F1: 0.696
2024-07-17,12:45:46 [INFO] Epoch: 20/30 -- Train Loss: 0.277 -- Validation Loss: 0.741 -- Validation ACC: 0.611 -- Validation F1: 0.667
2024-07-17,12:45:52 [INFO] Epoch: 24/30 -- Train Loss: 0.892 -- Validation Loss: 0.545 -- Validation ACC: 0.667 -- Validation F1: 0.750
2024-07-17,12:45:54 [INFO] Epoch: 25/30 -- Train Loss: 0.492 -- Validation Loss: 0.595 -- Validation ACC: 0.556 -- Validation F1: 0.636
2024-07-17,12:45:56 [INFO] Epoch: 26/30 -- Train Loss: 0.557 -- Validation Loss: 0.692 -- Validation ACC: 0.556 -- Validation F1: 0.600
2024-07-17,12:45:57 [INFO] Epoch: 27/30 -- Train Loss: 0.421 -- Validation Loss: 0.792 -- Validation ACC: 0.556 -- Validation F1: 0.600
2024-07-17,12:45:59 [INFO] Epoch: 28/30 -- Train Loss: 0.711 -- Validation Loss: 0.909 -- Validation ACC: 0.500 -- Validation F1: 0.526
2024-07-17,12:46:00 [INFO] Epoch: 29/30 -- Train Loss: 0.249 -- Validation Loss: 0.966 -- Validation ACC: 0.444 -- Validation F1: 0.444
2024-07-17,12:46:00 [INFO] Run 1/5: Average Over Last 6 epochs -- Valid ACC: 0.5462962962962963 -- Valid F1-score: 0.5928539882103602
2024-07-17,12:46:01 [INFO] Test Results of Run 1/5: -- Test Loss: 0.801 -- Test ACC: 0.739 -- Test F1: 0.766
2024-07-17,12:46:03 [INFO] Epoch: 0/30 -- Train Loss: 0.193 -- Validation Loss: 0.531 -- Validation ACC: 0.667 -- Validation F1: 0.750
2024-07-17,12:46:17 [INFO] Epoch: 10/30 -- Train Loss: 0.344 -- Validation Loss: 0.725 -- Validation ACC: 0.611 -- Validation F1: 0.667
2024-07-17,12:46:30 [INFO] Epoch: 20/30 -- Train Loss: 0.219 -- Validation Loss: 0.975 -- Validation ACC: 0.444 -- Validation F1: 0.444
2024-07-17,12:46:36 [INFO] Epoch: 24/30 -- Train Loss: 0.221 -- Validation Loss: 1.067 -- Validation ACC: 0.444 -- Validation F1: 0.444
2024-07-17,12:46:38 [INFO] Epoch: 25/30 -- Train Loss: 0.353 -- Validation Loss: 0.929 -- Validation ACC: 0.500 -- Validation F1: 0.526
2024-07-17,12:46:40 [INFO] Epoch: 26/30 -- Train Loss: 0.418 -- Validation Loss: 0.760 -- Validation ACC: 0.556 -- Validation F1: 0.600
2024-07-17,12:46:42 [INFO] Epoch: 27/30 -- Train Loss: 0.569 -- Validation Loss: 0.776 -- Validation ACC: 0.556 -- Validation F1: 0.600
2024-07-17,12:46:44 [INFO] Epoch: 28/30 -- Train Loss: 0.287 -- Validation Loss: 0.882 -- Validation ACC: 0.500 -- Validation F1: 0.526
2024-07-17,12:46:45 [INFO] Epoch: 29/30 -- Train Loss: 0.175 -- Validation Loss: 1.031 -- Validation ACC: 0.444 -- Validation F1: 0.444
2024-07-17,12:46:45 [INFO] Run 2/5: Average Over Last 6 epochs -- Valid ACC: 0.5 -- Valid F1-score: 0.523586759964625
2024-07-17,12:46:46 [INFO] Test Results of Run 2/5: -- Test Loss: 0.834 -- Test ACC: 0.730 -- Test F1: 0.756
2024-07-17,12:46:47 [INFO] Epoch: 0/30 -- Train Loss: 0.901 -- Validation Loss: 0.847 -- Validation ACC: 0.667 -- Validation F1: 0.727
2024-07-17,12:47:02 [INFO] Epoch: 10/30 -- Train Loss: 0.269 -- Validation Loss: 0.561 -- Validation ACC: 0.722 -- Validation F1: 0.783
2024-07-17,12:47:16 [INFO] Epoch: 20/30 -- Train Loss: 0.354 -- Validation Loss: 0.738 -- Validation ACC: 0.556 -- Validation F1: 0.600
2024-07-17,12:47:22 [INFO] Epoch: 24/30 -- Train Loss: 0.269 -- Validation Loss: 0.709 -- Validation ACC: 0.556 -- Validation F1: 0.600
2024-07-17,12:47:24 [INFO] Epoch: 25/30 -- Train Loss: 0.751 -- Validation Loss: 0.640 -- Validation ACC: 0.556 -- Validation F1: 0.600
2024-07-17,12:47:26 [INFO] Epoch: 26/30 -- Train Loss: 0.459 -- Validation Loss: 0.599 -- Validation ACC: 0.611 -- Validation F1: 0.667
2024-07-17,12:47:27 [INFO] Epoch: 27/30 -- Train Loss: 0.224 -- Validation Loss: 0.519 -- Validation ACC: 0.667 -- Validation F1: 0.750
2024-07-17,12:47:29 [INFO] Epoch: 28/30 -- Train Loss: 0.254 -- Validation Loss: 0.502 -- Validation ACC: 0.667 -- Validation F1: 0.750
2024-07-17,12:47:31 [INFO] Epoch: 29/30 -- Train Loss: 0.215 -- Validation Loss: 0.509 -- Validation ACC: 0.722 -- Validation F1: 0.783
2024-07-17,12:47:31 [INFO] Run 3/5: Average Over Last 6 epochs -- Valid ACC: 0.6296296296296297 -- Valid F1-score: 0.6915459036827087
2024-07-17,12:47:31 [INFO] Test Results of Run 3/5: -- Test Loss: 0.632 -- Test ACC: 0.783 -- Test F1: 0.823
2024-07-17,12:47:33 [INFO] Epoch: 0/30 -- Train Loss: 0.546 -- Validation Loss: 0.700 -- Validation ACC: 0.611 -- Validation F1: 0.667
2024-07-17,12:47:46 [INFO] Epoch: 10/30 -- Train Loss: 0.892 -- Validation Loss: 1.138 -- Validation ACC: 0.389 -- Validation F1: 0.353
2024-07-17,12:48:00 [INFO] Epoch: 20/30 -- Train Loss: 0.491 -- Validation Loss: 0.614 -- Validation ACC: 0.722 -- Validation F1: 0.783
2024-07-17,12:48:06 [INFO] Epoch: 24/30 -- Train Loss: 0.977 -- Validation Loss: 1.051 -- Validation ACC: 0.389 -- Validation F1: 0.353
2024-07-17,12:48:08 [INFO] Epoch: 25/30 -- Train Loss: 0.593 -- Validation Loss: 1.158 -- Validation ACC: 0.389 -- Validation F1: 0.353
2024-07-17,12:48:10 [INFO] Epoch: 26/30 -- Train Loss: 1.447 -- Validation Loss: 1.088 -- Validation ACC: 0.389 -- Validation F1: 0.353
2024-07-17,12:48:12 [INFO] Epoch: 27/30 -- Train Loss: 0.704 -- Validation Loss: 0.879 -- Validation ACC: 0.444 -- Validation F1: 0.444
2024-07-17,12:48:13 [INFO] Epoch: 28/30 -- Train Loss: 0.536 -- Validation Loss: 0.804 -- Validation ACC: 0.556 -- Validation F1: 0.600
2024-07-17,12:48:15 [INFO] Epoch: 29/30 -- Train Loss: 0.842 -- Validation Loss: 0.775 -- Validation ACC: 0.556 -- Validation F1: 0.600
2024-07-17,12:48:15 [INFO] Run 4/5: Average Over Last 6 epochs -- Valid ACC: 0.4537037037037037 -- Valid F1-score: 0.45054467519124347
2024-07-17,12:48:16 [INFO] Test Results of Run 4/5: -- Test Loss: 0.741 -- Test ACC: 0.774 -- Test F1: 0.803
2024-07-17,12:48:16 [INFO] Validation average after 5 runs -- ACC: 0.535 -- F1-score: 0.566
2024-07-17,12:48:16 [INFO] Test average after 5 runs -- ACC: 0.760 -- F1-score: 0.790
2024-07-17,12:48:16 [INFO] Finished round 0/10 of experiments!
2024-07-17,12:48:16 [INFO] Started round 1/10 of experiments!
2024-07-17,12:48:16 [INFO] Loading previous pretrained model at ./pretrained/GCN_Pretrained_2024-07-01-14-56-23.pth
2024-07-17,12:48:17 [INFO] Pretrained GNN on Source Dataset -- Test Loss: 0.964 -- Test ACC: 0.739 -- Test F1-score: 0.758
2024-07-17,12:48:17 [INFO] Pretrained GNN on Target Dataset Without Prompting: -- Validation Loss: 1.277 -- Validation ACC: 0.667 -- Validation F1-score: 0.769 -- Test Loss: 1.529 -- Test ACC: 0.643 -- Test F1-score: 0.713
2024-07-17,12:48:19 [INFO] Epoch: 0/30 -- Train Loss: 0.259 -- Validation Loss: 1.670 -- Validation ACC: 0.667 -- Validation F1: 0.800
2024-07-17,12:48:32 [INFO] Epoch: 10/30 -- Train Loss: 1.654 -- Validation Loss: 1.289 -- Validation ACC: 0.667 -- Validation F1: 0.769
2024-07-17,12:48:46 [INFO] Epoch: 20/30 -- Train Loss: 0.524 -- Validation Loss: 1.216 -- Validation ACC: 0.667 -- Validation F1: 0.769
2024-07-17,12:48:52 [INFO] Epoch: 24/30 -- Train Loss: 0.187 -- Validation Loss: 1.288 -- Validation ACC: 0.667 -- Validation F1: 0.769
2024-07-17,12:48:54 [INFO] Epoch: 25/30 -- Train Loss: 0.893 -- Validation Loss: 1.310 -- Validation ACC: 0.667 -- Validation F1: 0.769
2024-07-17,12:48:56 [INFO] Epoch: 26/30 -- Train Loss: 0.412 -- Validation Loss: 1.337 -- Validation ACC: 0.667 -- Validation F1: 0.786
2024-07-17,12:48:58 [INFO] Epoch: 27/30 -- Train Loss: 0.214 -- Validation Loss: 1.353 -- Validation ACC: 0.667 -- Validation F1: 0.786
2024-07-17,12:49:00 [INFO] Epoch: 28/30 -- Train Loss: 0.563 -- Validation Loss: 1.356 -- Validation ACC: 0.667 -- Validation F1: 0.786
2024-07-17,12:49:01 [INFO] Epoch: 29/30 -- Train Loss: 0.203 -- Validation Loss: 1.350 -- Validation ACC: 0.667 -- Validation F1: 0.786
2024-07-17,12:49:01 [INFO] Run 0/5: Average Over Last 6 epochs -- Valid ACC: 0.6666666666666666 -- Valid F1-score: 0.7802197734514872
2024-07-17,12:49:01 [INFO] Test Results of Run 0/5: -- Test Loss: 1.542 -- Test ACC: 0.670 -- Test F1: 0.747
2024-07-17,12:49:03 [INFO] Epoch: 0/30 -- Train Loss: 0.471 -- Validation Loss: 1.346 -- Validation ACC: 0.667 -- Validation F1: 0.786
2024-07-17,12:49:18 [INFO] Epoch: 10/30 -- Train Loss: 0.200 -- Validation Loss: 1.377 -- Validation ACC: 0.667 -- Validation F1: 0.800
2024-07-17,12:49:32 [INFO] Epoch: 20/30 -- Train Loss: 0.188 -- Validation Loss: 1.211 -- Validation ACC: 0.778 -- Validation F1: 0.867
2024-07-17,12:49:38 [INFO] Epoch: 24/30 -- Train Loss: 0.452 -- Validation Loss: 1.161 -- Validation ACC: 0.667 -- Validation F1: 0.769
2024-07-17,12:49:40 [INFO] Epoch: 25/30 -- Train Loss: 0.277 -- Validation Loss: 1.153 -- Validation ACC: 0.667 -- Validation F1: 0.769
2024-07-17,12:49:42 [INFO] Epoch: 26/30 -- Train Loss: 0.410 -- Validation Loss: 1.162 -- Validation ACC: 0.667 -- Validation F1: 0.769
2024-07-17,12:49:43 [INFO] Epoch: 27/30 -- Train Loss: 0.340 -- Validation Loss: 1.191 -- Validation ACC: 0.722 -- Validation F1: 0.815
2024-07-17,12:49:45 [INFO] Epoch: 28/30 -- Train Loss: 0.289 -- Validation Loss: 1.233 -- Validation ACC: 0.722 -- Validation F1: 0.828
2024-07-17,12:49:47 [INFO] Epoch: 29/30 -- Train Loss: 0.374 -- Validation Loss: 1.274 -- Validation ACC: 0.722 -- Validation F1: 0.828
2024-07-17,12:49:47 [INFO] Run 1/5: Average Over Last 6 epochs -- Valid ACC: 0.6944444444444445 -- Valid F1-score: 0.7962799370288849
2024-07-17,12:49:48 [INFO] Test Results of Run 1/5: -- Test Loss: 1.646 -- Test ACC: 0.670 -- Test F1: 0.762
2024-07-17,12:49:49 [INFO] Epoch: 0/30 -- Train Loss: 0.206 -- Validation Loss: 1.342 -- Validation ACC: 0.667 -- Validation F1: 0.786
2024-07-17,12:50:02 [INFO] Epoch: 10/30 -- Train Loss: 0.193 -- Validation Loss: 1.308 -- Validation ACC: 0.722 -- Validation F1: 0.828
2024-07-17,12:50:16 [INFO] Epoch: 20/30 -- Train Loss: 0.245 -- Validation Loss: 1.307 -- Validation ACC: 0.667 -- Validation F1: 0.769
2024-07-17,12:50:22 [INFO] Epoch: 24/30 -- Train Loss: 0.443 -- Validation Loss: 1.284 -- Validation ACC: 0.667 -- Validation F1: 0.800
2024-07-17,12:50:23 [INFO] Epoch: 25/30 -- Train Loss: 0.338 -- Validation Loss: 1.316 -- Validation ACC: 0.667 -- Validation F1: 0.800
2024-07-17,12:50:25 [INFO] Epoch: 26/30 -- Train Loss: 1.211 -- Validation Loss: 1.334 -- Validation ACC: 0.667 -- Validation F1: 0.800
2024-07-17,12:50:27 [INFO] Epoch: 27/30 -- Train Loss: 0.721 -- Validation Loss: 1.284 -- Validation ACC: 0.667 -- Validation F1: 0.800
2024-07-17,12:50:29 [INFO] Epoch: 28/30 -- Train Loss: 0.698 -- Validation Loss: 1.233 -- Validation ACC: 0.722 -- Validation F1: 0.815
2024-07-17,12:50:31 [INFO] Epoch: 29/30 -- Train Loss: 0.315 -- Validation Loss: 1.249 -- Validation ACC: 0.611 -- Validation F1: 0.759
2024-07-17,12:50:31 [INFO] Run 2/5: Average Over Last 6 epochs -- Valid ACC: 0.6666666666666666 -- Valid F1-score: 0.7955725888411204
2024-07-17,12:50:31 [INFO] Test Results of Run 2/5: -- Test Loss: 1.579 -- Test ACC: 0.670 -- Test F1: 0.747
2024-07-17,12:50:33 [INFO] Epoch: 0/30 -- Train Loss: 0.182 -- Validation Loss: 1.453 -- Validation ACC: 0.722 -- Validation F1: 0.828
2024-07-17,12:50:46 [INFO] Epoch: 10/30 -- Train Loss: 0.233 -- Validation Loss: 1.276 -- Validation ACC: 0.667 -- Validation F1: 0.769
2024-07-17,12:50:59 [INFO] Epoch: 20/30 -- Train Loss: 0.906 -- Validation Loss: 1.300 -- Validation ACC: 0.667 -- Validation F1: 0.769
2024-07-17,12:51:06 [INFO] Epoch: 24/30 -- Train Loss: 1.602 -- Validation Loss: 1.268 -- Validation ACC: 0.667 -- Validation F1: 0.786
2024-07-17,12:51:07 [INFO] Epoch: 25/30 -- Train Loss: 0.832 -- Validation Loss: 1.281 -- Validation ACC: 0.667 -- Validation F1: 0.786
2024-07-17,12:51:09 [INFO] Epoch: 26/30 -- Train Loss: 0.224 -- Validation Loss: 1.279 -- Validation ACC: 0.667 -- Validation F1: 0.786
2024-07-17,12:51:11 [INFO] Epoch: 27/30 -- Train Loss: 0.954 -- Validation Loss: 1.263 -- Validation ACC: 0.611 -- Validation F1: 0.759
2024-07-17,12:51:13 [INFO] Epoch: 28/30 -- Train Loss: 0.439 -- Validation Loss: 1.317 -- Validation ACC: 0.667 -- Validation F1: 0.800
2024-07-17,12:51:15 [INFO] Epoch: 29/30 -- Train Loss: 0.264 -- Validation Loss: 1.387 -- Validation ACC: 0.667 -- Validation F1: 0.800
2024-07-17,12:51:15 [INFO] Run 3/5: Average Over Last 6 epochs -- Valid ACC: 0.6574074074074073 -- Valid F1-score: 0.7859605848789215
2024-07-17,12:51:15 [INFO] Test Results of Run 3/5: -- Test Loss: 1.679 -- Test ACC: 0.678 -- Test F1: 0.770
2024-07-17,12:51:17 [INFO] Epoch: 0/30 -- Train Loss: 0.554 -- Validation Loss: 1.382 -- Validation ACC: 0.722 -- Validation F1: 0.815
2024-07-17,12:51:31 [INFO] Epoch: 10/30 -- Train Loss: 1.789 -- Validation Loss: 1.319 -- Validation ACC: 0.667 -- Validation F1: 0.769
2024-07-17,12:51:45 [INFO] Epoch: 20/30 -- Train Loss: 0.268 -- Validation Loss: 1.238 -- Validation ACC: 0.778 -- Validation F1: 0.857
2024-07-17,12:51:50 [INFO] Epoch: 24/30 -- Train Loss: 0.198 -- Validation Loss: 1.439 -- Validation ACC: 0.667 -- Validation F1: 0.800
2024-07-17,12:51:52 [INFO] Epoch: 25/30 -- Train Loss: 0.211 -- Validation Loss: 1.371 -- Validation ACC: 0.667 -- Validation F1: 0.800
2024-07-17,12:51:54 [INFO] Epoch: 26/30 -- Train Loss: 0.189 -- Validation Loss: 1.270 -- Validation ACC: 0.667 -- Validation F1: 0.800
2024-07-17,12:51:56 [INFO] Epoch: 27/30 -- Train Loss: 0.587 -- Validation Loss: 1.231 -- Validation ACC: 0.722 -- Validation F1: 0.828
2024-07-17,12:51:58 [INFO] Epoch: 28/30 -- Train Loss: 0.724 -- Validation Loss: 1.202 -- Validation ACC: 0.722 -- Validation F1: 0.815
2024-07-17,12:52:00 [INFO] Epoch: 29/30 -- Train Loss: 0.204 -- Validation Loss: 1.201 -- Validation ACC: 0.722 -- Validation F1: 0.815
2024-07-17,12:52:00 [INFO] Run 4/5: Average Over Last 6 epochs -- Valid ACC: 0.6944444444444445 -- Valid F1-score: 0.8095359802246094
2024-07-17,12:52:00 [INFO] Test Results of Run 4/5: -- Test Loss: 1.549 -- Test ACC: 0.652 -- Test F1: 0.730
2024-07-17,12:52:00 [INFO] Validation average after 5 runs -- ACC: 0.676 -- F1-score: 0.794
2024-07-17,12:52:00 [INFO] Test average after 5 runs -- ACC: 0.668 -- F1-score: 0.751
2024-07-17,12:52:00 [INFO] Finished round 1/10 of experiments!
2024-07-17,12:52:00 [INFO] Started round 2/10 of experiments!
2024-07-17,12:52:01 [INFO] Loading previous pretrained model at ./pretrained/GCN_Pretrained_2024-07-01-14-58-41.pth
2024-07-17,12:52:02 [INFO] Pretrained GNN on Source Dataset -- Test Loss: 1.173 -- Test ACC: 0.757 -- Test F1-score: 0.813
2024-07-17,12:52:03 [INFO] Pretrained GNN on Target Dataset Without Prompting: -- Validation Loss: 0.928 -- Validation ACC: 0.667 -- Validation F1-score: 0.769 -- Test Loss: 0.858 -- Test ACC: 0.687 -- Test F1-score: 0.735
2024-07-17,12:52:05 [INFO] Epoch: 0/30 -- Train Loss: 0.980 -- Validation Loss: 0.950 -- Validation ACC: 0.667 -- Validation F1: 0.769
2024-07-17,12:52:18 [INFO] Epoch: 10/30 -- Train Loss: 0.329 -- Validation Loss: 0.916 -- Validation ACC: 0.667 -- Validation F1: 0.769
2024-07-17,12:52:32 [INFO] Epoch: 20/30 -- Train Loss: 0.573 -- Validation Loss: 0.884 -- Validation ACC: 0.611 -- Validation F1: 0.720
2024-07-17,12:52:37 [INFO] Epoch: 24/30 -- Train Loss: 0.571 -- Validation Loss: 0.916 -- Validation ACC: 0.667 -- Validation F1: 0.769
2024-07-17,12:52:39 [INFO] Epoch: 25/30 -- Train Loss: 0.683 -- Validation Loss: 0.919 -- Validation ACC: 0.667 -- Validation F1: 0.769
2024-07-17,12:52:41 [INFO] Epoch: 26/30 -- Train Loss: 0.583 -- Validation Loss: 0.930 -- Validation ACC: 0.667 -- Validation F1: 0.769
2024-07-17,12:52:43 [INFO] Epoch: 27/30 -- Train Loss: 0.587 -- Validation Loss: 0.944 -- Validation ACC: 0.667 -- Validation F1: 0.769
2024-07-17,12:52:44 [INFO] Epoch: 28/30 -- Train Loss: 0.485 -- Validation Loss: 0.925 -- Validation ACC: 0.667 -- Validation F1: 0.769
2024-07-17,12:52:46 [INFO] Epoch: 29/30 -- Train Loss: 0.252 -- Validation Loss: 0.914 -- Validation ACC: 0.667 -- Validation F1: 0.769
2024-07-17,12:52:46 [INFO] Run 0/5: Average Over Last 6 epochs -- Valid ACC: 0.6666666666666666 -- Valid F1-score: 0.7692307829856873
2024-07-17,12:52:47 [INFO] Test Results of Run 0/5: -- Test Loss: 0.824 -- Test ACC: 0.704 -- Test F1: 0.738
2024-07-17,12:52:48 [INFO] Epoch: 0/30 -- Train Loss: 0.837 -- Validation Loss: 0.938 -- Validation ACC: 0.667 -- Validation F1: 0.769
2024-07-17,12:53:02 [INFO] Epoch: 10/30 -- Train Loss: 0.479 -- Validation Loss: 0.942 -- Validation ACC: 0.667 -- Validation F1: 0.769
2024-07-17,12:53:16 [INFO] Epoch: 20/30 -- Train Loss: 0.254 -- Validation Loss: 0.857 -- Validation ACC: 0.611 -- Validation F1: 0.720
2024-07-17,12:53:22 [INFO] Epoch: 24/30 -- Train Loss: 0.434 -- Validation Loss: 0.966 -- Validation ACC: 0.667 -- Validation F1: 0.769
2024-07-17,12:53:24 [INFO] Epoch: 25/30 -- Train Loss: 0.456 -- Validation Loss: 1.032 -- Validation ACC: 0.667 -- Validation F1: 0.769
2024-07-17,12:53:25 [INFO] Epoch: 26/30 -- Train Loss: 0.516 -- Validation Loss: 1.088 -- Validation ACC: 0.667 -- Validation F1: 0.769
2024-07-17,12:53:27 [INFO] Epoch: 27/30 -- Train Loss: 0.990 -- Validation Loss: 1.104 -- Validation ACC: 0.722 -- Validation F1: 0.815
2024-07-17,12:53:29 [INFO] Epoch: 28/30 -- Train Loss: 1.272 -- Validation Loss: 1.089 -- Validation ACC: 0.722 -- Validation F1: 0.815
2024-07-17,12:53:30 [INFO] Epoch: 29/30 -- Train Loss: 0.925 -- Validation Loss: 1.046 -- Validation ACC: 0.667 -- Validation F1: 0.769
2024-07-17,12:53:30 [INFO] Run 1/5: Average Over Last 6 epochs -- Valid ACC: 0.6851851851851852 -- Valid F1-score: 0.7844254573186239
2024-07-17,12:53:31 [INFO] Test Results of Run 1/5: -- Test Loss: 0.984 -- Test ACC: 0.678 -- Test F1: 0.734
2024-07-17,12:53:33 [INFO] Epoch: 0/30 -- Train Loss: 0.478 -- Validation Loss: 0.925 -- Validation ACC: 0.667 -- Validation F1: 0.769
2024-07-17,12:53:47 [INFO] Epoch: 10/30 -- Train Loss: 0.769 -- Validation Loss: 0.923 -- Validation ACC: 0.611 -- Validation F1: 0.720
2024-07-17,12:54:00 [INFO] Epoch: 20/30 -- Train Loss: 0.363 -- Validation Loss: 0.856 -- Validation ACC: 0.667 -- Validation F1: 0.769
2024-07-17,12:54:05 [INFO] Epoch: 24/30 -- Train Loss: 0.251 -- Validation Loss: 0.915 -- Validation ACC: 0.667 -- Validation F1: 0.769
2024-07-17,12:54:07 [INFO] Epoch: 25/30 -- Train Loss: 0.178 -- Validation Loss: 0.919 -- Validation ACC: 0.667 -- Validation F1: 0.769
2024-07-17,12:54:09 [INFO] Epoch: 26/30 -- Train Loss: 0.198 -- Validation Loss: 0.925 -- Validation ACC: 0.667 -- Validation F1: 0.769
2024-07-17,12:54:10 [INFO] Epoch: 27/30 -- Train Loss: 0.251 -- Validation Loss: 0.941 -- Validation ACC: 0.667 -- Validation F1: 0.769
2024-07-17,12:54:11 [INFO] Epoch: 28/30 -- Train Loss: 0.780 -- Validation Loss: 0.931 -- Validation ACC: 0.667 -- Validation F1: 0.769
2024-07-17,12:54:13 [INFO] Epoch: 29/30 -- Train Loss: 0.448 -- Validation Loss: 0.921 -- Validation ACC: 0.667 -- Validation F1: 0.769
2024-07-17,12:54:13 [INFO] Run 2/5: Average Over Last 6 epochs -- Valid ACC: 0.6666666666666666 -- Valid F1-score: 0.7692307829856873
2024-07-17,12:54:14 [INFO] Test Results of Run 2/5: -- Test Loss: 0.853 -- Test ACC: 0.704 -- Test F1: 0.742
2024-07-17,12:54:15 [INFO] Epoch: 0/30 -- Train Loss: 2.145 -- Validation Loss: 0.987 -- Validation ACC: 0.667 -- Validation F1: 0.769
2024-07-17,12:54:29 [INFO] Epoch: 10/30 -- Train Loss: 0.494 -- Validation Loss: 0.922 -- Validation ACC: 0.667 -- Validation F1: 0.769
2024-07-17,12:54:43 [INFO] Epoch: 20/30 -- Train Loss: 0.494 -- Validation Loss: 0.965 -- Validation ACC: 0.667 -- Validation F1: 0.769
2024-07-17,12:54:49 [INFO] Epoch: 24/30 -- Train Loss: 0.208 -- Validation Loss: 1.017 -- Validation ACC: 0.667 -- Validation F1: 0.769
2024-07-17,12:54:51 [INFO] Epoch: 25/30 -- Train Loss: 0.376 -- Validation Loss: 0.964 -- Validation ACC: 0.667 -- Validation F1: 0.769
2024-07-17,12:54:53 [INFO] Epoch: 26/30 -- Train Loss: 0.684 -- Validation Loss: 0.948 -- Validation ACC: 0.667 -- Validation F1: 0.769
2024-07-17,12:54:55 [INFO] Epoch: 27/30 -- Train Loss: 0.622 -- Validation Loss: 0.951 -- Validation ACC: 0.667 -- Validation F1: 0.769
2024-07-17,12:54:56 [INFO] Epoch: 28/30 -- Train Loss: 0.366 -- Validation Loss: 0.957 -- Validation ACC: 0.667 -- Validation F1: 0.769
2024-07-17,12:54:58 [INFO] Epoch: 29/30 -- Train Loss: 0.654 -- Validation Loss: 0.948 -- Validation ACC: 0.667 -- Validation F1: 0.769
2024-07-17,12:54:58 [INFO] Run 3/5: Average Over Last 6 epochs -- Valid ACC: 0.6666666666666666 -- Valid F1-score: 0.7692307829856873
2024-07-17,12:54:59 [INFO] Test Results of Run 3/5: -- Test Loss: 0.885 -- Test ACC: 0.696 -- Test F1: 0.745
2024-07-17,12:55:01 [INFO] Epoch: 0/30 -- Train Loss: 0.305 -- Validation Loss: 0.927 -- Validation ACC: 0.667 -- Validation F1: 0.769
2024-07-17,12:55:14 [INFO] Epoch: 10/30 -- Train Loss: 1.346 -- Validation Loss: 0.893 -- Validation ACC: 0.667 -- Validation F1: 0.769
2024-07-17,12:55:28 [INFO] Epoch: 20/30 -- Train Loss: 0.239 -- Validation Loss: 0.900 -- Validation ACC: 0.611 -- Validation F1: 0.720
2024-07-17,12:55:33 [INFO] Epoch: 24/30 -- Train Loss: 0.248 -- Validation Loss: 0.873 -- Validation ACC: 0.611 -- Validation F1: 0.720
2024-07-17,12:55:35 [INFO] Epoch: 25/30 -- Train Loss: 0.291 -- Validation Loss: 0.884 -- Validation ACC: 0.611 -- Validation F1: 0.720
2024-07-17,12:55:37 [INFO] Epoch: 26/30 -- Train Loss: 0.418 -- Validation Loss: 0.894 -- Validation ACC: 0.611 -- Validation F1: 0.720
2024-07-17,12:55:39 [INFO] Epoch: 27/30 -- Train Loss: 0.516 -- Validation Loss: 0.905 -- Validation ACC: 0.611 -- Validation F1: 0.720
2024-07-17,12:55:41 [INFO] Epoch: 28/30 -- Train Loss: 0.370 -- Validation Loss: 0.930 -- Validation ACC: 0.667 -- Validation F1: 0.769
2024-07-17,12:55:42 [INFO] Epoch: 29/30 -- Train Loss: 0.798 -- Validation Loss: 0.959 -- Validation ACC: 0.667 -- Validation F1: 0.769
2024-07-17,12:55:42 [INFO] Run 4/5: Average Over Last 6 epochs -- Valid ACC: 0.6296296296296297 -- Valid F1-score: 0.7364102800687155
2024-07-17,12:55:43 [INFO] Test Results of Run 4/5: -- Test Loss: 0.878 -- Test ACC: 0.687 -- Test F1: 0.735
2024-07-17,12:55:43 [INFO] Validation average after 5 runs -- ACC: 0.663 -- F1-score: 0.766
2024-07-17,12:55:43 [INFO] Test average after 5 runs -- ACC: 0.694 -- F1-score: 0.739
2024-07-17,12:55:43 [INFO] Finished round 2/10 of experiments!
2024-07-17,12:55:43 [INFO] Started round 3/10 of experiments!
2024-07-17,12:55:44 [INFO] Loading previous pretrained model at ./pretrained/GCN_Pretrained_2024-07-01-15-00-59.pth
2024-07-17,12:55:44 [INFO] Pretrained GNN on Source Dataset -- Test Loss: 0.746 -- Test ACC: 0.739 -- Test F1-score: 0.786
2024-07-17,12:55:45 [INFO] Pretrained GNN on Target Dataset Without Prompting: -- Validation Loss: 0.769 -- Validation ACC: 0.722 -- Validation F1-score: 0.706 -- Test Loss: 0.897 -- Test ACC: 0.748 -- Test F1-score: 0.810
2024-07-17,12:55:47 [INFO] Epoch: 0/30 -- Train Loss: 0.171 -- Validation Loss: 0.775 -- Validation ACC: 0.722 -- Validation F1: 0.706
2024-07-17,12:56:01 [INFO] Epoch: 10/30 -- Train Loss: 0.493 -- Validation Loss: 0.743 -- Validation ACC: 0.778 -- Validation F1: 0.750
2024-07-17,12:56:15 [INFO] Epoch: 20/30 -- Train Loss: 1.082 -- Validation Loss: 0.900 -- Validation ACC: 0.722 -- Validation F1: 0.737
2024-07-17,12:56:20 [INFO] Epoch: 24/30 -- Train Loss: 0.173 -- Validation Loss: 0.814 -- Validation ACC: 0.778 -- Validation F1: 0.778
2024-07-17,12:56:22 [INFO] Epoch: 25/30 -- Train Loss: 1.735 -- Validation Loss: 0.733 -- Validation ACC: 0.778 -- Validation F1: 0.778
2024-07-17,12:56:23 [INFO] Epoch: 26/30 -- Train Loss: 0.261 -- Validation Loss: 0.721 -- Validation ACC: 0.778 -- Validation F1: 0.750
2024-07-17,12:56:25 [INFO] Epoch: 27/30 -- Train Loss: 0.536 -- Validation Loss: 0.747 -- Validation ACC: 0.722 -- Validation F1: 0.667
2024-07-17,12:56:27 [INFO] Epoch: 28/30 -- Train Loss: 0.724 -- Validation Loss: 0.759 -- Validation ACC: 0.722 -- Validation F1: 0.667
2024-07-17,12:56:29 [INFO] Epoch: 29/30 -- Train Loss: 0.505 -- Validation Loss: 0.721 -- Validation ACC: 0.722 -- Validation F1: 0.667
2024-07-17,12:56:29 [INFO] Run 0/5: Average Over Last 6 epochs -- Valid ACC: 0.75 -- Valid F1-score: 0.7175926069418589
2024-07-17,12:56:29 [INFO] Test Results of Run 0/5: -- Test Loss: 0.900 -- Test ACC: 0.704 -- Test F1: 0.770
2024-07-17,12:56:31 [INFO] Epoch: 0/30 -- Train Loss: 0.172 -- Validation Loss: 0.742 -- Validation ACC: 0.722 -- Validation F1: 0.706
2024-07-17,12:56:45 [INFO] Epoch: 10/30 -- Train Loss: 0.178 -- Validation Loss: 0.778 -- Validation ACC: 0.778 -- Validation F1: 0.750
2024-07-17,12:56:59 [INFO] Epoch: 20/30 -- Train Loss: 0.178 -- Validation Loss: 0.770 -- Validation ACC: 0.778 -- Validation F1: 0.778
2024-07-17,12:57:05 [INFO] Epoch: 24/30 -- Train Loss: 0.285 -- Validation Loss: 0.842 -- Validation ACC: 0.778 -- Validation F1: 0.778
2024-07-17,12:57:07 [INFO] Epoch: 25/30 -- Train Loss: 0.273 -- Validation Loss: 0.843 -- Validation ACC: 0.778 -- Validation F1: 0.778
2024-07-17,12:57:09 [INFO] Epoch: 26/30 -- Train Loss: 0.730 -- Validation Loss: 0.823 -- Validation ACC: 0.778 -- Validation F1: 0.778
2024-07-17,12:57:11 [INFO] Epoch: 27/30 -- Train Loss: 0.295 -- Validation Loss: 0.813 -- Validation ACC: 0.778 -- Validation F1: 0.778
2024-07-17,12:57:13 [INFO] Epoch: 28/30 -- Train Loss: 0.503 -- Validation Loss: 0.846 -- Validation ACC: 0.778 -- Validation F1: 0.778
2024-07-17,12:57:14 [INFO] Epoch: 29/30 -- Train Loss: 0.371 -- Validation Loss: 0.907 -- Validation ACC: 0.722 -- Validation F1: 0.737
2024-07-17,12:57:14 [INFO] Run 1/5: Average Over Last 6 epochs -- Valid ACC: 0.7685185185185185 -- Valid F1-score: 0.7709551751613617
2024-07-17,12:57:15 [INFO] Test Results of Run 1/5: -- Test Loss: 0.990 -- Test ACC: 0.765 -- Test F1: 0.834
2024-07-17,12:57:17 [INFO] Epoch: 0/30 -- Train Loss: 0.180 -- Validation Loss: 0.877 -- Validation ACC: 0.778 -- Validation F1: 0.778
2024-07-17,12:57:30 [INFO] Epoch: 10/30 -- Train Loss: 0.430 -- Validation Loss: 0.774 -- Validation ACC: 0.778 -- Validation F1: 0.750
2024-07-17,12:57:45 [INFO] Epoch: 20/30 -- Train Loss: 0.177 -- Validation Loss: 0.834 -- Validation ACC: 0.778 -- Validation F1: 0.778
2024-07-17,12:57:51 [INFO] Epoch: 24/30 -- Train Loss: 2.453 -- Validation Loss: 0.932 -- Validation ACC: 0.722 -- Validation F1: 0.737
2024-07-17,12:57:53 [INFO] Epoch: 25/30 -- Train Loss: 0.622 -- Validation Loss: 0.839 -- Validation ACC: 0.722 -- Validation F1: 0.706
2024-07-17,12:57:55 [INFO] Epoch: 26/30 -- Train Loss: 0.525 -- Validation Loss: 0.791 -- Validation ACC: 0.722 -- Validation F1: 0.706
2024-07-17,12:57:56 [INFO] Epoch: 27/30 -- Train Loss: 0.470 -- Validation Loss: 0.757 -- Validation ACC: 0.778 -- Validation F1: 0.750
2024-07-17,12:57:58 [INFO] Epoch: 28/30 -- Train Loss: 0.386 -- Validation Loss: 0.738 -- Validation ACC: 0.778 -- Validation F1: 0.750
2024-07-17,12:58:00 [INFO] Epoch: 29/30 -- Train Loss: 0.574 -- Validation Loss: 0.734 -- Validation ACC: 0.778 -- Validation F1: 0.750
2024-07-17,12:58:00 [INFO] Run 2/5: Average Over Last 6 epochs -- Valid ACC: 0.75 -- Valid F1-score: 0.7331011394659678
2024-07-17,12:58:01 [INFO] Test Results of Run 2/5: -- Test Loss: 0.898 -- Test ACC: 0.739 -- Test F1: 0.803
2024-07-17,12:58:02 [INFO] Epoch: 0/30 -- Train Loss: 0.867 -- Validation Loss: 0.767 -- Validation ACC: 0.778 -- Validation F1: 0.778
2024-07-17,12:58:15 [INFO] Epoch: 10/30 -- Train Loss: 0.434 -- Validation Loss: 0.835 -- Validation ACC: 0.722 -- Validation F1: 0.706
2024-07-17,12:58:30 [INFO] Epoch: 20/30 -- Train Loss: 1.277 -- Validation Loss: 0.709 -- Validation ACC: 0.778 -- Validation F1: 0.750
2024-07-17,12:58:36 [INFO] Epoch: 24/30 -- Train Loss: 1.196 -- Validation Loss: 0.722 -- Validation ACC: 0.778 -- Validation F1: 0.750
2024-07-17,12:58:38 [INFO] Epoch: 25/30 -- Train Loss: 0.744 -- Validation Loss: 0.721 -- Validation ACC: 0.833 -- Validation F1: 0.824
2024-07-17,12:58:40 [INFO] Epoch: 26/30 -- Train Loss: 0.435 -- Validation Loss: 0.755 -- Validation ACC: 0.778 -- Validation F1: 0.778
2024-07-17,12:58:41 [INFO] Epoch: 27/30 -- Train Loss: 0.420 -- Validation Loss: 0.808 -- Validation ACC: 0.778 -- Validation F1: 0.778
2024-07-17,12:58:43 [INFO] Epoch: 28/30 -- Train Loss: 0.176 -- Validation Loss: 0.790 -- Validation ACC: 0.778 -- Validation F1: 0.778
2024-07-17,12:58:45 [INFO] Epoch: 29/30 -- Train Loss: 1.277 -- Validation Loss: 0.757 -- Validation ACC: 0.778 -- Validation F1: 0.778
2024-07-17,12:58:45 [INFO] Run 3/5: Average Over Last 6 epochs -- Valid ACC: 0.7870370370370371 -- Valid F1-score: 0.7807734310626984
2024-07-17,12:58:45 [INFO] Test Results of Run 3/5: -- Test Loss: 0.936 -- Test ACC: 0.748 -- Test F1: 0.810
2024-07-17,12:58:47 [INFO] Epoch: 0/30 -- Train Loss: 0.670 -- Validation Loss: 0.800 -- Validation ACC: 0.722 -- Validation F1: 0.706
2024-07-17,12:59:00 [INFO] Epoch: 10/30 -- Train Loss: 0.575 -- Validation Loss: 0.774 -- Validation ACC: 0.722 -- Validation F1: 0.706
2024-07-17,12:59:15 [INFO] Epoch: 20/30 -- Train Loss: 0.945 -- Validation Loss: 0.794 -- Validation ACC: 0.778 -- Validation F1: 0.750
2024-07-17,12:59:21 [INFO] Epoch: 24/30 -- Train Loss: 0.491 -- Validation Loss: 0.841 -- Validation ACC: 0.722 -- Validation F1: 0.706
2024-07-17,12:59:22 [INFO] Epoch: 25/30 -- Train Loss: 0.185 -- Validation Loss: 0.814 -- Validation ACC: 0.722 -- Validation F1: 0.706
2024-07-17,12:59:24 [INFO] Epoch: 26/30 -- Train Loss: 0.175 -- Validation Loss: 0.790 -- Validation ACC: 0.722 -- Validation F1: 0.706
2024-07-17,12:59:26 [INFO] Epoch: 27/30 -- Train Loss: 0.792 -- Validation Loss: 0.802 -- Validation ACC: 0.778 -- Validation F1: 0.778
2024-07-17,12:59:28 [INFO] Epoch: 28/30 -- Train Loss: 0.245 -- Validation Loss: 0.882 -- Validation ACC: 0.722 -- Validation F1: 0.737
2024-07-17,12:59:30 [INFO] Epoch: 29/30 -- Train Loss: 0.516 -- Validation Loss: 0.860 -- Validation ACC: 0.778 -- Validation F1: 0.778
2024-07-17,12:59:30 [INFO] Run 4/5: Average Over Last 6 epochs -- Valid ACC: 0.7407407407407408 -- Valid F1-score: 0.7350074648857117
2024-07-17,12:59:30 [INFO] Test Results of Run 4/5: -- Test Loss: 0.972 -- Test ACC: 0.748 -- Test F1: 0.820
2024-07-17,12:59:30 [INFO] Validation average after 5 runs -- ACC: 0.759 -- F1-score: 0.747
2024-07-17,12:59:30 [INFO] Test average after 5 runs -- ACC: 0.741 -- F1-score: 0.808
2024-07-17,12:59:30 [INFO] Finished round 3/10 of experiments!
2024-07-17,12:59:30 [INFO] Started round 4/10 of experiments!
2024-07-17,12:59:31 [INFO] Loading previous pretrained model at ./pretrained/GCN_Pretrained_2024-07-01-15-03-17.pth
2024-07-17,12:59:32 [INFO] Pretrained GNN on Source Dataset -- Test Loss: 1.048 -- Test ACC: 0.696 -- Test F1-score: 0.759
2024-07-17,12:59:33 [INFO] Pretrained GNN on Target Dataset Without Prompting: -- Validation Loss: 0.854 -- Validation ACC: 0.500 -- Validation F1-score: 0.571 -- Test Loss: 0.781 -- Test ACC: 0.713 -- Test F1-score: 0.784
2024-07-17,12:59:34 [INFO] Epoch: 0/30 -- Train Loss: 0.616 -- Validation Loss: 0.964 -- Validation ACC: 0.500 -- Validation F1: 0.571
2024-07-17,12:59:48 [INFO] Epoch: 10/30 -- Train Loss: 1.659 -- Validation Loss: 1.177 -- Validation ACC: 0.500 -- Validation F1: 0.571
2024-07-17,13:00:03 [INFO] Epoch: 20/30 -- Train Loss: 1.245 -- Validation Loss: 0.933 -- Validation ACC: 0.556 -- Validation F1: 0.600
2024-07-17,13:00:09 [INFO] Epoch: 24/30 -- Train Loss: 0.224 -- Validation Loss: 0.985 -- Validation ACC: 0.611 -- Validation F1: 0.632
2024-07-17,13:00:11 [INFO] Epoch: 25/30 -- Train Loss: 0.255 -- Validation Loss: 1.006 -- Validation ACC: 0.556 -- Validation F1: 0.600
2024-07-17,13:00:12 [INFO] Epoch: 26/30 -- Train Loss: 0.309 -- Validation Loss: 1.089 -- Validation ACC: 0.500 -- Validation F1: 0.571
2024-07-17,13:00:14 [INFO] Epoch: 27/30 -- Train Loss: 0.394 -- Validation Loss: 1.174 -- Validation ACC: 0.500 -- Validation F1: 0.571
2024-07-17,13:00:16 [INFO] Epoch: 28/30 -- Train Loss: 0.932 -- Validation Loss: 1.238 -- Validation ACC: 0.500 -- Validation F1: 0.571
2024-07-17,13:00:18 [INFO] Epoch: 29/30 -- Train Loss: 0.728 -- Validation Loss: 1.196 -- Validation ACC: 0.500 -- Validation F1: 0.571
2024-07-17,13:00:18 [INFO] Run 0/5: Average Over Last 6 epochs -- Valid ACC: 0.5277777777777778 -- Valid F1-score: 0.5862155556678772
2024-07-17,13:00:18 [INFO] Test Results of Run 0/5: -- Test Loss: 0.879 -- Test ACC: 0.730 -- Test F1: 0.807
2024-07-17,13:00:20 [INFO] Epoch: 0/30 -- Train Loss: 1.291 -- Validation Loss: 0.721 -- Validation ACC: 0.611 -- Validation F1: 0.632
2024-07-17,13:00:34 [INFO] Epoch: 10/30 -- Train Loss: 0.430 -- Validation Loss: 1.127 -- Validation ACC: 0.500 -- Validation F1: 0.571
2024-07-17,13:00:48 [INFO] Epoch: 20/30 -- Train Loss: 0.298 -- Validation Loss: 0.881 -- Validation ACC: 0.611 -- Validation F1: 0.632
2024-07-17,13:00:54 [INFO] Epoch: 24/30 -- Train Loss: 0.622 -- Validation Loss: 0.839 -- Validation ACC: 0.667 -- Validation F1: 0.667
2024-07-17,13:00:55 [INFO] Epoch: 25/30 -- Train Loss: 0.319 -- Validation Loss: 1.047 -- Validation ACC: 0.500 -- Validation F1: 0.571
2024-07-17,13:00:57 [INFO] Epoch: 26/30 -- Train Loss: 0.346 -- Validation Loss: 1.340 -- Validation ACC: 0.500 -- Validation F1: 0.571
2024-07-17,13:00:59 [INFO] Epoch: 27/30 -- Train Loss: 0.190 -- Validation Loss: 1.512 -- Validation ACC: 0.444 -- Validation F1: 0.545
2024-07-17,13:01:00 [INFO] Epoch: 28/30 -- Train Loss: 0.269 -- Validation Loss: 1.687 -- Validation ACC: 0.444 -- Validation F1: 0.545
2024-07-17,13:01:02 [INFO] Epoch: 29/30 -- Train Loss: 0.247 -- Validation Loss: 1.780 -- Validation ACC: 0.444 -- Validation F1: 0.545
2024-07-17,13:01:02 [INFO] Run 1/5: Average Over Last 6 epochs -- Valid ACC: 0.5 -- Valid F1-score: 0.5743145942687988
2024-07-17,13:01:03 [INFO] Test Results of Run 1/5: -- Test Loss: 1.199 -- Test ACC: 0.687 -- Test F1: 0.795
2024-07-17,13:01:04 [INFO] Epoch: 0/30 -- Train Loss: 0.458 -- Validation Loss: 1.134 -- Validation ACC: 0.500 -- Validation F1: 0.571
2024-07-17,13:01:18 [INFO] Epoch: 10/30 -- Train Loss: 0.580 -- Validation Loss: 0.739 -- Validation ACC: 0.611 -- Validation F1: 0.632
2024-07-17,13:01:32 [INFO] Epoch: 20/30 -- Train Loss: 0.186 -- Validation Loss: 1.037 -- Validation ACC: 0.500 -- Validation F1: 0.571
2024-07-17,13:01:38 [INFO] Epoch: 24/30 -- Train Loss: 1.176 -- Validation Loss: 1.091 -- Validation ACC: 0.500 -- Validation F1: 0.571
2024-07-17,13:01:40 [INFO] Epoch: 25/30 -- Train Loss: 0.473 -- Validation Loss: 1.026 -- Validation ACC: 0.500 -- Validation F1: 0.571
2024-07-17,13:01:42 [INFO] Epoch: 26/30 -- Train Loss: 0.221 -- Validation Loss: 0.970 -- Validation ACC: 0.500 -- Validation F1: 0.571
2024-07-17,13:01:44 [INFO] Epoch: 27/30 -- Train Loss: 0.343 -- Validation Loss: 0.949 -- Validation ACC: 0.500 -- Validation F1: 0.571
2024-07-17,13:01:46 [INFO] Epoch: 28/30 -- Train Loss: 0.174 -- Validation Loss: 0.872 -- Validation ACC: 0.611 -- Validation F1: 0.632
2024-07-17,13:01:47 [INFO] Epoch: 29/30 -- Train Loss: 1.020 -- Validation Loss: 0.788 -- Validation ACC: 0.667 -- Validation F1: 0.667
2024-07-17,13:01:47 [INFO] Run 2/5: Average Over Last 6 epochs -- Valid ACC: 0.5462962962962963 -- Valid F1-score: 0.5973266661167145
2024-07-17,13:01:48 [INFO] Test Results of Run 2/5: -- Test Loss: 0.768 -- Test ACC: 0.696 -- Test F1: 0.765
2024-07-17,13:01:49 [INFO] Epoch: 0/30 -- Train Loss: 0.295 -- Validation Loss: 0.624 -- Validation ACC: 0.611 -- Validation F1: 0.588
2024-07-17,13:02:04 [INFO] Epoch: 10/30 -- Train Loss: 0.324 -- Validation Loss: 1.024 -- Validation ACC: 0.500 -- Validation F1: 0.571
2024-07-17,13:02:17 [INFO] Epoch: 20/30 -- Train Loss: 0.812 -- Validation Loss: 0.949 -- Validation ACC: 0.556 -- Validation F1: 0.600
2024-07-17,13:02:24 [INFO] Epoch: 24/30 -- Train Loss: 0.530 -- Validation Loss: 1.153 -- Validation ACC: 0.500 -- Validation F1: 0.571
2024-07-17,13:02:26 [INFO] Epoch: 25/30 -- Train Loss: 0.524 -- Validation Loss: 1.180 -- Validation ACC: 0.500 -- Validation F1: 0.571
2024-07-17,13:02:28 [INFO] Epoch: 26/30 -- Train Loss: 1.426 -- Validation Loss: 1.058 -- Validation ACC: 0.500 -- Validation F1: 0.571
2024-07-17,13:02:30 [INFO] Epoch: 27/30 -- Train Loss: 0.205 -- Validation Loss: 0.871 -- Validation ACC: 0.556 -- Validation F1: 0.600
2024-07-17,13:02:32 [INFO] Epoch: 28/30 -- Train Loss: 1.502 -- Validation Loss: 0.865 -- Validation ACC: 0.556 -- Validation F1: 0.600
2024-07-17,13:02:33 [INFO] Epoch: 29/30 -- Train Loss: 0.702 -- Validation Loss: 0.842 -- Validation ACC: 0.556 -- Validation F1: 0.600
2024-07-17,13:02:33 [INFO] Run 3/5: Average Over Last 6 epochs -- Valid ACC: 0.5277777777777777 -- Valid F1-score: 0.5857143104076385
2024-07-17,13:02:34 [INFO] Test Results of Run 3/5: -- Test Loss: 0.779 -- Test ACC: 0.704 -- Test F1: 0.776
2024-07-17,13:02:36 [INFO] Epoch: 0/30 -- Train Loss: 0.331 -- Validation Loss: 0.824 -- Validation ACC: 0.667 -- Validation F1: 0.667
2024-07-17,13:02:50 [INFO] Epoch: 10/30 -- Train Loss: 0.185 -- Validation Loss: 1.232 -- Validation ACC: 0.500 -- Validation F1: 0.571
2024-07-17,13:03:03 [INFO] Epoch: 20/30 -- Train Loss: 0.998 -- Validation Loss: 0.720 -- Validation ACC: 0.611 -- Validation F1: 0.632
2024-07-17,13:03:09 [INFO] Epoch: 24/30 -- Train Loss: 0.527 -- Validation Loss: 0.931 -- Validation ACC: 0.500 -- Validation F1: 0.571
2024-07-17,13:03:11 [INFO] Epoch: 25/30 -- Train Loss: 0.214 -- Validation Loss: 1.057 -- Validation ACC: 0.500 -- Validation F1: 0.571
2024-07-17,13:03:14 [INFO] Epoch: 26/30 -- Train Loss: 0.208 -- Validation Loss: 1.349 -- Validation ACC: 0.444 -- Validation F1: 0.545
2024-07-17,13:03:16 [INFO] Epoch: 27/30 -- Train Loss: 0.226 -- Validation Loss: 1.554 -- Validation ACC: 0.444 -- Validation F1: 0.545
2024-07-17,13:03:18 [INFO] Epoch: 28/30 -- Train Loss: 0.334 -- Validation Loss: 1.511 -- Validation ACC: 0.444 -- Validation F1: 0.545
2024-07-17,13:03:20 [INFO] Epoch: 29/30 -- Train Loss: 0.407 -- Validation Loss: 1.381 -- Validation ACC: 0.444 -- Validation F1: 0.545
2024-07-17,13:03:20 [INFO] Run 4/5: Average Over Last 6 epochs -- Valid ACC: 0.46296296296296297 -- Valid F1-score: 0.5541125734647115
2024-07-17,13:03:20 [INFO] Test Results of Run 4/5: -- Test Loss: 1.003 -- Test ACC: 0.722 -- Test F1: 0.812
2024-07-17,13:03:20 [INFO] Validation average after 5 runs -- ACC: 0.513 -- F1-score: 0.580
2024-07-17,13:03:20 [INFO] Test average after 5 runs -- ACC: 0.708 -- F1-score: 0.791
2024-07-17,13:03:20 [INFO] Finished round 4/10 of experiments!
2024-07-17,13:03:20 [INFO] Started round 5/10 of experiments!
2024-07-17,13:03:21 [INFO] Setting for pretraining: Model: {'gnn_type': 'gcn', 'in_channels': 56, 'hidden_channels': 512, 'out_channels': 2, 'num_layers': 3, 'dropout': 0.4, 'with_bn': False, 'with_head': True} -- Optimizer: {'lr': 0.01, 'scheduler_step_size': 50, 'scheduler_gamma': 0.5, 'weight_decay': 0.0} -- Training: {'n_epochs': 100}
2024-07-17,13:03:21 [INFO] Loading previous pretrained model at ./pretrained/GCN_Pretrained_2024-07-01-15-05-37.pth
2024-07-17,13:03:21 [INFO] Prompting method: flex_match -- Setting: Prompting function: gpf_plus -- Target Dataset: DHFR
2024-07-17,13:03:21 [INFO] Setting for prompt tuning: Prompt: {'emb_dim': 56, 'h_dim': 512, 'output_dim': 56, 'prompt_fn': 'gpf_plus', 'token_num': 50, 'cross_prune': 0.8, 'inner_prune': 0.3, 'attn_with_param': False} -- Pretrained Model: {'gnn_type': 'gcn', 'in_channels': 56, 'hidden_channels': 512, 'out_channels': 2, 'num_layers': 3, 'dropout': 0.4, 'with_bn': False, 'with_head': True} -- Optimizer: {'lr': 0.01, 'scheduler_step_size': 50, 'scheduler_gamma': 0.5, 'weight_decay': 0.1} -- Training: {'aug_type': 'feature', 'pos_aug_mode': 'mask', 'p_raug': 0.15, 'n_epochs': 30, 'r_reg': 0.0, 'soft_label': False, 'clutering_iters': 3, 'iterative_clustering': False, 'entropy_div_ratio': 3, 'w_entropy_loss': 0.0, 'w_softmax_loss': 0.0, 'w_domain_loss': 0.25, 'light_aug_prob': 0.1, 'light_aug_mode': 'mask', 'num_classes': 2, 'cut_off': 0.5}
2024-07-17,13:03:21 [INFO] Prompt tuning started: Num runs: 5 -- Eval step: 10
2024-07-17,13:03:22 [INFO] Pretrained GNN on Source Dataset -- Test Loss: 0.768 -- Test ACC: 0.687 -- Test F1-score: 0.684
2024-07-17,13:03:22 [INFO] Pretrained GNN on Target Dataset Without Prompting: -- Validation Loss: 0.232 -- Validation ACC: 0.889 -- Validation F1-score: 0.900 -- Test Loss: 0.871 -- Test ACC: 0.722 -- Test F1-score: 0.754
2024-07-17,13:03:24 [INFO] Epoch: 0/30 -- Train Loss: 0.190 -- Validation Loss: 0.278 -- Validation ACC: 0.889 -- Validation F1: 0.909
2024-07-17,13:03:37 [INFO] Epoch: 10/30 -- Train Loss: 0.515 -- Validation Loss: 0.250 -- Validation ACC: 0.833 -- Validation F1: 0.842
2024-07-17,13:03:51 [INFO] Epoch: 20/30 -- Train Loss: 0.186 -- Validation Loss: 0.256 -- Validation ACC: 0.833 -- Validation F1: 0.824
2024-07-17,13:03:57 [INFO] Epoch: 24/30 -- Train Loss: 0.219 -- Validation Loss: 0.257 -- Validation ACC: 0.833 -- Validation F1: 0.824
2024-07-17,13:03:59 [INFO] Epoch: 25/30 -- Train Loss: 0.719 -- Validation Loss: 0.233 -- Validation ACC: 0.889 -- Validation F1: 0.900
2024-07-17,13:04:00 [INFO] Epoch: 26/30 -- Train Loss: 0.849 -- Validation Loss: 0.230 -- Validation ACC: 0.889 -- Validation F1: 0.900
2024-07-17,13:04:02 [INFO] Epoch: 27/30 -- Train Loss: 0.259 -- Validation Loss: 0.230 -- Validation ACC: 0.889 -- Validation F1: 0.900
2024-07-17,13:04:05 [INFO] Epoch: 28/30 -- Train Loss: 0.208 -- Validation Loss: 0.236 -- Validation ACC: 0.889 -- Validation F1: 0.900
2024-07-17,13:04:07 [INFO] Epoch: 29/30 -- Train Loss: 0.544 -- Validation Loss: 0.238 -- Validation ACC: 0.889 -- Validation F1: 0.900
2024-07-17,13:04:07 [INFO] Run 0/5: Average Over Last 6 epochs -- Valid ACC: 0.8796296296296298 -- Valid F1-score: 0.8872548838456472
2024-07-17,13:04:07 [INFO] Test Results of Run 0/5: -- Test Loss: 0.897 -- Test ACC: 0.713 -- Test F1: 0.756
2024-07-17,13:04:09 [INFO] Epoch: 0/30 -- Train Loss: 0.565 -- Validation Loss: 0.234 -- Validation ACC: 0.889 -- Validation F1: 0.900
2024-07-17,13:04:23 [INFO] Epoch: 10/30 -- Train Loss: 0.784 -- Validation Loss: 0.237 -- Validation ACC: 0.833 -- Validation F1: 0.842
2024-07-17,13:04:36 [INFO] Epoch: 20/30 -- Train Loss: 0.180 -- Validation Loss: 0.302 -- Validation ACC: 0.778 -- Validation F1: 0.750
2024-07-17,13:04:43 [INFO] Epoch: 24/30 -- Train Loss: 0.464 -- Validation Loss: 0.264 -- Validation ACC: 0.833 -- Validation F1: 0.824
2024-07-17,13:04:44 [INFO] Epoch: 25/30 -- Train Loss: 0.486 -- Validation Loss: 0.257 -- Validation ACC: 0.778 -- Validation F1: 0.778
2024-07-17,13:04:46 [INFO] Epoch: 26/30 -- Train Loss: 0.573 -- Validation Loss: 0.258 -- Validation ACC: 0.778 -- Validation F1: 0.778
2024-07-17,13:04:48 [INFO] Epoch: 27/30 -- Train Loss: 0.326 -- Validation Loss: 0.283 -- Validation ACC: 0.778 -- Validation F1: 0.750
2024-07-17,13:04:50 [INFO] Epoch: 28/30 -- Train Loss: 0.700 -- Validation Loss: 0.301 -- Validation ACC: 0.778 -- Validation F1: 0.750
2024-07-17,13:04:51 [INFO] Epoch: 29/30 -- Train Loss: 0.461 -- Validation Loss: 0.307 -- Validation ACC: 0.778 -- Validation F1: 0.750
2024-07-17,13:04:51 [INFO] Run 1/5: Average Over Last 6 epochs -- Valid ACC: 0.7870370370370371 -- Valid F1-score: 0.7715141673882803
2024-07-17,13:04:52 [INFO] Test Results of Run 1/5: -- Test Loss: 0.870 -- Test ACC: 0.678 -- Test F1: 0.694
2024-07-17,13:04:53 [INFO] Epoch: 0/30 -- Train Loss: 0.354 -- Validation Loss: 0.257 -- Validation ACC: 0.833 -- Validation F1: 0.824
2024-07-17,13:05:07 [INFO] Epoch: 10/30 -- Train Loss: 0.613 -- Validation Loss: 0.253 -- Validation ACC: 0.833 -- Validation F1: 0.842
2024-07-17,13:05:21 [INFO] Epoch: 20/30 -- Train Loss: 0.214 -- Validation Loss: 0.231 -- Validation ACC: 0.889 -- Validation F1: 0.900
2024-07-17,13:05:27 [INFO] Epoch: 24/30 -- Train Loss: 1.455 -- Validation Loss: 0.242 -- Validation ACC: 0.889 -- Validation F1: 0.900
2024-07-17,13:05:28 [INFO] Epoch: 25/30 -- Train Loss: 0.229 -- Validation Loss: 0.229 -- Validation ACC: 0.889 -- Validation F1: 0.900
2024-07-17,13:05:30 [INFO] Epoch: 26/30 -- Train Loss: 0.411 -- Validation Loss: 0.227 -- Validation ACC: 0.889 -- Validation F1: 0.900
2024-07-17,13:05:32 [INFO] Epoch: 27/30 -- Train Loss: 0.376 -- Validation Loss: 0.227 -- Validation ACC: 0.889 -- Validation F1: 0.900
2024-07-17,13:05:34 [INFO] Epoch: 28/30 -- Train Loss: 0.520 -- Validation Loss: 0.231 -- Validation ACC: 0.889 -- Validation F1: 0.900
2024-07-17,13:05:35 [INFO] Epoch: 29/30 -- Train Loss: 0.173 -- Validation Loss: 0.242 -- Validation ACC: 0.889 -- Validation F1: 0.900
2024-07-17,13:05:35 [INFO] Run 2/5: Average Over Last 6 epochs -- Valid ACC: 0.888888888888889 -- Valid F1-score: 0.8999999761581421
2024-07-17,13:05:36 [INFO] Test Results of Run 2/5: -- Test Loss: 0.878 -- Test ACC: 0.713 -- Test F1: 0.744
2024-07-17,13:05:38 [INFO] Epoch: 0/30 -- Train Loss: 0.938 -- Validation Loss: 0.231 -- Validation ACC: 0.889 -- Validation F1: 0.900
2024-07-17,13:05:52 [INFO] Epoch: 10/30 -- Train Loss: 0.269 -- Validation Loss: 0.256 -- Validation ACC: 0.833 -- Validation F1: 0.824
2024-07-17,13:06:05 [INFO] Epoch: 20/30 -- Train Loss: 0.280 -- Validation Loss: 0.245 -- Validation ACC: 0.889 -- Validation F1: 0.889
2024-07-17,13:06:11 [INFO] Epoch: 24/30 -- Train Loss: 0.571 -- Validation Loss: 0.240 -- Validation ACC: 0.833 -- Validation F1: 0.842
2024-07-17,13:06:12 [INFO] Epoch: 25/30 -- Train Loss: 0.175 -- Validation Loss: 0.238 -- Validation ACC: 0.889 -- Validation F1: 0.900
2024-07-17,13:06:14 [INFO] Epoch: 26/30 -- Train Loss: 0.743 -- Validation Loss: 0.236 -- Validation ACC: 0.889 -- Validation F1: 0.900
2024-07-17,13:06:16 [INFO] Epoch: 27/30 -- Train Loss: 0.199 -- Validation Loss: 0.237 -- Validation ACC: 0.889 -- Validation F1: 0.900
2024-07-17,13:06:17 [INFO] Epoch: 28/30 -- Train Loss: 0.411 -- Validation Loss: 0.242 -- Validation ACC: 0.889 -- Validation F1: 0.900
2024-07-17,13:06:19 [INFO] Epoch: 29/30 -- Train Loss: 0.478 -- Validation Loss: 0.250 -- Validation ACC: 0.889 -- Validation F1: 0.900
2024-07-17,13:06:19 [INFO] Run 3/5: Average Over Last 6 epochs -- Valid ACC: 0.8796296296296298 -- Valid F1-score: 0.890350858370463
2024-07-17,13:06:20 [INFO] Test Results of Run 3/5: -- Test Loss: 0.904 -- Test ACC: 0.722 -- Test F1: 0.768
2024-07-17,13:06:22 [INFO] Epoch: 0/30 -- Train Loss: 0.850 -- Validation Loss: 0.271 -- Validation ACC: 0.778 -- Validation F1: 0.750
2024-07-17,13:06:36 [INFO] Epoch: 10/30 -- Train Loss: 1.300 -- Validation Loss: 0.258 -- Validation ACC: 0.778 -- Validation F1: 0.778
2024-07-17,13:06:50 [INFO] Epoch: 20/30 -- Train Loss: 0.469 -- Validation Loss: 0.245 -- Validation ACC: 0.889 -- Validation F1: 0.900
2024-07-17,13:06:56 [INFO] Epoch: 24/30 -- Train Loss: 0.262 -- Validation Loss: 0.245 -- Validation ACC: 0.889 -- Validation F1: 0.900
2024-07-17,13:06:57 [INFO] Epoch: 25/30 -- Train Loss: 0.629 -- Validation Loss: 0.242 -- Validation ACC: 0.889 -- Validation F1: 0.900
2024-07-17,13:06:59 [INFO] Epoch: 26/30 -- Train Loss: 0.460 -- Validation Loss: 0.238 -- Validation ACC: 0.889 -- Validation F1: 0.900
2024-07-17,13:07:01 [INFO] Epoch: 27/30 -- Train Loss: 1.184 -- Validation Loss: 0.270 -- Validation ACC: 0.833 -- Validation F1: 0.824
2024-07-17,13:07:02 [INFO] Epoch: 28/30 -- Train Loss: 0.486 -- Validation Loss: 0.279 -- Validation ACC: 0.778 -- Validation F1: 0.750
2024-07-17,13:07:04 [INFO] Epoch: 29/30 -- Train Loss: 0.712 -- Validation Loss: 0.267 -- Validation ACC: 0.833 -- Validation F1: 0.824
2024-07-17,13:07:04 [INFO] Run 4/5: Average Over Last 6 epochs -- Valid ACC: 0.8518518518518517 -- Valid F1-score: 0.8495097955067953
2024-07-17,13:07:05 [INFO] Test Results of Run 4/5: -- Test Loss: 0.868 -- Test ACC: 0.670 -- Test F1: 0.694
2024-07-17,13:07:05 [INFO] Validation average after 5 runs -- ACC: 0.857 -- F1-score: 0.860
2024-07-17,13:07:05 [INFO] Test average after 5 runs -- ACC: 0.699 -- F1-score: 0.731
2024-07-17,13:07:05 [INFO] Finished round 5/10 of experiments!
2024-07-17,13:07:05 [INFO] Started round 6/10 of experiments!
2024-07-17,13:07:06 [INFO] Loading previous pretrained model at ./pretrained/GCN_Pretrained_2024-07-01-15-07-56.pth
2024-07-17,13:07:06 [INFO] Pretrained GNN on Source Dataset -- Test Loss: 0.661 -- Test ACC: 0.626 -- Test F1-score: 0.770
2024-07-17,13:07:07 [INFO] Pretrained GNN on Target Dataset Without Prompting: -- Validation Loss: 0.641 -- Validation ACC: 0.667 -- Validation F1-score: 0.800 -- Test Loss: 0.687 -- Test ACC: 0.574 -- Test F1-score: 0.729
2024-07-17,13:07:08 [INFO] Epoch: 0/30 -- Train Loss: 0.753 -- Validation Loss: 0.641 -- Validation ACC: 0.667 -- Validation F1: 0.800
2024-07-17,13:07:22 [INFO] Epoch: 10/30 -- Train Loss: 0.752 -- Validation Loss: 0.641 -- Validation ACC: 0.667 -- Validation F1: 0.800
2024-07-17,13:07:36 [INFO] Epoch: 20/30 -- Train Loss: 0.752 -- Validation Loss: 0.641 -- Validation ACC: 0.667 -- Validation F1: 0.800
2024-07-17,13:07:42 [INFO] Epoch: 24/30 -- Train Loss: 0.752 -- Validation Loss: 0.641 -- Validation ACC: 0.667 -- Validation F1: 0.800
2024-07-17,13:07:44 [INFO] Epoch: 25/30 -- Train Loss: 0.752 -- Validation Loss: 0.641 -- Validation ACC: 0.667 -- Validation F1: 0.800
2024-07-17,13:07:46 [INFO] Epoch: 26/30 -- Train Loss: 0.752 -- Validation Loss: 0.641 -- Validation ACC: 0.667 -- Validation F1: 0.800
2024-07-17,13:07:47 [INFO] Epoch: 27/30 -- Train Loss: 0.752 -- Validation Loss: 0.641 -- Validation ACC: 0.667 -- Validation F1: 0.800
2024-07-17,13:07:49 [INFO] Epoch: 28/30 -- Train Loss: 0.752 -- Validation Loss: 0.641 -- Validation ACC: 0.667 -- Validation F1: 0.800
2024-07-17,13:07:51 [INFO] Epoch: 29/30 -- Train Loss: 0.752 -- Validation Loss: 0.641 -- Validation ACC: 0.667 -- Validation F1: 0.800
2024-07-17,13:07:51 [INFO] Run 0/5: Average Over Last 6 epochs -- Valid ACC: 0.6666666666666666 -- Valid F1-score: 0.800000011920929
2024-07-17,13:07:51 [INFO] Test Results of Run 0/5: -- Test Loss: 0.687 -- Test ACC: 0.574 -- Test F1: 0.729
2024-07-17,13:07:53 [INFO] Epoch: 0/30 -- Train Loss: 0.753 -- Validation Loss: 0.641 -- Validation ACC: 0.667 -- Validation F1: 0.800
2024-07-17,13:08:07 [INFO] Epoch: 10/30 -- Train Loss: 0.752 -- Validation Loss: 0.641 -- Validation ACC: 0.667 -- Validation F1: 0.800
2024-07-17,13:08:20 [INFO] Epoch: 20/30 -- Train Loss: 0.752 -- Validation Loss: 0.641 -- Validation ACC: 0.667 -- Validation F1: 0.800
2024-07-17,13:08:26 [INFO] Epoch: 24/30 -- Train Loss: 0.752 -- Validation Loss: 0.641 -- Validation ACC: 0.667 -- Validation F1: 0.800
2024-07-17,13:08:28 [INFO] Epoch: 25/30 -- Train Loss: 0.752 -- Validation Loss: 0.641 -- Validation ACC: 0.667 -- Validation F1: 0.800
2024-07-17,13:08:30 [INFO] Epoch: 26/30 -- Train Loss: 0.752 -- Validation Loss: 0.641 -- Validation ACC: 0.667 -- Validation F1: 0.800
2024-07-17,13:08:32 [INFO] Epoch: 27/30 -- Train Loss: 0.752 -- Validation Loss: 0.641 -- Validation ACC: 0.667 -- Validation F1: 0.800
2024-07-17,13:08:33 [INFO] Epoch: 28/30 -- Train Loss: 0.752 -- Validation Loss: 0.641 -- Validation ACC: 0.667 -- Validation F1: 0.800
2024-07-17,13:08:35 [INFO] Epoch: 29/30 -- Train Loss: 0.752 -- Validation Loss: 0.641 -- Validation ACC: 0.667 -- Validation F1: 0.800
2024-07-17,13:08:35 [INFO] Run 1/5: Average Over Last 6 epochs -- Valid ACC: 0.6666666666666666 -- Valid F1-score: 0.800000011920929
2024-07-17,13:08:36 [INFO] Test Results of Run 1/5: -- Test Loss: 0.687 -- Test ACC: 0.574 -- Test F1: 0.729
2024-07-17,13:08:38 [INFO] Epoch: 0/30 -- Train Loss: 0.753 -- Validation Loss: 0.641 -- Validation ACC: 0.667 -- Validation F1: 0.800
2024-07-17,13:08:51 [INFO] Epoch: 10/30 -- Train Loss: 0.752 -- Validation Loss: 0.641 -- Validation ACC: 0.667 -- Validation F1: 0.800
2024-07-17,13:09:05 [INFO] Epoch: 20/30 -- Train Loss: 0.752 -- Validation Loss: 0.641 -- Validation ACC: 0.667 -- Validation F1: 0.800
2024-07-17,13:09:11 [INFO] Epoch: 24/30 -- Train Loss: 0.752 -- Validation Loss: 0.641 -- Validation ACC: 0.667 -- Validation F1: 0.800
2024-07-17,13:09:13 [INFO] Epoch: 25/30 -- Train Loss: 0.752 -- Validation Loss: 0.641 -- Validation ACC: 0.667 -- Validation F1: 0.800
2024-07-17,13:09:15 [INFO] Epoch: 26/30 -- Train Loss: 0.752 -- Validation Loss: 0.641 -- Validation ACC: 0.667 -- Validation F1: 0.800
2024-07-17,13:09:17 [INFO] Epoch: 27/30 -- Train Loss: 0.752 -- Validation Loss: 0.641 -- Validation ACC: 0.667 -- Validation F1: 0.800
2024-07-17,13:09:19 [INFO] Epoch: 28/30 -- Train Loss: 0.752 -- Validation Loss: 0.641 -- Validation ACC: 0.667 -- Validation F1: 0.800
2024-07-17,13:09:20 [INFO] Epoch: 29/30 -- Train Loss: 0.752 -- Validation Loss: 0.641 -- Validation ACC: 0.667 -- Validation F1: 0.800
2024-07-17,13:09:20 [INFO] Run 2/5: Average Over Last 6 epochs -- Valid ACC: 0.6666666666666666 -- Valid F1-score: 0.800000011920929
2024-07-17,13:09:21 [INFO] Test Results of Run 2/5: -- Test Loss: 0.687 -- Test ACC: 0.574 -- Test F1: 0.729
2024-07-17,13:09:23 [INFO] Epoch: 0/30 -- Train Loss: 0.753 -- Validation Loss: 0.641 -- Validation ACC: 0.667 -- Validation F1: 0.800
2024-07-17,13:09:36 [INFO] Epoch: 10/30 -- Train Loss: 0.752 -- Validation Loss: 0.641 -- Validation ACC: 0.667 -- Validation F1: 0.800
2024-07-17,13:09:51 [INFO] Epoch: 20/30 -- Train Loss: 0.752 -- Validation Loss: 0.641 -- Validation ACC: 0.667 -- Validation F1: 0.800
2024-07-17,13:09:57 [INFO] Epoch: 24/30 -- Train Loss: 0.752 -- Validation Loss: 0.641 -- Validation ACC: 0.667 -- Validation F1: 0.800
2024-07-17,13:09:59 [INFO] Epoch: 25/30 -- Train Loss: 0.752 -- Validation Loss: 0.641 -- Validation ACC: 0.667 -- Validation F1: 0.800
2024-07-17,13:10:00 [INFO] Epoch: 26/30 -- Train Loss: 0.752 -- Validation Loss: 0.641 -- Validation ACC: 0.667 -- Validation F1: 0.800
2024-07-17,13:10:02 [INFO] Epoch: 27/30 -- Train Loss: 0.752 -- Validation Loss: 0.641 -- Validation ACC: 0.667 -- Validation F1: 0.800
2024-07-17,13:10:04 [INFO] Epoch: 28/30 -- Train Loss: 0.752 -- Validation Loss: 0.641 -- Validation ACC: 0.667 -- Validation F1: 0.800
2024-07-17,13:10:06 [INFO] Epoch: 29/30 -- Train Loss: 0.752 -- Validation Loss: 0.641 -- Validation ACC: 0.667 -- Validation F1: 0.800
2024-07-17,13:10:06 [INFO] Run 3/5: Average Over Last 6 epochs -- Valid ACC: 0.6666666666666666 -- Valid F1-score: 0.800000011920929
2024-07-17,13:10:07 [INFO] Test Results of Run 3/5: -- Test Loss: 0.687 -- Test ACC: 0.574 -- Test F1: 0.729
2024-07-17,13:10:09 [INFO] Epoch: 0/30 -- Train Loss: 0.753 -- Validation Loss: 0.641 -- Validation ACC: 0.667 -- Validation F1: 0.800
2024-07-17,13:10:22 [INFO] Epoch: 10/30 -- Train Loss: 0.752 -- Validation Loss: 0.641 -- Validation ACC: 0.667 -- Validation F1: 0.800
2024-07-17,13:10:36 [INFO] Epoch: 20/30 -- Train Loss: 0.752 -- Validation Loss: 0.641 -- Validation ACC: 0.667 -- Validation F1: 0.800
2024-07-17,13:10:42 [INFO] Epoch: 24/30 -- Train Loss: 0.752 -- Validation Loss: 0.641 -- Validation ACC: 0.667 -- Validation F1: 0.800
2024-07-17,13:10:44 [INFO] Epoch: 25/30 -- Train Loss: 0.752 -- Validation Loss: 0.641 -- Validation ACC: 0.667 -- Validation F1: 0.800
2024-07-17,13:10:45 [INFO] Epoch: 26/30 -- Train Loss: 0.752 -- Validation Loss: 0.641 -- Validation ACC: 0.667 -- Validation F1: 0.800
2024-07-17,13:10:47 [INFO] Epoch: 27/30 -- Train Loss: 0.752 -- Validation Loss: 0.641 -- Validation ACC: 0.667 -- Validation F1: 0.800
2024-07-17,13:10:49 [INFO] Epoch: 28/30 -- Train Loss: 0.752 -- Validation Loss: 0.641 -- Validation ACC: 0.667 -- Validation F1: 0.800
2024-07-17,13:10:51 [INFO] Epoch: 29/30 -- Train Loss: 0.752 -- Validation Loss: 0.641 -- Validation ACC: 0.667 -- Validation F1: 0.800
2024-07-17,13:10:51 [INFO] Run 4/5: Average Over Last 6 epochs -- Valid ACC: 0.6666666666666666 -- Valid F1-score: 0.800000011920929
2024-07-17,13:10:52 [INFO] Test Results of Run 4/5: -- Test Loss: 0.687 -- Test ACC: 0.574 -- Test F1: 0.729
2024-07-17,13:10:52 [INFO] Validation average after 5 runs -- ACC: 0.667 -- F1-score: 0.800
2024-07-17,13:10:52 [INFO] Test average after 5 runs -- ACC: 0.574 -- F1-score: 0.729
2024-07-17,13:10:52 [INFO] Finished round 6/10 of experiments!
2024-07-17,13:10:52 [INFO] Started round 7/10 of experiments!
2024-07-17,13:10:53 [INFO] Loading previous pretrained model at ./pretrained/GCN_Pretrained_2024-07-01-15-10-20.pth
2024-07-17,13:10:53 [INFO] Pretrained GNN on Source Dataset -- Test Loss: 0.642 -- Test ACC: 0.670 -- Test F1-score: 0.708
2024-07-17,13:10:54 [INFO] Pretrained GNN on Target Dataset Without Prompting: -- Validation Loss: 0.357 -- Validation ACC: 0.833 -- Validation F1-score: 0.870 -- Test Loss: 0.708 -- Test ACC: 0.609 -- Test F1-score: 0.640
2024-07-17,13:10:56 [INFO] Epoch: 0/30 -- Train Loss: 0.602 -- Validation Loss: 0.352 -- Validation ACC: 0.833 -- Validation F1: 0.870
2024-07-17,13:11:09 [INFO] Epoch: 10/30 -- Train Loss: 0.717 -- Validation Loss: 0.325 -- Validation ACC: 0.833 -- Validation F1: 0.870
2024-07-17,13:11:23 [INFO] Epoch: 20/30 -- Train Loss: 0.600 -- Validation Loss: 0.335 -- Validation ACC: 0.833 -- Validation F1: 0.870
2024-07-17,13:11:29 [INFO] Epoch: 24/30 -- Train Loss: 0.324 -- Validation Loss: 0.327 -- Validation ACC: 0.833 -- Validation F1: 0.870
2024-07-17,13:11:31 [INFO] Epoch: 25/30 -- Train Loss: 0.444 -- Validation Loss: 0.292 -- Validation ACC: 0.833 -- Validation F1: 0.880
2024-07-17,13:11:33 [INFO] Epoch: 26/30 -- Train Loss: 1.311 -- Validation Loss: 0.289 -- Validation ACC: 0.833 -- Validation F1: 0.880
2024-07-17,13:11:35 [INFO] Epoch: 27/30 -- Train Loss: 0.373 -- Validation Loss: 0.292 -- Validation ACC: 0.833 -- Validation F1: 0.880
2024-07-17,13:11:37 [INFO] Epoch: 28/30 -- Train Loss: 0.732 -- Validation Loss: 0.310 -- Validation ACC: 0.833 -- Validation F1: 0.870
2024-07-17,13:11:39 [INFO] Epoch: 29/30 -- Train Loss: 0.582 -- Validation Loss: 0.321 -- Validation ACC: 0.833 -- Validation F1: 0.870
2024-07-17,13:11:39 [INFO] Run 0/5: Average Over Last 6 epochs -- Valid ACC: 0.8333333333333334 -- Valid F1-score: 0.8747825920581818
2024-07-17,13:11:39 [INFO] Test Results of Run 0/5: -- Test Loss: 0.709 -- Test ACC: 0.626 -- Test F1: 0.667
2024-07-17,13:11:41 [INFO] Epoch: 0/30 -- Train Loss: 0.849 -- Validation Loss: 0.320 -- Validation ACC: 0.833 -- Validation F1: 0.870
2024-07-17,13:11:55 [INFO] Epoch: 10/30 -- Train Loss: 0.204 -- Validation Loss: 0.384 -- Validation ACC: 0.778 -- Validation F1: 0.818
2024-07-17,13:12:09 [INFO] Epoch: 20/30 -- Train Loss: 0.232 -- Validation Loss: 0.288 -- Validation ACC: 0.833 -- Validation F1: 0.880
2024-07-17,13:12:15 [INFO] Epoch: 24/30 -- Train Loss: 0.420 -- Validation Loss: 0.297 -- Validation ACC: 0.833 -- Validation F1: 0.870
2024-07-17,13:12:17 [INFO] Epoch: 25/30 -- Train Loss: 0.857 -- Validation Loss: 0.298 -- Validation ACC: 0.833 -- Validation F1: 0.870
2024-07-17,13:12:19 [INFO] Epoch: 26/30 -- Train Loss: 1.158 -- Validation Loss: 0.323 -- Validation ACC: 0.833 -- Validation F1: 0.870
2024-07-17,13:12:21 [INFO] Epoch: 27/30 -- Train Loss: 0.870 -- Validation Loss: 0.364 -- Validation ACC: 0.833 -- Validation F1: 0.870
2024-07-17,13:12:23 [INFO] Epoch: 28/30 -- Train Loss: 0.536 -- Validation Loss: 0.364 -- Validation ACC: 0.833 -- Validation F1: 0.870
2024-07-17,13:12:25 [INFO] Epoch: 29/30 -- Train Loss: 0.974 -- Validation Loss: 0.341 -- Validation ACC: 0.833 -- Validation F1: 0.870
2024-07-17,13:12:25 [INFO] Run 1/5: Average Over Last 6 epochs -- Valid ACC: 0.8333333333333334 -- Valid F1-score: 0.8695651888847351
2024-07-17,13:12:25 [INFO] Test Results of Run 1/5: -- Test Loss: 0.703 -- Test ACC: 0.609 -- Test F1: 0.640
2024-07-17,13:12:27 [INFO] Epoch: 0/30 -- Train Loss: 0.455 -- Validation Loss: 0.342 -- Validation ACC: 0.778 -- Validation F1: 0.833
2024-07-17,13:12:40 [INFO] Epoch: 10/30 -- Train Loss: 0.629 -- Validation Loss: 0.350 -- Validation ACC: 0.833 -- Validation F1: 0.870
2024-07-17,13:12:54 [INFO] Epoch: 20/30 -- Train Loss: 0.633 -- Validation Loss: 0.369 -- Validation ACC: 0.778 -- Validation F1: 0.818
2024-07-17,13:13:00 [INFO] Epoch: 24/30 -- Train Loss: 0.202 -- Validation Loss: 0.289 -- Validation ACC: 0.833 -- Validation F1: 0.880
2024-07-17,13:13:02 [INFO] Epoch: 25/30 -- Train Loss: 0.290 -- Validation Loss: 0.287 -- Validation ACC: 0.833 -- Validation F1: 0.880
2024-07-17,13:13:04 [INFO] Epoch: 26/30 -- Train Loss: 0.788 -- Validation Loss: 0.284 -- Validation ACC: 0.833 -- Validation F1: 0.880
2024-07-17,13:13:06 [INFO] Epoch: 27/30 -- Train Loss: 0.698 -- Validation Loss: 0.282 -- Validation ACC: 0.833 -- Validation F1: 0.880
2024-07-17,13:13:08 [INFO] Epoch: 28/30 -- Train Loss: 0.427 -- Validation Loss: 0.279 -- Validation ACC: 0.889 -- Validation F1: 0.923
2024-07-17,13:13:09 [INFO] Epoch: 29/30 -- Train Loss: 1.012 -- Validation Loss: 0.277 -- Validation ACC: 0.889 -- Validation F1: 0.923
2024-07-17,13:13:09 [INFO] Run 2/5: Average Over Last 6 epochs -- Valid ACC: 0.8518518518518517 -- Valid F1-score: 0.8943589727083842
2024-07-17,13:13:10 [INFO] Test Results of Run 2/5: -- Test Loss: 0.785 -- Test ACC: 0.600 -- Test F1: 0.689
2024-07-17,13:13:12 [INFO] Epoch: 0/30 -- Train Loss: 0.608 -- Validation Loss: 0.417 -- Validation ACC: 0.778 -- Validation F1: 0.818
2024-07-17,13:13:25 [INFO] Epoch: 10/30 -- Train Loss: 0.784 -- Validation Loss: 0.275 -- Validation ACC: 0.889 -- Validation F1: 0.923
2024-07-17,13:13:39 [INFO] Epoch: 20/30 -- Train Loss: 0.488 -- Validation Loss: 0.280 -- Validation ACC: 0.833 -- Validation F1: 0.880
2024-07-17,13:13:45 [INFO] Epoch: 24/30 -- Train Loss: 0.278 -- Validation Loss: 0.337 -- Validation ACC: 0.833 -- Validation F1: 0.870
2024-07-17,13:13:47 [INFO] Epoch: 25/30 -- Train Loss: 0.394 -- Validation Loss: 0.340 -- Validation ACC: 0.833 -- Validation F1: 0.870
2024-07-17,13:13:49 [INFO] Epoch: 26/30 -- Train Loss: 0.623 -- Validation Loss: 0.360 -- Validation ACC: 0.778 -- Validation F1: 0.818
2024-07-17,13:13:51 [INFO] Epoch: 27/30 -- Train Loss: 0.686 -- Validation Loss: 0.364 -- Validation ACC: 0.778 -- Validation F1: 0.818
2024-07-17,13:13:53 [INFO] Epoch: 28/30 -- Train Loss: 0.994 -- Validation Loss: 0.356 -- Validation ACC: 0.833 -- Validation F1: 0.870
2024-07-17,13:13:55 [INFO] Epoch: 29/30 -- Train Loss: 0.813 -- Validation Loss: 0.357 -- Validation ACC: 0.833 -- Validation F1: 0.870
2024-07-17,13:13:55 [INFO] Run 3/5: Average Over Last 6 epochs -- Valid ACC: 0.8148148148148148 -- Valid F1-score: 0.8524373968442281
2024-07-17,13:13:55 [INFO] Test Results of Run 3/5: -- Test Loss: 0.707 -- Test ACC: 0.626 -- Test F1: 0.661
2024-07-17,13:13:57 [INFO] Epoch: 0/30 -- Train Loss: 0.932 -- Validation Loss: 0.344 -- Validation ACC: 0.833 -- Validation F1: 0.870
2024-07-17,13:14:10 [INFO] Epoch: 10/30 -- Train Loss: 1.094 -- Validation Loss: 0.280 -- Validation ACC: 0.833 -- Validation F1: 0.880
2024-07-17,13:14:24 [INFO] Epoch: 20/30 -- Train Loss: 0.585 -- Validation Loss: 0.299 -- Validation ACC: 0.833 -- Validation F1: 0.880
2024-07-17,13:14:30 [INFO] Epoch: 24/30 -- Train Loss: 0.731 -- Validation Loss: 0.311 -- Validation ACC: 0.833 -- Validation F1: 0.870
2024-07-17,13:14:32 [INFO] Epoch: 25/30 -- Train Loss: 0.602 -- Validation Loss: 0.328 -- Validation ACC: 0.833 -- Validation F1: 0.870
2024-07-17,13:14:34 [INFO] Epoch: 26/30 -- Train Loss: 0.770 -- Validation Loss: 0.348 -- Validation ACC: 0.833 -- Validation F1: 0.870
2024-07-17,13:14:36 [INFO] Epoch: 27/30 -- Train Loss: 0.698 -- Validation Loss: 0.355 -- Validation ACC: 0.833 -- Validation F1: 0.870
2024-07-17,13:14:37 [INFO] Epoch: 28/30 -- Train Loss: 0.715 -- Validation Loss: 0.363 -- Validation ACC: 0.833 -- Validation F1: 0.870
2024-07-17,13:14:39 [INFO] Epoch: 29/30 -- Train Loss: 0.606 -- Validation Loss: 0.360 -- Validation ACC: 0.833 -- Validation F1: 0.870
2024-07-17,13:14:39 [INFO] Run 4/5: Average Over Last 6 epochs -- Valid ACC: 0.8333333333333334 -- Valid F1-score: 0.8695651888847351
2024-07-17,13:14:39 [INFO] Test Results of Run 4/5: -- Test Loss: 0.702 -- Test ACC: 0.626 -- Test F1: 0.661
2024-07-17,13:14:39 [INFO] Validation average after 5 runs -- ACC: 0.833 -- F1-score: 0.872
2024-07-17,13:14:39 [INFO] Test average after 5 runs -- ACC: 0.617 -- F1-score: 0.664
2024-07-17,13:14:39 [INFO] Finished round 7/10 of experiments!
2024-07-17,13:14:39 [INFO] Started round 8/10 of experiments!
2024-07-17,13:14:40 [INFO] Loading previous pretrained model at ./pretrained/GCN_Pretrained_2024-07-01-15-12-47.pth
2024-07-17,13:14:41 [INFO] Pretrained GNN on Source Dataset -- Test Loss: 0.883 -- Test ACC: 0.696 -- Test F1-score: 0.733
2024-07-17,13:14:41 [INFO] Pretrained GNN on Target Dataset Without Prompting: -- Validation Loss: 0.933 -- Validation ACC: 0.833 -- Validation F1-score: 0.889 -- Test Loss: 1.174 -- Test ACC: 0.652 -- Test F1-score: 0.714
2024-07-17,13:14:43 [INFO] Epoch: 0/30 -- Train Loss: 1.044 -- Validation Loss: 0.990 -- Validation ACC: 0.778 -- Validation F1: 0.846
2024-07-17,13:14:56 [INFO] Epoch: 10/30 -- Train Loss: 0.778 -- Validation Loss: 0.944 -- Validation ACC: 0.778 -- Validation F1: 0.857
2024-07-17,13:15:11 [INFO] Epoch: 20/30 -- Train Loss: 0.725 -- Validation Loss: 0.985 -- Validation ACC: 0.778 -- Validation F1: 0.833
2024-07-17,13:15:17 [INFO] Epoch: 24/30 -- Train Loss: 0.838 -- Validation Loss: 0.955 -- Validation ACC: 0.778 -- Validation F1: 0.833
2024-07-17,13:15:18 [INFO] Epoch: 25/30 -- Train Loss: 0.822 -- Validation Loss: 0.952 -- Validation ACC: 0.778 -- Validation F1: 0.833
2024-07-17,13:15:20 [INFO] Epoch: 26/30 -- Train Loss: 0.632 -- Validation Loss: 0.957 -- Validation ACC: 0.778 -- Validation F1: 0.846
2024-07-17,13:15:22 [INFO] Epoch: 27/30 -- Train Loss: 0.485 -- Validation Loss: 0.963 -- Validation ACC: 0.778 -- Validation F1: 0.846
2024-07-17,13:15:24 [INFO] Epoch: 28/30 -- Train Loss: 0.562 -- Validation Loss: 0.965 -- Validation ACC: 0.722 -- Validation F1: 0.800
2024-07-17,13:15:25 [INFO] Epoch: 29/30 -- Train Loss: 0.437 -- Validation Loss: 0.970 -- Validation ACC: 0.833 -- Validation F1: 0.889
2024-07-17,13:15:25 [INFO] Run 0/5: Average Over Last 6 epochs -- Valid ACC: 0.7777777777777778 -- Valid F1-score: 0.8413105408350626
2024-07-17,13:15:26 [INFO] Test Results of Run 0/5: -- Test Loss: 1.158 -- Test ACC: 0.661 -- Test F1: 0.715
2024-07-17,13:15:28 [INFO] Epoch: 0/30 -- Train Loss: 0.242 -- Validation Loss: 0.952 -- Validation ACC: 0.778 -- Validation F1: 0.846
2024-07-17,13:15:41 [INFO] Epoch: 10/30 -- Train Loss: 0.719 -- Validation Loss: 1.001 -- Validation ACC: 0.833 -- Validation F1: 0.889
2024-07-17,13:15:55 [INFO] Epoch: 20/30 -- Train Loss: 0.313 -- Validation Loss: 0.926 -- Validation ACC: 0.778 -- Validation F1: 0.833
2024-07-17,13:16:01 [INFO] Epoch: 24/30 -- Train Loss: 0.337 -- Validation Loss: 0.911 -- Validation ACC: 0.833 -- Validation F1: 0.889
2024-07-17,13:16:03 [INFO] Epoch: 25/30 -- Train Loss: 0.617 -- Validation Loss: 0.915 -- Validation ACC: 0.833 -- Validation F1: 0.889
2024-07-17,13:16:05 [INFO] Epoch: 26/30 -- Train Loss: 0.193 -- Validation Loss: 0.921 -- Validation ACC: 0.778 -- Validation F1: 0.857
2024-07-17,13:16:07 [INFO] Epoch: 27/30 -- Train Loss: 0.292 -- Validation Loss: 0.923 -- Validation ACC: 0.778 -- Validation F1: 0.857
2024-07-17,13:16:09 [INFO] Epoch: 28/30 -- Train Loss: 0.555 -- Validation Loss: 0.914 -- Validation ACC: 0.833 -- Validation F1: 0.889
2024-07-17,13:16:11 [INFO] Epoch: 29/30 -- Train Loss: 0.310 -- Validation Loss: 0.910 -- Validation ACC: 0.833 -- Validation F1: 0.889
2024-07-17,13:16:11 [INFO] Run 1/5: Average Over Last 6 epochs -- Valid ACC: 0.8148148148148148 -- Valid F1-score: 0.8783068855603536
2024-07-17,13:16:11 [INFO] Test Results of Run 1/5: -- Test Loss: 1.194 -- Test ACC: 0.661 -- Test F1: 0.727
2024-07-17,13:16:13 [INFO] Epoch: 0/30 -- Train Loss: 0.622 -- Validation Loss: 0.969 -- Validation ACC: 0.833 -- Validation F1: 0.880
2024-07-17,13:16:27 [INFO] Epoch: 10/30 -- Train Loss: 0.243 -- Validation Loss: 0.929 -- Validation ACC: 0.778 -- Validation F1: 0.846
2024-07-17,13:16:41 [INFO] Epoch: 20/30 -- Train Loss: 0.261 -- Validation Loss: 0.931 -- Validation ACC: 0.778 -- Validation F1: 0.846
2024-07-17,13:16:47 [INFO] Epoch: 24/30 -- Train Loss: 0.174 -- Validation Loss: 1.047 -- Validation ACC: 0.778 -- Validation F1: 0.857
2024-07-17,13:16:49 [INFO] Epoch: 25/30 -- Train Loss: 0.597 -- Validation Loss: 1.029 -- Validation ACC: 0.778 -- Validation F1: 0.857
2024-07-17,13:16:51 [INFO] Epoch: 26/30 -- Train Loss: 0.754 -- Validation Loss: 1.013 -- Validation ACC: 0.778 -- Validation F1: 0.857
2024-07-17,13:16:53 [INFO] Epoch: 27/30 -- Train Loss: 0.831 -- Validation Loss: 0.995 -- Validation ACC: 0.778 -- Validation F1: 0.857
2024-07-17,13:16:55 [INFO] Epoch: 28/30 -- Train Loss: 0.830 -- Validation Loss: 0.979 -- Validation ACC: 0.778 -- Validation F1: 0.857
2024-07-17,13:16:56 [INFO] Epoch: 29/30 -- Train Loss: 1.101 -- Validation Loss: 0.966 -- Validation ACC: 0.833 -- Validation F1: 0.889
2024-07-17,13:16:56 [INFO] Run 2/5: Average Over Last 6 epochs -- Valid ACC: 0.7870370370370371 -- Valid F1-score: 0.8624338706334432
2024-07-17,13:16:57 [INFO] Test Results of Run 2/5: -- Test Loss: 1.166 -- Test ACC: 0.652 -- Test F1: 0.714
2024-07-17,13:16:59 [INFO] Epoch: 0/30 -- Train Loss: 0.402 -- Validation Loss: 0.995 -- Validation ACC: 0.833 -- Validation F1: 0.889
2024-07-17,13:17:12 [INFO] Epoch: 10/30 -- Train Loss: 0.476 -- Validation Loss: 0.913 -- Validation ACC: 0.833 -- Validation F1: 0.889
2024-07-17,13:17:26 [INFO] Epoch: 20/30 -- Train Loss: 0.704 -- Validation Loss: 0.922 -- Validation ACC: 0.833 -- Validation F1: 0.889
2024-07-17,13:17:32 [INFO] Epoch: 24/30 -- Train Loss: 0.272 -- Validation Loss: 0.920 -- Validation ACC: 0.778 -- Validation F1: 0.857
2024-07-17,13:17:34 [INFO] Epoch: 25/30 -- Train Loss: 0.787 -- Validation Loss: 0.928 -- Validation ACC: 0.778 -- Validation F1: 0.857
2024-07-17,13:17:36 [INFO] Epoch: 26/30 -- Train Loss: 0.546 -- Validation Loss: 0.927 -- Validation ACC: 0.778 -- Validation F1: 0.857
2024-07-17,13:17:38 [INFO] Epoch: 27/30 -- Train Loss: 0.673 -- Validation Loss: 0.916 -- Validation ACC: 0.833 -- Validation F1: 0.889
2024-07-17,13:17:40 [INFO] Epoch: 28/30 -- Train Loss: 0.184 -- Validation Loss: 0.914 -- Validation ACC: 0.833 -- Validation F1: 0.889
2024-07-17,13:17:42 [INFO] Epoch: 29/30 -- Train Loss: 0.410 -- Validation Loss: 0.927 -- Validation ACC: 0.833 -- Validation F1: 0.889
2024-07-17,13:17:42 [INFO] Run 3/5: Average Over Last 6 epochs -- Valid ACC: 0.8055555555555555 -- Valid F1-score: 0.8730158805847168
2024-07-17,13:17:42 [INFO] Test Results of Run 3/5: -- Test Loss: 1.152 -- Test ACC: 0.643 -- Test F1: 0.705
2024-07-17,13:17:44 [INFO] Epoch: 0/30 -- Train Loss: 0.370 -- Validation Loss: 0.966 -- Validation ACC: 0.833 -- Validation F1: 0.880
2024-07-17,13:17:58 [INFO] Epoch: 10/30 -- Train Loss: 0.705 -- Validation Loss: 0.941 -- Validation ACC: 0.778 -- Validation F1: 0.846
2024-07-17,13:18:13 [INFO] Epoch: 20/30 -- Train Loss: 0.200 -- Validation Loss: 0.981 -- Validation ACC: 0.833 -- Validation F1: 0.889
2024-07-17,13:18:19 [INFO] Epoch: 24/30 -- Train Loss: 0.765 -- Validation Loss: 0.930 -- Validation ACC: 0.833 -- Validation F1: 0.889
2024-07-17,13:18:22 [INFO] Epoch: 25/30 -- Train Loss: 0.328 -- Validation Loss: 0.923 -- Validation ACC: 0.722 -- Validation F1: 0.800
2024-07-17,13:18:23 [INFO] Epoch: 26/30 -- Train Loss: 0.525 -- Validation Loss: 0.924 -- Validation ACC: 0.778 -- Validation F1: 0.833
2024-07-17,13:18:25 [INFO] Epoch: 27/30 -- Train Loss: 0.628 -- Validation Loss: 0.930 -- Validation ACC: 0.778 -- Validation F1: 0.833
2024-07-17,13:18:27 [INFO] Epoch: 28/30 -- Train Loss: 0.357 -- Validation Loss: 0.931 -- Validation ACC: 0.778 -- Validation F1: 0.833
2024-07-17,13:18:29 [INFO] Epoch: 29/30 -- Train Loss: 0.746 -- Validation Loss: 0.925 -- Validation ACC: 0.833 -- Validation F1: 0.880
2024-07-17,13:18:29 [INFO] Run 4/5: Average Over Last 6 epochs -- Valid ACC: 0.7870370370370371 -- Valid F1-score: 0.84481480717659
2024-07-17,13:18:29 [INFO] Test Results of Run 4/5: -- Test Loss: 1.215 -- Test ACC: 0.652 -- Test F1: 0.710
2024-07-17,13:18:29 [INFO] Validation average after 5 runs -- ACC: 0.794 -- F1-score: 0.860
2024-07-17,13:18:29 [INFO] Test average after 5 runs -- ACC: 0.654 -- F1-score: 0.714
2024-07-17,13:18:29 [INFO] Finished round 8/10 of experiments!
2024-07-17,13:18:29 [INFO] Started round 9/10 of experiments!
2024-07-17,13:18:31 [INFO] Loading previous pretrained model at ./pretrained/GCN_Pretrained_2024-07-01-15-15-13.pth
2024-07-17,13:18:31 [INFO] Pretrained GNN on Source Dataset -- Test Loss: 0.947 -- Test ACC: 0.757 -- Test F1-score: 0.785
2024-07-17,13:18:32 [INFO] Pretrained GNN on Target Dataset Without Prompting: -- Validation Loss: 0.804 -- Validation ACC: 0.722 -- Validation F1-score: 0.762 -- Test Loss: 0.876 -- Test ACC: 0.739 -- Test F1-score: 0.789
2024-07-17,13:18:34 [INFO] Epoch: 0/30 -- Train Loss: 0.779 -- Validation Loss: 0.772 -- Validation ACC: 0.722 -- Validation F1: 0.762
2024-07-17,13:18:47 [INFO] Epoch: 10/30 -- Train Loss: 0.267 -- Validation Loss: 0.781 -- Validation ACC: 0.722 -- Validation F1: 0.762
2024-07-17,13:19:02 [INFO] Epoch: 20/30 -- Train Loss: 0.889 -- Validation Loss: 0.821 -- Validation ACC: 0.722 -- Validation F1: 0.762
2024-07-17,13:19:08 [INFO] Epoch: 24/30 -- Train Loss: 0.375 -- Validation Loss: 0.962 -- Validation ACC: 0.722 -- Validation F1: 0.762
2024-07-17,13:19:09 [INFO] Epoch: 25/30 -- Train Loss: 2.215 -- Validation Loss: 0.933 -- Validation ACC: 0.722 -- Validation F1: 0.762
2024-07-17,13:19:11 [INFO] Epoch: 26/30 -- Train Loss: 0.336 -- Validation Loss: 0.903 -- Validation ACC: 0.722 -- Validation F1: 0.762
2024-07-17,13:19:13 [INFO] Epoch: 27/30 -- Train Loss: 0.175 -- Validation Loss: 0.855 -- Validation ACC: 0.722 -- Validation F1: 0.762
2024-07-17,13:19:14 [INFO] Epoch: 28/30 -- Train Loss: 0.742 -- Validation Loss: 0.797 -- Validation ACC: 0.722 -- Validation F1: 0.762
2024-07-17,13:19:16 [INFO] Epoch: 29/30 -- Train Loss: 0.282 -- Validation Loss: 0.754 -- Validation ACC: 0.722 -- Validation F1: 0.762
2024-07-17,13:19:16 [INFO] Run 0/5: Average Over Last 6 epochs -- Valid ACC: 0.7222222222222222 -- Valid F1-score: 0.761904776096344
2024-07-17,13:19:16 [INFO] Test Results of Run 0/5: -- Test Loss: 0.870 -- Test ACC: 0.765 -- Test F1: 0.816
2024-07-17,13:19:18 [INFO] Epoch: 0/30 -- Train Loss: 0.232 -- Validation Loss: 0.826 -- Validation ACC: 0.722 -- Validation F1: 0.762
2024-07-17,13:19:32 [INFO] Epoch: 10/30 -- Train Loss: 0.341 -- Validation Loss: 0.654 -- Validation ACC: 0.778 -- Validation F1: 0.818
2024-07-17,13:19:46 [INFO] Epoch: 20/30 -- Train Loss: 0.289 -- Validation Loss: 0.703 -- Validation ACC: 0.778 -- Validation F1: 0.818
2024-07-17,13:19:51 [INFO] Epoch: 24/30 -- Train Loss: 1.587 -- Validation Loss: 0.847 -- Validation ACC: 0.722 -- Validation F1: 0.762
2024-07-17,13:19:53 [INFO] Epoch: 25/30 -- Train Loss: 0.876 -- Validation Loss: 0.863 -- Validation ACC: 0.722 -- Validation F1: 0.762
2024-07-17,13:19:55 [INFO] Epoch: 26/30 -- Train Loss: 0.868 -- Validation Loss: 0.830 -- Validation ACC: 0.722 -- Validation F1: 0.762
2024-07-17,13:19:56 [INFO] Epoch: 27/30 -- Train Loss: 0.284 -- Validation Loss: 0.806 -- Validation ACC: 0.722 -- Validation F1: 0.762
2024-07-17,13:19:58 [INFO] Epoch: 28/30 -- Train Loss: 0.544 -- Validation Loss: 0.802 -- Validation ACC: 0.722 -- Validation F1: 0.762
2024-07-17,13:20:00 [INFO] Epoch: 29/30 -- Train Loss: 0.317 -- Validation Loss: 0.789 -- Validation ACC: 0.722 -- Validation F1: 0.762
2024-07-17,13:20:00 [INFO] Run 1/5: Average Over Last 6 epochs -- Valid ACC: 0.7222222222222222 -- Valid F1-score: 0.761904776096344
2024-07-17,13:20:01 [INFO] Test Results of Run 1/5: -- Test Loss: 0.890 -- Test ACC: 0.783 -- Test F1: 0.834
2024-07-17,13:20:02 [INFO] Epoch: 0/30 -- Train Loss: 1.050 -- Validation Loss: 0.877 -- Validation ACC: 0.722 -- Validation F1: 0.762
2024-07-17,13:20:17 [INFO] Epoch: 10/30 -- Train Loss: 0.383 -- Validation Loss: 0.823 -- Validation ACC: 0.722 -- Validation F1: 0.762
2024-07-17,13:20:29 [INFO] Epoch: 20/30 -- Train Loss: 1.750 -- Validation Loss: 0.758 -- Validation ACC: 0.778 -- Validation F1: 0.818
2024-07-17,13:20:34 [INFO] Epoch: 24/30 -- Train Loss: 0.189 -- Validation Loss: 0.912 -- Validation ACC: 0.722 -- Validation F1: 0.762
2024-07-17,13:20:35 [INFO] Epoch: 25/30 -- Train Loss: 0.172 -- Validation Loss: 0.967 -- Validation ACC: 0.722 -- Validation F1: 0.762
2024-07-17,13:20:36 [INFO] Epoch: 26/30 -- Train Loss: 0.575 -- Validation Loss: 1.035 -- Validation ACC: 0.722 -- Validation F1: 0.762
2024-07-17,13:20:37 [INFO] Epoch: 27/30 -- Train Loss: 1.731 -- Validation Loss: 1.058 -- Validation ACC: 0.667 -- Validation F1: 0.700
2024-07-17,13:20:38 [INFO] Epoch: 28/30 -- Train Loss: 0.688 -- Validation Loss: 1.008 -- Validation ACC: 0.722 -- Validation F1: 0.762
2024-07-17,13:20:39 [INFO] Epoch: 29/30 -- Train Loss: 0.173 -- Validation Loss: 0.958 -- Validation ACC: 0.722 -- Validation F1: 0.762
2024-07-17,13:20:39 [INFO] Run 2/5: Average Over Last 6 epochs -- Valid ACC: 0.7129629629629629 -- Valid F1-score: 0.7515873114267985
2024-07-17,13:20:39 [INFO] Test Results of Run 2/5: -- Test Loss: 0.951 -- Test ACC: 0.704 -- Test F1: 0.742
2024-07-17,13:20:40 [INFO] Epoch: 0/30 -- Train Loss: 0.750 -- Validation Loss: 0.872 -- Validation ACC: 0.722 -- Validation F1: 0.762
2024-07-17,13:20:47 [INFO] Epoch: 10/30 -- Train Loss: 0.404 -- Validation Loss: 0.857 -- Validation ACC: 0.722 -- Validation F1: 0.762
2024-07-17,13:20:54 [INFO] Epoch: 20/30 -- Train Loss: 0.611 -- Validation Loss: 0.776 -- Validation ACC: 0.722 -- Validation F1: 0.762
2024-07-17,13:20:57 [INFO] Epoch: 24/30 -- Train Loss: 0.637 -- Validation Loss: 0.762 -- Validation ACC: 0.722 -- Validation F1: 0.762
2024-07-17,13:20:58 [INFO] Epoch: 25/30 -- Train Loss: 0.213 -- Validation Loss: 0.820 -- Validation ACC: 0.722 -- Validation F1: 0.762
2024-07-17,13:20:59 [INFO] Epoch: 26/30 -- Train Loss: 0.243 -- Validation Loss: 0.841 -- Validation ACC: 0.722 -- Validation F1: 0.762
2024-07-17,13:20:59 [INFO] Epoch: 27/30 -- Train Loss: 0.184 -- Validation Loss: 0.810 -- Validation ACC: 0.722 -- Validation F1: 0.762
2024-07-17,13:21:00 [INFO] Epoch: 28/30 -- Train Loss: 0.298 -- Validation Loss: 0.749 -- Validation ACC: 0.722 -- Validation F1: 0.762
2024-07-17,13:21:01 [INFO] Epoch: 29/30 -- Train Loss: 0.188 -- Validation Loss: 0.709 -- Validation ACC: 0.722 -- Validation F1: 0.762
2024-07-17,13:21:01 [INFO] Run 3/5: Average Over Last 6 epochs -- Valid ACC: 0.7222222222222222 -- Valid F1-score: 0.761904776096344
2024-07-17,13:21:02 [INFO] Test Results of Run 3/5: -- Test Loss: 0.887 -- Test ACC: 0.757 -- Test F1: 0.806
2024-07-17,13:21:03 [INFO] Epoch: 0/30 -- Train Loss: 0.174 -- Validation Loss: 0.888 -- Validation ACC: 0.722 -- Validation F1: 0.762
2024-07-17,13:21:10 [INFO] Epoch: 10/30 -- Train Loss: 0.319 -- Validation Loss: 0.854 -- Validation ACC: 0.722 -- Validation F1: 0.762
2024-07-17,13:21:16 [INFO] Epoch: 20/30 -- Train Loss: 0.221 -- Validation Loss: 0.798 -- Validation ACC: 0.722 -- Validation F1: 0.762
2024-07-17,13:21:19 [INFO] Epoch: 24/30 -- Train Loss: 0.195 -- Validation Loss: 0.745 -- Validation ACC: 0.778 -- Validation F1: 0.818
2024-07-17,13:21:20 [INFO] Epoch: 25/30 -- Train Loss: 0.372 -- Validation Loss: 0.745 -- Validation ACC: 0.778 -- Validation F1: 0.818
2024-07-17,13:21:21 [INFO] Epoch: 26/30 -- Train Loss: 0.193 -- Validation Loss: 0.727 -- Validation ACC: 0.722 -- Validation F1: 0.762
2024-07-17,13:21:22 [INFO] Epoch: 27/30 -- Train Loss: 0.831 -- Validation Loss: 0.694 -- Validation ACC: 0.778 -- Validation F1: 0.818
2024-07-17,13:21:23 [INFO] Epoch: 28/30 -- Train Loss: 0.186 -- Validation Loss: 0.728 -- Validation ACC: 0.722 -- Validation F1: 0.762
2024-07-17,13:21:24 [INFO] Epoch: 29/30 -- Train Loss: 0.320 -- Validation Loss: 0.787 -- Validation ACC: 0.722 -- Validation F1: 0.762
2024-07-17,13:21:24 [INFO] Run 4/5: Average Over Last 6 epochs -- Valid ACC: 0.75 -- Valid F1-score: 0.790043294429779
2024-07-17,13:21:24 [INFO] Test Results of Run 4/5: -- Test Loss: 0.940 -- Test ACC: 0.713 -- Test F1: 0.756
2024-07-17,13:21:24 [INFO] Validation average after 5 runs -- ACC: 0.726 -- F1-score: 0.765
2024-07-17,13:21:24 [INFO] Test average after 5 runs -- ACC: 0.744 -- F1-score: 0.791
2024-07-17,13:21:24 [INFO] Finished round 9/10 of experiments!
2024-07-17,13:21:24 [INFO] Final results: -- Source Test Acc: 0.703 -- Source Test F1: 0.750 -- Target Valid Acc: 0.711 -- Target Valid F1: 0.770 -- Target Test Acc: 0.686 -- Target Test F1: 0.747 -- Prompt Test Acc: 0.686 -- Prompt Valid Acc: 0.702 -- Prompt Test F1: 0.751 -- Prompt Valid F1: 0.761
2024-07-17,13:21:24 [INFO] Pretrained modela are saved to: ./pretrained/GCN_Pretrained_2024-07-01-14-54-05.pth ./pretrained/GCN_Pretrained_2024-07-01-14-56-23.pth ./pretrained/GCN_Pretrained_2024-07-01-14-58-41.pth ./pretrained/GCN_Pretrained_2024-07-01-15-00-59.pth ./pretrained/GCN_Pretrained_2024-07-01-15-03-17.pth ./pretrained/GCN_Pretrained_2024-07-01-15-05-37.pth ./pretrained/GCN_Pretrained_2024-07-01-15-07-56.pth ./pretrained/GCN_Pretrained_2024-07-01-15-10-20.pth ./pretrained/GCN_Pretrained_2024-07-01-15-12-47.pth ./pretrained/GCN_Pretrained_2024-07-01-15-15-13.pth
