2024-07-16,23:08:23 [INFO] Logging to: ./log/2024-07-16-23-08-23.log
2024-07-16,23:08:23 [INFO] Reading config from: ./config/dhfr.yaml
2024-07-16,23:08:23 [INFO] Namespace(total_iters=10, prompt_method='fix_match', s_dataset='DHFR', t_dataset='DHFR', prompt_fn='gpf_plus', shift_type='structural', p_shift_intra=0.0, p_shift_inter=0.0, pretrain=True, save_pretrained=False, soft_label=False, add_link_loss=False, attn_with_param=False, empty_pretrained_dir=False, iterative_clustering=False, clutering_iters=3, entropy_div_ratio=3, w_entropy_loss=0.0, w_softmax_loss=0.0, w_domain_loss=0.0, r_reg=0.0, gnn_weight_decay=0.0, weight_decay=0.0, gnn_type='gcn', gnn_num_layers=3, pretrained_path=['./pretrained/GCN_Pretrained_2024-07-01-14-54-05.pth', './pretrained/GCN_Pretrained_2024-07-01-14-56-23.pth', './pretrained/GCN_Pretrained_2024-07-01-14-58-41.pth', './pretrained/GCN_Pretrained_2024-07-01-15-00-59.pth', './pretrained/GCN_Pretrained_2024-07-01-15-03-17.pth', './pretrained/GCN_Pretrained_2024-07-01-15-05-37.pth', './pretrained/GCN_Pretrained_2024-07-01-15-07-56.pth', './pretrained/GCN_Pretrained_2024-07-01-15-10-20.pth', './pretrained/GCN_Pretrained_2024-07-01-15-12-47.pth', './pretrained/GCN_Pretrained_2024-07-01-15-15-13.pth'], gnn_n_epochs=100, gnn_eval_step=10, gnn_h_dim=512, gnn_lr=0.01, gnn_step_size=50, gnn_gamma=0.5, gnn_batch_size=64, gnn_dropout=0.4, n_epochs=30, eval_step=10, h_dim=512, lr=0.01, step_size=50, gamma=0.5, batch_size=64, num_tokens=50, src_ratio=0.5, dropout=0.3, cut_off=0.5, aug_type='feature', light_aug_prob=0.1, light_aug_mode='mask', pos_aug_mode='mask', neg_aug_mode='arbitrary', noise_cov_scale=1.0, noise_mean_shift=1.0, noise_shift_mode='homophily', noise_select_mode='soft', cross_prune=0.8, inner_prune=0.3, num_runs=5, p_raug=0.15, n_raug=0.15, s_split=[0.65, 0.3], t_split=[0.65, 0.3], seed=[1676, 3733, 3589, 4867, 2980, 1142, 3035, 4432, 4672, 4010], config_from_file='./config/dhfr.yaml', config_to_file='', label_reduction=0.0)
2024-07-16,23:08:23 [INFO] ####################################################################################################
2024-07-16,23:08:23 [INFO] Args seeds: [1676, 3733, 3589, 4867, 2980, 1142, 3035, 4432, 4672, 4010]
2024-07-16,23:08:23 [INFO] Source Dataset: DHFR, Target Dataset: DHFR. Training, Test: Source: [0.65, 0.3], Target: [0.65, 0.3] -- Batch size: 64
2024-07-16,23:08:23 [INFO] All input pretrained paths: ['./pretrained/GCN_Pretrained_2024-07-01-14-54-05.pth', './pretrained/GCN_Pretrained_2024-07-01-14-56-23.pth', './pretrained/GCN_Pretrained_2024-07-01-14-58-41.pth', './pretrained/GCN_Pretrained_2024-07-01-15-00-59.pth', './pretrained/GCN_Pretrained_2024-07-01-15-03-17.pth', './pretrained/GCN_Pretrained_2024-07-01-15-05-37.pth', './pretrained/GCN_Pretrained_2024-07-01-15-07-56.pth', './pretrained/GCN_Pretrained_2024-07-01-15-10-20.pth', './pretrained/GCN_Pretrained_2024-07-01-15-12-47.pth', './pretrained/GCN_Pretrained_2024-07-01-15-15-13.pth']
2024-07-16,23:08:23 [INFO] Started round 0/10 of experiments!
2024-07-16,23:08:24 [INFO] Setting for pretraining: Model: {'gnn_type': 'gcn', 'in_channels': 56, 'hidden_channels': 512, 'out_channels': 2, 'num_layers': 3, 'dropout': 0.4, 'with_bn': False, 'with_head': True} -- Optimizer: {'lr': 0.01, 'scheduler_step_size': 50, 'scheduler_gamma': 0.5, 'weight_decay': 0.0} -- Training: {'n_epochs': 100}
2024-07-16,23:08:24 [INFO] Loading previous pretrained model at ./pretrained/GCN_Pretrained_2024-07-01-14-54-05.pth
2024-07-16,23:08:24 [INFO] Prompting method: fix_match -- Setting: Prompting function: gpf_plus -- Target Dataset: DHFR
2024-07-16,23:08:24 [INFO] Setting for prompt tuning: Prompt: {'emb_dim': 56, 'h_dim': 512, 'output_dim': 56, 'prompt_fn': 'gpf_plus', 'token_num': 50, 'cross_prune': 0.8, 'inner_prune': 0.3, 'attn_with_param': False} -- Pretrained Model: {'gnn_type': 'gcn', 'in_channels': 56, 'hidden_channels': 512, 'out_channels': 2, 'num_layers': 3, 'dropout': 0.4, 'with_bn': False, 'with_head': True} -- Optimizer: {'lr': 0.01, 'scheduler_step_size': 50, 'scheduler_gamma': 0.5, 'weight_decay': 0.0} -- Training: {'aug_type': 'feature', 'pos_aug_mode': 'mask', 'p_raug': 0.15, 'n_epochs': 30, 'r_reg': 0.0, 'soft_label': False, 'clutering_iters': 3, 'iterative_clustering': False, 'entropy_div_ratio': 3, 'w_entropy_loss': 0.0, 'w_softmax_loss': 0.0, 'w_domain_loss': 0.0, 'light_aug_prob': 0.1, 'light_aug_mode': 'mask', 'num_classes': 2, 'cut_off': 0.5}
2024-07-16,23:08:24 [INFO] Prompt tuning started: Num runs: 5 -- Eval step: 10
2024-07-16,23:08:24 [INFO] Pretrained GNN on Source Dataset -- Test Loss: 0.863 -- Test ACC: 0.661 -- Test F1-score: 0.702
2024-07-16,23:08:25 [INFO] Pretrained GNN on Target Dataset Without Prompting: -- Validation Loss: 0.762 -- Validation ACC: 0.611 -- Validation F1-score: 0.667 -- Test Loss: 0.711 -- Test ACC: 0.774 -- Test F1-score: 0.803
2024-07-16,23:08:27 [INFO] Epoch: 0/30 -- Train Loss: 0.390 -- Validation Loss: 0.882 -- Validation ACC: 0.500 -- Validation F1: 0.526
2024-07-16,23:08:37 [INFO] Epoch: 10/30 -- Train Loss: 0.345 -- Validation Loss: 0.670 -- Validation ACC: 0.611 -- Validation F1: 0.696
2024-07-16,23:08:46 [INFO] Epoch: 20/30 -- Train Loss: 0.271 -- Validation Loss: 0.890 -- Validation ACC: 0.556 -- Validation F1: 0.600
2024-07-16,23:08:50 [INFO] Epoch: 24/30 -- Train Loss: 0.353 -- Validation Loss: 0.650 -- Validation ACC: 0.667 -- Validation F1: 0.750
2024-07-16,23:08:51 [INFO] Epoch: 25/30 -- Train Loss: 0.240 -- Validation Loss: 0.758 -- Validation ACC: 0.611 -- Validation F1: 0.696
2024-07-16,23:08:53 [INFO] Epoch: 26/30 -- Train Loss: 0.298 -- Validation Loss: 1.084 -- Validation ACC: 0.389 -- Validation F1: 0.353
2024-07-16,23:08:55 [INFO] Epoch: 27/30 -- Train Loss: 0.285 -- Validation Loss: 1.087 -- Validation ACC: 0.389 -- Validation F1: 0.353
2024-07-16,23:08:56 [INFO] Epoch: 28/30 -- Train Loss: 0.329 -- Validation Loss: 0.854 -- Validation ACC: 0.500 -- Validation F1: 0.571
2024-07-16,23:08:58 [INFO] Epoch: 29/30 -- Train Loss: 0.289 -- Validation Loss: 0.807 -- Validation ACC: 0.500 -- Validation F1: 0.571
2024-07-16,23:08:58 [INFO] Run 0/5: Average Over Last 6 epochs -- Valid ACC: 0.5092592592592592 -- Valid F1-score: 0.5490652918815613
2024-07-16,23:08:58 [INFO] Test Results of Run 0/5: -- Test Loss: 0.804 -- Test ACC: 0.748 -- Test F1: 0.779
2024-07-16,23:08:59 [INFO] Epoch: 0/30 -- Train Loss: 0.522 -- Validation Loss: 1.050 -- Validation ACC: 0.444 -- Validation F1: 0.444
2024-07-16,23:09:10 [INFO] Epoch: 10/30 -- Train Loss: 0.300 -- Validation Loss: 0.780 -- Validation ACC: 0.611 -- Validation F1: 0.667
2024-07-16,23:09:20 [INFO] Epoch: 20/30 -- Train Loss: 0.441 -- Validation Loss: 0.789 -- Validation ACC: 0.500 -- Validation F1: 0.571
2024-07-16,23:09:24 [INFO] Epoch: 24/30 -- Train Loss: 0.352 -- Validation Loss: 0.818 -- Validation ACC: 0.500 -- Validation F1: 0.571
2024-07-16,23:09:25 [INFO] Epoch: 25/30 -- Train Loss: 0.321 -- Validation Loss: 0.924 -- Validation ACC: 0.444 -- Validation F1: 0.500
2024-07-16,23:09:27 [INFO] Epoch: 26/30 -- Train Loss: 0.299 -- Validation Loss: 1.001 -- Validation ACC: 0.389 -- Validation F1: 0.421
2024-07-16,23:09:28 [INFO] Epoch: 27/30 -- Train Loss: 0.351 -- Validation Loss: 0.842 -- Validation ACC: 0.500 -- Validation F1: 0.571
2024-07-16,23:09:29 [INFO] Epoch: 28/30 -- Train Loss: 0.375 -- Validation Loss: 0.667 -- Validation ACC: 0.667 -- Validation F1: 0.750
2024-07-16,23:09:30 [INFO] Epoch: 29/30 -- Train Loss: 0.302 -- Validation Loss: 0.837 -- Validation ACC: 0.500 -- Validation F1: 0.571
2024-07-16,23:09:30 [INFO] Run 1/5: Average Over Last 6 epochs -- Valid ACC: 0.5 -- Valid F1-score: 0.564223070939382
2024-07-16,23:09:31 [INFO] Test Results of Run 1/5: -- Test Loss: 0.814 -- Test ACC: 0.739 -- Test F1: 0.769
2024-07-16,23:09:32 [INFO] Epoch: 0/30 -- Train Loss: 0.385 -- Validation Loss: 0.682 -- Validation ACC: 0.556 -- Validation F1: 0.636
2024-07-16,23:09:42 [INFO] Epoch: 10/30 -- Train Loss: 0.262 -- Validation Loss: 0.848 -- Validation ACC: 0.556 -- Validation F1: 0.636
2024-07-16,23:09:52 [INFO] Epoch: 20/30 -- Train Loss: 0.289 -- Validation Loss: 0.792 -- Validation ACC: 0.500 -- Validation F1: 0.571
2024-07-16,23:09:56 [INFO] Epoch: 24/30 -- Train Loss: 0.351 -- Validation Loss: 0.955 -- Validation ACC: 0.444 -- Validation F1: 0.500
2024-07-16,23:09:58 [INFO] Epoch: 25/30 -- Train Loss: 0.291 -- Validation Loss: 0.955 -- Validation ACC: 0.444 -- Validation F1: 0.500
2024-07-16,23:09:59 [INFO] Epoch: 26/30 -- Train Loss: 0.379 -- Validation Loss: 1.087 -- Validation ACC: 0.333 -- Validation F1: 0.333
2024-07-16,23:10:00 [INFO] Epoch: 27/30 -- Train Loss: 0.299 -- Validation Loss: 1.189 -- Validation ACC: 0.389 -- Validation F1: 0.353
2024-07-16,23:10:01 [INFO] Epoch: 28/30 -- Train Loss: 0.454 -- Validation Loss: 0.980 -- Validation ACC: 0.389 -- Validation F1: 0.421
2024-07-16,23:10:03 [INFO] Epoch: 29/30 -- Train Loss: 0.297 -- Validation Loss: 0.811 -- Validation ACC: 0.611 -- Validation F1: 0.696
2024-07-16,23:10:03 [INFO] Run 2/5: Average Over Last 6 epochs -- Valid ACC: 0.4351851851851851 -- Valid F1-score: 0.46716322501500446
2024-07-16,23:10:03 [INFO] Test Results of Run 2/5: -- Test Loss: 0.756 -- Test ACC: 0.739 -- Test F1: 0.773
2024-07-16,23:10:04 [INFO] Epoch: 0/30 -- Train Loss: 0.359 -- Validation Loss: 1.114 -- Validation ACC: 0.389 -- Validation F1: 0.353
2024-07-16,23:10:14 [INFO] Epoch: 10/30 -- Train Loss: 0.297 -- Validation Loss: 0.908 -- Validation ACC: 0.556 -- Validation F1: 0.600
2024-07-16,23:10:24 [INFO] Epoch: 20/30 -- Train Loss: 0.396 -- Validation Loss: 0.774 -- Validation ACC: 0.500 -- Validation F1: 0.571
2024-07-16,23:10:28 [INFO] Epoch: 24/30 -- Train Loss: 0.461 -- Validation Loss: 0.795 -- Validation ACC: 0.500 -- Validation F1: 0.571
2024-07-16,23:10:29 [INFO] Epoch: 25/30 -- Train Loss: 0.435 -- Validation Loss: 0.756 -- Validation ACC: 0.556 -- Validation F1: 0.636
2024-07-16,23:10:31 [INFO] Epoch: 26/30 -- Train Loss: 0.410 -- Validation Loss: 0.753 -- Validation ACC: 0.556 -- Validation F1: 0.636
2024-07-16,23:10:32 [INFO] Epoch: 27/30 -- Train Loss: 0.288 -- Validation Loss: 0.853 -- Validation ACC: 0.556 -- Validation F1: 0.600
2024-07-16,23:10:33 [INFO] Epoch: 28/30 -- Train Loss: 0.324 -- Validation Loss: 0.922 -- Validation ACC: 0.500 -- Validation F1: 0.526
2024-07-16,23:10:34 [INFO] Epoch: 29/30 -- Train Loss: 0.303 -- Validation Loss: 0.915 -- Validation ACC: 0.500 -- Validation F1: 0.526
2024-07-16,23:10:34 [INFO] Run 3/5: Average Over Last 6 epochs -- Valid ACC: 0.5277777777777778 -- Valid F1-score: 0.5827979147434235
2024-07-16,23:10:35 [INFO] Test Results of Run 3/5: -- Test Loss: 0.839 -- Test ACC: 0.748 -- Test F1: 0.772
2024-07-16,23:10:36 [INFO] Epoch: 0/30 -- Train Loss: 0.366 -- Validation Loss: 1.050 -- Validation ACC: 0.444 -- Validation F1: 0.444
2024-07-16,23:10:46 [INFO] Epoch: 10/30 -- Train Loss: 0.382 -- Validation Loss: 0.857 -- Validation ACC: 0.500 -- Validation F1: 0.571
2024-07-16,23:10:56 [INFO] Epoch: 20/30 -- Train Loss: 0.402 -- Validation Loss: 0.946 -- Validation ACC: 0.444 -- Validation F1: 0.444
2024-07-16,23:11:00 [INFO] Epoch: 24/30 -- Train Loss: 0.271 -- Validation Loss: 0.918 -- Validation ACC: 0.389 -- Validation F1: 0.421
2024-07-16,23:11:02 [INFO] Epoch: 25/30 -- Train Loss: 0.303 -- Validation Loss: 1.115 -- Validation ACC: 0.389 -- Validation F1: 0.353
2024-07-16,23:11:03 [INFO] Epoch: 26/30 -- Train Loss: 0.355 -- Validation Loss: 0.830 -- Validation ACC: 0.556 -- Validation F1: 0.636
2024-07-16,23:11:04 [INFO] Epoch: 27/30 -- Train Loss: 0.256 -- Validation Loss: 0.804 -- Validation ACC: 0.556 -- Validation F1: 0.636
2024-07-16,23:11:06 [INFO] Epoch: 28/30 -- Train Loss: 0.383 -- Validation Loss: 0.861 -- Validation ACC: 0.500 -- Validation F1: 0.571
2024-07-16,23:11:07 [INFO] Epoch: 29/30 -- Train Loss: 0.318 -- Validation Loss: 0.939 -- Validation ACC: 0.389 -- Validation F1: 0.421
2024-07-16,23:11:07 [INFO] Run 4/5: Average Over Last 6 epochs -- Valid ACC: 0.462962962962963 -- Valid F1-score: 0.5065337171157202
2024-07-16,23:11:08 [INFO] Test Results of Run 4/5: -- Test Loss: 0.825 -- Test ACC: 0.739 -- Test F1: 0.769
2024-07-16,23:11:08 [INFO] Validation average after 5 runs -- ACC: 0.487 -- F1-score: 0.534
2024-07-16,23:11:08 [INFO] Test average after 5 runs -- ACC: 0.743 -- F1-score: 0.772
2024-07-16,23:11:08 [INFO] Finished round 0/10 of experiments!
2024-07-16,23:11:08 [INFO] Started round 1/10 of experiments!
2024-07-16,23:11:08 [INFO] Loading previous pretrained model at ./pretrained/GCN_Pretrained_2024-07-01-14-56-23.pth
2024-07-16,23:11:09 [INFO] Pretrained GNN on Source Dataset -- Test Loss: 0.964 -- Test ACC: 0.739 -- Test F1-score: 0.758
2024-07-16,23:11:09 [INFO] Pretrained GNN on Target Dataset Without Prompting: -- Validation Loss: 1.277 -- Validation ACC: 0.667 -- Validation F1-score: 0.769 -- Test Loss: 1.529 -- Test ACC: 0.643 -- Test F1-score: 0.713
2024-07-16,23:11:11 [INFO] Epoch: 0/30 -- Train Loss: 0.560 -- Validation Loss: 1.537 -- Validation ACC: 0.667 -- Validation F1: 0.800
2024-07-16,23:11:21 [INFO] Epoch: 10/30 -- Train Loss: 0.406 -- Validation Loss: 1.305 -- Validation ACC: 0.667 -- Validation F1: 0.786
2024-07-16,23:11:31 [INFO] Epoch: 20/30 -- Train Loss: 0.352 -- Validation Loss: 1.372 -- Validation ACC: 0.667 -- Validation F1: 0.769
2024-07-16,23:11:35 [INFO] Epoch: 24/30 -- Train Loss: 0.475 -- Validation Loss: 1.423 -- Validation ACC: 0.667 -- Validation F1: 0.769
2024-07-16,23:11:36 [INFO] Epoch: 25/30 -- Train Loss: 0.412 -- Validation Loss: 1.402 -- Validation ACC: 0.667 -- Validation F1: 0.769
2024-07-16,23:11:37 [INFO] Epoch: 26/30 -- Train Loss: 0.455 -- Validation Loss: 1.396 -- Validation ACC: 0.667 -- Validation F1: 0.769
2024-07-16,23:11:39 [INFO] Epoch: 27/30 -- Train Loss: 0.508 -- Validation Loss: 1.391 -- Validation ACC: 0.667 -- Validation F1: 0.769
2024-07-16,23:11:40 [INFO] Epoch: 28/30 -- Train Loss: 0.451 -- Validation Loss: 1.387 -- Validation ACC: 0.722 -- Validation F1: 0.815
2024-07-16,23:11:41 [INFO] Epoch: 29/30 -- Train Loss: 0.375 -- Validation Loss: 1.423 -- Validation ACC: 0.722 -- Validation F1: 0.815
2024-07-16,23:11:41 [INFO] Run 0/5: Average Over Last 6 epochs -- Valid ACC: 0.6851851851851851 -- Valid F1-score: 0.7844254573186239
2024-07-16,23:11:42 [INFO] Test Results of Run 0/5: -- Test Loss: 1.600 -- Test ACC: 0.652 -- Test F1: 0.730
2024-07-16,23:11:43 [INFO] Epoch: 0/30 -- Train Loss: 0.324 -- Validation Loss: 1.439 -- Validation ACC: 0.722 -- Validation F1: 0.828
2024-07-16,23:11:53 [INFO] Epoch: 10/30 -- Train Loss: 0.340 -- Validation Loss: 1.392 -- Validation ACC: 0.667 -- Validation F1: 0.769
2024-07-16,23:12:02 [INFO] Epoch: 20/30 -- Train Loss: 0.445 -- Validation Loss: 1.422 -- Validation ACC: 0.611 -- Validation F1: 0.759
2024-07-16,23:12:06 [INFO] Epoch: 24/30 -- Train Loss: 0.301 -- Validation Loss: 1.357 -- Validation ACC: 0.722 -- Validation F1: 0.815
2024-07-16,23:12:07 [INFO] Epoch: 25/30 -- Train Loss: 0.285 -- Validation Loss: 1.363 -- Validation ACC: 0.667 -- Validation F1: 0.769
2024-07-16,23:12:08 [INFO] Epoch: 26/30 -- Train Loss: 0.471 -- Validation Loss: 1.392 -- Validation ACC: 0.667 -- Validation F1: 0.769
2024-07-16,23:12:10 [INFO] Epoch: 27/30 -- Train Loss: 0.430 -- Validation Loss: 1.426 -- Validation ACC: 0.667 -- Validation F1: 0.769
2024-07-16,23:12:11 [INFO] Epoch: 28/30 -- Train Loss: 0.410 -- Validation Loss: 1.446 -- Validation ACC: 0.667 -- Validation F1: 0.769
2024-07-16,23:12:12 [INFO] Epoch: 29/30 -- Train Loss: 0.496 -- Validation Loss: 1.465 -- Validation ACC: 0.667 -- Validation F1: 0.769
2024-07-16,23:12:12 [INFO] Run 1/5: Average Over Last 6 epochs -- Valid ACC: 0.6759259259259259 -- Valid F1-score: 0.7768281201521555
2024-07-16,23:12:13 [INFO] Test Results of Run 1/5: -- Test Loss: 1.634 -- Test ACC: 0.643 -- Test F1: 0.721
2024-07-16,23:12:14 [INFO] Epoch: 0/30 -- Train Loss: 0.381 -- Validation Loss: 1.575 -- Validation ACC: 0.722 -- Validation F1: 0.839
2024-07-16,23:12:24 [INFO] Epoch: 10/30 -- Train Loss: 0.439 -- Validation Loss: 1.339 -- Validation ACC: 0.778 -- Validation F1: 0.857
2024-07-16,23:12:34 [INFO] Epoch: 20/30 -- Train Loss: 0.361 -- Validation Loss: 1.392 -- Validation ACC: 0.667 -- Validation F1: 0.800
2024-07-16,23:12:38 [INFO] Epoch: 24/30 -- Train Loss: 0.306 -- Validation Loss: 1.412 -- Validation ACC: 0.667 -- Validation F1: 0.769
2024-07-16,23:12:39 [INFO] Epoch: 25/30 -- Train Loss: 0.299 -- Validation Loss: 1.424 -- Validation ACC: 0.667 -- Validation F1: 0.769
2024-07-16,23:12:41 [INFO] Epoch: 26/30 -- Train Loss: 0.356 -- Validation Loss: 1.446 -- Validation ACC: 0.722 -- Validation F1: 0.815
2024-07-16,23:12:42 [INFO] Epoch: 27/30 -- Train Loss: 0.616 -- Validation Loss: 1.459 -- Validation ACC: 0.722 -- Validation F1: 0.815
2024-07-16,23:12:44 [INFO] Epoch: 28/30 -- Train Loss: 0.344 -- Validation Loss: 1.485 -- Validation ACC: 0.722 -- Validation F1: 0.828
2024-07-16,23:12:45 [INFO] Epoch: 29/30 -- Train Loss: 0.426 -- Validation Loss: 1.482 -- Validation ACC: 0.667 -- Validation F1: 0.786
2024-07-16,23:12:45 [INFO] Run 2/5: Average Over Last 6 epochs -- Valid ACC: 0.6944444444444445 -- Valid F1-score: 0.7968986133734385
2024-07-16,23:12:45 [INFO] Test Results of Run 2/5: -- Test Loss: 1.667 -- Test ACC: 0.670 -- Test F1: 0.753
2024-07-16,23:12:47 [INFO] Epoch: 0/30 -- Train Loss: 0.408 -- Validation Loss: 1.525 -- Validation ACC: 0.667 -- Validation F1: 0.800
2024-07-16,23:12:57 [INFO] Epoch: 10/30 -- Train Loss: 0.339 -- Validation Loss: 1.411 -- Validation ACC: 0.722 -- Validation F1: 0.815
2024-07-16,23:13:07 [INFO] Epoch: 20/30 -- Train Loss: 0.371 -- Validation Loss: 1.425 -- Validation ACC: 0.722 -- Validation F1: 0.815
2024-07-16,23:13:11 [INFO] Epoch: 24/30 -- Train Loss: 0.642 -- Validation Loss: 1.426 -- Validation ACC: 0.667 -- Validation F1: 0.769
2024-07-16,23:13:12 [INFO] Epoch: 25/30 -- Train Loss: 0.331 -- Validation Loss: 1.466 -- Validation ACC: 0.722 -- Validation F1: 0.828
2024-07-16,23:13:13 [INFO] Epoch: 26/30 -- Train Loss: 0.355 -- Validation Loss: 1.497 -- Validation ACC: 0.722 -- Validation F1: 0.828
2024-07-16,23:13:15 [INFO] Epoch: 27/30 -- Train Loss: 0.358 -- Validation Loss: 1.462 -- Validation ACC: 0.722 -- Validation F1: 0.828
2024-07-16,23:13:16 [INFO] Epoch: 28/30 -- Train Loss: 0.374 -- Validation Loss: 1.421 -- Validation ACC: 0.722 -- Validation F1: 0.815
2024-07-16,23:13:17 [INFO] Epoch: 29/30 -- Train Loss: 0.451 -- Validation Loss: 1.400 -- Validation ACC: 0.722 -- Validation F1: 0.815
2024-07-16,23:13:17 [INFO] Run 3/5: Average Over Last 6 epochs -- Valid ACC: 0.7129629629629629 -- Valid F1-score: 0.8136031826337179
2024-07-16,23:13:18 [INFO] Test Results of Run 3/5: -- Test Loss: 1.654 -- Test ACC: 0.652 -- Test F1: 0.726
2024-07-16,23:13:19 [INFO] Epoch: 0/30 -- Train Loss: 0.407 -- Validation Loss: 1.375 -- Validation ACC: 0.722 -- Validation F1: 0.815
2024-07-16,23:13:29 [INFO] Epoch: 10/30 -- Train Loss: 0.510 -- Validation Loss: 1.287 -- Validation ACC: 0.667 -- Validation F1: 0.769
2024-07-16,23:13:39 [INFO] Epoch: 20/30 -- Train Loss: 0.433 -- Validation Loss: 1.460 -- Validation ACC: 0.667 -- Validation F1: 0.769
2024-07-16,23:13:44 [INFO] Epoch: 24/30 -- Train Loss: 0.347 -- Validation Loss: 1.525 -- Validation ACC: 0.722 -- Validation F1: 0.828
2024-07-16,23:13:45 [INFO] Epoch: 25/30 -- Train Loss: 0.353 -- Validation Loss: 1.567 -- Validation ACC: 0.778 -- Validation F1: 0.867
2024-07-16,23:13:46 [INFO] Epoch: 26/30 -- Train Loss: 0.498 -- Validation Loss: 1.505 -- Validation ACC: 0.667 -- Validation F1: 0.769
2024-07-16,23:13:48 [INFO] Epoch: 27/30 -- Train Loss: 0.380 -- Validation Loss: 1.481 -- Validation ACC: 0.667 -- Validation F1: 0.769
2024-07-16,23:13:49 [INFO] Epoch: 28/30 -- Train Loss: 0.444 -- Validation Loss: 1.477 -- Validation ACC: 0.667 -- Validation F1: 0.769
2024-07-16,23:13:50 [INFO] Epoch: 29/30 -- Train Loss: 0.521 -- Validation Loss: 1.493 -- Validation ACC: 0.778 -- Validation F1: 0.857
2024-07-16,23:13:50 [INFO] Run 4/5: Average Over Last 6 epochs -- Valid ACC: 0.7129629629629629 -- Valid F1-score: 0.809848020474116
2024-07-16,23:13:51 [INFO] Test Results of Run 4/5: -- Test Loss: 1.653 -- Test ACC: 0.670 -- Test F1: 0.747
2024-07-16,23:13:51 [INFO] Validation average after 5 runs -- ACC: 0.696 -- F1-score: 0.796
2024-07-16,23:13:51 [INFO] Test average after 5 runs -- ACC: 0.657 -- F1-score: 0.735
2024-07-16,23:13:51 [INFO] Finished round 1/10 of experiments!
2024-07-16,23:13:51 [INFO] Started round 2/10 of experiments!
2024-07-16,23:13:52 [INFO] Loading previous pretrained model at ./pretrained/GCN_Pretrained_2024-07-01-14-58-41.pth
2024-07-16,23:13:52 [INFO] Pretrained GNN on Source Dataset -- Test Loss: 1.173 -- Test ACC: 0.757 -- Test F1-score: 0.813
2024-07-16,23:13:53 [INFO] Pretrained GNN on Target Dataset Without Prompting: -- Validation Loss: 0.928 -- Validation ACC: 0.667 -- Validation F1-score: 0.769 -- Test Loss: 0.858 -- Test ACC: 0.687 -- Test F1-score: 0.735
2024-07-16,23:13:54 [INFO] Epoch: 0/30 -- Train Loss: 0.361 -- Validation Loss: 1.020 -- Validation ACC: 0.667 -- Validation F1: 0.769
2024-07-16,23:14:04 [INFO] Epoch: 10/30 -- Train Loss: 0.340 -- Validation Loss: 1.302 -- Validation ACC: 0.667 -- Validation F1: 0.769
2024-07-16,23:14:15 [INFO] Epoch: 20/30 -- Train Loss: 0.416 -- Validation Loss: 1.448 -- Validation ACC: 0.667 -- Validation F1: 0.769
2024-07-16,23:14:19 [INFO] Epoch: 24/30 -- Train Loss: 0.258 -- Validation Loss: 1.486 -- Validation ACC: 0.667 -- Validation F1: 0.769
2024-07-16,23:14:21 [INFO] Epoch: 25/30 -- Train Loss: 0.358 -- Validation Loss: 1.475 -- Validation ACC: 0.667 -- Validation F1: 0.769
2024-07-16,23:14:22 [INFO] Epoch: 26/30 -- Train Loss: 0.439 -- Validation Loss: 1.505 -- Validation ACC: 0.667 -- Validation F1: 0.769
2024-07-16,23:14:23 [INFO] Epoch: 27/30 -- Train Loss: 0.333 -- Validation Loss: 1.513 -- Validation ACC: 0.667 -- Validation F1: 0.769
2024-07-16,23:14:24 [INFO] Epoch: 28/30 -- Train Loss: 0.312 -- Validation Loss: 1.507 -- Validation ACC: 0.667 -- Validation F1: 0.769
2024-07-16,23:14:25 [INFO] Epoch: 29/30 -- Train Loss: 0.368 -- Validation Loss: 1.532 -- Validation ACC: 0.667 -- Validation F1: 0.769
2024-07-16,23:14:25 [INFO] Run 0/5: Average Over Last 6 epochs -- Valid ACC: 0.6666666666666666 -- Valid F1-score: 0.7692307829856873
2024-07-16,23:14:26 [INFO] Test Results of Run 0/5: -- Test Loss: 1.061 -- Test ACC: 0.696 -- Test F1: 0.729
2024-07-16,23:14:27 [INFO] Epoch: 0/30 -- Train Loss: 0.369 -- Validation Loss: 1.015 -- Validation ACC: 0.667 -- Validation F1: 0.769
2024-07-16,23:14:37 [INFO] Epoch: 10/30 -- Train Loss: 0.309 -- Validation Loss: 1.317 -- Validation ACC: 0.667 -- Validation F1: 0.769
2024-07-16,23:14:47 [INFO] Epoch: 20/30 -- Train Loss: 0.366 -- Validation Loss: 1.452 -- Validation ACC: 0.667 -- Validation F1: 0.769
2024-07-16,23:14:51 [INFO] Epoch: 24/30 -- Train Loss: 0.348 -- Validation Loss: 1.482 -- Validation ACC: 0.667 -- Validation F1: 0.769
2024-07-16,23:14:53 [INFO] Epoch: 25/30 -- Train Loss: 0.370 -- Validation Loss: 1.464 -- Validation ACC: 0.667 -- Validation F1: 0.769
2024-07-16,23:14:54 [INFO] Epoch: 26/30 -- Train Loss: 0.336 -- Validation Loss: 1.464 -- Validation ACC: 0.667 -- Validation F1: 0.769
2024-07-16,23:14:55 [INFO] Epoch: 27/30 -- Train Loss: 0.329 -- Validation Loss: 1.472 -- Validation ACC: 0.667 -- Validation F1: 0.769
2024-07-16,23:14:57 [INFO] Epoch: 28/30 -- Train Loss: 0.402 -- Validation Loss: 1.524 -- Validation ACC: 0.667 -- Validation F1: 0.769
2024-07-16,23:14:58 [INFO] Epoch: 29/30 -- Train Loss: 0.306 -- Validation Loss: 1.544 -- Validation ACC: 0.667 -- Validation F1: 0.769
2024-07-16,23:14:58 [INFO] Run 1/5: Average Over Last 6 epochs -- Valid ACC: 0.6666666666666666 -- Valid F1-score: 0.7692307829856873
2024-07-16,23:14:58 [INFO] Test Results of Run 1/5: -- Test Loss: 1.104 -- Test ACC: 0.687 -- Test F1: 0.731
2024-07-16,23:15:00 [INFO] Epoch: 0/30 -- Train Loss: 0.430 -- Validation Loss: 1.066 -- Validation ACC: 0.667 -- Validation F1: 0.769
2024-07-16,23:15:10 [INFO] Epoch: 10/30 -- Train Loss: 0.328 -- Validation Loss: 1.289 -- Validation ACC: 0.611 -- Validation F1: 0.741
2024-07-16,23:15:19 [INFO] Epoch: 20/30 -- Train Loss: 0.377 -- Validation Loss: 1.356 -- Validation ACC: 0.667 -- Validation F1: 0.769
2024-07-16,23:15:23 [INFO] Epoch: 24/30 -- Train Loss: 0.384 -- Validation Loss: 1.460 -- Validation ACC: 0.667 -- Validation F1: 0.769
2024-07-16,23:15:24 [INFO] Epoch: 25/30 -- Train Loss: 0.280 -- Validation Loss: 1.479 -- Validation ACC: 0.667 -- Validation F1: 0.769
2024-07-16,23:15:26 [INFO] Epoch: 26/30 -- Train Loss: 0.335 -- Validation Loss: 1.489 -- Validation ACC: 0.667 -- Validation F1: 0.769
2024-07-16,23:15:27 [INFO] Epoch: 27/30 -- Train Loss: 0.527 -- Validation Loss: 1.488 -- Validation ACC: 0.667 -- Validation F1: 0.769
2024-07-16,23:15:28 [INFO] Epoch: 28/30 -- Train Loss: 0.351 -- Validation Loss: 1.476 -- Validation ACC: 0.667 -- Validation F1: 0.769
2024-07-16,23:15:30 [INFO] Epoch: 29/30 -- Train Loss: 0.269 -- Validation Loss: 1.482 -- Validation ACC: 0.667 -- Validation F1: 0.769
2024-07-16,23:15:30 [INFO] Run 2/5: Average Over Last 6 epochs -- Valid ACC: 0.6666666666666666 -- Valid F1-score: 0.7692307829856873
2024-07-16,23:15:30 [INFO] Test Results of Run 2/5: -- Test Loss: 1.017 -- Test ACC: 0.704 -- Test F1: 0.738
2024-07-16,23:15:31 [INFO] Epoch: 0/30 -- Train Loss: 0.336 -- Validation Loss: 1.026 -- Validation ACC: 0.667 -- Validation F1: 0.769
2024-07-16,23:15:42 [INFO] Epoch: 10/30 -- Train Loss: 0.429 -- Validation Loss: 1.367 -- Validation ACC: 0.667 -- Validation F1: 0.769
2024-07-16,23:15:51 [INFO] Epoch: 20/30 -- Train Loss: 0.252 -- Validation Loss: 1.493 -- Validation ACC: 0.667 -- Validation F1: 0.769
2024-07-16,23:15:55 [INFO] Epoch: 24/30 -- Train Loss: 0.256 -- Validation Loss: 1.503 -- Validation ACC: 0.667 -- Validation F1: 0.769
2024-07-16,23:15:56 [INFO] Epoch: 25/30 -- Train Loss: 0.428 -- Validation Loss: 1.568 -- Validation ACC: 0.667 -- Validation F1: 0.769
2024-07-16,23:15:58 [INFO] Epoch: 26/30 -- Train Loss: 0.333 -- Validation Loss: 1.540 -- Validation ACC: 0.667 -- Validation F1: 0.769
2024-07-16,23:16:00 [INFO] Epoch: 27/30 -- Train Loss: 0.350 -- Validation Loss: 1.462 -- Validation ACC: 0.667 -- Validation F1: 0.769
2024-07-16,23:16:01 [INFO] Epoch: 28/30 -- Train Loss: 0.332 -- Validation Loss: 1.453 -- Validation ACC: 0.667 -- Validation F1: 0.769
2024-07-16,23:16:03 [INFO] Epoch: 29/30 -- Train Loss: 0.381 -- Validation Loss: 1.505 -- Validation ACC: 0.667 -- Validation F1: 0.769
2024-07-16,23:16:03 [INFO] Run 3/5: Average Over Last 6 epochs -- Valid ACC: 0.6666666666666666 -- Valid F1-score: 0.7692307829856873
2024-07-16,23:16:03 [INFO] Test Results of Run 3/5: -- Test Loss: 1.076 -- Test ACC: 0.678 -- Test F1: 0.722
2024-07-16,23:16:04 [INFO] Epoch: 0/30 -- Train Loss: 0.340 -- Validation Loss: 0.950 -- Validation ACC: 0.667 -- Validation F1: 0.769
2024-07-16,23:16:14 [INFO] Epoch: 10/30 -- Train Loss: 0.369 -- Validation Loss: 1.333 -- Validation ACC: 0.667 -- Validation F1: 0.769
2024-07-16,23:16:24 [INFO] Epoch: 20/30 -- Train Loss: 0.350 -- Validation Loss: 1.446 -- Validation ACC: 0.667 -- Validation F1: 0.769
2024-07-16,23:16:28 [INFO] Epoch: 24/30 -- Train Loss: 0.321 -- Validation Loss: 1.457 -- Validation ACC: 0.667 -- Validation F1: 0.769
2024-07-16,23:16:29 [INFO] Epoch: 25/30 -- Train Loss: 0.318 -- Validation Loss: 1.507 -- Validation ACC: 0.667 -- Validation F1: 0.769
2024-07-16,23:16:30 [INFO] Epoch: 26/30 -- Train Loss: 0.265 -- Validation Loss: 1.491 -- Validation ACC: 0.667 -- Validation F1: 0.769
2024-07-16,23:16:32 [INFO] Epoch: 27/30 -- Train Loss: 0.403 -- Validation Loss: 1.488 -- Validation ACC: 0.667 -- Validation F1: 0.769
2024-07-16,23:16:33 [INFO] Epoch: 28/30 -- Train Loss: 0.334 -- Validation Loss: 1.507 -- Validation ACC: 0.667 -- Validation F1: 0.769
2024-07-16,23:16:34 [INFO] Epoch: 29/30 -- Train Loss: 0.363 -- Validation Loss: 1.524 -- Validation ACC: 0.667 -- Validation F1: 0.769
2024-07-16,23:16:34 [INFO] Run 4/5: Average Over Last 6 epochs -- Valid ACC: 0.6666666666666666 -- Valid F1-score: 0.7692307829856873
2024-07-16,23:16:34 [INFO] Test Results of Run 4/5: -- Test Loss: 1.021 -- Test ACC: 0.704 -- Test F1: 0.738
2024-07-16,23:16:34 [INFO] Validation average after 5 runs -- ACC: 0.667 -- F1-score: 0.769
2024-07-16,23:16:34 [INFO] Test average after 5 runs -- ACC: 0.694 -- F1-score: 0.732
2024-07-16,23:16:34 [INFO] Finished round 2/10 of experiments!
2024-07-16,23:16:34 [INFO] Started round 3/10 of experiments!
2024-07-16,23:16:35 [INFO] Loading previous pretrained model at ./pretrained/GCN_Pretrained_2024-07-01-15-00-59.pth
2024-07-16,23:16:35 [INFO] Pretrained GNN on Source Dataset -- Test Loss: 0.746 -- Test ACC: 0.739 -- Test F1-score: 0.786
2024-07-16,23:16:36 [INFO] Pretrained GNN on Target Dataset Without Prompting: -- Validation Loss: 0.769 -- Validation ACC: 0.722 -- Validation F1-score: 0.706 -- Test Loss: 0.897 -- Test ACC: 0.748 -- Test F1-score: 0.810
2024-07-16,23:16:37 [INFO] Epoch: 0/30 -- Train Loss: 0.386 -- Validation Loss: 0.793 -- Validation ACC: 0.778 -- Validation F1: 0.750
2024-07-16,23:16:47 [INFO] Epoch: 10/30 -- Train Loss: 0.311 -- Validation Loss: 1.041 -- Validation ACC: 0.778 -- Validation F1: 0.750
2024-07-16,23:16:57 [INFO] Epoch: 20/30 -- Train Loss: 0.333 -- Validation Loss: 1.103 -- Validation ACC: 0.778 -- Validation F1: 0.750
2024-07-16,23:17:02 [INFO] Epoch: 24/30 -- Train Loss: 0.325 -- Validation Loss: 1.166 -- Validation ACC: 0.722 -- Validation F1: 0.706
2024-07-16,23:17:03 [INFO] Epoch: 25/30 -- Train Loss: 0.248 -- Validation Loss: 1.153 -- Validation ACC: 0.778 -- Validation F1: 0.750
2024-07-16,23:17:04 [INFO] Epoch: 26/30 -- Train Loss: 0.340 -- Validation Loss: 1.144 -- Validation ACC: 0.778 -- Validation F1: 0.750
2024-07-16,23:17:05 [INFO] Epoch: 27/30 -- Train Loss: 0.291 -- Validation Loss: 1.120 -- Validation ACC: 0.778 -- Validation F1: 0.750
2024-07-16,23:17:07 [INFO] Epoch: 28/30 -- Train Loss: 0.256 -- Validation Loss: 1.107 -- Validation ACC: 0.722 -- Validation F1: 0.706
2024-07-16,23:17:08 [INFO] Epoch: 29/30 -- Train Loss: 0.359 -- Validation Loss: 1.100 -- Validation ACC: 0.722 -- Validation F1: 0.706
2024-07-16,23:17:08 [INFO] Run 0/5: Average Over Last 6 epochs -- Valid ACC: 0.75 -- Valid F1-score: 0.7279411852359772
2024-07-16,23:17:08 [INFO] Test Results of Run 0/5: -- Test Loss: 1.237 -- Test ACC: 0.748 -- Test F1: 0.815
2024-07-16,23:17:10 [INFO] Epoch: 0/30 -- Train Loss: 0.406 -- Validation Loss: 0.748 -- Validation ACC: 0.778 -- Validation F1: 0.750
2024-07-16,23:17:19 [INFO] Epoch: 10/30 -- Train Loss: 0.387 -- Validation Loss: 0.982 -- Validation ACC: 0.722 -- Validation F1: 0.706
2024-07-16,23:17:29 [INFO] Epoch: 20/30 -- Train Loss: 0.360 -- Validation Loss: 1.014 -- Validation ACC: 0.722 -- Validation F1: 0.706
2024-07-16,23:17:33 [INFO] Epoch: 24/30 -- Train Loss: 0.332 -- Validation Loss: 1.165 -- Validation ACC: 0.722 -- Validation F1: 0.706
2024-07-16,23:17:35 [INFO] Epoch: 25/30 -- Train Loss: 0.220 -- Validation Loss: 1.129 -- Validation ACC: 0.722 -- Validation F1: 0.706
2024-07-16,23:17:36 [INFO] Epoch: 26/30 -- Train Loss: 0.311 -- Validation Loss: 1.121 -- Validation ACC: 0.778 -- Validation F1: 0.750
2024-07-16,23:17:37 [INFO] Epoch: 27/30 -- Train Loss: 0.291 -- Validation Loss: 1.122 -- Validation ACC: 0.778 -- Validation F1: 0.750
2024-07-16,23:17:38 [INFO] Epoch: 28/30 -- Train Loss: 0.349 -- Validation Loss: 1.121 -- Validation ACC: 0.778 -- Validation F1: 0.750
2024-07-16,23:17:40 [INFO] Epoch: 29/30 -- Train Loss: 0.360 -- Validation Loss: 1.129 -- Validation ACC: 0.778 -- Validation F1: 0.750
2024-07-16,23:17:40 [INFO] Run 1/5: Average Over Last 6 epochs -- Valid ACC: 0.7592592592592592 -- Valid F1-score: 0.7352941234906515
2024-07-16,23:17:40 [INFO] Test Results of Run 1/5: -- Test Loss: 1.236 -- Test ACC: 0.739 -- Test F1: 0.803
2024-07-16,23:17:41 [INFO] Epoch: 0/30 -- Train Loss: 0.348 -- Validation Loss: 0.800 -- Validation ACC: 0.778 -- Validation F1: 0.750
2024-07-16,23:17:52 [INFO] Epoch: 10/30 -- Train Loss: 0.335 -- Validation Loss: 0.945 -- Validation ACC: 0.778 -- Validation F1: 0.750
2024-07-16,23:18:02 [INFO] Epoch: 20/30 -- Train Loss: 0.368 -- Validation Loss: 1.112 -- Validation ACC: 0.722 -- Validation F1: 0.706
2024-07-16,23:18:06 [INFO] Epoch: 24/30 -- Train Loss: 0.375 -- Validation Loss: 1.146 -- Validation ACC: 0.778 -- Validation F1: 0.750
2024-07-16,23:18:07 [INFO] Epoch: 25/30 -- Train Loss: 0.313 -- Validation Loss: 1.149 -- Validation ACC: 0.778 -- Validation F1: 0.750
2024-07-16,23:18:09 [INFO] Epoch: 26/30 -- Train Loss: 0.301 -- Validation Loss: 1.166 -- Validation ACC: 0.778 -- Validation F1: 0.750
2024-07-16,23:18:10 [INFO] Epoch: 27/30 -- Train Loss: 0.402 -- Validation Loss: 1.194 -- Validation ACC: 0.722 -- Validation F1: 0.706
2024-07-16,23:18:11 [INFO] Epoch: 28/30 -- Train Loss: 0.254 -- Validation Loss: 1.171 -- Validation ACC: 0.722 -- Validation F1: 0.706
2024-07-16,23:18:12 [INFO] Epoch: 29/30 -- Train Loss: 0.310 -- Validation Loss: 1.157 -- Validation ACC: 0.778 -- Validation F1: 0.750
2024-07-16,23:18:12 [INFO] Run 2/5: Average Over Last 6 epochs -- Valid ACC: 0.7592592592592594 -- Valid F1-score: 0.7352941234906515
2024-07-16,23:18:13 [INFO] Test Results of Run 2/5: -- Test Loss: 1.238 -- Test ACC: 0.748 -- Test F1: 0.808
2024-07-16,23:18:14 [INFO] Epoch: 0/30 -- Train Loss: 0.387 -- Validation Loss: 0.726 -- Validation ACC: 0.778 -- Validation F1: 0.750
2024-07-16,23:18:24 [INFO] Epoch: 10/30 -- Train Loss: 0.371 -- Validation Loss: 1.022 -- Validation ACC: 0.778 -- Validation F1: 0.750
2024-07-16,23:18:33 [INFO] Epoch: 20/30 -- Train Loss: 0.290 -- Validation Loss: 1.078 -- Validation ACC: 0.778 -- Validation F1: 0.750
2024-07-16,23:18:37 [INFO] Epoch: 24/30 -- Train Loss: 0.409 -- Validation Loss: 1.076 -- Validation ACC: 0.778 -- Validation F1: 0.750
2024-07-16,23:18:39 [INFO] Epoch: 25/30 -- Train Loss: 0.285 -- Validation Loss: 1.097 -- Validation ACC: 0.778 -- Validation F1: 0.750
2024-07-16,23:18:40 [INFO] Epoch: 26/30 -- Train Loss: 0.257 -- Validation Loss: 1.156 -- Validation ACC: 0.722 -- Validation F1: 0.706
2024-07-16,23:18:41 [INFO] Epoch: 27/30 -- Train Loss: 0.365 -- Validation Loss: 1.174 -- Validation ACC: 0.722 -- Validation F1: 0.706
2024-07-16,23:18:42 [INFO] Epoch: 28/30 -- Train Loss: 0.362 -- Validation Loss: 1.201 -- Validation ACC: 0.778 -- Validation F1: 0.750
2024-07-16,23:18:44 [INFO] Epoch: 29/30 -- Train Loss: 0.286 -- Validation Loss: 1.222 -- Validation ACC: 0.778 -- Validation F1: 0.750
2024-07-16,23:18:44 [INFO] Run 3/5: Average Over Last 6 epochs -- Valid ACC: 0.7592592592592592 -- Valid F1-score: 0.7352941234906515
2024-07-16,23:18:44 [INFO] Test Results of Run 3/5: -- Test Loss: 1.216 -- Test ACC: 0.730 -- Test F1: 0.795
2024-07-16,23:18:45 [INFO] Epoch: 0/30 -- Train Loss: 0.429 -- Validation Loss: 0.747 -- Validation ACC: 0.778 -- Validation F1: 0.750
2024-07-16,23:18:55 [INFO] Epoch: 10/30 -- Train Loss: 0.392 -- Validation Loss: 0.905 -- Validation ACC: 0.722 -- Validation F1: 0.706
2024-07-16,23:19:05 [INFO] Epoch: 20/30 -- Train Loss: 0.343 -- Validation Loss: 1.137 -- Validation ACC: 0.778 -- Validation F1: 0.750
2024-07-16,23:19:09 [INFO] Epoch: 24/30 -- Train Loss: 0.374 -- Validation Loss: 1.198 -- Validation ACC: 0.722 -- Validation F1: 0.706
2024-07-16,23:19:10 [INFO] Epoch: 25/30 -- Train Loss: 0.435 -- Validation Loss: 1.206 -- Validation ACC: 0.778 -- Validation F1: 0.750
2024-07-16,23:19:12 [INFO] Epoch: 26/30 -- Train Loss: 0.313 -- Validation Loss: 1.238 -- Validation ACC: 0.722 -- Validation F1: 0.706
2024-07-16,23:19:13 [INFO] Epoch: 27/30 -- Train Loss: 0.311 -- Validation Loss: 1.263 -- Validation ACC: 0.667 -- Validation F1: 0.667
2024-07-16,23:19:15 [INFO] Epoch: 28/30 -- Train Loss: 0.482 -- Validation Loss: 1.200 -- Validation ACC: 0.778 -- Validation F1: 0.750
2024-07-16,23:19:16 [INFO] Epoch: 29/30 -- Train Loss: 0.371 -- Validation Loss: 1.182 -- Validation ACC: 0.778 -- Validation F1: 0.750
2024-07-16,23:19:16 [INFO] Run 4/5: Average Over Last 6 epochs -- Valid ACC: 0.7407407407407408 -- Valid F1-score: 0.7214052379131317
2024-07-16,23:19:16 [INFO] Test Results of Run 4/5: -- Test Loss: 1.211 -- Test ACC: 0.696 -- Test F1: 0.759
2024-07-16,23:19:16 [INFO] Validation average after 5 runs -- ACC: 0.754 -- F1-score: 0.731
2024-07-16,23:19:16 [INFO] Test average after 5 runs -- ACC: 0.732 -- F1-score: 0.796
2024-07-16,23:19:16 [INFO] Finished round 3/10 of experiments!
2024-07-16,23:19:16 [INFO] Started round 4/10 of experiments!
2024-07-16,23:19:17 [INFO] Loading previous pretrained model at ./pretrained/GCN_Pretrained_2024-07-01-15-03-17.pth
2024-07-16,23:19:17 [INFO] Pretrained GNN on Source Dataset -- Test Loss: 1.048 -- Test ACC: 0.696 -- Test F1-score: 0.759
2024-07-16,23:19:18 [INFO] Pretrained GNN on Target Dataset Without Prompting: -- Validation Loss: 0.854 -- Validation ACC: 0.500 -- Validation F1-score: 0.571 -- Test Loss: 0.781 -- Test ACC: 0.713 -- Test F1-score: 0.784
2024-07-16,23:19:19 [INFO] Epoch: 0/30 -- Train Loss: 0.318 -- Validation Loss: 1.191 -- Validation ACC: 0.500 -- Validation F1: 0.571
2024-07-16,23:19:30 [INFO] Epoch: 10/30 -- Train Loss: 0.405 -- Validation Loss: 0.997 -- Validation ACC: 0.556 -- Validation F1: 0.556
2024-07-16,23:19:40 [INFO] Epoch: 20/30 -- Train Loss: 0.491 -- Validation Loss: 1.063 -- Validation ACC: 0.500 -- Validation F1: 0.571
2024-07-16,23:19:45 [INFO] Epoch: 24/30 -- Train Loss: 0.377 -- Validation Loss: 1.010 -- Validation ACC: 0.556 -- Validation F1: 0.556
2024-07-16,23:19:46 [INFO] Epoch: 25/30 -- Train Loss: 0.406 -- Validation Loss: 1.073 -- Validation ACC: 0.556 -- Validation F1: 0.600
2024-07-16,23:19:47 [INFO] Epoch: 26/30 -- Train Loss: 0.244 -- Validation Loss: 1.063 -- Validation ACC: 0.500 -- Validation F1: 0.571
2024-07-16,23:19:48 [INFO] Epoch: 27/30 -- Train Loss: 0.424 -- Validation Loss: 1.003 -- Validation ACC: 0.611 -- Validation F1: 0.632
2024-07-16,23:19:50 [INFO] Epoch: 28/30 -- Train Loss: 0.404 -- Validation Loss: 0.987 -- Validation ACC: 0.611 -- Validation F1: 0.632
2024-07-16,23:19:51 [INFO] Epoch: 29/30 -- Train Loss: 0.328 -- Validation Loss: 1.019 -- Validation ACC: 0.611 -- Validation F1: 0.632
2024-07-16,23:19:51 [INFO] Run 0/5: Average Over Last 6 epochs -- Valid ACC: 0.5740740740740741 -- Valid F1-score: 0.6036201616128286
2024-07-16,23:19:51 [INFO] Test Results of Run 0/5: -- Test Loss: 0.835 -- Test ACC: 0.713 -- Test F1: 0.787
2024-07-16,23:19:52 [INFO] Epoch: 0/30 -- Train Loss: 0.486 -- Validation Loss: 0.883 -- Validation ACC: 0.556 -- Validation F1: 0.600
2024-07-16,23:20:03 [INFO] Epoch: 10/30 -- Train Loss: 0.349 -- Validation Loss: 1.122 -- Validation ACC: 0.500 -- Validation F1: 0.571
2024-07-16,23:20:12 [INFO] Epoch: 20/30 -- Train Loss: 0.262 -- Validation Loss: 1.225 -- Validation ACC: 0.500 -- Validation F1: 0.571
2024-07-16,23:20:16 [INFO] Epoch: 24/30 -- Train Loss: 0.297 -- Validation Loss: 0.974 -- Validation ACC: 0.556 -- Validation F1: 0.600
2024-07-16,23:20:17 [INFO] Epoch: 25/30 -- Train Loss: 0.360 -- Validation Loss: 0.952 -- Validation ACC: 0.556 -- Validation F1: 0.556
2024-07-16,23:20:19 [INFO] Epoch: 26/30 -- Train Loss: 0.327 -- Validation Loss: 0.951 -- Validation ACC: 0.556 -- Validation F1: 0.556
2024-07-16,23:20:20 [INFO] Epoch: 27/30 -- Train Loss: 0.430 -- Validation Loss: 1.054 -- Validation ACC: 0.444 -- Validation F1: 0.500
2024-07-16,23:20:21 [INFO] Epoch: 28/30 -- Train Loss: 0.403 -- Validation Loss: 1.049 -- Validation ACC: 0.444 -- Validation F1: 0.500
2024-07-16,23:20:22 [INFO] Epoch: 29/30 -- Train Loss: 0.416 -- Validation Loss: 0.971 -- Validation ACC: 0.611 -- Validation F1: 0.588
2024-07-16,23:20:22 [INFO] Run 1/5: Average Over Last 6 epochs -- Valid ACC: 0.5277777777777778 -- Valid F1-score: 0.5498910844326019
2024-07-16,23:20:23 [INFO] Test Results of Run 1/5: -- Test Loss: 0.776 -- Test ACC: 0.739 -- Test F1: 0.805
2024-07-16,23:20:24 [INFO] Epoch: 0/30 -- Train Loss: 0.476 -- Validation Loss: 1.000 -- Validation ACC: 0.500 -- Validation F1: 0.571
2024-07-16,23:20:34 [INFO] Epoch: 10/30 -- Train Loss: 0.402 -- Validation Loss: 1.090 -- Validation ACC: 0.611 -- Validation F1: 0.632
2024-07-16,23:20:44 [INFO] Epoch: 20/30 -- Train Loss: 0.358 -- Validation Loss: 1.039 -- Validation ACC: 0.444 -- Validation F1: 0.500
2024-07-16,23:20:49 [INFO] Epoch: 24/30 -- Train Loss: 0.334 -- Validation Loss: 1.100 -- Validation ACC: 0.556 -- Validation F1: 0.600
2024-07-16,23:20:50 [INFO] Epoch: 25/30 -- Train Loss: 0.309 -- Validation Loss: 1.110 -- Validation ACC: 0.500 -- Validation F1: 0.526
2024-07-16,23:20:51 [INFO] Epoch: 26/30 -- Train Loss: 0.349 -- Validation Loss: 1.037 -- Validation ACC: 0.611 -- Validation F1: 0.588
2024-07-16,23:20:52 [INFO] Epoch: 27/30 -- Train Loss: 0.351 -- Validation Loss: 1.036 -- Validation ACC: 0.556 -- Validation F1: 0.556
2024-07-16,23:20:53 [INFO] Epoch: 28/30 -- Train Loss: 0.407 -- Validation Loss: 0.993 -- Validation ACC: 0.556 -- Validation F1: 0.556
2024-07-16,23:20:55 [INFO] Epoch: 29/30 -- Train Loss: 0.321 -- Validation Loss: 1.137 -- Validation ACC: 0.500 -- Validation F1: 0.571
2024-07-16,23:20:55 [INFO] Run 2/5: Average Over Last 6 epochs -- Valid ACC: 0.5462962962962963 -- Valid F1-score: 0.5661818186442057
2024-07-16,23:20:55 [INFO] Test Results of Run 2/5: -- Test Loss: 0.854 -- Test ACC: 0.713 -- Test F1: 0.787
2024-07-16,23:20:56 [INFO] Epoch: 0/30 -- Train Loss: 0.385 -- Validation Loss: 1.059 -- Validation ACC: 0.556 -- Validation F1: 0.600
2024-07-16,23:21:06 [INFO] Epoch: 10/30 -- Train Loss: 0.402 -- Validation Loss: 1.222 -- Validation ACC: 0.500 -- Validation F1: 0.571
2024-07-16,23:21:17 [INFO] Epoch: 20/30 -- Train Loss: 0.448 -- Validation Loss: 1.071 -- Validation ACC: 0.611 -- Validation F1: 0.588
2024-07-16,23:21:21 [INFO] Epoch: 24/30 -- Train Loss: 0.338 -- Validation Loss: 1.105 -- Validation ACC: 0.556 -- Validation F1: 0.556
2024-07-16,23:21:23 [INFO] Epoch: 25/30 -- Train Loss: 0.443 -- Validation Loss: 1.319 -- Validation ACC: 0.500 -- Validation F1: 0.571
2024-07-16,23:21:24 [INFO] Epoch: 26/30 -- Train Loss: 0.272 -- Validation Loss: 1.298 -- Validation ACC: 0.500 -- Validation F1: 0.571
2024-07-16,23:21:25 [INFO] Epoch: 27/30 -- Train Loss: 0.294 -- Validation Loss: 1.140 -- Validation ACC: 0.556 -- Validation F1: 0.556
2024-07-16,23:21:26 [INFO] Epoch: 28/30 -- Train Loss: 0.386 -- Validation Loss: 1.003 -- Validation ACC: 0.611 -- Validation F1: 0.588
2024-07-16,23:21:28 [INFO] Epoch: 29/30 -- Train Loss: 0.319 -- Validation Loss: 0.983 -- Validation ACC: 0.611 -- Validation F1: 0.588
2024-07-16,23:21:28 [INFO] Run 3/5: Average Over Last 6 epochs -- Valid ACC: 0.5555555555555556 -- Valid F1-score: 0.5717398325602213
2024-07-16,23:21:28 [INFO] Test Results of Run 3/5: -- Test Loss: 0.788 -- Test ACC: 0.730 -- Test F1: 0.792
2024-07-16,23:21:29 [INFO] Epoch: 0/30 -- Train Loss: 0.666 -- Validation Loss: 1.144 -- Validation ACC: 0.500 -- Validation F1: 0.571
2024-07-16,23:21:39 [INFO] Epoch: 10/30 -- Train Loss: 0.290 -- Validation Loss: 0.968 -- Validation ACC: 0.667 -- Validation F1: 0.667
2024-07-16,23:21:48 [INFO] Epoch: 20/30 -- Train Loss: 0.377 -- Validation Loss: 1.270 -- Validation ACC: 0.500 -- Validation F1: 0.571
2024-07-16,23:21:53 [INFO] Epoch: 24/30 -- Train Loss: 0.317 -- Validation Loss: 1.169 -- Validation ACC: 0.500 -- Validation F1: 0.571
2024-07-16,23:21:54 [INFO] Epoch: 25/30 -- Train Loss: 0.332 -- Validation Loss: 1.257 -- Validation ACC: 0.500 -- Validation F1: 0.571
2024-07-16,23:21:55 [INFO] Epoch: 26/30 -- Train Loss: 0.329 -- Validation Loss: 1.202 -- Validation ACC: 0.500 -- Validation F1: 0.571
2024-07-16,23:21:57 [INFO] Epoch: 27/30 -- Train Loss: 0.287 -- Validation Loss: 1.112 -- Validation ACC: 0.500 -- Validation F1: 0.571
2024-07-16,23:21:58 [INFO] Epoch: 28/30 -- Train Loss: 0.453 -- Validation Loss: 1.101 -- Validation ACC: 0.500 -- Validation F1: 0.571
2024-07-16,23:21:59 [INFO] Epoch: 29/30 -- Train Loss: 0.312 -- Validation Loss: 1.151 -- Validation ACC: 0.500 -- Validation F1: 0.571
2024-07-16,23:21:59 [INFO] Run 4/5: Average Over Last 6 epochs -- Valid ACC: 0.5 -- Valid F1-score: 0.5714285969734192
2024-07-16,23:22:00 [INFO] Test Results of Run 4/5: -- Test Loss: 0.831 -- Test ACC: 0.748 -- Test F1: 0.815
2024-07-16,23:22:00 [INFO] Validation average after 5 runs -- ACC: 0.541 -- F1-score: 0.573
2024-07-16,23:22:00 [INFO] Test average after 5 runs -- ACC: 0.729 -- F1-score: 0.797
2024-07-16,23:22:00 [INFO] Finished round 4/10 of experiments!
2024-07-16,23:22:00 [INFO] Started round 5/10 of experiments!
2024-07-16,23:22:01 [INFO] Setting for pretraining: Model: {'gnn_type': 'gcn', 'in_channels': 56, 'hidden_channels': 512, 'out_channels': 2, 'num_layers': 3, 'dropout': 0.4, 'with_bn': False, 'with_head': True} -- Optimizer: {'lr': 0.01, 'scheduler_step_size': 50, 'scheduler_gamma': 0.5, 'weight_decay': 0.0} -- Training: {'n_epochs': 100}
2024-07-16,23:22:01 [INFO] Loading previous pretrained model at ./pretrained/GCN_Pretrained_2024-07-01-15-05-37.pth
2024-07-16,23:22:01 [INFO] Prompting method: fix_match -- Setting: Prompting function: gpf_plus -- Target Dataset: DHFR
2024-07-16,23:22:01 [INFO] Setting for prompt tuning: Prompt: {'emb_dim': 56, 'h_dim': 512, 'output_dim': 56, 'prompt_fn': 'gpf_plus', 'token_num': 50, 'cross_prune': 0.8, 'inner_prune': 0.3, 'attn_with_param': False} -- Pretrained Model: {'gnn_type': 'gcn', 'in_channels': 56, 'hidden_channels': 512, 'out_channels': 2, 'num_layers': 3, 'dropout': 0.4, 'with_bn': False, 'with_head': True} -- Optimizer: {'lr': 0.01, 'scheduler_step_size': 50, 'scheduler_gamma': 0.5, 'weight_decay': 0.0} -- Training: {'aug_type': 'feature', 'pos_aug_mode': 'mask', 'p_raug': 0.15, 'n_epochs': 30, 'r_reg': 0.0, 'soft_label': False, 'clutering_iters': 3, 'iterative_clustering': False, 'entropy_div_ratio': 3, 'w_entropy_loss': 0.0, 'w_softmax_loss': 0.0, 'w_domain_loss': 0.0, 'light_aug_prob': 0.1, 'light_aug_mode': 'mask', 'num_classes': 2, 'cut_off': 0.5}
2024-07-16,23:22:01 [INFO] Prompt tuning started: Num runs: 5 -- Eval step: 10
2024-07-16,23:22:01 [INFO] Pretrained GNN on Source Dataset -- Test Loss: 0.768 -- Test ACC: 0.687 -- Test F1-score: 0.684
2024-07-16,23:22:01 [INFO] Pretrained GNN on Target Dataset Without Prompting: -- Validation Loss: 0.232 -- Validation ACC: 0.889 -- Validation F1-score: 0.900 -- Test Loss: 0.871 -- Test ACC: 0.722 -- Test F1-score: 0.754
2024-07-16,23:22:03 [INFO] Epoch: 0/30 -- Train Loss: 0.385 -- Validation Loss: 0.236 -- Validation ACC: 0.889 -- Validation F1: 0.889
2024-07-16,23:22:13 [INFO] Epoch: 10/30 -- Train Loss: 0.347 -- Validation Loss: 0.353 -- Validation ACC: 0.778 -- Validation F1: 0.750
2024-07-16,23:22:23 [INFO] Epoch: 20/30 -- Train Loss: 0.387 -- Validation Loss: 0.322 -- Validation ACC: 0.833 -- Validation F1: 0.842
2024-07-16,23:22:27 [INFO] Epoch: 24/30 -- Train Loss: 0.404 -- Validation Loss: 0.286 -- Validation ACC: 0.833 -- Validation F1: 0.842
2024-07-16,23:22:29 [INFO] Epoch: 25/30 -- Train Loss: 0.354 -- Validation Loss: 0.290 -- Validation ACC: 0.833 -- Validation F1: 0.842
2024-07-16,23:22:31 [INFO] Epoch: 26/30 -- Train Loss: 0.416 -- Validation Loss: 0.301 -- Validation ACC: 0.778 -- Validation F1: 0.778
2024-07-16,23:22:32 [INFO] Epoch: 27/30 -- Train Loss: 0.380 -- Validation Loss: 0.337 -- Validation ACC: 0.833 -- Validation F1: 0.824
2024-07-16,23:22:33 [INFO] Epoch: 28/30 -- Train Loss: 0.347 -- Validation Loss: 0.360 -- Validation ACC: 0.833 -- Validation F1: 0.824
2024-07-16,23:22:34 [INFO] Epoch: 29/30 -- Train Loss: 0.342 -- Validation Loss: 0.351 -- Validation ACC: 0.833 -- Validation F1: 0.824
2024-07-16,23:22:34 [INFO] Run 0/5: Average Over Last 6 epochs -- Valid ACC: 0.8240740740740741 -- Valid F1-score: 0.8220960994561514
2024-07-16,23:22:35 [INFO] Test Results of Run 0/5: -- Test Loss: 0.963 -- Test ACC: 0.652 -- Test F1: 0.667
2024-07-16,23:22:36 [INFO] Epoch: 0/30 -- Train Loss: 0.376 -- Validation Loss: 0.324 -- Validation ACC: 0.778 -- Validation F1: 0.750
2024-07-16,23:22:46 [INFO] Epoch: 10/30 -- Train Loss: 0.368 -- Validation Loss: 0.263 -- Validation ACC: 0.833 -- Validation F1: 0.842
2024-07-16,23:22:56 [INFO] Epoch: 20/30 -- Train Loss: 0.375 -- Validation Loss: 0.314 -- Validation ACC: 0.833 -- Validation F1: 0.842
2024-07-16,23:23:01 [INFO] Epoch: 24/30 -- Train Loss: 0.309 -- Validation Loss: 0.350 -- Validation ACC: 0.778 -- Validation F1: 0.778
2024-07-16,23:23:02 [INFO] Epoch: 25/30 -- Train Loss: 0.453 -- Validation Loss: 0.371 -- Validation ACC: 0.722 -- Validation F1: 0.706
2024-07-16,23:23:03 [INFO] Epoch: 26/30 -- Train Loss: 0.377 -- Validation Loss: 0.380 -- Validation ACC: 0.722 -- Validation F1: 0.706
2024-07-16,23:23:04 [INFO] Epoch: 27/30 -- Train Loss: 0.344 -- Validation Loss: 0.378 -- Validation ACC: 0.778 -- Validation F1: 0.778
2024-07-16,23:23:06 [INFO] Epoch: 28/30 -- Train Loss: 0.308 -- Validation Loss: 0.370 -- Validation ACC: 0.778 -- Validation F1: 0.778
2024-07-16,23:23:07 [INFO] Epoch: 29/30 -- Train Loss: 0.405 -- Validation Loss: 0.376 -- Validation ACC: 0.778 -- Validation F1: 0.778
2024-07-16,23:23:07 [INFO] Run 1/5: Average Over Last 6 epochs -- Valid ACC: 0.7592592592592592 -- Valid F1-score: 0.7538126508394877
2024-07-16,23:23:07 [INFO] Test Results of Run 1/5: -- Test Loss: 1.014 -- Test ACC: 0.652 -- Test F1: 0.697
2024-07-16,23:23:09 [INFO] Epoch: 0/30 -- Train Loss: 0.333 -- Validation Loss: 0.332 -- Validation ACC: 0.778 -- Validation F1: 0.750
2024-07-16,23:23:19 [INFO] Epoch: 10/30 -- Train Loss: 0.285 -- Validation Loss: 0.297 -- Validation ACC: 0.833 -- Validation F1: 0.842
2024-07-16,23:23:29 [INFO] Epoch: 20/30 -- Train Loss: 0.372 -- Validation Loss: 0.295 -- Validation ACC: 0.833 -- Validation F1: 0.842
2024-07-16,23:23:33 [INFO] Epoch: 24/30 -- Train Loss: 0.380 -- Validation Loss: 0.344 -- Validation ACC: 0.778 -- Validation F1: 0.778
2024-07-16,23:23:34 [INFO] Epoch: 25/30 -- Train Loss: 0.359 -- Validation Loss: 0.328 -- Validation ACC: 0.778 -- Validation F1: 0.778
2024-07-16,23:23:35 [INFO] Epoch: 26/30 -- Train Loss: 0.305 -- Validation Loss: 0.312 -- Validation ACC: 0.833 -- Validation F1: 0.842
2024-07-16,23:23:37 [INFO] Epoch: 27/30 -- Train Loss: 0.338 -- Validation Loss: 0.302 -- Validation ACC: 0.833 -- Validation F1: 0.842
2024-07-16,23:23:38 [INFO] Epoch: 28/30 -- Train Loss: 0.360 -- Validation Loss: 0.301 -- Validation ACC: 0.833 -- Validation F1: 0.842
2024-07-16,23:23:39 [INFO] Epoch: 29/30 -- Train Loss: 0.322 -- Validation Loss: 0.318 -- Validation ACC: 0.833 -- Validation F1: 0.842
2024-07-16,23:23:39 [INFO] Run 2/5: Average Over Last 6 epochs -- Valid ACC: 0.8148148148148148 -- Valid F1-score: 0.82066277662913
2024-07-16,23:23:40 [INFO] Test Results of Run 2/5: -- Test Loss: 0.979 -- Test ACC: 0.670 -- Test F1: 0.703
2024-07-16,23:23:41 [INFO] Epoch: 0/30 -- Train Loss: 0.490 -- Validation Loss: 0.303 -- Validation ACC: 0.778 -- Validation F1: 0.750
2024-07-16,23:23:51 [INFO] Epoch: 10/30 -- Train Loss: 0.398 -- Validation Loss: 0.331 -- Validation ACC: 0.833 -- Validation F1: 0.842
2024-07-16,23:24:02 [INFO] Epoch: 20/30 -- Train Loss: 0.318 -- Validation Loss: 0.301 -- Validation ACC: 0.833 -- Validation F1: 0.842
2024-07-16,23:24:07 [INFO] Epoch: 24/30 -- Train Loss: 0.466 -- Validation Loss: 0.341 -- Validation ACC: 0.833 -- Validation F1: 0.842
2024-07-16,23:24:08 [INFO] Epoch: 25/30 -- Train Loss: 0.416 -- Validation Loss: 0.341 -- Validation ACC: 0.833 -- Validation F1: 0.842
2024-07-16,23:24:10 [INFO] Epoch: 26/30 -- Train Loss: 0.434 -- Validation Loss: 0.348 -- Validation ACC: 0.833 -- Validation F1: 0.842
2024-07-16,23:24:11 [INFO] Epoch: 27/30 -- Train Loss: 0.235 -- Validation Loss: 0.336 -- Validation ACC: 0.833 -- Validation F1: 0.842
2024-07-16,23:24:12 [INFO] Epoch: 28/30 -- Train Loss: 0.353 -- Validation Loss: 0.329 -- Validation ACC: 0.833 -- Validation F1: 0.842
2024-07-16,23:24:13 [INFO] Epoch: 29/30 -- Train Loss: 0.443 -- Validation Loss: 0.338 -- Validation ACC: 0.833 -- Validation F1: 0.842
2024-07-16,23:24:13 [INFO] Run 3/5: Average Over Last 6 epochs -- Valid ACC: 0.8333333333333334 -- Valid F1-score: 0.8421052694320679
2024-07-16,23:24:14 [INFO] Test Results of Run 3/5: -- Test Loss: 0.981 -- Test ACC: 0.652 -- Test F1: 0.688
2024-07-16,23:24:15 [INFO] Epoch: 0/30 -- Train Loss: 0.383 -- Validation Loss: 0.292 -- Validation ACC: 0.778 -- Validation F1: 0.750
2024-07-16,23:24:25 [INFO] Epoch: 10/30 -- Train Loss: 0.317 -- Validation Loss: 0.321 -- Validation ACC: 0.833 -- Validation F1: 0.842
2024-07-16,23:24:35 [INFO] Epoch: 20/30 -- Train Loss: 0.434 -- Validation Loss: 0.346 -- Validation ACC: 0.833 -- Validation F1: 0.842
2024-07-16,23:24:39 [INFO] Epoch: 24/30 -- Train Loss: 0.366 -- Validation Loss: 0.333 -- Validation ACC: 0.833 -- Validation F1: 0.842
2024-07-16,23:24:40 [INFO] Epoch: 25/30 -- Train Loss: 0.342 -- Validation Loss: 0.343 -- Validation ACC: 0.889 -- Validation F1: 0.900
2024-07-16,23:24:42 [INFO] Epoch: 26/30 -- Train Loss: 0.313 -- Validation Loss: 0.320 -- Validation ACC: 0.833 -- Validation F1: 0.842
2024-07-16,23:24:43 [INFO] Epoch: 27/30 -- Train Loss: 0.348 -- Validation Loss: 0.324 -- Validation ACC: 0.833 -- Validation F1: 0.842
2024-07-16,23:24:44 [INFO] Epoch: 28/30 -- Train Loss: 0.328 -- Validation Loss: 0.334 -- Validation ACC: 0.778 -- Validation F1: 0.778
2024-07-16,23:24:46 [INFO] Epoch: 29/30 -- Train Loss: 0.307 -- Validation Loss: 0.324 -- Validation ACC: 0.833 -- Validation F1: 0.842
2024-07-16,23:24:46 [INFO] Run 4/5: Average Over Last 6 epochs -- Valid ACC: 0.8333333333333334 -- Valid F1-score: 0.841033140818278
2024-07-16,23:24:46 [INFO] Test Results of Run 4/5: -- Test Loss: 0.987 -- Test ACC: 0.652 -- Test F1: 0.672
2024-07-16,23:24:46 [INFO] Validation average after 5 runs -- ACC: 0.813 -- F1-score: 0.816
2024-07-16,23:24:46 [INFO] Test average after 5 runs -- ACC: 0.656 -- F1-score: 0.685
2024-07-16,23:24:46 [INFO] Finished round 5/10 of experiments!
2024-07-16,23:24:46 [INFO] Started round 6/10 of experiments!
2024-07-16,23:24:47 [INFO] Loading previous pretrained model at ./pretrained/GCN_Pretrained_2024-07-01-15-07-56.pth
2024-07-16,23:24:47 [INFO] Pretrained GNN on Source Dataset -- Test Loss: 0.661 -- Test ACC: 0.626 -- Test F1-score: 0.770
2024-07-16,23:24:48 [INFO] Pretrained GNN on Target Dataset Without Prompting: -- Validation Loss: 0.641 -- Validation ACC: 0.667 -- Validation F1-score: 0.800 -- Test Loss: 0.687 -- Test ACC: 0.574 -- Test F1-score: 0.729
2024-07-16,23:24:49 [INFO] Epoch: 0/30 -- Train Loss: 0.579 -- Validation Loss: 0.641 -- Validation ACC: 0.667 -- Validation F1: 0.800
2024-07-16,23:24:59 [INFO] Epoch: 10/30 -- Train Loss: 0.579 -- Validation Loss: 0.641 -- Validation ACC: 0.667 -- Validation F1: 0.800
2024-07-16,23:25:09 [INFO] Epoch: 20/30 -- Train Loss: 0.579 -- Validation Loss: 0.641 -- Validation ACC: 0.667 -- Validation F1: 0.800
2024-07-16,23:25:13 [INFO] Epoch: 24/30 -- Train Loss: 0.579 -- Validation Loss: 0.641 -- Validation ACC: 0.667 -- Validation F1: 0.800
2024-07-16,23:25:14 [INFO] Epoch: 25/30 -- Train Loss: 0.579 -- Validation Loss: 0.641 -- Validation ACC: 0.667 -- Validation F1: 0.800
2024-07-16,23:25:16 [INFO] Epoch: 26/30 -- Train Loss: 0.579 -- Validation Loss: 0.641 -- Validation ACC: 0.667 -- Validation F1: 0.800
2024-07-16,23:25:17 [INFO] Epoch: 27/30 -- Train Loss: 0.579 -- Validation Loss: 0.641 -- Validation ACC: 0.667 -- Validation F1: 0.800
2024-07-16,23:25:18 [INFO] Epoch: 28/30 -- Train Loss: 0.579 -- Validation Loss: 0.641 -- Validation ACC: 0.667 -- Validation F1: 0.800
2024-07-16,23:25:20 [INFO] Epoch: 29/30 -- Train Loss: 0.579 -- Validation Loss: 0.641 -- Validation ACC: 0.667 -- Validation F1: 0.800
2024-07-16,23:25:20 [INFO] Run 0/5: Average Over Last 6 epochs -- Valid ACC: 0.6666666666666666 -- Valid F1-score: 0.800000011920929
2024-07-16,23:25:20 [INFO] Test Results of Run 0/5: -- Test Loss: 0.687 -- Test ACC: 0.574 -- Test F1: 0.729
2024-07-16,23:25:22 [INFO] Epoch: 0/30 -- Train Loss: 0.579 -- Validation Loss: 0.641 -- Validation ACC: 0.667 -- Validation F1: 0.800
2024-07-16,23:25:31 [INFO] Epoch: 10/30 -- Train Loss: 0.579 -- Validation Loss: 0.641 -- Validation ACC: 0.667 -- Validation F1: 0.800
2024-07-16,23:25:41 [INFO] Epoch: 20/30 -- Train Loss: 0.579 -- Validation Loss: 0.641 -- Validation ACC: 0.667 -- Validation F1: 0.800
2024-07-16,23:25:45 [INFO] Epoch: 24/30 -- Train Loss: 0.579 -- Validation Loss: 0.641 -- Validation ACC: 0.667 -- Validation F1: 0.800
2024-07-16,23:25:46 [INFO] Epoch: 25/30 -- Train Loss: 0.579 -- Validation Loss: 0.641 -- Validation ACC: 0.667 -- Validation F1: 0.800
2024-07-16,23:25:48 [INFO] Epoch: 26/30 -- Train Loss: 0.579 -- Validation Loss: 0.641 -- Validation ACC: 0.667 -- Validation F1: 0.800
2024-07-16,23:25:50 [INFO] Epoch: 27/30 -- Train Loss: 0.579 -- Validation Loss: 0.641 -- Validation ACC: 0.667 -- Validation F1: 0.800
2024-07-16,23:25:51 [INFO] Epoch: 28/30 -- Train Loss: 0.579 -- Validation Loss: 0.641 -- Validation ACC: 0.667 -- Validation F1: 0.800
2024-07-16,23:25:53 [INFO] Epoch: 29/30 -- Train Loss: 0.579 -- Validation Loss: 0.641 -- Validation ACC: 0.667 -- Validation F1: 0.800
2024-07-16,23:25:53 [INFO] Run 1/5: Average Over Last 6 epochs -- Valid ACC: 0.6666666666666666 -- Valid F1-score: 0.800000011920929
2024-07-16,23:25:53 [INFO] Test Results of Run 1/5: -- Test Loss: 0.687 -- Test ACC: 0.574 -- Test F1: 0.729
2024-07-16,23:25:55 [INFO] Epoch: 0/30 -- Train Loss: 0.579 -- Validation Loss: 0.641 -- Validation ACC: 0.667 -- Validation F1: 0.800
2024-07-16,23:26:05 [INFO] Epoch: 10/30 -- Train Loss: 0.579 -- Validation Loss: 0.641 -- Validation ACC: 0.667 -- Validation F1: 0.800
2024-07-16,23:26:16 [INFO] Epoch: 20/30 -- Train Loss: 0.579 -- Validation Loss: 0.641 -- Validation ACC: 0.667 -- Validation F1: 0.800
2024-07-16,23:26:20 [INFO] Epoch: 24/30 -- Train Loss: 0.579 -- Validation Loss: 0.641 -- Validation ACC: 0.667 -- Validation F1: 0.800
2024-07-16,23:26:21 [INFO] Epoch: 25/30 -- Train Loss: 0.579 -- Validation Loss: 0.641 -- Validation ACC: 0.667 -- Validation F1: 0.800
2024-07-16,23:26:22 [INFO] Epoch: 26/30 -- Train Loss: 0.579 -- Validation Loss: 0.641 -- Validation ACC: 0.667 -- Validation F1: 0.800
2024-07-16,23:26:23 [INFO] Epoch: 27/30 -- Train Loss: 0.579 -- Validation Loss: 0.641 -- Validation ACC: 0.667 -- Validation F1: 0.800
2024-07-16,23:26:25 [INFO] Epoch: 28/30 -- Train Loss: 0.579 -- Validation Loss: 0.641 -- Validation ACC: 0.667 -- Validation F1: 0.800
2024-07-16,23:26:26 [INFO] Epoch: 29/30 -- Train Loss: 0.579 -- Validation Loss: 0.641 -- Validation ACC: 0.667 -- Validation F1: 0.800
2024-07-16,23:26:26 [INFO] Run 2/5: Average Over Last 6 epochs -- Valid ACC: 0.6666666666666666 -- Valid F1-score: 0.800000011920929
2024-07-16,23:26:27 [INFO] Test Results of Run 2/5: -- Test Loss: 0.687 -- Test ACC: 0.574 -- Test F1: 0.729
2024-07-16,23:26:28 [INFO] Epoch: 0/30 -- Train Loss: 0.579 -- Validation Loss: 0.641 -- Validation ACC: 0.667 -- Validation F1: 0.800
2024-07-16,23:26:39 [INFO] Epoch: 10/30 -- Train Loss: 0.579 -- Validation Loss: 0.641 -- Validation ACC: 0.667 -- Validation F1: 0.800
2024-07-16,23:26:49 [INFO] Epoch: 20/30 -- Train Loss: 0.579 -- Validation Loss: 0.641 -- Validation ACC: 0.667 -- Validation F1: 0.800
2024-07-16,23:26:53 [INFO] Epoch: 24/30 -- Train Loss: 0.579 -- Validation Loss: 0.641 -- Validation ACC: 0.667 -- Validation F1: 0.800
2024-07-16,23:26:54 [INFO] Epoch: 25/30 -- Train Loss: 0.579 -- Validation Loss: 0.641 -- Validation ACC: 0.667 -- Validation F1: 0.800
2024-07-16,23:26:55 [INFO] Epoch: 26/30 -- Train Loss: 0.579 -- Validation Loss: 0.641 -- Validation ACC: 0.667 -- Validation F1: 0.800
2024-07-16,23:26:57 [INFO] Epoch: 27/30 -- Train Loss: 0.579 -- Validation Loss: 0.641 -- Validation ACC: 0.667 -- Validation F1: 0.800
2024-07-16,23:26:58 [INFO] Epoch: 28/30 -- Train Loss: 0.579 -- Validation Loss: 0.641 -- Validation ACC: 0.667 -- Validation F1: 0.800
2024-07-16,23:26:59 [INFO] Epoch: 29/30 -- Train Loss: 0.579 -- Validation Loss: 0.641 -- Validation ACC: 0.667 -- Validation F1: 0.800
2024-07-16,23:26:59 [INFO] Run 3/5: Average Over Last 6 epochs -- Valid ACC: 0.6666666666666666 -- Valid F1-score: 0.800000011920929
2024-07-16,23:27:00 [INFO] Test Results of Run 3/5: -- Test Loss: 0.687 -- Test ACC: 0.574 -- Test F1: 0.729
2024-07-16,23:27:01 [INFO] Epoch: 0/30 -- Train Loss: 0.579 -- Validation Loss: 0.641 -- Validation ACC: 0.667 -- Validation F1: 0.800
2024-07-16,23:27:11 [INFO] Epoch: 10/30 -- Train Loss: 0.579 -- Validation Loss: 0.641 -- Validation ACC: 0.667 -- Validation F1: 0.800
2024-07-16,23:27:21 [INFO] Epoch: 20/30 -- Train Loss: 0.579 -- Validation Loss: 0.641 -- Validation ACC: 0.667 -- Validation F1: 0.800
2024-07-16,23:27:26 [INFO] Epoch: 24/30 -- Train Loss: 0.579 -- Validation Loss: 0.641 -- Validation ACC: 0.667 -- Validation F1: 0.800
2024-07-16,23:27:28 [INFO] Epoch: 25/30 -- Train Loss: 0.579 -- Validation Loss: 0.641 -- Validation ACC: 0.667 -- Validation F1: 0.800
2024-07-16,23:27:29 [INFO] Epoch: 26/30 -- Train Loss: 0.579 -- Validation Loss: 0.641 -- Validation ACC: 0.667 -- Validation F1: 0.800
2024-07-16,23:27:30 [INFO] Epoch: 27/30 -- Train Loss: 0.579 -- Validation Loss: 0.641 -- Validation ACC: 0.667 -- Validation F1: 0.800
2024-07-16,23:27:32 [INFO] Epoch: 28/30 -- Train Loss: 0.579 -- Validation Loss: 0.641 -- Validation ACC: 0.667 -- Validation F1: 0.800
2024-07-16,23:27:33 [INFO] Epoch: 29/30 -- Train Loss: 0.579 -- Validation Loss: 0.641 -- Validation ACC: 0.667 -- Validation F1: 0.800
2024-07-16,23:27:33 [INFO] Run 4/5: Average Over Last 6 epochs -- Valid ACC: 0.6666666666666666 -- Valid F1-score: 0.800000011920929
2024-07-16,23:27:33 [INFO] Test Results of Run 4/5: -- Test Loss: 0.687 -- Test ACC: 0.574 -- Test F1: 0.729
2024-07-16,23:27:33 [INFO] Validation average after 5 runs -- ACC: 0.667 -- F1-score: 0.800
2024-07-16,23:27:33 [INFO] Test average after 5 runs -- ACC: 0.574 -- F1-score: 0.729
2024-07-16,23:27:33 [INFO] Finished round 6/10 of experiments!
2024-07-16,23:27:33 [INFO] Started round 7/10 of experiments!
2024-07-16,23:27:34 [INFO] Loading previous pretrained model at ./pretrained/GCN_Pretrained_2024-07-01-15-10-20.pth
2024-07-16,23:27:34 [INFO] Pretrained GNN on Source Dataset -- Test Loss: 0.642 -- Test ACC: 0.670 -- Test F1-score: 0.708
2024-07-16,23:27:35 [INFO] Pretrained GNN on Target Dataset Without Prompting: -- Validation Loss: 0.357 -- Validation ACC: 0.833 -- Validation F1-score: 0.870 -- Test Loss: 0.708 -- Test ACC: 0.609 -- Test F1-score: 0.640
2024-07-16,23:27:36 [INFO] Epoch: 0/30 -- Train Loss: 0.511 -- Validation Loss: 0.282 -- Validation ACC: 0.833 -- Validation F1: 0.880
2024-07-16,23:27:47 [INFO] Epoch: 10/30 -- Train Loss: 0.426 -- Validation Loss: 0.280 -- Validation ACC: 0.889 -- Validation F1: 0.917
2024-07-16,23:27:57 [INFO] Epoch: 20/30 -- Train Loss: 0.437 -- Validation Loss: 0.311 -- Validation ACC: 0.833 -- Validation F1: 0.870
2024-07-16,23:28:01 [INFO] Epoch: 24/30 -- Train Loss: 0.441 -- Validation Loss: 0.280 -- Validation ACC: 0.889 -- Validation F1: 0.917
2024-07-16,23:28:02 [INFO] Epoch: 25/30 -- Train Loss: 0.414 -- Validation Loss: 0.289 -- Validation ACC: 0.889 -- Validation F1: 0.917
2024-07-16,23:28:04 [INFO] Epoch: 26/30 -- Train Loss: 0.448 -- Validation Loss: 0.289 -- Validation ACC: 0.889 -- Validation F1: 0.917
2024-07-16,23:28:05 [INFO] Epoch: 27/30 -- Train Loss: 0.507 -- Validation Loss: 0.290 -- Validation ACC: 0.889 -- Validation F1: 0.917
2024-07-16,23:28:06 [INFO] Epoch: 28/30 -- Train Loss: 0.444 -- Validation Loss: 0.289 -- Validation ACC: 0.889 -- Validation F1: 0.917
2024-07-16,23:28:08 [INFO] Epoch: 29/30 -- Train Loss: 0.458 -- Validation Loss: 0.282 -- Validation ACC: 0.889 -- Validation F1: 0.917
2024-07-16,23:28:08 [INFO] Run 0/5: Average Over Last 6 epochs -- Valid ACC: 0.888888888888889 -- Valid F1-score: 0.9166666865348816
2024-07-16,23:28:08 [INFO] Test Results of Run 0/5: -- Test Loss: 0.814 -- Test ACC: 0.574 -- Test F1: 0.642
2024-07-16,23:28:09 [INFO] Epoch: 0/30 -- Train Loss: 0.475 -- Validation Loss: 0.297 -- Validation ACC: 0.889 -- Validation F1: 0.917
2024-07-16,23:28:19 [INFO] Epoch: 10/30 -- Train Loss: 0.491 -- Validation Loss: 0.271 -- Validation ACC: 0.889 -- Validation F1: 0.917
2024-07-16,23:28:30 [INFO] Epoch: 20/30 -- Train Loss: 0.411 -- Validation Loss: 0.309 -- Validation ACC: 0.833 -- Validation F1: 0.870
2024-07-16,23:28:34 [INFO] Epoch: 24/30 -- Train Loss: 0.381 -- Validation Loss: 0.283 -- Validation ACC: 0.889 -- Validation F1: 0.917
2024-07-16,23:28:35 [INFO] Epoch: 25/30 -- Train Loss: 0.457 -- Validation Loss: 0.298 -- Validation ACC: 0.833 -- Validation F1: 0.870
2024-07-16,23:28:36 [INFO] Epoch: 26/30 -- Train Loss: 0.420 -- Validation Loss: 0.300 -- Validation ACC: 0.833 -- Validation F1: 0.870
2024-07-16,23:28:38 [INFO] Epoch: 27/30 -- Train Loss: 0.465 -- Validation Loss: 0.298 -- Validation ACC: 0.833 -- Validation F1: 0.870
2024-07-16,23:28:39 [INFO] Epoch: 28/30 -- Train Loss: 0.394 -- Validation Loss: 0.291 -- Validation ACC: 0.889 -- Validation F1: 0.917
2024-07-16,23:28:40 [INFO] Epoch: 29/30 -- Train Loss: 0.448 -- Validation Loss: 0.279 -- Validation ACC: 0.889 -- Validation F1: 0.917
2024-07-16,23:28:40 [INFO] Run 1/5: Average Over Last 6 epochs -- Valid ACC: 0.8611111111111113 -- Valid F1-score: 0.8931159377098083
2024-07-16,23:28:40 [INFO] Test Results of Run 1/5: -- Test Loss: 0.825 -- Test ACC: 0.574 -- Test F1: 0.637
2024-07-16,23:28:42 [INFO] Epoch: 0/30 -- Train Loss: 0.488 -- Validation Loss: 0.303 -- Validation ACC: 0.778 -- Validation F1: 0.833
2024-07-16,23:28:52 [INFO] Epoch: 10/30 -- Train Loss: 0.411 -- Validation Loss: 0.281 -- Validation ACC: 0.889 -- Validation F1: 0.917
2024-07-16,23:29:01 [INFO] Epoch: 20/30 -- Train Loss: 0.444 -- Validation Loss: 0.291 -- Validation ACC: 0.889 -- Validation F1: 0.917
2024-07-16,23:29:06 [INFO] Epoch: 24/30 -- Train Loss: 0.425 -- Validation Loss: 0.273 -- Validation ACC: 0.889 -- Validation F1: 0.917
2024-07-16,23:29:07 [INFO] Epoch: 25/30 -- Train Loss: 0.461 -- Validation Loss: 0.278 -- Validation ACC: 0.889 -- Validation F1: 0.917
2024-07-16,23:29:08 [INFO] Epoch: 26/30 -- Train Loss: 0.502 -- Validation Loss: 0.293 -- Validation ACC: 0.889 -- Validation F1: 0.917
2024-07-16,23:29:10 [INFO] Epoch: 27/30 -- Train Loss: 0.437 -- Validation Loss: 0.283 -- Validation ACC: 0.889 -- Validation F1: 0.917
2024-07-16,23:29:11 [INFO] Epoch: 28/30 -- Train Loss: 0.409 -- Validation Loss: 0.272 -- Validation ACC: 0.889 -- Validation F1: 0.917
2024-07-16,23:29:12 [INFO] Epoch: 29/30 -- Train Loss: 0.358 -- Validation Loss: 0.266 -- Validation ACC: 0.889 -- Validation F1: 0.917
2024-07-16,23:29:12 [INFO] Run 2/5: Average Over Last 6 epochs -- Valid ACC: 0.888888888888889 -- Valid F1-score: 0.9166666865348816
2024-07-16,23:29:13 [INFO] Test Results of Run 2/5: -- Test Loss: 0.804 -- Test ACC: 0.591 -- Test F1: 0.652
2024-07-16,23:29:14 [INFO] Epoch: 0/30 -- Train Loss: 0.460 -- Validation Loss: 0.305 -- Validation ACC: 0.778 -- Validation F1: 0.833
2024-07-16,23:29:24 [INFO] Epoch: 10/30 -- Train Loss: 0.425 -- Validation Loss: 0.316 -- Validation ACC: 0.833 -- Validation F1: 0.870
2024-07-16,23:29:35 [INFO] Epoch: 20/30 -- Train Loss: 0.494 -- Validation Loss: 0.289 -- Validation ACC: 0.889 -- Validation F1: 0.917
2024-07-16,23:29:40 [INFO] Epoch: 24/30 -- Train Loss: 0.432 -- Validation Loss: 0.290 -- Validation ACC: 0.889 -- Validation F1: 0.917
2024-07-16,23:29:41 [INFO] Epoch: 25/30 -- Train Loss: 0.509 -- Validation Loss: 0.279 -- Validation ACC: 0.889 -- Validation F1: 0.917
2024-07-16,23:29:42 [INFO] Epoch: 26/30 -- Train Loss: 0.427 -- Validation Loss: 0.275 -- Validation ACC: 0.889 -- Validation F1: 0.917
2024-07-16,23:29:44 [INFO] Epoch: 27/30 -- Train Loss: 0.422 -- Validation Loss: 0.282 -- Validation ACC: 0.889 -- Validation F1: 0.917
2024-07-16,23:29:45 [INFO] Epoch: 28/30 -- Train Loss: 0.460 -- Validation Loss: 0.270 -- Validation ACC: 0.889 -- Validation F1: 0.917
2024-07-16,23:29:46 [INFO] Epoch: 29/30 -- Train Loss: 0.452 -- Validation Loss: 0.273 -- Validation ACC: 0.889 -- Validation F1: 0.917
2024-07-16,23:29:46 [INFO] Run 3/5: Average Over Last 6 epochs -- Valid ACC: 0.888888888888889 -- Valid F1-score: 0.9166666865348816
2024-07-16,23:29:47 [INFO] Test Results of Run 3/5: -- Test Loss: 0.796 -- Test ACC: 0.609 -- Test F1: 0.667
2024-07-16,23:29:48 [INFO] Epoch: 0/30 -- Train Loss: 0.458 -- Validation Loss: 0.286 -- Validation ACC: 0.833 -- Validation F1: 0.870
2024-07-16,23:29:58 [INFO] Epoch: 10/30 -- Train Loss: 0.444 -- Validation Loss: 0.287 -- Validation ACC: 0.889 -- Validation F1: 0.917
2024-07-16,23:30:08 [INFO] Epoch: 20/30 -- Train Loss: 0.470 -- Validation Loss: 0.286 -- Validation ACC: 0.889 -- Validation F1: 0.917
2024-07-16,23:30:12 [INFO] Epoch: 24/30 -- Train Loss: 0.477 -- Validation Loss: 0.270 -- Validation ACC: 0.889 -- Validation F1: 0.917
2024-07-16,23:30:13 [INFO] Epoch: 25/30 -- Train Loss: 0.469 -- Validation Loss: 0.274 -- Validation ACC: 0.889 -- Validation F1: 0.917
2024-07-16,23:30:14 [INFO] Epoch: 26/30 -- Train Loss: 0.400 -- Validation Loss: 0.282 -- Validation ACC: 0.889 -- Validation F1: 0.917
2024-07-16,23:30:16 [INFO] Epoch: 27/30 -- Train Loss: 0.418 -- Validation Loss: 0.274 -- Validation ACC: 0.889 -- Validation F1: 0.917
2024-07-16,23:30:17 [INFO] Epoch: 28/30 -- Train Loss: 0.429 -- Validation Loss: 0.270 -- Validation ACC: 0.889 -- Validation F1: 0.917
2024-07-16,23:30:19 [INFO] Epoch: 29/30 -- Train Loss: 0.480 -- Validation Loss: 0.270 -- Validation ACC: 0.889 -- Validation F1: 0.917
2024-07-16,23:30:19 [INFO] Run 4/5: Average Over Last 6 epochs -- Valid ACC: 0.888888888888889 -- Valid F1-score: 0.9166666865348816
2024-07-16,23:30:19 [INFO] Test Results of Run 4/5: -- Test Loss: 0.811 -- Test ACC: 0.591 -- Test F1: 0.652
2024-07-16,23:30:19 [INFO] Validation average after 5 runs -- ACC: 0.883 -- F1-score: 0.912
2024-07-16,23:30:19 [INFO] Test average after 5 runs -- ACC: 0.588 -- F1-score: 0.650
2024-07-16,23:30:19 [INFO] Finished round 7/10 of experiments!
2024-07-16,23:30:19 [INFO] Started round 8/10 of experiments!
2024-07-16,23:30:20 [INFO] Loading previous pretrained model at ./pretrained/GCN_Pretrained_2024-07-01-15-12-47.pth
2024-07-16,23:30:20 [INFO] Pretrained GNN on Source Dataset -- Test Loss: 0.883 -- Test ACC: 0.696 -- Test F1-score: 0.733
2024-07-16,23:30:21 [INFO] Pretrained GNN on Target Dataset Without Prompting: -- Validation Loss: 0.933 -- Validation ACC: 0.833 -- Validation F1-score: 0.889 -- Test Loss: 1.174 -- Test ACC: 0.652 -- Test F1-score: 0.714
2024-07-16,23:30:22 [INFO] Epoch: 0/30 -- Train Loss: 0.546 -- Validation Loss: 1.090 -- Validation ACC: 0.778 -- Validation F1: 0.857
2024-07-16,23:30:32 [INFO] Epoch: 10/30 -- Train Loss: 0.403 -- Validation Loss: 1.278 -- Validation ACC: 0.722 -- Validation F1: 0.815
2024-07-16,23:30:43 [INFO] Epoch: 20/30 -- Train Loss: 0.333 -- Validation Loss: 1.334 -- Validation ACC: 0.778 -- Validation F1: 0.857
2024-07-16,23:30:46 [INFO] Epoch: 24/30 -- Train Loss: 0.391 -- Validation Loss: 1.244 -- Validation ACC: 0.833 -- Validation F1: 0.889
2024-07-16,23:30:47 [INFO] Epoch: 25/30 -- Train Loss: 0.362 -- Validation Loss: 1.244 -- Validation ACC: 0.778 -- Validation F1: 0.857
2024-07-16,23:30:49 [INFO] Epoch: 26/30 -- Train Loss: 0.385 -- Validation Loss: 1.260 -- Validation ACC: 0.778 -- Validation F1: 0.857
2024-07-16,23:30:50 [INFO] Epoch: 27/30 -- Train Loss: 0.362 -- Validation Loss: 1.233 -- Validation ACC: 0.778 -- Validation F1: 0.857
2024-07-16,23:30:52 [INFO] Epoch: 28/30 -- Train Loss: 0.340 -- Validation Loss: 1.232 -- Validation ACC: 0.778 -- Validation F1: 0.846
2024-07-16,23:30:53 [INFO] Epoch: 29/30 -- Train Loss: 0.351 -- Validation Loss: 1.250 -- Validation ACC: 0.722 -- Validation F1: 0.815
2024-07-16,23:30:53 [INFO] Run 0/5: Average Over Last 6 epochs -- Valid ACC: 0.7777777777777777 -- Valid F1-score: 0.8535476922988892
2024-07-16,23:30:53 [INFO] Test Results of Run 0/5: -- Test Loss: 1.614 -- Test ACC: 0.652 -- Test F1: 0.710
2024-07-16,23:30:55 [INFO] Epoch: 0/30 -- Train Loss: 0.417 -- Validation Loss: 0.985 -- Validation ACC: 0.778 -- Validation F1: 0.857
2024-07-16,23:31:05 [INFO] Epoch: 10/30 -- Train Loss: 0.388 -- Validation Loss: 1.280 -- Validation ACC: 0.778 -- Validation F1: 0.857
2024-07-16,23:31:15 [INFO] Epoch: 20/30 -- Train Loss: 0.337 -- Validation Loss: 1.280 -- Validation ACC: 0.833 -- Validation F1: 0.889
2024-07-16,23:31:20 [INFO] Epoch: 24/30 -- Train Loss: 0.307 -- Validation Loss: 1.195 -- Validation ACC: 0.833 -- Validation F1: 0.889
2024-07-16,23:31:21 [INFO] Epoch: 25/30 -- Train Loss: 0.411 -- Validation Loss: 1.216 -- Validation ACC: 0.833 -- Validation F1: 0.889
2024-07-16,23:31:22 [INFO] Epoch: 26/30 -- Train Loss: 0.500 -- Validation Loss: 1.253 -- Validation ACC: 0.833 -- Validation F1: 0.889
2024-07-16,23:31:24 [INFO] Epoch: 27/30 -- Train Loss: 0.355 -- Validation Loss: 1.295 -- Validation ACC: 0.833 -- Validation F1: 0.889
2024-07-16,23:31:25 [INFO] Epoch: 28/30 -- Train Loss: 0.380 -- Validation Loss: 1.345 -- Validation ACC: 0.833 -- Validation F1: 0.889
2024-07-16,23:31:26 [INFO] Epoch: 29/30 -- Train Loss: 0.375 -- Validation Loss: 1.408 -- Validation ACC: 0.833 -- Validation F1: 0.889
2024-07-16,23:31:26 [INFO] Run 1/5: Average Over Last 6 epochs -- Valid ACC: 0.8333333333333334 -- Valid F1-score: 0.8888888955116272
2024-07-16,23:31:27 [INFO] Test Results of Run 1/5: -- Test Loss: 1.654 -- Test ACC: 0.696 -- Test F1: 0.745
2024-07-16,23:31:28 [INFO] Epoch: 0/30 -- Train Loss: 0.365 -- Validation Loss: 1.035 -- Validation ACC: 0.722 -- Validation F1: 0.815
2024-07-16,23:31:38 [INFO] Epoch: 10/30 -- Train Loss: 0.530 -- Validation Loss: 1.206 -- Validation ACC: 0.833 -- Validation F1: 0.889
2024-07-16,23:31:48 [INFO] Epoch: 20/30 -- Train Loss: 0.408 -- Validation Loss: 1.237 -- Validation ACC: 0.778 -- Validation F1: 0.857
2024-07-16,23:31:52 [INFO] Epoch: 24/30 -- Train Loss: 0.363 -- Validation Loss: 1.278 -- Validation ACC: 0.833 -- Validation F1: 0.889
2024-07-16,23:31:53 [INFO] Epoch: 25/30 -- Train Loss: 0.369 -- Validation Loss: 1.271 -- Validation ACC: 0.833 -- Validation F1: 0.889
2024-07-16,23:31:55 [INFO] Epoch: 26/30 -- Train Loss: 0.320 -- Validation Loss: 1.274 -- Validation ACC: 0.833 -- Validation F1: 0.889
2024-07-16,23:31:56 [INFO] Epoch: 27/30 -- Train Loss: 0.505 -- Validation Loss: 1.285 -- Validation ACC: 0.833 -- Validation F1: 0.889
2024-07-16,23:31:57 [INFO] Epoch: 28/30 -- Train Loss: 0.377 -- Validation Loss: 1.297 -- Validation ACC: 0.778 -- Validation F1: 0.857
2024-07-16,23:31:59 [INFO] Epoch: 29/30 -- Train Loss: 0.382 -- Validation Loss: 1.288 -- Validation ACC: 0.778 -- Validation F1: 0.857
2024-07-16,23:31:59 [INFO] Run 2/5: Average Over Last 6 epochs -- Valid ACC: 0.8148148148148149 -- Valid F1-score: 0.8783068855603536
2024-07-16,23:31:59 [INFO] Test Results of Run 2/5: -- Test Loss: 1.688 -- Test ACC: 0.670 -- Test F1: 0.732
2024-07-16,23:32:00 [INFO] Epoch: 0/30 -- Train Loss: 0.485 -- Validation Loss: 0.973 -- Validation ACC: 0.889 -- Validation F1: 0.923
2024-07-16,23:32:10 [INFO] Epoch: 10/30 -- Train Loss: 0.386 -- Validation Loss: 1.196 -- Validation ACC: 0.833 -- Validation F1: 0.889
2024-07-16,23:32:20 [INFO] Epoch: 20/30 -- Train Loss: 0.338 -- Validation Loss: 1.237 -- Validation ACC: 0.833 -- Validation F1: 0.889
2024-07-16,23:32:24 [INFO] Epoch: 24/30 -- Train Loss: 0.453 -- Validation Loss: 1.321 -- Validation ACC: 0.778 -- Validation F1: 0.857
2024-07-16,23:32:25 [INFO] Epoch: 25/30 -- Train Loss: 0.354 -- Validation Loss: 1.290 -- Validation ACC: 0.833 -- Validation F1: 0.889
2024-07-16,23:32:26 [INFO] Epoch: 26/30 -- Train Loss: 0.369 -- Validation Loss: 1.216 -- Validation ACC: 0.833 -- Validation F1: 0.889
2024-07-16,23:32:27 [INFO] Epoch: 27/30 -- Train Loss: 0.387 -- Validation Loss: 1.180 -- Validation ACC: 0.833 -- Validation F1: 0.889
2024-07-16,23:32:28 [INFO] Epoch: 28/30 -- Train Loss: 0.514 -- Validation Loss: 1.163 -- Validation ACC: 0.833 -- Validation F1: 0.889
2024-07-16,23:32:30 [INFO] Epoch: 29/30 -- Train Loss: 0.457 -- Validation Loss: 1.144 -- Validation ACC: 0.833 -- Validation F1: 0.889
2024-07-16,23:32:30 [INFO] Run 3/5: Average Over Last 6 epochs -- Valid ACC: 0.8240740740740741 -- Valid F1-score: 0.8835978905359904
2024-07-16,23:32:30 [INFO] Test Results of Run 3/5: -- Test Loss: 1.664 -- Test ACC: 0.661 -- Test F1: 0.723
2024-07-16,23:32:32 [INFO] Epoch: 0/30 -- Train Loss: 0.425 -- Validation Loss: 0.971 -- Validation ACC: 0.833 -- Validation F1: 0.880
2024-07-16,23:32:41 [INFO] Epoch: 10/30 -- Train Loss: 0.343 -- Validation Loss: 1.197 -- Validation ACC: 0.833 -- Validation F1: 0.889
2024-07-16,23:32:51 [INFO] Epoch: 20/30 -- Train Loss: 0.359 -- Validation Loss: 1.294 -- Validation ACC: 0.778 -- Validation F1: 0.857
2024-07-16,23:32:55 [INFO] Epoch: 24/30 -- Train Loss: 0.362 -- Validation Loss: 1.294 -- Validation ACC: 0.833 -- Validation F1: 0.889
2024-07-16,23:32:56 [INFO] Epoch: 25/30 -- Train Loss: 0.288 -- Validation Loss: 1.284 -- Validation ACC: 0.778 -- Validation F1: 0.857
2024-07-16,23:32:58 [INFO] Epoch: 26/30 -- Train Loss: 0.330 -- Validation Loss: 1.231 -- Validation ACC: 0.833 -- Validation F1: 0.889
2024-07-16,23:32:59 [INFO] Epoch: 27/30 -- Train Loss: 0.419 -- Validation Loss: 1.189 -- Validation ACC: 0.833 -- Validation F1: 0.889
2024-07-16,23:33:01 [INFO] Epoch: 28/30 -- Train Loss: 0.272 -- Validation Loss: 1.164 -- Validation ACC: 0.833 -- Validation F1: 0.889
2024-07-16,23:33:02 [INFO] Epoch: 29/30 -- Train Loss: 0.295 -- Validation Loss: 1.190 -- Validation ACC: 0.833 -- Validation F1: 0.889
2024-07-16,23:33:02 [INFO] Run 4/5: Average Over Last 6 epochs -- Valid ACC: 0.8240740740740741 -- Valid F1-score: 0.8835978905359904
2024-07-16,23:33:02 [INFO] Test Results of Run 4/5: -- Test Loss: 1.703 -- Test ACC: 0.678 -- Test F1: 0.734
2024-07-16,23:33:02 [INFO] Validation average after 5 runs -- ACC: 0.815 -- F1-score: 0.878
2024-07-16,23:33:02 [INFO] Test average after 5 runs -- ACC: 0.671 -- F1-score: 0.729
2024-07-16,23:33:02 [INFO] Finished round 8/10 of experiments!
2024-07-16,23:33:02 [INFO] Started round 9/10 of experiments!
2024-07-16,23:33:03 [INFO] Loading previous pretrained model at ./pretrained/GCN_Pretrained_2024-07-01-15-15-13.pth
2024-07-16,23:33:03 [INFO] Pretrained GNN on Source Dataset -- Test Loss: 0.947 -- Test ACC: 0.757 -- Test F1-score: 0.785
2024-07-16,23:33:04 [INFO] Pretrained GNN on Target Dataset Without Prompting: -- Validation Loss: 0.804 -- Validation ACC: 0.722 -- Validation F1-score: 0.762 -- Test Loss: 0.876 -- Test ACC: 0.739 -- Test F1-score: 0.789
2024-07-16,23:33:05 [INFO] Epoch: 0/30 -- Train Loss: 0.327 -- Validation Loss: 0.728 -- Validation ACC: 0.722 -- Validation F1: 0.762
2024-07-16,23:33:15 [INFO] Epoch: 10/30 -- Train Loss: 0.334 -- Validation Loss: 0.833 -- Validation ACC: 0.722 -- Validation F1: 0.762
2024-07-16,23:33:23 [INFO] Epoch: 20/30 -- Train Loss: 0.391 -- Validation Loss: 1.127 -- Validation ACC: 0.722 -- Validation F1: 0.762
2024-07-16,23:33:26 [INFO] Epoch: 24/30 -- Train Loss: 0.474 -- Validation Loss: 0.994 -- Validation ACC: 0.722 -- Validation F1: 0.762
2024-07-16,23:33:27 [INFO] Epoch: 25/30 -- Train Loss: 0.321 -- Validation Loss: 1.001 -- Validation ACC: 0.722 -- Validation F1: 0.762
2024-07-16,23:33:28 [INFO] Epoch: 26/30 -- Train Loss: 0.364 -- Validation Loss: 0.930 -- Validation ACC: 0.722 -- Validation F1: 0.762
2024-07-16,23:33:29 [INFO] Epoch: 27/30 -- Train Loss: 0.245 -- Validation Loss: 0.861 -- Validation ACC: 0.722 -- Validation F1: 0.762
2024-07-16,23:33:30 [INFO] Epoch: 28/30 -- Train Loss: 0.300 -- Validation Loss: 0.860 -- Validation ACC: 0.722 -- Validation F1: 0.762
2024-07-16,23:33:30 [INFO] Epoch: 29/30 -- Train Loss: 0.366 -- Validation Loss: 0.925 -- Validation ACC: 0.722 -- Validation F1: 0.762
2024-07-16,23:33:30 [INFO] Run 0/5: Average Over Last 6 epochs -- Valid ACC: 0.7222222222222222 -- Valid F1-score: 0.761904776096344
2024-07-16,23:33:31 [INFO] Test Results of Run 0/5: -- Test Loss: 1.148 -- Test ACC: 0.704 -- Test F1: 0.746
2024-07-16,23:33:32 [INFO] Epoch: 0/30 -- Train Loss: 0.350 -- Validation Loss: 0.838 -- Validation ACC: 0.722 -- Validation F1: 0.762
2024-07-16,23:33:38 [INFO] Epoch: 10/30 -- Train Loss: 0.317 -- Validation Loss: 0.792 -- Validation ACC: 0.722 -- Validation F1: 0.762
2024-07-16,23:33:45 [INFO] Epoch: 20/30 -- Train Loss: 0.343 -- Validation Loss: 0.920 -- Validation ACC: 0.722 -- Validation F1: 0.762
2024-07-16,23:33:48 [INFO] Epoch: 24/30 -- Train Loss: 0.387 -- Validation Loss: 0.954 -- Validation ACC: 0.722 -- Validation F1: 0.762
2024-07-16,23:33:49 [INFO] Epoch: 25/30 -- Train Loss: 0.279 -- Validation Loss: 1.062 -- Validation ACC: 0.722 -- Validation F1: 0.762
2024-07-16,23:33:50 [INFO] Epoch: 26/30 -- Train Loss: 0.293 -- Validation Loss: 1.028 -- Validation ACC: 0.722 -- Validation F1: 0.762
2024-07-16,23:33:51 [INFO] Epoch: 27/30 -- Train Loss: 0.402 -- Validation Loss: 0.999 -- Validation ACC: 0.722 -- Validation F1: 0.762
2024-07-16,23:33:52 [INFO] Epoch: 28/30 -- Train Loss: 0.438 -- Validation Loss: 0.997 -- Validation ACC: 0.722 -- Validation F1: 0.762
2024-07-16,23:33:53 [INFO] Epoch: 29/30 -- Train Loss: 0.407 -- Validation Loss: 1.024 -- Validation ACC: 0.722 -- Validation F1: 0.762
2024-07-16,23:33:53 [INFO] Run 1/5: Average Over Last 6 epochs -- Valid ACC: 0.7222222222222222 -- Valid F1-score: 0.761904776096344
2024-07-16,23:33:53 [INFO] Test Results of Run 1/5: -- Test Loss: 1.143 -- Test ACC: 0.687 -- Test F1: 0.735
2024-07-16,23:33:54 [INFO] Epoch: 0/30 -- Train Loss: 0.336 -- Validation Loss: 0.852 -- Validation ACC: 0.722 -- Validation F1: 0.762
2024-07-16,23:34:01 [INFO] Epoch: 10/30 -- Train Loss: 0.416 -- Validation Loss: 1.096 -- Validation ACC: 0.722 -- Validation F1: 0.762
2024-07-16,23:34:08 [INFO] Epoch: 20/30 -- Train Loss: 0.383 -- Validation Loss: 1.021 -- Validation ACC: 0.722 -- Validation F1: 0.762
2024-07-16,23:34:11 [INFO] Epoch: 24/30 -- Train Loss: 0.254 -- Validation Loss: 0.975 -- Validation ACC: 0.722 -- Validation F1: 0.762
2024-07-16,23:34:12 [INFO] Epoch: 25/30 -- Train Loss: 0.331 -- Validation Loss: 1.051 -- Validation ACC: 0.722 -- Validation F1: 0.762
2024-07-16,23:34:13 [INFO] Epoch: 26/30 -- Train Loss: 0.303 -- Validation Loss: 1.093 -- Validation ACC: 0.722 -- Validation F1: 0.762
2024-07-16,23:34:14 [INFO] Epoch: 27/30 -- Train Loss: 0.439 -- Validation Loss: 1.036 -- Validation ACC: 0.722 -- Validation F1: 0.762
2024-07-16,23:34:15 [INFO] Epoch: 28/30 -- Train Loss: 0.402 -- Validation Loss: 0.953 -- Validation ACC: 0.722 -- Validation F1: 0.762
2024-07-16,23:34:16 [INFO] Epoch: 29/30 -- Train Loss: 0.408 -- Validation Loss: 0.989 -- Validation ACC: 0.722 -- Validation F1: 0.762
2024-07-16,23:34:16 [INFO] Run 2/5: Average Over Last 6 epochs -- Valid ACC: 0.7222222222222222 -- Valid F1-score: 0.761904776096344
2024-07-16,23:34:16 [INFO] Test Results of Run 2/5: -- Test Loss: 1.169 -- Test ACC: 0.696 -- Test F1: 0.741
2024-07-16,23:34:17 [INFO] Epoch: 0/30 -- Train Loss: 0.337 -- Validation Loss: 0.748 -- Validation ACC: 0.722 -- Validation F1: 0.762
2024-07-16,23:34:24 [INFO] Epoch: 10/30 -- Train Loss: 0.312 -- Validation Loss: 0.833 -- Validation ACC: 0.722 -- Validation F1: 0.762
2024-07-16,23:34:30 [INFO] Epoch: 20/30 -- Train Loss: 0.378 -- Validation Loss: 0.899 -- Validation ACC: 0.722 -- Validation F1: 0.762
2024-07-16,23:34:33 [INFO] Epoch: 24/30 -- Train Loss: 0.326 -- Validation Loss: 0.976 -- Validation ACC: 0.722 -- Validation F1: 0.762
2024-07-16,23:34:34 [INFO] Epoch: 25/30 -- Train Loss: 0.306 -- Validation Loss: 0.956 -- Validation ACC: 0.722 -- Validation F1: 0.762
2024-07-16,23:34:35 [INFO] Epoch: 26/30 -- Train Loss: 0.338 -- Validation Loss: 0.954 -- Validation ACC: 0.722 -- Validation F1: 0.762
2024-07-16,23:34:36 [INFO] Epoch: 27/30 -- Train Loss: 0.345 -- Validation Loss: 1.034 -- Validation ACC: 0.722 -- Validation F1: 0.762
2024-07-16,23:34:37 [INFO] Epoch: 28/30 -- Train Loss: 0.358 -- Validation Loss: 1.104 -- Validation ACC: 0.722 -- Validation F1: 0.762
2024-07-16,23:34:38 [INFO] Epoch: 29/30 -- Train Loss: 0.329 -- Validation Loss: 1.011 -- Validation ACC: 0.722 -- Validation F1: 0.762
2024-07-16,23:34:38 [INFO] Run 3/5: Average Over Last 6 epochs -- Valid ACC: 0.7222222222222222 -- Valid F1-score: 0.761904776096344
2024-07-16,23:34:38 [INFO] Test Results of Run 3/5: -- Test Loss: 1.120 -- Test ACC: 0.696 -- Test F1: 0.741
2024-07-16,23:34:39 [INFO] Epoch: 0/30 -- Train Loss: 0.352 -- Validation Loss: 0.807 -- Validation ACC: 0.722 -- Validation F1: 0.762
2024-07-16,23:34:46 [INFO] Epoch: 10/30 -- Train Loss: 0.293 -- Validation Loss: 0.891 -- Validation ACC: 0.722 -- Validation F1: 0.762
2024-07-16,23:34:53 [INFO] Epoch: 20/30 -- Train Loss: 0.369 -- Validation Loss: 0.993 -- Validation ACC: 0.722 -- Validation F1: 0.762
2024-07-16,23:34:56 [INFO] Epoch: 24/30 -- Train Loss: 0.365 -- Validation Loss: 0.971 -- Validation ACC: 0.722 -- Validation F1: 0.762
2024-07-16,23:34:57 [INFO] Epoch: 25/30 -- Train Loss: 0.397 -- Validation Loss: 1.019 -- Validation ACC: 0.722 -- Validation F1: 0.762
2024-07-16,23:34:57 [INFO] Epoch: 26/30 -- Train Loss: 0.287 -- Validation Loss: 1.099 -- Validation ACC: 0.722 -- Validation F1: 0.762
2024-07-16,23:34:59 [INFO] Epoch: 27/30 -- Train Loss: 0.389 -- Validation Loss: 1.085 -- Validation ACC: 0.722 -- Validation F1: 0.762
2024-07-16,23:34:59 [INFO] Epoch: 28/30 -- Train Loss: 0.429 -- Validation Loss: 0.994 -- Validation ACC: 0.722 -- Validation F1: 0.762
2024-07-16,23:35:00 [INFO] Epoch: 29/30 -- Train Loss: 0.373 -- Validation Loss: 1.004 -- Validation ACC: 0.722 -- Validation F1: 0.762
2024-07-16,23:35:00 [INFO] Run 4/5: Average Over Last 6 epochs -- Valid ACC: 0.7222222222222222 -- Valid F1-score: 0.761904776096344
2024-07-16,23:35:01 [INFO] Test Results of Run 4/5: -- Test Loss: 1.157 -- Test ACC: 0.670 -- Test F1: 0.712
2024-07-16,23:35:01 [INFO] Validation average after 5 runs -- ACC: 0.722 -- F1-score: 0.762
2024-07-16,23:35:01 [INFO] Test average after 5 runs -- ACC: 0.690 -- F1-score: 0.735
2024-07-16,23:35:01 [INFO] Finished round 9/10 of experiments!
2024-07-16,23:35:01 [INFO] Final results: -- Source Test Acc: 0.703 -- Source Test F1: 0.750 -- Target Valid Acc: 0.711 -- Target Valid F1: 0.770 -- Target Test Acc: 0.686 -- Target Test F1: 0.747 -- Prompt Test Acc: 0.673 -- Prompt Valid Acc: 0.704 -- Prompt Test F1: 0.736 -- Prompt Valid F1: 0.757
2024-07-16,23:35:01 [INFO] Pretrained modela are saved to: ./pretrained/GCN_Pretrained_2024-07-01-14-54-05.pth ./pretrained/GCN_Pretrained_2024-07-01-14-56-23.pth ./pretrained/GCN_Pretrained_2024-07-01-14-58-41.pth ./pretrained/GCN_Pretrained_2024-07-01-15-00-59.pth ./pretrained/GCN_Pretrained_2024-07-01-15-03-17.pth ./pretrained/GCN_Pretrained_2024-07-01-15-05-37.pth ./pretrained/GCN_Pretrained_2024-07-01-15-07-56.pth ./pretrained/GCN_Pretrained_2024-07-01-15-10-20.pth ./pretrained/GCN_Pretrained_2024-07-01-15-12-47.pth ./pretrained/GCN_Pretrained_2024-07-01-15-15-13.pth
