2024-07-17,04:46:19 [INFO] Logging to: ./log/2024-07-17-04-46-19.log
2024-07-17,04:46:19 [INFO] Reading config from: ./config/dhfr.yaml
2024-07-17,04:46:19 [INFO] Namespace(total_iters=10, prompt_method='flex_match', s_dataset='DHFR', t_dataset='DHFR', prompt_fn='gpf_plus', shift_type='structural', p_shift_intra=0.0, p_shift_inter=0.0, pretrain=True, save_pretrained=False, soft_label=False, add_link_loss=False, attn_with_param=False, empty_pretrained_dir=False, iterative_clustering=False, clutering_iters=3, entropy_div_ratio=3, w_entropy_loss=0.0, w_softmax_loss=0.0, w_domain_loss=0.0, r_reg=0.0, gnn_weight_decay=0.0, weight_decay=0.2, gnn_type='gcn', gnn_num_layers=3, pretrained_path=['./pretrained/GCN_Pretrained_2024-07-01-14-54-05.pth', './pretrained/GCN_Pretrained_2024-07-01-14-56-23.pth', './pretrained/GCN_Pretrained_2024-07-01-14-58-41.pth', './pretrained/GCN_Pretrained_2024-07-01-15-00-59.pth', './pretrained/GCN_Pretrained_2024-07-01-15-03-17.pth', './pretrained/GCN_Pretrained_2024-07-01-15-05-37.pth', './pretrained/GCN_Pretrained_2024-07-01-15-07-56.pth', './pretrained/GCN_Pretrained_2024-07-01-15-10-20.pth', './pretrained/GCN_Pretrained_2024-07-01-15-12-47.pth', './pretrained/GCN_Pretrained_2024-07-01-15-15-13.pth'], gnn_n_epochs=100, gnn_eval_step=10, gnn_h_dim=512, gnn_lr=0.01, gnn_step_size=50, gnn_gamma=0.5, gnn_batch_size=64, gnn_dropout=0.4, n_epochs=30, eval_step=10, h_dim=512, lr=0.01, step_size=50, gamma=0.5, batch_size=64, num_tokens=50, src_ratio=0.5, dropout=0.3, cut_off=0.5, aug_type='feature', light_aug_prob=0.1, light_aug_mode='mask', pos_aug_mode='mask', neg_aug_mode='arbitrary', noise_cov_scale=1.0, noise_mean_shift=1.0, noise_shift_mode='homophily', noise_select_mode='soft', cross_prune=0.8, inner_prune=0.3, num_runs=5, p_raug=0.15, n_raug=0.15, s_split=[0.65, 0.3], t_split=[0.65, 0.3], seed=[1676, 3733, 3589, 4867, 2980, 1142, 3035, 4432, 4672, 4010], config_from_file='./config/dhfr.yaml', config_to_file='', label_reduction=0.0)
2024-07-17,04:46:19 [INFO] ####################################################################################################
2024-07-17,04:46:19 [INFO] Args seeds: [1676, 3733, 3589, 4867, 2980, 1142, 3035, 4432, 4672, 4010]
2024-07-17,04:46:19 [INFO] Source Dataset: DHFR, Target Dataset: DHFR. Training, Test: Source: [0.65, 0.3], Target: [0.65, 0.3] -- Batch size: 64
2024-07-17,04:46:19 [INFO] All input pretrained paths: ['./pretrained/GCN_Pretrained_2024-07-01-14-54-05.pth', './pretrained/GCN_Pretrained_2024-07-01-14-56-23.pth', './pretrained/GCN_Pretrained_2024-07-01-14-58-41.pth', './pretrained/GCN_Pretrained_2024-07-01-15-00-59.pth', './pretrained/GCN_Pretrained_2024-07-01-15-03-17.pth', './pretrained/GCN_Pretrained_2024-07-01-15-05-37.pth', './pretrained/GCN_Pretrained_2024-07-01-15-07-56.pth', './pretrained/GCN_Pretrained_2024-07-01-15-10-20.pth', './pretrained/GCN_Pretrained_2024-07-01-15-12-47.pth', './pretrained/GCN_Pretrained_2024-07-01-15-15-13.pth']
2024-07-17,04:46:19 [INFO] Started round 0/10 of experiments!
2024-07-17,04:46:19 [INFO] Setting for pretraining: Model: {'gnn_type': 'gcn', 'in_channels': 56, 'hidden_channels': 512, 'out_channels': 2, 'num_layers': 3, 'dropout': 0.4, 'with_bn': False, 'with_head': True} -- Optimizer: {'lr': 0.01, 'scheduler_step_size': 50, 'scheduler_gamma': 0.5, 'weight_decay': 0.0} -- Training: {'n_epochs': 100}
2024-07-17,04:46:19 [INFO] Loading previous pretrained model at ./pretrained/GCN_Pretrained_2024-07-01-14-54-05.pth
2024-07-17,04:46:19 [INFO] Prompting method: flex_match -- Setting: Prompting function: gpf_plus -- Target Dataset: DHFR
2024-07-17,04:46:19 [INFO] Setting for prompt tuning: Prompt: {'emb_dim': 56, 'h_dim': 512, 'output_dim': 56, 'prompt_fn': 'gpf_plus', 'token_num': 50, 'cross_prune': 0.8, 'inner_prune': 0.3, 'attn_with_param': False} -- Pretrained Model: {'gnn_type': 'gcn', 'in_channels': 56, 'hidden_channels': 512, 'out_channels': 2, 'num_layers': 3, 'dropout': 0.4, 'with_bn': False, 'with_head': True} -- Optimizer: {'lr': 0.01, 'scheduler_step_size': 50, 'scheduler_gamma': 0.5, 'weight_decay': 0.2} -- Training: {'aug_type': 'feature', 'pos_aug_mode': 'mask', 'p_raug': 0.15, 'n_epochs': 30, 'r_reg': 0.0, 'soft_label': False, 'clutering_iters': 3, 'iterative_clustering': False, 'entropy_div_ratio': 3, 'w_entropy_loss': 0.0, 'w_softmax_loss': 0.0, 'w_domain_loss': 0.0, 'light_aug_prob': 0.1, 'light_aug_mode': 'mask', 'num_classes': 2, 'cut_off': 0.5}
2024-07-17,04:46:19 [INFO] Prompt tuning started: Num runs: 5 -- Eval step: 10
2024-07-17,04:46:20 [INFO] Pretrained GNN on Source Dataset -- Test Loss: 0.863 -- Test ACC: 0.661 -- Test F1-score: 0.702
2024-07-17,04:46:20 [INFO] Pretrained GNN on Target Dataset Without Prompting: -- Validation Loss: 0.762 -- Validation ACC: 0.611 -- Validation F1-score: 0.667 -- Test Loss: 0.711 -- Test ACC: 0.774 -- Test F1-score: 0.803
2024-07-17,04:46:21 [INFO] Epoch: 0/30 -- Train Loss: 0.878 -- Validation Loss: 0.733 -- Validation ACC: 0.611 -- Validation F1: 0.667
2024-07-17,04:46:25 [INFO] Epoch: 10/30 -- Train Loss: 0.415 -- Validation Loss: 0.794 -- Validation ACC: 0.556 -- Validation F1: 0.600
2024-07-17,04:46:30 [INFO] Epoch: 20/30 -- Train Loss: 0.117 -- Validation Loss: 0.657 -- Validation ACC: 0.722 -- Validation F1: 0.783
2024-07-17,04:46:31 [INFO] Epoch: 24/30 -- Train Loss: 0.380 -- Validation Loss: 0.655 -- Validation ACC: 0.667 -- Validation F1: 0.727
2024-07-17,04:46:32 [INFO] Epoch: 25/30 -- Train Loss: 0.118 -- Validation Loss: 0.789 -- Validation ACC: 0.611 -- Validation F1: 0.667
2024-07-17,04:46:33 [INFO] Epoch: 26/30 -- Train Loss: 0.077 -- Validation Loss: 0.960 -- Validation ACC: 0.444 -- Validation F1: 0.444
2024-07-17,04:46:33 [INFO] Epoch: 27/30 -- Train Loss: 0.961 -- Validation Loss: 0.976 -- Validation ACC: 0.444 -- Validation F1: 0.444
2024-07-17,04:46:34 [INFO] Epoch: 28/30 -- Train Loss: 0.023 -- Validation Loss: 0.885 -- Validation ACC: 0.500 -- Validation F1: 0.526
2024-07-17,04:46:34 [INFO] Epoch: 29/30 -- Train Loss: 0.518 -- Validation Loss: 0.803 -- Validation ACC: 0.611 -- Validation F1: 0.667
2024-07-17,04:46:34 [INFO] Run 0/5: Average Over Last 6 epochs -- Valid ACC: 0.5462962962962963 -- Valid F1-score: 0.5793018043041229
2024-07-17,04:46:35 [INFO] Test Results of Run 0/5: -- Test Loss: 0.731 -- Test ACC: 0.774 -- Test F1: 0.803
2024-07-17,04:46:35 [INFO] Epoch: 0/30 -- Train Loss: 0.218 -- Validation Loss: 0.805 -- Validation ACC: 0.556 -- Validation F1: 0.600
2024-07-17,04:46:40 [INFO] Epoch: 10/30 -- Train Loss: 0.011 -- Validation Loss: 0.655 -- Validation ACC: 0.556 -- Validation F1: 0.636
2024-07-17,04:46:44 [INFO] Epoch: 20/30 -- Train Loss: 0.107 -- Validation Loss: 0.751 -- Validation ACC: 0.611 -- Validation F1: 0.667
2024-07-17,04:46:46 [INFO] Epoch: 24/30 -- Train Loss: 0.698 -- Validation Loss: 0.593 -- Validation ACC: 0.611 -- Validation F1: 0.696
2024-07-17,04:46:47 [INFO] Epoch: 25/30 -- Train Loss: 0.337 -- Validation Loss: 0.648 -- Validation ACC: 0.611 -- Validation F1: 0.667
2024-07-17,04:46:47 [INFO] Epoch: 26/30 -- Train Loss: 0.375 -- Validation Loss: 0.741 -- Validation ACC: 0.611 -- Validation F1: 0.667
2024-07-17,04:46:48 [INFO] Epoch: 27/30 -- Train Loss: 0.250 -- Validation Loss: 0.825 -- Validation ACC: 0.500 -- Validation F1: 0.526
2024-07-17,04:46:49 [INFO] Epoch: 28/30 -- Train Loss: 0.504 -- Validation Loss: 0.921 -- Validation ACC: 0.500 -- Validation F1: 0.526
2024-07-17,04:46:49 [INFO] Epoch: 29/30 -- Train Loss: 0.079 -- Validation Loss: 0.964 -- Validation ACC: 0.444 -- Validation F1: 0.444
2024-07-17,04:46:49 [INFO] Run 1/5: Average Over Last 6 epochs -- Valid ACC: 0.5462962962962963 -- Valid F1-score: 0.5876769373814265
2024-07-17,04:46:50 [INFO] Test Results of Run 1/5: -- Test Loss: 0.809 -- Test ACC: 0.748 -- Test F1: 0.775
2024-07-17,04:46:50 [INFO] Epoch: 0/30 -- Train Loss: 0.026 -- Validation Loss: 0.601 -- Validation ACC: 0.611 -- Validation F1: 0.696
2024-07-17,04:46:54 [INFO] Epoch: 10/30 -- Train Loss: 0.209 -- Validation Loss: 0.672 -- Validation ACC: 0.667 -- Validation F1: 0.727
2024-07-17,04:46:59 [INFO] Epoch: 20/30 -- Train Loss: 0.048 -- Validation Loss: 0.949 -- Validation ACC: 0.444 -- Validation F1: 0.444
2024-07-17,04:47:01 [INFO] Epoch: 24/30 -- Train Loss: 0.038 -- Validation Loss: 0.974 -- Validation ACC: 0.444 -- Validation F1: 0.444
2024-07-17,04:47:01 [INFO] Epoch: 25/30 -- Train Loss: 0.148 -- Validation Loss: 0.851 -- Validation ACC: 0.500 -- Validation F1: 0.526
2024-07-17,04:47:02 [INFO] Epoch: 26/30 -- Train Loss: 0.266 -- Validation Loss: 0.710 -- Validation ACC: 0.611 -- Validation F1: 0.667
2024-07-17,04:47:02 [INFO] Epoch: 27/30 -- Train Loss: 0.419 -- Validation Loss: 0.743 -- Validation ACC: 0.556 -- Validation F1: 0.600
2024-07-17,04:47:03 [INFO] Epoch: 28/30 -- Train Loss: 0.108 -- Validation Loss: 0.853 -- Validation ACC: 0.500 -- Validation F1: 0.526
2024-07-17,04:47:04 [INFO] Epoch: 29/30 -- Train Loss: 0.002 -- Validation Loss: 0.995 -- Validation ACC: 0.444 -- Validation F1: 0.444
2024-07-17,04:47:04 [INFO] Run 2/5: Average Over Last 6 epochs -- Valid ACC: 0.5092592592592592 -- Valid F1-score: 0.5346978704134623
2024-07-17,04:47:04 [INFO] Test Results of Run 2/5: -- Test Loss: 0.827 -- Test ACC: 0.748 -- Test F1: 0.775
2024-07-17,04:47:05 [INFO] Epoch: 0/30 -- Train Loss: 0.702 -- Validation Loss: 0.825 -- Validation ACC: 0.667 -- Validation F1: 0.727
2024-07-17,04:47:09 [INFO] Epoch: 10/30 -- Train Loss: 0.093 -- Validation Loss: 0.565 -- Validation ACC: 0.722 -- Validation F1: 0.783
2024-07-17,04:47:13 [INFO] Epoch: 20/30 -- Train Loss: 0.167 -- Validation Loss: 0.722 -- Validation ACC: 0.556 -- Validation F1: 0.600
2024-07-17,04:47:15 [INFO] Epoch: 24/30 -- Train Loss: 0.090 -- Validation Loss: 0.718 -- Validation ACC: 0.556 -- Validation F1: 0.600
2024-07-17,04:47:15 [INFO] Epoch: 25/30 -- Train Loss: 0.518 -- Validation Loss: 0.662 -- Validation ACC: 0.611 -- Validation F1: 0.667
2024-07-17,04:47:16 [INFO] Epoch: 26/30 -- Train Loss: 0.290 -- Validation Loss: 0.633 -- Validation ACC: 0.667 -- Validation F1: 0.727
2024-07-17,04:47:17 [INFO] Epoch: 27/30 -- Train Loss: 0.040 -- Validation Loss: 0.559 -- Validation ACC: 0.722 -- Validation F1: 0.783
2024-07-17,04:47:17 [INFO] Epoch: 28/30 -- Train Loss: 0.084 -- Validation Loss: 0.546 -- Validation ACC: 0.722 -- Validation F1: 0.783
2024-07-17,04:47:18 [INFO] Epoch: 29/30 -- Train Loss: 0.053 -- Validation Loss: 0.563 -- Validation ACC: 0.722 -- Validation F1: 0.783
2024-07-17,04:47:18 [INFO] Run 3/5: Average Over Last 6 epochs -- Valid ACC: 0.6666666666666666 -- Valid F1-score: 0.7236275871594747
2024-07-17,04:47:18 [INFO] Test Results of Run 3/5: -- Test Loss: 0.659 -- Test ACC: 0.748 -- Test F1: 0.791
2024-07-17,04:47:19 [INFO] Epoch: 0/30 -- Train Loss: 0.350 -- Validation Loss: 0.661 -- Validation ACC: 0.556 -- Validation F1: 0.636
2024-07-17,04:47:23 [INFO] Epoch: 10/30 -- Train Loss: 0.659 -- Validation Loss: 1.023 -- Validation ACC: 0.444 -- Validation F1: 0.444
2024-07-17,04:47:27 [INFO] Epoch: 20/30 -- Train Loss: 0.368 -- Validation Loss: 0.655 -- Validation ACC: 0.667 -- Validation F1: 0.727
2024-07-17,04:47:29 [INFO] Epoch: 24/30 -- Train Loss: 0.785 -- Validation Loss: 0.978 -- Validation ACC: 0.444 -- Validation F1: 0.444
2024-07-17,04:47:30 [INFO] Epoch: 25/30 -- Train Loss: 0.349 -- Validation Loss: 1.045 -- Validation ACC: 0.444 -- Validation F1: 0.444
2024-07-17,04:47:30 [INFO] Epoch: 26/30 -- Train Loss: 1.137 -- Validation Loss: 0.981 -- Validation ACC: 0.444 -- Validation F1: 0.444
2024-07-17,04:47:31 [INFO] Epoch: 27/30 -- Train Loss: 0.481 -- Validation Loss: 0.829 -- Validation ACC: 0.500 -- Validation F1: 0.526
2024-07-17,04:47:32 [INFO] Epoch: 28/30 -- Train Loss: 0.368 -- Validation Loss: 0.790 -- Validation ACC: 0.556 -- Validation F1: 0.600
2024-07-17,04:47:32 [INFO] Epoch: 29/30 -- Train Loss: 0.669 -- Validation Loss: 0.779 -- Validation ACC: 0.611 -- Validation F1: 0.667
2024-07-17,04:47:32 [INFO] Run 4/5: Average Over Last 6 epochs -- Valid ACC: 0.5 -- Valid F1-score: 0.5210526436567307
2024-07-17,04:47:32 [INFO] Test Results of Run 4/5: -- Test Loss: 0.727 -- Test ACC: 0.774 -- Test F1: 0.803
2024-07-17,04:47:32 [INFO] Validation average after 5 runs -- ACC: 0.554 -- F1-score: 0.589
2024-07-17,04:47:32 [INFO] Test average after 5 runs -- ACC: 0.758 -- F1-score: 0.790
2024-07-17,04:47:32 [INFO] Finished round 0/10 of experiments!
2024-07-17,04:47:32 [INFO] Started round 1/10 of experiments!
2024-07-17,04:47:33 [INFO] Loading previous pretrained model at ./pretrained/GCN_Pretrained_2024-07-01-14-56-23.pth
2024-07-17,04:47:33 [INFO] Pretrained GNN on Source Dataset -- Test Loss: 0.964 -- Test ACC: 0.739 -- Test F1-score: 0.758
2024-07-17,04:47:33 [INFO] Pretrained GNN on Target Dataset Without Prompting: -- Validation Loss: 1.277 -- Validation ACC: 0.667 -- Validation F1-score: 0.769 -- Test Loss: 1.529 -- Test ACC: 0.643 -- Test F1-score: 0.713
2024-07-17,04:47:34 [INFO] Epoch: 0/30 -- Train Loss: 0.089 -- Validation Loss: 1.610 -- Validation ACC: 0.667 -- Validation F1: 0.800
2024-07-17,04:47:38 [INFO] Epoch: 10/30 -- Train Loss: 1.540 -- Validation Loss: 1.282 -- Validation ACC: 0.667 -- Validation F1: 0.769
2024-07-17,04:47:42 [INFO] Epoch: 20/30 -- Train Loss: 0.363 -- Validation Loss: 1.232 -- Validation ACC: 0.667 -- Validation F1: 0.769
2024-07-17,04:47:44 [INFO] Epoch: 24/30 -- Train Loss: 0.009 -- Validation Loss: 1.302 -- Validation ACC: 0.667 -- Validation F1: 0.769
2024-07-17,04:47:45 [INFO] Epoch: 25/30 -- Train Loss: 0.779 -- Validation Loss: 1.316 -- Validation ACC: 0.667 -- Validation F1: 0.769
2024-07-17,04:47:45 [INFO] Epoch: 26/30 -- Train Loss: 0.245 -- Validation Loss: 1.333 -- Validation ACC: 0.667 -- Validation F1: 0.786
2024-07-17,04:47:46 [INFO] Epoch: 27/30 -- Train Loss: 0.039 -- Validation Loss: 1.341 -- Validation ACC: 0.667 -- Validation F1: 0.786
2024-07-17,04:47:47 [INFO] Epoch: 28/30 -- Train Loss: 0.369 -- Validation Loss: 1.336 -- Validation ACC: 0.667 -- Validation F1: 0.786
2024-07-17,04:47:47 [INFO] Epoch: 29/30 -- Train Loss: 0.035 -- Validation Loss: 1.323 -- Validation ACC: 0.667 -- Validation F1: 0.786
2024-07-17,04:47:47 [INFO] Run 0/5: Average Over Last 6 epochs -- Valid ACC: 0.6666666666666666 -- Valid F1-score: 0.7802197734514872
2024-07-17,04:47:47 [INFO] Test Results of Run 0/5: -- Test Loss: 1.535 -- Test ACC: 0.661 -- Test F1: 0.738
2024-07-17,04:47:48 [INFO] Epoch: 0/30 -- Train Loss: 0.427 -- Validation Loss: 1.337 -- Validation ACC: 0.667 -- Validation F1: 0.769
2024-07-17,04:47:52 [INFO] Epoch: 10/30 -- Train Loss: 0.033 -- Validation Loss: 1.350 -- Validation ACC: 0.667 -- Validation F1: 0.800
2024-07-17,04:47:56 [INFO] Epoch: 20/30 -- Train Loss: 0.025 -- Validation Loss: 1.208 -- Validation ACC: 0.667 -- Validation F1: 0.786
2024-07-17,04:47:58 [INFO] Epoch: 24/30 -- Train Loss: 0.290 -- Validation Loss: 1.186 -- Validation ACC: 0.667 -- Validation F1: 0.769
2024-07-17,04:47:59 [INFO] Epoch: 25/30 -- Train Loss: 0.085 -- Validation Loss: 1.186 -- Validation ACC: 0.667 -- Validation F1: 0.769
2024-07-17,04:47:59 [INFO] Epoch: 26/30 -- Train Loss: 0.254 -- Validation Loss: 1.201 -- Validation ACC: 0.667 -- Validation F1: 0.769
2024-07-17,04:48:00 [INFO] Epoch: 27/30 -- Train Loss: 0.166 -- Validation Loss: 1.229 -- Validation ACC: 0.778 -- Validation F1: 0.857
2024-07-17,04:48:01 [INFO] Epoch: 28/30 -- Train Loss: 0.065 -- Validation Loss: 1.263 -- Validation ACC: 0.722 -- Validation F1: 0.828
2024-07-17,04:48:01 [INFO] Epoch: 29/30 -- Train Loss: 0.190 -- Validation Loss: 1.312 -- Validation ACC: 0.667 -- Validation F1: 0.800
2024-07-17,04:48:01 [INFO] Run 1/5: Average Over Last 6 epochs -- Valid ACC: 0.6944444444444445 -- Valid F1-score: 0.7987369100252787
2024-07-17,04:48:01 [INFO] Test Results of Run 1/5: -- Test Loss: 1.631 -- Test ACC: 0.670 -- Test F1: 0.759
2024-07-17,04:48:02 [INFO] Epoch: 0/30 -- Train Loss: 0.022 -- Validation Loss: 1.344 -- Validation ACC: 0.667 -- Validation F1: 0.786
2024-07-17,04:48:06 [INFO] Epoch: 10/30 -- Train Loss: 0.023 -- Validation Loss: 1.288 -- Validation ACC: 0.722 -- Validation F1: 0.828
2024-07-17,04:48:11 [INFO] Epoch: 20/30 -- Train Loss: 0.074 -- Validation Loss: 1.304 -- Validation ACC: 0.667 -- Validation F1: 0.769
2024-07-17,04:48:13 [INFO] Epoch: 24/30 -- Train Loss: 0.258 -- Validation Loss: 1.292 -- Validation ACC: 0.667 -- Validation F1: 0.800
2024-07-17,04:48:13 [INFO] Epoch: 25/30 -- Train Loss: 0.186 -- Validation Loss: 1.322 -- Validation ACC: 0.667 -- Validation F1: 0.800
2024-07-17,04:48:14 [INFO] Epoch: 26/30 -- Train Loss: 0.892 -- Validation Loss: 1.336 -- Validation ACC: 0.667 -- Validation F1: 0.800
2024-07-17,04:48:14 [INFO] Epoch: 27/30 -- Train Loss: 0.540 -- Validation Loss: 1.290 -- Validation ACC: 0.667 -- Validation F1: 0.800
2024-07-17,04:48:15 [INFO] Epoch: 28/30 -- Train Loss: 0.522 -- Validation Loss: 1.241 -- Validation ACC: 0.722 -- Validation F1: 0.815
2024-07-17,04:48:16 [INFO] Epoch: 29/30 -- Train Loss: 0.137 -- Validation Loss: 1.250 -- Validation ACC: 0.611 -- Validation F1: 0.759
2024-07-17,04:48:16 [INFO] Run 2/5: Average Over Last 6 epochs -- Valid ACC: 0.6666666666666666 -- Valid F1-score: 0.7955725888411204
2024-07-17,04:48:16 [INFO] Test Results of Run 2/5: -- Test Loss: 1.569 -- Test ACC: 0.670 -- Test F1: 0.747
2024-07-17,04:48:16 [INFO] Epoch: 0/30 -- Train Loss: 0.006 -- Validation Loss: 1.407 -- Validation ACC: 0.722 -- Validation F1: 0.828
2024-07-17,04:48:21 [INFO] Epoch: 10/30 -- Train Loss: 0.053 -- Validation Loss: 1.252 -- Validation ACC: 0.667 -- Validation F1: 0.769
2024-07-17,04:48:25 [INFO] Epoch: 20/30 -- Train Loss: 0.707 -- Validation Loss: 1.292 -- Validation ACC: 0.667 -- Validation F1: 0.769
2024-07-17,04:48:27 [INFO] Epoch: 24/30 -- Train Loss: 1.493 -- Validation Loss: 1.269 -- Validation ACC: 0.611 -- Validation F1: 0.741
2024-07-17,04:48:28 [INFO] Epoch: 25/30 -- Train Loss: 0.716 -- Validation Loss: 1.277 -- Validation ACC: 0.667 -- Validation F1: 0.786
2024-07-17,04:48:28 [INFO] Epoch: 26/30 -- Train Loss: 0.040 -- Validation Loss: 1.272 -- Validation ACC: 0.667 -- Validation F1: 0.786
2024-07-17,04:48:29 [INFO] Epoch: 27/30 -- Train Loss: 0.792 -- Validation Loss: 1.253 -- Validation ACC: 0.722 -- Validation F1: 0.815
2024-07-17,04:48:29 [INFO] Epoch: 28/30 -- Train Loss: 0.194 -- Validation Loss: 1.289 -- Validation ACC: 0.667 -- Validation F1: 0.800
2024-07-17,04:48:30 [INFO] Epoch: 29/30 -- Train Loss: 0.109 -- Validation Loss: 1.345 -- Validation ACC: 0.667 -- Validation F1: 0.800
2024-07-17,04:48:30 [INFO] Run 3/5: Average Over Last 6 epochs -- Valid ACC: 0.6666666666666666 -- Valid F1-score: 0.7878306806087494
2024-07-17,04:48:30 [INFO] Test Results of Run 3/5: -- Test Loss: 1.642 -- Test ACC: 0.678 -- Test F1: 0.764
2024-07-17,04:48:31 [INFO] Epoch: 0/30 -- Train Loss: 0.343 -- Validation Loss: 1.363 -- Validation ACC: 0.667 -- Validation F1: 0.769
2024-07-17,04:48:35 [INFO] Epoch: 10/30 -- Train Loss: 1.482 -- Validation Loss: 1.293 -- Validation ACC: 0.667 -- Validation F1: 0.769
2024-07-17,04:48:40 [INFO] Epoch: 20/30 -- Train Loss: 0.096 -- Validation Loss: 1.239 -- Validation ACC: 0.722 -- Validation F1: 0.815
2024-07-17,04:48:41 [INFO] Epoch: 24/30 -- Train Loss: 0.034 -- Validation Loss: 1.408 -- Validation ACC: 0.667 -- Validation F1: 0.800
2024-07-17,04:48:42 [INFO] Epoch: 25/30 -- Train Loss: 0.050 -- Validation Loss: 1.341 -- Validation ACC: 0.667 -- Validation F1: 0.800
2024-07-17,04:48:43 [INFO] Epoch: 26/30 -- Train Loss: 0.021 -- Validation Loss: 1.256 -- Validation ACC: 0.722 -- Validation F1: 0.828
2024-07-17,04:48:43 [INFO] Epoch: 27/30 -- Train Loss: 0.329 -- Validation Loss: 1.236 -- Validation ACC: 0.722 -- Validation F1: 0.815
2024-07-17,04:48:44 [INFO] Epoch: 28/30 -- Train Loss: 0.571 -- Validation Loss: 1.223 -- Validation ACC: 0.722 -- Validation F1: 0.815
2024-07-17,04:48:44 [INFO] Epoch: 29/30 -- Train Loss: 0.023 -- Validation Loss: 1.230 -- Validation ACC: 0.667 -- Validation F1: 0.769
2024-07-17,04:48:44 [INFO] Run 4/5: Average Over Last 6 epochs -- Valid ACC: 0.6944444444444445 -- Valid F1-score: 0.8044077754020691
2024-07-17,04:48:45 [INFO] Test Results of Run 4/5: -- Test Loss: 1.543 -- Test ACC: 0.652 -- Test F1: 0.730
2024-07-17,04:48:45 [INFO] Validation average after 5 runs -- ACC: 0.678 -- F1-score: 0.793
2024-07-17,04:48:45 [INFO] Test average after 5 runs -- ACC: 0.666 -- F1-score: 0.748
2024-07-17,04:48:45 [INFO] Finished round 1/10 of experiments!
2024-07-17,04:48:45 [INFO] Started round 2/10 of experiments!
2024-07-17,04:48:45 [INFO] Loading previous pretrained model at ./pretrained/GCN_Pretrained_2024-07-01-14-58-41.pth
2024-07-17,04:48:45 [INFO] Pretrained GNN on Source Dataset -- Test Loss: 1.173 -- Test ACC: 0.757 -- Test F1-score: 0.813
2024-07-17,04:48:46 [INFO] Pretrained GNN on Target Dataset Without Prompting: -- Validation Loss: 0.928 -- Validation ACC: 0.667 -- Validation F1-score: 0.769 -- Test Loss: 0.858 -- Test ACC: 0.687 -- Test F1-score: 0.735
2024-07-17,04:48:46 [INFO] Epoch: 0/30 -- Train Loss: 0.812 -- Validation Loss: 0.935 -- Validation ACC: 0.667 -- Validation F1: 0.769
2024-07-17,04:48:51 [INFO] Epoch: 10/30 -- Train Loss: 0.170 -- Validation Loss: 0.912 -- Validation ACC: 0.667 -- Validation F1: 0.769
2024-07-17,04:48:55 [INFO] Epoch: 20/30 -- Train Loss: 0.339 -- Validation Loss: 0.883 -- Validation ACC: 0.667 -- Validation F1: 0.769
2024-07-17,04:48:57 [INFO] Epoch: 24/30 -- Train Loss: 0.420 -- Validation Loss: 0.929 -- Validation ACC: 0.667 -- Validation F1: 0.769
2024-07-17,04:48:58 [INFO] Epoch: 25/30 -- Train Loss: 0.511 -- Validation Loss: 0.932 -- Validation ACC: 0.667 -- Validation F1: 0.769
2024-07-17,04:48:58 [INFO] Epoch: 26/30 -- Train Loss: 0.397 -- Validation Loss: 0.940 -- Validation ACC: 0.667 -- Validation F1: 0.769
2024-07-17,04:48:59 [INFO] Epoch: 27/30 -- Train Loss: 0.450 -- Validation Loss: 0.951 -- Validation ACC: 0.667 -- Validation F1: 0.769
2024-07-17,04:49:00 [INFO] Epoch: 28/30 -- Train Loss: 0.331 -- Validation Loss: 0.928 -- Validation ACC: 0.667 -- Validation F1: 0.769
2024-07-17,04:49:00 [INFO] Epoch: 29/30 -- Train Loss: 0.068 -- Validation Loss: 0.914 -- Validation ACC: 0.667 -- Validation F1: 0.769
2024-07-17,04:49:00 [INFO] Run 0/5: Average Over Last 6 epochs -- Valid ACC: 0.6666666666666666 -- Valid F1-score: 0.7692307829856873
2024-07-17,04:49:00 [INFO] Test Results of Run 0/5: -- Test Loss: 0.836 -- Test ACC: 0.696 -- Test F1: 0.733
2024-07-17,04:49:01 [INFO] Epoch: 0/30 -- Train Loss: 0.661 -- Validation Loss: 0.921 -- Validation ACC: 0.667 -- Validation F1: 0.769
2024-07-17,04:49:05 [INFO] Epoch: 10/30 -- Train Loss: 0.315 -- Validation Loss: 0.939 -- Validation ACC: 0.667 -- Validation F1: 0.769
2024-07-17,04:49:09 [INFO] Epoch: 20/30 -- Train Loss: 0.070 -- Validation Loss: 0.860 -- Validation ACC: 0.611 -- Validation F1: 0.720
2024-07-17,04:49:11 [INFO] Epoch: 24/30 -- Train Loss: 0.264 -- Validation Loss: 0.989 -- Validation ACC: 0.667 -- Validation F1: 0.769
2024-07-17,04:49:12 [INFO] Epoch: 25/30 -- Train Loss: 0.238 -- Validation Loss: 1.042 -- Validation ACC: 0.667 -- Validation F1: 0.769
2024-07-17,04:49:12 [INFO] Epoch: 26/30 -- Train Loss: 0.336 -- Validation Loss: 1.080 -- Validation ACC: 0.722 -- Validation F1: 0.815
2024-07-17,04:49:13 [INFO] Epoch: 27/30 -- Train Loss: 0.779 -- Validation Loss: 1.076 -- Validation ACC: 0.722 -- Validation F1: 0.815
2024-07-17,04:49:14 [INFO] Epoch: 28/30 -- Train Loss: 1.088 -- Validation Loss: 1.045 -- Validation ACC: 0.667 -- Validation F1: 0.769
2024-07-17,04:49:14 [INFO] Epoch: 29/30 -- Train Loss: 0.701 -- Validation Loss: 0.994 -- Validation ACC: 0.667 -- Validation F1: 0.769
2024-07-17,04:49:14 [INFO] Run 1/5: Average Over Last 6 epochs -- Valid ACC: 0.6851851851851851 -- Valid F1-score: 0.7844254573186239
2024-07-17,04:49:14 [INFO] Test Results of Run 1/5: -- Test Loss: 0.943 -- Test ACC: 0.687 -- Test F1: 0.739
2024-07-17,04:49:15 [INFO] Epoch: 0/30 -- Train Loss: 0.326 -- Validation Loss: 0.933 -- Validation ACC: 0.667 -- Validation F1: 0.769
2024-07-17,04:49:19 [INFO] Epoch: 10/30 -- Train Loss: 0.576 -- Validation Loss: 0.932 -- Validation ACC: 0.667 -- Validation F1: 0.769
2024-07-17,04:49:24 [INFO] Epoch: 20/30 -- Train Loss: 0.173 -- Validation Loss: 0.857 -- Validation ACC: 0.667 -- Validation F1: 0.769
2024-07-17,04:49:25 [INFO] Epoch: 24/30 -- Train Loss: 0.079 -- Validation Loss: 0.923 -- Validation ACC: 0.667 -- Validation F1: 0.769
2024-07-17,04:49:26 [INFO] Epoch: 25/30 -- Train Loss: 0.005 -- Validation Loss: 0.922 -- Validation ACC: 0.667 -- Validation F1: 0.769
2024-07-17,04:49:27 [INFO] Epoch: 26/30 -- Train Loss: 0.023 -- Validation Loss: 0.925 -- Validation ACC: 0.667 -- Validation F1: 0.769
2024-07-17,04:49:27 [INFO] Epoch: 27/30 -- Train Loss: 0.063 -- Validation Loss: 0.936 -- Validation ACC: 0.667 -- Validation F1: 0.769
2024-07-17,04:49:28 [INFO] Epoch: 28/30 -- Train Loss: 0.542 -- Validation Loss: 0.927 -- Validation ACC: 0.667 -- Validation F1: 0.769
2024-07-17,04:49:28 [INFO] Epoch: 29/30 -- Train Loss: 0.282 -- Validation Loss: 0.919 -- Validation ACC: 0.667 -- Validation F1: 0.769
2024-07-17,04:49:28 [INFO] Run 2/5: Average Over Last 6 epochs -- Valid ACC: 0.6666666666666666 -- Valid F1-score: 0.7692307829856873
2024-07-17,04:49:29 [INFO] Test Results of Run 2/5: -- Test Loss: 0.848 -- Test ACC: 0.696 -- Test F1: 0.733
2024-07-17,04:49:29 [INFO] Epoch: 0/30 -- Train Loss: 1.907 -- Validation Loss: 0.964 -- Validation ACC: 0.667 -- Validation F1: 0.769
2024-07-17,04:49:33 [INFO] Epoch: 10/30 -- Train Loss: 0.341 -- Validation Loss: 0.924 -- Validation ACC: 0.667 -- Validation F1: 0.769
2024-07-17,04:49:38 [INFO] Epoch: 20/30 -- Train Loss: 0.332 -- Validation Loss: 0.955 -- Validation ACC: 0.667 -- Validation F1: 0.769
2024-07-17,04:49:40 [INFO] Epoch: 24/30 -- Train Loss: 0.043 -- Validation Loss: 0.983 -- Validation ACC: 0.667 -- Validation F1: 0.769
2024-07-17,04:49:40 [INFO] Epoch: 25/30 -- Train Loss: 0.210 -- Validation Loss: 0.943 -- Validation ACC: 0.667 -- Validation F1: 0.769
2024-07-17,04:49:41 [INFO] Epoch: 26/30 -- Train Loss: 0.458 -- Validation Loss: 0.932 -- Validation ACC: 0.667 -- Validation F1: 0.769
2024-07-17,04:49:41 [INFO] Epoch: 27/30 -- Train Loss: 0.437 -- Validation Loss: 0.938 -- Validation ACC: 0.667 -- Validation F1: 0.769
2024-07-17,04:49:42 [INFO] Epoch: 28/30 -- Train Loss: 0.188 -- Validation Loss: 0.943 -- Validation ACC: 0.667 -- Validation F1: 0.769
2024-07-17,04:49:43 [INFO] Epoch: 29/30 -- Train Loss: 0.450 -- Validation Loss: 0.936 -- Validation ACC: 0.667 -- Validation F1: 0.769
2024-07-17,04:49:43 [INFO] Run 3/5: Average Over Last 6 epochs -- Valid ACC: 0.6666666666666666 -- Valid F1-score: 0.7692307829856873
2024-07-17,04:49:43 [INFO] Test Results of Run 3/5: -- Test Loss: 0.877 -- Test ACC: 0.687 -- Test F1: 0.735
2024-07-17,04:49:43 [INFO] Epoch: 0/30 -- Train Loss: 0.140 -- Validation Loss: 0.922 -- Validation ACC: 0.667 -- Validation F1: 0.769
2024-07-17,04:49:48 [INFO] Epoch: 10/30 -- Train Loss: 1.186 -- Validation Loss: 0.890 -- Validation ACC: 0.667 -- Validation F1: 0.769
2024-07-17,04:49:52 [INFO] Epoch: 20/30 -- Train Loss: 0.065 -- Validation Loss: 0.899 -- Validation ACC: 0.667 -- Validation F1: 0.769
2024-07-17,04:49:54 [INFO] Epoch: 24/30 -- Train Loss: 0.079 -- Validation Loss: 0.887 -- Validation ACC: 0.611 -- Validation F1: 0.720
2024-07-17,04:49:55 [INFO] Epoch: 25/30 -- Train Loss: 0.119 -- Validation Loss: 0.896 -- Validation ACC: 0.611 -- Validation F1: 0.720
2024-07-17,04:49:56 [INFO] Epoch: 26/30 -- Train Loss: 0.240 -- Validation Loss: 0.905 -- Validation ACC: 0.667 -- Validation F1: 0.769
2024-07-17,04:49:56 [INFO] Epoch: 27/30 -- Train Loss: 0.391 -- Validation Loss: 0.919 -- Validation ACC: 0.667 -- Validation F1: 0.769
2024-07-17,04:49:57 [INFO] Epoch: 28/30 -- Train Loss: 0.173 -- Validation Loss: 0.946 -- Validation ACC: 0.667 -- Validation F1: 0.769
2024-07-17,04:49:57 [INFO] Epoch: 29/30 -- Train Loss: 0.593 -- Validation Loss: 0.972 -- Validation ACC: 0.667 -- Validation F1: 0.769
2024-07-17,04:49:57 [INFO] Run 4/5: Average Over Last 6 epochs -- Valid ACC: 0.648148148148148 -- Valid F1-score: 0.7528205315272013
2024-07-17,04:49:58 [INFO] Test Results of Run 4/5: -- Test Loss: 0.900 -- Test ACC: 0.687 -- Test F1: 0.735
2024-07-17,04:49:58 [INFO] Validation average after 5 runs -- ACC: 0.667 -- F1-score: 0.769
2024-07-17,04:49:58 [INFO] Test average after 5 runs -- ACC: 0.690 -- F1-score: 0.735
2024-07-17,04:49:58 [INFO] Finished round 2/10 of experiments!
2024-07-17,04:49:58 [INFO] Started round 3/10 of experiments!
2024-07-17,04:49:58 [INFO] Loading previous pretrained model at ./pretrained/GCN_Pretrained_2024-07-01-15-00-59.pth
2024-07-17,04:49:58 [INFO] Pretrained GNN on Source Dataset -- Test Loss: 0.746 -- Test ACC: 0.739 -- Test F1-score: 0.786
2024-07-17,04:49:59 [INFO] Pretrained GNN on Target Dataset Without Prompting: -- Validation Loss: 0.769 -- Validation ACC: 0.722 -- Validation F1-score: 0.706 -- Test Loss: 0.897 -- Test ACC: 0.748 -- Test F1-score: 0.810
2024-07-17,04:49:59 [INFO] Epoch: 0/30 -- Train Loss: 0.000 -- Validation Loss: 0.774 -- Validation ACC: 0.722 -- Validation F1: 0.706
2024-07-17,04:50:03 [INFO] Epoch: 10/30 -- Train Loss: 0.325 -- Validation Loss: 0.745 -- Validation ACC: 0.778 -- Validation F1: 0.750
2024-07-17,04:50:08 [INFO] Epoch: 20/30 -- Train Loss: 0.966 -- Validation Loss: 0.862 -- Validation ACC: 0.778 -- Validation F1: 0.778
2024-07-17,04:50:10 [INFO] Epoch: 24/30 -- Train Loss: 0.000 -- Validation Loss: 0.793 -- Validation ACC: 0.778 -- Validation F1: 0.778
2024-07-17,04:50:10 [INFO] Epoch: 25/30 -- Train Loss: 1.504 -- Validation Loss: 0.732 -- Validation ACC: 0.778 -- Validation F1: 0.778
2024-07-17,04:50:11 [INFO] Epoch: 26/30 -- Train Loss: 0.090 -- Validation Loss: 0.725 -- Validation ACC: 0.778 -- Validation F1: 0.750
2024-07-17,04:50:11 [INFO] Epoch: 27/30 -- Train Loss: 0.367 -- Validation Loss: 0.744 -- Validation ACC: 0.778 -- Validation F1: 0.750
2024-07-17,04:50:12 [INFO] Epoch: 28/30 -- Train Loss: 0.543 -- Validation Loss: 0.749 -- Validation ACC: 0.722 -- Validation F1: 0.667
2024-07-17,04:50:13 [INFO] Epoch: 29/30 -- Train Loss: 0.298 -- Validation Loss: 0.718 -- Validation ACC: 0.778 -- Validation F1: 0.750
2024-07-17,04:50:13 [INFO] Run 0/5: Average Over Last 6 epochs -- Valid ACC: 0.7685185185185186 -- Valid F1-score: 0.7453703780968984
2024-07-17,04:50:13 [INFO] Test Results of Run 0/5: -- Test Loss: 0.899 -- Test ACC: 0.704 -- Test F1: 0.770
2024-07-17,04:50:13 [INFO] Epoch: 0/30 -- Train Loss: 0.004 -- Validation Loss: 0.755 -- Validation ACC: 0.722 -- Validation F1: 0.706
2024-07-17,04:50:18 [INFO] Epoch: 10/30 -- Train Loss: 0.004 -- Validation Loss: 0.777 -- Validation ACC: 0.722 -- Validation F1: 0.706
2024-07-17,04:50:22 [INFO] Epoch: 20/30 -- Train Loss: 0.005 -- Validation Loss: 0.775 -- Validation ACC: 0.778 -- Validation F1: 0.778
2024-07-17,04:50:24 [INFO] Epoch: 24/30 -- Train Loss: 0.135 -- Validation Loss: 0.834 -- Validation ACC: 0.778 -- Validation F1: 0.778
2024-07-17,04:50:24 [INFO] Epoch: 25/30 -- Train Loss: 0.108 -- Validation Loss: 0.830 -- Validation ACC: 0.778 -- Validation F1: 0.778
2024-07-17,04:50:25 [INFO] Epoch: 26/30 -- Train Loss: 0.608 -- Validation Loss: 0.808 -- Validation ACC: 0.778 -- Validation F1: 0.778
2024-07-17,04:50:26 [INFO] Epoch: 27/30 -- Train Loss: 0.120 -- Validation Loss: 0.797 -- Validation ACC: 0.778 -- Validation F1: 0.778
2024-07-17,04:50:26 [INFO] Epoch: 28/30 -- Train Loss: 0.370 -- Validation Loss: 0.818 -- Validation ACC: 0.778 -- Validation F1: 0.778
2024-07-17,04:50:27 [INFO] Epoch: 29/30 -- Train Loss: 0.228 -- Validation Loss: 0.858 -- Validation ACC: 0.722 -- Validation F1: 0.737
2024-07-17,04:50:27 [INFO] Run 1/5: Average Over Last 6 epochs -- Valid ACC: 0.7685185185185185 -- Valid F1-score: 0.7709551751613617
2024-07-17,04:50:27 [INFO] Test Results of Run 1/5: -- Test Loss: 0.955 -- Test ACC: 0.757 -- Test F1: 0.825
2024-07-17,04:50:28 [INFO] Epoch: 0/30 -- Train Loss: 0.006 -- Validation Loss: 0.837 -- Validation ACC: 0.778 -- Validation F1: 0.778
2024-07-17,04:50:32 [INFO] Epoch: 10/30 -- Train Loss: 0.266 -- Validation Loss: 0.769 -- Validation ACC: 0.778 -- Validation F1: 0.750
2024-07-17,04:50:37 [INFO] Epoch: 20/30 -- Train Loss: 0.004 -- Validation Loss: 0.825 -- Validation ACC: 0.778 -- Validation F1: 0.778
2024-07-17,04:50:39 [INFO] Epoch: 24/30 -- Train Loss: 2.041 -- Validation Loss: 0.870 -- Validation ACC: 0.778 -- Validation F1: 0.778
2024-07-17,04:50:39 [INFO] Epoch: 25/30 -- Train Loss: 0.498 -- Validation Loss: 0.798 -- Validation ACC: 0.722 -- Validation F1: 0.706
2024-07-17,04:50:40 [INFO] Epoch: 26/30 -- Train Loss: 0.349 -- Validation Loss: 0.763 -- Validation ACC: 0.778 -- Validation F1: 0.750
2024-07-17,04:50:40 [INFO] Epoch: 27/30 -- Train Loss: 0.307 -- Validation Loss: 0.740 -- Validation ACC: 0.778 -- Validation F1: 0.750
2024-07-17,04:50:41 [INFO] Epoch: 28/30 -- Train Loss: 0.207 -- Validation Loss: 0.730 -- Validation ACC: 0.778 -- Validation F1: 0.750
2024-07-17,04:50:42 [INFO] Epoch: 29/30 -- Train Loss: 0.416 -- Validation Loss: 0.732 -- Validation ACC: 0.778 -- Validation F1: 0.750
2024-07-17,04:50:42 [INFO] Run 2/5: Average Over Last 6 epochs -- Valid ACC: 0.7685185185185185 -- Valid F1-score: 0.7472766935825348
2024-07-17,04:50:42 [INFO] Test Results of Run 2/5: -- Test Loss: 0.897 -- Test ACC: 0.739 -- Test F1: 0.803
2024-07-17,04:50:42 [INFO] Epoch: 0/30 -- Train Loss: 0.741 -- Validation Loss: 0.748 -- Validation ACC: 0.778 -- Validation F1: 0.750
2024-07-17,04:50:47 [INFO] Epoch: 10/30 -- Train Loss: 0.272 -- Validation Loss: 0.801 -- Validation ACC: 0.722 -- Validation F1: 0.706
2024-07-17,04:50:51 [INFO] Epoch: 20/30 -- Train Loss: 1.265 -- Validation Loss: 0.733 -- Validation ACC: 0.778 -- Validation F1: 0.750
2024-07-17,04:50:53 [INFO] Epoch: 24/30 -- Train Loss: 0.983 -- Validation Loss: 0.735 -- Validation ACC: 0.778 -- Validation F1: 0.750
2024-07-17,04:50:53 [INFO] Epoch: 25/30 -- Train Loss: 0.576 -- Validation Loss: 0.733 -- Validation ACC: 0.833 -- Validation F1: 0.824
2024-07-17,04:50:54 [INFO] Epoch: 26/30 -- Train Loss: 0.279 -- Validation Loss: 0.762 -- Validation ACC: 0.778 -- Validation F1: 0.778
2024-07-17,04:50:55 [INFO] Epoch: 27/30 -- Train Loss: 0.244 -- Validation Loss: 0.803 -- Validation ACC: 0.778 -- Validation F1: 0.778
2024-07-17,04:50:55 [INFO] Epoch: 28/30 -- Train Loss: 0.003 -- Validation Loss: 0.784 -- Validation ACC: 0.778 -- Validation F1: 0.778
2024-07-17,04:50:56 [INFO] Epoch: 29/30 -- Train Loss: 1.064 -- Validation Loss: 0.757 -- Validation ACC: 0.778 -- Validation F1: 0.778
2024-07-17,04:50:56 [INFO] Run 3/5: Average Over Last 6 epochs -- Valid ACC: 0.7870370370370371 -- Valid F1-score: 0.7807734310626984
2024-07-17,04:50:56 [INFO] Test Results of Run 3/5: -- Test Loss: 0.921 -- Test ACC: 0.748 -- Test F1: 0.810
2024-07-17,04:50:57 [INFO] Epoch: 0/30 -- Train Loss: 0.513 -- Validation Loss: 0.803 -- Validation ACC: 0.722 -- Validation F1: 0.706
2024-07-17,04:51:01 [INFO] Epoch: 10/30 -- Train Loss: 0.417 -- Validation Loss: 0.765 -- Validation ACC: 0.778 -- Validation F1: 0.778
2024-07-17,04:51:05 [INFO] Epoch: 20/30 -- Train Loss: 0.687 -- Validation Loss: 0.768 -- Validation ACC: 0.778 -- Validation F1: 0.750
2024-07-17,04:51:07 [INFO] Epoch: 24/30 -- Train Loss: 0.315 -- Validation Loss: 0.816 -- Validation ACC: 0.778 -- Validation F1: 0.778
2024-07-17,04:51:08 [INFO] Epoch: 25/30 -- Train Loss: 0.015 -- Validation Loss: 0.792 -- Validation ACC: 0.778 -- Validation F1: 0.778
2024-07-17,04:51:08 [INFO] Epoch: 26/30 -- Train Loss: 0.001 -- Validation Loss: 0.771 -- Validation ACC: 0.722 -- Validation F1: 0.706
2024-07-17,04:51:09 [INFO] Epoch: 27/30 -- Train Loss: 0.646 -- Validation Loss: 0.780 -- Validation ACC: 0.778 -- Validation F1: 0.778
2024-07-17,04:51:10 [INFO] Epoch: 28/30 -- Train Loss: 0.066 -- Validation Loss: 0.837 -- Validation ACC: 0.778 -- Validation F1: 0.778
2024-07-17,04:51:10 [INFO] Epoch: 29/30 -- Train Loss: 0.327 -- Validation Loss: 0.827 -- Validation ACC: 0.778 -- Validation F1: 0.778
2024-07-17,04:51:10 [INFO] Run 4/5: Average Over Last 6 epochs -- Valid ACC: 0.7685185185185185 -- Valid F1-score: 0.7657952209313711
2024-07-17,04:51:10 [INFO] Test Results of Run 4/5: -- Test Loss: 0.943 -- Test ACC: 0.757 -- Test F1: 0.821
2024-07-17,04:51:10 [INFO] Validation average after 5 runs -- ACC: 0.772 -- F1-score: 0.762
2024-07-17,04:51:10 [INFO] Test average after 5 runs -- ACC: 0.741 -- F1-score: 0.806
2024-07-17,04:51:10 [INFO] Finished round 3/10 of experiments!
2024-07-17,04:51:10 [INFO] Started round 4/10 of experiments!
2024-07-17,04:51:11 [INFO] Loading previous pretrained model at ./pretrained/GCN_Pretrained_2024-07-01-15-03-17.pth
2024-07-17,04:51:11 [INFO] Pretrained GNN on Source Dataset -- Test Loss: 1.048 -- Test ACC: 0.696 -- Test F1-score: 0.759
2024-07-17,04:51:12 [INFO] Pretrained GNN on Target Dataset Without Prompting: -- Validation Loss: 0.854 -- Validation ACC: 0.500 -- Validation F1-score: 0.571 -- Test Loss: 0.781 -- Test ACC: 0.713 -- Test F1-score: 0.784
2024-07-17,04:51:12 [INFO] Epoch: 0/30 -- Train Loss: 0.459 -- Validation Loss: 0.874 -- Validation ACC: 0.500 -- Validation F1: 0.571
2024-07-17,04:51:17 [INFO] Epoch: 10/30 -- Train Loss: 1.462 -- Validation Loss: 1.110 -- Validation ACC: 0.500 -- Validation F1: 0.571
2024-07-17,04:51:21 [INFO] Epoch: 20/30 -- Train Loss: 1.090 -- Validation Loss: 0.929 -- Validation ACC: 0.556 -- Validation F1: 0.600
2024-07-17,04:51:23 [INFO] Epoch: 24/30 -- Train Loss: 0.054 -- Validation Loss: 0.957 -- Validation ACC: 0.556 -- Validation F1: 0.600
2024-07-17,04:51:23 [INFO] Epoch: 25/30 -- Train Loss: 0.087 -- Validation Loss: 0.973 -- Validation ACC: 0.556 -- Validation F1: 0.600
2024-07-17,04:51:24 [INFO] Epoch: 26/30 -- Train Loss: 0.142 -- Validation Loss: 1.052 -- Validation ACC: 0.500 -- Validation F1: 0.571
2024-07-17,04:51:25 [INFO] Epoch: 27/30 -- Train Loss: 0.233 -- Validation Loss: 1.122 -- Validation ACC: 0.500 -- Validation F1: 0.571
2024-07-17,04:51:25 [INFO] Epoch: 28/30 -- Train Loss: 0.720 -- Validation Loss: 1.165 -- Validation ACC: 0.500 -- Validation F1: 0.571
2024-07-17,04:51:26 [INFO] Epoch: 29/30 -- Train Loss: 0.506 -- Validation Loss: 1.121 -- Validation ACC: 0.500 -- Validation F1: 0.571
2024-07-17,04:51:26 [INFO] Run 0/5: Average Over Last 6 epochs -- Valid ACC: 0.5185185185185185 -- Valid F1-score: 0.5809524059295654
2024-07-17,04:51:26 [INFO] Test Results of Run 0/5: -- Test Loss: 0.857 -- Test ACC: 0.730 -- Test F1: 0.805
2024-07-17,04:51:27 [INFO] Epoch: 0/30 -- Train Loss: 1.148 -- Validation Loss: 0.767 -- Validation ACC: 0.556 -- Validation F1: 0.600
2024-07-17,04:51:31 [INFO] Epoch: 10/30 -- Train Loss: 0.231 -- Validation Loss: 1.073 -- Validation ACC: 0.500 -- Validation F1: 0.571
2024-07-17,04:51:35 [INFO] Epoch: 20/30 -- Train Loss: 0.129 -- Validation Loss: 0.857 -- Validation ACC: 0.611 -- Validation F1: 0.632
2024-07-17,04:51:37 [INFO] Epoch: 24/30 -- Train Loss: 0.353 -- Validation Loss: 0.823 -- Validation ACC: 0.667 -- Validation F1: 0.667
2024-07-17,04:51:38 [INFO] Epoch: 25/30 -- Train Loss: 0.129 -- Validation Loss: 1.014 -- Validation ACC: 0.500 -- Validation F1: 0.571
2024-07-17,04:51:38 [INFO] Epoch: 26/30 -- Train Loss: 0.184 -- Validation Loss: 1.263 -- Validation ACC: 0.500 -- Validation F1: 0.571
2024-07-17,04:51:39 [INFO] Epoch: 27/30 -- Train Loss: 0.017 -- Validation Loss: 1.394 -- Validation ACC: 0.500 -- Validation F1: 0.571
2024-07-17,04:51:40 [INFO] Epoch: 28/30 -- Train Loss: 0.094 -- Validation Loss: 1.521 -- Validation ACC: 0.444 -- Validation F1: 0.545
2024-07-17,04:51:40 [INFO] Epoch: 29/30 -- Train Loss: 0.069 -- Validation Loss: 1.573 -- Validation ACC: 0.444 -- Validation F1: 0.545
2024-07-17,04:51:40 [INFO] Run 1/5: Average Over Last 6 epochs -- Valid ACC: 0.5092592592592592 -- Valid F1-score: 0.5786436001459757
2024-07-17,04:51:41 [INFO] Test Results of Run 1/5: -- Test Loss: 1.081 -- Test ACC: 0.696 -- Test F1: 0.800
2024-07-17,04:51:41 [INFO] Epoch: 0/30 -- Train Loss: 0.274 -- Validation Loss: 1.041 -- Validation ACC: 0.500 -- Validation F1: 0.571
2024-07-17,04:51:45 [INFO] Epoch: 10/30 -- Train Loss: 0.370 -- Validation Loss: 0.739 -- Validation ACC: 0.667 -- Validation F1: 0.667
2024-07-17,04:51:50 [INFO] Epoch: 20/30 -- Train Loss: 0.016 -- Validation Loss: 1.022 -- Validation ACC: 0.500 -- Validation F1: 0.571
2024-07-17,04:51:51 [INFO] Epoch: 24/30 -- Train Loss: 0.946 -- Validation Loss: 1.031 -- Validation ACC: 0.500 -- Validation F1: 0.571
2024-07-17,04:51:52 [INFO] Epoch: 25/30 -- Train Loss: 0.275 -- Validation Loss: 0.971 -- Validation ACC: 0.500 -- Validation F1: 0.571
2024-07-17,04:51:53 [INFO] Epoch: 26/30 -- Train Loss: 0.052 -- Validation Loss: 0.923 -- Validation ACC: 0.500 -- Validation F1: 0.571
2024-07-17,04:51:53 [INFO] Epoch: 27/30 -- Train Loss: 0.140 -- Validation Loss: 0.912 -- Validation ACC: 0.500 -- Validation F1: 0.571
2024-07-17,04:51:54 [INFO] Epoch: 28/30 -- Train Loss: 0.001 -- Validation Loss: 0.850 -- Validation ACC: 0.611 -- Validation F1: 0.632
2024-07-17,04:51:54 [INFO] Epoch: 29/30 -- Train Loss: 0.899 -- Validation Loss: 0.776 -- Validation ACC: 0.667 -- Validation F1: 0.667
2024-07-17,04:51:54 [INFO] Run 2/5: Average Over Last 6 epochs -- Valid ACC: 0.5462962962962963 -- Valid F1-score: 0.5973266661167145
2024-07-17,04:51:55 [INFO] Test Results of Run 2/5: -- Test Loss: 0.763 -- Test ACC: 0.713 -- Test F1: 0.781
2024-07-17,04:51:55 [INFO] Epoch: 0/30 -- Train Loss: 0.105 -- Validation Loss: 0.692 -- Validation ACC: 0.611 -- Validation F1: 0.588
2024-07-17,04:52:00 [INFO] Epoch: 10/30 -- Train Loss: 0.151 -- Validation Loss: 1.017 -- Validation ACC: 0.500 -- Validation F1: 0.571
2024-07-17,04:52:04 [INFO] Epoch: 20/30 -- Train Loss: 0.599 -- Validation Loss: 0.922 -- Validation ACC: 0.556 -- Validation F1: 0.600
2024-07-17,04:52:06 [INFO] Epoch: 24/30 -- Train Loss: 0.384 -- Validation Loss: 1.110 -- Validation ACC: 0.500 -- Validation F1: 0.571
2024-07-17,04:52:07 [INFO] Epoch: 25/30 -- Train Loss: 0.345 -- Validation Loss: 1.131 -- Validation ACC: 0.500 -- Validation F1: 0.571
2024-07-17,04:52:07 [INFO] Epoch: 26/30 -- Train Loss: 1.223 -- Validation Loss: 1.024 -- Validation ACC: 0.500 -- Validation F1: 0.571
2024-07-17,04:52:08 [INFO] Epoch: 27/30 -- Train Loss: 0.034 -- Validation Loss: 0.852 -- Validation ACC: 0.556 -- Validation F1: 0.600
2024-07-17,04:52:08 [INFO] Epoch: 28/30 -- Train Loss: 1.232 -- Validation Loss: 0.853 -- Validation ACC: 0.500 -- Validation F1: 0.571
2024-07-17,04:52:09 [INFO] Epoch: 29/30 -- Train Loss: 0.532 -- Validation Loss: 0.835 -- Validation ACC: 0.500 -- Validation F1: 0.571
2024-07-17,04:52:09 [INFO] Run 3/5: Average Over Last 6 epochs -- Valid ACC: 0.5092592592592592 -- Valid F1-score: 0.5761905014514923
2024-07-17,04:52:09 [INFO] Test Results of Run 3/5: -- Test Loss: 0.784 -- Test ACC: 0.704 -- Test F1: 0.776
2024-07-17,04:52:10 [INFO] Epoch: 0/30 -- Train Loss: 0.145 -- Validation Loss: 0.866 -- Validation ACC: 0.556 -- Validation F1: 0.600
2024-07-17,04:52:14 [INFO] Epoch: 10/30 -- Train Loss: 0.008 -- Validation Loss: 1.165 -- Validation ACC: 0.500 -- Validation F1: 0.571
2024-07-17,04:52:19 [INFO] Epoch: 20/30 -- Train Loss: 0.840 -- Validation Loss: 0.744 -- Validation ACC: 0.611 -- Validation F1: 0.632
2024-07-17,04:52:20 [INFO] Epoch: 24/30 -- Train Loss: 0.343 -- Validation Loss: 0.937 -- Validation ACC: 0.500 -- Validation F1: 0.571
2024-07-17,04:52:21 [INFO] Epoch: 25/30 -- Train Loss: 0.038 -- Validation Loss: 1.047 -- Validation ACC: 0.500 -- Validation F1: 0.571
2024-07-17,04:52:22 [INFO] Epoch: 26/30 -- Train Loss: 0.035 -- Validation Loss: 1.288 -- Validation ACC: 0.500 -- Validation F1: 0.571
2024-07-17,04:52:22 [INFO] Epoch: 27/30 -- Train Loss: 0.048 -- Validation Loss: 1.437 -- Validation ACC: 0.444 -- Validation F1: 0.545
2024-07-17,04:52:23 [INFO] Epoch: 28/30 -- Train Loss: 0.205 -- Validation Loss: 1.367 -- Validation ACC: 0.444 -- Validation F1: 0.545
2024-07-17,04:52:23 [INFO] Epoch: 29/30 -- Train Loss: 0.263 -- Validation Loss: 1.234 -- Validation ACC: 0.500 -- Validation F1: 0.571
2024-07-17,04:52:23 [INFO] Run 4/5: Average Over Last 6 epochs -- Valid ACC: 0.48148148148148145 -- Valid F1-score: 0.5627705852190653
2024-07-17,04:52:24 [INFO] Test Results of Run 4/5: -- Test Loss: 0.932 -- Test ACC: 0.713 -- Test F1: 0.802
2024-07-17,04:52:24 [INFO] Validation average after 5 runs -- ACC: 0.513 -- F1-score: 0.579
2024-07-17,04:52:24 [INFO] Test average after 5 runs -- ACC: 0.711 -- F1-score: 0.793
2024-07-17,04:52:24 [INFO] Finished round 4/10 of experiments!
2024-07-17,04:52:24 [INFO] Started round 5/10 of experiments!
2024-07-17,04:52:24 [INFO] Setting for pretraining: Model: {'gnn_type': 'gcn', 'in_channels': 56, 'hidden_channels': 512, 'out_channels': 2, 'num_layers': 3, 'dropout': 0.4, 'with_bn': False, 'with_head': True} -- Optimizer: {'lr': 0.01, 'scheduler_step_size': 50, 'scheduler_gamma': 0.5, 'weight_decay': 0.0} -- Training: {'n_epochs': 100}
2024-07-17,04:52:24 [INFO] Loading previous pretrained model at ./pretrained/GCN_Pretrained_2024-07-01-15-05-37.pth
2024-07-17,04:52:24 [INFO] Prompting method: flex_match -- Setting: Prompting function: gpf_plus -- Target Dataset: DHFR
2024-07-17,04:52:24 [INFO] Setting for prompt tuning: Prompt: {'emb_dim': 56, 'h_dim': 512, 'output_dim': 56, 'prompt_fn': 'gpf_plus', 'token_num': 50, 'cross_prune': 0.8, 'inner_prune': 0.3, 'attn_with_param': False} -- Pretrained Model: {'gnn_type': 'gcn', 'in_channels': 56, 'hidden_channels': 512, 'out_channels': 2, 'num_layers': 3, 'dropout': 0.4, 'with_bn': False, 'with_head': True} -- Optimizer: {'lr': 0.01, 'scheduler_step_size': 50, 'scheduler_gamma': 0.5, 'weight_decay': 0.2} -- Training: {'aug_type': 'feature', 'pos_aug_mode': 'mask', 'p_raug': 0.15, 'n_epochs': 30, 'r_reg': 0.0, 'soft_label': False, 'clutering_iters': 3, 'iterative_clustering': False, 'entropy_div_ratio': 3, 'w_entropy_loss': 0.0, 'w_softmax_loss': 0.0, 'w_domain_loss': 0.0, 'light_aug_prob': 0.1, 'light_aug_mode': 'mask', 'num_classes': 2, 'cut_off': 0.5}
2024-07-17,04:52:24 [INFO] Prompt tuning started: Num runs: 5 -- Eval step: 10
2024-07-17,04:52:24 [INFO] Pretrained GNN on Source Dataset -- Test Loss: 0.768 -- Test ACC: 0.687 -- Test F1-score: 0.684
2024-07-17,04:52:25 [INFO] Pretrained GNN on Target Dataset Without Prompting: -- Validation Loss: 0.232 -- Validation ACC: 0.889 -- Validation F1-score: 0.900 -- Test Loss: 0.871 -- Test ACC: 0.722 -- Test F1-score: 0.754
2024-07-17,04:52:25 [INFO] Epoch: 0/30 -- Train Loss: 0.022 -- Validation Loss: 0.254 -- Validation ACC: 0.889 -- Validation F1: 0.900
2024-07-17,04:52:30 [INFO] Epoch: 10/30 -- Train Loss: 0.308 -- Validation Loss: 0.239 -- Validation ACC: 0.889 -- Validation F1: 0.900
2024-07-17,04:52:34 [INFO] Epoch: 20/30 -- Train Loss: 0.015 -- Validation Loss: 0.260 -- Validation ACC: 0.833 -- Validation F1: 0.824
2024-07-17,04:52:36 [INFO] Epoch: 24/30 -- Train Loss: 0.030 -- Validation Loss: 0.239 -- Validation ACC: 0.889 -- Validation F1: 0.889
2024-07-17,04:52:36 [INFO] Epoch: 25/30 -- Train Loss: 0.558 -- Validation Loss: 0.230 -- Validation ACC: 0.889 -- Validation F1: 0.900
2024-07-17,04:52:37 [INFO] Epoch: 26/30 -- Train Loss: 0.679 -- Validation Loss: 0.234 -- Validation ACC: 0.889 -- Validation F1: 0.900
2024-07-17,04:52:38 [INFO] Epoch: 27/30 -- Train Loss: 0.066 -- Validation Loss: 0.237 -- Validation ACC: 0.889 -- Validation F1: 0.900
2024-07-17,04:52:38 [INFO] Epoch: 28/30 -- Train Loss: 0.032 -- Validation Loss: 0.246 -- Validation ACC: 0.889 -- Validation F1: 0.900
2024-07-17,04:52:39 [INFO] Epoch: 29/30 -- Train Loss: 0.368 -- Validation Loss: 0.244 -- Validation ACC: 0.889 -- Validation F1: 0.900
2024-07-17,04:52:39 [INFO] Run 0/5: Average Over Last 6 epochs -- Valid ACC: 0.888888888888889 -- Valid F1-score: 0.8981481293837229
2024-07-17,04:52:39 [INFO] Test Results of Run 0/5: -- Test Loss: 0.899 -- Test ACC: 0.722 -- Test F1: 0.765
2024-07-17,04:52:40 [INFO] Epoch: 0/30 -- Train Loss: 0.350 -- Validation Loss: 0.233 -- Validation ACC: 0.889 -- Validation F1: 0.900
2024-07-17,04:52:44 [INFO] Epoch: 10/30 -- Train Loss: 0.670 -- Validation Loss: 0.227 -- Validation ACC: 0.889 -- Validation F1: 0.900
2024-07-17,04:52:48 [INFO] Epoch: 20/30 -- Train Loss: 0.006 -- Validation Loss: 0.266 -- Validation ACC: 0.833 -- Validation F1: 0.824
2024-07-17,04:52:50 [INFO] Epoch: 24/30 -- Train Loss: 0.250 -- Validation Loss: 0.247 -- Validation ACC: 0.889 -- Validation F1: 0.900
2024-07-17,04:52:51 [INFO] Epoch: 25/30 -- Train Loss: 0.318 -- Validation Loss: 0.245 -- Validation ACC: 0.889 -- Validation F1: 0.900
2024-07-17,04:52:51 [INFO] Epoch: 26/30 -- Train Loss: 0.408 -- Validation Loss: 0.248 -- Validation ACC: 0.889 -- Validation F1: 0.900
2024-07-17,04:52:52 [INFO] Epoch: 27/30 -- Train Loss: 0.144 -- Validation Loss: 0.267 -- Validation ACC: 0.833 -- Validation F1: 0.824
2024-07-17,04:52:53 [INFO] Epoch: 28/30 -- Train Loss: 0.544 -- Validation Loss: 0.281 -- Validation ACC: 0.778 -- Validation F1: 0.750
2024-07-17,04:52:53 [INFO] Epoch: 29/30 -- Train Loss: 0.317 -- Validation Loss: 0.282 -- Validation ACC: 0.778 -- Validation F1: 0.750
2024-07-17,04:52:53 [INFO] Run 1/5: Average Over Last 6 epochs -- Valid ACC: 0.8425925925925926 -- Valid F1-score: 0.8372548917929331
2024-07-17,04:52:53 [INFO] Test Results of Run 1/5: -- Test Loss: 0.864 -- Test ACC: 0.678 -- Test F1: 0.704
2024-07-17,04:52:54 [INFO] Epoch: 0/30 -- Train Loss: 0.185 -- Validation Loss: 0.245 -- Validation ACC: 0.889 -- Validation F1: 0.889
2024-07-17,04:52:59 [INFO] Epoch: 10/30 -- Train Loss: 0.382 -- Validation Loss: 0.243 -- Validation ACC: 0.833 -- Validation F1: 0.842
2024-07-17,04:53:04 [INFO] Epoch: 20/30 -- Train Loss: 0.038 -- Validation Loss: 0.231 -- Validation ACC: 0.889 -- Validation F1: 0.900
2024-07-17,04:53:05 [INFO] Epoch: 24/30 -- Train Loss: 1.285 -- Validation Loss: 0.238 -- Validation ACC: 0.889 -- Validation F1: 0.900
2024-07-17,04:53:06 [INFO] Epoch: 25/30 -- Train Loss: 0.055 -- Validation Loss: 0.229 -- Validation ACC: 0.889 -- Validation F1: 0.900
2024-07-17,04:53:07 [INFO] Epoch: 26/30 -- Train Loss: 0.238 -- Validation Loss: 0.229 -- Validation ACC: 0.889 -- Validation F1: 0.900
2024-07-17,04:53:07 [INFO] Epoch: 27/30 -- Train Loss: 0.214 -- Validation Loss: 0.230 -- Validation ACC: 0.889 -- Validation F1: 0.900
2024-07-17,04:53:08 [INFO] Epoch: 28/30 -- Train Loss: 0.352 -- Validation Loss: 0.233 -- Validation ACC: 0.889 -- Validation F1: 0.900
2024-07-17,04:53:08 [INFO] Epoch: 29/30 -- Train Loss: 0.000 -- Validation Loss: 0.241 -- Validation ACC: 0.889 -- Validation F1: 0.900
2024-07-17,04:53:08 [INFO] Run 2/5: Average Over Last 6 epochs -- Valid ACC: 0.888888888888889 -- Valid F1-score: 0.8999999761581421
2024-07-17,04:53:09 [INFO] Test Results of Run 2/5: -- Test Loss: 0.874 -- Test ACC: 0.704 -- Test F1: 0.734
2024-07-17,04:53:09 [INFO] Epoch: 0/30 -- Train Loss: 0.795 -- Validation Loss: 0.230 -- Validation ACC: 0.889 -- Validation F1: 0.900
2024-07-17,04:53:14 [INFO] Epoch: 10/30 -- Train Loss: 0.095 -- Validation Loss: 0.248 -- Validation ACC: 0.833 -- Validation F1: 0.824
2024-07-17,04:53:18 [INFO] Epoch: 20/30 -- Train Loss: 0.090 -- Validation Loss: 0.234 -- Validation ACC: 0.889 -- Validation F1: 0.900
2024-07-17,04:53:20 [INFO] Epoch: 24/30 -- Train Loss: 0.398 -- Validation Loss: 0.239 -- Validation ACC: 0.833 -- Validation F1: 0.842
2024-07-17,04:53:20 [INFO] Epoch: 25/30 -- Train Loss: 0.001 -- Validation Loss: 0.238 -- Validation ACC: 0.889 -- Validation F1: 0.900
2024-07-17,04:53:21 [INFO] Epoch: 26/30 -- Train Loss: 0.565 -- Validation Loss: 0.236 -- Validation ACC: 0.889 -- Validation F1: 0.900
2024-07-17,04:53:21 [INFO] Epoch: 27/30 -- Train Loss: 0.027 -- Validation Loss: 0.235 -- Validation ACC: 0.889 -- Validation F1: 0.900
2024-07-17,04:53:22 [INFO] Epoch: 28/30 -- Train Loss: 0.251 -- Validation Loss: 0.236 -- Validation ACC: 0.889 -- Validation F1: 0.900
2024-07-17,04:53:23 [INFO] Epoch: 29/30 -- Train Loss: 0.300 -- Validation Loss: 0.240 -- Validation ACC: 0.889 -- Validation F1: 0.900
2024-07-17,04:53:23 [INFO] Run 3/5: Average Over Last 6 epochs -- Valid ACC: 0.8796296296296298 -- Valid F1-score: 0.890350858370463
2024-07-17,04:53:23 [INFO] Test Results of Run 3/5: -- Test Loss: 0.895 -- Test ACC: 0.722 -- Test F1: 0.765
2024-07-17,04:53:23 [INFO] Epoch: 0/30 -- Train Loss: 0.687 -- Validation Loss: 0.247 -- Validation ACC: 0.833 -- Validation F1: 0.824
2024-07-17,04:53:28 [INFO] Epoch: 10/30 -- Train Loss: 1.189 -- Validation Loss: 0.248 -- Validation ACC: 0.833 -- Validation F1: 0.842
2024-07-17,04:53:32 [INFO] Epoch: 20/30 -- Train Loss: 0.301 -- Validation Loss: 0.244 -- Validation ACC: 0.889 -- Validation F1: 0.900
2024-07-17,04:53:34 [INFO] Epoch: 24/30 -- Train Loss: 0.094 -- Validation Loss: 0.234 -- Validation ACC: 0.889 -- Validation F1: 0.900
2024-07-17,04:53:35 [INFO] Epoch: 25/30 -- Train Loss: 0.445 -- Validation Loss: 0.234 -- Validation ACC: 0.889 -- Validation F1: 0.900
2024-07-17,04:53:35 [INFO] Epoch: 26/30 -- Train Loss: 0.292 -- Validation Loss: 0.241 -- Validation ACC: 0.889 -- Validation F1: 0.900
2024-07-17,04:53:36 [INFO] Epoch: 27/30 -- Train Loss: 0.974 -- Validation Loss: 0.266 -- Validation ACC: 0.833 -- Validation F1: 0.824
2024-07-17,04:53:37 [INFO] Epoch: 28/30 -- Train Loss: 0.318 -- Validation Loss: 0.267 -- Validation ACC: 0.833 -- Validation F1: 0.824
2024-07-17,04:53:37 [INFO] Epoch: 29/30 -- Train Loss: 0.550 -- Validation Loss: 0.255 -- Validation ACC: 0.833 -- Validation F1: 0.824
2024-07-17,04:53:37 [INFO] Run 4/5: Average Over Last 6 epochs -- Valid ACC: 0.861111111111111 -- Valid F1-score: 0.8617646992206573
2024-07-17,04:53:38 [INFO] Test Results of Run 4/5: -- Test Loss: 0.865 -- Test ACC: 0.678 -- Test F1: 0.704
2024-07-17,04:53:38 [INFO] Validation average after 5 runs -- ACC: 0.872 -- F1-score: 0.878
2024-07-17,04:53:38 [INFO] Test average after 5 runs -- ACC: 0.701 -- F1-score: 0.734
2024-07-17,04:53:38 [INFO] Finished round 5/10 of experiments!
2024-07-17,04:53:38 [INFO] Started round 6/10 of experiments!
2024-07-17,04:53:38 [INFO] Loading previous pretrained model at ./pretrained/GCN_Pretrained_2024-07-01-15-07-56.pth
2024-07-17,04:53:38 [INFO] Pretrained GNN on Source Dataset -- Test Loss: 0.661 -- Test ACC: 0.626 -- Test F1-score: 0.770
2024-07-17,04:53:39 [INFO] Pretrained GNN on Target Dataset Without Prompting: -- Validation Loss: 0.641 -- Validation ACC: 0.667 -- Validation F1-score: 0.800 -- Test Loss: 0.687 -- Test ACC: 0.574 -- Test F1-score: 0.729
2024-07-17,04:53:39 [INFO] Epoch: 0/30 -- Train Loss: 0.579 -- Validation Loss: 0.641 -- Validation ACC: 0.667 -- Validation F1: 0.800
2024-07-17,04:53:44 [INFO] Epoch: 10/30 -- Train Loss: 0.579 -- Validation Loss: 0.641 -- Validation ACC: 0.667 -- Validation F1: 0.800
2024-07-17,04:53:48 [INFO] Epoch: 20/30 -- Train Loss: 0.579 -- Validation Loss: 0.641 -- Validation ACC: 0.667 -- Validation F1: 0.800
2024-07-17,04:53:50 [INFO] Epoch: 24/30 -- Train Loss: 0.579 -- Validation Loss: 0.641 -- Validation ACC: 0.667 -- Validation F1: 0.800
2024-07-17,04:53:50 [INFO] Epoch: 25/30 -- Train Loss: 0.579 -- Validation Loss: 0.641 -- Validation ACC: 0.667 -- Validation F1: 0.800
2024-07-17,04:53:51 [INFO] Epoch: 26/30 -- Train Loss: 0.579 -- Validation Loss: 0.641 -- Validation ACC: 0.667 -- Validation F1: 0.800
2024-07-17,04:53:51 [INFO] Epoch: 27/30 -- Train Loss: 0.579 -- Validation Loss: 0.641 -- Validation ACC: 0.667 -- Validation F1: 0.800
2024-07-17,04:53:52 [INFO] Epoch: 28/30 -- Train Loss: 0.579 -- Validation Loss: 0.641 -- Validation ACC: 0.667 -- Validation F1: 0.800
2024-07-17,04:53:53 [INFO] Epoch: 29/30 -- Train Loss: 0.579 -- Validation Loss: 0.641 -- Validation ACC: 0.667 -- Validation F1: 0.800
2024-07-17,04:53:53 [INFO] Run 0/5: Average Over Last 6 epochs -- Valid ACC: 0.6666666666666666 -- Valid F1-score: 0.800000011920929
2024-07-17,04:53:53 [INFO] Test Results of Run 0/5: -- Test Loss: 0.687 -- Test ACC: 0.574 -- Test F1: 0.729
2024-07-17,04:53:53 [INFO] Epoch: 0/30 -- Train Loss: 0.579 -- Validation Loss: 0.641 -- Validation ACC: 0.667 -- Validation F1: 0.800
2024-07-17,04:53:58 [INFO] Epoch: 10/30 -- Train Loss: 0.579 -- Validation Loss: 0.641 -- Validation ACC: 0.667 -- Validation F1: 0.800
2024-07-17,04:54:02 [INFO] Epoch: 20/30 -- Train Loss: 0.579 -- Validation Loss: 0.641 -- Validation ACC: 0.667 -- Validation F1: 0.800
2024-07-17,04:54:04 [INFO] Epoch: 24/30 -- Train Loss: 0.579 -- Validation Loss: 0.641 -- Validation ACC: 0.667 -- Validation F1: 0.800
2024-07-17,04:54:04 [INFO] Epoch: 25/30 -- Train Loss: 0.579 -- Validation Loss: 0.641 -- Validation ACC: 0.667 -- Validation F1: 0.800
2024-07-17,04:54:05 [INFO] Epoch: 26/30 -- Train Loss: 0.579 -- Validation Loss: 0.641 -- Validation ACC: 0.667 -- Validation F1: 0.800
2024-07-17,04:54:06 [INFO] Epoch: 27/30 -- Train Loss: 0.579 -- Validation Loss: 0.641 -- Validation ACC: 0.667 -- Validation F1: 0.800
2024-07-17,04:54:06 [INFO] Epoch: 28/30 -- Train Loss: 0.579 -- Validation Loss: 0.641 -- Validation ACC: 0.667 -- Validation F1: 0.800
2024-07-17,04:54:07 [INFO] Epoch: 29/30 -- Train Loss: 0.579 -- Validation Loss: 0.641 -- Validation ACC: 0.667 -- Validation F1: 0.800
2024-07-17,04:54:07 [INFO] Run 1/5: Average Over Last 6 epochs -- Valid ACC: 0.6666666666666666 -- Valid F1-score: 0.800000011920929
2024-07-17,04:54:07 [INFO] Test Results of Run 1/5: -- Test Loss: 0.687 -- Test ACC: 0.574 -- Test F1: 0.729
2024-07-17,04:54:08 [INFO] Epoch: 0/30 -- Train Loss: 0.579 -- Validation Loss: 0.641 -- Validation ACC: 0.667 -- Validation F1: 0.800
2024-07-17,04:54:12 [INFO] Epoch: 10/30 -- Train Loss: 0.579 -- Validation Loss: 0.641 -- Validation ACC: 0.667 -- Validation F1: 0.800
2024-07-17,04:54:16 [INFO] Epoch: 20/30 -- Train Loss: 0.579 -- Validation Loss: 0.641 -- Validation ACC: 0.667 -- Validation F1: 0.800
2024-07-17,04:54:18 [INFO] Epoch: 24/30 -- Train Loss: 0.579 -- Validation Loss: 0.641 -- Validation ACC: 0.667 -- Validation F1: 0.800
2024-07-17,04:54:19 [INFO] Epoch: 25/30 -- Train Loss: 0.579 -- Validation Loss: 0.641 -- Validation ACC: 0.667 -- Validation F1: 0.800
2024-07-17,04:54:19 [INFO] Epoch: 26/30 -- Train Loss: 0.579 -- Validation Loss: 0.641 -- Validation ACC: 0.667 -- Validation F1: 0.800
2024-07-17,04:54:20 [INFO] Epoch: 27/30 -- Train Loss: 0.579 -- Validation Loss: 0.641 -- Validation ACC: 0.667 -- Validation F1: 0.800
2024-07-17,04:54:21 [INFO] Epoch: 28/30 -- Train Loss: 0.579 -- Validation Loss: 0.641 -- Validation ACC: 0.667 -- Validation F1: 0.800
2024-07-17,04:54:21 [INFO] Epoch: 29/30 -- Train Loss: 0.579 -- Validation Loss: 0.641 -- Validation ACC: 0.667 -- Validation F1: 0.800
2024-07-17,04:54:21 [INFO] Run 2/5: Average Over Last 6 epochs -- Valid ACC: 0.6666666666666666 -- Valid F1-score: 0.800000011920929
2024-07-17,04:54:21 [INFO] Test Results of Run 2/5: -- Test Loss: 0.687 -- Test ACC: 0.574 -- Test F1: 0.729
2024-07-17,04:54:22 [INFO] Epoch: 0/30 -- Train Loss: 0.579 -- Validation Loss: 0.641 -- Validation ACC: 0.667 -- Validation F1: 0.800
2024-07-17,04:54:26 [INFO] Epoch: 10/30 -- Train Loss: 0.579 -- Validation Loss: 0.641 -- Validation ACC: 0.667 -- Validation F1: 0.800
2024-07-17,04:54:30 [INFO] Epoch: 20/30 -- Train Loss: 0.579 -- Validation Loss: 0.641 -- Validation ACC: 0.667 -- Validation F1: 0.800
2024-07-17,04:54:32 [INFO] Epoch: 24/30 -- Train Loss: 0.579 -- Validation Loss: 0.641 -- Validation ACC: 0.667 -- Validation F1: 0.800
2024-07-17,04:54:33 [INFO] Epoch: 25/30 -- Train Loss: 0.579 -- Validation Loss: 0.641 -- Validation ACC: 0.667 -- Validation F1: 0.800
2024-07-17,04:54:34 [INFO] Epoch: 26/30 -- Train Loss: 0.579 -- Validation Loss: 0.641 -- Validation ACC: 0.667 -- Validation F1: 0.800
2024-07-17,04:54:34 [INFO] Epoch: 27/30 -- Train Loss: 0.579 -- Validation Loss: 0.641 -- Validation ACC: 0.667 -- Validation F1: 0.800
2024-07-17,04:54:35 [INFO] Epoch: 28/30 -- Train Loss: 0.579 -- Validation Loss: 0.641 -- Validation ACC: 0.667 -- Validation F1: 0.800
2024-07-17,04:54:35 [INFO] Epoch: 29/30 -- Train Loss: 0.579 -- Validation Loss: 0.641 -- Validation ACC: 0.667 -- Validation F1: 0.800
2024-07-17,04:54:35 [INFO] Run 3/5: Average Over Last 6 epochs -- Valid ACC: 0.6666666666666666 -- Valid F1-score: 0.800000011920929
2024-07-17,04:54:36 [INFO] Test Results of Run 3/5: -- Test Loss: 0.687 -- Test ACC: 0.574 -- Test F1: 0.729
2024-07-17,04:54:36 [INFO] Epoch: 0/30 -- Train Loss: 0.579 -- Validation Loss: 0.641 -- Validation ACC: 0.667 -- Validation F1: 0.800
2024-07-17,04:54:41 [INFO] Epoch: 10/30 -- Train Loss: 0.579 -- Validation Loss: 0.641 -- Validation ACC: 0.667 -- Validation F1: 0.800
2024-07-17,04:54:45 [INFO] Epoch: 20/30 -- Train Loss: 0.579 -- Validation Loss: 0.641 -- Validation ACC: 0.667 -- Validation F1: 0.800
2024-07-17,04:54:47 [INFO] Epoch: 24/30 -- Train Loss: 0.579 -- Validation Loss: 0.641 -- Validation ACC: 0.667 -- Validation F1: 0.800
2024-07-17,04:54:47 [INFO] Epoch: 25/30 -- Train Loss: 0.579 -- Validation Loss: 0.641 -- Validation ACC: 0.667 -- Validation F1: 0.800
2024-07-17,04:54:48 [INFO] Epoch: 26/30 -- Train Loss: 0.579 -- Validation Loss: 0.641 -- Validation ACC: 0.667 -- Validation F1: 0.800
2024-07-17,04:54:49 [INFO] Epoch: 27/30 -- Train Loss: 0.579 -- Validation Loss: 0.641 -- Validation ACC: 0.667 -- Validation F1: 0.800
2024-07-17,04:54:49 [INFO] Epoch: 28/30 -- Train Loss: 0.579 -- Validation Loss: 0.641 -- Validation ACC: 0.667 -- Validation F1: 0.800
2024-07-17,04:54:50 [INFO] Epoch: 29/30 -- Train Loss: 0.579 -- Validation Loss: 0.641 -- Validation ACC: 0.667 -- Validation F1: 0.800
2024-07-17,04:54:50 [INFO] Run 4/5: Average Over Last 6 epochs -- Valid ACC: 0.6666666666666666 -- Valid F1-score: 0.800000011920929
2024-07-17,04:54:50 [INFO] Test Results of Run 4/5: -- Test Loss: 0.687 -- Test ACC: 0.574 -- Test F1: 0.729
2024-07-17,04:54:50 [INFO] Validation average after 5 runs -- ACC: 0.667 -- F1-score: 0.800
2024-07-17,04:54:50 [INFO] Test average after 5 runs -- ACC: 0.574 -- F1-score: 0.729
2024-07-17,04:54:50 [INFO] Finished round 6/10 of experiments!
2024-07-17,04:54:50 [INFO] Started round 7/10 of experiments!
2024-07-17,04:54:50 [INFO] Loading previous pretrained model at ./pretrained/GCN_Pretrained_2024-07-01-15-10-20.pth
2024-07-17,04:54:51 [INFO] Pretrained GNN on Source Dataset -- Test Loss: 0.642 -- Test ACC: 0.670 -- Test F1-score: 0.708
2024-07-17,04:54:51 [INFO] Pretrained GNN on Target Dataset Without Prompting: -- Validation Loss: 0.357 -- Validation ACC: 0.833 -- Validation F1-score: 0.870 -- Test Loss: 0.708 -- Test ACC: 0.609 -- Test F1-score: 0.640
2024-07-17,04:54:52 [INFO] Epoch: 0/30 -- Train Loss: 0.459 -- Validation Loss: 0.358 -- Validation ACC: 0.833 -- Validation F1: 0.870
2024-07-17,04:54:56 [INFO] Epoch: 10/30 -- Train Loss: 0.536 -- Validation Loss: 0.338 -- Validation ACC: 0.833 -- Validation F1: 0.870
2024-07-17,04:55:00 [INFO] Epoch: 20/30 -- Train Loss: 0.442 -- Validation Loss: 0.342 -- Validation ACC: 0.833 -- Validation F1: 0.870
2024-07-17,04:55:02 [INFO] Epoch: 24/30 -- Train Loss: 0.156 -- Validation Loss: 0.332 -- Validation ACC: 0.833 -- Validation F1: 0.870
2024-07-17,04:55:03 [INFO] Epoch: 25/30 -- Train Loss: 0.272 -- Validation Loss: 0.297 -- Validation ACC: 0.833 -- Validation F1: 0.880
2024-07-17,04:55:03 [INFO] Epoch: 26/30 -- Train Loss: 1.059 -- Validation Loss: 0.293 -- Validation ACC: 0.833 -- Validation F1: 0.880
2024-07-17,04:55:04 [INFO] Epoch: 27/30 -- Train Loss: 0.211 -- Validation Loss: 0.300 -- Validation ACC: 0.778 -- Validation F1: 0.833
2024-07-17,04:55:04 [INFO] Epoch: 28/30 -- Train Loss: 0.583 -- Validation Loss: 0.321 -- Validation ACC: 0.833 -- Validation F1: 0.870
2024-07-17,04:55:05 [INFO] Epoch: 29/30 -- Train Loss: 0.441 -- Validation Loss: 0.331 -- Validation ACC: 0.833 -- Validation F1: 0.870
2024-07-17,04:55:05 [INFO] Run 0/5: Average Over Last 6 epochs -- Valid ACC: 0.824074074074074 -- Valid F1-score: 0.8670048117637634
2024-07-17,04:55:05 [INFO] Test Results of Run 0/5: -- Test Loss: 0.708 -- Test ACC: 0.617 -- Test F1: 0.656
2024-07-17,04:55:06 [INFO] Epoch: 0/30 -- Train Loss: 0.700 -- Validation Loss: 0.320 -- Validation ACC: 0.833 -- Validation F1: 0.870
2024-07-17,04:55:10 [INFO] Epoch: 10/30 -- Train Loss: 0.028 -- Validation Loss: 0.376 -- Validation ACC: 0.778 -- Validation F1: 0.818
2024-07-17,04:55:15 [INFO] Epoch: 20/30 -- Train Loss: 0.061 -- Validation Loss: 0.295 -- Validation ACC: 0.833 -- Validation F1: 0.880
2024-07-17,04:55:17 [INFO] Epoch: 24/30 -- Train Loss: 0.286 -- Validation Loss: 0.313 -- Validation ACC: 0.833 -- Validation F1: 0.870
2024-07-17,04:55:17 [INFO] Epoch: 25/30 -- Train Loss: 0.669 -- Validation Loss: 0.313 -- Validation ACC: 0.833 -- Validation F1: 0.870
2024-07-17,04:55:18 [INFO] Epoch: 26/30 -- Train Loss: 0.946 -- Validation Loss: 0.335 -- Validation ACC: 0.833 -- Validation F1: 0.870
2024-07-17,04:55:18 [INFO] Epoch: 27/30 -- Train Loss: 0.716 -- Validation Loss: 0.369 -- Validation ACC: 0.833 -- Validation F1: 0.870
2024-07-17,04:55:19 [INFO] Epoch: 28/30 -- Train Loss: 0.379 -- Validation Loss: 0.368 -- Validation ACC: 0.833 -- Validation F1: 0.870
2024-07-17,04:55:20 [INFO] Epoch: 29/30 -- Train Loss: 0.789 -- Validation Loss: 0.347 -- Validation ACC: 0.833 -- Validation F1: 0.870
2024-07-17,04:55:20 [INFO] Run 1/5: Average Over Last 6 epochs -- Valid ACC: 0.8333333333333334 -- Valid F1-score: 0.8695651888847351
2024-07-17,04:55:20 [INFO] Test Results of Run 1/5: -- Test Loss: 0.705 -- Test ACC: 0.609 -- Test F1: 0.640
2024-07-17,04:55:20 [INFO] Epoch: 0/30 -- Train Loss: 0.288 -- Validation Loss: 0.345 -- Validation ACC: 0.833 -- Validation F1: 0.870
2024-07-17,04:55:25 [INFO] Epoch: 10/30 -- Train Loss: 0.440 -- Validation Loss: 0.354 -- Validation ACC: 0.833 -- Validation F1: 0.870
2024-07-17,04:55:29 [INFO] Epoch: 20/30 -- Train Loss: 0.461 -- Validation Loss: 0.360 -- Validation ACC: 0.833 -- Validation F1: 0.870
2024-07-17,04:55:31 [INFO] Epoch: 24/30 -- Train Loss: 0.035 -- Validation Loss: 0.297 -- Validation ACC: 0.833 -- Validation F1: 0.880
2024-07-17,04:55:31 [INFO] Epoch: 25/30 -- Train Loss: 0.129 -- Validation Loss: 0.298 -- Validation ACC: 0.833 -- Validation F1: 0.880
2024-07-17,04:55:32 [INFO] Epoch: 26/30 -- Train Loss: 0.583 -- Validation Loss: 0.294 -- Validation ACC: 0.833 -- Validation F1: 0.880
2024-07-17,04:55:32 [INFO] Epoch: 27/30 -- Train Loss: 0.582 -- Validation Loss: 0.292 -- Validation ACC: 0.833 -- Validation F1: 0.880
2024-07-17,04:55:33 [INFO] Epoch: 28/30 -- Train Loss: 0.288 -- Validation Loss: 0.290 -- Validation ACC: 0.833 -- Validation F1: 0.880
2024-07-17,04:55:34 [INFO] Epoch: 29/30 -- Train Loss: 0.749 -- Validation Loss: 0.284 -- Validation ACC: 0.833 -- Validation F1: 0.880
2024-07-17,04:55:34 [INFO] Run 2/5: Average Over Last 6 epochs -- Valid ACC: 0.8333333333333334 -- Valid F1-score: 0.8799999952316284
2024-07-17,04:55:34 [INFO] Test Results of Run 2/5: -- Test Loss: 0.735 -- Test ACC: 0.626 -- Test F1: 0.686
2024-07-17,04:55:34 [INFO] Epoch: 0/30 -- Train Loss: 0.439 -- Validation Loss: 0.395 -- Validation ACC: 0.778 -- Validation F1: 0.818
2024-07-17,04:55:39 [INFO] Epoch: 10/30 -- Train Loss: 0.567 -- Validation Loss: 0.272 -- Validation ACC: 0.833 -- Validation F1: 0.880
2024-07-17,04:55:43 [INFO] Epoch: 20/30 -- Train Loss: 0.334 -- Validation Loss: 0.291 -- Validation ACC: 0.833 -- Validation F1: 0.880
2024-07-17,04:55:45 [INFO] Epoch: 24/30 -- Train Loss: 0.124 -- Validation Loss: 0.352 -- Validation ACC: 0.833 -- Validation F1: 0.870
2024-07-17,04:55:46 [INFO] Epoch: 25/30 -- Train Loss: 0.245 -- Validation Loss: 0.348 -- Validation ACC: 0.833 -- Validation F1: 0.870
2024-07-17,04:55:46 [INFO] Epoch: 26/30 -- Train Loss: 0.448 -- Validation Loss: 0.360 -- Validation ACC: 0.833 -- Validation F1: 0.870
2024-07-17,04:55:47 [INFO] Epoch: 27/30 -- Train Loss: 0.504 -- Validation Loss: 0.361 -- Validation ACC: 0.833 -- Validation F1: 0.870
2024-07-17,04:55:47 [INFO] Epoch: 28/30 -- Train Loss: 0.825 -- Validation Loss: 0.352 -- Validation ACC: 0.833 -- Validation F1: 0.870
2024-07-17,04:55:48 [INFO] Epoch: 29/30 -- Train Loss: 0.637 -- Validation Loss: 0.353 -- Validation ACC: 0.833 -- Validation F1: 0.870
2024-07-17,04:55:48 [INFO] Run 3/5: Average Over Last 6 epochs -- Valid ACC: 0.8333333333333334 -- Valid F1-score: 0.8695651888847351
2024-07-17,04:55:48 [INFO] Test Results of Run 3/5: -- Test Loss: 0.706 -- Test ACC: 0.609 -- Test F1: 0.640
2024-07-17,04:55:49 [INFO] Epoch: 0/30 -- Train Loss: 0.775 -- Validation Loss: 0.356 -- Validation ACC: 0.833 -- Validation F1: 0.870
2024-07-17,04:55:53 [INFO] Epoch: 10/30 -- Train Loss: 0.842 -- Validation Loss: 0.288 -- Validation ACC: 0.833 -- Validation F1: 0.880
2024-07-17,04:55:58 [INFO] Epoch: 20/30 -- Train Loss: 0.419 -- Validation Loss: 0.302 -- Validation ACC: 0.889 -- Validation F1: 0.917
2024-07-17,04:56:00 [INFO] Epoch: 24/30 -- Train Loss: 0.541 -- Validation Loss: 0.323 -- Validation ACC: 0.833 -- Validation F1: 0.870
2024-07-17,04:56:00 [INFO] Epoch: 25/30 -- Train Loss: 0.429 -- Validation Loss: 0.341 -- Validation ACC: 0.833 -- Validation F1: 0.870
2024-07-17,04:56:01 [INFO] Epoch: 26/30 -- Train Loss: 0.615 -- Validation Loss: 0.358 -- Validation ACC: 0.833 -- Validation F1: 0.870
2024-07-17,04:56:02 [INFO] Epoch: 27/30 -- Train Loss: 0.520 -- Validation Loss: 0.361 -- Validation ACC: 0.833 -- Validation F1: 0.870
2024-07-17,04:56:02 [INFO] Epoch: 28/30 -- Train Loss: 0.557 -- Validation Loss: 0.364 -- Validation ACC: 0.833 -- Validation F1: 0.870
2024-07-17,04:56:03 [INFO] Epoch: 29/30 -- Train Loss: 0.435 -- Validation Loss: 0.359 -- Validation ACC: 0.833 -- Validation F1: 0.870
2024-07-17,04:56:03 [INFO] Run 4/5: Average Over Last 6 epochs -- Valid ACC: 0.8333333333333334 -- Valid F1-score: 0.8695651888847351
2024-07-17,04:56:03 [INFO] Test Results of Run 4/5: -- Test Loss: 0.704 -- Test ACC: 0.617 -- Test F1: 0.645
2024-07-17,04:56:03 [INFO] Validation average after 5 runs -- ACC: 0.831 -- F1-score: 0.871
2024-07-17,04:56:03 [INFO] Test average after 5 runs -- ACC: 0.616 -- F1-score: 0.654
2024-07-17,04:56:03 [INFO] Finished round 7/10 of experiments!
2024-07-17,04:56:03 [INFO] Started round 8/10 of experiments!
2024-07-17,04:56:04 [INFO] Loading previous pretrained model at ./pretrained/GCN_Pretrained_2024-07-01-15-12-47.pth
2024-07-17,04:56:04 [INFO] Pretrained GNN on Source Dataset -- Test Loss: 0.883 -- Test ACC: 0.696 -- Test F1-score: 0.733
2024-07-17,04:56:04 [INFO] Pretrained GNN on Target Dataset Without Prompting: -- Validation Loss: 0.933 -- Validation ACC: 0.833 -- Validation F1-score: 0.889 -- Test Loss: 1.174 -- Test ACC: 0.652 -- Test F1-score: 0.714
2024-07-17,04:56:05 [INFO] Epoch: 0/30 -- Train Loss: 0.856 -- Validation Loss: 0.986 -- Validation ACC: 0.778 -- Validation F1: 0.846
2024-07-17,04:56:09 [INFO] Epoch: 10/30 -- Train Loss: 0.605 -- Validation Loss: 0.925 -- Validation ACC: 0.833 -- Validation F1: 0.889
2024-07-17,04:56:13 [INFO] Epoch: 20/30 -- Train Loss: 0.518 -- Validation Loss: 0.965 -- Validation ACC: 0.778 -- Validation F1: 0.833
2024-07-17,04:56:15 [INFO] Epoch: 24/30 -- Train Loss: 0.706 -- Validation Loss: 0.931 -- Validation ACC: 0.833 -- Validation F1: 0.889
2024-07-17,04:56:16 [INFO] Epoch: 25/30 -- Train Loss: 0.646 -- Validation Loss: 0.931 -- Validation ACC: 0.833 -- Validation F1: 0.889
2024-07-17,04:56:17 [INFO] Epoch: 26/30 -- Train Loss: 0.467 -- Validation Loss: 0.937 -- Validation ACC: 0.833 -- Validation F1: 0.889
2024-07-17,04:56:17 [INFO] Epoch: 27/30 -- Train Loss: 0.360 -- Validation Loss: 0.945 -- Validation ACC: 0.833 -- Validation F1: 0.889
2024-07-17,04:56:18 [INFO] Epoch: 28/30 -- Train Loss: 0.388 -- Validation Loss: 0.951 -- Validation ACC: 0.833 -- Validation F1: 0.889
2024-07-17,04:56:18 [INFO] Epoch: 29/30 -- Train Loss: 0.255 -- Validation Loss: 0.958 -- Validation ACC: 0.833 -- Validation F1: 0.889
2024-07-17,04:56:18 [INFO] Run 0/5: Average Over Last 6 epochs -- Valid ACC: 0.8333333333333334 -- Valid F1-score: 0.8888888955116272
2024-07-17,04:56:19 [INFO] Test Results of Run 0/5: -- Test Loss: 1.161 -- Test ACC: 0.661 -- Test F1: 0.719
2024-07-17,04:56:19 [INFO] Epoch: 0/30 -- Train Loss: 0.074 -- Validation Loss: 0.958 -- Validation ACC: 0.833 -- Validation F1: 0.889
2024-07-17,04:56:24 [INFO] Epoch: 10/30 -- Train Loss: 0.571 -- Validation Loss: 0.969 -- Validation ACC: 0.833 -- Validation F1: 0.889
2024-07-17,04:56:28 [INFO] Epoch: 20/30 -- Train Loss: 0.151 -- Validation Loss: 0.929 -- Validation ACC: 0.778 -- Validation F1: 0.833
2024-07-17,04:56:30 [INFO] Epoch: 24/30 -- Train Loss: 0.153 -- Validation Loss: 0.921 -- Validation ACC: 0.833 -- Validation F1: 0.889
2024-07-17,04:56:30 [INFO] Epoch: 25/30 -- Train Loss: 0.445 -- Validation Loss: 0.924 -- Validation ACC: 0.778 -- Validation F1: 0.857
2024-07-17,04:56:31 [INFO] Epoch: 26/30 -- Train Loss: 0.020 -- Validation Loss: 0.929 -- Validation ACC: 0.778 -- Validation F1: 0.857
2024-07-17,04:56:32 [INFO] Epoch: 27/30 -- Train Loss: 0.132 -- Validation Loss: 0.929 -- Validation ACC: 0.833 -- Validation F1: 0.889
2024-07-17,04:56:32 [INFO] Epoch: 28/30 -- Train Loss: 0.394 -- Validation Loss: 0.923 -- Validation ACC: 0.833 -- Validation F1: 0.889
2024-07-17,04:56:33 [INFO] Epoch: 29/30 -- Train Loss: 0.147 -- Validation Loss: 0.920 -- Validation ACC: 0.833 -- Validation F1: 0.889
2024-07-17,04:56:33 [INFO] Run 1/5: Average Over Last 6 epochs -- Valid ACC: 0.8148148148148148 -- Valid F1-score: 0.8783068855603536
2024-07-17,04:56:33 [INFO] Test Results of Run 1/5: -- Test Loss: 1.187 -- Test ACC: 0.661 -- Test F1: 0.727
2024-07-17,04:56:34 [INFO] Epoch: 0/30 -- Train Loss: 0.451 -- Validation Loss: 0.963 -- Validation ACC: 0.833 -- Validation F1: 0.880
2024-07-17,04:56:38 [INFO] Epoch: 10/30 -- Train Loss: 0.062 -- Validation Loss: 0.922 -- Validation ACC: 0.778 -- Validation F1: 0.846
2024-07-17,04:56:42 [INFO] Epoch: 20/30 -- Train Loss: 0.089 -- Validation Loss: 0.948 -- Validation ACC: 0.833 -- Validation F1: 0.889
2024-07-17,04:56:44 [INFO] Epoch: 24/30 -- Train Loss: 0.001 -- Validation Loss: 1.005 -- Validation ACC: 0.778 -- Validation F1: 0.857
2024-07-17,04:56:45 [INFO] Epoch: 25/30 -- Train Loss: 0.424 -- Validation Loss: 0.974 -- Validation ACC: 0.778 -- Validation F1: 0.857
2024-07-17,04:56:45 [INFO] Epoch: 26/30 -- Train Loss: 0.598 -- Validation Loss: 0.957 -- Validation ACC: 0.778 -- Validation F1: 0.857
2024-07-17,04:56:46 [INFO] Epoch: 27/30 -- Train Loss: 0.589 -- Validation Loss: 0.945 -- Validation ACC: 0.833 -- Validation F1: 0.889
2024-07-17,04:56:47 [INFO] Epoch: 28/30 -- Train Loss: 0.702 -- Validation Loss: 0.942 -- Validation ACC: 0.833 -- Validation F1: 0.889
2024-07-17,04:56:47 [INFO] Epoch: 29/30 -- Train Loss: 0.818 -- Validation Loss: 0.938 -- Validation ACC: 0.833 -- Validation F1: 0.889
2024-07-17,04:56:47 [INFO] Run 2/5: Average Over Last 6 epochs -- Valid ACC: 0.8055555555555555 -- Valid F1-score: 0.8730158805847168
2024-07-17,04:56:47 [INFO] Test Results of Run 2/5: -- Test Loss: 1.174 -- Test ACC: 0.652 -- Test F1: 0.710
2024-07-17,04:56:48 [INFO] Epoch: 0/30 -- Train Loss: 0.242 -- Validation Loss: 0.978 -- Validation ACC: 0.833 -- Validation F1: 0.889
2024-07-17,04:56:52 [INFO] Epoch: 10/30 -- Train Loss: 0.313 -- Validation Loss: 0.924 -- Validation ACC: 0.833 -- Validation F1: 0.889
2024-07-17,04:56:56 [INFO] Epoch: 20/30 -- Train Loss: 0.549 -- Validation Loss: 0.922 -- Validation ACC: 0.833 -- Validation F1: 0.889
2024-07-17,04:56:58 [INFO] Epoch: 24/30 -- Train Loss: 0.136 -- Validation Loss: 0.933 -- Validation ACC: 0.778 -- Validation F1: 0.857
2024-07-17,04:56:59 [INFO] Epoch: 25/30 -- Train Loss: 0.593 -- Validation Loss: 0.942 -- Validation ACC: 0.778 -- Validation F1: 0.857
2024-07-17,04:57:00 [INFO] Epoch: 26/30 -- Train Loss: 0.418 -- Validation Loss: 0.939 -- Validation ACC: 0.778 -- Validation F1: 0.857
2024-07-17,04:57:00 [INFO] Epoch: 27/30 -- Train Loss: 0.498 -- Validation Loss: 0.930 -- Validation ACC: 0.833 -- Validation F1: 0.889
2024-07-17,04:57:01 [INFO] Epoch: 28/30 -- Train Loss: 0.011 -- Validation Loss: 0.927 -- Validation ACC: 0.833 -- Validation F1: 0.889
2024-07-17,04:57:02 [INFO] Epoch: 29/30 -- Train Loss: 0.253 -- Validation Loss: 0.938 -- Validation ACC: 0.778 -- Validation F1: 0.846
2024-07-17,04:57:02 [INFO] Run 3/5: Average Over Last 6 epochs -- Valid ACC: 0.7962962962962963 -- Valid F1-score: 0.8658933738867441
2024-07-17,04:57:02 [INFO] Test Results of Run 3/5: -- Test Loss: 1.157 -- Test ACC: 0.652 -- Test F1: 0.710
2024-07-17,04:57:03 [INFO] Epoch: 0/30 -- Train Loss: 0.214 -- Validation Loss: 0.963 -- Validation ACC: 0.833 -- Validation F1: 0.880
2024-07-17,04:57:07 [INFO] Epoch: 10/30 -- Train Loss: 0.578 -- Validation Loss: 0.931 -- Validation ACC: 0.833 -- Validation F1: 0.889
2024-07-17,04:57:11 [INFO] Epoch: 20/30 -- Train Loss: 0.029 -- Validation Loss: 0.959 -- Validation ACC: 0.833 -- Validation F1: 0.889
2024-07-17,04:57:13 [INFO] Epoch: 24/30 -- Train Loss: 0.578 -- Validation Loss: 0.922 -- Validation ACC: 0.833 -- Validation F1: 0.889
2024-07-17,04:57:13 [INFO] Epoch: 25/30 -- Train Loss: 0.187 -- Validation Loss: 0.922 -- Validation ACC: 0.722 -- Validation F1: 0.800
2024-07-17,04:57:14 [INFO] Epoch: 26/30 -- Train Loss: 0.337 -- Validation Loss: 0.927 -- Validation ACC: 0.722 -- Validation F1: 0.800
2024-07-17,04:57:15 [INFO] Epoch: 27/30 -- Train Loss: 0.469 -- Validation Loss: 0.936 -- Validation ACC: 0.778 -- Validation F1: 0.833
2024-07-17,04:57:15 [INFO] Epoch: 28/30 -- Train Loss: 0.223 -- Validation Loss: 0.937 -- Validation ACC: 0.833 -- Validation F1: 0.880
2024-07-17,04:57:16 [INFO] Epoch: 29/30 -- Train Loss: 0.597 -- Validation Loss: 0.932 -- Validation ACC: 0.833 -- Validation F1: 0.889
2024-07-17,04:57:16 [INFO] Run 4/5: Average Over Last 6 epochs -- Valid ACC: 0.7870370370370371 -- Valid F1-score: 0.8485185205936432
2024-07-17,04:57:16 [INFO] Test Results of Run 4/5: -- Test Loss: 1.195 -- Test ACC: 0.661 -- Test F1: 0.719
2024-07-17,04:57:16 [INFO] Validation average after 5 runs -- ACC: 0.807 -- F1-score: 0.871
2024-07-17,04:57:16 [INFO] Test average after 5 runs -- ACC: 0.657 -- F1-score: 0.717
2024-07-17,04:57:16 [INFO] Finished round 8/10 of experiments!
2024-07-17,04:57:16 [INFO] Started round 9/10 of experiments!
2024-07-17,04:57:17 [INFO] Loading previous pretrained model at ./pretrained/GCN_Pretrained_2024-07-01-15-15-13.pth
2024-07-17,04:57:17 [INFO] Pretrained GNN on Source Dataset -- Test Loss: 0.947 -- Test ACC: 0.757 -- Test F1-score: 0.785
2024-07-17,04:57:17 [INFO] Pretrained GNN on Target Dataset Without Prompting: -- Validation Loss: 0.804 -- Validation ACC: 0.722 -- Validation F1-score: 0.762 -- Test Loss: 0.876 -- Test ACC: 0.739 -- Test F1-score: 0.789
2024-07-17,04:57:18 [INFO] Epoch: 0/30 -- Train Loss: 0.575 -- Validation Loss: 0.786 -- Validation ACC: 0.722 -- Validation F1: 0.762
2024-07-17,04:57:22 [INFO] Epoch: 10/30 -- Train Loss: 0.088 -- Validation Loss: 0.815 -- Validation ACC: 0.722 -- Validation F1: 0.762
2024-07-17,04:57:26 [INFO] Epoch: 20/30 -- Train Loss: 0.707 -- Validation Loss: 0.836 -- Validation ACC: 0.722 -- Validation F1: 0.762
2024-07-17,04:57:28 [INFO] Epoch: 24/30 -- Train Loss: 0.169 -- Validation Loss: 0.930 -- Validation ACC: 0.722 -- Validation F1: 0.762
2024-07-17,04:57:29 [INFO] Epoch: 25/30 -- Train Loss: 1.966 -- Validation Loss: 0.901 -- Validation ACC: 0.722 -- Validation F1: 0.762
2024-07-17,04:57:29 [INFO] Epoch: 26/30 -- Train Loss: 0.188 -- Validation Loss: 0.872 -- Validation ACC: 0.722 -- Validation F1: 0.762
2024-07-17,04:57:30 [INFO] Epoch: 27/30 -- Train Loss: 0.001 -- Validation Loss: 0.844 -- Validation ACC: 0.722 -- Validation F1: 0.762
2024-07-17,04:57:31 [INFO] Epoch: 28/30 -- Train Loss: 0.457 -- Validation Loss: 0.813 -- Validation ACC: 0.722 -- Validation F1: 0.762
2024-07-17,04:57:31 [INFO] Epoch: 29/30 -- Train Loss: 0.106 -- Validation Loss: 0.792 -- Validation ACC: 0.722 -- Validation F1: 0.762
2024-07-17,04:57:31 [INFO] Run 0/5: Average Over Last 6 epochs -- Valid ACC: 0.7222222222222222 -- Valid F1-score: 0.761904776096344
2024-07-17,04:57:31 [INFO] Test Results of Run 0/5: -- Test Loss: 0.866 -- Test ACC: 0.765 -- Test F1: 0.819
2024-07-17,04:57:32 [INFO] Epoch: 0/30 -- Train Loss: 0.059 -- Validation Loss: 0.822 -- Validation ACC: 0.722 -- Validation F1: 0.762
2024-07-17,04:57:36 [INFO] Epoch: 10/30 -- Train Loss: 0.166 -- Validation Loss: 0.723 -- Validation ACC: 0.722 -- Validation F1: 0.762
2024-07-17,04:57:41 [INFO] Epoch: 20/30 -- Train Loss: 0.110 -- Validation Loss: 0.733 -- Validation ACC: 0.778 -- Validation F1: 0.818
2024-07-17,04:57:42 [INFO] Epoch: 24/30 -- Train Loss: 1.477 -- Validation Loss: 0.852 -- Validation ACC: 0.722 -- Validation F1: 0.762
2024-07-17,04:57:43 [INFO] Epoch: 25/30 -- Train Loss: 0.677 -- Validation Loss: 0.858 -- Validation ACC: 0.722 -- Validation F1: 0.762
2024-07-17,04:57:44 [INFO] Epoch: 26/30 -- Train Loss: 0.667 -- Validation Loss: 0.830 -- Validation ACC: 0.722 -- Validation F1: 0.762
2024-07-17,04:57:44 [INFO] Epoch: 27/30 -- Train Loss: 0.111 -- Validation Loss: 0.811 -- Validation ACC: 0.722 -- Validation F1: 0.762
2024-07-17,04:57:45 [INFO] Epoch: 28/30 -- Train Loss: 0.372 -- Validation Loss: 0.807 -- Validation ACC: 0.722 -- Validation F1: 0.762
2024-07-17,04:57:46 [INFO] Epoch: 29/30 -- Train Loss: 0.152 -- Validation Loss: 0.789 -- Validation ACC: 0.722 -- Validation F1: 0.762
2024-07-17,04:57:46 [INFO] Run 1/5: Average Over Last 6 epochs -- Valid ACC: 0.7222222222222222 -- Valid F1-score: 0.761904776096344
2024-07-17,04:57:46 [INFO] Test Results of Run 1/5: -- Test Loss: 0.879 -- Test ACC: 0.791 -- Test F1: 0.842
2024-07-17,04:57:46 [INFO] Epoch: 0/30 -- Train Loss: 0.890 -- Validation Loss: 0.867 -- Validation ACC: 0.722 -- Validation F1: 0.762
2024-07-17,04:57:51 [INFO] Epoch: 10/30 -- Train Loss: 0.215 -- Validation Loss: 0.862 -- Validation ACC: 0.722 -- Validation F1: 0.762
2024-07-17,04:57:55 [INFO] Epoch: 20/30 -- Train Loss: 1.528 -- Validation Loss: 0.760 -- Validation ACC: 0.778 -- Validation F1: 0.818
2024-07-17,04:57:57 [INFO] Epoch: 24/30 -- Train Loss: 0.016 -- Validation Loss: 0.902 -- Validation ACC: 0.722 -- Validation F1: 0.762
2024-07-17,04:57:57 [INFO] Epoch: 25/30 -- Train Loss: 0.000 -- Validation Loss: 0.951 -- Validation ACC: 0.722 -- Validation F1: 0.762
2024-07-17,04:57:58 [INFO] Epoch: 26/30 -- Train Loss: 0.437 -- Validation Loss: 1.010 -- Validation ACC: 0.722 -- Validation F1: 0.762
2024-07-17,04:57:59 [INFO] Epoch: 27/30 -- Train Loss: 1.405 -- Validation Loss: 1.023 -- Validation ACC: 0.722 -- Validation F1: 0.762
2024-07-17,04:57:59 [INFO] Epoch: 28/30 -- Train Loss: 0.501 -- Validation Loss: 0.964 -- Validation ACC: 0.722 -- Validation F1: 0.762
2024-07-17,04:58:00 [INFO] Epoch: 29/30 -- Train Loss: 0.006 -- Validation Loss: 0.908 -- Validation ACC: 0.722 -- Validation F1: 0.762
2024-07-17,04:58:00 [INFO] Run 2/5: Average Over Last 6 epochs -- Valid ACC: 0.7222222222222222 -- Valid F1-score: 0.761904776096344
2024-07-17,04:58:00 [INFO] Test Results of Run 2/5: -- Test Loss: 0.936 -- Test ACC: 0.704 -- Test F1: 0.746
2024-07-17,04:58:01 [INFO] Epoch: 0/30 -- Train Loss: 0.583 -- Validation Loss: 0.853 -- Validation ACC: 0.722 -- Validation F1: 0.762
2024-07-17,04:58:05 [INFO] Epoch: 10/30 -- Train Loss: 0.224 -- Validation Loss: 0.846 -- Validation ACC: 0.722 -- Validation F1: 0.762
2024-07-17,04:58:09 [INFO] Epoch: 20/30 -- Train Loss: 0.455 -- Validation Loss: 0.766 -- Validation ACC: 0.722 -- Validation F1: 0.762
2024-07-17,04:58:11 [INFO] Epoch: 24/30 -- Train Loss: 0.509 -- Validation Loss: 0.785 -- Validation ACC: 0.722 -- Validation F1: 0.762
2024-07-17,04:58:12 [INFO] Epoch: 25/30 -- Train Loss: 0.051 -- Validation Loss: 0.842 -- Validation ACC: 0.722 -- Validation F1: 0.762
2024-07-17,04:58:12 [INFO] Epoch: 26/30 -- Train Loss: 0.086 -- Validation Loss: 0.861 -- Validation ACC: 0.722 -- Validation F1: 0.762
2024-07-17,04:58:13 [INFO] Epoch: 27/30 -- Train Loss: 0.008 -- Validation Loss: 0.837 -- Validation ACC: 0.722 -- Validation F1: 0.762
2024-07-17,04:58:14 [INFO] Epoch: 28/30 -- Train Loss: 0.108 -- Validation Loss: 0.790 -- Validation ACC: 0.722 -- Validation F1: 0.762
2024-07-17,04:58:14 [INFO] Epoch: 29/30 -- Train Loss: 0.009 -- Validation Loss: 0.759 -- Validation ACC: 0.722 -- Validation F1: 0.762
2024-07-17,04:58:14 [INFO] Run 3/5: Average Over Last 6 epochs -- Valid ACC: 0.7222222222222222 -- Valid F1-score: 0.761904776096344
2024-07-17,04:58:14 [INFO] Test Results of Run 3/5: -- Test Loss: 0.877 -- Test ACC: 0.765 -- Test F1: 0.814
2024-07-17,04:58:15 [INFO] Epoch: 0/30 -- Train Loss: 0.000 -- Validation Loss: 0.869 -- Validation ACC: 0.722 -- Validation F1: 0.762
2024-07-17,04:58:19 [INFO] Epoch: 10/30 -- Train Loss: 0.129 -- Validation Loss: 0.844 -- Validation ACC: 0.722 -- Validation F1: 0.762
2024-07-17,04:58:24 [INFO] Epoch: 20/30 -- Train Loss: 0.054 -- Validation Loss: 0.781 -- Validation ACC: 0.722 -- Validation F1: 0.762
2024-07-17,04:58:25 [INFO] Epoch: 24/30 -- Train Loss: 0.023 -- Validation Loss: 0.745 -- Validation ACC: 0.722 -- Validation F1: 0.762
2024-07-17,04:58:26 [INFO] Epoch: 25/30 -- Train Loss: 0.186 -- Validation Loss: 0.754 -- Validation ACC: 0.722 -- Validation F1: 0.762
2024-07-17,04:58:27 [INFO] Epoch: 26/30 -- Train Loss: 0.022 -- Validation Loss: 0.748 -- Validation ACC: 0.722 -- Validation F1: 0.762
2024-07-17,04:58:27 [INFO] Epoch: 27/30 -- Train Loss: 0.617 -- Validation Loss: 0.723 -- Validation ACC: 0.722 -- Validation F1: 0.762
2024-07-17,04:58:28 [INFO] Epoch: 28/30 -- Train Loss: 0.012 -- Validation Loss: 0.759 -- Validation ACC: 0.722 -- Validation F1: 0.762
2024-07-17,04:58:28 [INFO] Epoch: 29/30 -- Train Loss: 0.143 -- Validation Loss: 0.816 -- Validation ACC: 0.722 -- Validation F1: 0.762
2024-07-17,04:58:28 [INFO] Run 4/5: Average Over Last 6 epochs -- Valid ACC: 0.7222222222222222 -- Valid F1-score: 0.761904776096344
2024-07-17,04:58:29 [INFO] Test Results of Run 4/5: -- Test Loss: 0.937 -- Test ACC: 0.713 -- Test F1: 0.756
2024-07-17,04:58:29 [INFO] Validation average after 5 runs -- ACC: 0.722 -- F1-score: 0.762
2024-07-17,04:58:29 [INFO] Test average after 5 runs -- ACC: 0.748 -- F1-score: 0.795
2024-07-17,04:58:29 [INFO] Finished round 9/10 of experiments!
2024-07-17,04:58:29 [INFO] Final results: -- Source Test Acc: 0.703 -- Source Test F1: 0.750 -- Target Valid Acc: 0.711 -- Target Valid F1: 0.770 -- Target Test Acc: 0.686 -- Target Test F1: 0.747 -- Prompt Test Acc: 0.686 -- Prompt Valid Acc: 0.708 -- Prompt Test F1: 0.750 -- Prompt Valid F1: 0.767
2024-07-17,04:58:29 [INFO] Pretrained modela are saved to: ./pretrained/GCN_Pretrained_2024-07-01-14-54-05.pth ./pretrained/GCN_Pretrained_2024-07-01-14-56-23.pth ./pretrained/GCN_Pretrained_2024-07-01-14-58-41.pth ./pretrained/GCN_Pretrained_2024-07-01-15-00-59.pth ./pretrained/GCN_Pretrained_2024-07-01-15-03-17.pth ./pretrained/GCN_Pretrained_2024-07-01-15-05-37.pth ./pretrained/GCN_Pretrained_2024-07-01-15-07-56.pth ./pretrained/GCN_Pretrained_2024-07-01-15-10-20.pth ./pretrained/GCN_Pretrained_2024-07-01-15-12-47.pth ./pretrained/GCN_Pretrained_2024-07-01-15-15-13.pth
