2024-07-18,13:12:31 [INFO] Logging to: ./log/2024-07-18-13-12-31.log
2024-07-18,13:12:31 [INFO] Reading config from: ./config/cora.yaml
2024-07-18,13:12:31 [INFO] Namespace(total_iters=10, prompt_method='flex_match', s_dataset='Cora', t_dataset='Cora', prompt_fn='gpf_plus', shift_type='structural', p_shift_intra=0.0, p_shift_inter=0.0, pretrain=True, save_pretrained=False, soft_label=False, add_link_loss=False, attn_with_param=False, empty_pretrained_dir=False, iterative_clustering=False, clutering_iters=3, entropy_div_ratio=3, w_entropy_loss=0.0, w_softmax_loss=0.0, w_domain_loss=0.0, r_reg=0.0, gnn_weight_decay=0.0, weight_decay=0.0, gnn_type='gcn', gnn_num_layers=3, pretrained_path=['./pretrained/GCN_Pretrained_2024-06-27-18-26-24.pth', './pretrained/GCN_Pretrained_2024-06-27-18-28-59.pth', './pretrained/GCN_Pretrained_2024-06-27-18-31-37.pth', './pretrained/GCN_Pretrained_2024-06-27-18-34-51.pth', './pretrained/GCN_Pretrained_2024-06-27-18-38-21.pth', './pretrained/GCN_Pretrained_2024-06-27-18-41-19.pth', './pretrained/GCN_Pretrained_2024-06-27-18-45-22.pth', './pretrained/GCN_Pretrained_2024-06-27-18-48-10.pth', './pretrained/GCN_Pretrained_2024-06-27-18-51-51.pth', './pretrained/GCN_Pretrained_2024-06-27-18-54-52.pth'], gnn_n_epochs=100, gnn_eval_step=10, gnn_h_dim=512, gnn_lr=0.001, gnn_step_size=50, gnn_gamma=0.5, gnn_batch_size=64, gnn_dropout=0.4, n_epochs=30, eval_step=10, h_dim=512, lr=0.001, step_size=50, gamma=0.5, batch_size=64, num_tokens=-1, src_ratio=0.5, dropout=0.3, cut_off=0.5, aug_type='feature', light_aug_prob=0.1, light_aug_mode='mask', pos_aug_mode='mask', neg_aug_mode='arbitrary', noise_cov_scale=1.0, noise_mean_shift=1.0, noise_shift_mode='homophily', noise_select_mode='soft', cross_prune=0.8, inner_prune=0.3, num_runs=5, p_raug=0.15, n_raug=0.15, s_split=[0.3, 0.65], t_split=[0.3, 0.65], seed=[3633, 2251, 4314, 1837, 4207, 4752, 1491, 4165, 1417, 2665], config_from_file='./config/cora.yaml', config_to_file='', label_reduction=0.0)
2024-07-18,13:12:31 [INFO] ####################################################################################################
2024-07-18,13:12:31 [INFO] Args seeds: [3633, 2251, 4314, 1837, 4207, 4752, 1491, 4165, 1417, 2665]
2024-07-18,13:12:31 [INFO] Source Dataset: Cora, Target Dataset: Cora. Training, Test: Source: [0.3, 0.65], Target: [0.3, 0.65] -- Batch size: 64
2024-07-18,13:12:31 [INFO] All input pretrained paths: ['./pretrained/GCN_Pretrained_2024-06-27-18-26-24.pth', './pretrained/GCN_Pretrained_2024-06-27-18-28-59.pth', './pretrained/GCN_Pretrained_2024-06-27-18-31-37.pth', './pretrained/GCN_Pretrained_2024-06-27-18-34-51.pth', './pretrained/GCN_Pretrained_2024-06-27-18-38-21.pth', './pretrained/GCN_Pretrained_2024-06-27-18-41-19.pth', './pretrained/GCN_Pretrained_2024-06-27-18-45-22.pth', './pretrained/GCN_Pretrained_2024-06-27-18-48-10.pth', './pretrained/GCN_Pretrained_2024-06-27-18-51-51.pth', './pretrained/GCN_Pretrained_2024-06-27-18-54-52.pth']
2024-07-18,13:12:31 [INFO] Started round 0/10 of experiments!
2024-07-18,13:12:40 [INFO] Setting for pretraining: Model: {'gnn_type': 'gcn', 'in_channels': 1433, 'hidden_channels': 512, 'out_channels': 7, 'num_layers': 3, 'dropout': 0.4, 'with_bn': False, 'with_head': True} -- Optimizer: {'lr': 0.001, 'scheduler_step_size': 50, 'scheduler_gamma': 0.5, 'weight_decay': 0.0} -- Training: {'n_epochs': 100}
2024-07-18,13:12:40 [INFO] Loading previous pretrained model at ./pretrained/GCN_Pretrained_2024-06-27-18-26-24.pth
2024-07-18,13:12:40 [INFO] Total number of tokens: 5
2024-07-18,13:12:40 [INFO] Prompting method: flex_match -- Setting: Prompting function: gpf_plus -- Target Dataset: Cora
2024-07-18,13:12:40 [INFO] Setting for prompt tuning: Prompt: {'emb_dim': 1433, 'h_dim': 512, 'output_dim': 1433, 'prompt_fn': 'gpf_plus', 'token_num': 5, 'cross_prune': 0.8, 'inner_prune': 0.3, 'attn_with_param': False, 'attn_dropout': 0.3} -- Pretrained Model: {'gnn_type': 'gcn', 'in_channels': 1433, 'hidden_channels': 512, 'out_channels': 7, 'num_layers': 3, 'dropout': 0.4, 'with_bn': False, 'with_head': True} -- Optimizer: {'lr': 0.001, 'scheduler_step_size': 50, 'scheduler_gamma': 0.5, 'weight_decay': 0.0} -- Training: {'aug_type': 'feature', 'pos_aug_mode': 'mask', 'p_raug': 0.15, 'n_epochs': 30, 'r_reg': 0.0, 'soft_label': False, 'clutering_iters': 3, 'iterative_clustering': False, 'entropy_div_ratio': 3, 'w_entropy_loss': 0.0, 'w_softmax_loss': 0.0, 'w_domain_loss': 0.0, 'light_aug_prob': 0.1, 'light_aug_mode': 'mask', 'num_classes': 7, 'cut_off': 0.5}
2024-07-18,13:12:40 [INFO] Prompt tuning started: Num runs: 5 -- Eval step: 10
2024-07-18,13:12:41 [INFO] Pretrained GNN on Source Dataset -- Test Loss: 3.190 -- Test ACC: 0.753 -- Test F1-score: 0.749
2024-07-18,13:12:42 [INFO] Pretrained GNN on Target Dataset Without Prompting: -- Validation Loss: 8.846 -- Validation ACC: 0.522 -- Validation F1-score: 0.487 -- Test Loss: 5.959 -- Test ACC: 0.586 -- Test F1-score: 0.542
2024-07-18,13:12:43 [INFO] Epoch: 0/30 -- Train Loss: 0.052 -- Validation Loss: 8.771 -- Validation ACC: 0.522 -- Validation F1: 0.487
2024-07-18,13:12:55 [INFO] Epoch: 10/30 -- Train Loss: 0.392 -- Validation Loss: 8.721 -- Validation ACC: 0.552 -- Validation F1: 0.520
2024-07-18,13:13:05 [INFO] Epoch: 20/30 -- Train Loss: 0.000 -- Validation Loss: 8.597 -- Validation ACC: 0.522 -- Validation F1: 0.487
2024-07-18,13:13:10 [INFO] Epoch: 24/30 -- Train Loss: 0.000 -- Validation Loss: 8.723 -- Validation ACC: 0.522 -- Validation F1: 0.487
2024-07-18,13:13:11 [INFO] Epoch: 25/30 -- Train Loss: 0.031 -- Validation Loss: 8.732 -- Validation ACC: 0.522 -- Validation F1: 0.487
2024-07-18,13:13:12 [INFO] Epoch: 26/30 -- Train Loss: 0.000 -- Validation Loss: 8.737 -- Validation ACC: 0.522 -- Validation F1: 0.487
2024-07-18,13:13:13 [INFO] Epoch: 27/30 -- Train Loss: 0.123 -- Validation Loss: 8.732 -- Validation ACC: 0.537 -- Validation F1: 0.500
2024-07-18,13:13:15 [INFO] Epoch: 28/30 -- Train Loss: 3.106 -- Validation Loss: 8.729 -- Validation ACC: 0.537 -- Validation F1: 0.500
2024-07-18,13:13:16 [INFO] Epoch: 29/30 -- Train Loss: 0.003 -- Validation Loss: 8.711 -- Validation ACC: 0.537 -- Validation F1: 0.500
2024-07-18,13:13:16 [INFO] Run 0/5: Average Over Last 6 epochs -- Valid ACC: 0.5298507462686567 -- Valid F1-score: 0.493271604180336
2024-07-18,13:13:17 [INFO] Test Results of Run 0/5: -- Test Loss: 5.905 -- Test ACC: 0.583 -- Test F1: 0.536
2024-07-18,13:13:18 [INFO] Epoch: 0/30 -- Train Loss: 0.000 -- Validation Loss: 8.907 -- Validation ACC: 0.522 -- Validation F1: 0.487
2024-07-18,13:13:28 [INFO] Epoch: 10/30 -- Train Loss: 0.077 -- Validation Loss: 8.798 -- Validation ACC: 0.522 -- Validation F1: 0.487
2024-07-18,13:13:39 [INFO] Epoch: 20/30 -- Train Loss: 0.061 -- Validation Loss: 8.827 -- Validation ACC: 0.552 -- Validation F1: 0.523
2024-07-18,13:13:43 [INFO] Epoch: 24/30 -- Train Loss: 0.002 -- Validation Loss: 8.808 -- Validation ACC: 0.522 -- Validation F1: 0.487
2024-07-18,13:13:45 [INFO] Epoch: 25/30 -- Train Loss: 0.138 -- Validation Loss: 8.829 -- Validation ACC: 0.552 -- Validation F1: 0.523
2024-07-18,13:13:46 [INFO] Epoch: 26/30 -- Train Loss: 0.062 -- Validation Loss: 8.857 -- Validation ACC: 0.537 -- Validation F1: 0.511
2024-07-18,13:13:47 [INFO] Epoch: 27/30 -- Train Loss: 0.001 -- Validation Loss: 8.849 -- Validation ACC: 0.537 -- Validation F1: 0.511
2024-07-18,13:13:49 [INFO] Epoch: 28/30 -- Train Loss: 0.023 -- Validation Loss: 8.831 -- Validation ACC: 0.522 -- Validation F1: 0.491
2024-07-18,13:13:50 [INFO] Epoch: 29/30 -- Train Loss: 0.001 -- Validation Loss: 8.836 -- Validation ACC: 0.537 -- Validation F1: 0.504
2024-07-18,13:13:50 [INFO] Run 1/5: Average Over Last 6 epochs -- Valid ACC: 0.5348258706467662 -- Valid F1-score: 0.5044089605410894
2024-07-18,13:13:51 [INFO] Test Results of Run 1/5: -- Test Loss: 5.833 -- Test ACC: 0.582 -- Test F1: 0.542
2024-07-18,13:13:52 [INFO] Epoch: 0/30 -- Train Loss: 0.000 -- Validation Loss: 8.748 -- Validation ACC: 0.537 -- Validation F1: 0.510
2024-07-18,13:14:03 [INFO] Epoch: 10/30 -- Train Loss: 0.016 -- Validation Loss: 8.872 -- Validation ACC: 0.537 -- Validation F1: 0.503
2024-07-18,13:14:13 [INFO] Epoch: 20/30 -- Train Loss: 0.001 -- Validation Loss: 8.761 -- Validation ACC: 0.522 -- Validation F1: 0.487
2024-07-18,13:14:18 [INFO] Epoch: 24/30 -- Train Loss: 0.007 -- Validation Loss: 8.622 -- Validation ACC: 0.522 -- Validation F1: 0.487
2024-07-18,13:14:19 [INFO] Epoch: 25/30 -- Train Loss: 0.264 -- Validation Loss: 8.638 -- Validation ACC: 0.522 -- Validation F1: 0.487
2024-07-18,13:14:21 [INFO] Epoch: 26/30 -- Train Loss: 0.008 -- Validation Loss: 8.620 -- Validation ACC: 0.522 -- Validation F1: 0.487
2024-07-18,13:14:22 [INFO] Epoch: 27/30 -- Train Loss: 0.000 -- Validation Loss: 8.584 -- Validation ACC: 0.537 -- Validation F1: 0.510
2024-07-18,13:14:24 [INFO] Epoch: 28/30 -- Train Loss: 0.000 -- Validation Loss: 8.542 -- Validation ACC: 0.537 -- Validation F1: 0.509
2024-07-18,13:14:25 [INFO] Epoch: 29/30 -- Train Loss: 0.000 -- Validation Loss: 8.506 -- Validation ACC: 0.537 -- Validation F1: 0.508
2024-07-18,13:14:25 [INFO] Run 2/5: Average Over Last 6 epochs -- Valid ACC: 0.5298507462686567 -- Valid F1-score: 0.49795350929101306
2024-07-18,13:14:26 [INFO] Test Results of Run 2/5: -- Test Loss: 5.752 -- Test ACC: 0.594 -- Test F1: 0.558
2024-07-18,13:14:28 [INFO] Epoch: 0/30 -- Train Loss: 0.032 -- Validation Loss: 8.862 -- Validation ACC: 0.522 -- Validation F1: 0.487
2024-07-18,13:14:38 [INFO] Epoch: 10/30 -- Train Loss: 0.001 -- Validation Loss: 8.726 -- Validation ACC: 0.537 -- Validation F1: 0.510
2024-07-18,13:14:48 [INFO] Epoch: 20/30 -- Train Loss: 1.563 -- Validation Loss: 8.771 -- Validation ACC: 0.522 -- Validation F1: 0.487
2024-07-18,13:14:53 [INFO] Epoch: 24/30 -- Train Loss: 0.541 -- Validation Loss: 8.935 -- Validation ACC: 0.522 -- Validation F1: 0.487
2024-07-18,13:14:54 [INFO] Epoch: 25/30 -- Train Loss: 0.769 -- Validation Loss: 8.879 -- Validation ACC: 0.522 -- Validation F1: 0.487
2024-07-18,13:14:55 [INFO] Epoch: 26/30 -- Train Loss: 1.288 -- Validation Loss: 8.789 -- Validation ACC: 0.522 -- Validation F1: 0.487
2024-07-18,13:14:56 [INFO] Epoch: 27/30 -- Train Loss: 1.032 -- Validation Loss: 8.701 -- Validation ACC: 0.522 -- Validation F1: 0.487
2024-07-18,13:14:58 [INFO] Epoch: 28/30 -- Train Loss: 0.789 -- Validation Loss: 8.668 -- Validation ACC: 0.537 -- Validation F1: 0.510
2024-07-18,13:14:59 [INFO] Epoch: 29/30 -- Train Loss: 0.000 -- Validation Loss: 8.681 -- Validation ACC: 0.537 -- Validation F1: 0.507
2024-07-18,13:14:59 [INFO] Run 3/5: Average Over Last 6 epochs -- Valid ACC: 0.5273631840796019 -- Valid F1-score: 0.49405530095100403
2024-07-18,13:15:00 [INFO] Test Results of Run 3/5: -- Test Loss: 5.832 -- Test ACC: 0.585 -- Test F1: 0.541
2024-07-18,13:15:01 [INFO] Epoch: 0/30 -- Train Loss: 0.540 -- Validation Loss: 8.928 -- Validation ACC: 0.567 -- Validation F1: 0.536
2024-07-18,13:15:13 [INFO] Epoch: 10/30 -- Train Loss: 0.033 -- Validation Loss: 9.237 -- Validation ACC: 0.552 -- Validation F1: 0.526
2024-07-18,13:15:23 [INFO] Epoch: 20/30 -- Train Loss: 0.000 -- Validation Loss: 8.881 -- Validation ACC: 0.567 -- Validation F1: 0.538
2024-07-18,13:15:28 [INFO] Epoch: 24/30 -- Train Loss: 0.000 -- Validation Loss: 8.943 -- Validation ACC: 0.522 -- Validation F1: 0.496
2024-07-18,13:15:29 [INFO] Epoch: 25/30 -- Train Loss: 0.000 -- Validation Loss: 8.953 -- Validation ACC: 0.507 -- Validation F1: 0.473
2024-07-18,13:15:31 [INFO] Epoch: 26/30 -- Train Loss: 0.000 -- Validation Loss: 8.968 -- Validation ACC: 0.507 -- Validation F1: 0.475
2024-07-18,13:15:32 [INFO] Epoch: 27/30 -- Train Loss: 0.000 -- Validation Loss: 9.001 -- Validation ACC: 0.507 -- Validation F1: 0.473
2024-07-18,13:15:33 [INFO] Epoch: 28/30 -- Train Loss: 0.888 -- Validation Loss: 9.045 -- Validation ACC: 0.522 -- Validation F1: 0.486
2024-07-18,13:15:34 [INFO] Epoch: 29/30 -- Train Loss: 0.000 -- Validation Loss: 9.064 -- Validation ACC: 0.552 -- Validation F1: 0.515
2024-07-18,13:15:34 [INFO] Run 4/5: Average Over Last 6 epochs -- Valid ACC: 0.5199004975124378 -- Valid F1-score: 0.48636796077092487
2024-07-18,13:15:35 [INFO] Test Results of Run 4/5: -- Test Loss: 6.029 -- Test ACC: 0.581 -- Test F1: 0.537
2024-07-18,13:15:35 [INFO] Validation average after 5 runs -- ACC: 0.528 -- F1-score: 0.495
2024-07-18,13:15:35 [INFO] Test average after 5 runs -- ACC: 0.585 -- F1-score: 0.543
2024-07-18,13:15:35 [INFO] Finished round 0/10 of experiments!
2024-07-18,13:15:35 [INFO] Started round 1/10 of experiments!
2024-07-18,13:15:47 [INFO] Loading previous pretrained model at ./pretrained/GCN_Pretrained_2024-06-27-18-28-59.pth
2024-07-18,13:15:48 [INFO] Total number of tokens: 6
2024-07-18,13:15:48 [INFO] Pretrained GNN on Source Dataset -- Test Loss: 5.075 -- Test ACC: 0.729 -- Test F1-score: 0.706
2024-07-18,13:15:49 [INFO] Pretrained GNN on Target Dataset Without Prompting: -- Validation Loss: 9.364 -- Validation ACC: 0.537 -- Validation F1-score: 0.431 -- Test Loss: 8.819 -- Test ACC: 0.582 -- Test F1-score: 0.551
2024-07-18,13:15:50 [INFO] Epoch: 0/30 -- Train Loss: 0.445 -- Validation Loss: 9.438 -- Validation ACC: 0.552 -- Validation F1: 0.455
2024-07-18,13:16:03 [INFO] Epoch: 10/30 -- Train Loss: 0.373 -- Validation Loss: 9.153 -- Validation ACC: 0.552 -- Validation F1: 0.455
2024-07-18,13:16:15 [INFO] Epoch: 20/30 -- Train Loss: 0.000 -- Validation Loss: 9.037 -- Validation ACC: 0.582 -- Validation F1: 0.493
2024-07-18,13:16:19 [INFO] Epoch: 24/30 -- Train Loss: 0.000 -- Validation Loss: 9.453 -- Validation ACC: 0.552 -- Validation F1: 0.436
2024-07-18,13:16:21 [INFO] Epoch: 25/30 -- Train Loss: 0.000 -- Validation Loss: 9.360 -- Validation ACC: 0.567 -- Validation F1: 0.460
2024-07-18,13:16:22 [INFO] Epoch: 26/30 -- Train Loss: 0.002 -- Validation Loss: 9.286 -- Validation ACC: 0.567 -- Validation F1: 0.460
2024-07-18,13:16:24 [INFO] Epoch: 27/30 -- Train Loss: 0.253 -- Validation Loss: 9.167 -- Validation ACC: 0.567 -- Validation F1: 0.488
2024-07-18,13:16:25 [INFO] Epoch: 28/30 -- Train Loss: 4.020 -- Validation Loss: 9.105 -- Validation ACC: 0.567 -- Validation F1: 0.488
2024-07-18,13:16:27 [INFO] Epoch: 29/30 -- Train Loss: 0.000 -- Validation Loss: 8.983 -- Validation ACC: 0.567 -- Validation F1: 0.488
2024-07-18,13:16:27 [INFO] Run 0/5: Average Over Last 6 epochs -- Valid ACC: 0.5646766169154228 -- Valid F1-score: 0.4700854420661926
2024-07-18,13:16:28 [INFO] Test Results of Run 0/5: -- Test Loss: 8.478 -- Test ACC: 0.575 -- Test F1: 0.545
2024-07-18,13:16:29 [INFO] Epoch: 0/30 -- Train Loss: 0.000 -- Validation Loss: 9.275 -- Validation ACC: 0.552 -- Validation F1: 0.455
2024-07-18,13:16:41 [INFO] Epoch: 10/30 -- Train Loss: 0.335 -- Validation Loss: 9.087 -- Validation ACC: 0.552 -- Validation F1: 0.482
2024-07-18,13:16:53 [INFO] Epoch: 20/30 -- Train Loss: 0.000 -- Validation Loss: 9.327 -- Validation ACC: 0.567 -- Validation F1: 0.475
2024-07-18,13:16:57 [INFO] Epoch: 24/30 -- Train Loss: 0.000 -- Validation Loss: 9.111 -- Validation ACC: 0.567 -- Validation F1: 0.488
2024-07-18,13:16:59 [INFO] Epoch: 25/30 -- Train Loss: 0.000 -- Validation Loss: 9.136 -- Validation ACC: 0.567 -- Validation F1: 0.488
2024-07-18,13:17:00 [INFO] Epoch: 26/30 -- Train Loss: 0.774 -- Validation Loss: 9.180 -- Validation ACC: 0.567 -- Validation F1: 0.488
2024-07-18,13:17:01 [INFO] Epoch: 27/30 -- Train Loss: 0.034 -- Validation Loss: 9.173 -- Validation ACC: 0.567 -- Validation F1: 0.488
2024-07-18,13:17:03 [INFO] Epoch: 28/30 -- Train Loss: 0.580 -- Validation Loss: 9.157 -- Validation ACC: 0.567 -- Validation F1: 0.488
2024-07-18,13:17:04 [INFO] Epoch: 29/30 -- Train Loss: 0.168 -- Validation Loss: 9.115 -- Validation ACC: 0.567 -- Validation F1: 0.488
2024-07-18,13:17:04 [INFO] Run 1/5: Average Over Last 6 epochs -- Valid ACC: 0.5671641791044776 -- Valid F1-score: 0.4877486824989319
2024-07-18,13:17:05 [INFO] Test Results of Run 1/5: -- Test Loss: 8.560 -- Test ACC: 0.581 -- Test F1: 0.548
2024-07-18,13:17:06 [INFO] Epoch: 0/30 -- Train Loss: 0.000 -- Validation Loss: 9.543 -- Validation ACC: 0.537 -- Validation F1: 0.431
2024-07-18,13:17:18 [INFO] Epoch: 10/30 -- Train Loss: 0.000 -- Validation Loss: 9.009 -- Validation ACC: 0.567 -- Validation F1: 0.482
2024-07-18,13:17:29 [INFO] Epoch: 20/30 -- Train Loss: 0.047 -- Validation Loss: 8.928 -- Validation ACC: 0.567 -- Validation F1: 0.488
2024-07-18,13:17:34 [INFO] Epoch: 24/30 -- Train Loss: 7.650 -- Validation Loss: 8.913 -- Validation ACC: 0.567 -- Validation F1: 0.488
2024-07-18,13:17:35 [INFO] Epoch: 25/30 -- Train Loss: 5.020 -- Validation Loss: 8.902 -- Validation ACC: 0.567 -- Validation F1: 0.488
2024-07-18,13:17:37 [INFO] Epoch: 26/30 -- Train Loss: 6.352 -- Validation Loss: 8.927 -- Validation ACC: 0.582 -- Validation F1: 0.493
2024-07-18,13:17:38 [INFO] Epoch: 27/30 -- Train Loss: 0.000 -- Validation Loss: 8.868 -- Validation ACC: 0.567 -- Validation F1: 0.488
2024-07-18,13:17:40 [INFO] Epoch: 28/30 -- Train Loss: 0.027 -- Validation Loss: 8.773 -- Validation ACC: 0.582 -- Validation F1: 0.508
2024-07-18,13:17:41 [INFO] Epoch: 29/30 -- Train Loss: 2.681 -- Validation Loss: 8.741 -- Validation ACC: 0.582 -- Validation F1: 0.508
2024-07-18,13:17:41 [INFO] Run 2/5: Average Over Last 6 epochs -- Valid ACC: 0.5746268656716418 -- Valid F1-score: 0.495462824900945
2024-07-18,13:17:42 [INFO] Test Results of Run 2/5: -- Test Loss: 8.381 -- Test ACC: 0.574 -- Test F1: 0.552
2024-07-18,13:17:43 [INFO] Epoch: 0/30 -- Train Loss: 0.019 -- Validation Loss: 9.008 -- Validation ACC: 0.567 -- Validation F1: 0.488
2024-07-18,13:17:55 [INFO] Epoch: 10/30 -- Train Loss: 0.000 -- Validation Loss: 9.000 -- Validation ACC: 0.552 -- Validation F1: 0.477
2024-07-18,13:18:07 [INFO] Epoch: 20/30 -- Train Loss: 0.000 -- Validation Loss: 9.353 -- Validation ACC: 0.552 -- Validation F1: 0.455
2024-07-18,13:18:11 [INFO] Epoch: 24/30 -- Train Loss: 0.000 -- Validation Loss: 9.388 -- Validation ACC: 0.552 -- Validation F1: 0.455
2024-07-18,13:18:13 [INFO] Epoch: 25/30 -- Train Loss: 0.001 -- Validation Loss: 9.395 -- Validation ACC: 0.552 -- Validation F1: 0.455
2024-07-18,13:18:15 [INFO] Epoch: 26/30 -- Train Loss: 0.000 -- Validation Loss: 9.399 -- Validation ACC: 0.552 -- Validation F1: 0.455
2024-07-18,13:18:16 [INFO] Epoch: 27/30 -- Train Loss: 0.000 -- Validation Loss: 9.428 -- Validation ACC: 0.552 -- Validation F1: 0.455
2024-07-18,13:18:17 [INFO] Epoch: 28/30 -- Train Loss: 0.000 -- Validation Loss: 9.570 -- Validation ACC: 0.537 -- Validation F1: 0.431
2024-07-18,13:18:19 [INFO] Epoch: 29/30 -- Train Loss: 0.001 -- Validation Loss: 9.638 -- Validation ACC: 0.552 -- Validation F1: 0.436
2024-07-18,13:18:19 [INFO] Run 3/5: Average Over Last 6 epochs -- Valid ACC: 0.5497512437810945 -- Valid F1-score: 0.44785796602567035
2024-07-18,13:18:20 [INFO] Test Results of Run 3/5: -- Test Loss: 8.948 -- Test ACC: 0.579 -- Test F1: 0.547
2024-07-18,13:18:21 [INFO] Epoch: 0/30 -- Train Loss: 0.009 -- Validation Loss: 9.279 -- Validation ACC: 0.552 -- Validation F1: 0.455
2024-07-18,13:18:33 [INFO] Epoch: 10/30 -- Train Loss: 0.075 -- Validation Loss: 9.122 -- Validation ACC: 0.567 -- Validation F1: 0.488
2024-07-18,13:18:44 [INFO] Epoch: 20/30 -- Train Loss: 0.000 -- Validation Loss: 9.592 -- Validation ACC: 0.537 -- Validation F1: 0.437
2024-07-18,13:18:49 [INFO] Epoch: 24/30 -- Train Loss: 0.035 -- Validation Loss: 9.365 -- Validation ACC: 0.552 -- Validation F1: 0.470
2024-07-18,13:18:50 [INFO] Epoch: 25/30 -- Train Loss: 0.000 -- Validation Loss: 9.328 -- Validation ACC: 0.552 -- Validation F1: 0.470
2024-07-18,13:18:52 [INFO] Epoch: 26/30 -- Train Loss: 0.007 -- Validation Loss: 9.304 -- Validation ACC: 0.552 -- Validation F1: 0.470
2024-07-18,13:18:53 [INFO] Epoch: 27/30 -- Train Loss: 0.054 -- Validation Loss: 9.262 -- Validation ACC: 0.552 -- Validation F1: 0.470
2024-07-18,13:18:54 [INFO] Epoch: 28/30 -- Train Loss: 0.017 -- Validation Loss: 9.092 -- Validation ACC: 0.537 -- Validation F1: 0.458
2024-07-18,13:18:56 [INFO] Epoch: 29/30 -- Train Loss: 0.000 -- Validation Loss: 9.046 -- Validation ACC: 0.537 -- Validation F1: 0.458
2024-07-18,13:18:56 [INFO] Run 4/5: Average Over Last 6 epochs -- Valid ACC: 0.5472636815920398 -- Valid F1-score: 0.4657962719599406
2024-07-18,13:18:56 [INFO] Test Results of Run 4/5: -- Test Loss: 8.651 -- Test ACC: 0.575 -- Test F1: 0.545
2024-07-18,13:18:56 [INFO] Validation average after 5 runs -- ACC: 0.561 -- F1-score: 0.473
2024-07-18,13:18:56 [INFO] Test average after 5 runs -- ACC: 0.577 -- F1-score: 0.547
2024-07-18,13:18:56 [INFO] Finished round 1/10 of experiments!
2024-07-18,13:18:56 [INFO] Started round 2/10 of experiments!
2024-07-18,13:19:53 [INFO] Loading previous pretrained model at ./pretrained/GCN_Pretrained_2024-06-27-18-31-37.pth
2024-07-18,13:19:54 [INFO] Total number of tokens: 5
2024-07-18,13:19:54 [INFO] Pretrained GNN on Source Dataset -- Test Loss: 3.859 -- Test ACC: 0.732 -- Test F1-score: 0.714
2024-07-18,13:19:55 [INFO] Pretrained GNN on Target Dataset Without Prompting: -- Validation Loss: 9.544 -- Validation ACC: 0.582 -- Validation F1-score: 0.586 -- Test Loss: 8.198 -- Test ACC: 0.539 -- Test F1-score: 0.523
2024-07-18,13:19:56 [INFO] Epoch: 0/30 -- Train Loss: 0.000 -- Validation Loss: 9.515 -- Validation ACC: 0.582 -- Validation F1: 0.587
2024-07-18,13:20:07 [INFO] Epoch: 10/30 -- Train Loss: 0.013 -- Validation Loss: 9.677 -- Validation ACC: 0.567 -- Validation F1: 0.604
2024-07-18,13:20:18 [INFO] Epoch: 20/30 -- Train Loss: 0.015 -- Validation Loss: 9.577 -- Validation ACC: 0.552 -- Validation F1: 0.572
2024-07-18,13:20:22 [INFO] Epoch: 24/30 -- Train Loss: 0.354 -- Validation Loss: 9.639 -- Validation ACC: 0.567 -- Validation F1: 0.606
2024-07-18,13:20:24 [INFO] Epoch: 25/30 -- Train Loss: 0.000 -- Validation Loss: 9.614 -- Validation ACC: 0.582 -- Validation F1: 0.614
2024-07-18,13:20:25 [INFO] Epoch: 26/30 -- Train Loss: 0.000 -- Validation Loss: 9.590 -- Validation ACC: 0.582 -- Validation F1: 0.614
2024-07-18,13:20:27 [INFO] Epoch: 27/30 -- Train Loss: 0.002 -- Validation Loss: 9.553 -- Validation ACC: 0.582 -- Validation F1: 0.588
2024-07-18,13:20:28 [INFO] Epoch: 28/30 -- Train Loss: 0.001 -- Validation Loss: 9.537 -- Validation ACC: 0.582 -- Validation F1: 0.588
2024-07-18,13:20:30 [INFO] Epoch: 29/30 -- Train Loss: 0.010 -- Validation Loss: 9.526 -- Validation ACC: 0.582 -- Validation F1: 0.588
2024-07-18,13:20:30 [INFO] Run 0/5: Average Over Last 6 epochs -- Valid ACC: 0.5796019900497513 -- Valid F1-score: 0.5997373660405477
2024-07-18,13:20:31 [INFO] Test Results of Run 0/5: -- Test Loss: 8.052 -- Test ACC: 0.540 -- Test F1: 0.523
2024-07-18,13:20:32 [INFO] Epoch: 0/30 -- Train Loss: 0.000 -- Validation Loss: 9.417 -- Validation ACC: 0.582 -- Validation F1: 0.585
2024-07-18,13:20:43 [INFO] Epoch: 10/30 -- Train Loss: 0.111 -- Validation Loss: 9.544 -- Validation ACC: 0.582 -- Validation F1: 0.611
2024-07-18,13:20:55 [INFO] Epoch: 20/30 -- Train Loss: 0.000 -- Validation Loss: 9.464 -- Validation ACC: 0.597 -- Validation F1: 0.626
2024-07-18,13:20:59 [INFO] Epoch: 24/30 -- Train Loss: 0.000 -- Validation Loss: 9.598 -- Validation ACC: 0.597 -- Validation F1: 0.626
2024-07-18,13:21:01 [INFO] Epoch: 25/30 -- Train Loss: 0.000 -- Validation Loss: 9.665 -- Validation ACC: 0.582 -- Validation F1: 0.618
2024-07-18,13:21:02 [INFO] Epoch: 26/30 -- Train Loss: 0.050 -- Validation Loss: 9.750 -- Validation ACC: 0.567 -- Validation F1: 0.603
2024-07-18,13:21:03 [INFO] Epoch: 27/30 -- Train Loss: 0.000 -- Validation Loss: 9.807 -- Validation ACC: 0.582 -- Validation F1: 0.618
2024-07-18,13:21:05 [INFO] Epoch: 28/30 -- Train Loss: 6.229 -- Validation Loss: 9.810 -- Validation ACC: 0.567 -- Validation F1: 0.610
2024-07-18,13:21:06 [INFO] Epoch: 29/30 -- Train Loss: 0.559 -- Validation Loss: 9.757 -- Validation ACC: 0.567 -- Validation F1: 0.606
2024-07-18,13:21:06 [INFO] Run 1/5: Average Over Last 6 epochs -- Valid ACC: 0.5771144278606964 -- Valid F1-score: 0.6135815382003784
2024-07-18,13:21:07 [INFO] Test Results of Run 1/5: -- Test Loss: 8.406 -- Test ACC: 0.531 -- Test F1: 0.517
2024-07-18,13:21:09 [INFO] Epoch: 0/30 -- Train Loss: 0.000 -- Validation Loss: 9.649 -- Validation ACC: 0.567 -- Validation F1: 0.580
2024-07-18,13:21:19 [INFO] Epoch: 10/30 -- Train Loss: 15.300 -- Validation Loss: 9.676 -- Validation ACC: 0.552 -- Validation F1: 0.575
2024-07-18,13:21:30 [INFO] Epoch: 20/30 -- Train Loss: 0.016 -- Validation Loss: 9.631 -- Validation ACC: 0.552 -- Validation F1: 0.575
2024-07-18,13:21:36 [INFO] Epoch: 24/30 -- Train Loss: 0.000 -- Validation Loss: 9.534 -- Validation ACC: 0.567 -- Validation F1: 0.580
2024-07-18,13:21:37 [INFO] Epoch: 25/30 -- Train Loss: 0.085 -- Validation Loss: 9.535 -- Validation ACC: 0.567 -- Validation F1: 0.580
2024-07-18,13:21:38 [INFO] Epoch: 26/30 -- Train Loss: 0.000 -- Validation Loss: 9.551 -- Validation ACC: 0.567 -- Validation F1: 0.580
2024-07-18,13:21:39 [INFO] Epoch: 27/30 -- Train Loss: 0.000 -- Validation Loss: 9.572 -- Validation ACC: 0.582 -- Validation F1: 0.592
2024-07-18,13:21:41 [INFO] Epoch: 28/30 -- Train Loss: 0.000 -- Validation Loss: 9.564 -- Validation ACC: 0.567 -- Validation F1: 0.580
2024-07-18,13:21:42 [INFO] Epoch: 29/30 -- Train Loss: 0.000 -- Validation Loss: 9.530 -- Validation ACC: 0.567 -- Validation F1: 0.580
2024-07-18,13:21:42 [INFO] Run 2/5: Average Over Last 6 epochs -- Valid ACC: 0.5696517412935324 -- Valid F1-score: 0.5823406974474589
2024-07-18,13:21:43 [INFO] Test Results of Run 2/5: -- Test Loss: 8.177 -- Test ACC: 0.538 -- Test F1: 0.521
2024-07-18,13:21:44 [INFO] Epoch: 0/30 -- Train Loss: 0.527 -- Validation Loss: 9.513 -- Validation ACC: 0.582 -- Validation F1: 0.588
2024-07-18,13:21:55 [INFO] Epoch: 10/30 -- Train Loss: 9.485 -- Validation Loss: 9.622 -- Validation ACC: 0.552 -- Validation F1: 0.570
2024-07-18,13:22:05 [INFO] Epoch: 20/30 -- Train Loss: 0.000 -- Validation Loss: 9.608 -- Validation ACC: 0.552 -- Validation F1: 0.572
2024-07-18,13:22:10 [INFO] Epoch: 24/30 -- Train Loss: 0.000 -- Validation Loss: 9.544 -- Validation ACC: 0.567 -- Validation F1: 0.583
2024-07-18,13:22:11 [INFO] Epoch: 25/30 -- Train Loss: 0.000 -- Validation Loss: 9.531 -- Validation ACC: 0.567 -- Validation F1: 0.583
2024-07-18,13:22:12 [INFO] Epoch: 26/30 -- Train Loss: 0.018 -- Validation Loss: 9.510 -- Validation ACC: 0.552 -- Validation F1: 0.572
2024-07-18,13:22:14 [INFO] Epoch: 27/30 -- Train Loss: 0.000 -- Validation Loss: 9.496 -- Validation ACC: 0.552 -- Validation F1: 0.572
2024-07-18,13:22:15 [INFO] Epoch: 28/30 -- Train Loss: 0.000 -- Validation Loss: 9.490 -- Validation ACC: 0.552 -- Validation F1: 0.572
2024-07-18,13:22:16 [INFO] Epoch: 29/30 -- Train Loss: 0.000 -- Validation Loss: 9.487 -- Validation ACC: 0.552 -- Validation F1: 0.572
2024-07-18,13:22:16 [INFO] Run 3/5: Average Over Last 6 epochs -- Valid ACC: 0.5572139303482587 -- Valid F1-score: 0.5756968259811401
2024-07-18,13:22:17 [INFO] Test Results of Run 3/5: -- Test Loss: 8.143 -- Test ACC: 0.537 -- Test F1: 0.521
2024-07-18,13:22:19 [INFO] Epoch: 0/30 -- Train Loss: 0.060 -- Validation Loss: 9.577 -- Validation ACC: 0.582 -- Validation F1: 0.612
2024-07-18,13:22:29 [INFO] Epoch: 10/30 -- Train Loss: 0.000 -- Validation Loss: 9.546 -- Validation ACC: 0.567 -- Validation F1: 0.578
2024-07-18,13:22:41 [INFO] Epoch: 20/30 -- Train Loss: 0.000 -- Validation Loss: 9.453 -- Validation ACC: 0.567 -- Validation F1: 0.580
2024-07-18,13:22:46 [INFO] Epoch: 24/30 -- Train Loss: 0.134 -- Validation Loss: 9.426 -- Validation ACC: 0.582 -- Validation F1: 0.614
2024-07-18,13:22:48 [INFO] Epoch: 25/30 -- Train Loss: 0.477 -- Validation Loss: 9.400 -- Validation ACC: 0.567 -- Validation F1: 0.580
2024-07-18,13:22:49 [INFO] Epoch: 26/30 -- Train Loss: 0.000 -- Validation Loss: 9.406 -- Validation ACC: 0.582 -- Validation F1: 0.588
2024-07-18,13:22:51 [INFO] Epoch: 27/30 -- Train Loss: 0.004 -- Validation Loss: 9.404 -- Validation ACC: 0.582 -- Validation F1: 0.588
2024-07-18,13:22:52 [INFO] Epoch: 28/30 -- Train Loss: 0.000 -- Validation Loss: 9.409 -- Validation ACC: 0.582 -- Validation F1: 0.588
2024-07-18,13:22:54 [INFO] Epoch: 29/30 -- Train Loss: 0.000 -- Validation Loss: 9.425 -- Validation ACC: 0.582 -- Validation F1: 0.588
2024-07-18,13:22:54 [INFO] Run 4/5: Average Over Last 6 epochs -- Valid ACC: 0.5796019900497513 -- Valid F1-score: 0.5910403927167257
2024-07-18,13:22:55 [INFO] Test Results of Run 4/5: -- Test Loss: 8.029 -- Test ACC: 0.540 -- Test F1: 0.524
2024-07-18,13:22:55 [INFO] Validation average after 5 runs -- ACC: 0.573 -- F1-score: 0.592
2024-07-18,13:22:55 [INFO] Test average after 5 runs -- ACC: 0.537 -- F1-score: 0.521
2024-07-18,13:22:55 [INFO] Finished round 2/10 of experiments!
2024-07-18,13:22:55 [INFO] Started round 3/10 of experiments!
2024-07-18,13:23:13 [INFO] Loading previous pretrained model at ./pretrained/GCN_Pretrained_2024-06-27-18-34-51.pth
2024-07-18,13:23:13 [INFO] Total number of tokens: 5
2024-07-18,13:23:14 [INFO] Pretrained GNN on Source Dataset -- Test Loss: 3.335 -- Test ACC: 0.750 -- Test F1-score: 0.743
2024-07-18,13:23:14 [INFO] Pretrained GNN on Target Dataset Without Prompting: -- Validation Loss: 8.661 -- Validation ACC: 0.463 -- Validation F1-score: 0.358 -- Test Loss: 7.545 -- Test ACC: 0.544 -- Test F1-score: 0.517
2024-07-18,13:23:16 [INFO] Epoch: 0/30 -- Train Loss: 0.169 -- Validation Loss: 8.864 -- Validation ACC: 0.448 -- Validation F1: 0.341
2024-07-18,13:23:26 [INFO] Epoch: 10/30 -- Train Loss: 0.210 -- Validation Loss: 8.214 -- Validation ACC: 0.463 -- Validation F1: 0.376
2024-07-18,13:23:37 [INFO] Epoch: 20/30 -- Train Loss: 0.057 -- Validation Loss: 8.290 -- Validation ACC: 0.463 -- Validation F1: 0.356
2024-07-18,13:23:41 [INFO] Epoch: 24/30 -- Train Loss: 0.004 -- Validation Loss: 8.009 -- Validation ACC: 0.463 -- Validation F1: 0.360
2024-07-18,13:23:43 [INFO] Epoch: 25/30 -- Train Loss: 0.000 -- Validation Loss: 7.965 -- Validation ACC: 0.478 -- Validation F1: 0.384
2024-07-18,13:23:44 [INFO] Epoch: 26/30 -- Train Loss: 1.045 -- Validation Loss: 7.949 -- Validation ACC: 0.478 -- Validation F1: 0.384
2024-07-18,13:23:46 [INFO] Epoch: 27/30 -- Train Loss: 0.620 -- Validation Loss: 7.967 -- Validation ACC: 0.478 -- Validation F1: 0.384
2024-07-18,13:23:47 [INFO] Epoch: 28/30 -- Train Loss: 0.000 -- Validation Loss: 8.023 -- Validation ACC: 0.463 -- Validation F1: 0.373
2024-07-18,13:23:48 [INFO] Epoch: 29/30 -- Train Loss: 0.045 -- Validation Loss: 8.067 -- Validation ACC: 0.463 -- Validation F1: 0.373
2024-07-18,13:23:48 [INFO] Run 0/5: Average Over Last 6 epochs -- Valid ACC: 0.47014925373134336 -- Valid F1-score: 0.3761535982290904
2024-07-18,13:23:49 [INFO] Test Results of Run 0/5: -- Test Loss: 6.945 -- Test ACC: 0.555 -- Test F1: 0.529
2024-07-18,13:23:50 [INFO] Epoch: 0/30 -- Train Loss: 0.000 -- Validation Loss: 8.519 -- Validation ACC: 0.478 -- Validation F1: 0.382
2024-07-18,13:24:00 [INFO] Epoch: 10/30 -- Train Loss: 0.000 -- Validation Loss: 8.840 -- Validation ACC: 0.448 -- Validation F1: 0.348
2024-07-18,13:24:10 [INFO] Epoch: 20/30 -- Train Loss: 0.000 -- Validation Loss: 8.392 -- Validation ACC: 0.448 -- Validation F1: 0.350
2024-07-18,13:24:14 [INFO] Epoch: 24/30 -- Train Loss: 0.013 -- Validation Loss: 8.400 -- Validation ACC: 0.463 -- Validation F1: 0.370
2024-07-18,13:24:15 [INFO] Epoch: 25/30 -- Train Loss: 0.085 -- Validation Loss: 8.382 -- Validation ACC: 0.463 -- Validation F1: 0.369
2024-07-18,13:24:17 [INFO] Epoch: 26/30 -- Train Loss: 0.054 -- Validation Loss: 8.412 -- Validation ACC: 0.463 -- Validation F1: 0.370
2024-07-18,13:24:18 [INFO] Epoch: 27/30 -- Train Loss: 0.000 -- Validation Loss: 8.433 -- Validation ACC: 0.463 -- Validation F1: 0.371
2024-07-18,13:24:19 [INFO] Epoch: 28/30 -- Train Loss: 0.000 -- Validation Loss: 8.426 -- Validation ACC: 0.463 -- Validation F1: 0.371
2024-07-18,13:24:21 [INFO] Epoch: 29/30 -- Train Loss: 0.009 -- Validation Loss: 8.422 -- Validation ACC: 0.463 -- Validation F1: 0.371
2024-07-18,13:24:21 [INFO] Run 1/5: Average Over Last 6 epochs -- Valid ACC: 0.46268656716417916 -- Valid F1-score: 0.3701298733552297
2024-07-18,13:24:21 [INFO] Test Results of Run 1/5: -- Test Loss: 7.252 -- Test ACC: 0.544 -- Test F1: 0.519
2024-07-18,13:24:23 [INFO] Epoch: 0/30 -- Train Loss: 0.001 -- Validation Loss: 8.726 -- Validation ACC: 0.448 -- Validation F1: 0.365
2024-07-18,13:24:32 [INFO] Epoch: 10/30 -- Train Loss: 0.000 -- Validation Loss: 8.606 -- Validation ACC: 0.463 -- Validation F1: 0.358
2024-07-18,13:24:43 [INFO] Epoch: 20/30 -- Train Loss: 0.006 -- Validation Loss: 8.837 -- Validation ACC: 0.463 -- Validation F1: 0.355
2024-07-18,13:24:47 [INFO] Epoch: 24/30 -- Train Loss: 0.000 -- Validation Loss: 8.743 -- Validation ACC: 0.448 -- Validation F1: 0.345
2024-07-18,13:24:48 [INFO] Epoch: 25/30 -- Train Loss: 0.000 -- Validation Loss: 8.691 -- Validation ACC: 0.448 -- Validation F1: 0.348
2024-07-18,13:24:49 [INFO] Epoch: 26/30 -- Train Loss: 0.001 -- Validation Loss: 8.680 -- Validation ACC: 0.448 -- Validation F1: 0.348
2024-07-18,13:24:51 [INFO] Epoch: 27/30 -- Train Loss: 0.245 -- Validation Loss: 8.708 -- Validation ACC: 0.448 -- Validation F1: 0.348
2024-07-18,13:24:52 [INFO] Epoch: 28/30 -- Train Loss: 0.136 -- Validation Loss: 8.765 -- Validation ACC: 0.448 -- Validation F1: 0.345
2024-07-18,13:24:54 [INFO] Epoch: 29/30 -- Train Loss: 0.001 -- Validation Loss: 8.812 -- Validation ACC: 0.448 -- Validation F1: 0.341
2024-07-18,13:24:54 [INFO] Run 2/5: Average Over Last 6 epochs -- Valid ACC: 0.44776119402985076 -- Valid F1-score: 0.3459990421930949
2024-07-18,13:24:54 [INFO] Test Results of Run 2/5: -- Test Loss: 7.644 -- Test ACC: 0.545 -- Test F1: 0.515
2024-07-18,13:24:55 [INFO] Epoch: 0/30 -- Train Loss: 0.029 -- Validation Loss: 8.653 -- Validation ACC: 0.463 -- Validation F1: 0.355
2024-07-18,13:25:06 [INFO] Epoch: 10/30 -- Train Loss: 0.000 -- Validation Loss: 8.627 -- Validation ACC: 0.493 -- Validation F1: 0.371
2024-07-18,13:25:15 [INFO] Epoch: 20/30 -- Train Loss: 0.000 -- Validation Loss: 8.291 -- Validation ACC: 0.478 -- Validation F1: 0.379
2024-07-18,13:25:19 [INFO] Epoch: 24/30 -- Train Loss: 0.000 -- Validation Loss: 8.413 -- Validation ACC: 0.448 -- Validation F1: 0.350
2024-07-18,13:25:20 [INFO] Epoch: 25/30 -- Train Loss: 4.229 -- Validation Loss: 8.461 -- Validation ACC: 0.463 -- Validation F1: 0.359
2024-07-18,13:25:22 [INFO] Epoch: 26/30 -- Train Loss: 0.000 -- Validation Loss: 8.591 -- Validation ACC: 0.478 -- Validation F1: 0.367
2024-07-18,13:25:23 [INFO] Epoch: 27/30 -- Train Loss: 0.000 -- Validation Loss: 8.683 -- Validation ACC: 0.463 -- Validation F1: 0.358
2024-07-18,13:25:25 [INFO] Epoch: 28/30 -- Train Loss: 0.009 -- Validation Loss: 8.733 -- Validation ACC: 0.463 -- Validation F1: 0.358
2024-07-18,13:25:26 [INFO] Epoch: 29/30 -- Train Loss: 0.007 -- Validation Loss: 8.759 -- Validation ACC: 0.463 -- Validation F1: 0.358
2024-07-18,13:25:26 [INFO] Run 3/5: Average Over Last 6 epochs -- Valid ACC: 0.46268656716417916 -- Valid F1-score: 0.35810956358909607
2024-07-18,13:25:27 [INFO] Test Results of Run 3/5: -- Test Loss: 7.666 -- Test ACC: 0.541 -- Test F1: 0.511
2024-07-18,13:25:28 [INFO] Epoch: 0/30 -- Train Loss: 0.177 -- Validation Loss: 8.631 -- Validation ACC: 0.463 -- Validation F1: 0.358
2024-07-18,13:25:38 [INFO] Epoch: 10/30 -- Train Loss: 0.001 -- Validation Loss: 8.839 -- Validation ACC: 0.448 -- Validation F1: 0.342
2024-07-18,13:25:48 [INFO] Epoch: 20/30 -- Train Loss: 0.003 -- Validation Loss: 8.249 -- Validation ACC: 0.463 -- Validation F1: 0.376
2024-07-18,13:25:53 [INFO] Epoch: 24/30 -- Train Loss: 0.007 -- Validation Loss: 8.228 -- Validation ACC: 0.463 -- Validation F1: 0.376
2024-07-18,13:25:54 [INFO] Epoch: 25/30 -- Train Loss: 0.000 -- Validation Loss: 8.217 -- Validation ACC: 0.463 -- Validation F1: 0.376
2024-07-18,13:25:55 [INFO] Epoch: 26/30 -- Train Loss: 0.000 -- Validation Loss: 8.209 -- Validation ACC: 0.463 -- Validation F1: 0.376
2024-07-18,13:25:56 [INFO] Epoch: 27/30 -- Train Loss: 0.000 -- Validation Loss: 8.207 -- Validation ACC: 0.463 -- Validation F1: 0.376
2024-07-18,13:25:57 [INFO] Epoch: 28/30 -- Train Loss: 0.000 -- Validation Loss: 8.210 -- Validation ACC: 0.463 -- Validation F1: 0.376
2024-07-18,13:25:59 [INFO] Epoch: 29/30 -- Train Loss: 5.175 -- Validation Loss: 8.310 -- Validation ACC: 0.463 -- Validation F1: 0.376
2024-07-18,13:25:59 [INFO] Run 4/5: Average Over Last 6 epochs -- Valid ACC: 0.46268656716417916 -- Valid F1-score: 0.37568026781082153
2024-07-18,13:25:59 [INFO] Test Results of Run 4/5: -- Test Loss: 7.298 -- Test ACC: 0.549 -- Test F1: 0.521
2024-07-18,13:25:59 [INFO] Validation average after 5 runs -- ACC: 0.461 -- F1-score: 0.365
2024-07-18,13:25:59 [INFO] Test average after 5 runs -- ACC: 0.547 -- F1-score: 0.519
2024-07-18,13:25:59 [INFO] Finished round 3/10 of experiments!
2024-07-18,13:25:59 [INFO] Started round 4/10 of experiments!
2024-07-18,13:26:08 [INFO] Loading previous pretrained model at ./pretrained/GCN_Pretrained_2024-06-27-18-38-21.pth
2024-07-18,13:26:08 [INFO] Total number of tokens: 5
2024-07-18,13:26:09 [INFO] Pretrained GNN on Source Dataset -- Test Loss: 2.904 -- Test ACC: 0.775 -- Test F1-score: 0.752
2024-07-18,13:26:09 [INFO] Pretrained GNN on Target Dataset Without Prompting: -- Validation Loss: 6.544 -- Validation ACC: 0.582 -- Validation F1-score: 0.583 -- Test Loss: 5.640 -- Test ACC: 0.585 -- Test F1-score: 0.569
2024-07-18,13:26:11 [INFO] Epoch: 0/30 -- Train Loss: 0.000 -- Validation Loss: 6.541 -- Validation ACC: 0.582 -- Validation F1: 0.583
2024-07-18,13:26:21 [INFO] Epoch: 10/30 -- Train Loss: 0.283 -- Validation Loss: 6.569 -- Validation ACC: 0.582 -- Validation F1: 0.584
2024-07-18,13:26:32 [INFO] Epoch: 20/30 -- Train Loss: 0.000 -- Validation Loss: 6.504 -- Validation ACC: 0.582 -- Validation F1: 0.572
2024-07-18,13:26:36 [INFO] Epoch: 24/30 -- Train Loss: 0.728 -- Validation Loss: 6.485 -- Validation ACC: 0.582 -- Validation F1: 0.572
2024-07-18,13:26:38 [INFO] Epoch: 25/30 -- Train Loss: 0.000 -- Validation Loss: 6.515 -- Validation ACC: 0.582 -- Validation F1: 0.583
2024-07-18,13:26:39 [INFO] Epoch: 26/30 -- Train Loss: 0.233 -- Validation Loss: 6.536 -- Validation ACC: 0.582 -- Validation F1: 0.583
2024-07-18,13:26:40 [INFO] Epoch: 27/30 -- Train Loss: 0.000 -- Validation Loss: 6.500 -- Validation ACC: 0.582 -- Validation F1: 0.583
2024-07-18,13:26:41 [INFO] Epoch: 28/30 -- Train Loss: 0.000 -- Validation Loss: 6.462 -- Validation ACC: 0.582 -- Validation F1: 0.583
2024-07-18,13:26:42 [INFO] Epoch: 29/30 -- Train Loss: 0.000 -- Validation Loss: 6.466 -- Validation ACC: 0.597 -- Validation F1: 0.602
2024-07-18,13:26:42 [INFO] Run 0/5: Average Over Last 6 epochs -- Valid ACC: 0.5845771144278608 -- Valid F1-score: 0.5844645301500956
2024-07-18,13:26:43 [INFO] Test Results of Run 0/5: -- Test Loss: 5.552 -- Test ACC: 0.588 -- Test F1: 0.571
2024-07-18,13:26:44 [INFO] Epoch: 0/30 -- Train Loss: 0.000 -- Validation Loss: 6.494 -- Validation ACC: 0.582 -- Validation F1: 0.583
2024-07-18,13:26:53 [INFO] Epoch: 10/30 -- Train Loss: 0.000 -- Validation Loss: 6.607 -- Validation ACC: 0.582 -- Validation F1: 0.583
2024-07-18,13:27:02 [INFO] Epoch: 20/30 -- Train Loss: 0.835 -- Validation Loss: 6.672 -- Validation ACC: 0.582 -- Validation F1: 0.583
2024-07-18,13:27:06 [INFO] Epoch: 24/30 -- Train Loss: 0.000 -- Validation Loss: 6.597 -- Validation ACC: 0.582 -- Validation F1: 0.572
2024-07-18,13:27:07 [INFO] Epoch: 25/30 -- Train Loss: 0.045 -- Validation Loss: 6.567 -- Validation ACC: 0.582 -- Validation F1: 0.565
2024-07-18,13:27:09 [INFO] Epoch: 26/30 -- Train Loss: 0.000 -- Validation Loss: 6.567 -- Validation ACC: 0.582 -- Validation F1: 0.572
2024-07-18,13:27:10 [INFO] Epoch: 27/30 -- Train Loss: 0.076 -- Validation Loss: 6.575 -- Validation ACC: 0.582 -- Validation F1: 0.572
2024-07-18,13:27:11 [INFO] Epoch: 28/30 -- Train Loss: 0.000 -- Validation Loss: 6.589 -- Validation ACC: 0.582 -- Validation F1: 0.583
2024-07-18,13:27:12 [INFO] Epoch: 29/30 -- Train Loss: 0.000 -- Validation Loss: 6.590 -- Validation ACC: 0.582 -- Validation F1: 0.583
2024-07-18,13:27:12 [INFO] Run 1/5: Average Over Last 6 epochs -- Valid ACC: 0.582089552238806 -- Valid F1-score: 0.574486494064331
2024-07-18,13:27:13 [INFO] Test Results of Run 1/5: -- Test Loss: 5.720 -- Test ACC: 0.580 -- Test F1: 0.560
2024-07-18,13:27:14 [INFO] Epoch: 0/30 -- Train Loss: 0.005 -- Validation Loss: 6.576 -- Validation ACC: 0.582 -- Validation F1: 0.583
2024-07-18,13:27:23 [INFO] Epoch: 10/30 -- Train Loss: 1.359 -- Validation Loss: 6.551 -- Validation ACC: 0.582 -- Validation F1: 0.583
2024-07-18,13:27:33 [INFO] Epoch: 20/30 -- Train Loss: 0.263 -- Validation Loss: 6.338 -- Validation ACC: 0.597 -- Validation F1: 0.602
2024-07-18,13:27:38 [INFO] Epoch: 24/30 -- Train Loss: 0.000 -- Validation Loss: 6.354 -- Validation ACC: 0.582 -- Validation F1: 0.583
2024-07-18,13:27:39 [INFO] Epoch: 25/30 -- Train Loss: 0.017 -- Validation Loss: 6.362 -- Validation ACC: 0.582 -- Validation F1: 0.583
2024-07-18,13:27:40 [INFO] Epoch: 26/30 -- Train Loss: 0.000 -- Validation Loss: 6.358 -- Validation ACC: 0.582 -- Validation F1: 0.583
2024-07-18,13:27:42 [INFO] Epoch: 27/30 -- Train Loss: 0.000 -- Validation Loss: 6.362 -- Validation ACC: 0.582 -- Validation F1: 0.583
2024-07-18,13:27:43 [INFO] Epoch: 28/30 -- Train Loss: 0.001 -- Validation Loss: 6.364 -- Validation ACC: 0.582 -- Validation F1: 0.583
2024-07-18,13:27:44 [INFO] Epoch: 29/30 -- Train Loss: 0.169 -- Validation Loss: 6.366 -- Validation ACC: 0.582 -- Validation F1: 0.583
2024-07-18,13:27:44 [INFO] Run 2/5: Average Over Last 6 epochs -- Valid ACC: 0.582089552238806 -- Valid F1-score: 0.5830879211425781
2024-07-18,13:27:45 [INFO] Test Results of Run 2/5: -- Test Loss: 5.575 -- Test ACC: 0.583 -- Test F1: 0.571
2024-07-18,13:27:46 [INFO] Epoch: 0/30 -- Train Loss: 0.021 -- Validation Loss: 6.566 -- Validation ACC: 0.582 -- Validation F1: 0.583
2024-07-18,13:27:55 [INFO] Epoch: 10/30 -- Train Loss: 0.002 -- Validation Loss: 6.384 -- Validation ACC: 0.582 -- Validation F1: 0.584
2024-07-18,13:28:05 [INFO] Epoch: 20/30 -- Train Loss: 2.125 -- Validation Loss: 6.436 -- Validation ACC: 0.582 -- Validation F1: 0.583
2024-07-18,13:28:09 [INFO] Epoch: 24/30 -- Train Loss: 0.003 -- Validation Loss: 6.393 -- Validation ACC: 0.582 -- Validation F1: 0.565
2024-07-18,13:28:10 [INFO] Epoch: 25/30 -- Train Loss: 0.012 -- Validation Loss: 6.365 -- Validation ACC: 0.582 -- Validation F1: 0.565
2024-07-18,13:28:11 [INFO] Epoch: 26/30 -- Train Loss: 0.002 -- Validation Loss: 6.345 -- Validation ACC: 0.582 -- Validation F1: 0.565
2024-07-18,13:28:12 [INFO] Epoch: 27/30 -- Train Loss: 0.012 -- Validation Loss: 6.340 -- Validation ACC: 0.582 -- Validation F1: 0.565
2024-07-18,13:28:13 [INFO] Epoch: 28/30 -- Train Loss: 0.079 -- Validation Loss: 6.331 -- Validation ACC: 0.582 -- Validation F1: 0.565
2024-07-18,13:28:15 [INFO] Epoch: 29/30 -- Train Loss: 0.002 -- Validation Loss: 6.336 -- Validation ACC: 0.582 -- Validation F1: 0.572
2024-07-18,13:28:15 [INFO] Run 3/5: Average Over Last 6 epochs -- Valid ACC: 0.582089552238806 -- Valid F1-score: 0.5659273862838745
2024-07-18,13:28:15 [INFO] Test Results of Run 3/5: -- Test Loss: 5.514 -- Test ACC: 0.586 -- Test F1: 0.570
2024-07-18,13:28:17 [INFO] Epoch: 0/30 -- Train Loss: 0.000 -- Validation Loss: 6.502 -- Validation ACC: 0.582 -- Validation F1: 0.583
2024-07-18,13:28:27 [INFO] Epoch: 10/30 -- Train Loss: 3.967 -- Validation Loss: 6.479 -- Validation ACC: 0.597 -- Validation F1: 0.602
2024-07-18,13:28:38 [INFO] Epoch: 20/30 -- Train Loss: 0.000 -- Validation Loss: 6.328 -- Validation ACC: 0.582 -- Validation F1: 0.583
2024-07-18,13:28:43 [INFO] Epoch: 24/30 -- Train Loss: 0.000 -- Validation Loss: 6.395 -- Validation ACC: 0.582 -- Validation F1: 0.583
2024-07-18,13:28:45 [INFO] Epoch: 25/30 -- Train Loss: 0.000 -- Validation Loss: 6.379 -- Validation ACC: 0.582 -- Validation F1: 0.583
2024-07-18,13:28:46 [INFO] Epoch: 26/30 -- Train Loss: 0.000 -- Validation Loss: 6.333 -- Validation ACC: 0.582 -- Validation F1: 0.583
2024-07-18,13:28:47 [INFO] Epoch: 27/30 -- Train Loss: 0.917 -- Validation Loss: 6.319 -- Validation ACC: 0.582 -- Validation F1: 0.583
2024-07-18,13:28:49 [INFO] Epoch: 28/30 -- Train Loss: 0.043 -- Validation Loss: 6.327 -- Validation ACC: 0.597 -- Validation F1: 0.596
2024-07-18,13:28:50 [INFO] Epoch: 29/30 -- Train Loss: 0.185 -- Validation Loss: 6.328 -- Validation ACC: 0.597 -- Validation F1: 0.596
2024-07-18,13:28:50 [INFO] Run 4/5: Average Over Last 6 epochs -- Valid ACC: 0.5870646766169154 -- Valid F1-score: 0.5874374310175577
2024-07-18,13:28:51 [INFO] Test Results of Run 4/5: -- Test Loss: 5.514 -- Test ACC: 0.588 -- Test F1: 0.569
2024-07-18,13:28:51 [INFO] Validation average after 5 runs -- ACC: 0.584 -- F1-score: 0.579
2024-07-18,13:28:51 [INFO] Test average after 5 runs -- ACC: 0.585 -- F1-score: 0.568
2024-07-18,13:28:51 [INFO] Finished round 4/10 of experiments!
2024-07-18,13:28:51 [INFO] Started round 5/10 of experiments!
2024-07-18,13:29:04 [INFO] Setting for pretraining: Model: {'gnn_type': 'gcn', 'in_channels': 1433, 'hidden_channels': 512, 'out_channels': 7, 'num_layers': 3, 'dropout': 0.4, 'with_bn': False, 'with_head': True} -- Optimizer: {'lr': 0.001, 'scheduler_step_size': 50, 'scheduler_gamma': 0.5, 'weight_decay': 0.0} -- Training: {'n_epochs': 100}
2024-07-18,13:29:04 [INFO] Loading previous pretrained model at ./pretrained/GCN_Pretrained_2024-06-27-18-41-19.pth
2024-07-18,13:29:05 [INFO] Total number of tokens: 5
2024-07-18,13:29:05 [INFO] Prompting method: flex_match -- Setting: Prompting function: gpf_plus -- Target Dataset: Cora
2024-07-18,13:29:05 [INFO] Setting for prompt tuning: Prompt: {'emb_dim': 1433, 'h_dim': 512, 'output_dim': 1433, 'prompt_fn': 'gpf_plus', 'token_num': 5, 'cross_prune': 0.8, 'inner_prune': 0.3, 'attn_with_param': False, 'attn_dropout': 0.3} -- Pretrained Model: {'gnn_type': 'gcn', 'in_channels': 1433, 'hidden_channels': 512, 'out_channels': 7, 'num_layers': 3, 'dropout': 0.4, 'with_bn': False, 'with_head': True} -- Optimizer: {'lr': 0.001, 'scheduler_step_size': 50, 'scheduler_gamma': 0.5, 'weight_decay': 0.0} -- Training: {'aug_type': 'feature', 'pos_aug_mode': 'mask', 'p_raug': 0.15, 'n_epochs': 30, 'r_reg': 0.0, 'soft_label': False, 'clutering_iters': 3, 'iterative_clustering': False, 'entropy_div_ratio': 3, 'w_entropy_loss': 0.0, 'w_softmax_loss': 0.0, 'w_domain_loss': 0.0, 'light_aug_prob': 0.1, 'light_aug_mode': 'mask', 'num_classes': 7, 'cut_off': 0.5}
2024-07-18,13:29:05 [INFO] Prompt tuning started: Num runs: 5 -- Eval step: 10
2024-07-18,13:29:05 [INFO] Pretrained GNN on Source Dataset -- Test Loss: 3.307 -- Test ACC: 0.755 -- Test F1-score: 0.736
2024-07-18,13:29:06 [INFO] Pretrained GNN on Target Dataset Without Prompting: -- Validation Loss: 5.594 -- Validation ACC: 0.642 -- Validation F1-score: 0.460 -- Test Loss: 6.735 -- Test ACC: 0.549 -- Test F1-score: 0.529
2024-07-18,13:29:07 [INFO] Epoch: 0/30 -- Train Loss: 0.012 -- Validation Loss: 5.610 -- Validation ACC: 0.642 -- Validation F1: 0.456
2024-07-18,13:29:18 [INFO] Epoch: 10/30 -- Train Loss: 0.000 -- Validation Loss: 5.579 -- Validation ACC: 0.612 -- Validation F1: 0.438
2024-07-18,13:29:29 [INFO] Epoch: 20/30 -- Train Loss: 0.000 -- Validation Loss: 5.653 -- Validation ACC: 0.642 -- Validation F1: 0.467
2024-07-18,13:29:33 [INFO] Epoch: 24/30 -- Train Loss: 0.000 -- Validation Loss: 5.564 -- Validation ACC: 0.627 -- Validation F1: 0.446
2024-07-18,13:29:34 [INFO] Epoch: 25/30 -- Train Loss: 0.000 -- Validation Loss: 5.553 -- Validation ACC: 0.627 -- Validation F1: 0.446
2024-07-18,13:29:36 [INFO] Epoch: 26/30 -- Train Loss: 0.000 -- Validation Loss: 5.554 -- Validation ACC: 0.627 -- Validation F1: 0.446
2024-07-18,13:29:37 [INFO] Epoch: 27/30 -- Train Loss: 0.002 -- Validation Loss: 5.551 -- Validation ACC: 0.627 -- Validation F1: 0.446
2024-07-18,13:29:38 [INFO] Epoch: 28/30 -- Train Loss: 0.016 -- Validation Loss: 5.539 -- Validation ACC: 0.627 -- Validation F1: 0.446
2024-07-18,13:29:39 [INFO] Epoch: 29/30 -- Train Loss: 0.008 -- Validation Loss: 5.547 -- Validation ACC: 0.627 -- Validation F1: 0.446
2024-07-18,13:29:39 [INFO] Run 0/5: Average Over Last 6 epochs -- Valid ACC: 0.6268656716417911 -- Valid F1-score: 0.44643646478652954
2024-07-18,13:29:40 [INFO] Test Results of Run 0/5: -- Test Loss: 6.623 -- Test ACC: 0.554 -- Test F1: 0.534
2024-07-18,13:29:41 [INFO] Epoch: 0/30 -- Train Loss: 0.000 -- Validation Loss: 5.642 -- Validation ACC: 0.627 -- Validation F1: 0.447
2024-07-18,13:29:51 [INFO] Epoch: 10/30 -- Train Loss: 0.000 -- Validation Loss: 5.674 -- Validation ACC: 0.627 -- Validation F1: 0.453
2024-07-18,13:30:00 [INFO] Epoch: 20/30 -- Train Loss: 0.000 -- Validation Loss: 5.548 -- Validation ACC: 0.627 -- Validation F1: 0.453
2024-07-18,13:30:04 [INFO] Epoch: 24/30 -- Train Loss: 0.000 -- Validation Loss: 5.486 -- Validation ACC: 0.612 -- Validation F1: 0.438
2024-07-18,13:30:06 [INFO] Epoch: 25/30 -- Train Loss: 0.000 -- Validation Loss: 5.491 -- Validation ACC: 0.612 -- Validation F1: 0.432
2024-07-18,13:30:07 [INFO] Epoch: 26/30 -- Train Loss: 0.000 -- Validation Loss: 5.476 -- Validation ACC: 0.627 -- Validation F1: 0.446
2024-07-18,13:30:08 [INFO] Epoch: 27/30 -- Train Loss: 1.805 -- Validation Loss: 5.464 -- Validation ACC: 0.627 -- Validation F1: 0.446
2024-07-18,13:30:09 [INFO] Epoch: 28/30 -- Train Loss: 0.003 -- Validation Loss: 5.461 -- Validation ACC: 0.627 -- Validation F1: 0.453
2024-07-18,13:30:10 [INFO] Epoch: 29/30 -- Train Loss: 0.204 -- Validation Loss: 5.478 -- Validation ACC: 0.627 -- Validation F1: 0.453
2024-07-18,13:30:10 [INFO] Run 1/5: Average Over Last 6 epochs -- Valid ACC: 0.6218905472636816 -- Valid F1-score: 0.4447064846754074
2024-07-18,13:30:11 [INFO] Test Results of Run 1/5: -- Test Loss: 6.542 -- Test ACC: 0.551 -- Test F1: 0.531
2024-07-18,13:30:12 [INFO] Epoch: 0/30 -- Train Loss: 0.000 -- Validation Loss: 5.727 -- Validation ACC: 0.627 -- Validation F1: 0.451
2024-07-18,13:30:21 [INFO] Epoch: 10/30 -- Train Loss: 0.000 -- Validation Loss: 5.633 -- Validation ACC: 0.612 -- Validation F1: 0.436
2024-07-18,13:30:30 [INFO] Epoch: 20/30 -- Train Loss: 0.000 -- Validation Loss: 5.627 -- Validation ACC: 0.627 -- Validation F1: 0.450
2024-07-18,13:30:34 [INFO] Epoch: 24/30 -- Train Loss: 0.941 -- Validation Loss: 5.689 -- Validation ACC: 0.612 -- Validation F1: 0.436
2024-07-18,13:30:35 [INFO] Epoch: 25/30 -- Train Loss: 0.000 -- Validation Loss: 5.761 -- Validation ACC: 0.612 -- Validation F1: 0.436
2024-07-18,13:30:36 [INFO] Epoch: 26/30 -- Train Loss: 0.000 -- Validation Loss: 5.810 -- Validation ACC: 0.597 -- Validation F1: 0.428
2024-07-18,13:30:37 [INFO] Epoch: 27/30 -- Train Loss: 0.026 -- Validation Loss: 5.943 -- Validation ACC: 0.597 -- Validation F1: 0.433
2024-07-18,13:30:38 [INFO] Epoch: 28/30 -- Train Loss: 4.175 -- Validation Loss: 6.020 -- Validation ACC: 0.612 -- Validation F1: 0.445
2024-07-18,13:30:39 [INFO] Epoch: 29/30 -- Train Loss: 0.018 -- Validation Loss: 6.004 -- Validation ACC: 0.612 -- Validation F1: 0.445
2024-07-18,13:30:39 [INFO] Run 2/5: Average Over Last 6 epochs -- Valid ACC: 0.6069651741293532 -- Valid F1-score: 0.4370892345905304
2024-07-18,13:30:40 [INFO] Test Results of Run 2/5: -- Test Loss: 6.961 -- Test ACC: 0.554 -- Test F1: 0.535
2024-07-18,13:30:41 [INFO] Epoch: 0/30 -- Train Loss: 0.000 -- Validation Loss: 5.522 -- Validation ACC: 0.612 -- Validation F1: 0.438
2024-07-18,13:30:51 [INFO] Epoch: 10/30 -- Train Loss: 0.000 -- Validation Loss: 5.442 -- Validation ACC: 0.642 -- Validation F1: 0.444
2024-07-18,13:31:00 [INFO] Epoch: 20/30 -- Train Loss: 0.000 -- Validation Loss: 5.505 -- Validation ACC: 0.627 -- Validation F1: 0.457
2024-07-18,13:31:03 [INFO] Epoch: 24/30 -- Train Loss: 0.001 -- Validation Loss: 5.353 -- Validation ACC: 0.657 -- Validation F1: 0.459
2024-07-18,13:31:04 [INFO] Epoch: 25/30 -- Train Loss: 0.000 -- Validation Loss: 5.377 -- Validation ACC: 0.642 -- Validation F1: 0.456
2024-07-18,13:31:06 [INFO] Epoch: 26/30 -- Train Loss: 0.003 -- Validation Loss: 5.366 -- Validation ACC: 0.642 -- Validation F1: 0.456
2024-07-18,13:31:07 [INFO] Epoch: 27/30 -- Train Loss: 0.000 -- Validation Loss: 5.347 -- Validation ACC: 0.642 -- Validation F1: 0.445
2024-07-18,13:31:08 [INFO] Epoch: 28/30 -- Train Loss: 0.000 -- Validation Loss: 5.346 -- Validation ACC: 0.642 -- Validation F1: 0.445
2024-07-18,13:31:09 [INFO] Epoch: 29/30 -- Train Loss: 0.000 -- Validation Loss: 5.372 -- Validation ACC: 0.642 -- Validation F1: 0.456
2024-07-18,13:31:09 [INFO] Run 3/5: Average Over Last 6 epochs -- Valid ACC: 0.644278606965174 -- Valid F1-score: 0.45277585585912067
2024-07-18,13:31:10 [INFO] Test Results of Run 3/5: -- Test Loss: 6.367 -- Test ACC: 0.561 -- Test F1: 0.542
2024-07-18,13:31:11 [INFO] Epoch: 0/30 -- Train Loss: 0.000 -- Validation Loss: 5.534 -- Validation ACC: 0.642 -- Validation F1: 0.456
2024-07-18,13:31:20 [INFO] Epoch: 10/30 -- Train Loss: 0.834 -- Validation Loss: 5.492 -- Validation ACC: 0.642 -- Validation F1: 0.456
2024-07-18,13:31:30 [INFO] Epoch: 20/30 -- Train Loss: 0.000 -- Validation Loss: 5.579 -- Validation ACC: 0.657 -- Validation F1: 0.471
2024-07-18,13:31:34 [INFO] Epoch: 24/30 -- Train Loss: 0.082 -- Validation Loss: 5.538 -- Validation ACC: 0.642 -- Validation F1: 0.458
2024-07-18,13:31:35 [INFO] Epoch: 25/30 -- Train Loss: 0.005 -- Validation Loss: 5.553 -- Validation ACC: 0.642 -- Validation F1: 0.456
2024-07-18,13:31:36 [INFO] Epoch: 26/30 -- Train Loss: 5.303 -- Validation Loss: 5.614 -- Validation ACC: 0.627 -- Validation F1: 0.447
2024-07-18,13:31:37 [INFO] Epoch: 27/30 -- Train Loss: 0.027 -- Validation Loss: 5.672 -- Validation ACC: 0.642 -- Validation F1: 0.460
2024-07-18,13:31:38 [INFO] Epoch: 28/30 -- Train Loss: 0.000 -- Validation Loss: 5.514 -- Validation ACC: 0.627 -- Validation F1: 0.447
2024-07-18,13:31:39 [INFO] Epoch: 29/30 -- Train Loss: 0.000 -- Validation Loss: 5.422 -- Validation ACC: 0.627 -- Validation F1: 0.446
2024-07-18,13:31:39 [INFO] Run 4/5: Average Over Last 6 epochs -- Valid ACC: 0.6343283582089553 -- Valid F1-score: 0.45274153848489124
2024-07-18,13:31:40 [INFO] Test Results of Run 4/5: -- Test Loss: 6.564 -- Test ACC: 0.554 -- Test F1: 0.532
2024-07-18,13:31:40 [INFO] Validation average after 5 runs -- ACC: 0.627 -- F1-score: 0.447
2024-07-18,13:31:40 [INFO] Test average after 5 runs -- ACC: 0.555 -- F1-score: 0.535
2024-07-18,13:31:40 [INFO] Finished round 5/10 of experiments!
2024-07-18,13:31:40 [INFO] Started round 6/10 of experiments!
2024-07-18,13:31:56 [INFO] Loading previous pretrained model at ./pretrained/GCN_Pretrained_2024-06-27-18-45-22.pth
2024-07-18,13:31:57 [INFO] Total number of tokens: 5
2024-07-18,13:31:57 [INFO] Pretrained GNN on Source Dataset -- Test Loss: 2.991 -- Test ACC: 0.764 -- Test F1-score: 0.756
2024-07-18,13:31:58 [INFO] Pretrained GNN on Target Dataset Without Prompting: -- Validation Loss: 5.830 -- Validation ACC: 0.567 -- Validation F1-score: 0.450 -- Test Loss: 6.110 -- Test ACC: 0.568 -- Test F1-score: 0.532
2024-07-18,13:31:59 [INFO] Epoch: 0/30 -- Train Loss: 0.000 -- Validation Loss: 5.780 -- Validation ACC: 0.522 -- Validation F1: 0.418
2024-07-18,13:32:09 [INFO] Epoch: 10/30 -- Train Loss: 0.000 -- Validation Loss: 6.246 -- Validation ACC: 0.567 -- Validation F1: 0.449
2024-07-18,13:32:19 [INFO] Epoch: 20/30 -- Train Loss: 1.654 -- Validation Loss: 5.689 -- Validation ACC: 0.552 -- Validation F1: 0.441
2024-07-18,13:32:23 [INFO] Epoch: 24/30 -- Train Loss: 0.000 -- Validation Loss: 5.891 -- Validation ACC: 0.582 -- Validation F1: 0.457
2024-07-18,13:32:25 [INFO] Epoch: 25/30 -- Train Loss: 0.000 -- Validation Loss: 5.966 -- Validation ACC: 0.582 -- Validation F1: 0.458
2024-07-18,13:32:26 [INFO] Epoch: 26/30 -- Train Loss: 0.000 -- Validation Loss: 5.992 -- Validation ACC: 0.582 -- Validation F1: 0.458
2024-07-18,13:32:27 [INFO] Epoch: 27/30 -- Train Loss: 0.000 -- Validation Loss: 6.016 -- Validation ACC: 0.582 -- Validation F1: 0.458
2024-07-18,13:32:28 [INFO] Epoch: 28/30 -- Train Loss: 0.060 -- Validation Loss: 5.969 -- Validation ACC: 0.582 -- Validation F1: 0.458
2024-07-18,13:32:30 [INFO] Epoch: 29/30 -- Train Loss: 2.542 -- Validation Loss: 5.927 -- Validation ACC: 0.582 -- Validation F1: 0.457
2024-07-18,13:32:30 [INFO] Run 0/5: Average Over Last 6 epochs -- Valid ACC: 0.582089552238806 -- Valid F1-score: 0.45776883761088055
2024-07-18,13:32:31 [INFO] Test Results of Run 0/5: -- Test Loss: 6.199 -- Test ACC: 0.558 -- Test F1: 0.519
2024-07-18,13:32:32 [INFO] Epoch: 0/30 -- Train Loss: 0.000 -- Validation Loss: 6.107 -- Validation ACC: 0.567 -- Validation F1: 0.449
2024-07-18,13:32:42 [INFO] Epoch: 10/30 -- Train Loss: 0.595 -- Validation Loss: 5.768 -- Validation ACC: 0.537 -- Validation F1: 0.434
2024-07-18,13:32:52 [INFO] Epoch: 20/30 -- Train Loss: 0.000 -- Validation Loss: 5.727 -- Validation ACC: 0.537 -- Validation F1: 0.434
2024-07-18,13:32:56 [INFO] Epoch: 24/30 -- Train Loss: 0.010 -- Validation Loss: 5.915 -- Validation ACC: 0.567 -- Validation F1: 0.443
2024-07-18,13:32:57 [INFO] Epoch: 25/30 -- Train Loss: 0.002 -- Validation Loss: 5.927 -- Validation ACC: 0.552 -- Validation F1: 0.433
2024-07-18,13:32:59 [INFO] Epoch: 26/30 -- Train Loss: 0.001 -- Validation Loss: 5.934 -- Validation ACC: 0.537 -- Validation F1: 0.427
2024-07-18,13:33:00 [INFO] Epoch: 27/30 -- Train Loss: 1.511 -- Validation Loss: 5.974 -- Validation ACC: 0.552 -- Validation F1: 0.433
2024-07-18,13:33:01 [INFO] Epoch: 28/30 -- Train Loss: 0.000 -- Validation Loss: 6.058 -- Validation ACC: 0.552 -- Validation F1: 0.433
2024-07-18,13:33:02 [INFO] Epoch: 29/30 -- Train Loss: 0.009 -- Validation Loss: 6.126 -- Validation ACC: 0.552 -- Validation F1: 0.434
2024-07-18,13:33:02 [INFO] Run 1/5: Average Over Last 6 epochs -- Valid ACC: 0.5522388059701493 -- Valid F1-score: 0.43381229043006897
2024-07-18,13:33:03 [INFO] Test Results of Run 1/5: -- Test Loss: 6.175 -- Test ACC: 0.556 -- Test F1: 0.520
2024-07-18,13:33:04 [INFO] Epoch: 0/30 -- Train Loss: 0.000 -- Validation Loss: 5.971 -- Validation ACC: 0.567 -- Validation F1: 0.450
2024-07-18,13:33:15 [INFO] Epoch: 10/30 -- Train Loss: 0.001 -- Validation Loss: 5.849 -- Validation ACC: 0.537 -- Validation F1: 0.432
2024-07-18,13:33:25 [INFO] Epoch: 20/30 -- Train Loss: 0.493 -- Validation Loss: 5.916 -- Validation ACC: 0.582 -- Validation F1: 0.465
2024-07-18,13:33:29 [INFO] Epoch: 24/30 -- Train Loss: 3.095 -- Validation Loss: 6.105 -- Validation ACC: 0.582 -- Validation F1: 0.466
2024-07-18,13:33:30 [INFO] Epoch: 25/30 -- Train Loss: 0.000 -- Validation Loss: 6.088 -- Validation ACC: 0.582 -- Validation F1: 0.466
2024-07-18,13:33:32 [INFO] Epoch: 26/30 -- Train Loss: 0.001 -- Validation Loss: 6.045 -- Validation ACC: 0.582 -- Validation F1: 0.463
2024-07-18,13:33:33 [INFO] Epoch: 27/30 -- Train Loss: 0.019 -- Validation Loss: 6.065 -- Validation ACC: 0.582 -- Validation F1: 0.463
2024-07-18,13:33:35 [INFO] Epoch: 28/30 -- Train Loss: 0.001 -- Validation Loss: 6.120 -- Validation ACC: 0.582 -- Validation F1: 0.463
2024-07-18,13:33:36 [INFO] Epoch: 29/30 -- Train Loss: 0.000 -- Validation Loss: 6.144 -- Validation ACC: 0.582 -- Validation F1: 0.464
2024-07-18,13:33:36 [INFO] Run 2/5: Average Over Last 6 epochs -- Valid ACC: 0.582089552238806 -- Valid F1-score: 0.4644659509261449
2024-07-18,13:33:37 [INFO] Test Results of Run 2/5: -- Test Loss: 6.431 -- Test ACC: 0.563 -- Test F1: 0.519
2024-07-18,13:33:38 [INFO] Epoch: 0/30 -- Train Loss: 1.646 -- Validation Loss: 6.018 -- Validation ACC: 0.567 -- Validation F1: 0.450
2024-07-18,13:33:48 [INFO] Epoch: 10/30 -- Train Loss: 0.000 -- Validation Loss: 6.131 -- Validation ACC: 0.537 -- Validation F1: 0.425
2024-07-18,13:33:57 [INFO] Epoch: 20/30 -- Train Loss: 0.003 -- Validation Loss: 6.321 -- Validation ACC: 0.552 -- Validation F1: 0.437
2024-07-18,13:34:01 [INFO] Epoch: 24/30 -- Train Loss: 0.000 -- Validation Loss: 6.305 -- Validation ACC: 0.537 -- Validation F1: 0.425
2024-07-18,13:34:03 [INFO] Epoch: 25/30 -- Train Loss: 0.000 -- Validation Loss: 6.266 -- Validation ACC: 0.537 -- Validation F1: 0.425
2024-07-18,13:34:04 [INFO] Epoch: 26/30 -- Train Loss: 0.005 -- Validation Loss: 6.238 -- Validation ACC: 0.537 -- Validation F1: 0.425
2024-07-18,13:34:05 [INFO] Epoch: 27/30 -- Train Loss: 0.000 -- Validation Loss: 6.132 -- Validation ACC: 0.537 -- Validation F1: 0.424
2024-07-18,13:34:06 [INFO] Epoch: 28/30 -- Train Loss: 0.027 -- Validation Loss: 6.011 -- Validation ACC: 0.522 -- Validation F1: 0.415
2024-07-18,13:34:07 [INFO] Epoch: 29/30 -- Train Loss: 0.000 -- Validation Loss: 5.938 -- Validation ACC: 0.537 -- Validation F1: 0.424
2024-07-18,13:34:07 [INFO] Run 3/5: Average Over Last 6 epochs -- Valid ACC: 0.5348258706467662 -- Valid F1-score: 0.4229710251092911
2024-07-18,13:34:08 [INFO] Test Results of Run 3/5: -- Test Loss: 6.015 -- Test ACC: 0.578 -- Test F1: 0.547
2024-07-18,13:34:09 [INFO] Epoch: 0/30 -- Train Loss: 0.001 -- Validation Loss: 6.066 -- Validation ACC: 0.567 -- Validation F1: 0.449
2024-07-18,13:34:18 [INFO] Epoch: 10/30 -- Train Loss: 0.001 -- Validation Loss: 5.962 -- Validation ACC: 0.567 -- Validation F1: 0.450
2024-07-18,13:34:26 [INFO] Epoch: 20/30 -- Train Loss: 0.001 -- Validation Loss: 5.894 -- Validation ACC: 0.567 -- Validation F1: 0.448
2024-07-18,13:34:30 [INFO] Epoch: 24/30 -- Train Loss: 0.000 -- Validation Loss: 5.663 -- Validation ACC: 0.567 -- Validation F1: 0.462
2024-07-18,13:34:32 [INFO] Epoch: 25/30 -- Train Loss: 0.000 -- Validation Loss: 5.667 -- Validation ACC: 0.552 -- Validation F1: 0.453
2024-07-18,13:34:33 [INFO] Epoch: 26/30 -- Train Loss: 0.000 -- Validation Loss: 5.670 -- Validation ACC: 0.552 -- Validation F1: 0.453
2024-07-18,13:34:34 [INFO] Epoch: 27/30 -- Train Loss: 0.012 -- Validation Loss: 5.714 -- Validation ACC: 0.582 -- Validation F1: 0.469
2024-07-18,13:34:35 [INFO] Epoch: 28/30 -- Train Loss: 0.367 -- Validation Loss: 5.925 -- Validation ACC: 0.552 -- Validation F1: 0.440
2024-07-18,13:34:36 [INFO] Epoch: 29/30 -- Train Loss: 0.000 -- Validation Loss: 6.184 -- Validation ACC: 0.567 -- Validation F1: 0.449
2024-07-18,13:34:36 [INFO] Run 4/5: Average Over Last 6 epochs -- Valid ACC: 0.5621890547263682 -- Valid F1-score: 0.45437026023864746
2024-07-18,13:34:37 [INFO] Test Results of Run 4/5: -- Test Loss: 6.384 -- Test ACC: 0.551 -- Test F1: 0.510
2024-07-18,13:34:37 [INFO] Validation average after 5 runs -- ACC: 0.563 -- F1-score: 0.447
2024-07-18,13:34:37 [INFO] Test average after 5 runs -- ACC: 0.561 -- F1-score: 0.523
2024-07-18,13:34:37 [INFO] Finished round 6/10 of experiments!
2024-07-18,13:34:37 [INFO] Started round 7/10 of experiments!
2024-07-18,13:34:54 [INFO] Loading previous pretrained model at ./pretrained/GCN_Pretrained_2024-06-27-18-48-10.pth
2024-07-18,13:34:54 [INFO] Total number of tokens: 5
2024-07-18,13:34:55 [INFO] Pretrained GNN on Source Dataset -- Test Loss: 3.902 -- Test ACC: 0.764 -- Test F1-score: 0.751
2024-07-18,13:34:55 [INFO] Pretrained GNN on Target Dataset Without Prompting: -- Validation Loss: 18.488 -- Validation ACC: 0.597 -- Validation F1-score: 0.535 -- Test Loss: 7.722 -- Test ACC: 0.571 -- Test F1-score: 0.544
2024-07-18,13:34:57 [INFO] Epoch: 0/30 -- Train Loss: 0.000 -- Validation Loss: 18.517 -- Validation ACC: 0.627 -- Validation F1: 0.601
2024-07-18,13:35:06 [INFO] Epoch: 10/30 -- Train Loss: 0.000 -- Validation Loss: 18.545 -- Validation ACC: 0.627 -- Validation F1: 0.601
2024-07-18,13:35:16 [INFO] Epoch: 20/30 -- Train Loss: 0.000 -- Validation Loss: 18.829 -- Validation ACC: 0.597 -- Validation F1: 0.535
2024-07-18,13:35:19 [INFO] Epoch: 24/30 -- Train Loss: 0.448 -- Validation Loss: 19.052 -- Validation ACC: 0.582 -- Validation F1: 0.519
2024-07-18,13:35:20 [INFO] Epoch: 25/30 -- Train Loss: 0.123 -- Validation Loss: 19.048 -- Validation ACC: 0.582 -- Validation F1: 0.519
2024-07-18,13:35:22 [INFO] Epoch: 26/30 -- Train Loss: 3.084 -- Validation Loss: 18.945 -- Validation ACC: 0.582 -- Validation F1: 0.519
2024-07-18,13:35:23 [INFO] Epoch: 27/30 -- Train Loss: 7.436 -- Validation Loss: 18.783 -- Validation ACC: 0.582 -- Validation F1: 0.519
2024-07-18,13:35:24 [INFO] Epoch: 28/30 -- Train Loss: 0.000 -- Validation Loss: 18.705 -- Validation ACC: 0.597 -- Validation F1: 0.535
2024-07-18,13:35:25 [INFO] Epoch: 29/30 -- Train Loss: 0.004 -- Validation Loss: 18.656 -- Validation ACC: 0.597 -- Validation F1: 0.535
2024-07-18,13:35:25 [INFO] Run 0/5: Average Over Last 6 epochs -- Valid ACC: 0.5870646766169154 -- Valid F1-score: 0.5243812004725138
2024-07-18,13:35:26 [INFO] Test Results of Run 0/5: -- Test Loss: 7.766 -- Test ACC: 0.569 -- Test F1: 0.538
2024-07-18,13:35:27 [INFO] Epoch: 0/30 -- Train Loss: 0.000 -- Validation Loss: 18.373 -- Validation ACC: 0.627 -- Validation F1: 0.601
2024-07-18,13:35:36 [INFO] Epoch: 10/30 -- Train Loss: 1.647 -- Validation Loss: 17.900 -- Validation ACC: 0.627 -- Validation F1: 0.589
2024-07-18,13:35:46 [INFO] Epoch: 20/30 -- Train Loss: 0.349 -- Validation Loss: 17.697 -- Validation ACC: 0.627 -- Validation F1: 0.594
2024-07-18,13:35:50 [INFO] Epoch: 24/30 -- Train Loss: 0.000 -- Validation Loss: 17.821 -- Validation ACC: 0.627 -- Validation F1: 0.602
2024-07-18,13:35:52 [INFO] Epoch: 25/30 -- Train Loss: 0.000 -- Validation Loss: 17.849 -- Validation ACC: 0.627 -- Validation F1: 0.602
2024-07-18,13:35:53 [INFO] Epoch: 26/30 -- Train Loss: 0.000 -- Validation Loss: 17.853 -- Validation ACC: 0.612 -- Validation F1: 0.574
2024-07-18,13:35:54 [INFO] Epoch: 27/30 -- Train Loss: 0.228 -- Validation Loss: 17.848 -- Validation ACC: 0.612 -- Validation F1: 0.574
2024-07-18,13:35:55 [INFO] Epoch: 28/30 -- Train Loss: 0.222 -- Validation Loss: 17.810 -- Validation ACC: 0.612 -- Validation F1: 0.574
2024-07-18,13:35:56 [INFO] Epoch: 29/30 -- Train Loss: 0.000 -- Validation Loss: 17.940 -- Validation ACC: 0.597 -- Validation F1: 0.557
2024-07-18,13:35:56 [INFO] Run 1/5: Average Over Last 6 epochs -- Valid ACC: 0.6144278606965173 -- Valid F1-score: 0.5802668929100037
2024-07-18,13:35:57 [INFO] Test Results of Run 1/5: -- Test Loss: 7.500 -- Test ACC: 0.577 -- Test F1: 0.548
2024-07-18,13:35:58 [INFO] Epoch: 0/30 -- Train Loss: 0.000 -- Validation Loss: 18.201 -- Validation ACC: 0.567 -- Validation F1: 0.518
2024-07-18,13:36:07 [INFO] Epoch: 10/30 -- Train Loss: 0.000 -- Validation Loss: 18.257 -- Validation ACC: 0.612 -- Validation F1: 0.572
2024-07-18,13:36:17 [INFO] Epoch: 20/30 -- Train Loss: 0.000 -- Validation Loss: 18.144 -- Validation ACC: 0.597 -- Validation F1: 0.535
2024-07-18,13:36:21 [INFO] Epoch: 24/30 -- Train Loss: 0.000 -- Validation Loss: 18.109 -- Validation ACC: 0.612 -- Validation F1: 0.572
2024-07-18,13:36:22 [INFO] Epoch: 25/30 -- Train Loss: 0.000 -- Validation Loss: 18.134 -- Validation ACC: 0.612 -- Validation F1: 0.572
2024-07-18,13:36:23 [INFO] Epoch: 26/30 -- Train Loss: 0.001 -- Validation Loss: 18.135 -- Validation ACC: 0.612 -- Validation F1: 0.572
2024-07-18,13:36:25 [INFO] Epoch: 27/30 -- Train Loss: 0.000 -- Validation Loss: 18.112 -- Validation ACC: 0.612 -- Validation F1: 0.572
2024-07-18,13:36:26 [INFO] Epoch: 28/30 -- Train Loss: 0.002 -- Validation Loss: 18.102 -- Validation ACC: 0.612 -- Validation F1: 0.572
2024-07-18,13:36:27 [INFO] Epoch: 29/30 -- Train Loss: 0.000 -- Validation Loss: 18.099 -- Validation ACC: 0.612 -- Validation F1: 0.572
2024-07-18,13:36:27 [INFO] Run 2/5: Average Over Last 6 epochs -- Valid ACC: 0.6119402985074628 -- Valid F1-score: 0.5717594027519226
2024-07-18,13:36:28 [INFO] Test Results of Run 2/5: -- Test Loss: 7.539 -- Test ACC: 0.572 -- Test F1: 0.547
2024-07-18,13:36:29 [INFO] Epoch: 0/30 -- Train Loss: 0.776 -- Validation Loss: 18.599 -- Validation ACC: 0.582 -- Validation F1: 0.525
2024-07-18,13:36:40 [INFO] Epoch: 10/30 -- Train Loss: 3.754 -- Validation Loss: 18.617 -- Validation ACC: 0.597 -- Validation F1: 0.535
2024-07-18,13:36:50 [INFO] Epoch: 20/30 -- Train Loss: 0.001 -- Validation Loss: 18.302 -- Validation ACC: 0.612 -- Validation F1: 0.585
2024-07-18,13:36:55 [INFO] Epoch: 24/30 -- Train Loss: 0.000 -- Validation Loss: 18.244 -- Validation ACC: 0.582 -- Validation F1: 0.520
2024-07-18,13:36:56 [INFO] Epoch: 25/30 -- Train Loss: 0.197 -- Validation Loss: 18.213 -- Validation ACC: 0.582 -- Validation F1: 0.520
2024-07-18,13:36:57 [INFO] Epoch: 26/30 -- Train Loss: 0.001 -- Validation Loss: 18.198 -- Validation ACC: 0.582 -- Validation F1: 0.520
2024-07-18,13:36:59 [INFO] Epoch: 27/30 -- Train Loss: 0.000 -- Validation Loss: 18.144 -- Validation ACC: 0.567 -- Validation F1: 0.511
2024-07-18,13:37:00 [INFO] Epoch: 28/30 -- Train Loss: 0.000 -- Validation Loss: 18.093 -- Validation ACC: 0.567 -- Validation F1: 0.511
2024-07-18,13:37:01 [INFO] Epoch: 29/30 -- Train Loss: 0.023 -- Validation Loss: 18.102 -- Validation ACC: 0.567 -- Validation F1: 0.511
2024-07-18,13:37:01 [INFO] Run 3/5: Average Over Last 6 epochs -- Valid ACC: 0.5746268656716417 -- Valid F1-score: 0.5155744254589081
2024-07-18,13:37:02 [INFO] Test Results of Run 3/5: -- Test Loss: 7.558 -- Test ACC: 0.578 -- Test F1: 0.551
2024-07-18,13:37:04 [INFO] Epoch: 0/30 -- Train Loss: 0.015 -- Validation Loss: 18.376 -- Validation ACC: 0.597 -- Validation F1: 0.535
2024-07-18,13:37:15 [INFO] Epoch: 10/30 -- Train Loss: 0.000 -- Validation Loss: 18.382 -- Validation ACC: 0.597 -- Validation F1: 0.557
2024-07-18,13:37:25 [INFO] Epoch: 20/30 -- Train Loss: 3.233 -- Validation Loss: 18.560 -- Validation ACC: 0.627 -- Validation F1: 0.601
2024-07-18,13:37:29 [INFO] Epoch: 24/30 -- Train Loss: 3.625 -- Validation Loss: 18.550 -- Validation ACC: 0.627 -- Validation F1: 0.597
2024-07-18,13:37:31 [INFO] Epoch: 25/30 -- Train Loss: 0.000 -- Validation Loss: 18.506 -- Validation ACC: 0.627 -- Validation F1: 0.597
2024-07-18,13:37:32 [INFO] Epoch: 26/30 -- Train Loss: 1.192 -- Validation Loss: 18.563 -- Validation ACC: 0.612 -- Validation F1: 0.576
2024-07-18,13:37:33 [INFO] Epoch: 27/30 -- Train Loss: 2.751 -- Validation Loss: 18.687 -- Validation ACC: 0.612 -- Validation F1: 0.572
2024-07-18,13:37:35 [INFO] Epoch: 28/30 -- Train Loss: 0.003 -- Validation Loss: 18.711 -- Validation ACC: 0.597 -- Validation F1: 0.535
2024-07-18,13:37:36 [INFO] Epoch: 29/30 -- Train Loss: 0.000 -- Validation Loss: 18.664 -- Validation ACC: 0.597 -- Validation F1: 0.535
2024-07-18,13:37:36 [INFO] Run 4/5: Average Over Last 6 epochs -- Valid ACC: 0.6119402985074627 -- Valid F1-score: 0.5684411227703094
2024-07-18,13:37:37 [INFO] Test Results of Run 4/5: -- Test Loss: 7.814 -- Test ACC: 0.571 -- Test F1: 0.542
2024-07-18,13:37:37 [INFO] Validation average after 5 runs -- ACC: 0.600 -- F1-score: 0.552
2024-07-18,13:37:37 [INFO] Test average after 5 runs -- ACC: 0.573 -- F1-score: 0.545
2024-07-18,13:37:37 [INFO] Finished round 7/10 of experiments!
2024-07-18,13:37:37 [INFO] Started round 8/10 of experiments!
2024-07-18,13:37:47 [INFO] Loading previous pretrained model at ./pretrained/GCN_Pretrained_2024-06-27-18-51-51.pth
2024-07-18,13:37:48 [INFO] Total number of tokens: 6
2024-07-18,13:37:48 [INFO] Pretrained GNN on Source Dataset -- Test Loss: 4.511 -- Test ACC: 0.742 -- Test F1-score: 0.733
2024-07-18,13:37:49 [INFO] Pretrained GNN on Target Dataset Without Prompting: -- Validation Loss: 8.053 -- Validation ACC: 0.567 -- Validation F1-score: 0.503 -- Test Loss: 7.018 -- Test ACC: 0.580 -- Test F1-score: 0.533
2024-07-18,13:37:50 [INFO] Epoch: 0/30 -- Train Loss: 0.367 -- Validation Loss: 8.235 -- Validation ACC: 0.567 -- Validation F1: 0.503
2024-07-18,13:38:01 [INFO] Epoch: 10/30 -- Train Loss: 0.009 -- Validation Loss: 8.028 -- Validation ACC: 0.582 -- Validation F1: 0.540
2024-07-18,13:38:12 [INFO] Epoch: 20/30 -- Train Loss: 1.834 -- Validation Loss: 8.002 -- Validation ACC: 0.552 -- Validation F1: 0.518
2024-07-18,13:38:17 [INFO] Epoch: 24/30 -- Train Loss: 0.000 -- Validation Loss: 8.068 -- Validation ACC: 0.552 -- Validation F1: 0.492
2024-07-18,13:38:18 [INFO] Epoch: 25/30 -- Train Loss: 0.005 -- Validation Loss: 8.074 -- Validation ACC: 0.552 -- Validation F1: 0.492
2024-07-18,13:38:19 [INFO] Epoch: 26/30 -- Train Loss: 0.835 -- Validation Loss: 8.038 -- Validation ACC: 0.552 -- Validation F1: 0.492
2024-07-18,13:38:21 [INFO] Epoch: 27/30 -- Train Loss: 0.001 -- Validation Loss: 8.036 -- Validation ACC: 0.552 -- Validation F1: 0.492
2024-07-18,13:38:22 [INFO] Epoch: 28/30 -- Train Loss: 0.038 -- Validation Loss: 8.036 -- Validation ACC: 0.552 -- Validation F1: 0.492
2024-07-18,13:38:23 [INFO] Epoch: 29/30 -- Train Loss: 0.253 -- Validation Loss: 8.045 -- Validation ACC: 0.552 -- Validation F1: 0.492
2024-07-18,13:38:23 [INFO] Run 0/5: Average Over Last 6 epochs -- Valid ACC: 0.5522388059701493 -- Valid F1-score: 0.4923434853553772
2024-07-18,13:38:24 [INFO] Test Results of Run 0/5: -- Test Loss: 6.973 -- Test ACC: 0.588 -- Test F1: 0.542
2024-07-18,13:38:25 [INFO] Epoch: 0/30 -- Train Loss: 0.042 -- Validation Loss: 8.177 -- Validation ACC: 0.552 -- Validation F1: 0.491
2024-07-18,13:38:35 [INFO] Epoch: 10/30 -- Train Loss: 0.010 -- Validation Loss: 8.051 -- Validation ACC: 0.567 -- Validation F1: 0.524
2024-07-18,13:38:44 [INFO] Epoch: 20/30 -- Train Loss: 0.005 -- Validation Loss: 8.009 -- Validation ACC: 0.552 -- Validation F1: 0.510
2024-07-18,13:38:48 [INFO] Epoch: 24/30 -- Train Loss: 0.085 -- Validation Loss: 7.920 -- Validation ACC: 0.567 -- Validation F1: 0.523
2024-07-18,13:38:49 [INFO] Epoch: 25/30 -- Train Loss: 0.000 -- Validation Loss: 7.903 -- Validation ACC: 0.567 -- Validation F1: 0.524
2024-07-18,13:38:50 [INFO] Epoch: 26/30 -- Train Loss: 0.000 -- Validation Loss: 7.903 -- Validation ACC: 0.567 -- Validation F1: 0.524
2024-07-18,13:38:52 [INFO] Epoch: 27/30 -- Train Loss: 0.000 -- Validation Loss: 7.909 -- Validation ACC: 0.567 -- Validation F1: 0.524
2024-07-18,13:38:53 [INFO] Epoch: 28/30 -- Train Loss: 0.000 -- Validation Loss: 7.919 -- Validation ACC: 0.567 -- Validation F1: 0.524
2024-07-18,13:38:54 [INFO] Epoch: 29/30 -- Train Loss: 0.000 -- Validation Loss: 7.924 -- Validation ACC: 0.567 -- Validation F1: 0.524
2024-07-18,13:38:54 [INFO] Run 1/5: Average Over Last 6 epochs -- Valid ACC: 0.5671641791044776 -- Valid F1-score: 0.5234515766302744
2024-07-18,13:38:55 [INFO] Test Results of Run 1/5: -- Test Loss: 6.968 -- Test ACC: 0.573 -- Test F1: 0.529
2024-07-18,13:38:56 [INFO] Epoch: 0/30 -- Train Loss: 0.000 -- Validation Loss: 8.144 -- Validation ACC: 0.567 -- Validation F1: 0.500
2024-07-18,13:39:08 [INFO] Epoch: 10/30 -- Train Loss: 0.000 -- Validation Loss: 8.042 -- Validation ACC: 0.537 -- Validation F1: 0.482
2024-07-18,13:39:19 [INFO] Epoch: 20/30 -- Train Loss: 0.090 -- Validation Loss: 8.124 -- Validation ACC: 0.567 -- Validation F1: 0.503
2024-07-18,13:39:24 [INFO] Epoch: 24/30 -- Train Loss: 0.031 -- Validation Loss: 8.119 -- Validation ACC: 0.567 -- Validation F1: 0.503
2024-07-18,13:39:26 [INFO] Epoch: 25/30 -- Train Loss: 0.002 -- Validation Loss: 8.069 -- Validation ACC: 0.537 -- Validation F1: 0.483
2024-07-18,13:39:27 [INFO] Epoch: 26/30 -- Train Loss: 0.000 -- Validation Loss: 8.051 -- Validation ACC: 0.537 -- Validation F1: 0.482
2024-07-18,13:39:28 [INFO] Epoch: 27/30 -- Train Loss: 0.506 -- Validation Loss: 8.047 -- Validation ACC: 0.537 -- Validation F1: 0.477
2024-07-18,13:39:30 [INFO] Epoch: 28/30 -- Train Loss: 0.000 -- Validation Loss: 8.058 -- Validation ACC: 0.537 -- Validation F1: 0.478
2024-07-18,13:39:31 [INFO] Epoch: 29/30 -- Train Loss: 0.000 -- Validation Loss: 8.078 -- Validation ACC: 0.537 -- Validation F1: 0.478
2024-07-18,13:39:31 [INFO] Run 2/5: Average Over Last 6 epochs -- Valid ACC: 0.5422885572139303 -- Valid F1-score: 0.483542467157046
2024-07-18,13:39:32 [INFO] Test Results of Run 2/5: -- Test Loss: 7.060 -- Test ACC: 0.580 -- Test F1: 0.530
2024-07-18,13:39:33 [INFO] Epoch: 0/30 -- Train Loss: 0.000 -- Validation Loss: 7.921 -- Validation ACC: 0.552 -- Validation F1: 0.518
2024-07-18,13:39:45 [INFO] Epoch: 10/30 -- Train Loss: 0.006 -- Validation Loss: 7.923 -- Validation ACC: 0.567 -- Validation F1: 0.530
2024-07-18,13:39:56 [INFO] Epoch: 20/30 -- Train Loss: 0.042 -- Validation Loss: 8.071 -- Validation ACC: 0.567 -- Validation F1: 0.525
2024-07-18,13:40:01 [INFO] Epoch: 24/30 -- Train Loss: 0.001 -- Validation Loss: 8.104 -- Validation ACC: 0.567 -- Validation F1: 0.519
2024-07-18,13:40:03 [INFO] Epoch: 25/30 -- Train Loss: 0.249 -- Validation Loss: 8.114 -- Validation ACC: 0.567 -- Validation F1: 0.519
2024-07-18,13:40:04 [INFO] Epoch: 26/30 -- Train Loss: 2.131 -- Validation Loss: 8.116 -- Validation ACC: 0.567 -- Validation F1: 0.519
2024-07-18,13:40:05 [INFO] Epoch: 27/30 -- Train Loss: 3.814 -- Validation Loss: 8.117 -- Validation ACC: 0.567 -- Validation F1: 0.519
2024-07-18,13:40:07 [INFO] Epoch: 28/30 -- Train Loss: 0.090 -- Validation Loss: 8.162 -- Validation ACC: 0.567 -- Validation F1: 0.520
2024-07-18,13:40:08 [INFO] Epoch: 29/30 -- Train Loss: 0.001 -- Validation Loss: 8.152 -- Validation ACC: 0.567 -- Validation F1: 0.520
2024-07-18,13:40:08 [INFO] Run 3/5: Average Over Last 6 epochs -- Valid ACC: 0.5671641791044776 -- Valid F1-score: 0.5191519260406494
2024-07-18,13:40:09 [INFO] Test Results of Run 3/5: -- Test Loss: 7.043 -- Test ACC: 0.579 -- Test F1: 0.531
2024-07-18,13:40:10 [INFO] Epoch: 0/30 -- Train Loss: 0.000 -- Validation Loss: 7.980 -- Validation ACC: 0.567 -- Validation F1: 0.530
2024-07-18,13:40:21 [INFO] Epoch: 10/30 -- Train Loss: 0.000 -- Validation Loss: 7.984 -- Validation ACC: 0.567 -- Validation F1: 0.530
2024-07-18,13:40:33 [INFO] Epoch: 20/30 -- Train Loss: 0.021 -- Validation Loss: 7.883 -- Validation ACC: 0.567 -- Validation F1: 0.523
2024-07-18,13:40:37 [INFO] Epoch: 24/30 -- Train Loss: 0.000 -- Validation Loss: 7.860 -- Validation ACC: 0.552 -- Validation F1: 0.519
2024-07-18,13:40:39 [INFO] Epoch: 25/30 -- Train Loss: 0.000 -- Validation Loss: 7.839 -- Validation ACC: 0.552 -- Validation F1: 0.518
2024-07-18,13:40:40 [INFO] Epoch: 26/30 -- Train Loss: 0.000 -- Validation Loss: 7.805 -- Validation ACC: 0.552 -- Validation F1: 0.518
2024-07-18,13:40:42 [INFO] Epoch: 27/30 -- Train Loss: 0.000 -- Validation Loss: 7.791 -- Validation ACC: 0.552 -- Validation F1: 0.518
2024-07-18,13:40:43 [INFO] Epoch: 28/30 -- Train Loss: 0.022 -- Validation Loss: 7.801 -- Validation ACC: 0.552 -- Validation F1: 0.518
2024-07-18,13:40:44 [INFO] Epoch: 29/30 -- Train Loss: 3.762 -- Validation Loss: 7.870 -- Validation ACC: 0.582 -- Validation F1: 0.539
2024-07-18,13:40:44 [INFO] Run 4/5: Average Over Last 6 epochs -- Valid ACC: 0.5572139303482587 -- Valid F1-score: 0.5217389067014059
2024-07-18,13:40:45 [INFO] Test Results of Run 4/5: -- Test Loss: 6.840 -- Test ACC: 0.577 -- Test F1: 0.531
2024-07-18,13:40:45 [INFO] Validation average after 5 runs -- ACC: 0.557 -- F1-score: 0.508
2024-07-18,13:40:45 [INFO] Test average after 5 runs -- ACC: 0.579 -- F1-score: 0.533
2024-07-18,13:40:45 [INFO] Finished round 8/10 of experiments!
2024-07-18,13:40:45 [INFO] Started round 9/10 of experiments!
2024-07-18,13:40:52 [INFO] Loading previous pretrained model at ./pretrained/GCN_Pretrained_2024-06-27-18-54-52.pth
2024-07-18,13:40:53 [INFO] Total number of tokens: 5
2024-07-18,13:40:53 [INFO] Pretrained GNN on Source Dataset -- Test Loss: 3.153 -- Test ACC: 0.773 -- Test F1-score: 0.755
2024-07-18,13:40:54 [INFO] Pretrained GNN on Target Dataset Without Prompting: -- Validation Loss: 4.799 -- Validation ACC: 0.642 -- Validation F1-score: 0.655 -- Test Loss: 5.703 -- Test ACC: 0.612 -- Test F1-score: 0.598
2024-07-18,13:40:55 [INFO] Epoch: 0/30 -- Train Loss: 0.103 -- Validation Loss: 4.934 -- Validation ACC: 0.642 -- Validation F1: 0.655
2024-07-18,13:41:06 [INFO] Epoch: 10/30 -- Train Loss: 0.004 -- Validation Loss: 4.752 -- Validation ACC: 0.657 -- Validation F1: 0.686
2024-07-18,13:41:17 [INFO] Epoch: 20/30 -- Train Loss: 0.000 -- Validation Loss: 4.827 -- Validation ACC: 0.642 -- Validation F1: 0.655
2024-07-18,13:41:21 [INFO] Epoch: 24/30 -- Train Loss: 0.000 -- Validation Loss: 4.966 -- Validation ACC: 0.597 -- Validation F1: 0.595
2024-07-18,13:41:22 [INFO] Epoch: 25/30 -- Train Loss: 0.002 -- Validation Loss: 4.921 -- Validation ACC: 0.612 -- Validation F1: 0.632
2024-07-18,13:41:23 [INFO] Epoch: 26/30 -- Train Loss: 0.002 -- Validation Loss: 4.902 -- Validation ACC: 0.642 -- Validation F1: 0.655
2024-07-18,13:41:25 [INFO] Epoch: 27/30 -- Train Loss: 0.001 -- Validation Loss: 4.900 -- Validation ACC: 0.642 -- Validation F1: 0.655
2024-07-18,13:41:26 [INFO] Epoch: 28/30 -- Train Loss: 0.132 -- Validation Loss: 4.874 -- Validation ACC: 0.642 -- Validation F1: 0.655
2024-07-18,13:41:28 [INFO] Epoch: 29/30 -- Train Loss: 0.000 -- Validation Loss: 4.842 -- Validation ACC: 0.642 -- Validation F1: 0.655
2024-07-18,13:41:28 [INFO] Run 0/5: Average Over Last 6 epochs -- Valid ACC: 0.6293532338308457 -- Valid F1-score: 0.6413974463939667
2024-07-18,13:41:28 [INFO] Test Results of Run 0/5: -- Test Loss: 5.579 -- Test ACC: 0.607 -- Test F1: 0.597
2024-07-18,13:41:30 [INFO] Epoch: 0/30 -- Train Loss: 0.358 -- Validation Loss: 4.759 -- Validation ACC: 0.642 -- Validation F1: 0.669
2024-07-18,13:41:40 [INFO] Epoch: 10/30 -- Train Loss: 0.000 -- Validation Loss: 4.757 -- Validation ACC: 0.612 -- Validation F1: 0.633
2024-07-18,13:41:50 [INFO] Epoch: 20/30 -- Train Loss: 0.000 -- Validation Loss: 4.778 -- Validation ACC: 0.657 -- Validation F1: 0.690
2024-07-18,13:41:54 [INFO] Epoch: 24/30 -- Train Loss: 0.000 -- Validation Loss: 4.745 -- Validation ACC: 0.657 -- Validation F1: 0.666
2024-07-18,13:41:56 [INFO] Epoch: 25/30 -- Train Loss: 0.000 -- Validation Loss: 4.748 -- Validation ACC: 0.657 -- Validation F1: 0.680
2024-07-18,13:41:57 [INFO] Epoch: 26/30 -- Train Loss: 0.000 -- Validation Loss: 4.720 -- Validation ACC: 0.672 -- Validation F1: 0.703
2024-07-18,13:41:58 [INFO] Epoch: 27/30 -- Train Loss: 3.477 -- Validation Loss: 4.696 -- Validation ACC: 0.672 -- Validation F1: 0.703
2024-07-18,13:41:59 [INFO] Epoch: 28/30 -- Train Loss: 0.000 -- Validation Loss: 4.673 -- Validation ACC: 0.687 -- Validation F1: 0.710
2024-07-18,13:42:00 [INFO] Epoch: 29/30 -- Train Loss: 4.918 -- Validation Loss: 4.674 -- Validation ACC: 0.672 -- Validation F1: 0.699
2024-07-18,13:42:00 [INFO] Run 1/5: Average Over Last 6 epochs -- Valid ACC: 0.6691542288557214 -- Valid F1-score: 0.693635493516922
2024-07-18,13:42:01 [INFO] Test Results of Run 1/5: -- Test Loss: 5.722 -- Test ACC: 0.610 -- Test F1: 0.592
2024-07-18,13:42:02 [INFO] Epoch: 0/30 -- Train Loss: 0.043 -- Validation Loss: 4.709 -- Validation ACC: 0.672 -- Validation F1: 0.699
2024-07-18,13:42:13 [INFO] Epoch: 10/30 -- Train Loss: 0.001 -- Validation Loss: 4.772 -- Validation ACC: 0.657 -- Validation F1: 0.679
2024-07-18,13:42:24 [INFO] Epoch: 20/30 -- Train Loss: 0.000 -- Validation Loss: 4.773 -- Validation ACC: 0.642 -- Validation F1: 0.655
2024-07-18,13:42:29 [INFO] Epoch: 24/30 -- Train Loss: 0.059 -- Validation Loss: 4.728 -- Validation ACC: 0.657 -- Validation F1: 0.679
2024-07-18,13:42:30 [INFO] Epoch: 25/30 -- Train Loss: 0.000 -- Validation Loss: 4.704 -- Validation ACC: 0.672 -- Validation F1: 0.699
2024-07-18,13:42:31 [INFO] Epoch: 26/30 -- Train Loss: 0.010 -- Validation Loss: 4.696 -- Validation ACC: 0.672 -- Validation F1: 0.699
2024-07-18,13:42:33 [INFO] Epoch: 27/30 -- Train Loss: 0.012 -- Validation Loss: 4.676 -- Validation ACC: 0.672 -- Validation F1: 0.699
2024-07-18,13:42:34 [INFO] Epoch: 28/30 -- Train Loss: 0.090 -- Validation Loss: 4.633 -- Validation ACC: 0.672 -- Validation F1: 0.687
2024-07-18,13:42:35 [INFO] Epoch: 29/30 -- Train Loss: 0.189 -- Validation Loss: 4.587 -- Validation ACC: 0.672 -- Validation F1: 0.698
2024-07-18,13:42:35 [INFO] Run 2/5: Average Over Last 6 epochs -- Valid ACC: 0.6691542288557214 -- Valid F1-score: 0.693278302748998
2024-07-18,13:42:36 [INFO] Test Results of Run 2/5: -- Test Loss: 5.126 -- Test ACC: 0.605 -- Test F1: 0.591
2024-07-18,13:42:37 [INFO] Epoch: 0/30 -- Train Loss: 0.032 -- Validation Loss: 4.795 -- Validation ACC: 0.657 -- Validation F1: 0.679
2024-07-18,13:42:47 [INFO] Epoch: 10/30 -- Train Loss: 3.778 -- Validation Loss: 4.873 -- Validation ACC: 0.627 -- Validation F1: 0.644
2024-07-18,13:42:57 [INFO] Epoch: 20/30 -- Train Loss: 0.000 -- Validation Loss: 4.865 -- Validation ACC: 0.657 -- Validation F1: 0.679
2024-07-18,13:43:01 [INFO] Epoch: 24/30 -- Train Loss: 0.044 -- Validation Loss: 4.851 -- Validation ACC: 0.642 -- Validation F1: 0.655
2024-07-18,13:43:02 [INFO] Epoch: 25/30 -- Train Loss: 0.001 -- Validation Loss: 4.835 -- Validation ACC: 0.657 -- Validation F1: 0.679
2024-07-18,13:43:04 [INFO] Epoch: 26/30 -- Train Loss: 7.090 -- Validation Loss: 4.835 -- Validation ACC: 0.657 -- Validation F1: 0.679
2024-07-18,13:43:05 [INFO] Epoch: 27/30 -- Train Loss: 0.000 -- Validation Loss: 4.860 -- Validation ACC: 0.642 -- Validation F1: 0.655
2024-07-18,13:43:07 [INFO] Epoch: 28/30 -- Train Loss: 1.052 -- Validation Loss: 4.901 -- Validation ACC: 0.642 -- Validation F1: 0.655
2024-07-18,13:43:08 [INFO] Epoch: 29/30 -- Train Loss: 0.000 -- Validation Loss: 4.930 -- Validation ACC: 0.642 -- Validation F1: 0.655
2024-07-18,13:43:08 [INFO] Run 3/5: Average Over Last 6 epochs -- Valid ACC: 0.6467661691542288 -- Valid F1-score: 0.6631672779719034
2024-07-18,13:43:09 [INFO] Test Results of Run 3/5: -- Test Loss: 5.801 -- Test ACC: 0.613 -- Test F1: 0.602
2024-07-18,13:43:10 [INFO] Epoch: 0/30 -- Train Loss: 0.023 -- Validation Loss: 4.771 -- Validation ACC: 0.657 -- Validation F1: 0.679
2024-07-18,13:43:20 [INFO] Epoch: 10/30 -- Train Loss: 0.000 -- Validation Loss: 4.733 -- Validation ACC: 0.672 -- Validation F1: 0.687
2024-07-18,13:43:30 [INFO] Epoch: 20/30 -- Train Loss: 0.001 -- Validation Loss: 4.759 -- Validation ACC: 0.672 -- Validation F1: 0.703
2024-07-18,13:43:34 [INFO] Epoch: 24/30 -- Train Loss: 0.558 -- Validation Loss: 4.841 -- Validation ACC: 0.642 -- Validation F1: 0.655
2024-07-18,13:43:35 [INFO] Epoch: 25/30 -- Train Loss: 0.017 -- Validation Loss: 4.869 -- Validation ACC: 0.642 -- Validation F1: 0.655
2024-07-18,13:43:37 [INFO] Epoch: 26/30 -- Train Loss: 1.472 -- Validation Loss: 4.886 -- Validation ACC: 0.642 -- Validation F1: 0.655
2024-07-18,13:43:38 [INFO] Epoch: 27/30 -- Train Loss: 0.000 -- Validation Loss: 4.937 -- Validation ACC: 0.642 -- Validation F1: 0.655
2024-07-18,13:43:39 [INFO] Epoch: 28/30 -- Train Loss: 0.001 -- Validation Loss: 5.000 -- Validation ACC: 0.627 -- Validation F1: 0.644
2024-07-18,13:43:40 [INFO] Epoch: 29/30 -- Train Loss: 0.000 -- Validation Loss: 5.014 -- Validation ACC: 0.642 -- Validation F1: 0.668
2024-07-18,13:43:40 [INFO] Run 4/5: Average Over Last 6 epochs -- Valid ACC: 0.6393034825870646 -- Valid F1-score: 0.6555541654427847
2024-07-18,13:43:41 [INFO] Test Results of Run 4/5: -- Test Loss: 5.789 -- Test ACC: 0.602 -- Test F1: 0.592
2024-07-18,13:43:41 [INFO] Validation average after 5 runs -- ACC: 0.651 -- F1-score: 0.669
2024-07-18,13:43:41 [INFO] Test average after 5 runs -- ACC: 0.607 -- F1-score: 0.595
2024-07-18,13:43:41 [INFO] Finished round 9/10 of experiments!
2024-07-18,13:43:41 [INFO] Final results: -- Source Test Acc: 0.754 -- Source Test F1: 0.739 -- Target Valid Acc: 0.570 -- Target Valid F1: 0.505 -- Target Test Acc: 0.572 -- Target Test F1: 0.544 -- Prompt Test Acc: 0.571 -- Prompt Valid Acc: 0.570 -- Prompt Test F1: 0.543 -- Prompt Valid F1: 0.513
2024-07-18,13:43:41 [INFO] List of important configs: 
2024-07-18,13:43:41 [INFO] shift_type: structural
2024-07-18,13:43:41 [INFO] attn_with_param: False
2024-07-18,13:43:41 [INFO] w_entropy_loss: 0.0
2024-07-18,13:43:41 [INFO] w_softmax_loss: 0.0
2024-07-18,13:43:41 [INFO] w_domain_loss: 0.0
2024-07-18,13:43:41 [INFO] weight_decay: 0.0
2024-07-18,13:43:41 [INFO] n_epochs: 30
2024-07-18,13:43:41 [INFO] lr: 0.001
2024-07-18,13:43:41 [INFO] batch_size: 64
2024-07-18,13:43:41 [INFO] dropout: 0.3
2024-07-18,13:43:41 [INFO] cut_off: 0.5
2024-07-18,13:43:41 [INFO] light_aug_prob: 0.1
2024-07-18,13:43:41 [INFO] light_aug_mode: mask
2024-07-18,13:43:41 [INFO] pos_aug_mode: mask
2024-07-18,13:43:41 [INFO] noise_shift_mode: homophily
2024-07-18,13:43:41 [INFO] p_raug: 0.15
2024-07-18,13:43:41 [INFO] label_reduction: 0.0
2024-07-18,13:43:41 [INFO] Pretrained modela are saved to: ./pretrained/GCN_Pretrained_2024-06-27-18-26-24.pth ./pretrained/GCN_Pretrained_2024-06-27-18-28-59.pth ./pretrained/GCN_Pretrained_2024-06-27-18-31-37.pth ./pretrained/GCN_Pretrained_2024-06-27-18-34-51.pth ./pretrained/GCN_Pretrained_2024-06-27-18-38-21.pth ./pretrained/GCN_Pretrained_2024-06-27-18-41-19.pth ./pretrained/GCN_Pretrained_2024-06-27-18-45-22.pth ./pretrained/GCN_Pretrained_2024-06-27-18-48-10.pth ./pretrained/GCN_Pretrained_2024-06-27-18-51-51.pth ./pretrained/GCN_Pretrained_2024-06-27-18-54-52.pth
