2024-07-16,21:47:39 [INFO] Logging to: ./log/2024-07-16-21-47-39.log
2024-07-16,21:47:39 [INFO] Reading config from: ./config/dhfr.yaml
2024-07-16,21:47:39 [INFO] Namespace(total_iters=10, prompt_method='flex_match', s_dataset='DHFR', t_dataset='DHFR', prompt_fn='gpf_plus', shift_type='structural', p_shift_intra=0.0, p_shift_inter=0.0, pretrain=True, save_pretrained=False, soft_label=False, add_link_loss=False, attn_with_param=False, empty_pretrained_dir=False, iterative_clustering=False, clutering_iters=3, entropy_div_ratio=3, w_entropy_loss=0.0, w_softmax_loss=0.0, w_domain_loss=0.0, r_reg=0.0, gnn_weight_decay=0.0, weight_decay=0.0, gnn_type='gcn', gnn_num_layers=3, pretrained_path=['./pretrained/GCN_Pretrained_2024-07-01-14-54-05.pth', './pretrained/GCN_Pretrained_2024-07-01-14-56-23.pth', './pretrained/GCN_Pretrained_2024-07-01-14-58-41.pth', './pretrained/GCN_Pretrained_2024-07-01-15-00-59.pth', './pretrained/GCN_Pretrained_2024-07-01-15-03-17.pth', './pretrained/GCN_Pretrained_2024-07-01-15-05-37.pth', './pretrained/GCN_Pretrained_2024-07-01-15-07-56.pth', './pretrained/GCN_Pretrained_2024-07-01-15-10-20.pth', './pretrained/GCN_Pretrained_2024-07-01-15-12-47.pth', './pretrained/GCN_Pretrained_2024-07-01-15-15-13.pth'], gnn_n_epochs=100, gnn_eval_step=10, gnn_h_dim=512, gnn_lr=0.01, gnn_step_size=50, gnn_gamma=0.5, gnn_batch_size=64, gnn_dropout=0.4, n_epochs=30, eval_step=10, h_dim=512, lr=0.01, step_size=50, gamma=0.5, batch_size=64, num_tokens=20, src_ratio=0.5, dropout=0.3, cut_off=0.5, aug_type='feature', light_aug_prob=0.1, light_aug_mode='mask', pos_aug_mode='mask', neg_aug_mode='arbitrary', noise_cov_scale=1.0, noise_mean_shift=1.0, noise_shift_mode='homophily', noise_select_mode='soft', cross_prune=0.8, inner_prune=0.3, num_runs=5, p_raug=0.15, n_raug=0.15, s_split=[0.65, 0.3], t_split=[0.65, 0.3], seed=[1676, 3733, 3589, 4867, 2980, 1142, 3035, 4432, 4672, 4010], config_from_file='./config/dhfr.yaml', config_to_file='', label_reduction=0.0)
2024-07-16,21:47:39 [INFO] ####################################################################################################
2024-07-16,21:47:39 [INFO] Args seeds: [1676, 3733, 3589, 4867, 2980, 1142, 3035, 4432, 4672, 4010]
2024-07-16,21:47:39 [INFO] Source Dataset: DHFR, Target Dataset: DHFR. Training, Test: Source: [0.65, 0.3], Target: [0.65, 0.3] -- Batch size: 64
2024-07-16,21:47:39 [INFO] All input pretrained paths: ['./pretrained/GCN_Pretrained_2024-07-01-14-54-05.pth', './pretrained/GCN_Pretrained_2024-07-01-14-56-23.pth', './pretrained/GCN_Pretrained_2024-07-01-14-58-41.pth', './pretrained/GCN_Pretrained_2024-07-01-15-00-59.pth', './pretrained/GCN_Pretrained_2024-07-01-15-03-17.pth', './pretrained/GCN_Pretrained_2024-07-01-15-05-37.pth', './pretrained/GCN_Pretrained_2024-07-01-15-07-56.pth', './pretrained/GCN_Pretrained_2024-07-01-15-10-20.pth', './pretrained/GCN_Pretrained_2024-07-01-15-12-47.pth', './pretrained/GCN_Pretrained_2024-07-01-15-15-13.pth']
2024-07-16,21:47:39 [INFO] Started round 0/10 of experiments!
2024-07-16,21:47:40 [INFO] Setting for pretraining: Model: {'gnn_type': 'gcn', 'in_channels': 56, 'hidden_channels': 512, 'out_channels': 2, 'num_layers': 3, 'dropout': 0.4, 'with_bn': False, 'with_head': True} -- Optimizer: {'lr': 0.01, 'scheduler_step_size': 50, 'scheduler_gamma': 0.5, 'weight_decay': 0.0} -- Training: {'n_epochs': 100}
2024-07-16,21:47:40 [INFO] Loading previous pretrained model at ./pretrained/GCN_Pretrained_2024-07-01-14-54-05.pth
2024-07-16,21:47:40 [INFO] Prompting method: flex_match -- Setting: Prompting function: gpf_plus -- Target Dataset: DHFR
2024-07-16,21:47:40 [INFO] Setting for prompt tuning: Prompt: {'emb_dim': 56, 'h_dim': 512, 'output_dim': 56, 'prompt_fn': 'gpf_plus', 'token_num': 20, 'cross_prune': 0.8, 'inner_prune': 0.3, 'attn_with_param': False} -- Pretrained Model: {'gnn_type': 'gcn', 'in_channels': 56, 'hidden_channels': 512, 'out_channels': 2, 'num_layers': 3, 'dropout': 0.4, 'with_bn': False, 'with_head': True} -- Optimizer: {'lr': 0.01, 'scheduler_step_size': 50, 'scheduler_gamma': 0.5, 'weight_decay': 0.0} -- Training: {'aug_type': 'feature', 'pos_aug_mode': 'mask', 'p_raug': 0.15, 'n_epochs': 30, 'r_reg': 0.0, 'soft_label': False, 'clutering_iters': 3, 'iterative_clustering': False, 'entropy_div_ratio': 3, 'w_entropy_loss': 0.0, 'w_softmax_loss': 0.0, 'w_domain_loss': 0.0, 'light_aug_prob': 0.1, 'light_aug_mode': 'mask', 'num_classes': 2, 'cut_off': 0.5}
2024-07-16,21:47:40 [INFO] Prompt tuning started: Num runs: 5 -- Eval step: 10
2024-07-16,21:47:41 [INFO] Pretrained GNN on Source Dataset -- Test Loss: 0.863 -- Test ACC: 0.661 -- Test F1-score: 0.702
2024-07-16,21:47:41 [INFO] Pretrained GNN on Target Dataset Without Prompting: -- Validation Loss: 0.762 -- Validation ACC: 0.611 -- Validation F1-score: 0.667 -- Test Loss: 0.711 -- Test ACC: 0.774 -- Test F1-score: 0.803
2024-07-16,21:47:43 [INFO] Epoch: 0/30 -- Train Loss: 0.182 -- Validation Loss: 1.572 -- Validation ACC: 0.444 -- Validation F1: 0.375
2024-07-16,21:47:57 [INFO] Epoch: 10/30 -- Train Loss: 0.660 -- Validation Loss: 0.848 -- Validation ACC: 0.611 -- Validation F1: 0.667
2024-07-16,21:48:08 [INFO] Epoch: 20/30 -- Train Loss: 0.098 -- Validation Loss: 0.909 -- Validation ACC: 0.556 -- Validation F1: 0.600
2024-07-16,21:48:12 [INFO] Epoch: 24/30 -- Train Loss: 0.015 -- Validation Loss: 1.048 -- Validation ACC: 0.500 -- Validation F1: 0.526
2024-07-16,21:48:13 [INFO] Epoch: 25/30 -- Train Loss: 0.883 -- Validation Loss: 0.924 -- Validation ACC: 0.556 -- Validation F1: 0.600
2024-07-16,21:48:15 [INFO] Epoch: 26/30 -- Train Loss: 0.991 -- Validation Loss: 0.803 -- Validation ACC: 0.556 -- Validation F1: 0.600
2024-07-16,21:48:16 [INFO] Epoch: 27/30 -- Train Loss: 0.110 -- Validation Loss: 0.683 -- Validation ACC: 0.611 -- Validation F1: 0.667
2024-07-16,21:48:18 [INFO] Epoch: 28/30 -- Train Loss: 1.474 -- Validation Loss: 0.649 -- Validation ACC: 0.611 -- Validation F1: 0.667
2024-07-16,21:48:19 [INFO] Epoch: 29/30 -- Train Loss: 1.492 -- Validation Loss: 0.654 -- Validation ACC: 0.611 -- Validation F1: 0.667
2024-07-16,21:48:19 [INFO] Run 0/5: Average Over Last 6 epochs -- Valid ACC: 0.5740740740740741 -- Valid F1-score: 0.6210526525974274
2024-07-16,21:48:20 [INFO] Test Results of Run 0/5: -- Test Loss: 0.583 -- Test ACC: 0.783 -- Test F1: 0.815
2024-07-16,21:48:21 [INFO] Epoch: 0/30 -- Train Loss: 0.098 -- Validation Loss: 0.720 -- Validation ACC: 0.667 -- Validation F1: 0.727
2024-07-16,21:48:34 [INFO] Epoch: 10/30 -- Train Loss: 0.435 -- Validation Loss: 0.971 -- Validation ACC: 0.389 -- Validation F1: 0.421
2024-07-16,21:48:47 [INFO] Epoch: 20/30 -- Train Loss: 0.059 -- Validation Loss: 0.748 -- Validation ACC: 0.611 -- Validation F1: 0.696
2024-07-16,21:48:53 [INFO] Epoch: 24/30 -- Train Loss: 0.044 -- Validation Loss: 1.630 -- Validation ACC: 0.333 -- Validation F1: 0.333
2024-07-16,21:48:54 [INFO] Epoch: 25/30 -- Train Loss: 0.547 -- Validation Loss: 1.835 -- Validation ACC: 0.389 -- Validation F1: 0.353
2024-07-16,21:48:56 [INFO] Epoch: 26/30 -- Train Loss: 0.010 -- Validation Loss: 1.596 -- Validation ACC: 0.333 -- Validation F1: 0.333
2024-07-16,21:48:58 [INFO] Epoch: 27/30 -- Train Loss: 0.003 -- Validation Loss: 1.279 -- Validation ACC: 0.333 -- Validation F1: 0.333
2024-07-16,21:49:00 [INFO] Epoch: 28/30 -- Train Loss: 0.711 -- Validation Loss: 1.198 -- Validation ACC: 0.333 -- Validation F1: 0.333
2024-07-16,21:49:02 [INFO] Epoch: 29/30 -- Train Loss: 0.534 -- Validation Loss: 1.067 -- Validation ACC: 0.333 -- Validation F1: 0.333
2024-07-16,21:49:02 [INFO] Run 1/5: Average Over Last 6 epochs -- Valid ACC: 0.34259259259259256 -- Valid F1-score: 0.3366013169288635
2024-07-16,21:49:02 [INFO] Test Results of Run 1/5: -- Test Loss: 0.909 -- Test ACC: 0.730 -- Test F1: 0.763
2024-07-16,21:49:04 [INFO] Epoch: 0/30 -- Train Loss: 0.783 -- Validation Loss: 1.075 -- Validation ACC: 0.500 -- Validation F1: 0.471
2024-07-16,21:49:18 [INFO] Epoch: 10/30 -- Train Loss: 0.068 -- Validation Loss: 1.160 -- Validation ACC: 0.444 -- Validation F1: 0.375
2024-07-16,21:49:31 [INFO] Epoch: 20/30 -- Train Loss: 0.411 -- Validation Loss: 0.755 -- Validation ACC: 0.556 -- Validation F1: 0.600
2024-07-16,21:49:37 [INFO] Epoch: 24/30 -- Train Loss: 0.040 -- Validation Loss: 0.990 -- Validation ACC: 0.500 -- Validation F1: 0.526
2024-07-16,21:49:38 [INFO] Epoch: 25/30 -- Train Loss: 0.441 -- Validation Loss: 1.043 -- Validation ACC: 0.556 -- Validation F1: 0.556
2024-07-16,21:49:40 [INFO] Epoch: 26/30 -- Train Loss: 0.509 -- Validation Loss: 1.055 -- Validation ACC: 0.556 -- Validation F1: 0.556
2024-07-16,21:49:42 [INFO] Epoch: 27/30 -- Train Loss: 0.205 -- Validation Loss: 0.984 -- Validation ACC: 0.500 -- Validation F1: 0.571
2024-07-16,21:49:44 [INFO] Epoch: 28/30 -- Train Loss: 0.201 -- Validation Loss: 1.042 -- Validation ACC: 0.556 -- Validation F1: 0.600
2024-07-16,21:49:46 [INFO] Epoch: 29/30 -- Train Loss: 0.070 -- Validation Loss: 1.094 -- Validation ACC: 0.444 -- Validation F1: 0.444
2024-07-16,21:49:46 [INFO] Run 2/5: Average Over Last 6 epochs -- Valid ACC: 0.5185185185185186 -- Valid F1-score: 0.5422166734933853
2024-07-16,21:49:47 [INFO] Test Results of Run 2/5: -- Test Loss: 0.778 -- Test ACC: 0.757 -- Test F1: 0.770
2024-07-16,21:49:48 [INFO] Epoch: 0/30 -- Train Loss: 1.823 -- Validation Loss: 0.808 -- Validation ACC: 0.556 -- Validation F1: 0.600
2024-07-16,21:50:02 [INFO] Epoch: 10/30 -- Train Loss: 0.019 -- Validation Loss: 1.107 -- Validation ACC: 0.389 -- Validation F1: 0.353
2024-07-16,21:50:16 [INFO] Epoch: 20/30 -- Train Loss: 0.738 -- Validation Loss: 0.930 -- Validation ACC: 0.556 -- Validation F1: 0.600
2024-07-16,21:50:21 [INFO] Epoch: 24/30 -- Train Loss: 0.003 -- Validation Loss: 0.589 -- Validation ACC: 0.667 -- Validation F1: 0.750
2024-07-16,21:50:23 [INFO] Epoch: 25/30 -- Train Loss: 0.054 -- Validation Loss: 0.566 -- Validation ACC: 0.667 -- Validation F1: 0.750
2024-07-16,21:50:25 [INFO] Epoch: 26/30 -- Train Loss: 1.844 -- Validation Loss: 0.580 -- Validation ACC: 0.667 -- Validation F1: 0.750
2024-07-16,21:50:27 [INFO] Epoch: 27/30 -- Train Loss: 0.157 -- Validation Loss: 0.619 -- Validation ACC: 0.667 -- Validation F1: 0.727
2024-07-16,21:50:29 [INFO] Epoch: 28/30 -- Train Loss: 1.068 -- Validation Loss: 0.642 -- Validation ACC: 0.667 -- Validation F1: 0.727
2024-07-16,21:50:31 [INFO] Epoch: 29/30 -- Train Loss: 0.004 -- Validation Loss: 0.646 -- Validation ACC: 0.667 -- Validation F1: 0.727
2024-07-16,21:50:31 [INFO] Run 3/5: Average Over Last 6 epochs -- Valid ACC: 0.6666666666666666 -- Valid F1-score: 0.7386363744735718
2024-07-16,21:50:32 [INFO] Test Results of Run 3/5: -- Test Loss: 0.672 -- Test ACC: 0.765 -- Test F1: 0.803
2024-07-16,21:50:34 [INFO] Epoch: 0/30 -- Train Loss: 0.224 -- Validation Loss: 0.561 -- Validation ACC: 0.722 -- Validation F1: 0.783
2024-07-16,21:50:47 [INFO] Epoch: 10/30 -- Train Loss: 0.129 -- Validation Loss: 0.769 -- Validation ACC: 0.667 -- Validation F1: 0.727
2024-07-16,21:51:01 [INFO] Epoch: 20/30 -- Train Loss: 0.435 -- Validation Loss: 0.735 -- Validation ACC: 0.556 -- Validation F1: 0.636
2024-07-16,21:51:07 [INFO] Epoch: 24/30 -- Train Loss: 0.121 -- Validation Loss: 1.312 -- Validation ACC: 0.389 -- Validation F1: 0.353
2024-07-16,21:51:09 [INFO] Epoch: 25/30 -- Train Loss: 0.442 -- Validation Loss: 1.118 -- Validation ACC: 0.389 -- Validation F1: 0.353
2024-07-16,21:51:10 [INFO] Epoch: 26/30 -- Train Loss: 0.327 -- Validation Loss: 0.904 -- Validation ACC: 0.444 -- Validation F1: 0.500
2024-07-16,21:51:13 [INFO] Epoch: 27/30 -- Train Loss: 0.064 -- Validation Loss: 0.841 -- Validation ACC: 0.500 -- Validation F1: 0.571
2024-07-16,21:51:15 [INFO] Epoch: 28/30 -- Train Loss: 0.439 -- Validation Loss: 0.827 -- Validation ACC: 0.444 -- Validation F1: 0.500
2024-07-16,21:51:17 [INFO] Epoch: 29/30 -- Train Loss: 0.257 -- Validation Loss: 0.935 -- Validation ACC: 0.444 -- Validation F1: 0.500
2024-07-16,21:51:17 [INFO] Run 4/5: Average Over Last 6 epochs -- Valid ACC: 0.4351851851851853 -- Valid F1-score: 0.46288516124089557
2024-07-16,21:51:17 [INFO] Test Results of Run 4/5: -- Test Loss: 0.877 -- Test ACC: 0.739 -- Test F1: 0.773
2024-07-16,21:51:17 [INFO] Validation average after 5 runs -- ACC: 0.507 -- F1-score: 0.540
2024-07-16,21:51:17 [INFO] Test average after 5 runs -- ACC: 0.755 -- F1-score: 0.785
2024-07-16,21:51:17 [INFO] Finished round 0/10 of experiments!
2024-07-16,21:51:17 [INFO] Started round 1/10 of experiments!
2024-07-16,21:51:18 [INFO] Loading previous pretrained model at ./pretrained/GCN_Pretrained_2024-07-01-14-56-23.pth
2024-07-16,21:51:19 [INFO] Pretrained GNN on Source Dataset -- Test Loss: 0.964 -- Test ACC: 0.739 -- Test F1-score: 0.758
2024-07-16,21:51:20 [INFO] Pretrained GNN on Target Dataset Without Prompting: -- Validation Loss: 1.277 -- Validation ACC: 0.667 -- Validation F1-score: 0.769 -- Test Loss: 1.529 -- Test ACC: 0.643 -- Test F1-score: 0.713
2024-07-16,21:51:22 [INFO] Epoch: 0/30 -- Train Loss: 1.191 -- Validation Loss: 1.475 -- Validation ACC: 0.667 -- Validation F1: 0.800
2024-07-16,21:51:36 [INFO] Epoch: 10/30 -- Train Loss: 0.004 -- Validation Loss: 1.285 -- Validation ACC: 0.667 -- Validation F1: 0.786
2024-07-16,21:51:48 [INFO] Epoch: 20/30 -- Train Loss: 0.014 -- Validation Loss: 1.576 -- Validation ACC: 0.722 -- Validation F1: 0.839
2024-07-16,21:51:54 [INFO] Epoch: 24/30 -- Train Loss: 0.225 -- Validation Loss: 1.312 -- Validation ACC: 0.667 -- Validation F1: 0.769
2024-07-16,21:51:56 [INFO] Epoch: 25/30 -- Train Loss: 0.183 -- Validation Loss: 1.292 -- Validation ACC: 0.611 -- Validation F1: 0.741
2024-07-16,21:51:57 [INFO] Epoch: 26/30 -- Train Loss: 0.731 -- Validation Loss: 1.296 -- Validation ACC: 0.667 -- Validation F1: 0.786
2024-07-16,21:51:59 [INFO] Epoch: 27/30 -- Train Loss: 0.050 -- Validation Loss: 1.285 -- Validation ACC: 0.667 -- Validation F1: 0.786
2024-07-16,21:52:01 [INFO] Epoch: 28/30 -- Train Loss: 0.960 -- Validation Loss: 1.263 -- Validation ACC: 0.611 -- Validation F1: 0.741
2024-07-16,21:52:03 [INFO] Epoch: 29/30 -- Train Loss: 0.144 -- Validation Loss: 1.238 -- Validation ACC: 0.667 -- Validation F1: 0.769
2024-07-16,21:52:03 [INFO] Run 0/5: Average Over Last 6 epochs -- Valid ACC: 0.648148148148148 -- Valid F1-score: 0.7652285893758138
2024-07-16,21:52:04 [INFO] Test Results of Run 0/5: -- Test Loss: 1.588 -- Test ACC: 0.661 -- Test F1: 0.745
2024-07-16,21:52:06 [INFO] Epoch: 0/30 -- Train Loss: 0.050 -- Validation Loss: 1.296 -- Validation ACC: 0.722 -- Validation F1: 0.828
2024-07-16,21:52:20 [INFO] Epoch: 10/30 -- Train Loss: 1.169 -- Validation Loss: 1.768 -- Validation ACC: 0.722 -- Validation F1: 0.839
2024-07-16,21:52:33 [INFO] Epoch: 20/30 -- Train Loss: 0.763 -- Validation Loss: 1.477 -- Validation ACC: 0.722 -- Validation F1: 0.839
2024-07-16,21:52:39 [INFO] Epoch: 24/30 -- Train Loss: 1.325 -- Validation Loss: 1.458 -- Validation ACC: 0.722 -- Validation F1: 0.839
2024-07-16,21:52:41 [INFO] Epoch: 25/30 -- Train Loss: 0.536 -- Validation Loss: 1.353 -- Validation ACC: 0.722 -- Validation F1: 0.828
2024-07-16,21:52:42 [INFO] Epoch: 26/30 -- Train Loss: 0.234 -- Validation Loss: 1.367 -- Validation ACC: 0.722 -- Validation F1: 0.828
2024-07-16,21:52:44 [INFO] Epoch: 27/30 -- Train Loss: 0.058 -- Validation Loss: 1.285 -- Validation ACC: 0.722 -- Validation F1: 0.828
2024-07-16,21:52:46 [INFO] Epoch: 28/30 -- Train Loss: 0.337 -- Validation Loss: 1.205 -- Validation ACC: 0.722 -- Validation F1: 0.815
2024-07-16,21:52:48 [INFO] Epoch: 29/30 -- Train Loss: 0.022 -- Validation Loss: 1.197 -- Validation ACC: 0.722 -- Validation F1: 0.815
2024-07-16,21:52:48 [INFO] Run 1/5: Average Over Last 6 epochs -- Valid ACC: 0.7222222222222222 -- Valid F1-score: 0.8251829942067465
2024-07-16,21:52:48 [INFO] Test Results of Run 1/5: -- Test Loss: 1.615 -- Test ACC: 0.643 -- Test F1: 0.709
2024-07-16,21:52:50 [INFO] Epoch: 0/30 -- Train Loss: 1.116 -- Validation Loss: 1.405 -- Validation ACC: 0.667 -- Validation F1: 0.769
2024-07-16,21:53:04 [INFO] Epoch: 10/30 -- Train Loss: 0.066 -- Validation Loss: 1.457 -- Validation ACC: 0.667 -- Validation F1: 0.800
2024-07-16,21:53:18 [INFO] Epoch: 20/30 -- Train Loss: 1.660 -- Validation Loss: 1.454 -- Validation ACC: 0.778 -- Validation F1: 0.867
2024-07-16,21:53:23 [INFO] Epoch: 24/30 -- Train Loss: 0.151 -- Validation Loss: 1.310 -- Validation ACC: 0.667 -- Validation F1: 0.769
2024-07-16,21:53:25 [INFO] Epoch: 25/30 -- Train Loss: 0.767 -- Validation Loss: 1.320 -- Validation ACC: 0.667 -- Validation F1: 0.769
2024-07-16,21:53:27 [INFO] Epoch: 26/30 -- Train Loss: 0.030 -- Validation Loss: 1.352 -- Validation ACC: 0.667 -- Validation F1: 0.769
2024-07-16,21:53:29 [INFO] Epoch: 27/30 -- Train Loss: 0.349 -- Validation Loss: 1.382 -- Validation ACC: 0.667 -- Validation F1: 0.769
2024-07-16,21:53:30 [INFO] Epoch: 28/30 -- Train Loss: 0.597 -- Validation Loss: 1.383 -- Validation ACC: 0.667 -- Validation F1: 0.769
2024-07-16,21:53:32 [INFO] Epoch: 29/30 -- Train Loss: 0.199 -- Validation Loss: 1.400 -- Validation ACC: 0.722 -- Validation F1: 0.815
2024-07-16,21:53:32 [INFO] Run 2/5: Average Over Last 6 epochs -- Valid ACC: 0.6759259259259259 -- Valid F1-score: 0.7768281201521555
2024-07-16,21:53:33 [INFO] Test Results of Run 2/5: -- Test Loss: 1.663 -- Test ACC: 0.687 -- Test F1: 0.763
2024-07-16,21:53:34 [INFO] Epoch: 0/30 -- Train Loss: 5.238 -- Validation Loss: 1.300 -- Validation ACC: 0.667 -- Validation F1: 0.769
2024-07-16,21:53:49 [INFO] Epoch: 10/30 -- Train Loss: 0.147 -- Validation Loss: 1.296 -- Validation ACC: 0.667 -- Validation F1: 0.769
2024-07-16,21:54:02 [INFO] Epoch: 20/30 -- Train Loss: 0.053 -- Validation Loss: 1.222 -- Validation ACC: 0.667 -- Validation F1: 0.769
2024-07-16,21:54:07 [INFO] Epoch: 24/30 -- Train Loss: 0.229 -- Validation Loss: 1.158 -- Validation ACC: 0.722 -- Validation F1: 0.815
2024-07-16,21:54:09 [INFO] Epoch: 25/30 -- Train Loss: 0.655 -- Validation Loss: 1.171 -- Validation ACC: 0.667 -- Validation F1: 0.786
2024-07-16,21:54:11 [INFO] Epoch: 26/30 -- Train Loss: 1.117 -- Validation Loss: 1.147 -- Validation ACC: 0.667 -- Validation F1: 0.786
2024-07-16,21:54:13 [INFO] Epoch: 27/30 -- Train Loss: 0.122 -- Validation Loss: 1.146 -- Validation ACC: 0.667 -- Validation F1: 0.786
2024-07-16,21:54:14 [INFO] Epoch: 28/30 -- Train Loss: 0.285 -- Validation Loss: 1.162 -- Validation ACC: 0.667 -- Validation F1: 0.786
2024-07-16,21:54:16 [INFO] Epoch: 29/30 -- Train Loss: 0.457 -- Validation Loss: 1.187 -- Validation ACC: 0.667 -- Validation F1: 0.786
2024-07-16,21:54:16 [INFO] Run 3/5: Average Over Last 6 epochs -- Valid ACC: 0.6759259259259259 -- Valid F1-score: 0.7905643582344055
2024-07-16,21:54:17 [INFO] Test Results of Run 3/5: -- Test Loss: 1.565 -- Test ACC: 0.670 -- Test F1: 0.743
2024-07-16,21:54:19 [INFO] Epoch: 0/30 -- Train Loss: 0.602 -- Validation Loss: 1.196 -- Validation ACC: 0.667 -- Validation F1: 0.769
2024-07-16,21:54:33 [INFO] Epoch: 10/30 -- Train Loss: 0.234 -- Validation Loss: 1.291 -- Validation ACC: 0.667 -- Validation F1: 0.786
2024-07-16,21:54:46 [INFO] Epoch: 20/30 -- Train Loss: 0.295 -- Validation Loss: 1.232 -- Validation ACC: 0.667 -- Validation F1: 0.769
2024-07-16,21:54:52 [INFO] Epoch: 24/30 -- Train Loss: 1.045 -- Validation Loss: 1.256 -- Validation ACC: 0.667 -- Validation F1: 0.769
2024-07-16,21:54:53 [INFO] Epoch: 25/30 -- Train Loss: 0.048 -- Validation Loss: 1.301 -- Validation ACC: 0.667 -- Validation F1: 0.786
2024-07-16,21:54:55 [INFO] Epoch: 26/30 -- Train Loss: 0.237 -- Validation Loss: 1.348 -- Validation ACC: 0.778 -- Validation F1: 0.867
2024-07-16,21:54:57 [INFO] Epoch: 27/30 -- Train Loss: 0.255 -- Validation Loss: 1.361 -- Validation ACC: 0.778 -- Validation F1: 0.867
2024-07-16,21:54:59 [INFO] Epoch: 28/30 -- Train Loss: 0.102 -- Validation Loss: 1.303 -- Validation ACC: 0.722 -- Validation F1: 0.828
2024-07-16,21:55:00 [INFO] Epoch: 29/30 -- Train Loss: 0.077 -- Validation Loss: 1.266 -- Validation ACC: 0.667 -- Validation F1: 0.769
2024-07-16,21:55:00 [INFO] Run 4/5: Average Over Last 6 epochs -- Valid ACC: 0.7129629629629629 -- Valid F1-score: 0.8141825695832571
2024-07-16,21:55:01 [INFO] Test Results of Run 4/5: -- Test Loss: 1.600 -- Test ACC: 0.626 -- Test F1: 0.703
2024-07-16,21:55:01 [INFO] Validation average after 5 runs -- ACC: 0.687 -- F1-score: 0.794
2024-07-16,21:55:01 [INFO] Test average after 5 runs -- ACC: 0.657 -- F1-score: 0.733
2024-07-16,21:55:01 [INFO] Finished round 1/10 of experiments!
2024-07-16,21:55:01 [INFO] Started round 2/10 of experiments!
2024-07-16,21:55:01 [INFO] Loading previous pretrained model at ./pretrained/GCN_Pretrained_2024-07-01-14-58-41.pth
2024-07-16,21:55:02 [INFO] Pretrained GNN on Source Dataset -- Test Loss: 1.173 -- Test ACC: 0.757 -- Test F1-score: 0.813
2024-07-16,21:55:03 [INFO] Pretrained GNN on Target Dataset Without Prompting: -- Validation Loss: 0.928 -- Validation ACC: 0.667 -- Validation F1-score: 0.769 -- Test Loss: 0.858 -- Test ACC: 0.687 -- Test F1-score: 0.735
2024-07-16,21:55:05 [INFO] Epoch: 0/30 -- Train Loss: 0.473 -- Validation Loss: 0.907 -- Validation ACC: 0.667 -- Validation F1: 0.769
2024-07-16,21:55:19 [INFO] Epoch: 10/30 -- Train Loss: 1.330 -- Validation Loss: 1.009 -- Validation ACC: 0.667 -- Validation F1: 0.769
2024-07-16,21:55:32 [INFO] Epoch: 20/30 -- Train Loss: 0.212 -- Validation Loss: 1.170 -- Validation ACC: 0.667 -- Validation F1: 0.769
2024-07-16,21:55:38 [INFO] Epoch: 24/30 -- Train Loss: 1.643 -- Validation Loss: 1.245 -- Validation ACC: 0.611 -- Validation F1: 0.741
2024-07-16,21:55:39 [INFO] Epoch: 25/30 -- Train Loss: 0.903 -- Validation Loss: 1.191 -- Validation ACC: 0.611 -- Validation F1: 0.741
2024-07-16,21:55:41 [INFO] Epoch: 26/30 -- Train Loss: 0.028 -- Validation Loss: 1.080 -- Validation ACC: 0.667 -- Validation F1: 0.769
2024-07-16,21:55:42 [INFO] Epoch: 27/30 -- Train Loss: 0.143 -- Validation Loss: 1.016 -- Validation ACC: 0.667 -- Validation F1: 0.769
2024-07-16,21:55:44 [INFO] Epoch: 28/30 -- Train Loss: 0.497 -- Validation Loss: 1.009 -- Validation ACC: 0.667 -- Validation F1: 0.769
2024-07-16,21:55:45 [INFO] Epoch: 29/30 -- Train Loss: 0.583 -- Validation Loss: 1.015 -- Validation ACC: 0.667 -- Validation F1: 0.769
2024-07-16,21:55:45 [INFO] Run 0/5: Average Over Last 6 epochs -- Valid ACC: 0.648148148148148 -- Valid F1-score: 0.7597340941429138
2024-07-16,21:55:46 [INFO] Test Results of Run 0/5: -- Test Loss: 0.898 -- Test ACC: 0.722 -- Test F1: 0.738
2024-07-16,21:55:48 [INFO] Epoch: 0/30 -- Train Loss: 0.758 -- Validation Loss: 0.881 -- Validation ACC: 0.667 -- Validation F1: 0.769
2024-07-16,21:56:02 [INFO] Epoch: 10/30 -- Train Loss: 0.335 -- Validation Loss: 0.708 -- Validation ACC: 0.611 -- Validation F1: 0.720
2024-07-16,21:56:16 [INFO] Epoch: 20/30 -- Train Loss: 0.218 -- Validation Loss: 1.077 -- Validation ACC: 0.722 -- Validation F1: 0.828
2024-07-16,21:56:21 [INFO] Epoch: 24/30 -- Train Loss: 1.560 -- Validation Loss: 0.971 -- Validation ACC: 0.611 -- Validation F1: 0.741
2024-07-16,21:56:23 [INFO] Epoch: 25/30 -- Train Loss: 0.198 -- Validation Loss: 0.909 -- Validation ACC: 0.611 -- Validation F1: 0.741
2024-07-16,21:56:24 [INFO] Epoch: 26/30 -- Train Loss: 0.593 -- Validation Loss: 0.861 -- Validation ACC: 0.611 -- Validation F1: 0.741
2024-07-16,21:56:26 [INFO] Epoch: 27/30 -- Train Loss: 0.029 -- Validation Loss: 0.813 -- Validation ACC: 0.667 -- Validation F1: 0.769
2024-07-16,21:56:27 [INFO] Epoch: 28/30 -- Train Loss: 0.873 -- Validation Loss: 0.790 -- Validation ACC: 0.611 -- Validation F1: 0.720
2024-07-16,21:56:29 [INFO] Epoch: 29/30 -- Train Loss: 0.649 -- Validation Loss: 0.766 -- Validation ACC: 0.611 -- Validation F1: 0.720
2024-07-16,21:56:29 [INFO] Run 1/5: Average Over Last 6 epochs -- Valid ACC: 0.6203703703703703 -- Valid F1-score: 0.7385754982630411
2024-07-16,21:56:29 [INFO] Test Results of Run 1/5: -- Test Loss: 0.815 -- Test ACC: 0.696 -- Test F1: 0.720
2024-07-16,21:56:31 [INFO] Epoch: 0/30 -- Train Loss: 0.243 -- Validation Loss: 1.223 -- Validation ACC: 0.722 -- Validation F1: 0.828
2024-07-16,21:56:45 [INFO] Epoch: 10/30 -- Train Loss: 0.500 -- Validation Loss: 1.066 -- Validation ACC: 0.667 -- Validation F1: 0.769
2024-07-16,21:57:00 [INFO] Epoch: 20/30 -- Train Loss: 0.201 -- Validation Loss: 1.141 -- Validation ACC: 0.611 -- Validation F1: 0.741
2024-07-16,21:57:06 [INFO] Epoch: 24/30 -- Train Loss: 0.041 -- Validation Loss: 1.151 -- Validation ACC: 0.611 -- Validation F1: 0.741
2024-07-16,21:57:07 [INFO] Epoch: 25/30 -- Train Loss: 0.552 -- Validation Loss: 1.114 -- Validation ACC: 0.667 -- Validation F1: 0.769
2024-07-16,21:57:09 [INFO] Epoch: 26/30 -- Train Loss: 0.321 -- Validation Loss: 1.115 -- Validation ACC: 0.667 -- Validation F1: 0.769
2024-07-16,21:57:11 [INFO] Epoch: 27/30 -- Train Loss: 0.717 -- Validation Loss: 1.141 -- Validation ACC: 0.667 -- Validation F1: 0.769
2024-07-16,21:57:12 [INFO] Epoch: 28/30 -- Train Loss: 0.241 -- Validation Loss: 1.090 -- Validation ACC: 0.667 -- Validation F1: 0.769
2024-07-16,21:57:14 [INFO] Epoch: 29/30 -- Train Loss: 0.675 -- Validation Loss: 1.070 -- Validation ACC: 0.667 -- Validation F1: 0.769
2024-07-16,21:57:14 [INFO] Run 2/5: Average Over Last 6 epochs -- Valid ACC: 0.6574074074074073 -- Valid F1-score: 0.7644824385643005
2024-07-16,21:57:15 [INFO] Test Results of Run 2/5: -- Test Loss: 0.976 -- Test ACC: 0.704 -- Test F1: 0.734
2024-07-16,21:57:16 [INFO] Epoch: 0/30 -- Train Loss: 0.303 -- Validation Loss: 1.285 -- Validation ACC: 0.722 -- Validation F1: 0.828
2024-07-16,21:57:30 [INFO] Epoch: 10/30 -- Train Loss: 0.333 -- Validation Loss: 1.126 -- Validation ACC: 0.611 -- Validation F1: 0.720
2024-07-16,21:57:44 [INFO] Epoch: 20/30 -- Train Loss: 0.390 -- Validation Loss: 1.105 -- Validation ACC: 0.667 -- Validation F1: 0.769
2024-07-16,21:57:50 [INFO] Epoch: 24/30 -- Train Loss: 0.571 -- Validation Loss: 0.946 -- Validation ACC: 0.667 -- Validation F1: 0.769
2024-07-16,21:57:51 [INFO] Epoch: 25/30 -- Train Loss: 0.693 -- Validation Loss: 0.966 -- Validation ACC: 0.667 -- Validation F1: 0.769
2024-07-16,21:57:53 [INFO] Epoch: 26/30 -- Train Loss: 0.869 -- Validation Loss: 1.046 -- Validation ACC: 0.667 -- Validation F1: 0.769
2024-07-16,21:57:55 [INFO] Epoch: 27/30 -- Train Loss: 1.811 -- Validation Loss: 1.177 -- Validation ACC: 0.778 -- Validation F1: 0.857
2024-07-16,21:57:56 [INFO] Epoch: 28/30 -- Train Loss: 1.706 -- Validation Loss: 1.241 -- Validation ACC: 0.722 -- Validation F1: 0.828
2024-07-16,21:57:58 [INFO] Epoch: 29/30 -- Train Loss: 1.081 -- Validation Loss: 1.205 -- Validation ACC: 0.778 -- Validation F1: 0.857
2024-07-16,21:57:58 [INFO] Run 3/5: Average Over Last 6 epochs -- Valid ACC: 0.7129629629629629 -- Valid F1-score: 0.8082607189814249
2024-07-16,21:57:59 [INFO] Test Results of Run 3/5: -- Test Loss: 1.190 -- Test ACC: 0.652 -- Test F1: 0.730
2024-07-16,21:58:00 [INFO] Epoch: 0/30 -- Train Loss: 0.660 -- Validation Loss: 0.895 -- Validation ACC: 0.667 -- Validation F1: 0.769
2024-07-16,21:58:14 [INFO] Epoch: 10/30 -- Train Loss: 0.031 -- Validation Loss: 1.027 -- Validation ACC: 0.667 -- Validation F1: 0.786
2024-07-16,21:58:28 [INFO] Epoch: 20/30 -- Train Loss: 0.163 -- Validation Loss: 1.057 -- Validation ACC: 0.556 -- Validation F1: 0.692
2024-07-16,21:58:33 [INFO] Epoch: 24/30 -- Train Loss: 0.273 -- Validation Loss: 0.955 -- Validation ACC: 0.556 -- Validation F1: 0.667
2024-07-16,21:58:35 [INFO] Epoch: 25/30 -- Train Loss: 0.146 -- Validation Loss: 0.931 -- Validation ACC: 0.611 -- Validation F1: 0.720
2024-07-16,21:58:37 [INFO] Epoch: 26/30 -- Train Loss: 0.115 -- Validation Loss: 0.945 -- Validation ACC: 0.556 -- Validation F1: 0.692
2024-07-16,21:58:39 [INFO] Epoch: 27/30 -- Train Loss: 0.926 -- Validation Loss: 1.008 -- Validation ACC: 0.611 -- Validation F1: 0.741
2024-07-16,21:58:41 [INFO] Epoch: 28/30 -- Train Loss: 0.095 -- Validation Loss: 1.080 -- Validation ACC: 0.611 -- Validation F1: 0.741
2024-07-16,21:58:42 [INFO] Epoch: 29/30 -- Train Loss: 0.023 -- Validation Loss: 1.164 -- Validation ACC: 0.667 -- Validation F1: 0.786
2024-07-16,21:58:42 [INFO] Run 4/5: Average Over Last 6 epochs -- Valid ACC: 0.6018518518518519 -- Valid F1-score: 0.7243616878986359
2024-07-16,21:58:42 [INFO] Test Results of Run 4/5: -- Test Loss: 1.235 -- Test ACC: 0.652 -- Test F1: 0.737
2024-07-16,21:58:42 [INFO] Validation average after 5 runs -- ACC: 0.648 -- F1-score: 0.759
2024-07-16,21:58:42 [INFO] Test average after 5 runs -- ACC: 0.685 -- F1-score: 0.732
2024-07-16,21:58:42 [INFO] Finished round 2/10 of experiments!
2024-07-16,21:58:42 [INFO] Started round 3/10 of experiments!
2024-07-16,21:58:43 [INFO] Loading previous pretrained model at ./pretrained/GCN_Pretrained_2024-07-01-15-00-59.pth
2024-07-16,21:58:44 [INFO] Pretrained GNN on Source Dataset -- Test Loss: 0.746 -- Test ACC: 0.739 -- Test F1-score: 0.786
2024-07-16,21:58:44 [INFO] Pretrained GNN on Target Dataset Without Prompting: -- Validation Loss: 0.769 -- Validation ACC: 0.722 -- Validation F1-score: 0.706 -- Test Loss: 0.897 -- Test ACC: 0.748 -- Test F1-score: 0.810
2024-07-16,21:58:46 [INFO] Epoch: 0/30 -- Train Loss: 0.018 -- Validation Loss: 1.173 -- Validation ACC: 0.667 -- Validation F1: 0.700
2024-07-16,21:58:59 [INFO] Epoch: 10/30 -- Train Loss: 0.335 -- Validation Loss: 0.667 -- Validation ACC: 0.778 -- Validation F1: 0.750
2024-07-16,21:59:13 [INFO] Epoch: 20/30 -- Train Loss: 0.214 -- Validation Loss: 0.666 -- Validation ACC: 0.778 -- Validation F1: 0.750
2024-07-16,21:59:19 [INFO] Epoch: 24/30 -- Train Loss: 0.312 -- Validation Loss: 0.634 -- Validation ACC: 0.722 -- Validation F1: 0.706
2024-07-16,21:59:20 [INFO] Epoch: 25/30 -- Train Loss: 0.052 -- Validation Loss: 0.641 -- Validation ACC: 0.778 -- Validation F1: 0.778
2024-07-16,21:59:22 [INFO] Epoch: 26/30 -- Train Loss: 0.271 -- Validation Loss: 0.648 -- Validation ACC: 0.778 -- Validation F1: 0.778
2024-07-16,21:59:24 [INFO] Epoch: 27/30 -- Train Loss: 0.450 -- Validation Loss: 0.657 -- Validation ACC: 0.778 -- Validation F1: 0.778
2024-07-16,21:59:26 [INFO] Epoch: 28/30 -- Train Loss: 0.004 -- Validation Loss: 0.665 -- Validation ACC: 0.778 -- Validation F1: 0.778
2024-07-16,21:59:27 [INFO] Epoch: 29/30 -- Train Loss: 0.230 -- Validation Loss: 0.684 -- Validation ACC: 0.722 -- Validation F1: 0.706
2024-07-16,21:59:27 [INFO] Run 0/5: Average Over Last 6 epochs -- Valid ACC: 0.7592592592592592 -- Valid F1-score: 0.7538126508394877
2024-07-16,21:59:28 [INFO] Test Results of Run 0/5: -- Test Loss: 0.863 -- Test ACC: 0.730 -- Test F1: 0.795
2024-07-16,21:59:29 [INFO] Epoch: 0/30 -- Train Loss: 0.075 -- Validation Loss: 0.963 -- Validation ACC: 0.722 -- Validation F1: 0.737
2024-07-16,21:59:43 [INFO] Epoch: 10/30 -- Train Loss: 0.244 -- Validation Loss: 0.830 -- Validation ACC: 0.722 -- Validation F1: 0.667
2024-07-16,21:59:56 [INFO] Epoch: 20/30 -- Train Loss: 0.010 -- Validation Loss: 0.758 -- Validation ACC: 0.778 -- Validation F1: 0.778
2024-07-16,22:00:03 [INFO] Epoch: 24/30 -- Train Loss: 0.000 -- Validation Loss: 0.847 -- Validation ACC: 0.722 -- Validation F1: 0.706
2024-07-16,22:00:04 [INFO] Epoch: 25/30 -- Train Loss: 0.314 -- Validation Loss: 0.875 -- Validation ACC: 0.722 -- Validation F1: 0.706
2024-07-16,22:00:06 [INFO] Epoch: 26/30 -- Train Loss: 0.204 -- Validation Loss: 0.863 -- Validation ACC: 0.722 -- Validation F1: 0.706
2024-07-16,22:00:08 [INFO] Epoch: 27/30 -- Train Loss: 0.605 -- Validation Loss: 0.862 -- Validation ACC: 0.722 -- Validation F1: 0.706
2024-07-16,22:00:10 [INFO] Epoch: 28/30 -- Train Loss: 1.062 -- Validation Loss: 0.862 -- Validation ACC: 0.722 -- Validation F1: 0.706
2024-07-16,22:00:11 [INFO] Epoch: 29/30 -- Train Loss: 0.041 -- Validation Loss: 0.879 -- Validation ACC: 0.722 -- Validation F1: 0.706
2024-07-16,22:00:11 [INFO] Run 1/5: Average Over Last 6 epochs -- Valid ACC: 0.7222222222222222 -- Valid F1-score: 0.7058823704719543
2024-07-16,22:00:12 [INFO] Test Results of Run 1/5: -- Test Loss: 0.911 -- Test ACC: 0.739 -- Test F1: 0.808
2024-07-16,22:00:13 [INFO] Epoch: 0/30 -- Train Loss: 0.770 -- Validation Loss: 0.802 -- Validation ACC: 0.778 -- Validation F1: 0.750
2024-07-16,22:00:26 [INFO] Epoch: 10/30 -- Train Loss: 0.074 -- Validation Loss: 0.703 -- Validation ACC: 0.778 -- Validation F1: 0.778
2024-07-16,22:00:40 [INFO] Epoch: 20/30 -- Train Loss: 0.000 -- Validation Loss: 0.884 -- Validation ACC: 0.778 -- Validation F1: 0.778
2024-07-16,22:00:46 [INFO] Epoch: 24/30 -- Train Loss: 0.400 -- Validation Loss: 0.805 -- Validation ACC: 0.778 -- Validation F1: 0.750
2024-07-16,22:00:48 [INFO] Epoch: 25/30 -- Train Loss: 0.140 -- Validation Loss: 0.803 -- Validation ACC: 0.778 -- Validation F1: 0.750
2024-07-16,22:00:50 [INFO] Epoch: 26/30 -- Train Loss: 0.172 -- Validation Loss: 0.796 -- Validation ACC: 0.778 -- Validation F1: 0.750
2024-07-16,22:00:51 [INFO] Epoch: 27/30 -- Train Loss: 0.267 -- Validation Loss: 0.797 -- Validation ACC: 0.778 -- Validation F1: 0.750
2024-07-16,22:00:53 [INFO] Epoch: 28/30 -- Train Loss: 0.006 -- Validation Loss: 0.810 -- Validation ACC: 0.778 -- Validation F1: 0.750
2024-07-16,22:00:54 [INFO] Epoch: 29/30 -- Train Loss: 0.109 -- Validation Loss: 0.799 -- Validation ACC: 0.778 -- Validation F1: 0.750
2024-07-16,22:00:54 [INFO] Run 2/5: Average Over Last 6 epochs -- Valid ACC: 0.7777777777777778 -- Valid F1-score: 0.75
2024-07-16,22:00:55 [INFO] Test Results of Run 2/5: -- Test Loss: 0.947 -- Test ACC: 0.696 -- Test F1: 0.762
2024-07-16,22:00:57 [INFO] Epoch: 0/30 -- Train Loss: 1.665 -- Validation Loss: 1.066 -- Validation ACC: 0.722 -- Validation F1: 0.737
2024-07-16,22:01:10 [INFO] Epoch: 10/30 -- Train Loss: 0.000 -- Validation Loss: 0.812 -- Validation ACC: 0.778 -- Validation F1: 0.750
2024-07-16,22:01:24 [INFO] Epoch: 20/30 -- Train Loss: 0.783 -- Validation Loss: 0.989 -- Validation ACC: 0.722 -- Validation F1: 0.737
2024-07-16,22:01:30 [INFO] Epoch: 24/30 -- Train Loss: 0.250 -- Validation Loss: 0.837 -- Validation ACC: 0.778 -- Validation F1: 0.778
2024-07-16,22:01:32 [INFO] Epoch: 25/30 -- Train Loss: 0.198 -- Validation Loss: 0.788 -- Validation ACC: 0.778 -- Validation F1: 0.750
2024-07-16,22:01:33 [INFO] Epoch: 26/30 -- Train Loss: 0.007 -- Validation Loss: 0.795 -- Validation ACC: 0.778 -- Validation F1: 0.750
2024-07-16,22:01:35 [INFO] Epoch: 27/30 -- Train Loss: 0.018 -- Validation Loss: 0.824 -- Validation ACC: 0.778 -- Validation F1: 0.750
2024-07-16,22:01:37 [INFO] Epoch: 28/30 -- Train Loss: 0.306 -- Validation Loss: 0.869 -- Validation ACC: 0.722 -- Validation F1: 0.667
2024-07-16,22:01:39 [INFO] Epoch: 29/30 -- Train Loss: 0.116 -- Validation Loss: 0.906 -- Validation ACC: 0.722 -- Validation F1: 0.667
2024-07-16,22:01:39 [INFO] Run 3/5: Average Over Last 6 epochs -- Valid ACC: 0.7592592592592592 -- Valid F1-score: 0.7268518606821696
2024-07-16,22:01:39 [INFO] Test Results of Run 3/5: -- Test Loss: 1.006 -- Test ACC: 0.678 -- Test F1: 0.741
2024-07-16,22:01:41 [INFO] Epoch: 0/30 -- Train Loss: 0.547 -- Validation Loss: 0.823 -- Validation ACC: 0.778 -- Validation F1: 0.750
2024-07-16,22:01:54 [INFO] Epoch: 10/30 -- Train Loss: 0.004 -- Validation Loss: 0.944 -- Validation ACC: 0.778 -- Validation F1: 0.778
2024-07-16,22:02:08 [INFO] Epoch: 20/30 -- Train Loss: 1.855 -- Validation Loss: 0.911 -- Validation ACC: 0.722 -- Validation F1: 0.667
2024-07-16,22:02:14 [INFO] Epoch: 24/30 -- Train Loss: 1.146 -- Validation Loss: 0.859 -- Validation ACC: 0.722 -- Validation F1: 0.667
2024-07-16,22:02:16 [INFO] Epoch: 25/30 -- Train Loss: 0.087 -- Validation Loss: 0.870 -- Validation ACC: 0.722 -- Validation F1: 0.667
2024-07-16,22:02:17 [INFO] Epoch: 26/30 -- Train Loss: 0.380 -- Validation Loss: 0.859 -- Validation ACC: 0.722 -- Validation F1: 0.667
2024-07-16,22:02:19 [INFO] Epoch: 27/30 -- Train Loss: 1.012 -- Validation Loss: 0.811 -- Validation ACC: 0.722 -- Validation F1: 0.667
2024-07-16,22:02:21 [INFO] Epoch: 28/30 -- Train Loss: 0.001 -- Validation Loss: 0.799 -- Validation ACC: 0.722 -- Validation F1: 0.667
2024-07-16,22:02:23 [INFO] Epoch: 29/30 -- Train Loss: 0.330 -- Validation Loss: 0.796 -- Validation ACC: 0.722 -- Validation F1: 0.667
2024-07-16,22:02:23 [INFO] Run 4/5: Average Over Last 6 epochs -- Valid ACC: 0.7222222222222222 -- Valid F1-score: 0.6666666865348816
2024-07-16,22:02:23 [INFO] Test Results of Run 4/5: -- Test Loss: 0.933 -- Test ACC: 0.670 -- Test F1: 0.736
2024-07-16,22:02:23 [INFO] Validation average after 5 runs -- ACC: 0.748 -- F1-score: 0.721
2024-07-16,22:02:23 [INFO] Test average after 5 runs -- ACC: 0.703 -- F1-score: 0.768
2024-07-16,22:02:23 [INFO] Finished round 3/10 of experiments!
2024-07-16,22:02:23 [INFO] Started round 4/10 of experiments!
2024-07-16,22:02:24 [INFO] Loading previous pretrained model at ./pretrained/GCN_Pretrained_2024-07-01-15-03-17.pth
2024-07-16,22:02:25 [INFO] Pretrained GNN on Source Dataset -- Test Loss: 1.048 -- Test ACC: 0.696 -- Test F1-score: 0.759
2024-07-16,22:02:26 [INFO] Pretrained GNN on Target Dataset Without Prompting: -- Validation Loss: 0.854 -- Validation ACC: 0.500 -- Validation F1-score: 0.571 -- Test Loss: 0.781 -- Test ACC: 0.713 -- Test F1-score: 0.784
2024-07-16,22:02:27 [INFO] Epoch: 0/30 -- Train Loss: 1.354 -- Validation Loss: 1.017 -- Validation ACC: 0.556 -- Validation F1: 0.636
2024-07-16,22:02:41 [INFO] Epoch: 10/30 -- Train Loss: 0.006 -- Validation Loss: 1.751 -- Validation ACC: 0.500 -- Validation F1: 0.609
2024-07-16,22:02:55 [INFO] Epoch: 20/30 -- Train Loss: 0.038 -- Validation Loss: 1.064 -- Validation ACC: 0.500 -- Validation F1: 0.571
2024-07-16,22:03:01 [INFO] Epoch: 24/30 -- Train Loss: 2.102 -- Validation Loss: 2.029 -- Validation ACC: 0.389 -- Validation F1: 0.522
2024-07-16,22:03:02 [INFO] Epoch: 25/30 -- Train Loss: 0.064 -- Validation Loss: 1.932 -- Validation ACC: 0.389 -- Validation F1: 0.522
2024-07-16,22:03:04 [INFO] Epoch: 26/30 -- Train Loss: 0.095 -- Validation Loss: 1.917 -- Validation ACC: 0.389 -- Validation F1: 0.522
2024-07-16,22:03:06 [INFO] Epoch: 27/30 -- Train Loss: 0.219 -- Validation Loss: 1.840 -- Validation ACC: 0.389 -- Validation F1: 0.522
2024-07-16,22:03:08 [INFO] Epoch: 28/30 -- Train Loss: 0.167 -- Validation Loss: 1.731 -- Validation ACC: 0.389 -- Validation F1: 0.522
2024-07-16,22:03:09 [INFO] Epoch: 29/30 -- Train Loss: 0.779 -- Validation Loss: 1.733 -- Validation ACC: 0.389 -- Validation F1: 0.522
2024-07-16,22:03:09 [INFO] Run 0/5: Average Over Last 6 epochs -- Valid ACC: 0.3888888888888889 -- Valid F1-score: 0.52173912525177
2024-07-16,22:03:10 [INFO] Test Results of Run 0/5: -- Test Loss: 1.120 -- Test ACC: 0.678 -- Test F1: 0.789
2024-07-16,22:03:11 [INFO] Epoch: 0/30 -- Train Loss: 0.082 -- Validation Loss: 0.579 -- Validation ACC: 0.667 -- Validation F1: 0.571
2024-07-16,22:03:25 [INFO] Epoch: 10/30 -- Train Loss: 0.379 -- Validation Loss: 1.054 -- Validation ACC: 0.500 -- Validation F1: 0.571
2024-07-16,22:03:39 [INFO] Epoch: 20/30 -- Train Loss: 0.062 -- Validation Loss: 0.877 -- Validation ACC: 0.500 -- Validation F1: 0.526
2024-07-16,22:03:45 [INFO] Epoch: 24/30 -- Train Loss: 0.215 -- Validation Loss: 0.833 -- Validation ACC: 0.611 -- Validation F1: 0.588
2024-07-16,22:03:47 [INFO] Epoch: 25/30 -- Train Loss: 0.255 -- Validation Loss: 0.981 -- Validation ACC: 0.500 -- Validation F1: 0.526
2024-07-16,22:03:49 [INFO] Epoch: 26/30 -- Train Loss: 0.047 -- Validation Loss: 1.114 -- Validation ACC: 0.500 -- Validation F1: 0.571
2024-07-16,22:03:51 [INFO] Epoch: 27/30 -- Train Loss: 0.885 -- Validation Loss: 1.147 -- Validation ACC: 0.500 -- Validation F1: 0.571
2024-07-16,22:03:52 [INFO] Epoch: 28/30 -- Train Loss: 0.080 -- Validation Loss: 1.150 -- Validation ACC: 0.500 -- Validation F1: 0.571
2024-07-16,22:03:54 [INFO] Epoch: 29/30 -- Train Loss: 0.055 -- Validation Loss: 1.139 -- Validation ACC: 0.500 -- Validation F1: 0.571
2024-07-16,22:03:54 [INFO] Run 1/5: Average Over Last 6 epochs -- Valid ACC: 0.5185185185185185 -- Valid F1-score: 0.5667109191417694
2024-07-16,22:03:55 [INFO] Test Results of Run 1/5: -- Test Loss: 0.849 -- Test ACC: 0.748 -- Test F1: 0.818
2024-07-16,22:03:56 [INFO] Epoch: 0/30 -- Train Loss: 0.417 -- Validation Loss: 0.904 -- Validation ACC: 0.611 -- Validation F1: 0.632
2024-07-16,22:04:09 [INFO] Epoch: 10/30 -- Train Loss: 1.256 -- Validation Loss: 1.417 -- Validation ACC: 0.500 -- Validation F1: 0.571
2024-07-16,22:04:23 [INFO] Epoch: 20/30 -- Train Loss: 0.585 -- Validation Loss: 0.672 -- Validation ACC: 0.611 -- Validation F1: 0.462
2024-07-16,22:04:29 [INFO] Epoch: 24/30 -- Train Loss: 0.010 -- Validation Loss: 0.846 -- Validation ACC: 0.667 -- Validation F1: 0.625
2024-07-16,22:04:30 [INFO] Epoch: 25/30 -- Train Loss: 0.934 -- Validation Loss: 0.872 -- Validation ACC: 0.611 -- Validation F1: 0.588
2024-07-16,22:04:32 [INFO] Epoch: 26/30 -- Train Loss: 0.618 -- Validation Loss: 0.918 -- Validation ACC: 0.611 -- Validation F1: 0.588
2024-07-16,22:04:34 [INFO] Epoch: 27/30 -- Train Loss: 0.721 -- Validation Loss: 1.002 -- Validation ACC: 0.556 -- Validation F1: 0.556
2024-07-16,22:04:36 [INFO] Epoch: 28/30 -- Train Loss: 0.357 -- Validation Loss: 1.174 -- Validation ACC: 0.500 -- Validation F1: 0.526
2024-07-16,22:04:38 [INFO] Epoch: 29/30 -- Train Loss: 0.119 -- Validation Loss: 1.297 -- Validation ACC: 0.444 -- Validation F1: 0.500
2024-07-16,22:04:38 [INFO] Run 2/5: Average Over Last 6 epochs -- Valid ACC: 0.5648148148148149 -- Valid F1-score: 0.5638903379440308
2024-07-16,22:04:38 [INFO] Test Results of Run 2/5: -- Test Loss: 0.862 -- Test ACC: 0.730 -- Test F1: 0.817
2024-07-16,22:04:40 [INFO] Epoch: 0/30 -- Train Loss: 0.058 -- Validation Loss: 1.332 -- Validation ACC: 0.500 -- Validation F1: 0.571
2024-07-16,22:04:53 [INFO] Epoch: 10/30 -- Train Loss: 0.017 -- Validation Loss: 1.401 -- Validation ACC: 0.500 -- Validation F1: 0.571
2024-07-16,22:05:07 [INFO] Epoch: 20/30 -- Train Loss: 0.280 -- Validation Loss: 1.739 -- Validation ACC: 0.444 -- Validation F1: 0.545
2024-07-16,22:05:12 [INFO] Epoch: 24/30 -- Train Loss: 0.095 -- Validation Loss: 1.472 -- Validation ACC: 0.444 -- Validation F1: 0.545
2024-07-16,22:05:14 [INFO] Epoch: 25/30 -- Train Loss: 0.029 -- Validation Loss: 1.191 -- Validation ACC: 0.556 -- Validation F1: 0.600
2024-07-16,22:05:16 [INFO] Epoch: 26/30 -- Train Loss: 0.290 -- Validation Loss: 0.994 -- Validation ACC: 0.611 -- Validation F1: 0.632
2024-07-16,22:05:18 [INFO] Epoch: 27/30 -- Train Loss: 0.266 -- Validation Loss: 0.914 -- Validation ACC: 0.611 -- Validation F1: 0.632
2024-07-16,22:05:19 [INFO] Epoch: 28/30 -- Train Loss: 0.196 -- Validation Loss: 0.845 -- Validation ACC: 0.611 -- Validation F1: 0.632
2024-07-16,22:05:21 [INFO] Epoch: 29/30 -- Train Loss: 0.302 -- Validation Loss: 0.878 -- Validation ACC: 0.611 -- Validation F1: 0.632
2024-07-16,22:05:21 [INFO] Run 3/5: Average Over Last 6 epochs -- Valid ACC: 0.5740740740740741 -- Valid F1-score: 0.611961712439855
2024-07-16,22:05:22 [INFO] Test Results of Run 3/5: -- Test Loss: 0.778 -- Test ACC: 0.704 -- Test F1: 0.776
2024-07-16,22:05:24 [INFO] Epoch: 0/30 -- Train Loss: 0.329 -- Validation Loss: 0.723 -- Validation ACC: 0.667 -- Validation F1: 0.625
2024-07-16,22:05:37 [INFO] Epoch: 10/30 -- Train Loss: 0.290 -- Validation Loss: 1.399 -- Validation ACC: 0.500 -- Validation F1: 0.571
2024-07-16,22:05:51 [INFO] Epoch: 20/30 -- Train Loss: 0.818 -- Validation Loss: 1.485 -- Validation ACC: 0.500 -- Validation F1: 0.526
2024-07-16,22:05:57 [INFO] Epoch: 24/30 -- Train Loss: 0.053 -- Validation Loss: 1.151 -- Validation ACC: 0.500 -- Validation F1: 0.471
2024-07-16,22:05:58 [INFO] Epoch: 25/30 -- Train Loss: 0.076 -- Validation Loss: 1.159 -- Validation ACC: 0.500 -- Validation F1: 0.471
2024-07-16,22:06:00 [INFO] Epoch: 26/30 -- Train Loss: 0.229 -- Validation Loss: 1.171 -- Validation ACC: 0.500 -- Validation F1: 0.471
2024-07-16,22:06:02 [INFO] Epoch: 27/30 -- Train Loss: 0.413 -- Validation Loss: 1.177 -- Validation ACC: 0.500 -- Validation F1: 0.471
2024-07-16,22:06:04 [INFO] Epoch: 28/30 -- Train Loss: 0.230 -- Validation Loss: 1.310 -- Validation ACC: 0.500 -- Validation F1: 0.471
2024-07-16,22:06:06 [INFO] Epoch: 29/30 -- Train Loss: 0.636 -- Validation Loss: 1.316 -- Validation ACC: 0.500 -- Validation F1: 0.471
2024-07-16,22:06:06 [INFO] Run 4/5: Average Over Last 6 epochs -- Valid ACC: 0.5 -- Valid F1-score: 0.47058823704719543
2024-07-16,22:06:06 [INFO] Test Results of Run 4/5: -- Test Loss: 0.903 -- Test ACC: 0.722 -- Test F1: 0.792
2024-07-16,22:06:06 [INFO] Validation average after 5 runs -- ACC: 0.509 -- F1-score: 0.547
2024-07-16,22:06:06 [INFO] Test average after 5 runs -- ACC: 0.717 -- F1-score: 0.798
2024-07-16,22:06:06 [INFO] Finished round 4/10 of experiments!
2024-07-16,22:06:06 [INFO] Started round 5/10 of experiments!
2024-07-16,22:06:07 [INFO] Setting for pretraining: Model: {'gnn_type': 'gcn', 'in_channels': 56, 'hidden_channels': 512, 'out_channels': 2, 'num_layers': 3, 'dropout': 0.4, 'with_bn': False, 'with_head': True} -- Optimizer: {'lr': 0.01, 'scheduler_step_size': 50, 'scheduler_gamma': 0.5, 'weight_decay': 0.0} -- Training: {'n_epochs': 100}
2024-07-16,22:06:07 [INFO] Loading previous pretrained model at ./pretrained/GCN_Pretrained_2024-07-01-15-05-37.pth
2024-07-16,22:06:07 [INFO] Prompting method: flex_match -- Setting: Prompting function: gpf_plus -- Target Dataset: DHFR
2024-07-16,22:06:07 [INFO] Setting for prompt tuning: Prompt: {'emb_dim': 56, 'h_dim': 512, 'output_dim': 56, 'prompt_fn': 'gpf_plus', 'token_num': 20, 'cross_prune': 0.8, 'inner_prune': 0.3, 'attn_with_param': False} -- Pretrained Model: {'gnn_type': 'gcn', 'in_channels': 56, 'hidden_channels': 512, 'out_channels': 2, 'num_layers': 3, 'dropout': 0.4, 'with_bn': False, 'with_head': True} -- Optimizer: {'lr': 0.01, 'scheduler_step_size': 50, 'scheduler_gamma': 0.5, 'weight_decay': 0.0} -- Training: {'aug_type': 'feature', 'pos_aug_mode': 'mask', 'p_raug': 0.15, 'n_epochs': 30, 'r_reg': 0.0, 'soft_label': False, 'clutering_iters': 3, 'iterative_clustering': False, 'entropy_div_ratio': 3, 'w_entropy_loss': 0.0, 'w_softmax_loss': 0.0, 'w_domain_loss': 0.0, 'light_aug_prob': 0.1, 'light_aug_mode': 'mask', 'num_classes': 2, 'cut_off': 0.5}
2024-07-16,22:06:07 [INFO] Prompt tuning started: Num runs: 5 -- Eval step: 10
2024-07-16,22:06:08 [INFO] Pretrained GNN on Source Dataset -- Test Loss: 0.768 -- Test ACC: 0.687 -- Test F1-score: 0.684
2024-07-16,22:06:09 [INFO] Pretrained GNN on Target Dataset Without Prompting: -- Validation Loss: 0.232 -- Validation ACC: 0.889 -- Validation F1-score: 0.900 -- Test Loss: 0.871 -- Test ACC: 0.722 -- Test F1-score: 0.754
2024-07-16,22:06:10 [INFO] Epoch: 0/30 -- Train Loss: 0.921 -- Validation Loss: 0.299 -- Validation ACC: 0.778 -- Validation F1: 0.750
2024-07-16,22:06:24 [INFO] Epoch: 10/30 -- Train Loss: 0.406 -- Validation Loss: 0.420 -- Validation ACC: 0.778 -- Validation F1: 0.750
2024-07-16,22:06:37 [INFO] Epoch: 20/30 -- Train Loss: 0.468 -- Validation Loss: 0.276 -- Validation ACC: 0.889 -- Validation F1: 0.900
2024-07-16,22:06:43 [INFO] Epoch: 24/30 -- Train Loss: 0.210 -- Validation Loss: 0.268 -- Validation ACC: 0.833 -- Validation F1: 0.842
2024-07-16,22:06:45 [INFO] Epoch: 25/30 -- Train Loss: 0.011 -- Validation Loss: 0.280 -- Validation ACC: 0.778 -- Validation F1: 0.778
2024-07-16,22:06:47 [INFO] Epoch: 26/30 -- Train Loss: 0.556 -- Validation Loss: 0.277 -- Validation ACC: 0.778 -- Validation F1: 0.778
2024-07-16,22:06:49 [INFO] Epoch: 27/30 -- Train Loss: 0.285 -- Validation Loss: 0.268 -- Validation ACC: 0.889 -- Validation F1: 0.900
2024-07-16,22:06:51 [INFO] Epoch: 28/30 -- Train Loss: 0.189 -- Validation Loss: 0.270 -- Validation ACC: 0.778 -- Validation F1: 0.778
2024-07-16,22:06:53 [INFO] Epoch: 29/30 -- Train Loss: 0.668 -- Validation Loss: 0.266 -- Validation ACC: 0.778 -- Validation F1: 0.778
2024-07-16,22:06:53 [INFO] Run 0/5: Average Over Last 6 epochs -- Valid ACC: 0.8055555555555555 -- Valid F1-score: 0.8088694016138712
2024-07-16,22:06:54 [INFO] Test Results of Run 0/5: -- Test Loss: 0.901 -- Test ACC: 0.670 -- Test F1: 0.694
2024-07-16,22:06:55 [INFO] Epoch: 0/30 -- Train Loss: 0.418 -- Validation Loss: 0.426 -- Validation ACC: 0.889 -- Validation F1: 0.909
2024-07-16,22:07:08 [INFO] Epoch: 10/30 -- Train Loss: 0.300 -- Validation Loss: 0.338 -- Validation ACC: 0.778 -- Validation F1: 0.750
2024-07-16,22:07:23 [INFO] Epoch: 20/30 -- Train Loss: 0.003 -- Validation Loss: 0.284 -- Validation ACC: 0.944 -- Validation F1: 0.952
2024-07-16,22:07:29 [INFO] Epoch: 24/30 -- Train Loss: 0.668 -- Validation Loss: 0.436 -- Validation ACC: 0.833 -- Validation F1: 0.870
2024-07-16,22:07:31 [INFO] Epoch: 25/30 -- Train Loss: 0.789 -- Validation Loss: 0.451 -- Validation ACC: 0.833 -- Validation F1: 0.870
2024-07-16,22:07:33 [INFO] Epoch: 26/30 -- Train Loss: 0.248 -- Validation Loss: 0.535 -- Validation ACC: 0.778 -- Validation F1: 0.833
2024-07-16,22:07:35 [INFO] Epoch: 27/30 -- Train Loss: 0.000 -- Validation Loss: 0.611 -- Validation ACC: 0.722 -- Validation F1: 0.800
2024-07-16,22:07:36 [INFO] Epoch: 28/30 -- Train Loss: 0.003 -- Validation Loss: 0.593 -- Validation ACC: 0.722 -- Validation F1: 0.800
2024-07-16,22:07:39 [INFO] Epoch: 29/30 -- Train Loss: 0.113 -- Validation Loss: 0.462 -- Validation ACC: 0.889 -- Validation F1: 0.909
2024-07-16,22:07:39 [INFO] Run 1/5: Average Over Last 6 epochs -- Valid ACC: 0.7962962962962964 -- Valid F1-score: 0.8469257752100626
2024-07-16,22:07:39 [INFO] Test Results of Run 1/5: -- Test Loss: 1.009 -- Test ACC: 0.696 -- Test F1: 0.765
2024-07-16,22:07:41 [INFO] Epoch: 0/30 -- Train Loss: 0.020 -- Validation Loss: 0.425 -- Validation ACC: 0.833 -- Validation F1: 0.870
2024-07-16,22:07:55 [INFO] Epoch: 10/30 -- Train Loss: 0.420 -- Validation Loss: 0.263 -- Validation ACC: 0.833 -- Validation F1: 0.824
2024-07-16,22:08:08 [INFO] Epoch: 20/30 -- Train Loss: 1.117 -- Validation Loss: 0.297 -- Validation ACC: 0.833 -- Validation F1: 0.824
2024-07-16,22:08:13 [INFO] Epoch: 24/30 -- Train Loss: 0.714 -- Validation Loss: 0.338 -- Validation ACC: 0.889 -- Validation F1: 0.909
2024-07-16,22:08:15 [INFO] Epoch: 25/30 -- Train Loss: 1.038 -- Validation Loss: 0.281 -- Validation ACC: 0.889 -- Validation F1: 0.909
2024-07-16,22:08:16 [INFO] Epoch: 26/30 -- Train Loss: 0.117 -- Validation Loss: 0.246 -- Validation ACC: 0.889 -- Validation F1: 0.909
2024-07-16,22:08:18 [INFO] Epoch: 27/30 -- Train Loss: 0.709 -- Validation Loss: 0.220 -- Validation ACC: 0.944 -- Validation F1: 0.952
2024-07-16,22:08:20 [INFO] Epoch: 28/30 -- Train Loss: 0.523 -- Validation Loss: 0.212 -- Validation ACC: 0.889 -- Validation F1: 0.900
2024-07-16,22:08:22 [INFO] Epoch: 29/30 -- Train Loss: 0.334 -- Validation Loss: 0.222 -- Validation ACC: 0.889 -- Validation F1: 0.889
2024-07-16,22:08:22 [INFO] Run 2/5: Average Over Last 6 epochs -- Valid ACC: 0.8981481481481483 -- Valid F1-score: 0.9114237725734711
2024-07-16,22:08:23 [INFO] Test Results of Run 2/5: -- Test Loss: 0.892 -- Test ACC: 0.661 -- Test F1: 0.683
2024-07-16,22:08:24 [INFO] Epoch: 0/30 -- Train Loss: 0.444 -- Validation Loss: 0.426 -- Validation ACC: 0.778 -- Validation F1: 0.750
2024-07-16,22:08:38 [INFO] Epoch: 10/30 -- Train Loss: 1.622 -- Validation Loss: 0.290 -- Validation ACC: 0.889 -- Validation F1: 0.900
2024-07-16,22:08:51 [INFO] Epoch: 20/30 -- Train Loss: 0.000 -- Validation Loss: 0.394 -- Validation ACC: 0.778 -- Validation F1: 0.750
2024-07-16,22:08:56 [INFO] Epoch: 24/30 -- Train Loss: 0.243 -- Validation Loss: 0.622 -- Validation ACC: 0.667 -- Validation F1: 0.571
2024-07-16,22:08:58 [INFO] Epoch: 25/30 -- Train Loss: 0.980 -- Validation Loss: 0.595 -- Validation ACC: 0.722 -- Validation F1: 0.667
2024-07-16,22:09:00 [INFO] Epoch: 26/30 -- Train Loss: 0.261 -- Validation Loss: 0.522 -- Validation ACC: 0.778 -- Validation F1: 0.750
2024-07-16,22:09:02 [INFO] Epoch: 27/30 -- Train Loss: 0.601 -- Validation Loss: 0.456 -- Validation ACC: 0.778 -- Validation F1: 0.750
2024-07-16,22:09:04 [INFO] Epoch: 28/30 -- Train Loss: 0.323 -- Validation Loss: 0.415 -- Validation ACC: 0.778 -- Validation F1: 0.750
2024-07-16,22:09:06 [INFO] Epoch: 29/30 -- Train Loss: 0.326 -- Validation Loss: 0.386 -- Validation ACC: 0.778 -- Validation F1: 0.750
2024-07-16,22:09:06 [INFO] Run 3/5: Average Over Last 6 epochs -- Valid ACC: 0.75 -- Valid F1-score: 0.7063492139180502
2024-07-16,22:09:07 [INFO] Test Results of Run 3/5: -- Test Loss: 0.905 -- Test ACC: 0.670 -- Test F1: 0.683
2024-07-16,22:09:09 [INFO] Epoch: 0/30 -- Train Loss: 0.004 -- Validation Loss: 0.489 -- Validation ACC: 0.778 -- Validation F1: 0.750
2024-07-16,22:09:23 [INFO] Epoch: 10/30 -- Train Loss: 0.104 -- Validation Loss: 0.282 -- Validation ACC: 0.833 -- Validation F1: 0.857
2024-07-16,22:09:37 [INFO] Epoch: 20/30 -- Train Loss: 1.526 -- Validation Loss: 0.303 -- Validation ACC: 0.778 -- Validation F1: 0.750
2024-07-16,22:09:42 [INFO] Epoch: 24/30 -- Train Loss: 1.028 -- Validation Loss: 0.257 -- Validation ACC: 0.833 -- Validation F1: 0.824
2024-07-16,22:09:44 [INFO] Epoch: 25/30 -- Train Loss: 0.050 -- Validation Loss: 0.241 -- Validation ACC: 0.889 -- Validation F1: 0.889
2024-07-16,22:09:45 [INFO] Epoch: 26/30 -- Train Loss: 0.388 -- Validation Loss: 0.242 -- Validation ACC: 0.889 -- Validation F1: 0.889
2024-07-16,22:09:47 [INFO] Epoch: 27/30 -- Train Loss: 0.309 -- Validation Loss: 0.228 -- Validation ACC: 0.944 -- Validation F1: 0.947
2024-07-16,22:09:49 [INFO] Epoch: 28/30 -- Train Loss: 1.278 -- Validation Loss: 0.228 -- Validation ACC: 0.944 -- Validation F1: 0.947
2024-07-16,22:09:51 [INFO] Epoch: 29/30 -- Train Loss: 0.767 -- Validation Loss: 0.227 -- Validation ACC: 0.944 -- Validation F1: 0.947
2024-07-16,22:09:51 [INFO] Run 4/5: Average Over Last 6 epochs -- Valid ACC: 0.9074074074074074 -- Valid F1-score: 0.9072354237238566
2024-07-16,22:09:51 [INFO] Test Results of Run 4/5: -- Test Loss: 0.928 -- Test ACC: 0.652 -- Test F1: 0.677
2024-07-16,22:09:51 [INFO] Validation average after 5 runs -- ACC: 0.831 -- F1-score: 0.836
2024-07-16,22:09:51 [INFO] Test average after 5 runs -- ACC: 0.670 -- F1-score: 0.700
2024-07-16,22:09:51 [INFO] Finished round 5/10 of experiments!
2024-07-16,22:09:51 [INFO] Started round 6/10 of experiments!
2024-07-16,22:09:53 [INFO] Loading previous pretrained model at ./pretrained/GCN_Pretrained_2024-07-01-15-07-56.pth
2024-07-16,22:09:53 [INFO] Pretrained GNN on Source Dataset -- Test Loss: 0.661 -- Test ACC: 0.626 -- Test F1-score: 0.770
2024-07-16,22:09:54 [INFO] Pretrained GNN on Target Dataset Without Prompting: -- Validation Loss: 0.641 -- Validation ACC: 0.667 -- Validation F1-score: 0.800 -- Test Loss: 0.687 -- Test ACC: 0.574 -- Test F1-score: 0.729
2024-07-16,22:09:56 [INFO] Epoch: 0/30 -- Train Loss: 0.579 -- Validation Loss: 0.641 -- Validation ACC: 0.667 -- Validation F1: 0.800
2024-07-16,22:10:10 [INFO] Epoch: 10/30 -- Train Loss: 0.579 -- Validation Loss: 0.641 -- Validation ACC: 0.667 -- Validation F1: 0.800
2024-07-16,22:10:23 [INFO] Epoch: 20/30 -- Train Loss: 0.579 -- Validation Loss: 0.641 -- Validation ACC: 0.667 -- Validation F1: 0.800
2024-07-16,22:10:28 [INFO] Epoch: 24/30 -- Train Loss: 0.579 -- Validation Loss: 0.641 -- Validation ACC: 0.667 -- Validation F1: 0.800
2024-07-16,22:10:30 [INFO] Epoch: 25/30 -- Train Loss: 0.579 -- Validation Loss: 0.641 -- Validation ACC: 0.667 -- Validation F1: 0.800
2024-07-16,22:10:32 [INFO] Epoch: 26/30 -- Train Loss: 0.579 -- Validation Loss: 0.641 -- Validation ACC: 0.667 -- Validation F1: 0.800
2024-07-16,22:10:33 [INFO] Epoch: 27/30 -- Train Loss: 0.579 -- Validation Loss: 0.641 -- Validation ACC: 0.667 -- Validation F1: 0.800
2024-07-16,22:10:35 [INFO] Epoch: 28/30 -- Train Loss: 0.579 -- Validation Loss: 0.641 -- Validation ACC: 0.667 -- Validation F1: 0.800
2024-07-16,22:10:37 [INFO] Epoch: 29/30 -- Train Loss: 0.579 -- Validation Loss: 0.641 -- Validation ACC: 0.667 -- Validation F1: 0.800
2024-07-16,22:10:37 [INFO] Run 0/5: Average Over Last 6 epochs -- Valid ACC: 0.6666666666666666 -- Valid F1-score: 0.800000011920929
2024-07-16,22:10:37 [INFO] Test Results of Run 0/5: -- Test Loss: 0.687 -- Test ACC: 0.574 -- Test F1: 0.729
2024-07-16,22:10:39 [INFO] Epoch: 0/30 -- Train Loss: 0.579 -- Validation Loss: 0.641 -- Validation ACC: 0.667 -- Validation F1: 0.800
2024-07-16,22:10:53 [INFO] Epoch: 10/30 -- Train Loss: 0.579 -- Validation Loss: 0.641 -- Validation ACC: 0.667 -- Validation F1: 0.800
2024-07-16,22:11:07 [INFO] Epoch: 20/30 -- Train Loss: 0.579 -- Validation Loss: 0.641 -- Validation ACC: 0.667 -- Validation F1: 0.800
2024-07-16,22:11:12 [INFO] Epoch: 24/30 -- Train Loss: 0.579 -- Validation Loss: 0.641 -- Validation ACC: 0.667 -- Validation F1: 0.800
2024-07-16,22:11:14 [INFO] Epoch: 25/30 -- Train Loss: 0.579 -- Validation Loss: 0.641 -- Validation ACC: 0.667 -- Validation F1: 0.800
2024-07-16,22:11:15 [INFO] Epoch: 26/30 -- Train Loss: 0.579 -- Validation Loss: 0.641 -- Validation ACC: 0.667 -- Validation F1: 0.800
2024-07-16,22:11:17 [INFO] Epoch: 27/30 -- Train Loss: 0.579 -- Validation Loss: 0.641 -- Validation ACC: 0.667 -- Validation F1: 0.800
2024-07-16,22:11:19 [INFO] Epoch: 28/30 -- Train Loss: 0.579 -- Validation Loss: 0.641 -- Validation ACC: 0.667 -- Validation F1: 0.800
2024-07-16,22:11:21 [INFO] Epoch: 29/30 -- Train Loss: 0.579 -- Validation Loss: 0.641 -- Validation ACC: 0.667 -- Validation F1: 0.800
2024-07-16,22:11:21 [INFO] Run 1/5: Average Over Last 6 epochs -- Valid ACC: 0.6666666666666666 -- Valid F1-score: 0.800000011920929
2024-07-16,22:11:22 [INFO] Test Results of Run 1/5: -- Test Loss: 0.687 -- Test ACC: 0.574 -- Test F1: 0.729
2024-07-16,22:11:24 [INFO] Epoch: 0/30 -- Train Loss: 0.579 -- Validation Loss: 0.641 -- Validation ACC: 0.667 -- Validation F1: 0.800
2024-07-16,22:11:38 [INFO] Epoch: 10/30 -- Train Loss: 0.579 -- Validation Loss: 0.641 -- Validation ACC: 0.667 -- Validation F1: 0.800
2024-07-16,22:11:51 [INFO] Epoch: 20/30 -- Train Loss: 0.579 -- Validation Loss: 0.641 -- Validation ACC: 0.667 -- Validation F1: 0.800
2024-07-16,22:11:57 [INFO] Epoch: 24/30 -- Train Loss: 0.579 -- Validation Loss: 0.641 -- Validation ACC: 0.667 -- Validation F1: 0.800
2024-07-16,22:11:59 [INFO] Epoch: 25/30 -- Train Loss: 0.579 -- Validation Loss: 0.641 -- Validation ACC: 0.667 -- Validation F1: 0.800
2024-07-16,22:12:00 [INFO] Epoch: 26/30 -- Train Loss: 0.579 -- Validation Loss: 0.641 -- Validation ACC: 0.667 -- Validation F1: 0.800
2024-07-16,22:12:02 [INFO] Epoch: 27/30 -- Train Loss: 0.579 -- Validation Loss: 0.641 -- Validation ACC: 0.667 -- Validation F1: 0.800
2024-07-16,22:12:04 [INFO] Epoch: 28/30 -- Train Loss: 0.579 -- Validation Loss: 0.641 -- Validation ACC: 0.667 -- Validation F1: 0.800
2024-07-16,22:12:05 [INFO] Epoch: 29/30 -- Train Loss: 0.579 -- Validation Loss: 0.641 -- Validation ACC: 0.667 -- Validation F1: 0.800
2024-07-16,22:12:05 [INFO] Run 2/5: Average Over Last 6 epochs -- Valid ACC: 0.6666666666666666 -- Valid F1-score: 0.800000011920929
2024-07-16,22:12:06 [INFO] Test Results of Run 2/5: -- Test Loss: 0.687 -- Test ACC: 0.574 -- Test F1: 0.729
2024-07-16,22:12:08 [INFO] Epoch: 0/30 -- Train Loss: 0.579 -- Validation Loss: 0.641 -- Validation ACC: 0.667 -- Validation F1: 0.800
2024-07-16,22:12:22 [INFO] Epoch: 10/30 -- Train Loss: 0.579 -- Validation Loss: 0.641 -- Validation ACC: 0.667 -- Validation F1: 0.800
2024-07-16,22:12:36 [INFO] Epoch: 20/30 -- Train Loss: 0.579 -- Validation Loss: 0.641 -- Validation ACC: 0.667 -- Validation F1: 0.800
2024-07-16,22:12:42 [INFO] Epoch: 24/30 -- Train Loss: 0.579 -- Validation Loss: 0.641 -- Validation ACC: 0.667 -- Validation F1: 0.800
2024-07-16,22:12:43 [INFO] Epoch: 25/30 -- Train Loss: 0.579 -- Validation Loss: 0.641 -- Validation ACC: 0.667 -- Validation F1: 0.800
2024-07-16,22:12:45 [INFO] Epoch: 26/30 -- Train Loss: 0.579 -- Validation Loss: 0.641 -- Validation ACC: 0.667 -- Validation F1: 0.800
2024-07-16,22:12:46 [INFO] Epoch: 27/30 -- Train Loss: 0.579 -- Validation Loss: 0.641 -- Validation ACC: 0.667 -- Validation F1: 0.800
2024-07-16,22:12:48 [INFO] Epoch: 28/30 -- Train Loss: 0.579 -- Validation Loss: 0.641 -- Validation ACC: 0.667 -- Validation F1: 0.800
2024-07-16,22:12:50 [INFO] Epoch: 29/30 -- Train Loss: 0.579 -- Validation Loss: 0.641 -- Validation ACC: 0.667 -- Validation F1: 0.800
2024-07-16,22:12:50 [INFO] Run 3/5: Average Over Last 6 epochs -- Valid ACC: 0.6666666666666666 -- Valid F1-score: 0.800000011920929
2024-07-16,22:12:50 [INFO] Test Results of Run 3/5: -- Test Loss: 0.687 -- Test ACC: 0.574 -- Test F1: 0.729
2024-07-16,22:12:52 [INFO] Epoch: 0/30 -- Train Loss: 0.579 -- Validation Loss: 0.641 -- Validation ACC: 0.667 -- Validation F1: 0.800
2024-07-16,22:13:06 [INFO] Epoch: 10/30 -- Train Loss: 0.579 -- Validation Loss: 0.641 -- Validation ACC: 0.667 -- Validation F1: 0.800
2024-07-16,22:13:20 [INFO] Epoch: 20/30 -- Train Loss: 0.579 -- Validation Loss: 0.641 -- Validation ACC: 0.667 -- Validation F1: 0.800
2024-07-16,22:13:26 [INFO] Epoch: 24/30 -- Train Loss: 0.579 -- Validation Loss: 0.641 -- Validation ACC: 0.667 -- Validation F1: 0.800
2024-07-16,22:13:28 [INFO] Epoch: 25/30 -- Train Loss: 0.579 -- Validation Loss: 0.641 -- Validation ACC: 0.667 -- Validation F1: 0.800
2024-07-16,22:13:30 [INFO] Epoch: 26/30 -- Train Loss: 0.579 -- Validation Loss: 0.641 -- Validation ACC: 0.667 -- Validation F1: 0.800
2024-07-16,22:13:32 [INFO] Epoch: 27/30 -- Train Loss: 0.579 -- Validation Loss: 0.641 -- Validation ACC: 0.667 -- Validation F1: 0.800
2024-07-16,22:13:33 [INFO] Epoch: 28/30 -- Train Loss: 0.579 -- Validation Loss: 0.641 -- Validation ACC: 0.667 -- Validation F1: 0.800
2024-07-16,22:13:35 [INFO] Epoch: 29/30 -- Train Loss: 0.579 -- Validation Loss: 0.641 -- Validation ACC: 0.667 -- Validation F1: 0.800
2024-07-16,22:13:35 [INFO] Run 4/5: Average Over Last 6 epochs -- Valid ACC: 0.6666666666666666 -- Valid F1-score: 0.800000011920929
2024-07-16,22:13:35 [INFO] Test Results of Run 4/5: -- Test Loss: 0.687 -- Test ACC: 0.574 -- Test F1: 0.729
2024-07-16,22:13:35 [INFO] Validation average after 5 runs -- ACC: 0.667 -- F1-score: 0.800
2024-07-16,22:13:35 [INFO] Test average after 5 runs -- ACC: 0.574 -- F1-score: 0.729
2024-07-16,22:13:35 [INFO] Finished round 6/10 of experiments!
2024-07-16,22:13:35 [INFO] Started round 7/10 of experiments!
2024-07-16,22:13:36 [INFO] Loading previous pretrained model at ./pretrained/GCN_Pretrained_2024-07-01-15-10-20.pth
2024-07-16,22:13:36 [INFO] Pretrained GNN on Source Dataset -- Test Loss: 0.642 -- Test ACC: 0.670 -- Test F1-score: 0.708
2024-07-16,22:13:37 [INFO] Pretrained GNN on Target Dataset Without Prompting: -- Validation Loss: 0.357 -- Validation ACC: 0.833 -- Validation F1-score: 0.870 -- Test Loss: 0.708 -- Test ACC: 0.609 -- Test F1-score: 0.640
2024-07-16,22:13:39 [INFO] Epoch: 0/30 -- Train Loss: 0.250 -- Validation Loss: 0.286 -- Validation ACC: 0.833 -- Validation F1: 0.880
2024-07-16,22:13:52 [INFO] Epoch: 10/30 -- Train Loss: 0.778 -- Validation Loss: 0.287 -- Validation ACC: 0.833 -- Validation F1: 0.880
2024-07-16,22:14:06 [INFO] Epoch: 20/30 -- Train Loss: 1.041 -- Validation Loss: 0.291 -- Validation ACC: 0.889 -- Validation F1: 0.917
2024-07-16,22:14:12 [INFO] Epoch: 24/30 -- Train Loss: 0.443 -- Validation Loss: 0.274 -- Validation ACC: 0.889 -- Validation F1: 0.917
2024-07-16,22:14:13 [INFO] Epoch: 25/30 -- Train Loss: 0.241 -- Validation Loss: 0.281 -- Validation ACC: 0.889 -- Validation F1: 0.917
2024-07-16,22:14:15 [INFO] Epoch: 26/30 -- Train Loss: 0.595 -- Validation Loss: 0.299 -- Validation ACC: 0.889 -- Validation F1: 0.917
2024-07-16,22:14:17 [INFO] Epoch: 27/30 -- Train Loss: 0.536 -- Validation Loss: 0.329 -- Validation ACC: 0.833 -- Validation F1: 0.870
2024-07-16,22:14:19 [INFO] Epoch: 28/30 -- Train Loss: 0.501 -- Validation Loss: 0.362 -- Validation ACC: 0.833 -- Validation F1: 0.870
2024-07-16,22:14:21 [INFO] Epoch: 29/30 -- Train Loss: 0.586 -- Validation Loss: 0.386 -- Validation ACC: 0.778 -- Validation F1: 0.818
2024-07-16,22:14:21 [INFO] Run 0/5: Average Over Last 6 epochs -- Valid ACC: 0.8518518518518517 -- Valid F1-score: 0.8845520416895548
2024-07-16,22:14:21 [INFO] Test Results of Run 0/5: -- Test Loss: 0.724 -- Test ACC: 0.583 -- Test F1: 0.600
2024-07-16,22:14:23 [INFO] Epoch: 0/30 -- Train Loss: 0.378 -- Validation Loss: 0.315 -- Validation ACC: 0.778 -- Validation F1: 0.833
2024-07-16,22:14:37 [INFO] Epoch: 10/30 -- Train Loss: 1.176 -- Validation Loss: 0.344 -- Validation ACC: 0.778 -- Validation F1: 0.833
2024-07-16,22:14:51 [INFO] Epoch: 20/30 -- Train Loss: 0.429 -- Validation Loss: 0.299 -- Validation ACC: 0.833 -- Validation F1: 0.880
2024-07-16,22:14:56 [INFO] Epoch: 24/30 -- Train Loss: 0.713 -- Validation Loss: 0.309 -- Validation ACC: 0.833 -- Validation F1: 0.880
2024-07-16,22:14:58 [INFO] Epoch: 25/30 -- Train Loss: 0.459 -- Validation Loss: 0.315 -- Validation ACC: 0.889 -- Validation F1: 0.917
2024-07-16,22:14:59 [INFO] Epoch: 26/30 -- Train Loss: 0.723 -- Validation Loss: 0.339 -- Validation ACC: 0.833 -- Validation F1: 0.870
2024-07-16,22:15:01 [INFO] Epoch: 27/30 -- Train Loss: 0.475 -- Validation Loss: 0.338 -- Validation ACC: 0.889 -- Validation F1: 0.917
2024-07-16,22:15:03 [INFO] Epoch: 28/30 -- Train Loss: 0.316 -- Validation Loss: 0.327 -- Validation ACC: 0.889 -- Validation F1: 0.917
2024-07-16,22:15:05 [INFO] Epoch: 29/30 -- Train Loss: 0.706 -- Validation Loss: 0.299 -- Validation ACC: 0.889 -- Validation F1: 0.917
2024-07-16,22:15:05 [INFO] Run 1/5: Average Over Last 6 epochs -- Valid ACC: 0.8703703703703706 -- Valid F1-score: 0.902705321709315
2024-07-16,22:15:05 [INFO] Test Results of Run 1/5: -- Test Loss: 0.746 -- Test ACC: 0.591 -- Test F1: 0.641
2024-07-16,22:15:07 [INFO] Epoch: 0/30 -- Train Loss: 0.526 -- Validation Loss: 0.391 -- Validation ACC: 0.778 -- Validation F1: 0.818
2024-07-16,22:15:20 [INFO] Epoch: 10/30 -- Train Loss: 0.816 -- Validation Loss: 0.347 -- Validation ACC: 0.833 -- Validation F1: 0.870
2024-07-16,22:15:34 [INFO] Epoch: 20/30 -- Train Loss: 0.536 -- Validation Loss: 0.337 -- Validation ACC: 0.833 -- Validation F1: 0.870
2024-07-16,22:15:40 [INFO] Epoch: 24/30 -- Train Loss: 0.324 -- Validation Loss: 0.359 -- Validation ACC: 0.833 -- Validation F1: 0.870
2024-07-16,22:15:41 [INFO] Epoch: 25/30 -- Train Loss: 0.912 -- Validation Loss: 0.328 -- Validation ACC: 0.833 -- Validation F1: 0.870
2024-07-16,22:15:43 [INFO] Epoch: 26/30 -- Train Loss: 0.124 -- Validation Loss: 0.312 -- Validation ACC: 0.833 -- Validation F1: 0.870
2024-07-16,22:15:45 [INFO] Epoch: 27/30 -- Train Loss: 0.187 -- Validation Loss: 0.304 -- Validation ACC: 0.833 -- Validation F1: 0.870
2024-07-16,22:15:47 [INFO] Epoch: 28/30 -- Train Loss: 0.744 -- Validation Loss: 0.304 -- Validation ACC: 0.833 -- Validation F1: 0.870
2024-07-16,22:15:48 [INFO] Epoch: 29/30 -- Train Loss: 0.553 -- Validation Loss: 0.308 -- Validation ACC: 0.833 -- Validation F1: 0.870
2024-07-16,22:15:48 [INFO] Run 2/5: Average Over Last 6 epochs -- Valid ACC: 0.8333333333333334 -- Valid F1-score: 0.8695651888847351
2024-07-16,22:15:49 [INFO] Test Results of Run 2/5: -- Test Loss: 0.747 -- Test ACC: 0.635 -- Test F1: 0.691
2024-07-16,22:15:51 [INFO] Epoch: 0/30 -- Train Loss: 0.480 -- Validation Loss: 0.331 -- Validation ACC: 0.833 -- Validation F1: 0.870
2024-07-16,22:16:04 [INFO] Epoch: 10/30 -- Train Loss: 0.022 -- Validation Loss: 0.307 -- Validation ACC: 0.778 -- Validation F1: 0.833
2024-07-16,22:16:19 [INFO] Epoch: 20/30 -- Train Loss: 0.106 -- Validation Loss: 0.295 -- Validation ACC: 0.833 -- Validation F1: 0.880
2024-07-16,22:16:24 [INFO] Epoch: 24/30 -- Train Loss: 0.057 -- Validation Loss: 0.284 -- Validation ACC: 0.833 -- Validation F1: 0.880
2024-07-16,22:16:26 [INFO] Epoch: 25/30 -- Train Loss: 0.676 -- Validation Loss: 0.279 -- Validation ACC: 0.833 -- Validation F1: 0.880
2024-07-16,22:16:28 [INFO] Epoch: 26/30 -- Train Loss: 0.605 -- Validation Loss: 0.276 -- Validation ACC: 0.833 -- Validation F1: 0.880
2024-07-16,22:16:29 [INFO] Epoch: 27/30 -- Train Loss: 0.016 -- Validation Loss: 0.275 -- Validation ACC: 0.833 -- Validation F1: 0.880
2024-07-16,22:16:31 [INFO] Epoch: 28/30 -- Train Loss: 0.500 -- Validation Loss: 0.274 -- Validation ACC: 0.833 -- Validation F1: 0.880
2024-07-16,22:16:33 [INFO] Epoch: 29/30 -- Train Loss: 0.461 -- Validation Loss: 0.275 -- Validation ACC: 0.833 -- Validation F1: 0.880
2024-07-16,22:16:33 [INFO] Run 3/5: Average Over Last 6 epochs -- Valid ACC: 0.8333333333333334 -- Valid F1-score: 0.8799999952316284
2024-07-16,22:16:33 [INFO] Test Results of Run 3/5: -- Test Loss: 0.750 -- Test ACC: 0.626 -- Test F1: 0.691
2024-07-16,22:16:35 [INFO] Epoch: 0/30 -- Train Loss: 0.144 -- Validation Loss: 0.278 -- Validation ACC: 0.889 -- Validation F1: 0.923
2024-07-16,22:16:49 [INFO] Epoch: 10/30 -- Train Loss: 0.721 -- Validation Loss: 0.375 -- Validation ACC: 0.833 -- Validation F1: 0.870
2024-07-16,22:17:02 [INFO] Epoch: 20/30 -- Train Loss: 0.137 -- Validation Loss: 0.270 -- Validation ACC: 0.889 -- Validation F1: 0.923
2024-07-16,22:17:08 [INFO] Epoch: 24/30 -- Train Loss: 0.656 -- Validation Loss: 0.274 -- Validation ACC: 0.833 -- Validation F1: 0.880
2024-07-16,22:17:10 [INFO] Epoch: 25/30 -- Train Loss: 0.471 -- Validation Loss: 0.281 -- Validation ACC: 0.833 -- Validation F1: 0.880
2024-07-16,22:17:11 [INFO] Epoch: 26/30 -- Train Loss: 0.199 -- Validation Loss: 0.291 -- Validation ACC: 0.833 -- Validation F1: 0.880
2024-07-16,22:17:13 [INFO] Epoch: 27/30 -- Train Loss: 0.213 -- Validation Loss: 0.306 -- Validation ACC: 0.889 -- Validation F1: 0.923
2024-07-16,22:17:14 [INFO] Epoch: 28/30 -- Train Loss: 0.637 -- Validation Loss: 0.313 -- Validation ACC: 0.889 -- Validation F1: 0.923
2024-07-16,22:17:16 [INFO] Epoch: 29/30 -- Train Loss: 0.555 -- Validation Loss: 0.310 -- Validation ACC: 0.889 -- Validation F1: 0.923
2024-07-16,22:17:16 [INFO] Run 4/5: Average Over Last 6 epochs -- Valid ACC: 0.861111111111111 -- Valid F1-score: 0.9015384614467621
2024-07-16,22:17:17 [INFO] Test Results of Run 4/5: -- Test Loss: 0.804 -- Test ACC: 0.591 -- Test F1: 0.680
2024-07-16,22:17:17 [INFO] Validation average after 5 runs -- ACC: 0.850 -- F1-score: 0.888
2024-07-16,22:17:17 [INFO] Test average after 5 runs -- ACC: 0.605 -- F1-score: 0.661
2024-07-16,22:17:17 [INFO] Finished round 7/10 of experiments!
2024-07-16,22:17:17 [INFO] Started round 8/10 of experiments!
2024-07-16,22:17:18 [INFO] Loading previous pretrained model at ./pretrained/GCN_Pretrained_2024-07-01-15-12-47.pth
2024-07-16,22:17:18 [INFO] Pretrained GNN on Source Dataset -- Test Loss: 0.883 -- Test ACC: 0.696 -- Test F1-score: 0.733
2024-07-16,22:17:19 [INFO] Pretrained GNN on Target Dataset Without Prompting: -- Validation Loss: 0.933 -- Validation ACC: 0.833 -- Validation F1-score: 0.889 -- Test Loss: 1.174 -- Test ACC: 0.652 -- Test F1-score: 0.714
2024-07-16,22:17:20 [INFO] Epoch: 0/30 -- Train Loss: 0.434 -- Validation Loss: 1.027 -- Validation ACC: 0.778 -- Validation F1: 0.857
2024-07-16,22:17:34 [INFO] Epoch: 10/30 -- Train Loss: 0.056 -- Validation Loss: 0.894 -- Validation ACC: 0.833 -- Validation F1: 0.889
2024-07-16,22:17:47 [INFO] Epoch: 20/30 -- Train Loss: 0.005 -- Validation Loss: 0.944 -- Validation ACC: 0.833 -- Validation F1: 0.880
2024-07-16,22:17:53 [INFO] Epoch: 24/30 -- Train Loss: 0.000 -- Validation Loss: 0.872 -- Validation ACC: 0.778 -- Validation F1: 0.846
2024-07-16,22:17:55 [INFO] Epoch: 25/30 -- Train Loss: 0.449 -- Validation Loss: 0.862 -- Validation ACC: 0.833 -- Validation F1: 0.889
2024-07-16,22:17:56 [INFO] Epoch: 26/30 -- Train Loss: 0.834 -- Validation Loss: 0.859 -- Validation ACC: 0.833 -- Validation F1: 0.889
2024-07-16,22:17:58 [INFO] Epoch: 27/30 -- Train Loss: 0.332 -- Validation Loss: 0.860 -- Validation ACC: 0.833 -- Validation F1: 0.889
2024-07-16,22:17:59 [INFO] Epoch: 28/30 -- Train Loss: 0.695 -- Validation Loss: 0.852 -- Validation ACC: 0.833 -- Validation F1: 0.889
2024-07-16,22:18:01 [INFO] Epoch: 29/30 -- Train Loss: 0.208 -- Validation Loss: 0.855 -- Validation ACC: 0.833 -- Validation F1: 0.889
2024-07-16,22:18:01 [INFO] Run 0/5: Average Over Last 6 epochs -- Valid ACC: 0.8240740740740741 -- Valid F1-score: 0.8817663888136545
2024-07-16,22:18:02 [INFO] Test Results of Run 0/5: -- Test Loss: 1.546 -- Test ACC: 0.696 -- Test F1: 0.768
2024-07-16,22:18:03 [INFO] Epoch: 0/30 -- Train Loss: 0.076 -- Validation Loss: 0.970 -- Validation ACC: 0.833 -- Validation F1: 0.889
2024-07-16,22:18:17 [INFO] Epoch: 10/30 -- Train Loss: 0.601 -- Validation Loss: 0.954 -- Validation ACC: 0.722 -- Validation F1: 0.800
2024-07-16,22:18:30 [INFO] Epoch: 20/30 -- Train Loss: 0.060 -- Validation Loss: 1.014 -- Validation ACC: 0.889 -- Validation F1: 0.923
2024-07-16,22:18:37 [INFO] Epoch: 24/30 -- Train Loss: 0.833 -- Validation Loss: 1.027 -- Validation ACC: 0.778 -- Validation F1: 0.857
2024-07-16,22:18:38 [INFO] Epoch: 25/30 -- Train Loss: 0.713 -- Validation Loss: 1.057 -- Validation ACC: 0.833 -- Validation F1: 0.889
2024-07-16,22:18:40 [INFO] Epoch: 26/30 -- Train Loss: 2.191 -- Validation Loss: 1.070 -- Validation ACC: 0.889 -- Validation F1: 0.923
2024-07-16,22:18:42 [INFO] Epoch: 27/30 -- Train Loss: 0.638 -- Validation Loss: 1.123 -- Validation ACC: 0.778 -- Validation F1: 0.833
2024-07-16,22:18:43 [INFO] Epoch: 28/30 -- Train Loss: 0.487 -- Validation Loss: 1.178 -- Validation ACC: 0.778 -- Validation F1: 0.833
2024-07-16,22:18:45 [INFO] Epoch: 29/30 -- Train Loss: 0.230 -- Validation Loss: 1.225 -- Validation ACC: 0.778 -- Validation F1: 0.833
2024-07-16,22:18:45 [INFO] Run 1/5: Average Over Last 6 epochs -- Valid ACC: 0.8055555555555555 -- Valid F1-score: 0.8615181048711141
2024-07-16,22:18:46 [INFO] Test Results of Run 1/5: -- Test Loss: 1.200 -- Test ACC: 0.678 -- Test F1: 0.718
2024-07-16,22:18:47 [INFO] Epoch: 0/30 -- Train Loss: 0.016 -- Validation Loss: 1.149 -- Validation ACC: 0.833 -- Validation F1: 0.889
2024-07-16,22:19:01 [INFO] Epoch: 10/30 -- Train Loss: 2.328 -- Validation Loss: 1.480 -- Validation ACC: 0.778 -- Validation F1: 0.857
2024-07-16,22:19:15 [INFO] Epoch: 20/30 -- Train Loss: 0.777 -- Validation Loss: 1.160 -- Validation ACC: 0.778 -- Validation F1: 0.857
2024-07-16,22:19:21 [INFO] Epoch: 24/30 -- Train Loss: 0.433 -- Validation Loss: 1.248 -- Validation ACC: 0.778 -- Validation F1: 0.857
2024-07-16,22:19:23 [INFO] Epoch: 25/30 -- Train Loss: 0.719 -- Validation Loss: 1.252 -- Validation ACC: 0.778 -- Validation F1: 0.857
2024-07-16,22:19:25 [INFO] Epoch: 26/30 -- Train Loss: 2.124 -- Validation Loss: 1.222 -- Validation ACC: 0.778 -- Validation F1: 0.857
2024-07-16,22:19:26 [INFO] Epoch: 27/30 -- Train Loss: 0.443 -- Validation Loss: 1.154 -- Validation ACC: 0.722 -- Validation F1: 0.815
2024-07-16,22:19:28 [INFO] Epoch: 28/30 -- Train Loss: 0.043 -- Validation Loss: 1.103 -- Validation ACC: 0.667 -- Validation F1: 0.769
2024-07-16,22:19:30 [INFO] Epoch: 29/30 -- Train Loss: 0.509 -- Validation Loss: 1.078 -- Validation ACC: 0.722 -- Validation F1: 0.800
2024-07-16,22:19:30 [INFO] Run 2/5: Average Over Last 6 epochs -- Valid ACC: 0.7407407407407408 -- Valid F1-score: 0.8259123663107554
2024-07-16,22:19:31 [INFO] Test Results of Run 2/5: -- Test Loss: 1.192 -- Test ACC: 0.617 -- Test F1: 0.672
2024-07-16,22:19:32 [INFO] Epoch: 0/30 -- Train Loss: 0.263 -- Validation Loss: 0.988 -- Validation ACC: 0.778 -- Validation F1: 0.833
2024-07-16,22:19:45 [INFO] Epoch: 10/30 -- Train Loss: 0.437 -- Validation Loss: 0.870 -- Validation ACC: 0.833 -- Validation F1: 0.889
2024-07-16,22:19:59 [INFO] Epoch: 20/30 -- Train Loss: 0.201 -- Validation Loss: 1.027 -- Validation ACC: 0.778 -- Validation F1: 0.833
2024-07-16,22:20:05 [INFO] Epoch: 24/30 -- Train Loss: 0.676 -- Validation Loss: 1.072 -- Validation ACC: 0.778 -- Validation F1: 0.833
2024-07-16,22:20:07 [INFO] Epoch: 25/30 -- Train Loss: 0.409 -- Validation Loss: 1.066 -- Validation ACC: 0.778 -- Validation F1: 0.833
2024-07-16,22:20:08 [INFO] Epoch: 26/30 -- Train Loss: 0.265 -- Validation Loss: 1.073 -- Validation ACC: 0.778 -- Validation F1: 0.833
2024-07-16,22:20:10 [INFO] Epoch: 27/30 -- Train Loss: 0.366 -- Validation Loss: 1.077 -- Validation ACC: 0.778 -- Validation F1: 0.833
2024-07-16,22:20:12 [INFO] Epoch: 28/30 -- Train Loss: 0.672 -- Validation Loss: 1.083 -- Validation ACC: 0.778 -- Validation F1: 0.833
2024-07-16,22:20:14 [INFO] Epoch: 29/30 -- Train Loss: 0.280 -- Validation Loss: 1.087 -- Validation ACC: 0.778 -- Validation F1: 0.833
2024-07-16,22:20:14 [INFO] Run 3/5: Average Over Last 6 epochs -- Valid ACC: 0.7777777777777778 -- Valid F1-score: 0.8333333134651184
2024-07-16,22:20:15 [INFO] Test Results of Run 3/5: -- Test Loss: 1.356 -- Test ACC: 0.678 -- Test F1: 0.718
2024-07-16,22:20:16 [INFO] Epoch: 0/30 -- Train Loss: 0.117 -- Validation Loss: 1.115 -- Validation ACC: 0.833 -- Validation F1: 0.889
2024-07-16,22:20:29 [INFO] Epoch: 10/30 -- Train Loss: 0.790 -- Validation Loss: 1.038 -- Validation ACC: 0.833 -- Validation F1: 0.889
2024-07-16,22:20:43 [INFO] Epoch: 20/30 -- Train Loss: 0.561 -- Validation Loss: 1.058 -- Validation ACC: 0.722 -- Validation F1: 0.800
2024-07-16,22:20:49 [INFO] Epoch: 24/30 -- Train Loss: 0.499 -- Validation Loss: 1.076 -- Validation ACC: 0.722 -- Validation F1: 0.800
2024-07-16,22:20:50 [INFO] Epoch: 25/30 -- Train Loss: 0.605 -- Validation Loss: 1.126 -- Validation ACC: 0.833 -- Validation F1: 0.880
2024-07-16,22:20:52 [INFO] Epoch: 26/30 -- Train Loss: 0.249 -- Validation Loss: 1.172 -- Validation ACC: 0.778 -- Validation F1: 0.846
2024-07-16,22:20:54 [INFO] Epoch: 27/30 -- Train Loss: 0.044 -- Validation Loss: 1.189 -- Validation ACC: 0.722 -- Validation F1: 0.800
2024-07-16,22:20:56 [INFO] Epoch: 28/30 -- Train Loss: 0.456 -- Validation Loss: 1.176 -- Validation ACC: 0.778 -- Validation F1: 0.833
2024-07-16,22:20:58 [INFO] Epoch: 29/30 -- Train Loss: 0.444 -- Validation Loss: 1.172 -- Validation ACC: 0.778 -- Validation F1: 0.833
2024-07-16,22:20:58 [INFO] Run 4/5: Average Over Last 6 epochs -- Valid ACC: 0.7685185185185186 -- Valid F1-score: 0.8321367502212524
2024-07-16,22:20:58 [INFO] Test Results of Run 4/5: -- Test Loss: 1.319 -- Test ACC: 0.670 -- Test F1: 0.721
2024-07-16,22:20:58 [INFO] Validation average after 5 runs -- ACC: 0.783 -- F1-score: 0.847
2024-07-16,22:20:58 [INFO] Test average after 5 runs -- ACC: 0.668 -- F1-score: 0.719
2024-07-16,22:20:58 [INFO] Finished round 8/10 of experiments!
2024-07-16,22:20:58 [INFO] Started round 9/10 of experiments!
2024-07-16,22:20:59 [INFO] Loading previous pretrained model at ./pretrained/GCN_Pretrained_2024-07-01-15-15-13.pth
2024-07-16,22:21:00 [INFO] Pretrained GNN on Source Dataset -- Test Loss: 0.947 -- Test ACC: 0.757 -- Test F1-score: 0.785
2024-07-16,22:21:00 [INFO] Pretrained GNN on Target Dataset Without Prompting: -- Validation Loss: 0.804 -- Validation ACC: 0.722 -- Validation F1-score: 0.762 -- Test Loss: 0.876 -- Test ACC: 0.739 -- Test F1-score: 0.789
2024-07-16,22:21:01 [INFO] Epoch: 0/30 -- Train Loss: 1.464 -- Validation Loss: 0.835 -- Validation ACC: 0.722 -- Validation F1: 0.783
2024-07-16,22:21:15 [INFO] Epoch: 10/30 -- Train Loss: 0.234 -- Validation Loss: 1.012 -- Validation ACC: 0.722 -- Validation F1: 0.762
2024-07-16,22:21:29 [INFO] Epoch: 20/30 -- Train Loss: 0.063 -- Validation Loss: 0.850 -- Validation ACC: 0.778 -- Validation F1: 0.818
2024-07-16,22:21:34 [INFO] Epoch: 24/30 -- Train Loss: 0.914 -- Validation Loss: 0.795 -- Validation ACC: 0.778 -- Validation F1: 0.818
2024-07-16,22:21:36 [INFO] Epoch: 25/30 -- Train Loss: 0.094 -- Validation Loss: 0.805 -- Validation ACC: 0.778 -- Validation F1: 0.818
2024-07-16,22:21:38 [INFO] Epoch: 26/30 -- Train Loss: 0.092 -- Validation Loss: 0.814 -- Validation ACC: 0.722 -- Validation F1: 0.762
2024-07-16,22:21:40 [INFO] Epoch: 27/30 -- Train Loss: 0.055 -- Validation Loss: 0.806 -- Validation ACC: 0.722 -- Validation F1: 0.762
2024-07-16,22:21:42 [INFO] Epoch: 28/30 -- Train Loss: 0.263 -- Validation Loss: 0.793 -- Validation ACC: 0.778 -- Validation F1: 0.818
2024-07-16,22:21:43 [INFO] Epoch: 29/30 -- Train Loss: 0.178 -- Validation Loss: 0.793 -- Validation ACC: 0.722 -- Validation F1: 0.762
2024-07-16,22:21:43 [INFO] Run 0/5: Average Over Last 6 epochs -- Valid ACC: 0.75 -- Valid F1-score: 0.790043294429779
2024-07-16,22:21:44 [INFO] Test Results of Run 0/5: -- Test Loss: 1.022 -- Test ACC: 0.757 -- Test F1: 0.797
2024-07-16,22:21:45 [INFO] Epoch: 0/30 -- Train Loss: 0.293 -- Validation Loss: 0.852 -- Validation ACC: 0.722 -- Validation F1: 0.762
2024-07-16,22:21:59 [INFO] Epoch: 10/30 -- Train Loss: 0.988 -- Validation Loss: 0.945 -- Validation ACC: 0.722 -- Validation F1: 0.762
2024-07-16,22:22:13 [INFO] Epoch: 20/30 -- Train Loss: 0.509 -- Validation Loss: 0.865 -- Validation ACC: 0.722 -- Validation F1: 0.762
2024-07-16,22:22:19 [INFO] Epoch: 24/30 -- Train Loss: 0.029 -- Validation Loss: 0.892 -- Validation ACC: 0.722 -- Validation F1: 0.762
2024-07-16,22:22:20 [INFO] Epoch: 25/30 -- Train Loss: 0.135 -- Validation Loss: 0.927 -- Validation ACC: 0.722 -- Validation F1: 0.762
2024-07-16,22:22:22 [INFO] Epoch: 26/30 -- Train Loss: 0.241 -- Validation Loss: 0.956 -- Validation ACC: 0.722 -- Validation F1: 0.762
2024-07-16,22:22:24 [INFO] Epoch: 27/30 -- Train Loss: 0.012 -- Validation Loss: 0.958 -- Validation ACC: 0.667 -- Validation F1: 0.700
2024-07-16,22:22:26 [INFO] Epoch: 28/30 -- Train Loss: 1.387 -- Validation Loss: 0.946 -- Validation ACC: 0.667 -- Validation F1: 0.700
2024-07-16,22:22:28 [INFO] Epoch: 29/30 -- Train Loss: 0.264 -- Validation Loss: 0.908 -- Validation ACC: 0.667 -- Validation F1: 0.700
2024-07-16,22:22:28 [INFO] Run 1/5: Average Over Last 6 epochs -- Valid ACC: 0.6944444444444443 -- Valid F1-score: 0.7309523820877075
2024-07-16,22:22:28 [INFO] Test Results of Run 1/5: -- Test Loss: 1.123 -- Test ACC: 0.661 -- Test F1: 0.683
2024-07-16,22:22:30 [INFO] Epoch: 0/30 -- Train Loss: 0.631 -- Validation Loss: 1.064 -- Validation ACC: 0.722 -- Validation F1: 0.762
2024-07-16,22:22:44 [INFO] Epoch: 10/30 -- Train Loss: 0.676 -- Validation Loss: 0.871 -- Validation ACC: 0.722 -- Validation F1: 0.762
2024-07-16,22:22:58 [INFO] Epoch: 20/30 -- Train Loss: 0.539 -- Validation Loss: 0.992 -- Validation ACC: 0.722 -- Validation F1: 0.762
2024-07-16,22:23:03 [INFO] Epoch: 24/30 -- Train Loss: 0.026 -- Validation Loss: 0.753 -- Validation ACC: 0.778 -- Validation F1: 0.818
2024-07-16,22:23:05 [INFO] Epoch: 25/30 -- Train Loss: 0.042 -- Validation Loss: 0.725 -- Validation ACC: 0.778 -- Validation F1: 0.818
2024-07-16,22:23:07 [INFO] Epoch: 26/30 -- Train Loss: 0.341 -- Validation Loss: 0.687 -- Validation ACC: 0.778 -- Validation F1: 0.818
2024-07-16,22:23:09 [INFO] Epoch: 27/30 -- Train Loss: 0.012 -- Validation Loss: 0.666 -- Validation ACC: 0.722 -- Validation F1: 0.783
2024-07-16,22:23:10 [INFO] Epoch: 28/30 -- Train Loss: 1.762 -- Validation Loss: 0.655 -- Validation ACC: 0.778 -- Validation F1: 0.818
2024-07-16,22:23:12 [INFO] Epoch: 29/30 -- Train Loss: 0.420 -- Validation Loss: 0.643 -- Validation ACC: 0.778 -- Validation F1: 0.818
2024-07-16,22:23:12 [INFO] Run 2/5: Average Over Last 6 epochs -- Valid ACC: 0.7685185185185186 -- Valid F1-score: 0.812252958615621
2024-07-16,22:23:13 [INFO] Test Results of Run 2/5: -- Test Loss: 0.937 -- Test ACC: 0.791 -- Test F1: 0.842
2024-07-16,22:23:15 [INFO] Epoch: 0/30 -- Train Loss: 1.436 -- Validation Loss: 0.935 -- Validation ACC: 0.722 -- Validation F1: 0.762
2024-07-16,22:23:28 [INFO] Epoch: 10/30 -- Train Loss: 1.537 -- Validation Loss: 0.891 -- Validation ACC: 0.722 -- Validation F1: 0.762
2024-07-16,22:23:42 [INFO] Epoch: 20/30 -- Train Loss: 0.298 -- Validation Loss: 0.925 -- Validation ACC: 0.722 -- Validation F1: 0.762
2024-07-16,22:23:48 [INFO] Epoch: 24/30 -- Train Loss: 1.272 -- Validation Loss: 1.125 -- Validation ACC: 0.667 -- Validation F1: 0.700
2024-07-16,22:23:50 [INFO] Epoch: 25/30 -- Train Loss: 2.177 -- Validation Loss: 0.983 -- Validation ACC: 0.722 -- Validation F1: 0.762
2024-07-16,22:23:52 [INFO] Epoch: 26/30 -- Train Loss: 0.478 -- Validation Loss: 0.773 -- Validation ACC: 0.722 -- Validation F1: 0.762
2024-07-16,22:23:54 [INFO] Epoch: 27/30 -- Train Loss: 0.001 -- Validation Loss: 0.687 -- Validation ACC: 0.778 -- Validation F1: 0.818
2024-07-16,22:23:55 [INFO] Epoch: 28/30 -- Train Loss: 0.000 -- Validation Loss: 0.669 -- Validation ACC: 0.722 -- Validation F1: 0.783
2024-07-16,22:23:57 [INFO] Epoch: 29/30 -- Train Loss: 0.003 -- Validation Loss: 0.662 -- Validation ACC: 0.778 -- Validation F1: 0.833
2024-07-16,22:23:57 [INFO] Run 3/5: Average Over Last 6 epochs -- Valid ACC: 0.7314814814814815 -- Valid F1-score: 0.7763222257296244
2024-07-16,22:23:58 [INFO] Test Results of Run 3/5: -- Test Loss: 1.032 -- Test ACC: 0.757 -- Test F1: 0.818
2024-07-16,22:24:00 [INFO] Epoch: 0/30 -- Train Loss: 0.552 -- Validation Loss: 0.920 -- Validation ACC: 0.722 -- Validation F1: 0.762
2024-07-16,22:24:13 [INFO] Epoch: 10/30 -- Train Loss: 0.082 -- Validation Loss: 0.844 -- Validation ACC: 0.722 -- Validation F1: 0.762
2024-07-16,22:24:27 [INFO] Epoch: 20/30 -- Train Loss: 0.956 -- Validation Loss: 0.830 -- Validation ACC: 0.722 -- Validation F1: 0.762
2024-07-16,22:24:33 [INFO] Epoch: 24/30 -- Train Loss: 0.787 -- Validation Loss: 0.873 -- Validation ACC: 0.722 -- Validation F1: 0.762
2024-07-16,22:24:35 [INFO] Epoch: 25/30 -- Train Loss: 0.458 -- Validation Loss: 0.847 -- Validation ACC: 0.722 -- Validation F1: 0.762
2024-07-16,22:24:36 [INFO] Epoch: 26/30 -- Train Loss: 0.200 -- Validation Loss: 0.845 -- Validation ACC: 0.722 -- Validation F1: 0.762
2024-07-16,22:24:38 [INFO] Epoch: 27/30 -- Train Loss: 0.103 -- Validation Loss: 0.858 -- Validation ACC: 0.722 -- Validation F1: 0.762
2024-07-16,22:24:40 [INFO] Epoch: 28/30 -- Train Loss: 0.348 -- Validation Loss: 0.872 -- Validation ACC: 0.722 -- Validation F1: 0.762
2024-07-16,22:24:42 [INFO] Epoch: 29/30 -- Train Loss: 0.035 -- Validation Loss: 0.968 -- Validation ACC: 0.722 -- Validation F1: 0.762
2024-07-16,22:24:42 [INFO] Run 4/5: Average Over Last 6 epochs -- Valid ACC: 0.7222222222222222 -- Valid F1-score: 0.761904776096344
2024-07-16,22:24:42 [INFO] Test Results of Run 4/5: -- Test Loss: 1.188 -- Test ACC: 0.661 -- Test F1: 0.683
2024-07-16,22:24:42 [INFO] Validation average after 5 runs -- ACC: 0.733 -- F1-score: 0.774
2024-07-16,22:24:42 [INFO] Test average after 5 runs -- ACC: 0.725 -- F1-score: 0.765
2024-07-16,22:24:42 [INFO] Finished round 9/10 of experiments!
2024-07-16,22:24:42 [INFO] Final results: -- Source Test Acc: 0.703 -- Source Test F1: 0.750 -- Target Valid Acc: 0.711 -- Target Valid F1: 0.770 -- Target Test Acc: 0.686 -- Target Test F1: 0.747 -- Prompt Test Acc: 0.676 -- Prompt Valid Acc: 0.696 -- Prompt Test F1: 0.739 -- Prompt Valid F1: 0.751
2024-07-16,22:24:42 [INFO] Pretrained modela are saved to: ./pretrained/GCN_Pretrained_2024-07-01-14-54-05.pth ./pretrained/GCN_Pretrained_2024-07-01-14-56-23.pth ./pretrained/GCN_Pretrained_2024-07-01-14-58-41.pth ./pretrained/GCN_Pretrained_2024-07-01-15-00-59.pth ./pretrained/GCN_Pretrained_2024-07-01-15-03-17.pth ./pretrained/GCN_Pretrained_2024-07-01-15-05-37.pth ./pretrained/GCN_Pretrained_2024-07-01-15-07-56.pth ./pretrained/GCN_Pretrained_2024-07-01-15-10-20.pth ./pretrained/GCN_Pretrained_2024-07-01-15-12-47.pth ./pretrained/GCN_Pretrained_2024-07-01-15-15-13.pth
