2024-07-16,21:48:26 [INFO] Logging to: ./log/2024-07-16-21-48-26.log
2024-07-16,21:48:26 [INFO] Reading config from: ./config/dhfr.yaml
2024-07-16,21:48:26 [INFO] Namespace(total_iters=10, prompt_method='flex_match', s_dataset='DHFR', t_dataset='DHFR', prompt_fn='gpf_plus', shift_type='structural', p_shift_intra=0.0, p_shift_inter=0.0, pretrain=True, save_pretrained=False, soft_label=False, add_link_loss=False, attn_with_param=False, empty_pretrained_dir=False, iterative_clustering=False, clutering_iters=3, entropy_div_ratio=3, w_entropy_loss=0.0, w_softmax_loss=0.0, w_domain_loss=0.0, r_reg=0.0, gnn_weight_decay=0.0, weight_decay=0.0, gnn_type='gcn', gnn_num_layers=3, pretrained_path=['./pretrained/GCN_Pretrained_2024-07-01-14-54-05.pth', './pretrained/GCN_Pretrained_2024-07-01-14-56-23.pth', './pretrained/GCN_Pretrained_2024-07-01-14-58-41.pth', './pretrained/GCN_Pretrained_2024-07-01-15-00-59.pth', './pretrained/GCN_Pretrained_2024-07-01-15-03-17.pth', './pretrained/GCN_Pretrained_2024-07-01-15-05-37.pth', './pretrained/GCN_Pretrained_2024-07-01-15-07-56.pth', './pretrained/GCN_Pretrained_2024-07-01-15-10-20.pth', './pretrained/GCN_Pretrained_2024-07-01-15-12-47.pth', './pretrained/GCN_Pretrained_2024-07-01-15-15-13.pth'], gnn_n_epochs=100, gnn_eval_step=10, gnn_h_dim=512, gnn_lr=0.01, gnn_step_size=50, gnn_gamma=0.5, gnn_batch_size=64, gnn_dropout=0.4, n_epochs=30, eval_step=10, h_dim=512, lr=0.01, step_size=50, gamma=0.5, batch_size=64, num_tokens=40, src_ratio=0.5, dropout=0.3, cut_off=0.5, aug_type='feature', light_aug_prob=0.1, light_aug_mode='mask', pos_aug_mode='mask', neg_aug_mode='arbitrary', noise_cov_scale=1.0, noise_mean_shift=1.0, noise_shift_mode='homophily', noise_select_mode='soft', cross_prune=0.8, inner_prune=0.3, num_runs=5, p_raug=0.15, n_raug=0.15, s_split=[0.65, 0.3], t_split=[0.65, 0.3], seed=[1676, 3733, 3589, 4867, 2980, 1142, 3035, 4432, 4672, 4010], config_from_file='./config/dhfr.yaml', config_to_file='', label_reduction=0.0)
2024-07-16,21:48:26 [INFO] ####################################################################################################
2024-07-16,21:48:26 [INFO] Args seeds: [1676, 3733, 3589, 4867, 2980, 1142, 3035, 4432, 4672, 4010]
2024-07-16,21:48:26 [INFO] Source Dataset: DHFR, Target Dataset: DHFR. Training, Test: Source: [0.65, 0.3], Target: [0.65, 0.3] -- Batch size: 64
2024-07-16,21:48:26 [INFO] All input pretrained paths: ['./pretrained/GCN_Pretrained_2024-07-01-14-54-05.pth', './pretrained/GCN_Pretrained_2024-07-01-14-56-23.pth', './pretrained/GCN_Pretrained_2024-07-01-14-58-41.pth', './pretrained/GCN_Pretrained_2024-07-01-15-00-59.pth', './pretrained/GCN_Pretrained_2024-07-01-15-03-17.pth', './pretrained/GCN_Pretrained_2024-07-01-15-05-37.pth', './pretrained/GCN_Pretrained_2024-07-01-15-07-56.pth', './pretrained/GCN_Pretrained_2024-07-01-15-10-20.pth', './pretrained/GCN_Pretrained_2024-07-01-15-12-47.pth', './pretrained/GCN_Pretrained_2024-07-01-15-15-13.pth']
2024-07-16,21:48:26 [INFO] Started round 0/10 of experiments!
2024-07-16,21:48:27 [INFO] Setting for pretraining: Model: {'gnn_type': 'gcn', 'in_channels': 56, 'hidden_channels': 512, 'out_channels': 2, 'num_layers': 3, 'dropout': 0.4, 'with_bn': False, 'with_head': True} -- Optimizer: {'lr': 0.01, 'scheduler_step_size': 50, 'scheduler_gamma': 0.5, 'weight_decay': 0.0} -- Training: {'n_epochs': 100}
2024-07-16,21:48:27 [INFO] Loading previous pretrained model at ./pretrained/GCN_Pretrained_2024-07-01-14-54-05.pth
2024-07-16,21:48:27 [INFO] Prompting method: flex_match -- Setting: Prompting function: gpf_plus -- Target Dataset: DHFR
2024-07-16,21:48:27 [INFO] Setting for prompt tuning: Prompt: {'emb_dim': 56, 'h_dim': 512, 'output_dim': 56, 'prompt_fn': 'gpf_plus', 'token_num': 40, 'cross_prune': 0.8, 'inner_prune': 0.3, 'attn_with_param': False} -- Pretrained Model: {'gnn_type': 'gcn', 'in_channels': 56, 'hidden_channels': 512, 'out_channels': 2, 'num_layers': 3, 'dropout': 0.4, 'with_bn': False, 'with_head': True} -- Optimizer: {'lr': 0.01, 'scheduler_step_size': 50, 'scheduler_gamma': 0.5, 'weight_decay': 0.0} -- Training: {'aug_type': 'feature', 'pos_aug_mode': 'mask', 'p_raug': 0.15, 'n_epochs': 30, 'r_reg': 0.0, 'soft_label': False, 'clutering_iters': 3, 'iterative_clustering': False, 'entropy_div_ratio': 3, 'w_entropy_loss': 0.0, 'w_softmax_loss': 0.0, 'w_domain_loss': 0.0, 'light_aug_prob': 0.1, 'light_aug_mode': 'mask', 'num_classes': 2, 'cut_off': 0.5}
2024-07-16,21:48:27 [INFO] Prompt tuning started: Num runs: 5 -- Eval step: 10
2024-07-16,21:48:27 [INFO] Pretrained GNN on Source Dataset -- Test Loss: 0.863 -- Test ACC: 0.661 -- Test F1-score: 0.702
2024-07-16,21:48:28 [INFO] Pretrained GNN on Target Dataset Without Prompting: -- Validation Loss: 0.762 -- Validation ACC: 0.611 -- Validation F1-score: 0.667 -- Test Loss: 0.711 -- Test ACC: 0.774 -- Test F1-score: 0.803
2024-07-16,21:48:30 [INFO] Epoch: 0/30 -- Train Loss: 0.773 -- Validation Loss: 0.773 -- Validation ACC: 0.611 -- Validation F1: 0.667
2024-07-16,21:48:44 [INFO] Epoch: 10/30 -- Train Loss: 0.165 -- Validation Loss: 0.605 -- Validation ACC: 0.500 -- Validation F1: 0.571
2024-07-16,21:48:59 [INFO] Epoch: 20/30 -- Train Loss: 0.710 -- Validation Loss: 0.662 -- Validation ACC: 0.667 -- Validation F1: 0.727
2024-07-16,21:49:06 [INFO] Epoch: 24/30 -- Train Loss: 0.057 -- Validation Loss: 0.966 -- Validation ACC: 0.556 -- Validation F1: 0.600
2024-07-16,21:49:07 [INFO] Epoch: 25/30 -- Train Loss: 0.541 -- Validation Loss: 1.148 -- Validation ACC: 0.500 -- Validation F1: 0.526
2024-07-16,21:49:09 [INFO] Epoch: 26/30 -- Train Loss: 0.027 -- Validation Loss: 1.222 -- Validation ACC: 0.500 -- Validation F1: 0.526
2024-07-16,21:49:10 [INFO] Epoch: 27/30 -- Train Loss: 0.313 -- Validation Loss: 1.311 -- Validation ACC: 0.389 -- Validation F1: 0.353
2024-07-16,21:49:12 [INFO] Epoch: 28/30 -- Train Loss: 0.102 -- Validation Loss: 1.152 -- Validation ACC: 0.500 -- Validation F1: 0.526
2024-07-16,21:49:14 [INFO] Epoch: 29/30 -- Train Loss: 0.525 -- Validation Loss: 0.913 -- Validation ACC: 0.667 -- Validation F1: 0.727
2024-07-16,21:49:14 [INFO] Run 0/5: Average Over Last 6 epochs -- Valid ACC: 0.5185185185185185 -- Valid F1-score: 0.5431935638189316
2024-07-16,21:49:15 [INFO] Test Results of Run 0/5: -- Test Loss: 0.813 -- Test ACC: 0.757 -- Test F1: 0.778
2024-07-16,21:49:16 [INFO] Epoch: 0/30 -- Train Loss: 0.198 -- Validation Loss: 0.561 -- Validation ACC: 0.667 -- Validation F1: 0.750
2024-07-16,21:49:30 [INFO] Epoch: 10/30 -- Train Loss: 0.676 -- Validation Loss: 0.696 -- Validation ACC: 0.611 -- Validation F1: 0.667
2024-07-16,21:49:45 [INFO] Epoch: 20/30 -- Train Loss: 0.397 -- Validation Loss: 1.374 -- Validation ACC: 0.389 -- Validation F1: 0.353
2024-07-16,21:49:51 [INFO] Epoch: 24/30 -- Train Loss: 0.878 -- Validation Loss: 1.502 -- Validation ACC: 0.444 -- Validation F1: 0.375
2024-07-16,21:49:53 [INFO] Epoch: 25/30 -- Train Loss: 0.283 -- Validation Loss: 1.237 -- Validation ACC: 0.389 -- Validation F1: 0.353
2024-07-16,21:49:54 [INFO] Epoch: 26/30 -- Train Loss: 0.233 -- Validation Loss: 0.930 -- Validation ACC: 0.611 -- Validation F1: 0.667
2024-07-16,21:49:56 [INFO] Epoch: 27/30 -- Train Loss: 0.067 -- Validation Loss: 0.769 -- Validation ACC: 0.722 -- Validation F1: 0.783
2024-07-16,21:49:57 [INFO] Epoch: 28/30 -- Train Loss: 0.772 -- Validation Loss: 0.665 -- Validation ACC: 0.722 -- Validation F1: 0.783
2024-07-16,21:50:00 [INFO] Epoch: 29/30 -- Train Loss: 0.320 -- Validation Loss: 0.762 -- Validation ACC: 0.722 -- Validation F1: 0.783
2024-07-16,21:50:00 [INFO] Run 1/5: Average Over Last 6 epochs -- Valid ACC: 0.6018518518518519 -- Valid F1-score: 0.6237389892339706
2024-07-16,21:50:00 [INFO] Test Results of Run 1/5: -- Test Loss: 0.653 -- Test ACC: 0.774 -- Test F1: 0.803
2024-07-16,21:50:02 [INFO] Epoch: 0/30 -- Train Loss: 0.983 -- Validation Loss: 0.810 -- Validation ACC: 0.556 -- Validation F1: 0.600
2024-07-16,21:50:17 [INFO] Epoch: 10/30 -- Train Loss: 0.007 -- Validation Loss: 1.053 -- Validation ACC: 0.389 -- Validation F1: 0.353
2024-07-16,21:50:33 [INFO] Epoch: 20/30 -- Train Loss: 0.187 -- Validation Loss: 1.264 -- Validation ACC: 0.444 -- Validation F1: 0.375
2024-07-16,21:50:39 [INFO] Epoch: 24/30 -- Train Loss: 0.274 -- Validation Loss: 1.099 -- Validation ACC: 0.444 -- Validation F1: 0.375
2024-07-16,21:50:40 [INFO] Epoch: 25/30 -- Train Loss: 1.174 -- Validation Loss: 1.048 -- Validation ACC: 0.444 -- Validation F1: 0.444
2024-07-16,21:50:42 [INFO] Epoch: 26/30 -- Train Loss: 0.999 -- Validation Loss: 1.022 -- Validation ACC: 0.444 -- Validation F1: 0.444
2024-07-16,21:50:44 [INFO] Epoch: 27/30 -- Train Loss: 1.865 -- Validation Loss: 1.024 -- Validation ACC: 0.444 -- Validation F1: 0.444
2024-07-16,21:50:45 [INFO] Epoch: 28/30 -- Train Loss: 0.012 -- Validation Loss: 0.910 -- Validation ACC: 0.500 -- Validation F1: 0.526
2024-07-16,21:50:48 [INFO] Epoch: 29/30 -- Train Loss: 0.067 -- Validation Loss: 0.979 -- Validation ACC: 0.444 -- Validation F1: 0.444
2024-07-16,21:50:48 [INFO] Run 2/5: Average Over Last 6 epochs -- Valid ACC: 0.4537037037037037 -- Valid F1-score: 0.44651559988657635
2024-07-16,21:50:48 [INFO] Test Results of Run 2/5: -- Test Loss: 0.787 -- Test ACC: 0.739 -- Test F1: 0.762
2024-07-16,21:50:50 [INFO] Epoch: 0/30 -- Train Loss: 0.609 -- Validation Loss: 1.236 -- Validation ACC: 0.444 -- Validation F1: 0.444
2024-07-16,21:51:04 [INFO] Epoch: 10/30 -- Train Loss: 0.122 -- Validation Loss: 0.692 -- Validation ACC: 0.722 -- Validation F1: 0.783
2024-07-16,21:51:18 [INFO] Epoch: 20/30 -- Train Loss: 0.004 -- Validation Loss: 0.641 -- Validation ACC: 0.667 -- Validation F1: 0.750
2024-07-16,21:51:25 [INFO] Epoch: 24/30 -- Train Loss: 0.017 -- Validation Loss: 0.703 -- Validation ACC: 0.611 -- Validation F1: 0.696
2024-07-16,21:51:26 [INFO] Epoch: 25/30 -- Train Loss: 0.076 -- Validation Loss: 0.645 -- Validation ACC: 0.667 -- Validation F1: 0.750
2024-07-16,21:51:28 [INFO] Epoch: 26/30 -- Train Loss: 0.002 -- Validation Loss: 0.606 -- Validation ACC: 0.667 -- Validation F1: 0.750
2024-07-16,21:51:29 [INFO] Epoch: 27/30 -- Train Loss: 0.000 -- Validation Loss: 0.635 -- Validation ACC: 0.667 -- Validation F1: 0.750
2024-07-16,21:51:31 [INFO] Epoch: 28/30 -- Train Loss: 0.424 -- Validation Loss: 0.690 -- Validation ACC: 0.611 -- Validation F1: 0.696
2024-07-16,21:51:33 [INFO] Epoch: 29/30 -- Train Loss: 0.044 -- Validation Loss: 0.726 -- Validation ACC: 0.611 -- Validation F1: 0.696
2024-07-16,21:51:33 [INFO] Run 3/5: Average Over Last 6 epochs -- Valid ACC: 0.6388888888888888 -- Valid F1-score: 0.7228260934352875
2024-07-16,21:51:34 [INFO] Test Results of Run 3/5: -- Test Loss: 0.732 -- Test ACC: 0.757 -- Test F1: 0.794
2024-07-16,21:51:35 [INFO] Epoch: 0/30 -- Train Loss: 0.004 -- Validation Loss: 0.902 -- Validation ACC: 0.556 -- Validation F1: 0.600
2024-07-16,21:51:48 [INFO] Epoch: 10/30 -- Train Loss: 0.156 -- Validation Loss: 1.002 -- Validation ACC: 0.444 -- Validation F1: 0.444
2024-07-16,21:52:02 [INFO] Epoch: 20/30 -- Train Loss: 0.513 -- Validation Loss: 0.947 -- Validation ACC: 0.500 -- Validation F1: 0.526
2024-07-16,21:52:09 [INFO] Epoch: 24/30 -- Train Loss: 0.148 -- Validation Loss: 0.863 -- Validation ACC: 0.667 -- Validation F1: 0.727
2024-07-16,21:52:10 [INFO] Epoch: 25/30 -- Train Loss: 0.006 -- Validation Loss: 0.665 -- Validation ACC: 0.667 -- Validation F1: 0.750
2024-07-16,21:52:12 [INFO] Epoch: 26/30 -- Train Loss: 0.477 -- Validation Loss: 0.603 -- Validation ACC: 0.778 -- Validation F1: 0.846
2024-07-16,21:52:14 [INFO] Epoch: 27/30 -- Train Loss: 0.258 -- Validation Loss: 0.555 -- Validation ACC: 0.778 -- Validation F1: 0.846
2024-07-16,21:52:16 [INFO] Epoch: 28/30 -- Train Loss: 0.002 -- Validation Loss: 0.543 -- Validation ACC: 0.778 -- Validation F1: 0.846
2024-07-16,21:52:17 [INFO] Epoch: 29/30 -- Train Loss: 0.011 -- Validation Loss: 0.549 -- Validation ACC: 0.778 -- Validation F1: 0.846
2024-07-16,21:52:17 [INFO] Run 4/5: Average Over Last 6 epochs -- Valid ACC: 0.7407407407407408 -- Valid F1-score: 0.8103146950403849
2024-07-16,21:52:18 [INFO] Test Results of Run 4/5: -- Test Loss: 0.675 -- Test ACC: 0.765 -- Test F1: 0.821
2024-07-16,21:52:18 [INFO] Validation average after 5 runs -- ACC: 0.591 -- F1-score: 0.629
2024-07-16,21:52:18 [INFO] Test average after 5 runs -- ACC: 0.758 -- F1-score: 0.792
2024-07-16,21:52:18 [INFO] Finished round 0/10 of experiments!
2024-07-16,21:52:18 [INFO] Started round 1/10 of experiments!
2024-07-16,21:52:19 [INFO] Loading previous pretrained model at ./pretrained/GCN_Pretrained_2024-07-01-14-56-23.pth
2024-07-16,21:52:19 [INFO] Pretrained GNN on Source Dataset -- Test Loss: 0.964 -- Test ACC: 0.739 -- Test F1-score: 0.758
2024-07-16,21:52:20 [INFO] Pretrained GNN on Target Dataset Without Prompting: -- Validation Loss: 1.277 -- Validation ACC: 0.667 -- Validation F1-score: 0.769 -- Test Loss: 1.529 -- Test ACC: 0.643 -- Test F1-score: 0.713
2024-07-16,21:52:22 [INFO] Epoch: 0/30 -- Train Loss: 0.067 -- Validation Loss: 1.527 -- Validation ACC: 0.611 -- Validation F1: 0.720
2024-07-16,21:52:35 [INFO] Epoch: 10/30 -- Train Loss: 1.456 -- Validation Loss: 1.381 -- Validation ACC: 0.722 -- Validation F1: 0.815
2024-07-16,21:52:49 [INFO] Epoch: 20/30 -- Train Loss: 0.256 -- Validation Loss: 1.249 -- Validation ACC: 0.667 -- Validation F1: 0.769
2024-07-16,21:52:55 [INFO] Epoch: 24/30 -- Train Loss: 2.354 -- Validation Loss: 1.229 -- Validation ACC: 0.667 -- Validation F1: 0.769
2024-07-16,21:52:57 [INFO] Epoch: 25/30 -- Train Loss: 2.133 -- Validation Loss: 1.235 -- Validation ACC: 0.667 -- Validation F1: 0.769
2024-07-16,21:52:59 [INFO] Epoch: 26/30 -- Train Loss: 0.314 -- Validation Loss: 1.247 -- Validation ACC: 0.778 -- Validation F1: 0.857
2024-07-16,21:53:00 [INFO] Epoch: 27/30 -- Train Loss: 0.749 -- Validation Loss: 1.231 -- Validation ACC: 0.778 -- Validation F1: 0.857
2024-07-16,21:53:02 [INFO] Epoch: 28/30 -- Train Loss: 0.051 -- Validation Loss: 1.276 -- Validation ACC: 0.722 -- Validation F1: 0.828
2024-07-16,21:53:04 [INFO] Epoch: 29/30 -- Train Loss: 1.053 -- Validation Loss: 1.294 -- Validation ACC: 0.722 -- Validation F1: 0.828
2024-07-16,21:53:04 [INFO] Run 0/5: Average Over Last 6 epochs -- Valid ACC: 0.7222222222222222 -- Valid F1-score: 0.8179866274197897
2024-07-16,21:53:05 [INFO] Test Results of Run 0/5: -- Test Loss: 1.720 -- Test ACC: 0.670 -- Test F1: 0.762
2024-07-16,21:53:06 [INFO] Epoch: 0/30 -- Train Loss: 0.044 -- Validation Loss: 1.473 -- Validation ACC: 0.611 -- Validation F1: 0.741
2024-07-16,21:53:20 [INFO] Epoch: 10/30 -- Train Loss: 0.031 -- Validation Loss: 1.818 -- Validation ACC: 0.722 -- Validation F1: 0.815
2024-07-16,21:53:35 [INFO] Epoch: 20/30 -- Train Loss: 3.787 -- Validation Loss: 1.627 -- Validation ACC: 0.722 -- Validation F1: 0.839
2024-07-16,21:53:41 [INFO] Epoch: 24/30 -- Train Loss: 4.166 -- Validation Loss: 1.464 -- Validation ACC: 0.667 -- Validation F1: 0.786
2024-07-16,21:53:43 [INFO] Epoch: 25/30 -- Train Loss: 0.041 -- Validation Loss: 1.471 -- Validation ACC: 0.722 -- Validation F1: 0.815
2024-07-16,21:53:45 [INFO] Epoch: 26/30 -- Train Loss: 0.240 -- Validation Loss: 1.503 -- Validation ACC: 0.667 -- Validation F1: 0.769
2024-07-16,21:53:46 [INFO] Epoch: 27/30 -- Train Loss: 0.061 -- Validation Loss: 1.535 -- Validation ACC: 0.667 -- Validation F1: 0.769
2024-07-16,21:53:48 [INFO] Epoch: 28/30 -- Train Loss: 0.682 -- Validation Loss: 1.563 -- Validation ACC: 0.667 -- Validation F1: 0.769
2024-07-16,21:53:50 [INFO] Epoch: 29/30 -- Train Loss: 0.189 -- Validation Loss: 1.586 -- Validation ACC: 0.722 -- Validation F1: 0.815
2024-07-16,21:53:50 [INFO] Run 1/5: Average Over Last 6 epochs -- Valid ACC: 0.6851851851851851 -- Valid F1-score: 0.7871727049350739
2024-07-16,21:53:51 [INFO] Test Results of Run 1/5: -- Test Loss: 1.544 -- Test ACC: 0.643 -- Test F1: 0.713
2024-07-16,21:53:53 [INFO] Epoch: 0/30 -- Train Loss: 0.153 -- Validation Loss: 1.590 -- Validation ACC: 0.667 -- Validation F1: 0.800
2024-07-16,21:54:07 [INFO] Epoch: 10/30 -- Train Loss: 0.212 -- Validation Loss: 1.357 -- Validation ACC: 0.778 -- Validation F1: 0.857
2024-07-16,21:54:22 [INFO] Epoch: 20/30 -- Train Loss: 0.417 -- Validation Loss: 1.361 -- Validation ACC: 0.722 -- Validation F1: 0.815
2024-07-16,21:54:29 [INFO] Epoch: 24/30 -- Train Loss: 0.304 -- Validation Loss: 1.619 -- Validation ACC: 0.667 -- Validation F1: 0.800
2024-07-16,21:54:30 [INFO] Epoch: 25/30 -- Train Loss: 0.559 -- Validation Loss: 1.633 -- Validation ACC: 0.667 -- Validation F1: 0.800
2024-07-16,21:54:32 [INFO] Epoch: 26/30 -- Train Loss: 0.010 -- Validation Loss: 1.525 -- Validation ACC: 0.722 -- Validation F1: 0.828
2024-07-16,21:54:33 [INFO] Epoch: 27/30 -- Train Loss: 2.378 -- Validation Loss: 1.508 -- Validation ACC: 0.722 -- Validation F1: 0.815
2024-07-16,21:54:35 [INFO] Epoch: 28/30 -- Train Loss: 0.259 -- Validation Loss: 1.519 -- Validation ACC: 0.667 -- Validation F1: 0.786
2024-07-16,21:54:36 [INFO] Epoch: 29/30 -- Train Loss: 0.068 -- Validation Loss: 1.537 -- Validation ACC: 0.778 -- Validation F1: 0.867
2024-07-16,21:54:36 [INFO] Run 2/5: Average Over Last 6 epochs -- Valid ACC: 0.7037037037037037 -- Valid F1-score: 0.8157970011234283
2024-07-16,21:54:37 [INFO] Test Results of Run 2/5: -- Test Loss: 1.768 -- Test ACC: 0.678 -- Test F1: 0.776
2024-07-16,21:54:39 [INFO] Epoch: 0/30 -- Train Loss: 0.074 -- Validation Loss: 1.339 -- Validation ACC: 0.667 -- Validation F1: 0.786
2024-07-16,21:54:52 [INFO] Epoch: 10/30 -- Train Loss: 0.761 -- Validation Loss: 1.394 -- Validation ACC: 0.778 -- Validation F1: 0.867
2024-07-16,21:55:06 [INFO] Epoch: 20/30 -- Train Loss: 0.018 -- Validation Loss: 1.264 -- Validation ACC: 0.667 -- Validation F1: 0.769
2024-07-16,21:55:12 [INFO] Epoch: 24/30 -- Train Loss: 0.302 -- Validation Loss: 1.154 -- Validation ACC: 0.667 -- Validation F1: 0.769
2024-07-16,21:55:14 [INFO] Epoch: 25/30 -- Train Loss: 0.464 -- Validation Loss: 1.160 -- Validation ACC: 0.667 -- Validation F1: 0.769
2024-07-16,21:55:15 [INFO] Epoch: 26/30 -- Train Loss: 0.653 -- Validation Loss: 1.224 -- Validation ACC: 0.667 -- Validation F1: 0.786
2024-07-16,21:55:17 [INFO] Epoch: 27/30 -- Train Loss: 0.191 -- Validation Loss: 1.360 -- Validation ACC: 0.722 -- Validation F1: 0.839
2024-07-16,21:55:19 [INFO] Epoch: 28/30 -- Train Loss: 0.040 -- Validation Loss: 1.401 -- Validation ACC: 0.667 -- Validation F1: 0.800
2024-07-16,21:55:21 [INFO] Epoch: 29/30 -- Train Loss: 0.827 -- Validation Loss: 1.461 -- Validation ACC: 0.722 -- Validation F1: 0.839
2024-07-16,21:55:21 [INFO] Run 3/5: Average Over Last 6 epochs -- Valid ACC: 0.6851851851851851 -- Valid F1-score: 0.8002658585707346
2024-07-16,21:55:21 [INFO] Test Results of Run 3/5: -- Test Loss: 1.770 -- Test ACC: 0.722 -- Test F1: 0.802
2024-07-16,21:55:23 [INFO] Epoch: 0/30 -- Train Loss: 0.019 -- Validation Loss: 1.464 -- Validation ACC: 0.667 -- Validation F1: 0.769
2024-07-16,21:55:37 [INFO] Epoch: 10/30 -- Train Loss: 0.000 -- Validation Loss: 2.443 -- Validation ACC: 0.722 -- Validation F1: 0.839
2024-07-16,21:55:52 [INFO] Epoch: 20/30 -- Train Loss: 0.529 -- Validation Loss: 1.347 -- Validation ACC: 0.722 -- Validation F1: 0.815
2024-07-16,21:55:58 [INFO] Epoch: 24/30 -- Train Loss: 0.002 -- Validation Loss: 1.463 -- Validation ACC: 0.667 -- Validation F1: 0.769
2024-07-16,21:56:00 [INFO] Epoch: 25/30 -- Train Loss: 0.299 -- Validation Loss: 1.477 -- Validation ACC: 0.667 -- Validation F1: 0.769
2024-07-16,21:56:02 [INFO] Epoch: 26/30 -- Train Loss: 0.456 -- Validation Loss: 1.465 -- Validation ACC: 0.722 -- Validation F1: 0.815
2024-07-16,21:56:05 [INFO] Epoch: 27/30 -- Train Loss: 0.014 -- Validation Loss: 1.458 -- Validation ACC: 0.722 -- Validation F1: 0.815
2024-07-16,21:56:07 [INFO] Epoch: 28/30 -- Train Loss: 0.750 -- Validation Loss: 1.454 -- Validation ACC: 0.722 -- Validation F1: 0.815
2024-07-16,21:56:08 [INFO] Epoch: 29/30 -- Train Loss: 0.001 -- Validation Loss: 1.452 -- Validation ACC: 0.722 -- Validation F1: 0.815
2024-07-16,21:56:08 [INFO] Run 4/5: Average Over Last 6 epochs -- Valid ACC: 0.7037037037037037 -- Valid F1-score: 0.7996201316515604
2024-07-16,21:56:09 [INFO] Test Results of Run 4/5: -- Test Loss: 1.560 -- Test ACC: 0.626 -- Test F1: 0.699
2024-07-16,21:56:09 [INFO] Validation average after 5 runs -- ACC: 0.700 -- F1-score: 0.804
2024-07-16,21:56:09 [INFO] Test average after 5 runs -- ACC: 0.668 -- F1-score: 0.751
2024-07-16,21:56:09 [INFO] Finished round 1/10 of experiments!
2024-07-16,21:56:09 [INFO] Started round 2/10 of experiments!
2024-07-16,21:56:10 [INFO] Loading previous pretrained model at ./pretrained/GCN_Pretrained_2024-07-01-14-58-41.pth
2024-07-16,21:56:10 [INFO] Pretrained GNN on Source Dataset -- Test Loss: 1.173 -- Test ACC: 0.757 -- Test F1-score: 0.813
2024-07-16,21:56:11 [INFO] Pretrained GNN on Target Dataset Without Prompting: -- Validation Loss: 0.928 -- Validation ACC: 0.667 -- Validation F1-score: 0.769 -- Test Loss: 0.858 -- Test ACC: 0.687 -- Test F1-score: 0.735
2024-07-16,21:56:12 [INFO] Epoch: 0/30 -- Train Loss: 0.793 -- Validation Loss: 0.881 -- Validation ACC: 0.667 -- Validation F1: 0.769
2024-07-16,21:56:27 [INFO] Epoch: 10/30 -- Train Loss: 0.098 -- Validation Loss: 1.150 -- Validation ACC: 0.667 -- Validation F1: 0.786
2024-07-16,21:56:43 [INFO] Epoch: 20/30 -- Train Loss: 0.308 -- Validation Loss: 1.051 -- Validation ACC: 0.667 -- Validation F1: 0.769
2024-07-16,21:56:49 [INFO] Epoch: 24/30 -- Train Loss: 0.367 -- Validation Loss: 1.358 -- Validation ACC: 0.667 -- Validation F1: 0.800
2024-07-16,21:56:51 [INFO] Epoch: 25/30 -- Train Loss: 0.072 -- Validation Loss: 1.280 -- Validation ACC: 0.722 -- Validation F1: 0.828
2024-07-16,21:56:53 [INFO] Epoch: 26/30 -- Train Loss: 0.179 -- Validation Loss: 1.149 -- Validation ACC: 0.722 -- Validation F1: 0.828
2024-07-16,21:56:55 [INFO] Epoch: 27/30 -- Train Loss: 0.683 -- Validation Loss: 1.070 -- Validation ACC: 0.667 -- Validation F1: 0.786
2024-07-16,21:56:56 [INFO] Epoch: 28/30 -- Train Loss: 0.349 -- Validation Loss: 0.995 -- Validation ACC: 0.667 -- Validation F1: 0.769
2024-07-16,21:56:58 [INFO] Epoch: 29/30 -- Train Loss: 0.387 -- Validation Loss: 0.943 -- Validation ACC: 0.667 -- Validation F1: 0.769
2024-07-16,21:56:58 [INFO] Run 0/5: Average Over Last 6 epochs -- Valid ACC: 0.6851851851851851 -- Valid F1-score: 0.7965580523014069
2024-07-16,21:56:58 [INFO] Test Results of Run 0/5: -- Test Loss: 0.982 -- Test ACC: 0.687 -- Test F1: 0.739
2024-07-16,21:57:00 [INFO] Epoch: 0/30 -- Train Loss: 0.055 -- Validation Loss: 0.882 -- Validation ACC: 0.611 -- Validation F1: 0.720
2024-07-16,21:57:14 [INFO] Epoch: 10/30 -- Train Loss: 0.451 -- Validation Loss: 1.017 -- Validation ACC: 0.667 -- Validation F1: 0.769
2024-07-16,21:57:28 [INFO] Epoch: 20/30 -- Train Loss: 0.015 -- Validation Loss: 1.150 -- Validation ACC: 0.667 -- Validation F1: 0.769
2024-07-16,21:57:34 [INFO] Epoch: 24/30 -- Train Loss: 0.064 -- Validation Loss: 1.240 -- Validation ACC: 0.611 -- Validation F1: 0.741
2024-07-16,21:57:36 [INFO] Epoch: 25/30 -- Train Loss: 0.136 -- Validation Loss: 1.256 -- Validation ACC: 0.611 -- Validation F1: 0.741
2024-07-16,21:57:38 [INFO] Epoch: 26/30 -- Train Loss: 0.006 -- Validation Loss: 1.321 -- Validation ACC: 0.667 -- Validation F1: 0.786
2024-07-16,21:57:40 [INFO] Epoch: 27/30 -- Train Loss: 0.008 -- Validation Loss: 1.344 -- Validation ACC: 0.667 -- Validation F1: 0.786
2024-07-16,21:57:41 [INFO] Epoch: 28/30 -- Train Loss: 0.265 -- Validation Loss: 1.314 -- Validation ACC: 0.667 -- Validation F1: 0.786
2024-07-16,21:57:43 [INFO] Epoch: 29/30 -- Train Loss: 0.656 -- Validation Loss: 1.242 -- Validation ACC: 0.611 -- Validation F1: 0.741
2024-07-16,21:57:43 [INFO] Run 1/5: Average Over Last 6 epochs -- Valid ACC: 0.6388888888888888 -- Valid F1-score: 0.7632274925708771
2024-07-16,21:57:43 [INFO] Test Results of Run 1/5: -- Test Loss: 1.099 -- Test ACC: 0.678 -- Test F1: 0.745
2024-07-16,21:57:45 [INFO] Epoch: 0/30 -- Train Loss: 0.187 -- Validation Loss: 1.089 -- Validation ACC: 0.667 -- Validation F1: 0.769
2024-07-16,21:58:00 [INFO] Epoch: 10/30 -- Train Loss: 0.550 -- Validation Loss: 0.945 -- Validation ACC: 0.667 -- Validation F1: 0.769
2024-07-16,21:58:14 [INFO] Epoch: 20/30 -- Train Loss: 0.234 -- Validation Loss: 0.960 -- Validation ACC: 0.667 -- Validation F1: 0.769
2024-07-16,21:58:20 [INFO] Epoch: 24/30 -- Train Loss: 0.127 -- Validation Loss: 0.822 -- Validation ACC: 0.667 -- Validation F1: 0.750
2024-07-16,21:58:22 [INFO] Epoch: 25/30 -- Train Loss: 0.160 -- Validation Loss: 0.805 -- Validation ACC: 0.611 -- Validation F1: 0.720
2024-07-16,21:58:24 [INFO] Epoch: 26/30 -- Train Loss: 0.228 -- Validation Loss: 0.808 -- Validation ACC: 0.667 -- Validation F1: 0.769
2024-07-16,21:58:26 [INFO] Epoch: 27/30 -- Train Loss: 0.047 -- Validation Loss: 0.824 -- Validation ACC: 0.667 -- Validation F1: 0.769
2024-07-16,21:58:28 [INFO] Epoch: 28/30 -- Train Loss: 0.405 -- Validation Loss: 0.847 -- Validation ACC: 0.667 -- Validation F1: 0.769
2024-07-16,21:58:29 [INFO] Epoch: 29/30 -- Train Loss: 0.149 -- Validation Loss: 0.877 -- Validation ACC: 0.667 -- Validation F1: 0.769
2024-07-16,21:58:29 [INFO] Run 2/5: Average Over Last 6 epochs -- Valid ACC: 0.6574074074074073 -- Valid F1-score: 0.7578205267588297
2024-07-16,21:58:30 [INFO] Test Results of Run 2/5: -- Test Loss: 0.876 -- Test ACC: 0.696 -- Test F1: 0.737
2024-07-16,21:58:31 [INFO] Epoch: 0/30 -- Train Loss: 1.895 -- Validation Loss: 1.072 -- Validation ACC: 0.667 -- Validation F1: 0.769
2024-07-16,21:58:45 [INFO] Epoch: 10/30 -- Train Loss: 0.514 -- Validation Loss: 0.919 -- Validation ACC: 0.667 -- Validation F1: 0.769
2024-07-16,21:58:59 [INFO] Epoch: 20/30 -- Train Loss: 0.138 -- Validation Loss: 1.063 -- Validation ACC: 0.667 -- Validation F1: 0.769
2024-07-16,21:59:05 [INFO] Epoch: 24/30 -- Train Loss: 0.147 -- Validation Loss: 1.227 -- Validation ACC: 0.611 -- Validation F1: 0.741
2024-07-16,21:59:07 [INFO] Epoch: 25/30 -- Train Loss: 0.647 -- Validation Loss: 1.296 -- Validation ACC: 0.611 -- Validation F1: 0.741
2024-07-16,21:59:09 [INFO] Epoch: 26/30 -- Train Loss: 1.382 -- Validation Loss: 1.284 -- Validation ACC: 0.611 -- Validation F1: 0.741
2024-07-16,21:59:11 [INFO] Epoch: 27/30 -- Train Loss: 0.409 -- Validation Loss: 1.188 -- Validation ACC: 0.667 -- Validation F1: 0.769
2024-07-16,21:59:12 [INFO] Epoch: 28/30 -- Train Loss: 0.250 -- Validation Loss: 1.115 -- Validation ACC: 0.667 -- Validation F1: 0.769
2024-07-16,21:59:14 [INFO] Epoch: 29/30 -- Train Loss: 0.450 -- Validation Loss: 1.092 -- Validation ACC: 0.611 -- Validation F1: 0.720
2024-07-16,21:59:14 [INFO] Run 3/5: Average Over Last 6 epochs -- Valid ACC: 0.6296296296296297 -- Valid F1-score: 0.7467806239922842
2024-07-16,21:59:15 [INFO] Test Results of Run 3/5: -- Test Loss: 0.831 -- Test ACC: 0.713 -- Test F1: 0.744
2024-07-16,21:59:16 [INFO] Epoch: 0/30 -- Train Loss: 0.605 -- Validation Loss: 0.967 -- Validation ACC: 0.667 -- Validation F1: 0.769
2024-07-16,21:59:31 [INFO] Epoch: 10/30 -- Train Loss: 0.469 -- Validation Loss: 0.841 -- Validation ACC: 0.667 -- Validation F1: 0.769
2024-07-16,21:59:46 [INFO] Epoch: 20/30 -- Train Loss: 0.287 -- Validation Loss: 1.007 -- Validation ACC: 0.611 -- Validation F1: 0.741
2024-07-16,21:59:51 [INFO] Epoch: 24/30 -- Train Loss: 0.086 -- Validation Loss: 1.227 -- Validation ACC: 0.722 -- Validation F1: 0.828
2024-07-16,21:59:54 [INFO] Epoch: 25/30 -- Train Loss: 0.134 -- Validation Loss: 1.245 -- Validation ACC: 0.722 -- Validation F1: 0.828
2024-07-16,21:59:56 [INFO] Epoch: 26/30 -- Train Loss: 0.003 -- Validation Loss: 1.167 -- Validation ACC: 0.667 -- Validation F1: 0.786
2024-07-16,21:59:57 [INFO] Epoch: 27/30 -- Train Loss: 0.674 -- Validation Loss: 1.120 -- Validation ACC: 0.611 -- Validation F1: 0.741
2024-07-16,21:59:59 [INFO] Epoch: 28/30 -- Train Loss: 0.017 -- Validation Loss: 1.032 -- Validation ACC: 0.611 -- Validation F1: 0.741
2024-07-16,22:00:00 [INFO] Epoch: 29/30 -- Train Loss: 0.026 -- Validation Loss: 1.000 -- Validation ACC: 0.611 -- Validation F1: 0.741
2024-07-16,22:00:00 [INFO] Run 4/5: Average Over Last 6 epochs -- Valid ACC: 0.6574074074074074 -- Valid F1-score: 0.7771848142147064
2024-07-16,22:00:01 [INFO] Test Results of Run 4/5: -- Test Loss: 0.939 -- Test ACC: 0.713 -- Test F1: 0.769
2024-07-16,22:00:01 [INFO] Validation average after 5 runs -- ACC: 0.654 -- F1-score: 0.768
2024-07-16,22:00:01 [INFO] Test average after 5 runs -- ACC: 0.697 -- F1-score: 0.747
2024-07-16,22:00:01 [INFO] Finished round 2/10 of experiments!
2024-07-16,22:00:01 [INFO] Started round 3/10 of experiments!
2024-07-16,22:00:02 [INFO] Loading previous pretrained model at ./pretrained/GCN_Pretrained_2024-07-01-15-00-59.pth
2024-07-16,22:00:02 [INFO] Pretrained GNN on Source Dataset -- Test Loss: 0.746 -- Test ACC: 0.739 -- Test F1-score: 0.786
2024-07-16,22:00:03 [INFO] Pretrained GNN on Target Dataset Without Prompting: -- Validation Loss: 0.769 -- Validation ACC: 0.722 -- Validation F1-score: 0.706 -- Test Loss: 0.897 -- Test ACC: 0.748 -- Test F1-score: 0.810
2024-07-16,22:00:05 [INFO] Epoch: 0/30 -- Train Loss: 0.647 -- Validation Loss: 0.808 -- Validation ACC: 0.722 -- Validation F1: 0.667
2024-07-16,22:00:18 [INFO] Epoch: 10/30 -- Train Loss: 0.665 -- Validation Loss: 0.904 -- Validation ACC: 0.722 -- Validation F1: 0.667
2024-07-16,22:00:32 [INFO] Epoch: 20/30 -- Train Loss: 0.007 -- Validation Loss: 0.902 -- Validation ACC: 0.722 -- Validation F1: 0.706
2024-07-16,22:00:39 [INFO] Epoch: 24/30 -- Train Loss: 0.575 -- Validation Loss: 0.926 -- Validation ACC: 0.722 -- Validation F1: 0.667
2024-07-16,22:00:40 [INFO] Epoch: 25/30 -- Train Loss: 0.304 -- Validation Loss: 0.903 -- Validation ACC: 0.722 -- Validation F1: 0.667
2024-07-16,22:00:42 [INFO] Epoch: 26/30 -- Train Loss: 1.047 -- Validation Loss: 0.910 -- Validation ACC: 0.778 -- Validation F1: 0.750
2024-07-16,22:00:44 [INFO] Epoch: 27/30 -- Train Loss: 0.027 -- Validation Loss: 0.924 -- Validation ACC: 0.778 -- Validation F1: 0.750
2024-07-16,22:00:46 [INFO] Epoch: 28/30 -- Train Loss: 0.127 -- Validation Loss: 0.939 -- Validation ACC: 0.778 -- Validation F1: 0.750
2024-07-16,22:00:47 [INFO] Epoch: 29/30 -- Train Loss: 0.103 -- Validation Loss: 0.967 -- Validation ACC: 0.778 -- Validation F1: 0.750
2024-07-16,22:00:47 [INFO] Run 0/5: Average Over Last 6 epochs -- Valid ACC: 0.7592592592592592 -- Valid F1-score: 0.7222222288449606
2024-07-16,22:00:48 [INFO] Test Results of Run 0/5: -- Test Loss: 0.988 -- Test ACC: 0.704 -- Test F1: 0.767
2024-07-16,22:00:50 [INFO] Epoch: 0/30 -- Train Loss: 0.398 -- Validation Loss: 0.775 -- Validation ACC: 0.778 -- Validation F1: 0.750
2024-07-16,22:01:03 [INFO] Epoch: 10/30 -- Train Loss: 0.089 -- Validation Loss: 0.739 -- Validation ACC: 0.778 -- Validation F1: 0.778
2024-07-16,22:01:17 [INFO] Epoch: 20/30 -- Train Loss: 0.597 -- Validation Loss: 0.693 -- Validation ACC: 0.722 -- Validation F1: 0.667
2024-07-16,22:01:24 [INFO] Epoch: 24/30 -- Train Loss: 0.044 -- Validation Loss: 0.750 -- Validation ACC: 0.722 -- Validation F1: 0.667
2024-07-16,22:01:26 [INFO] Epoch: 25/30 -- Train Loss: 0.536 -- Validation Loss: 0.753 -- Validation ACC: 0.722 -- Validation F1: 0.667
2024-07-16,22:01:28 [INFO] Epoch: 26/30 -- Train Loss: 0.131 -- Validation Loss: 0.743 -- Validation ACC: 0.778 -- Validation F1: 0.750
2024-07-16,22:01:29 [INFO] Epoch: 27/30 -- Train Loss: 0.030 -- Validation Loss: 0.754 -- Validation ACC: 0.778 -- Validation F1: 0.750
2024-07-16,22:01:31 [INFO] Epoch: 28/30 -- Train Loss: 0.087 -- Validation Loss: 0.781 -- Validation ACC: 0.778 -- Validation F1: 0.750
2024-07-16,22:01:33 [INFO] Epoch: 29/30 -- Train Loss: 0.036 -- Validation Loss: 0.827 -- Validation ACC: 0.778 -- Validation F1: 0.778
2024-07-16,22:01:33 [INFO] Run 1/5: Average Over Last 6 epochs -- Valid ACC: 0.7592592592592592 -- Valid F1-score: 0.7268518606821696
2024-07-16,22:01:33 [INFO] Test Results of Run 1/5: -- Test Loss: 0.962 -- Test ACC: 0.757 -- Test F1: 0.821
2024-07-16,22:01:35 [INFO] Epoch: 0/30 -- Train Loss: 0.189 -- Validation Loss: 0.836 -- Validation ACC: 0.722 -- Validation F1: 0.667
2024-07-16,22:01:49 [INFO] Epoch: 10/30 -- Train Loss: 1.070 -- Validation Loss: 1.180 -- Validation ACC: 0.722 -- Validation F1: 0.737
2024-07-16,22:02:03 [INFO] Epoch: 20/30 -- Train Loss: 0.358 -- Validation Loss: 0.879 -- Validation ACC: 0.722 -- Validation F1: 0.667
2024-07-16,22:02:10 [INFO] Epoch: 24/30 -- Train Loss: 0.311 -- Validation Loss: 0.808 -- Validation ACC: 0.722 -- Validation F1: 0.706
2024-07-16,22:02:12 [INFO] Epoch: 25/30 -- Train Loss: 0.544 -- Validation Loss: 0.816 -- Validation ACC: 0.778 -- Validation F1: 0.750
2024-07-16,22:02:13 [INFO] Epoch: 26/30 -- Train Loss: 0.148 -- Validation Loss: 0.827 -- Validation ACC: 0.722 -- Validation F1: 0.667
2024-07-16,22:02:15 [INFO] Epoch: 27/30 -- Train Loss: 0.810 -- Validation Loss: 0.828 -- Validation ACC: 0.722 -- Validation F1: 0.667
2024-07-16,22:02:17 [INFO] Epoch: 28/30 -- Train Loss: 0.188 -- Validation Loss: 0.817 -- Validation ACC: 0.722 -- Validation F1: 0.667
2024-07-16,22:02:18 [INFO] Epoch: 29/30 -- Train Loss: 0.105 -- Validation Loss: 0.795 -- Validation ACC: 0.722 -- Validation F1: 0.706
2024-07-16,22:02:18 [INFO] Run 2/5: Average Over Last 6 epochs -- Valid ACC: 0.7314814814814815 -- Valid F1-score: 0.6936274667580923
2024-07-16,22:02:19 [INFO] Test Results of Run 2/5: -- Test Loss: 0.952 -- Test ACC: 0.722 -- Test F1: 0.787
2024-07-16,22:02:21 [INFO] Epoch: 0/30 -- Train Loss: 0.027 -- Validation Loss: 0.854 -- Validation ACC: 0.778 -- Validation F1: 0.778
2024-07-16,22:02:34 [INFO] Epoch: 10/30 -- Train Loss: 0.399 -- Validation Loss: 0.826 -- Validation ACC: 0.778 -- Validation F1: 0.750
2024-07-16,22:02:49 [INFO] Epoch: 20/30 -- Train Loss: 0.280 -- Validation Loss: 0.923 -- Validation ACC: 0.778 -- Validation F1: 0.750
2024-07-16,22:02:55 [INFO] Epoch: 24/30 -- Train Loss: 0.160 -- Validation Loss: 0.997 -- Validation ACC: 0.722 -- Validation F1: 0.706
2024-07-16,22:02:56 [INFO] Epoch: 25/30 -- Train Loss: 0.270 -- Validation Loss: 0.981 -- Validation ACC: 0.722 -- Validation F1: 0.706
2024-07-16,22:02:58 [INFO] Epoch: 26/30 -- Train Loss: 1.083 -- Validation Loss: 0.955 -- Validation ACC: 0.778 -- Validation F1: 0.750
2024-07-16,22:03:00 [INFO] Epoch: 27/30 -- Train Loss: 0.420 -- Validation Loss: 0.949 -- Validation ACC: 0.722 -- Validation F1: 0.706
2024-07-16,22:03:02 [INFO] Epoch: 28/30 -- Train Loss: 0.006 -- Validation Loss: 0.920 -- Validation ACC: 0.778 -- Validation F1: 0.750
2024-07-16,22:03:03 [INFO] Epoch: 29/30 -- Train Loss: 0.752 -- Validation Loss: 0.921 -- Validation ACC: 0.722 -- Validation F1: 0.706
2024-07-16,22:03:03 [INFO] Run 3/5: Average Over Last 6 epochs -- Valid ACC: 0.7407407407407408 -- Valid F1-score: 0.7205882469813029
2024-07-16,22:03:04 [INFO] Test Results of Run 3/5: -- Test Loss: 0.965 -- Test ACC: 0.722 -- Test F1: 0.789
2024-07-16,22:03:06 [INFO] Epoch: 0/30 -- Train Loss: 0.148 -- Validation Loss: 0.854 -- Validation ACC: 0.778 -- Validation F1: 0.778
2024-07-16,22:03:20 [INFO] Epoch: 10/30 -- Train Loss: 0.687 -- Validation Loss: 1.129 -- Validation ACC: 0.722 -- Validation F1: 0.706
2024-07-16,22:03:35 [INFO] Epoch: 20/30 -- Train Loss: 1.092 -- Validation Loss: 1.077 -- Validation ACC: 0.722 -- Validation F1: 0.667
2024-07-16,22:03:41 [INFO] Epoch: 24/30 -- Train Loss: 0.016 -- Validation Loss: 1.132 -- Validation ACC: 0.667 -- Validation F1: 0.667
2024-07-16,22:03:43 [INFO] Epoch: 25/30 -- Train Loss: 0.009 -- Validation Loss: 1.134 -- Validation ACC: 0.667 -- Validation F1: 0.667
2024-07-16,22:03:45 [INFO] Epoch: 26/30 -- Train Loss: 1.343 -- Validation Loss: 1.142 -- Validation ACC: 0.667 -- Validation F1: 0.667
2024-07-16,22:03:47 [INFO] Epoch: 27/30 -- Train Loss: 0.900 -- Validation Loss: 1.105 -- Validation ACC: 0.722 -- Validation F1: 0.706
2024-07-16,22:03:49 [INFO] Epoch: 28/30 -- Train Loss: 0.872 -- Validation Loss: 1.094 -- Validation ACC: 0.722 -- Validation F1: 0.667
2024-07-16,22:03:51 [INFO] Epoch: 29/30 -- Train Loss: 1.030 -- Validation Loss: 1.137 -- Validation ACC: 0.722 -- Validation F1: 0.667
2024-07-16,22:03:51 [INFO] Run 4/5: Average Over Last 6 epochs -- Valid ACC: 0.6944444444444445 -- Valid F1-score: 0.673202633857727
2024-07-16,22:03:52 [INFO] Test Results of Run 4/5: -- Test Loss: 1.132 -- Test ACC: 0.687 -- Test F1: 0.746
2024-07-16,22:03:52 [INFO] Validation average after 5 runs -- ACC: 0.737 -- F1-score: 0.707
2024-07-16,22:03:52 [INFO] Test average after 5 runs -- ACC: 0.718 -- F1-score: 0.782
2024-07-16,22:03:52 [INFO] Finished round 3/10 of experiments!
2024-07-16,22:03:52 [INFO] Started round 4/10 of experiments!
2024-07-16,22:03:53 [INFO] Loading previous pretrained model at ./pretrained/GCN_Pretrained_2024-07-01-15-03-17.pth
2024-07-16,22:03:53 [INFO] Pretrained GNN on Source Dataset -- Test Loss: 1.048 -- Test ACC: 0.696 -- Test F1-score: 0.759
2024-07-16,22:03:54 [INFO] Pretrained GNN on Target Dataset Without Prompting: -- Validation Loss: 0.854 -- Validation ACC: 0.500 -- Validation F1-score: 0.571 -- Test Loss: 0.781 -- Test ACC: 0.713 -- Test F1-score: 0.784
2024-07-16,22:03:55 [INFO] Epoch: 0/30 -- Train Loss: 0.155 -- Validation Loss: 0.658 -- Validation ACC: 0.667 -- Validation F1: 0.667
2024-07-16,22:04:09 [INFO] Epoch: 10/30 -- Train Loss: 0.336 -- Validation Loss: 1.079 -- Validation ACC: 0.556 -- Validation F1: 0.636
2024-07-16,22:04:23 [INFO] Epoch: 20/30 -- Train Loss: 0.248 -- Validation Loss: 0.752 -- Validation ACC: 0.611 -- Validation F1: 0.632
2024-07-16,22:04:29 [INFO] Epoch: 24/30 -- Train Loss: 0.004 -- Validation Loss: 1.048 -- Validation ACC: 0.556 -- Validation F1: 0.600
2024-07-16,22:04:31 [INFO] Epoch: 25/30 -- Train Loss: 2.396 -- Validation Loss: 1.220 -- Validation ACC: 0.500 -- Validation F1: 0.571
2024-07-16,22:04:33 [INFO] Epoch: 26/30 -- Train Loss: 0.271 -- Validation Loss: 1.253 -- Validation ACC: 0.500 -- Validation F1: 0.571
2024-07-16,22:04:35 [INFO] Epoch: 27/30 -- Train Loss: 0.576 -- Validation Loss: 1.193 -- Validation ACC: 0.556 -- Validation F1: 0.600
2024-07-16,22:04:36 [INFO] Epoch: 28/30 -- Train Loss: 0.009 -- Validation Loss: 1.324 -- Validation ACC: 0.500 -- Validation F1: 0.571
2024-07-16,22:04:38 [INFO] Epoch: 29/30 -- Train Loss: 0.112 -- Validation Loss: 1.332 -- Validation ACC: 0.500 -- Validation F1: 0.571
2024-07-16,22:04:38 [INFO] Run 0/5: Average Over Last 6 epochs -- Valid ACC: 0.5185185185185185 -- Valid F1-score: 0.5809524059295654
2024-07-16,22:04:39 [INFO] Test Results of Run 0/5: -- Test Loss: 0.929 -- Test ACC: 0.704 -- Test F1: 0.790
2024-07-16,22:04:41 [INFO] Epoch: 0/30 -- Train Loss: 0.013 -- Validation Loss: 0.756 -- Validation ACC: 0.667 -- Validation F1: 0.667
2024-07-16,22:04:54 [INFO] Epoch: 10/30 -- Train Loss: 0.018 -- Validation Loss: 1.297 -- Validation ACC: 0.500 -- Validation F1: 0.571
2024-07-16,22:05:08 [INFO] Epoch: 20/30 -- Train Loss: 0.607 -- Validation Loss: 1.057 -- Validation ACC: 0.556 -- Validation F1: 0.600
2024-07-16,22:05:15 [INFO] Epoch: 24/30 -- Train Loss: 0.023 -- Validation Loss: 0.850 -- Validation ACC: 0.556 -- Validation F1: 0.600
2024-07-16,22:05:17 [INFO] Epoch: 25/30 -- Train Loss: 1.570 -- Validation Loss: 0.966 -- Validation ACC: 0.556 -- Validation F1: 0.600
2024-07-16,22:05:19 [INFO] Epoch: 26/30 -- Train Loss: 0.298 -- Validation Loss: 0.988 -- Validation ACC: 0.556 -- Validation F1: 0.600
2024-07-16,22:05:21 [INFO] Epoch: 27/30 -- Train Loss: 0.067 -- Validation Loss: 0.963 -- Validation ACC: 0.556 -- Validation F1: 0.600
2024-07-16,22:05:23 [INFO] Epoch: 28/30 -- Train Loss: 0.516 -- Validation Loss: 0.942 -- Validation ACC: 0.556 -- Validation F1: 0.600
2024-07-16,22:05:25 [INFO] Epoch: 29/30 -- Train Loss: 0.042 -- Validation Loss: 0.877 -- Validation ACC: 0.556 -- Validation F1: 0.600
2024-07-16,22:05:25 [INFO] Run 1/5: Average Over Last 6 epochs -- Valid ACC: 0.5555555555555555 -- Valid F1-score: 0.6000000238418579
2024-07-16,22:05:25 [INFO] Test Results of Run 1/5: -- Test Loss: 0.739 -- Test ACC: 0.748 -- Test F1: 0.818
2024-07-16,22:05:28 [INFO] Epoch: 0/30 -- Train Loss: 0.025 -- Validation Loss: 1.753 -- Validation ACC: 0.500 -- Validation F1: 0.609
2024-07-16,22:05:42 [INFO] Epoch: 10/30 -- Train Loss: 0.028 -- Validation Loss: 0.730 -- Validation ACC: 0.611 -- Validation F1: 0.533
2024-07-16,22:05:56 [INFO] Epoch: 20/30 -- Train Loss: 0.357 -- Validation Loss: 1.232 -- Validation ACC: 0.500 -- Validation F1: 0.571
2024-07-16,22:06:03 [INFO] Epoch: 24/30 -- Train Loss: 0.347 -- Validation Loss: 1.076 -- Validation ACC: 0.556 -- Validation F1: 0.600
2024-07-16,22:06:04 [INFO] Epoch: 25/30 -- Train Loss: 0.412 -- Validation Loss: 1.125 -- Validation ACC: 0.556 -- Validation F1: 0.600
2024-07-16,22:06:06 [INFO] Epoch: 26/30 -- Train Loss: 0.347 -- Validation Loss: 1.096 -- Validation ACC: 0.500 -- Validation F1: 0.571
2024-07-16,22:06:08 [INFO] Epoch: 27/30 -- Train Loss: 0.721 -- Validation Loss: 1.173 -- Validation ACC: 0.500 -- Validation F1: 0.571
2024-07-16,22:06:10 [INFO] Epoch: 28/30 -- Train Loss: 0.551 -- Validation Loss: 1.345 -- Validation ACC: 0.500 -- Validation F1: 0.571
2024-07-16,22:06:12 [INFO] Epoch: 29/30 -- Train Loss: 0.019 -- Validation Loss: 1.397 -- Validation ACC: 0.500 -- Validation F1: 0.609
2024-07-16,22:06:12 [INFO] Run 2/5: Average Over Last 6 epochs -- Valid ACC: 0.5185185185185185 -- Valid F1-score: 0.5871635774771372
2024-07-16,22:06:12 [INFO] Test Results of Run 2/5: -- Test Loss: 0.951 -- Test ACC: 0.730 -- Test F1: 0.817
2024-07-16,22:06:14 [INFO] Epoch: 0/30 -- Train Loss: 0.160 -- Validation Loss: 0.757 -- Validation ACC: 0.722 -- Validation F1: 0.706
2024-07-16,22:06:28 [INFO] Epoch: 10/30 -- Train Loss: 0.159 -- Validation Loss: 0.634 -- Validation ACC: 0.722 -- Validation F1: 0.706
2024-07-16,22:06:42 [INFO] Epoch: 20/30 -- Train Loss: 1.281 -- Validation Loss: 1.560 -- Validation ACC: 0.444 -- Validation F1: 0.545
2024-07-16,22:06:48 [INFO] Epoch: 24/30 -- Train Loss: 0.035 -- Validation Loss: 1.009 -- Validation ACC: 0.556 -- Validation F1: 0.600
2024-07-16,22:06:50 [INFO] Epoch: 25/30 -- Train Loss: 0.385 -- Validation Loss: 1.015 -- Validation ACC: 0.556 -- Validation F1: 0.600
2024-07-16,22:06:52 [INFO] Epoch: 26/30 -- Train Loss: 0.148 -- Validation Loss: 0.957 -- Validation ACC: 0.556 -- Validation F1: 0.600
2024-07-16,22:06:54 [INFO] Epoch: 27/30 -- Train Loss: 0.612 -- Validation Loss: 0.975 -- Validation ACC: 0.556 -- Validation F1: 0.600
2024-07-16,22:06:56 [INFO] Epoch: 28/30 -- Train Loss: 1.739 -- Validation Loss: 1.011 -- Validation ACC: 0.556 -- Validation F1: 0.600
2024-07-16,22:06:58 [INFO] Epoch: 29/30 -- Train Loss: 1.709 -- Validation Loss: 1.088 -- Validation ACC: 0.500 -- Validation F1: 0.571
2024-07-16,22:06:58 [INFO] Run 3/5: Average Over Last 6 epochs -- Valid ACC: 0.5462962962962963 -- Valid F1-score: 0.5952381193637848
2024-07-16,22:06:58 [INFO] Test Results of Run 3/5: -- Test Loss: 0.861 -- Test ACC: 0.757 -- Test F1: 0.829
2024-07-16,22:07:00 [INFO] Epoch: 0/30 -- Train Loss: 0.005 -- Validation Loss: 0.827 -- Validation ACC: 0.667 -- Validation F1: 0.667
2024-07-16,22:07:13 [INFO] Epoch: 10/30 -- Train Loss: 0.018 -- Validation Loss: 0.674 -- Validation ACC: 0.667 -- Validation F1: 0.571
2024-07-16,22:07:27 [INFO] Epoch: 20/30 -- Train Loss: 1.699 -- Validation Loss: 2.118 -- Validation ACC: 0.444 -- Validation F1: 0.583
2024-07-16,22:07:34 [INFO] Epoch: 24/30 -- Train Loss: 0.057 -- Validation Loss: 1.689 -- Validation ACC: 0.444 -- Validation F1: 0.545
2024-07-16,22:07:36 [INFO] Epoch: 25/30 -- Train Loss: 0.038 -- Validation Loss: 1.642 -- Validation ACC: 0.444 -- Validation F1: 0.545
2024-07-16,22:07:38 [INFO] Epoch: 26/30 -- Train Loss: 0.191 -- Validation Loss: 1.292 -- Validation ACC: 0.500 -- Validation F1: 0.571
2024-07-16,22:07:40 [INFO] Epoch: 27/30 -- Train Loss: 0.527 -- Validation Loss: 0.958 -- Validation ACC: 0.611 -- Validation F1: 0.632
2024-07-16,22:07:41 [INFO] Epoch: 28/30 -- Train Loss: 0.051 -- Validation Loss: 0.757 -- Validation ACC: 0.556 -- Validation F1: 0.500
2024-07-16,22:07:43 [INFO] Epoch: 29/30 -- Train Loss: 0.200 -- Validation Loss: 0.724 -- Validation ACC: 0.611 -- Validation F1: 0.462
2024-07-16,22:07:43 [INFO] Run 4/5: Average Over Last 6 epochs -- Valid ACC: 0.5277777777777778 -- Valid F1-score: 0.5425758510828018
2024-07-16,22:07:44 [INFO] Test Results of Run 4/5: -- Test Loss: 0.856 -- Test ACC: 0.687 -- Test F1: 0.727
2024-07-16,22:07:44 [INFO] Validation average after 5 runs -- ACC: 0.533 -- F1-score: 0.581
2024-07-16,22:07:44 [INFO] Test average after 5 runs -- ACC: 0.725 -- F1-score: 0.796
2024-07-16,22:07:44 [INFO] Finished round 4/10 of experiments!
2024-07-16,22:07:44 [INFO] Started round 5/10 of experiments!
2024-07-16,22:07:45 [INFO] Setting for pretraining: Model: {'gnn_type': 'gcn', 'in_channels': 56, 'hidden_channels': 512, 'out_channels': 2, 'num_layers': 3, 'dropout': 0.4, 'with_bn': False, 'with_head': True} -- Optimizer: {'lr': 0.01, 'scheduler_step_size': 50, 'scheduler_gamma': 0.5, 'weight_decay': 0.0} -- Training: {'n_epochs': 100}
2024-07-16,22:07:45 [INFO] Loading previous pretrained model at ./pretrained/GCN_Pretrained_2024-07-01-15-05-37.pth
2024-07-16,22:07:45 [INFO] Prompting method: flex_match -- Setting: Prompting function: gpf_plus -- Target Dataset: DHFR
2024-07-16,22:07:45 [INFO] Setting for prompt tuning: Prompt: {'emb_dim': 56, 'h_dim': 512, 'output_dim': 56, 'prompt_fn': 'gpf_plus', 'token_num': 40, 'cross_prune': 0.8, 'inner_prune': 0.3, 'attn_with_param': False} -- Pretrained Model: {'gnn_type': 'gcn', 'in_channels': 56, 'hidden_channels': 512, 'out_channels': 2, 'num_layers': 3, 'dropout': 0.4, 'with_bn': False, 'with_head': True} -- Optimizer: {'lr': 0.01, 'scheduler_step_size': 50, 'scheduler_gamma': 0.5, 'weight_decay': 0.0} -- Training: {'aug_type': 'feature', 'pos_aug_mode': 'mask', 'p_raug': 0.15, 'n_epochs': 30, 'r_reg': 0.0, 'soft_label': False, 'clutering_iters': 3, 'iterative_clustering': False, 'entropy_div_ratio': 3, 'w_entropy_loss': 0.0, 'w_softmax_loss': 0.0, 'w_domain_loss': 0.0, 'light_aug_prob': 0.1, 'light_aug_mode': 'mask', 'num_classes': 2, 'cut_off': 0.5}
2024-07-16,22:07:45 [INFO] Prompt tuning started: Num runs: 5 -- Eval step: 10
2024-07-16,22:07:45 [INFO] Pretrained GNN on Source Dataset -- Test Loss: 0.768 -- Test ACC: 0.687 -- Test F1-score: 0.684
2024-07-16,22:07:46 [INFO] Pretrained GNN on Target Dataset Without Prompting: -- Validation Loss: 0.232 -- Validation ACC: 0.889 -- Validation F1-score: 0.900 -- Test Loss: 0.871 -- Test ACC: 0.722 -- Test F1-score: 0.754
2024-07-16,22:07:48 [INFO] Epoch: 0/30 -- Train Loss: 0.015 -- Validation Loss: 0.269 -- Validation ACC: 0.833 -- Validation F1: 0.857
2024-07-16,22:08:03 [INFO] Epoch: 10/30 -- Train Loss: 0.391 -- Validation Loss: 0.328 -- Validation ACC: 0.778 -- Validation F1: 0.750
2024-07-16,22:08:17 [INFO] Epoch: 20/30 -- Train Loss: 0.298 -- Validation Loss: 0.365 -- Validation ACC: 0.778 -- Validation F1: 0.750
2024-07-16,22:08:23 [INFO] Epoch: 24/30 -- Train Loss: 0.012 -- Validation Loss: 0.262 -- Validation ACC: 0.833 -- Validation F1: 0.842
2024-07-16,22:08:25 [INFO] Epoch: 25/30 -- Train Loss: 0.347 -- Validation Loss: 0.255 -- Validation ACC: 0.833 -- Validation F1: 0.842
2024-07-16,22:08:27 [INFO] Epoch: 26/30 -- Train Loss: 0.672 -- Validation Loss: 0.259 -- Validation ACC: 0.944 -- Validation F1: 0.952
2024-07-16,22:08:29 [INFO] Epoch: 27/30 -- Train Loss: 0.003 -- Validation Loss: 0.260 -- Validation ACC: 0.944 -- Validation F1: 0.952
2024-07-16,22:08:31 [INFO] Epoch: 28/30 -- Train Loss: 0.622 -- Validation Loss: 0.255 -- Validation ACC: 0.944 -- Validation F1: 0.952
2024-07-16,22:08:32 [INFO] Epoch: 29/30 -- Train Loss: 0.012 -- Validation Loss: 0.253 -- Validation ACC: 0.833 -- Validation F1: 0.842
2024-07-16,22:08:32 [INFO] Run 0/5: Average Over Last 6 epochs -- Valid ACC: 0.8888888888888888 -- Valid F1-score: 0.8972431123256683
2024-07-16,22:08:33 [INFO] Test Results of Run 0/5: -- Test Loss: 0.913 -- Test ACC: 0.704 -- Test F1: 0.734
2024-07-16,22:08:35 [INFO] Epoch: 0/30 -- Train Loss: 1.068 -- Validation Loss: 0.245 -- Validation ACC: 0.889 -- Validation F1: 0.900
2024-07-16,22:08:49 [INFO] Epoch: 10/30 -- Train Loss: 0.480 -- Validation Loss: 0.434 -- Validation ACC: 0.778 -- Validation F1: 0.750
2024-07-16,22:09:03 [INFO] Epoch: 20/30 -- Train Loss: 1.110 -- Validation Loss: 0.290 -- Validation ACC: 0.778 -- Validation F1: 0.778
2024-07-16,22:09:09 [INFO] Epoch: 24/30 -- Train Loss: 0.015 -- Validation Loss: 0.317 -- Validation ACC: 0.722 -- Validation F1: 0.706
2024-07-16,22:09:11 [INFO] Epoch: 25/30 -- Train Loss: 0.319 -- Validation Loss: 0.301 -- Validation ACC: 0.722 -- Validation F1: 0.706
2024-07-16,22:09:12 [INFO] Epoch: 26/30 -- Train Loss: 0.007 -- Validation Loss: 0.292 -- Validation ACC: 0.722 -- Validation F1: 0.706
2024-07-16,22:09:14 [INFO] Epoch: 27/30 -- Train Loss: 0.003 -- Validation Loss: 0.291 -- Validation ACC: 0.722 -- Validation F1: 0.706
2024-07-16,22:09:16 [INFO] Epoch: 28/30 -- Train Loss: 0.228 -- Validation Loss: 0.285 -- Validation ACC: 0.722 -- Validation F1: 0.706
2024-07-16,22:09:18 [INFO] Epoch: 29/30 -- Train Loss: 0.209 -- Validation Loss: 0.279 -- Validation ACC: 0.778 -- Validation F1: 0.778
2024-07-16,22:09:18 [INFO] Run 1/5: Average Over Last 6 epochs -- Valid ACC: 0.7314814814814815 -- Valid F1-score: 0.7178649405638377
2024-07-16,22:09:19 [INFO] Test Results of Run 1/5: -- Test Loss: 0.899 -- Test ACC: 0.670 -- Test F1: 0.694
2024-07-16,22:09:20 [INFO] Epoch: 0/30 -- Train Loss: 0.121 -- Validation Loss: 0.401 -- Validation ACC: 0.833 -- Validation F1: 0.870
2024-07-16,22:09:34 [INFO] Epoch: 10/30 -- Train Loss: 0.610 -- Validation Loss: 0.336 -- Validation ACC: 0.778 -- Validation F1: 0.750
2024-07-16,22:09:48 [INFO] Epoch: 20/30 -- Train Loss: 0.252 -- Validation Loss: 0.441 -- Validation ACC: 0.778 -- Validation F1: 0.750
2024-07-16,22:09:55 [INFO] Epoch: 24/30 -- Train Loss: 0.341 -- Validation Loss: 0.425 -- Validation ACC: 0.778 -- Validation F1: 0.750
2024-07-16,22:09:57 [INFO] Epoch: 25/30 -- Train Loss: 0.378 -- Validation Loss: 0.428 -- Validation ACC: 0.778 -- Validation F1: 0.750
2024-07-16,22:09:59 [INFO] Epoch: 26/30 -- Train Loss: 0.000 -- Validation Loss: 0.376 -- Validation ACC: 0.778 -- Validation F1: 0.750
2024-07-16,22:10:01 [INFO] Epoch: 27/30 -- Train Loss: 0.177 -- Validation Loss: 0.347 -- Validation ACC: 0.833 -- Validation F1: 0.824
2024-07-16,22:10:03 [INFO] Epoch: 28/30 -- Train Loss: 0.573 -- Validation Loss: 0.323 -- Validation ACC: 0.889 -- Validation F1: 0.889
2024-07-16,22:10:05 [INFO] Epoch: 29/30 -- Train Loss: 0.170 -- Validation Loss: 0.319 -- Validation ACC: 0.889 -- Validation F1: 0.889
2024-07-16,22:10:05 [INFO] Run 2/5: Average Over Last 6 epochs -- Valid ACC: 0.8240740740740741 -- Valid F1-score: 0.8085512022177378
2024-07-16,22:10:05 [INFO] Test Results of Run 2/5: -- Test Loss: 0.903 -- Test ACC: 0.635 -- Test F1: 0.672
2024-07-16,22:10:07 [INFO] Epoch: 0/30 -- Train Loss: 0.477 -- Validation Loss: 0.241 -- Validation ACC: 0.889 -- Validation F1: 0.900
2024-07-16,22:10:22 [INFO] Epoch: 10/30 -- Train Loss: 0.244 -- Validation Loss: 0.272 -- Validation ACC: 0.889 -- Validation F1: 0.889
2024-07-16,22:10:37 [INFO] Epoch: 20/30 -- Train Loss: 0.562 -- Validation Loss: 0.289 -- Validation ACC: 0.833 -- Validation F1: 0.857
2024-07-16,22:10:43 [INFO] Epoch: 24/30 -- Train Loss: 0.127 -- Validation Loss: 0.349 -- Validation ACC: 0.833 -- Validation F1: 0.824
2024-07-16,22:10:45 [INFO] Epoch: 25/30 -- Train Loss: 0.660 -- Validation Loss: 0.321 -- Validation ACC: 0.833 -- Validation F1: 0.824
2024-07-16,22:10:46 [INFO] Epoch: 26/30 -- Train Loss: 0.058 -- Validation Loss: 0.296 -- Validation ACC: 0.778 -- Validation F1: 0.778
2024-07-16,22:10:48 [INFO] Epoch: 27/30 -- Train Loss: 0.805 -- Validation Loss: 0.278 -- Validation ACC: 0.833 -- Validation F1: 0.842
2024-07-16,22:10:50 [INFO] Epoch: 28/30 -- Train Loss: 0.234 -- Validation Loss: 0.268 -- Validation ACC: 0.889 -- Validation F1: 0.900
2024-07-16,22:10:52 [INFO] Epoch: 29/30 -- Train Loss: 0.313 -- Validation Loss: 0.274 -- Validation ACC: 0.889 -- Validation F1: 0.900
2024-07-16,22:10:52 [INFO] Run 3/5: Average Over Last 6 epochs -- Valid ACC: 0.8425925925925926 -- Valid F1-score: 0.8444903095563253
2024-07-16,22:10:53 [INFO] Test Results of Run 3/5: -- Test Loss: 0.913 -- Test ACC: 0.670 -- Test F1: 0.698
2024-07-16,22:10:54 [INFO] Epoch: 0/30 -- Train Loss: 0.050 -- Validation Loss: 0.241 -- Validation ACC: 0.889 -- Validation F1: 0.900
2024-07-16,22:11:08 [INFO] Epoch: 10/30 -- Train Loss: 0.767 -- Validation Loss: 0.260 -- Validation ACC: 0.944 -- Validation F1: 0.952
2024-07-16,22:11:23 [INFO] Epoch: 20/30 -- Train Loss: 1.370 -- Validation Loss: 0.383 -- Validation ACC: 0.778 -- Validation F1: 0.750
2024-07-16,22:11:29 [INFO] Epoch: 24/30 -- Train Loss: 0.019 -- Validation Loss: 0.409 -- Validation ACC: 0.778 -- Validation F1: 0.750
2024-07-16,22:11:31 [INFO] Epoch: 25/30 -- Train Loss: 0.442 -- Validation Loss: 0.414 -- Validation ACC: 0.778 -- Validation F1: 0.750
2024-07-16,22:11:33 [INFO] Epoch: 26/30 -- Train Loss: 0.016 -- Validation Loss: 0.394 -- Validation ACC: 0.778 -- Validation F1: 0.750
2024-07-16,22:11:36 [INFO] Epoch: 27/30 -- Train Loss: 0.027 -- Validation Loss: 0.374 -- Validation ACC: 0.722 -- Validation F1: 0.706
2024-07-16,22:11:38 [INFO] Epoch: 28/30 -- Train Loss: 0.001 -- Validation Loss: 0.372 -- Validation ACC: 0.722 -- Validation F1: 0.706
2024-07-16,22:11:40 [INFO] Epoch: 29/30 -- Train Loss: 0.445 -- Validation Loss: 0.378 -- Validation ACC: 0.722 -- Validation F1: 0.706
2024-07-16,22:11:40 [INFO] Run 4/5: Average Over Last 6 epochs -- Valid ACC: 0.75 -- Valid F1-score: 0.7279411852359772
2024-07-16,22:11:41 [INFO] Test Results of Run 4/5: -- Test Loss: 0.934 -- Test ACC: 0.670 -- Test F1: 0.694
2024-07-16,22:11:41 [INFO] Validation average after 5 runs -- ACC: 0.807 -- F1-score: 0.799
2024-07-16,22:11:41 [INFO] Test average after 5 runs -- ACC: 0.670 -- F1-score: 0.698
2024-07-16,22:11:41 [INFO] Finished round 5/10 of experiments!
2024-07-16,22:11:41 [INFO] Started round 6/10 of experiments!
2024-07-16,22:11:41 [INFO] Loading previous pretrained model at ./pretrained/GCN_Pretrained_2024-07-01-15-07-56.pth
2024-07-16,22:11:42 [INFO] Pretrained GNN on Source Dataset -- Test Loss: 0.661 -- Test ACC: 0.626 -- Test F1-score: 0.770
2024-07-16,22:11:43 [INFO] Pretrained GNN on Target Dataset Without Prompting: -- Validation Loss: 0.641 -- Validation ACC: 0.667 -- Validation F1-score: 0.800 -- Test Loss: 0.687 -- Test ACC: 0.574 -- Test F1-score: 0.729
2024-07-16,22:11:44 [INFO] Epoch: 0/30 -- Train Loss: 0.579 -- Validation Loss: 0.641 -- Validation ACC: 0.667 -- Validation F1: 0.800
2024-07-16,22:11:58 [INFO] Epoch: 10/30 -- Train Loss: 0.579 -- Validation Loss: 0.641 -- Validation ACC: 0.667 -- Validation F1: 0.800
2024-07-16,22:12:13 [INFO] Epoch: 20/30 -- Train Loss: 0.579 -- Validation Loss: 0.641 -- Validation ACC: 0.667 -- Validation F1: 0.800
2024-07-16,22:12:19 [INFO] Epoch: 24/30 -- Train Loss: 0.579 -- Validation Loss: 0.641 -- Validation ACC: 0.667 -- Validation F1: 0.800
2024-07-16,22:12:21 [INFO] Epoch: 25/30 -- Train Loss: 0.579 -- Validation Loss: 0.641 -- Validation ACC: 0.667 -- Validation F1: 0.800
2024-07-16,22:12:23 [INFO] Epoch: 26/30 -- Train Loss: 0.579 -- Validation Loss: 0.641 -- Validation ACC: 0.667 -- Validation F1: 0.800
2024-07-16,22:12:25 [INFO] Epoch: 27/30 -- Train Loss: 0.579 -- Validation Loss: 0.641 -- Validation ACC: 0.667 -- Validation F1: 0.800
2024-07-16,22:12:27 [INFO] Epoch: 28/30 -- Train Loss: 0.579 -- Validation Loss: 0.641 -- Validation ACC: 0.667 -- Validation F1: 0.800
2024-07-16,22:12:29 [INFO] Epoch: 29/30 -- Train Loss: 0.579 -- Validation Loss: 0.641 -- Validation ACC: 0.667 -- Validation F1: 0.800
2024-07-16,22:12:29 [INFO] Run 0/5: Average Over Last 6 epochs -- Valid ACC: 0.6666666666666666 -- Valid F1-score: 0.800000011920929
2024-07-16,22:12:29 [INFO] Test Results of Run 0/5: -- Test Loss: 0.687 -- Test ACC: 0.574 -- Test F1: 0.729
2024-07-16,22:12:31 [INFO] Epoch: 0/30 -- Train Loss: 0.579 -- Validation Loss: 0.641 -- Validation ACC: 0.667 -- Validation F1: 0.800
2024-07-16,22:12:46 [INFO] Epoch: 10/30 -- Train Loss: 0.579 -- Validation Loss: 0.641 -- Validation ACC: 0.667 -- Validation F1: 0.800
2024-07-16,22:13:00 [INFO] Epoch: 20/30 -- Train Loss: 0.579 -- Validation Loss: 0.641 -- Validation ACC: 0.667 -- Validation F1: 0.800
2024-07-16,22:13:07 [INFO] Epoch: 24/30 -- Train Loss: 0.579 -- Validation Loss: 0.641 -- Validation ACC: 0.667 -- Validation F1: 0.800
2024-07-16,22:13:08 [INFO] Epoch: 25/30 -- Train Loss: 0.579 -- Validation Loss: 0.641 -- Validation ACC: 0.667 -- Validation F1: 0.800
2024-07-16,22:13:10 [INFO] Epoch: 26/30 -- Train Loss: 0.579 -- Validation Loss: 0.641 -- Validation ACC: 0.667 -- Validation F1: 0.800
2024-07-16,22:13:12 [INFO] Epoch: 27/30 -- Train Loss: 0.579 -- Validation Loss: 0.641 -- Validation ACC: 0.667 -- Validation F1: 0.800
2024-07-16,22:13:14 [INFO] Epoch: 28/30 -- Train Loss: 0.579 -- Validation Loss: 0.641 -- Validation ACC: 0.667 -- Validation F1: 0.800
2024-07-16,22:13:15 [INFO] Epoch: 29/30 -- Train Loss: 0.579 -- Validation Loss: 0.641 -- Validation ACC: 0.667 -- Validation F1: 0.800
2024-07-16,22:13:15 [INFO] Run 1/5: Average Over Last 6 epochs -- Valid ACC: 0.6666666666666666 -- Valid F1-score: 0.800000011920929
2024-07-16,22:13:16 [INFO] Test Results of Run 1/5: -- Test Loss: 0.687 -- Test ACC: 0.574 -- Test F1: 0.729
2024-07-16,22:13:18 [INFO] Epoch: 0/30 -- Train Loss: 0.579 -- Validation Loss: 0.641 -- Validation ACC: 0.667 -- Validation F1: 0.800
2024-07-16,22:13:33 [INFO] Epoch: 10/30 -- Train Loss: 0.579 -- Validation Loss: 0.641 -- Validation ACC: 0.667 -- Validation F1: 0.800
2024-07-16,22:13:47 [INFO] Epoch: 20/30 -- Train Loss: 0.579 -- Validation Loss: 0.641 -- Validation ACC: 0.667 -- Validation F1: 0.800
2024-07-16,22:13:54 [INFO] Epoch: 24/30 -- Train Loss: 0.579 -- Validation Loss: 0.641 -- Validation ACC: 0.667 -- Validation F1: 0.800
2024-07-16,22:13:55 [INFO] Epoch: 25/30 -- Train Loss: 0.579 -- Validation Loss: 0.641 -- Validation ACC: 0.667 -- Validation F1: 0.800
2024-07-16,22:13:58 [INFO] Epoch: 26/30 -- Train Loss: 0.579 -- Validation Loss: 0.641 -- Validation ACC: 0.667 -- Validation F1: 0.800
2024-07-16,22:14:00 [INFO] Epoch: 27/30 -- Train Loss: 0.579 -- Validation Loss: 0.641 -- Validation ACC: 0.667 -- Validation F1: 0.800
2024-07-16,22:14:01 [INFO] Epoch: 28/30 -- Train Loss: 0.579 -- Validation Loss: 0.641 -- Validation ACC: 0.667 -- Validation F1: 0.800
2024-07-16,22:14:03 [INFO] Epoch: 29/30 -- Train Loss: 0.579 -- Validation Loss: 0.641 -- Validation ACC: 0.667 -- Validation F1: 0.800
2024-07-16,22:14:03 [INFO] Run 2/5: Average Over Last 6 epochs -- Valid ACC: 0.6666666666666666 -- Valid F1-score: 0.800000011920929
2024-07-16,22:14:04 [INFO] Test Results of Run 2/5: -- Test Loss: 0.687 -- Test ACC: 0.574 -- Test F1: 0.729
2024-07-16,22:14:05 [INFO] Epoch: 0/30 -- Train Loss: 0.579 -- Validation Loss: 0.641 -- Validation ACC: 0.667 -- Validation F1: 0.800
2024-07-16,22:14:19 [INFO] Epoch: 10/30 -- Train Loss: 0.579 -- Validation Loss: 0.641 -- Validation ACC: 0.667 -- Validation F1: 0.800
2024-07-16,22:14:33 [INFO] Epoch: 20/30 -- Train Loss: 0.579 -- Validation Loss: 0.641 -- Validation ACC: 0.667 -- Validation F1: 0.800
2024-07-16,22:14:39 [INFO] Epoch: 24/30 -- Train Loss: 0.579 -- Validation Loss: 0.641 -- Validation ACC: 0.667 -- Validation F1: 0.800
2024-07-16,22:14:41 [INFO] Epoch: 25/30 -- Train Loss: 0.579 -- Validation Loss: 0.641 -- Validation ACC: 0.667 -- Validation F1: 0.800
2024-07-16,22:14:42 [INFO] Epoch: 26/30 -- Train Loss: 0.579 -- Validation Loss: 0.641 -- Validation ACC: 0.667 -- Validation F1: 0.800
2024-07-16,22:14:44 [INFO] Epoch: 27/30 -- Train Loss: 0.579 -- Validation Loss: 0.641 -- Validation ACC: 0.667 -- Validation F1: 0.800
2024-07-16,22:14:46 [INFO] Epoch: 28/30 -- Train Loss: 0.579 -- Validation Loss: 0.641 -- Validation ACC: 0.667 -- Validation F1: 0.800
2024-07-16,22:14:48 [INFO] Epoch: 29/30 -- Train Loss: 0.579 -- Validation Loss: 0.641 -- Validation ACC: 0.667 -- Validation F1: 0.800
2024-07-16,22:14:48 [INFO] Run 3/5: Average Over Last 6 epochs -- Valid ACC: 0.6666666666666666 -- Valid F1-score: 0.800000011920929
2024-07-16,22:14:48 [INFO] Test Results of Run 3/5: -- Test Loss: 0.687 -- Test ACC: 0.574 -- Test F1: 0.729
2024-07-16,22:14:50 [INFO] Epoch: 0/30 -- Train Loss: 0.579 -- Validation Loss: 0.641 -- Validation ACC: 0.667 -- Validation F1: 0.800
2024-07-16,22:15:04 [INFO] Epoch: 10/30 -- Train Loss: 0.579 -- Validation Loss: 0.641 -- Validation ACC: 0.667 -- Validation F1: 0.800
2024-07-16,22:15:18 [INFO] Epoch: 20/30 -- Train Loss: 0.579 -- Validation Loss: 0.641 -- Validation ACC: 0.667 -- Validation F1: 0.800
2024-07-16,22:15:24 [INFO] Epoch: 24/30 -- Train Loss: 0.579 -- Validation Loss: 0.641 -- Validation ACC: 0.667 -- Validation F1: 0.800
2024-07-16,22:15:26 [INFO] Epoch: 25/30 -- Train Loss: 0.579 -- Validation Loss: 0.641 -- Validation ACC: 0.667 -- Validation F1: 0.800
2024-07-16,22:15:28 [INFO] Epoch: 26/30 -- Train Loss: 0.579 -- Validation Loss: 0.641 -- Validation ACC: 0.667 -- Validation F1: 0.800
2024-07-16,22:15:30 [INFO] Epoch: 27/30 -- Train Loss: 0.579 -- Validation Loss: 0.641 -- Validation ACC: 0.667 -- Validation F1: 0.800
2024-07-16,22:15:31 [INFO] Epoch: 28/30 -- Train Loss: 0.579 -- Validation Loss: 0.641 -- Validation ACC: 0.667 -- Validation F1: 0.800
2024-07-16,22:15:33 [INFO] Epoch: 29/30 -- Train Loss: 0.579 -- Validation Loss: 0.641 -- Validation ACC: 0.667 -- Validation F1: 0.800
2024-07-16,22:15:33 [INFO] Run 4/5: Average Over Last 6 epochs -- Valid ACC: 0.6666666666666666 -- Valid F1-score: 0.800000011920929
2024-07-16,22:15:33 [INFO] Test Results of Run 4/5: -- Test Loss: 0.687 -- Test ACC: 0.574 -- Test F1: 0.729
2024-07-16,22:15:33 [INFO] Validation average after 5 runs -- ACC: 0.667 -- F1-score: 0.800
2024-07-16,22:15:33 [INFO] Test average after 5 runs -- ACC: 0.574 -- F1-score: 0.729
2024-07-16,22:15:33 [INFO] Finished round 6/10 of experiments!
2024-07-16,22:15:33 [INFO] Started round 7/10 of experiments!
2024-07-16,22:15:34 [INFO] Loading previous pretrained model at ./pretrained/GCN_Pretrained_2024-07-01-15-10-20.pth
2024-07-16,22:15:35 [INFO] Pretrained GNN on Source Dataset -- Test Loss: 0.642 -- Test ACC: 0.670 -- Test F1-score: 0.708
2024-07-16,22:15:36 [INFO] Pretrained GNN on Target Dataset Without Prompting: -- Validation Loss: 0.357 -- Validation ACC: 0.833 -- Validation F1-score: 0.870 -- Test Loss: 0.708 -- Test ACC: 0.609 -- Test F1-score: 0.640
2024-07-16,22:15:38 [INFO] Epoch: 0/30 -- Train Loss: 0.779 -- Validation Loss: 0.291 -- Validation ACC: 0.833 -- Validation F1: 0.880
2024-07-16,22:15:52 [INFO] Epoch: 10/30 -- Train Loss: 0.141 -- Validation Loss: 0.291 -- Validation ACC: 0.889 -- Validation F1: 0.917
2024-07-16,22:16:06 [INFO] Epoch: 20/30 -- Train Loss: 0.544 -- Validation Loss: 0.414 -- Validation ACC: 0.778 -- Validation F1: 0.818
2024-07-16,22:16:12 [INFO] Epoch: 24/30 -- Train Loss: 0.435 -- Validation Loss: 0.378 -- Validation ACC: 0.833 -- Validation F1: 0.870
2024-07-16,22:16:13 [INFO] Epoch: 25/30 -- Train Loss: 0.399 -- Validation Loss: 0.353 -- Validation ACC: 0.833 -- Validation F1: 0.870
2024-07-16,22:16:15 [INFO] Epoch: 26/30 -- Train Loss: 0.983 -- Validation Loss: 0.335 -- Validation ACC: 0.778 -- Validation F1: 0.833
2024-07-16,22:16:17 [INFO] Epoch: 27/30 -- Train Loss: 0.525 -- Validation Loss: 0.321 -- Validation ACC: 0.778 -- Validation F1: 0.833
2024-07-16,22:16:19 [INFO] Epoch: 28/30 -- Train Loss: 0.497 -- Validation Loss: 0.317 -- Validation ACC: 0.778 -- Validation F1: 0.833
2024-07-16,22:16:21 [INFO] Epoch: 29/30 -- Train Loss: 0.092 -- Validation Loss: 0.333 -- Validation ACC: 0.778 -- Validation F1: 0.833
2024-07-16,22:16:21 [INFO] Run 0/5: Average Over Last 6 epochs -- Valid ACC: 0.7962962962962963 -- Valid F1-score: 0.8454106052716573
2024-07-16,22:16:21 [INFO] Test Results of Run 0/5: -- Test Loss: 0.714 -- Test ACC: 0.600 -- Test F1: 0.646
2024-07-16,22:16:23 [INFO] Epoch: 0/30 -- Train Loss: 0.623 -- Validation Loss: 0.278 -- Validation ACC: 0.889 -- Validation F1: 0.923
2024-07-16,22:16:37 [INFO] Epoch: 10/30 -- Train Loss: 0.246 -- Validation Loss: 0.292 -- Validation ACC: 0.889 -- Validation F1: 0.917
2024-07-16,22:16:51 [INFO] Epoch: 20/30 -- Train Loss: 0.818 -- Validation Loss: 0.311 -- Validation ACC: 0.833 -- Validation F1: 0.870
2024-07-16,22:16:57 [INFO] Epoch: 24/30 -- Train Loss: 0.637 -- Validation Loss: 0.369 -- Validation ACC: 0.833 -- Validation F1: 0.870
2024-07-16,22:16:59 [INFO] Epoch: 25/30 -- Train Loss: 0.350 -- Validation Loss: 0.388 -- Validation ACC: 0.833 -- Validation F1: 0.870
2024-07-16,22:17:01 [INFO] Epoch: 26/30 -- Train Loss: 0.468 -- Validation Loss: 0.376 -- Validation ACC: 0.833 -- Validation F1: 0.870
2024-07-16,22:17:03 [INFO] Epoch: 27/30 -- Train Loss: 0.765 -- Validation Loss: 0.343 -- Validation ACC: 0.833 -- Validation F1: 0.870
2024-07-16,22:17:05 [INFO] Epoch: 28/30 -- Train Loss: 0.928 -- Validation Loss: 0.301 -- Validation ACC: 0.833 -- Validation F1: 0.870
2024-07-16,22:17:07 [INFO] Epoch: 29/30 -- Train Loss: 0.820 -- Validation Loss: 0.278 -- Validation ACC: 0.889 -- Validation F1: 0.917
2024-07-16,22:17:07 [INFO] Run 1/5: Average Over Last 6 epochs -- Valid ACC: 0.8425925925925926 -- Valid F1-score: 0.8774154384930929
2024-07-16,22:17:07 [INFO] Test Results of Run 1/5: -- Test Loss: 0.739 -- Test ACC: 0.591 -- Test F1: 0.647
2024-07-16,22:17:09 [INFO] Epoch: 0/30 -- Train Loss: 0.592 -- Validation Loss: 0.301 -- Validation ACC: 0.833 -- Validation F1: 0.880
2024-07-16,22:17:24 [INFO] Epoch: 10/30 -- Train Loss: 0.087 -- Validation Loss: 0.405 -- Validation ACC: 0.889 -- Validation F1: 0.929
2024-07-16,22:17:37 [INFO] Epoch: 20/30 -- Train Loss: 0.611 -- Validation Loss: 0.382 -- Validation ACC: 0.833 -- Validation F1: 0.870
2024-07-16,22:17:43 [INFO] Epoch: 24/30 -- Train Loss: 0.197 -- Validation Loss: 0.351 -- Validation ACC: 0.833 -- Validation F1: 0.870
2024-07-16,22:17:45 [INFO] Epoch: 25/30 -- Train Loss: 0.005 -- Validation Loss: 0.316 -- Validation ACC: 0.833 -- Validation F1: 0.870
2024-07-16,22:17:46 [INFO] Epoch: 26/30 -- Train Loss: 0.472 -- Validation Loss: 0.298 -- Validation ACC: 0.833 -- Validation F1: 0.870
2024-07-16,22:17:48 [INFO] Epoch: 27/30 -- Train Loss: 0.254 -- Validation Loss: 0.296 -- Validation ACC: 0.833 -- Validation F1: 0.870
2024-07-16,22:17:50 [INFO] Epoch: 28/30 -- Train Loss: 0.765 -- Validation Loss: 0.290 -- Validation ACC: 0.889 -- Validation F1: 0.917
2024-07-16,22:17:51 [INFO] Epoch: 29/30 -- Train Loss: 0.386 -- Validation Loss: 0.293 -- Validation ACC: 0.833 -- Validation F1: 0.870
2024-07-16,22:17:51 [INFO] Run 2/5: Average Over Last 6 epochs -- Valid ACC: 0.8425925925925926 -- Valid F1-score: 0.8774154384930929
2024-07-16,22:17:52 [INFO] Test Results of Run 2/5: -- Test Loss: 0.745 -- Test ACC: 0.600 -- Test F1: 0.671
2024-07-16,22:17:54 [INFO] Epoch: 0/30 -- Train Loss: 1.046 -- Validation Loss: 0.400 -- Validation ACC: 0.778 -- Validation F1: 0.818
2024-07-16,22:18:07 [INFO] Epoch: 10/30 -- Train Loss: 0.144 -- Validation Loss: 0.360 -- Validation ACC: 0.833 -- Validation F1: 0.870
2024-07-16,22:18:22 [INFO] Epoch: 20/30 -- Train Loss: 0.183 -- Validation Loss: 0.311 -- Validation ACC: 0.833 -- Validation F1: 0.889
2024-07-16,22:18:28 [INFO] Epoch: 24/30 -- Train Loss: 0.386 -- Validation Loss: 0.275 -- Validation ACC: 0.833 -- Validation F1: 0.880
2024-07-16,22:18:29 [INFO] Epoch: 25/30 -- Train Loss: 1.021 -- Validation Loss: 0.287 -- Validation ACC: 0.889 -- Validation F1: 0.917
2024-07-16,22:18:31 [INFO] Epoch: 26/30 -- Train Loss: 0.121 -- Validation Loss: 0.312 -- Validation ACC: 0.889 -- Validation F1: 0.917
2024-07-16,22:18:33 [INFO] Epoch: 27/30 -- Train Loss: 0.453 -- Validation Loss: 0.334 -- Validation ACC: 0.889 -- Validation F1: 0.917
2024-07-16,22:18:34 [INFO] Epoch: 28/30 -- Train Loss: 0.575 -- Validation Loss: 0.357 -- Validation ACC: 0.833 -- Validation F1: 0.870
2024-07-16,22:18:37 [INFO] Epoch: 29/30 -- Train Loss: 0.212 -- Validation Loss: 0.370 -- Validation ACC: 0.833 -- Validation F1: 0.870
2024-07-16,22:18:37 [INFO] Run 3/5: Average Over Last 6 epochs -- Valid ACC: 0.861111111111111 -- Valid F1-score: 0.8948550721009573
2024-07-16,22:18:37 [INFO] Test Results of Run 3/5: -- Test Loss: 0.737 -- Test ACC: 0.565 -- Test F1: 0.583
2024-07-16,22:18:39 [INFO] Epoch: 0/30 -- Train Loss: 0.424 -- Validation Loss: 0.346 -- Validation ACC: 0.833 -- Validation F1: 0.870
2024-07-16,22:18:53 [INFO] Epoch: 10/30 -- Train Loss: 0.995 -- Validation Loss: 0.445 -- Validation ACC: 0.778 -- Validation F1: 0.818
2024-07-16,22:19:07 [INFO] Epoch: 20/30 -- Train Loss: 0.115 -- Validation Loss: 0.337 -- Validation ACC: 0.778 -- Validation F1: 0.833
2024-07-16,22:19:12 [INFO] Epoch: 24/30 -- Train Loss: 0.881 -- Validation Loss: 0.328 -- Validation ACC: 0.833 -- Validation F1: 0.880
2024-07-16,22:19:14 [INFO] Epoch: 25/30 -- Train Loss: 0.114 -- Validation Loss: 0.323 -- Validation ACC: 0.889 -- Validation F1: 0.923
2024-07-16,22:19:16 [INFO] Epoch: 26/30 -- Train Loss: 0.291 -- Validation Loss: 0.320 -- Validation ACC: 0.833 -- Validation F1: 0.880
2024-07-16,22:19:17 [INFO] Epoch: 27/30 -- Train Loss: 0.771 -- Validation Loss: 0.321 -- Validation ACC: 0.833 -- Validation F1: 0.880
2024-07-16,22:19:19 [INFO] Epoch: 28/30 -- Train Loss: 0.484 -- Validation Loss: 0.319 -- Validation ACC: 0.833 -- Validation F1: 0.880
2024-07-16,22:19:21 [INFO] Epoch: 29/30 -- Train Loss: 0.452 -- Validation Loss: 0.313 -- Validation ACC: 0.833 -- Validation F1: 0.880
2024-07-16,22:19:21 [INFO] Run 4/5: Average Over Last 6 epochs -- Valid ACC: 0.8425925925925926 -- Valid F1-score: 0.8871794839700063
2024-07-16,22:19:21 [INFO] Test Results of Run 4/5: -- Test Loss: 0.745 -- Test ACC: 0.600 -- Test F1: 0.671
2024-07-16,22:19:21 [INFO] Validation average after 5 runs -- ACC: 0.837 -- F1-score: 0.876
2024-07-16,22:19:21 [INFO] Test average after 5 runs -- ACC: 0.591 -- F1-score: 0.644
2024-07-16,22:19:21 [INFO] Finished round 7/10 of experiments!
2024-07-16,22:19:21 [INFO] Started round 8/10 of experiments!
2024-07-16,22:19:22 [INFO] Loading previous pretrained model at ./pretrained/GCN_Pretrained_2024-07-01-15-12-47.pth
2024-07-16,22:19:23 [INFO] Pretrained GNN on Source Dataset -- Test Loss: 0.883 -- Test ACC: 0.696 -- Test F1-score: 0.733
2024-07-16,22:19:23 [INFO] Pretrained GNN on Target Dataset Without Prompting: -- Validation Loss: 0.933 -- Validation ACC: 0.833 -- Validation F1-score: 0.889 -- Test Loss: 1.174 -- Test ACC: 0.652 -- Test F1-score: 0.714
2024-07-16,22:19:25 [INFO] Epoch: 0/30 -- Train Loss: 1.155 -- Validation Loss: 1.011 -- Validation ACC: 0.722 -- Validation F1: 0.800
2024-07-16,22:19:39 [INFO] Epoch: 10/30 -- Train Loss: 0.571 -- Validation Loss: 1.094 -- Validation ACC: 0.722 -- Validation F1: 0.815
2024-07-16,22:19:52 [INFO] Epoch: 20/30 -- Train Loss: 0.331 -- Validation Loss: 1.047 -- Validation ACC: 0.778 -- Validation F1: 0.833
2024-07-16,22:19:58 [INFO] Epoch: 24/30 -- Train Loss: 0.495 -- Validation Loss: 1.064 -- Validation ACC: 0.778 -- Validation F1: 0.833
2024-07-16,22:20:00 [INFO] Epoch: 25/30 -- Train Loss: 1.668 -- Validation Loss: 1.044 -- Validation ACC: 0.722 -- Validation F1: 0.800
2024-07-16,22:20:01 [INFO] Epoch: 26/30 -- Train Loss: 0.172 -- Validation Loss: 1.028 -- Validation ACC: 0.722 -- Validation F1: 0.800
2024-07-16,22:20:03 [INFO] Epoch: 27/30 -- Train Loss: 0.110 -- Validation Loss: 1.028 -- Validation ACC: 0.722 -- Validation F1: 0.800
2024-07-16,22:20:04 [INFO] Epoch: 28/30 -- Train Loss: 0.218 -- Validation Loss: 0.999 -- Validation ACC: 0.722 -- Validation F1: 0.800
2024-07-16,22:20:06 [INFO] Epoch: 29/30 -- Train Loss: 0.449 -- Validation Loss: 0.954 -- Validation ACC: 0.722 -- Validation F1: 0.800
2024-07-16,22:20:06 [INFO] Run 0/5: Average Over Last 6 epochs -- Valid ACC: 0.7314814814814815 -- Valid F1-score: 0.8055555621782938
2024-07-16,22:20:07 [INFO] Test Results of Run 0/5: -- Test Loss: 1.297 -- Test ACC: 0.670 -- Test F1: 0.725
2024-07-16,22:20:09 [INFO] Epoch: 0/30 -- Train Loss: 0.380 -- Validation Loss: 1.049 -- Validation ACC: 0.722 -- Validation F1: 0.815
2024-07-16,22:20:22 [INFO] Epoch: 10/30 -- Train Loss: 0.049 -- Validation Loss: 1.057 -- Validation ACC: 0.833 -- Validation F1: 0.880
2024-07-16,22:20:36 [INFO] Epoch: 20/30 -- Train Loss: 0.869 -- Validation Loss: 1.197 -- Validation ACC: 0.722 -- Validation F1: 0.800
2024-07-16,22:20:42 [INFO] Epoch: 24/30 -- Train Loss: 0.338 -- Validation Loss: 1.203 -- Validation ACC: 0.778 -- Validation F1: 0.846
2024-07-16,22:20:43 [INFO] Epoch: 25/30 -- Train Loss: 0.462 -- Validation Loss: 1.184 -- Validation ACC: 0.778 -- Validation F1: 0.846
2024-07-16,22:20:45 [INFO] Epoch: 26/30 -- Train Loss: 0.230 -- Validation Loss: 1.167 -- Validation ACC: 0.833 -- Validation F1: 0.880
2024-07-16,22:20:47 [INFO] Epoch: 27/30 -- Train Loss: 0.089 -- Validation Loss: 1.154 -- Validation ACC: 0.778 -- Validation F1: 0.846
2024-07-16,22:20:49 [INFO] Epoch: 28/30 -- Train Loss: 0.168 -- Validation Loss: 1.156 -- Validation ACC: 0.778 -- Validation F1: 0.846
2024-07-16,22:20:51 [INFO] Epoch: 29/30 -- Train Loss: 0.513 -- Validation Loss: 1.170 -- Validation ACC: 0.778 -- Validation F1: 0.846
2024-07-16,22:20:51 [INFO] Run 1/5: Average Over Last 6 epochs -- Valid ACC: 0.7870370370370371 -- Valid F1-score: 0.8517948786417643
2024-07-16,22:20:52 [INFO] Test Results of Run 1/5: -- Test Loss: 1.367 -- Test ACC: 0.678 -- Test F1: 0.734
2024-07-16,22:20:54 [INFO] Epoch: 0/30 -- Train Loss: 0.605 -- Validation Loss: 0.966 -- Validation ACC: 0.778 -- Validation F1: 0.857
2024-07-16,22:21:07 [INFO] Epoch: 10/30 -- Train Loss: 0.579 -- Validation Loss: 0.911 -- Validation ACC: 0.833 -- Validation F1: 0.889
2024-07-16,22:21:22 [INFO] Epoch: 20/30 -- Train Loss: 0.589 -- Validation Loss: 0.987 -- Validation ACC: 0.833 -- Validation F1: 0.889
2024-07-16,22:21:28 [INFO] Epoch: 24/30 -- Train Loss: 0.347 -- Validation Loss: 1.037 -- Validation ACC: 0.722 -- Validation F1: 0.800
2024-07-16,22:21:30 [INFO] Epoch: 25/30 -- Train Loss: 0.537 -- Validation Loss: 1.067 -- Validation ACC: 0.722 -- Validation F1: 0.800
2024-07-16,22:21:31 [INFO] Epoch: 26/30 -- Train Loss: 0.208 -- Validation Loss: 1.087 -- Validation ACC: 0.722 -- Validation F1: 0.800
2024-07-16,22:21:33 [INFO] Epoch: 27/30 -- Train Loss: 0.130 -- Validation Loss: 1.076 -- Validation ACC: 0.722 -- Validation F1: 0.800
2024-07-16,22:21:35 [INFO] Epoch: 28/30 -- Train Loss: 0.429 -- Validation Loss: 1.051 -- Validation ACC: 0.722 -- Validation F1: 0.800
2024-07-16,22:21:37 [INFO] Epoch: 29/30 -- Train Loss: 0.247 -- Validation Loss: 1.029 -- Validation ACC: 0.722 -- Validation F1: 0.800
2024-07-16,22:21:37 [INFO] Run 2/5: Average Over Last 6 epochs -- Valid ACC: 0.7222222222222222 -- Valid F1-score: 0.800000011920929
2024-07-16,22:21:38 [INFO] Test Results of Run 2/5: -- Test Loss: 1.362 -- Test ACC: 0.661 -- Test F1: 0.702
2024-07-16,22:21:40 [INFO] Epoch: 0/30 -- Train Loss: 0.157 -- Validation Loss: 1.118 -- Validation ACC: 0.833 -- Validation F1: 0.889
2024-07-16,22:21:54 [INFO] Epoch: 10/30 -- Train Loss: 0.000 -- Validation Loss: 1.258 -- Validation ACC: 0.778 -- Validation F1: 0.857
2024-07-16,22:22:08 [INFO] Epoch: 20/30 -- Train Loss: 0.158 -- Validation Loss: 1.217 -- Validation ACC: 0.778 -- Validation F1: 0.857
2024-07-16,22:22:14 [INFO] Epoch: 24/30 -- Train Loss: 0.513 -- Validation Loss: 1.159 -- Validation ACC: 0.667 -- Validation F1: 0.769
2024-07-16,22:22:16 [INFO] Epoch: 25/30 -- Train Loss: 0.541 -- Validation Loss: 1.221 -- Validation ACC: 0.667 -- Validation F1: 0.769
2024-07-16,22:22:17 [INFO] Epoch: 26/30 -- Train Loss: 0.292 -- Validation Loss: 1.314 -- Validation ACC: 0.722 -- Validation F1: 0.815
2024-07-16,22:22:19 [INFO] Epoch: 27/30 -- Train Loss: 0.126 -- Validation Loss: 1.406 -- Validation ACC: 0.778 -- Validation F1: 0.857
2024-07-16,22:22:21 [INFO] Epoch: 28/30 -- Train Loss: 0.209 -- Validation Loss: 1.516 -- Validation ACC: 0.778 -- Validation F1: 0.857
2024-07-16,22:22:23 [INFO] Epoch: 29/30 -- Train Loss: 0.909 -- Validation Loss: 1.587 -- Validation ACC: 0.778 -- Validation F1: 0.857
2024-07-16,22:22:23 [INFO] Run 3/5: Average Over Last 6 epochs -- Valid ACC: 0.7314814814814814 -- Valid F1-score: 0.8207841614882151
2024-07-16,22:22:23 [INFO] Test Results of Run 3/5: -- Test Loss: 1.271 -- Test ACC: 0.670 -- Test F1: 0.747
2024-07-16,22:22:25 [INFO] Epoch: 0/30 -- Train Loss: 0.054 -- Validation Loss: 1.065 -- Validation ACC: 0.778 -- Validation F1: 0.846
2024-07-16,22:22:39 [INFO] Epoch: 10/30 -- Train Loss: 0.017 -- Validation Loss: 1.002 -- Validation ACC: 0.778 -- Validation F1: 0.833
2024-07-16,22:22:53 [INFO] Epoch: 20/30 -- Train Loss: 0.514 -- Validation Loss: 1.188 -- Validation ACC: 0.833 -- Validation F1: 0.889
2024-07-16,22:22:59 [INFO] Epoch: 24/30 -- Train Loss: 0.082 -- Validation Loss: 1.162 -- Validation ACC: 0.778 -- Validation F1: 0.846
2024-07-16,22:23:01 [INFO] Epoch: 25/30 -- Train Loss: 0.468 -- Validation Loss: 1.172 -- Validation ACC: 0.778 -- Validation F1: 0.846
2024-07-16,22:23:03 [INFO] Epoch: 26/30 -- Train Loss: 0.005 -- Validation Loss: 1.168 -- Validation ACC: 0.778 -- Validation F1: 0.846
2024-07-16,22:23:05 [INFO] Epoch: 27/30 -- Train Loss: 0.030 -- Validation Loss: 1.156 -- Validation ACC: 0.778 -- Validation F1: 0.846
2024-07-16,22:23:07 [INFO] Epoch: 28/30 -- Train Loss: 0.250 -- Validation Loss: 1.159 -- Validation ACC: 0.833 -- Validation F1: 0.880
2024-07-16,22:23:09 [INFO] Epoch: 29/30 -- Train Loss: 0.577 -- Validation Loss: 1.159 -- Validation ACC: 0.778 -- Validation F1: 0.833
2024-07-16,22:23:09 [INFO] Run 4/5: Average Over Last 6 epochs -- Valid ACC: 0.7870370370370371 -- Valid F1-score: 0.8496581216653188
2024-07-16,22:23:10 [INFO] Test Results of Run 4/5: -- Test Loss: 1.295 -- Test ACC: 0.670 -- Test F1: 0.721
2024-07-16,22:23:10 [INFO] Validation average after 5 runs -- ACC: 0.752 -- F1-score: 0.826
2024-07-16,22:23:10 [INFO] Test average after 5 runs -- ACC: 0.670 -- F1-score: 0.726
2024-07-16,22:23:10 [INFO] Finished round 8/10 of experiments!
2024-07-16,22:23:10 [INFO] Started round 9/10 of experiments!
2024-07-16,22:23:11 [INFO] Loading previous pretrained model at ./pretrained/GCN_Pretrained_2024-07-01-15-15-13.pth
2024-07-16,22:23:11 [INFO] Pretrained GNN on Source Dataset -- Test Loss: 0.947 -- Test ACC: 0.757 -- Test F1-score: 0.785
2024-07-16,22:23:12 [INFO] Pretrained GNN on Target Dataset Without Prompting: -- Validation Loss: 0.804 -- Validation ACC: 0.722 -- Validation F1-score: 0.762 -- Test Loss: 0.876 -- Test ACC: 0.739 -- Test F1-score: 0.789
2024-07-16,22:23:14 [INFO] Epoch: 0/30 -- Train Loss: 0.444 -- Validation Loss: 0.784 -- Validation ACC: 0.778 -- Validation F1: 0.818
2024-07-16,22:23:28 [INFO] Epoch: 10/30 -- Train Loss: 0.195 -- Validation Loss: 1.117 -- Validation ACC: 0.722 -- Validation F1: 0.762
2024-07-16,22:23:41 [INFO] Epoch: 20/30 -- Train Loss: 0.628 -- Validation Loss: 1.063 -- Validation ACC: 0.667 -- Validation F1: 0.727
2024-07-16,22:23:47 [INFO] Epoch: 24/30 -- Train Loss: 0.021 -- Validation Loss: 1.110 -- Validation ACC: 0.722 -- Validation F1: 0.762
2024-07-16,22:23:49 [INFO] Epoch: 25/30 -- Train Loss: 0.149 -- Validation Loss: 1.053 -- Validation ACC: 0.722 -- Validation F1: 0.762
2024-07-16,22:23:51 [INFO] Epoch: 26/30 -- Train Loss: 0.518 -- Validation Loss: 1.028 -- Validation ACC: 0.722 -- Validation F1: 0.762
2024-07-16,22:23:53 [INFO] Epoch: 27/30 -- Train Loss: 1.331 -- Validation Loss: 0.975 -- Validation ACC: 0.667 -- Validation F1: 0.727
2024-07-16,22:23:55 [INFO] Epoch: 28/30 -- Train Loss: 0.000 -- Validation Loss: 0.941 -- Validation ACC: 0.667 -- Validation F1: 0.727
2024-07-16,22:23:56 [INFO] Epoch: 29/30 -- Train Loss: 0.376 -- Validation Loss: 0.952 -- Validation ACC: 0.722 -- Validation F1: 0.762
2024-07-16,22:23:56 [INFO] Run 0/5: Average Over Last 6 epochs -- Valid ACC: 0.7037037037037036 -- Valid F1-score: 0.7503607670466105
2024-07-16,22:23:57 [INFO] Test Results of Run 0/5: -- Test Loss: 0.953 -- Test ACC: 0.730 -- Test F1: 0.786
2024-07-16,22:23:59 [INFO] Epoch: 0/30 -- Train Loss: 0.109 -- Validation Loss: 1.146 -- Validation ACC: 0.667 -- Validation F1: 0.700
2024-07-16,22:24:13 [INFO] Epoch: 10/30 -- Train Loss: 0.681 -- Validation Loss: 0.892 -- Validation ACC: 0.722 -- Validation F1: 0.783
2024-07-16,22:24:27 [INFO] Epoch: 20/30 -- Train Loss: 0.016 -- Validation Loss: 1.133 -- Validation ACC: 0.667 -- Validation F1: 0.700
2024-07-16,22:24:34 [INFO] Epoch: 24/30 -- Train Loss: 0.100 -- Validation Loss: 0.860 -- Validation ACC: 0.778 -- Validation F1: 0.818
2024-07-16,22:24:36 [INFO] Epoch: 25/30 -- Train Loss: 0.769 -- Validation Loss: 0.846 -- Validation ACC: 0.722 -- Validation F1: 0.783
2024-07-16,22:24:38 [INFO] Epoch: 26/30 -- Train Loss: 0.728 -- Validation Loss: 0.868 -- Validation ACC: 0.667 -- Validation F1: 0.750
2024-07-16,22:24:39 [INFO] Epoch: 27/30 -- Train Loss: 0.199 -- Validation Loss: 0.919 -- Validation ACC: 0.722 -- Validation F1: 0.800
2024-07-16,22:24:41 [INFO] Epoch: 28/30 -- Train Loss: 0.054 -- Validation Loss: 0.877 -- Validation ACC: 0.722 -- Validation F1: 0.800
2024-07-16,22:24:43 [INFO] Epoch: 29/30 -- Train Loss: 1.282 -- Validation Loss: 0.826 -- Validation ACC: 0.722 -- Validation F1: 0.800
2024-07-16,22:24:43 [INFO] Run 1/5: Average Over Last 6 epochs -- Valid ACC: 0.7222222222222222 -- Valid F1-score: 0.7917984227339426
2024-07-16,22:24:43 [INFO] Test Results of Run 1/5: -- Test Loss: 1.052 -- Test ACC: 0.757 -- Test F1: 0.829
2024-07-16,22:24:45 [INFO] Epoch: 0/30 -- Train Loss: 0.234 -- Validation Loss: 0.823 -- Validation ACC: 0.667 -- Validation F1: 0.727
2024-07-16,22:24:55 [INFO] Epoch: 10/30 -- Train Loss: 0.798 -- Validation Loss: 0.972 -- Validation ACC: 0.722 -- Validation F1: 0.762
2024-07-16,22:25:06 [INFO] Epoch: 20/30 -- Train Loss: 0.240 -- Validation Loss: 0.800 -- Validation ACC: 0.722 -- Validation F1: 0.762
2024-07-16,22:25:10 [INFO] Epoch: 24/30 -- Train Loss: 0.008 -- Validation Loss: 0.833 -- Validation ACC: 0.722 -- Validation F1: 0.762
2024-07-16,22:25:11 [INFO] Epoch: 25/30 -- Train Loss: 0.016 -- Validation Loss: 0.870 -- Validation ACC: 0.722 -- Validation F1: 0.762
2024-07-16,22:25:13 [INFO] Epoch: 26/30 -- Train Loss: 0.438 -- Validation Loss: 0.906 -- Validation ACC: 0.722 -- Validation F1: 0.762
2024-07-16,22:25:14 [INFO] Epoch: 27/30 -- Train Loss: 0.304 -- Validation Loss: 0.956 -- Validation ACC: 0.722 -- Validation F1: 0.762
2024-07-16,22:25:15 [INFO] Epoch: 28/30 -- Train Loss: 0.022 -- Validation Loss: 1.009 -- Validation ACC: 0.722 -- Validation F1: 0.762
2024-07-16,22:25:17 [INFO] Epoch: 29/30 -- Train Loss: 0.703 -- Validation Loss: 0.931 -- Validation ACC: 0.722 -- Validation F1: 0.762
2024-07-16,22:25:17 [INFO] Run 2/5: Average Over Last 6 epochs -- Valid ACC: 0.7222222222222222 -- Valid F1-score: 0.761904776096344
2024-07-16,22:25:17 [INFO] Test Results of Run 2/5: -- Test Loss: 0.945 -- Test ACC: 0.730 -- Test F1: 0.780
2024-07-16,22:25:19 [INFO] Epoch: 0/30 -- Train Loss: 0.214 -- Validation Loss: 1.332 -- Validation ACC: 0.611 -- Validation F1: 0.632
2024-07-16,22:25:29 [INFO] Epoch: 10/30 -- Train Loss: 0.074 -- Validation Loss: 0.809 -- Validation ACC: 0.722 -- Validation F1: 0.762
2024-07-16,22:25:39 [INFO] Epoch: 20/30 -- Train Loss: 0.089 -- Validation Loss: 0.844 -- Validation ACC: 0.722 -- Validation F1: 0.762
2024-07-16,22:25:43 [INFO] Epoch: 24/30 -- Train Loss: 0.895 -- Validation Loss: 0.824 -- Validation ACC: 0.778 -- Validation F1: 0.818
2024-07-16,22:25:45 [INFO] Epoch: 25/30 -- Train Loss: 0.084 -- Validation Loss: 0.836 -- Validation ACC: 0.667 -- Validation F1: 0.750
2024-07-16,22:25:46 [INFO] Epoch: 26/30 -- Train Loss: 0.238 -- Validation Loss: 0.845 -- Validation ACC: 0.667 -- Validation F1: 0.750
2024-07-16,22:25:47 [INFO] Epoch: 27/30 -- Train Loss: 0.155 -- Validation Loss: 0.815 -- Validation ACC: 0.778 -- Validation F1: 0.818
2024-07-16,22:25:48 [INFO] Epoch: 28/30 -- Train Loss: 0.047 -- Validation Loss: 0.797 -- Validation ACC: 0.778 -- Validation F1: 0.818
2024-07-16,22:25:50 [INFO] Epoch: 29/30 -- Train Loss: 0.454 -- Validation Loss: 0.802 -- Validation ACC: 0.778 -- Validation F1: 0.818
2024-07-16,22:25:50 [INFO] Run 3/5: Average Over Last 6 epochs -- Valid ACC: 0.7407407407407408 -- Valid F1-score: 0.7954545418421427
2024-07-16,22:25:50 [INFO] Test Results of Run 3/5: -- Test Loss: 0.981 -- Test ACC: 0.704 -- Test F1: 0.757
2024-07-16,22:25:52 [INFO] Epoch: 0/30 -- Train Loss: 0.601 -- Validation Loss: 0.683 -- Validation ACC: 0.778 -- Validation F1: 0.818
2024-07-16,22:26:02 [INFO] Epoch: 10/30 -- Train Loss: 0.719 -- Validation Loss: 0.574 -- Validation ACC: 0.778 -- Validation F1: 0.818
2024-07-16,22:26:12 [INFO] Epoch: 20/30 -- Train Loss: 0.464 -- Validation Loss: 0.434 -- Validation ACC: 0.889 -- Validation F1: 0.917
2024-07-16,22:26:17 [INFO] Epoch: 24/30 -- Train Loss: 0.297 -- Validation Loss: 0.535 -- Validation ACC: 0.778 -- Validation F1: 0.846
2024-07-16,22:26:18 [INFO] Epoch: 25/30 -- Train Loss: 0.485 -- Validation Loss: 0.499 -- Validation ACC: 0.778 -- Validation F1: 0.846
2024-07-16,22:26:19 [INFO] Epoch: 26/30 -- Train Loss: 0.067 -- Validation Loss: 0.488 -- Validation ACC: 0.778 -- Validation F1: 0.846
2024-07-16,22:26:20 [INFO] Epoch: 27/30 -- Train Loss: 0.000 -- Validation Loss: 0.491 -- Validation ACC: 0.778 -- Validation F1: 0.818
2024-07-16,22:26:21 [INFO] Epoch: 28/30 -- Train Loss: 0.726 -- Validation Loss: 0.506 -- Validation ACC: 0.778 -- Validation F1: 0.818
2024-07-16,22:26:22 [INFO] Epoch: 29/30 -- Train Loss: 0.340 -- Validation Loss: 0.532 -- Validation ACC: 0.778 -- Validation F1: 0.818
2024-07-16,22:26:22 [INFO] Run 4/5: Average Over Last 6 epochs -- Valid ACC: 0.7777777777777778 -- Valid F1-score: 0.8321678340435028
2024-07-16,22:26:22 [INFO] Test Results of Run 4/5: -- Test Loss: 1.042 -- Test ACC: 0.765 -- Test F1: 0.819
2024-07-16,22:26:22 [INFO] Validation average after 5 runs -- ACC: 0.733 -- F1-score: 0.786
2024-07-16,22:26:22 [INFO] Test average after 5 runs -- ACC: 0.737 -- F1-score: 0.794
2024-07-16,22:26:22 [INFO] Finished round 9/10 of experiments!
2024-07-16,22:26:22 [INFO] Final results: -- Source Test Acc: 0.703 -- Source Test F1: 0.750 -- Target Valid Acc: 0.711 -- Target Valid F1: 0.770 -- Target Test Acc: 0.686 -- Target Test F1: 0.747 -- Prompt Test Acc: 0.681 -- Prompt Valid Acc: 0.701 -- Prompt Test F1: 0.746 -- Prompt Valid F1: 0.758
2024-07-16,22:26:22 [INFO] Pretrained modela are saved to: ./pretrained/GCN_Pretrained_2024-07-01-14-54-05.pth ./pretrained/GCN_Pretrained_2024-07-01-14-56-23.pth ./pretrained/GCN_Pretrained_2024-07-01-14-58-41.pth ./pretrained/GCN_Pretrained_2024-07-01-15-00-59.pth ./pretrained/GCN_Pretrained_2024-07-01-15-03-17.pth ./pretrained/GCN_Pretrained_2024-07-01-15-05-37.pth ./pretrained/GCN_Pretrained_2024-07-01-15-07-56.pth ./pretrained/GCN_Pretrained_2024-07-01-15-10-20.pth ./pretrained/GCN_Pretrained_2024-07-01-15-12-47.pth ./pretrained/GCN_Pretrained_2024-07-01-15-15-13.pth
