2024-07-16,19:52:59 [INFO] Logging to: ./log/2024-07-16-19-52-59.log
2024-07-16,19:52:59 [INFO] Reading config from: ./config/enzymes.yaml
2024-07-16,19:52:59 [INFO] Namespace(total_iters=10, prompt_method='fix_match', s_dataset='ENZYMES', t_dataset='ENZYMES', prompt_fn='gpf_plus', shift_type='structural', p_shift_intra=0.0, p_shift_inter=0.0, pretrain=True, save_pretrained=False, soft_label=False, add_link_loss=False, attn_with_param=False, empty_pretrained_dir=False, iterative_clustering=False, clutering_iters=3, entropy_div_ratio=3, w_entropy_loss=0.0, w_softmax_loss=0.5, w_domain_loss=0.5, r_reg=0.0, gnn_weight_decay=0.0, weight_decay=0.2, gnn_type='gcn', gnn_num_layers=3, pretrained_path=['./pretrained/GCN_Pretrained_2024-06-26-12-38-23.pth', './pretrained/GCN_Pretrained_2024-06-26-12-40-56.pth', './pretrained/GCN_Pretrained_2024-06-26-12-43-30.pth', './pretrained/GCN_Pretrained_2024-06-26-12-46-04.pth', './pretrained/GCN_Pretrained_2024-06-26-12-48-38.pth', './pretrained/GCN_Pretrained_2024-06-26-12-51-12.pth', './pretrained/GCN_Pretrained_2024-06-26-12-53-46.pth', './pretrained/GCN_Pretrained_2024-06-26-12-56-52.pth', './pretrained/GCN_Pretrained_2024-06-26-13-00-35.pth', './pretrained/GCN_Pretrained_2024-06-26-13-03-54.pth'], gnn_n_epochs=150, gnn_eval_step=10, gnn_h_dim=512, gnn_lr=0.01, gnn_step_size=50, gnn_gamma=0.5, gnn_batch_size=64, gnn_dropout=0.4, n_epochs=20, eval_step=10, h_dim=512, lr=0.01, step_size=50, gamma=0.5, batch_size=64, num_tokens=-1, src_ratio=0.5, dropout=0.3, cut_off=0.1, aug_type='feature', light_aug_prob=0.1, light_aug_mode='mask', pos_aug_mode='arbitrary', neg_aug_mode='arbitrary', noise_cov_scale=1.0, noise_mean_shift=1.0, noise_shift_mode='homophily', noise_select_mode='soft', cross_prune=0.8, inner_prune=0.3, num_runs=5, p_raug=0.15, n_raug=0.15, s_split=[0.65, 0.3], t_split=[0.65, 0.3], seed=[4450, 3973, 2606, 1194, 3518, 4848, 2772, 4543, 1290, 3726], config_from_file='./config/enzymes.yaml', config_to_file='', label_reduction=0.0)
2024-07-16,19:52:59 [INFO] ####################################################################################################
2024-07-16,19:52:59 [INFO] Args seeds: [4450, 3973, 2606, 1194, 3518, 4848, 2772, 4543, 1290, 3726]
2024-07-16,19:52:59 [INFO] Source Dataset: ENZYMES, Target Dataset: ENZYMES. Training, Test: Source: [0.65, 0.3], Target: [0.65, 0.3] -- Batch size: 64
2024-07-16,19:52:59 [INFO] All input pretrained paths: ['./pretrained/GCN_Pretrained_2024-06-26-12-38-23.pth', './pretrained/GCN_Pretrained_2024-06-26-12-40-56.pth', './pretrained/GCN_Pretrained_2024-06-26-12-43-30.pth', './pretrained/GCN_Pretrained_2024-06-26-12-46-04.pth', './pretrained/GCN_Pretrained_2024-06-26-12-48-38.pth', './pretrained/GCN_Pretrained_2024-06-26-12-51-12.pth', './pretrained/GCN_Pretrained_2024-06-26-12-53-46.pth', './pretrained/GCN_Pretrained_2024-06-26-12-56-52.pth', './pretrained/GCN_Pretrained_2024-06-26-13-00-35.pth', './pretrained/GCN_Pretrained_2024-06-26-13-03-54.pth']
2024-07-16,19:52:59 [INFO] Started round 0/10 of experiments!
2024-07-16,19:52:59 [INFO] Setting for pretraining: Model: {'gnn_type': 'gcn', 'in_channels': 21, 'hidden_channels': 512, 'out_channels': 6, 'num_layers': 3, 'dropout': 0.4, 'with_bn': False, 'with_head': True} -- Optimizer: {'lr': 0.01, 'scheduler_step_size': 50, 'scheduler_gamma': 0.5, 'weight_decay': 0.0} -- Training: {'n_epochs': 150}
2024-07-16,19:52:59 [INFO] Loading previous pretrained model at ./pretrained/GCN_Pretrained_2024-06-26-12-38-23.pth
2024-07-16,19:52:59 [INFO] Prompting method: fix_match -- Setting: Prompting function: gpf_plus -- Target Dataset: ENZYMES
2024-07-16,19:52:59 [INFO] Setting for prompt tuning: Prompt: {'emb_dim': 21, 'h_dim': 512, 'output_dim': 21, 'prompt_fn': 'gpf_plus', 'token_num': 34, 'cross_prune': 0.8, 'inner_prune': 0.3, 'attn_with_param': False} -- Pretrained Model: {'gnn_type': 'gcn', 'in_channels': 21, 'hidden_channels': 512, 'out_channels': 6, 'num_layers': 3, 'dropout': 0.4, 'with_bn': False, 'with_head': True} -- Optimizer: {'lr': 0.01, 'scheduler_step_size': 50, 'scheduler_gamma': 0.5, 'weight_decay': 0.2} -- Training: {'aug_type': 'feature', 'pos_aug_mode': 'arbitrary', 'p_raug': 0.15, 'n_epochs': 20, 'r_reg': 0.0, 'soft_label': False, 'clutering_iters': 3, 'iterative_clustering': False, 'entropy_div_ratio': 3, 'w_entropy_loss': 0.0, 'w_softmax_loss': 0.5, 'w_domain_loss': 0.5, 'light_aug_prob': 0.1, 'light_aug_mode': 'mask', 'num_classes': 6, 'cut_off': 0.1}
2024-07-16,19:52:59 [INFO] Prompt tuning started: Num runs: 5 -- Eval step: 10
2024-07-16,19:53:00 [INFO] Pretrained GNN on Source Dataset -- Test Loss: 2.062 -- Test ACC: 0.411 -- Test F1-score: 0.408
2024-07-16,19:53:00 [INFO] Pretrained GNN on Target Dataset Without Prompting: -- Validation Loss: 2.553 -- Validation ACC: 0.600 -- Validation F1-score: 0.483 -- Test Loss: 2.439 -- Test ACC: 0.400 -- Test F1-score: 0.408
2024-07-16,19:53:01 [INFO] Epoch: 0/20 -- Train Loss: 0.594 -- Validation Loss: 2.733 -- Validation ACC: 0.600 -- Validation F1: 0.477
2024-07-16,19:53:05 [INFO] Epoch: 10/20 -- Train Loss: 1.863 -- Validation Loss: 2.488 -- Validation ACC: 0.533 -- Validation F1: 0.461
2024-07-16,19:53:08 [INFO] Epoch: 14/20 -- Train Loss: 0.301 -- Validation Loss: 2.489 -- Validation ACC: 0.600 -- Validation F1: 0.483
2024-07-16,19:53:08 [INFO] Epoch: 15/20 -- Train Loss: 0.407 -- Validation Loss: 2.517 -- Validation ACC: 0.600 -- Validation F1: 0.483
2024-07-16,19:53:09 [INFO] Epoch: 16/20 -- Train Loss: -0.013 -- Validation Loss: 2.539 -- Validation ACC: 0.600 -- Validation F1: 0.483
2024-07-16,19:53:09 [INFO] Epoch: 17/20 -- Train Loss: 0.320 -- Validation Loss: 2.537 -- Validation ACC: 0.600 -- Validation F1: 0.483
2024-07-16,19:53:10 [INFO] Epoch: 18/20 -- Train Loss: 0.413 -- Validation Loss: 2.544 -- Validation ACC: 0.600 -- Validation F1: 0.483
2024-07-16,19:53:11 [INFO] Epoch: 19/20 -- Train Loss: 0.132 -- Validation Loss: 2.542 -- Validation ACC: 0.600 -- Validation F1: 0.483
2024-07-16,19:53:11 [INFO] Run 0/5: Average Over Last 6 epochs -- Valid ACC: 0.6 -- Valid F1-score: 0.4833333492279053
2024-07-16,19:53:11 [INFO] Test Results of Run 0/5: -- Test Loss: 2.420 -- Test ACC: 0.411 -- Test F1: 0.422
2024-07-16,19:53:12 [INFO] Epoch: 0/20 -- Train Loss: 0.545 -- Validation Loss: 2.694 -- Validation ACC: 0.533 -- Validation F1: 0.489
2024-07-16,19:53:16 [INFO] Epoch: 10/20 -- Train Loss: 0.662 -- Validation Loss: 2.617 -- Validation ACC: 0.600 -- Validation F1: 0.483
2024-07-16,19:53:18 [INFO] Epoch: 14/20 -- Train Loss: 0.988 -- Validation Loss: 2.567 -- Validation ACC: 0.600 -- Validation F1: 0.483
2024-07-16,19:53:19 [INFO] Epoch: 15/20 -- Train Loss: 0.353 -- Validation Loss: 2.567 -- Validation ACC: 0.600 -- Validation F1: 0.483
2024-07-16,19:53:19 [INFO] Epoch: 16/20 -- Train Loss: 0.482 -- Validation Loss: 2.564 -- Validation ACC: 0.533 -- Validation F1: 0.461
2024-07-16,19:53:20 [INFO] Epoch: 17/20 -- Train Loss: 0.232 -- Validation Loss: 2.565 -- Validation ACC: 0.533 -- Validation F1: 0.461
2024-07-16,19:53:20 [INFO] Epoch: 18/20 -- Train Loss: 0.111 -- Validation Loss: 2.563 -- Validation ACC: 0.533 -- Validation F1: 0.461
2024-07-16,19:53:21 [INFO] Epoch: 19/20 -- Train Loss: 0.451 -- Validation Loss: 2.555 -- Validation ACC: 0.533 -- Validation F1: 0.461
2024-07-16,19:53:21 [INFO] Run 1/5: Average Over Last 6 epochs -- Valid ACC: 0.5555555555555555 -- Valid F1-score: 0.46851853529612225
2024-07-16,19:53:22 [INFO] Test Results of Run 1/5: -- Test Loss: 2.456 -- Test ACC: 0.400 -- Test F1: 0.409
2024-07-16,19:53:22 [INFO] Epoch: 0/20 -- Train Loss: 0.318 -- Validation Loss: 2.609 -- Validation ACC: 0.533 -- Validation F1: 0.461
2024-07-16,19:53:26 [INFO] Epoch: 10/20 -- Train Loss: 0.104 -- Validation Loss: 2.517 -- Validation ACC: 0.600 -- Validation F1: 0.483
2024-07-16,19:53:28 [INFO] Epoch: 14/20 -- Train Loss: 0.435 -- Validation Loss: 2.510 -- Validation ACC: 0.600 -- Validation F1: 0.483
2024-07-16,19:53:29 [INFO] Epoch: 15/20 -- Train Loss: 0.292 -- Validation Loss: 2.523 -- Validation ACC: 0.600 -- Validation F1: 0.483
2024-07-16,19:53:30 [INFO] Epoch: 16/20 -- Train Loss: 0.110 -- Validation Loss: 2.525 -- Validation ACC: 0.533 -- Validation F1: 0.461
2024-07-16,19:53:30 [INFO] Epoch: 17/20 -- Train Loss: 0.195 -- Validation Loss: 2.519 -- Validation ACC: 0.600 -- Validation F1: 0.483
2024-07-16,19:53:31 [INFO] Epoch: 18/20 -- Train Loss: 0.250 -- Validation Loss: 2.510 -- Validation ACC: 0.600 -- Validation F1: 0.483
2024-07-16,19:53:32 [INFO] Epoch: 19/20 -- Train Loss: 0.592 -- Validation Loss: 2.515 -- Validation ACC: 0.600 -- Validation F1: 0.483
2024-07-16,19:53:32 [INFO] Run 2/5: Average Over Last 6 epochs -- Valid ACC: 0.5888888888888889 -- Valid F1-score: 0.47962964574495953
2024-07-16,19:53:32 [INFO] Test Results of Run 2/5: -- Test Loss: 2.441 -- Test ACC: 0.422 -- Test F1: 0.434
2024-07-16,19:53:33 [INFO] Epoch: 0/20 -- Train Loss: 0.049 -- Validation Loss: 2.666 -- Validation ACC: 0.533 -- Validation F1: 0.478
2024-07-16,19:53:37 [INFO] Epoch: 10/20 -- Train Loss: 1.191 -- Validation Loss: 2.494 -- Validation ACC: 0.533 -- Validation F1: 0.461
2024-07-16,19:53:39 [INFO] Epoch: 14/20 -- Train Loss: 0.090 -- Validation Loss: 2.531 -- Validation ACC: 0.600 -- Validation F1: 0.483
2024-07-16,19:53:40 [INFO] Epoch: 15/20 -- Train Loss: 0.232 -- Validation Loss: 2.509 -- Validation ACC: 0.600 -- Validation F1: 0.483
2024-07-16,19:53:40 [INFO] Epoch: 16/20 -- Train Loss: 0.657 -- Validation Loss: 2.489 -- Validation ACC: 0.600 -- Validation F1: 0.483
2024-07-16,19:53:41 [INFO] Epoch: 17/20 -- Train Loss: 0.255 -- Validation Loss: 2.486 -- Validation ACC: 0.600 -- Validation F1: 0.483
2024-07-16,19:53:41 [INFO] Epoch: 18/20 -- Train Loss: 0.227 -- Validation Loss: 2.483 -- Validation ACC: 0.600 -- Validation F1: 0.483
2024-07-16,19:53:42 [INFO] Epoch: 19/20 -- Train Loss: 0.545 -- Validation Loss: 2.470 -- Validation ACC: 0.600 -- Validation F1: 0.483
2024-07-16,19:53:42 [INFO] Run 3/5: Average Over Last 6 epochs -- Valid ACC: 0.6 -- Valid F1-score: 0.4833333492279053
2024-07-16,19:53:42 [INFO] Test Results of Run 3/5: -- Test Loss: 2.464 -- Test ACC: 0.411 -- Test F1: 0.427
2024-07-16,19:53:43 [INFO] Epoch: 0/20 -- Train Loss: 0.633 -- Validation Loss: 2.587 -- Validation ACC: 0.600 -- Validation F1: 0.461
2024-07-16,19:53:47 [INFO] Epoch: 10/20 -- Train Loss: 0.441 -- Validation Loss: 2.529 -- Validation ACC: 0.600 -- Validation F1: 0.483
2024-07-16,19:53:49 [INFO] Epoch: 14/20 -- Train Loss: 0.063 -- Validation Loss: 2.541 -- Validation ACC: 0.600 -- Validation F1: 0.483
2024-07-16,19:53:50 [INFO] Epoch: 15/20 -- Train Loss: 0.426 -- Validation Loss: 2.545 -- Validation ACC: 0.600 -- Validation F1: 0.483
2024-07-16,19:53:51 [INFO] Epoch: 16/20 -- Train Loss: -0.010 -- Validation Loss: 2.541 -- Validation ACC: 0.600 -- Validation F1: 0.483
2024-07-16,19:53:51 [INFO] Epoch: 17/20 -- Train Loss: 0.749 -- Validation Loss: 2.546 -- Validation ACC: 0.600 -- Validation F1: 0.483
2024-07-16,19:53:52 [INFO] Epoch: 18/20 -- Train Loss: 0.245 -- Validation Loss: 2.571 -- Validation ACC: 0.600 -- Validation F1: 0.483
2024-07-16,19:53:53 [INFO] Epoch: 19/20 -- Train Loss: 0.123 -- Validation Loss: 2.573 -- Validation ACC: 0.600 -- Validation F1: 0.483
2024-07-16,19:53:53 [INFO] Run 4/5: Average Over Last 6 epochs -- Valid ACC: 0.6 -- Valid F1-score: 0.4833333492279053
2024-07-16,19:53:53 [INFO] Test Results of Run 4/5: -- Test Loss: 2.420 -- Test ACC: 0.411 -- Test F1: 0.417
2024-07-16,19:53:53 [INFO] Validation average after 5 runs -- ACC: 0.589 -- F1-score: 0.480
2024-07-16,19:53:53 [INFO] Test average after 5 runs -- ACC: 0.411 -- F1-score: 0.422
2024-07-16,19:53:53 [INFO] Finished round 0/10 of experiments!
2024-07-16,19:53:53 [INFO] Started round 1/10 of experiments!
2024-07-16,19:53:53 [INFO] Loading previous pretrained model at ./pretrained/GCN_Pretrained_2024-06-26-12-40-56.pth
2024-07-16,19:53:54 [INFO] Pretrained GNN on Source Dataset -- Test Loss: 2.723 -- Test ACC: 0.456 -- Test F1-score: 0.476
2024-07-16,19:53:54 [INFO] Pretrained GNN on Target Dataset Without Prompting: -- Validation Loss: 2.568 -- Validation ACC: 0.400 -- Validation F1-score: 0.314 -- Test Loss: 2.539 -- Test ACC: 0.533 -- Test F1-score: 0.530
2024-07-16,19:53:55 [INFO] Epoch: 0/20 -- Train Loss: 0.518 -- Validation Loss: 2.864 -- Validation ACC: 0.267 -- Validation F1: 0.210
2024-07-16,19:54:00 [INFO] Epoch: 10/20 -- Train Loss: -0.015 -- Validation Loss: 2.545 -- Validation ACC: 0.333 -- Validation F1: 0.284
2024-07-16,19:54:02 [INFO] Epoch: 14/20 -- Train Loss: 0.001 -- Validation Loss: 2.629 -- Validation ACC: 0.333 -- Validation F1: 0.270
2024-07-16,19:54:02 [INFO] Epoch: 15/20 -- Train Loss: 0.181 -- Validation Loss: 2.620 -- Validation ACC: 0.333 -- Validation F1: 0.270
2024-07-16,19:54:03 [INFO] Epoch: 16/20 -- Train Loss: 0.108 -- Validation Loss: 2.585 -- Validation ACC: 0.333 -- Validation F1: 0.276
2024-07-16,19:54:04 [INFO] Epoch: 17/20 -- Train Loss: 0.385 -- Validation Loss: 2.547 -- Validation ACC: 0.333 -- Validation F1: 0.276
2024-07-16,19:54:04 [INFO] Epoch: 18/20 -- Train Loss: -0.169 -- Validation Loss: 2.516 -- Validation ACC: 0.333 -- Validation F1: 0.284
2024-07-16,19:54:05 [INFO] Epoch: 19/20 -- Train Loss: -0.012 -- Validation Loss: 2.490 -- Validation ACC: 0.333 -- Validation F1: 0.284
2024-07-16,19:54:05 [INFO] Run 0/5: Average Over Last 6 epochs -- Valid ACC: 0.3333333333333333 -- Valid F1-score: 0.2768518626689911
2024-07-16,19:54:05 [INFO] Test Results of Run 0/5: -- Test Loss: 2.512 -- Test ACC: 0.544 -- Test F1: 0.541
2024-07-16,19:54:06 [INFO] Epoch: 0/20 -- Train Loss: 2.386 -- Validation Loss: 2.475 -- Validation ACC: 0.267 -- Validation F1: 0.217
2024-07-16,19:54:10 [INFO] Epoch: 10/20 -- Train Loss: 0.179 -- Validation Loss: 2.448 -- Validation ACC: 0.333 -- Validation F1: 0.284
2024-07-16,19:54:12 [INFO] Epoch: 14/20 -- Train Loss: 0.354 -- Validation Loss: 2.553 -- Validation ACC: 0.333 -- Validation F1: 0.284
2024-07-16,19:54:13 [INFO] Epoch: 15/20 -- Train Loss: -0.120 -- Validation Loss: 2.561 -- Validation ACC: 0.333 -- Validation F1: 0.276
2024-07-16,19:54:14 [INFO] Epoch: 16/20 -- Train Loss: 0.370 -- Validation Loss: 2.553 -- Validation ACC: 0.333 -- Validation F1: 0.284
2024-07-16,19:54:14 [INFO] Epoch: 17/20 -- Train Loss: -0.157 -- Validation Loss: 2.521 -- Validation ACC: 0.333 -- Validation F1: 0.284
2024-07-16,19:54:15 [INFO] Epoch: 18/20 -- Train Loss: -0.043 -- Validation Loss: 2.510 -- Validation ACC: 0.333 -- Validation F1: 0.284
2024-07-16,19:54:15 [INFO] Epoch: 19/20 -- Train Loss: 0.581 -- Validation Loss: 2.495 -- Validation ACC: 0.333 -- Validation F1: 0.284
2024-07-16,19:54:15 [INFO] Run 1/5: Average Over Last 6 epochs -- Valid ACC: 0.3333333333333333 -- Valid F1-score: 0.2828042457501094
2024-07-16,19:54:16 [INFO] Test Results of Run 1/5: -- Test Loss: 2.510 -- Test ACC: 0.544 -- Test F1: 0.541
2024-07-16,19:54:16 [INFO] Epoch: 0/20 -- Train Loss: 1.055 -- Validation Loss: 2.924 -- Validation ACC: 0.333 -- Validation F1: 0.276
2024-07-16,19:54:21 [INFO] Epoch: 10/20 -- Train Loss: 1.687 -- Validation Loss: 2.493 -- Validation ACC: 0.333 -- Validation F1: 0.284
2024-07-16,19:54:23 [INFO] Epoch: 14/20 -- Train Loss: 1.016 -- Validation Loss: 2.388 -- Validation ACC: 0.333 -- Validation F1: 0.284
2024-07-16,19:54:24 [INFO] Epoch: 15/20 -- Train Loss: 1.977 -- Validation Loss: 2.441 -- Validation ACC: 0.400 -- Validation F1: 0.314
2024-07-16,19:54:24 [INFO] Epoch: 16/20 -- Train Loss: 1.025 -- Validation Loss: 2.469 -- Validation ACC: 0.400 -- Validation F1: 0.314
2024-07-16,19:54:25 [INFO] Epoch: 17/20 -- Train Loss: 0.177 -- Validation Loss: 2.481 -- Validation ACC: 0.400 -- Validation F1: 0.314
2024-07-16,19:54:26 [INFO] Epoch: 18/20 -- Train Loss: 0.565 -- Validation Loss: 2.486 -- Validation ACC: 0.400 -- Validation F1: 0.314
2024-07-16,19:54:26 [INFO] Epoch: 19/20 -- Train Loss: 0.532 -- Validation Loss: 2.504 -- Validation ACC: 0.400 -- Validation F1: 0.314
2024-07-16,19:54:26 [INFO] Run 2/5: Average Over Last 6 epochs -- Valid ACC: 0.38888888888888884 -- Valid F1-score: 0.30892856419086456
2024-07-16,19:54:27 [INFO] Test Results of Run 2/5: -- Test Loss: 2.539 -- Test ACC: 0.522 -- Test F1: 0.513
2024-07-16,19:54:27 [INFO] Epoch: 0/20 -- Train Loss: 0.242 -- Validation Loss: 3.001 -- Validation ACC: 0.333 -- Validation F1: 0.276
2024-07-16,19:54:32 [INFO] Epoch: 10/20 -- Train Loss: 0.483 -- Validation Loss: 2.583 -- Validation ACC: 0.333 -- Validation F1: 0.276
2024-07-16,19:54:34 [INFO] Epoch: 14/20 -- Train Loss: -0.051 -- Validation Loss: 2.473 -- Validation ACC: 0.333 -- Validation F1: 0.284
2024-07-16,19:54:35 [INFO] Epoch: 15/20 -- Train Loss: 0.365 -- Validation Loss: 2.451 -- Validation ACC: 0.333 -- Validation F1: 0.284
2024-07-16,19:54:36 [INFO] Epoch: 16/20 -- Train Loss: 0.562 -- Validation Loss: 2.411 -- Validation ACC: 0.333 -- Validation F1: 0.284
2024-07-16,19:54:36 [INFO] Epoch: 17/20 -- Train Loss: 0.108 -- Validation Loss: 2.418 -- Validation ACC: 0.333 -- Validation F1: 0.284
2024-07-16,19:54:37 [INFO] Epoch: 18/20 -- Train Loss: 0.440 -- Validation Loss: 2.473 -- Validation ACC: 0.333 -- Validation F1: 0.284
2024-07-16,19:54:38 [INFO] Epoch: 19/20 -- Train Loss: 0.330 -- Validation Loss: 2.568 -- Validation ACC: 0.333 -- Validation F1: 0.276
2024-07-16,19:54:38 [INFO] Run 3/5: Average Over Last 6 epochs -- Valid ACC: 0.3333333333333333 -- Valid F1-score: 0.2828042457501094
2024-07-16,19:54:38 [INFO] Test Results of Run 3/5: -- Test Loss: 2.554 -- Test ACC: 0.544 -- Test F1: 0.542
2024-07-16,19:54:39 [INFO] Epoch: 0/20 -- Train Loss: 0.743 -- Validation Loss: 2.478 -- Validation ACC: 0.400 -- Validation F1: 0.331
2024-07-16,19:54:43 [INFO] Epoch: 10/20 -- Train Loss: 1.848 -- Validation Loss: 2.482 -- Validation ACC: 0.333 -- Validation F1: 0.284
2024-07-16,19:54:45 [INFO] Epoch: 14/20 -- Train Loss: -0.105 -- Validation Loss: 2.467 -- Validation ACC: 0.333 -- Validation F1: 0.284
2024-07-16,19:54:46 [INFO] Epoch: 15/20 -- Train Loss: -0.127 -- Validation Loss: 2.503 -- Validation ACC: 0.333 -- Validation F1: 0.276
2024-07-16,19:54:46 [INFO] Epoch: 16/20 -- Train Loss: 0.642 -- Validation Loss: 2.531 -- Validation ACC: 0.333 -- Validation F1: 0.276
2024-07-16,19:54:47 [INFO] Epoch: 17/20 -- Train Loss: 0.655 -- Validation Loss: 2.527 -- Validation ACC: 0.333 -- Validation F1: 0.276
2024-07-16,19:54:48 [INFO] Epoch: 18/20 -- Train Loss: 0.697 -- Validation Loss: 2.479 -- Validation ACC: 0.333 -- Validation F1: 0.284
2024-07-16,19:54:49 [INFO] Epoch: 19/20 -- Train Loss: 0.020 -- Validation Loss: 2.446 -- Validation ACC: 0.333 -- Validation F1: 0.284
2024-07-16,19:54:49 [INFO] Run 4/5: Average Over Last 6 epochs -- Valid ACC: 0.3333333333333333 -- Valid F1-score: 0.28015874326229095
2024-07-16,19:54:49 [INFO] Test Results of Run 4/5: -- Test Loss: 2.462 -- Test ACC: 0.533 -- Test F1: 0.530
2024-07-16,19:54:49 [INFO] Validation average after 5 runs -- ACC: 0.344 -- F1-score: 0.286
2024-07-16,19:54:49 [INFO] Test average after 5 runs -- ACC: 0.538 -- F1-score: 0.533
2024-07-16,19:54:49 [INFO] Finished round 1/10 of experiments!
2024-07-16,19:54:49 [INFO] Started round 2/10 of experiments!
2024-07-16,19:54:49 [INFO] Loading previous pretrained model at ./pretrained/GCN_Pretrained_2024-06-26-12-43-30.pth
2024-07-16,19:54:50 [INFO] Pretrained GNN on Source Dataset -- Test Loss: 2.567 -- Test ACC: 0.456 -- Test F1-score: 0.472
2024-07-16,19:54:50 [INFO] Pretrained GNN on Target Dataset Without Prompting: -- Validation Loss: 4.542 -- Validation ACC: 0.267 -- Validation F1-score: 0.194 -- Test Loss: 2.793 -- Test ACC: 0.556 -- Test F1-score: 0.546
2024-07-16,19:54:51 [INFO] Epoch: 0/20 -- Train Loss: 0.573 -- Validation Loss: 4.799 -- Validation ACC: 0.267 -- Validation F1: 0.194
2024-07-16,19:54:55 [INFO] Epoch: 10/20 -- Train Loss: 2.124 -- Validation Loss: 4.426 -- Validation ACC: 0.267 -- Validation F1: 0.183
2024-07-16,19:54:57 [INFO] Epoch: 14/20 -- Train Loss: 0.299 -- Validation Loss: 4.244 -- Validation ACC: 0.267 -- Validation F1: 0.183
2024-07-16,19:54:58 [INFO] Epoch: 15/20 -- Train Loss: 0.460 -- Validation Loss: 4.284 -- Validation ACC: 0.267 -- Validation F1: 0.183
2024-07-16,19:54:59 [INFO] Epoch: 16/20 -- Train Loss: 0.640 -- Validation Loss: 4.347 -- Validation ACC: 0.267 -- Validation F1: 0.183
2024-07-16,19:54:59 [INFO] Epoch: 17/20 -- Train Loss: -0.073 -- Validation Loss: 4.363 -- Validation ACC: 0.267 -- Validation F1: 0.183
2024-07-16,19:55:00 [INFO] Epoch: 18/20 -- Train Loss: -0.227 -- Validation Loss: 4.449 -- Validation ACC: 0.267 -- Validation F1: 0.183
2024-07-16,19:55:01 [INFO] Epoch: 19/20 -- Train Loss: 4.290 -- Validation Loss: 4.494 -- Validation ACC: 0.267 -- Validation F1: 0.183
2024-07-16,19:55:01 [INFO] Run 0/5: Average Over Last 6 epochs -- Valid ACC: 0.26666666666666666 -- Valid F1-score: 0.18333333730697632
2024-07-16,19:55:01 [INFO] Test Results of Run 0/5: -- Test Loss: 2.551 -- Test ACC: 0.522 -- Test F1: 0.504
2024-07-16,19:55:02 [INFO] Epoch: 0/20 -- Train Loss: 0.674 -- Validation Loss: 4.554 -- Validation ACC: 0.267 -- Validation F1: 0.194
2024-07-16,19:55:06 [INFO] Epoch: 10/20 -- Train Loss: 0.989 -- Validation Loss: 4.422 -- Validation ACC: 0.267 -- Validation F1: 0.183
2024-07-16,19:55:08 [INFO] Epoch: 14/20 -- Train Loss: 0.004 -- Validation Loss: 4.384 -- Validation ACC: 0.267 -- Validation F1: 0.194
2024-07-16,19:55:09 [INFO] Epoch: 15/20 -- Train Loss: 0.435 -- Validation Loss: 4.412 -- Validation ACC: 0.267 -- Validation F1: 0.194
2024-07-16,19:55:09 [INFO] Epoch: 16/20 -- Train Loss: 0.054 -- Validation Loss: 4.446 -- Validation ACC: 0.267 -- Validation F1: 0.194
2024-07-16,19:55:10 [INFO] Epoch: 17/20 -- Train Loss: 2.734 -- Validation Loss: 4.390 -- Validation ACC: 0.267 -- Validation F1: 0.194
2024-07-16,19:55:11 [INFO] Epoch: 18/20 -- Train Loss: 0.024 -- Validation Loss: 4.274 -- Validation ACC: 0.267 -- Validation F1: 0.194
2024-07-16,19:55:11 [INFO] Epoch: 19/20 -- Train Loss: 0.190 -- Validation Loss: 4.265 -- Validation ACC: 0.267 -- Validation F1: 0.194
2024-07-16,19:55:11 [INFO] Run 1/5: Average Over Last 6 epochs -- Valid ACC: 0.26666666666666666 -- Valid F1-score: 0.1944444477558136
2024-07-16,19:55:11 [INFO] Test Results of Run 1/5: -- Test Loss: 2.742 -- Test ACC: 0.511 -- Test F1: 0.500
2024-07-16,19:55:12 [INFO] Epoch: 0/20 -- Train Loss: 1.314 -- Validation Loss: 5.037 -- Validation ACC: 0.267 -- Validation F1: 0.178
2024-07-16,19:55:17 [INFO] Epoch: 10/20 -- Train Loss: -0.016 -- Validation Loss: 4.360 -- Validation ACC: 0.267 -- Validation F1: 0.194
2024-07-16,19:55:19 [INFO] Epoch: 14/20 -- Train Loss: 0.784 -- Validation Loss: 4.324 -- Validation ACC: 0.267 -- Validation F1: 0.183
2024-07-16,19:55:19 [INFO] Epoch: 15/20 -- Train Loss: -0.015 -- Validation Loss: 4.368 -- Validation ACC: 0.267 -- Validation F1: 0.183
2024-07-16,19:55:20 [INFO] Epoch: 16/20 -- Train Loss: -0.042 -- Validation Loss: 4.398 -- Validation ACC: 0.267 -- Validation F1: 0.167
2024-07-16,19:55:20 [INFO] Epoch: 17/20 -- Train Loss: -0.217 -- Validation Loss: 4.416 -- Validation ACC: 0.267 -- Validation F1: 0.167
2024-07-16,19:55:21 [INFO] Epoch: 18/20 -- Train Loss: 0.227 -- Validation Loss: 4.415 -- Validation ACC: 0.267 -- Validation F1: 0.183
2024-07-16,19:55:22 [INFO] Epoch: 19/20 -- Train Loss: 0.562 -- Validation Loss: 4.388 -- Validation ACC: 0.267 -- Validation F1: 0.183
2024-07-16,19:55:22 [INFO] Run 2/5: Average Over Last 6 epochs -- Valid ACC: 0.26666666666666666 -- Valid F1-score: 0.17777778208255768
2024-07-16,19:55:22 [INFO] Test Results of Run 2/5: -- Test Loss: 2.577 -- Test ACC: 0.522 -- Test F1: 0.502
2024-07-16,19:55:23 [INFO] Epoch: 0/20 -- Train Loss: 2.162 -- Validation Loss: 4.130 -- Validation ACC: 0.267 -- Validation F1: 0.208
2024-07-16,19:55:27 [INFO] Epoch: 10/20 -- Train Loss: 1.064 -- Validation Loss: 4.291 -- Validation ACC: 0.267 -- Validation F1: 0.183
2024-07-16,19:55:29 [INFO] Epoch: 14/20 -- Train Loss: 0.037 -- Validation Loss: 4.297 -- Validation ACC: 0.267 -- Validation F1: 0.183
2024-07-16,19:55:30 [INFO] Epoch: 15/20 -- Train Loss: 1.407 -- Validation Loss: 4.317 -- Validation ACC: 0.267 -- Validation F1: 0.183
2024-07-16,19:55:31 [INFO] Epoch: 16/20 -- Train Loss: 1.139 -- Validation Loss: 4.434 -- Validation ACC: 0.267 -- Validation F1: 0.183
2024-07-16,19:55:32 [INFO] Epoch: 17/20 -- Train Loss: -0.035 -- Validation Loss: 4.594 -- Validation ACC: 0.267 -- Validation F1: 0.167
2024-07-16,19:55:32 [INFO] Epoch: 18/20 -- Train Loss: 1.255 -- Validation Loss: 4.633 -- Validation ACC: 0.267 -- Validation F1: 0.167
2024-07-16,19:55:33 [INFO] Epoch: 19/20 -- Train Loss: 0.276 -- Validation Loss: 4.531 -- Validation ACC: 0.267 -- Validation F1: 0.167
2024-07-16,19:55:33 [INFO] Run 3/5: Average Over Last 6 epochs -- Valid ACC: 0.26666666666666666 -- Valid F1-score: 0.17500000447034836
2024-07-16,19:55:33 [INFO] Test Results of Run 3/5: -- Test Loss: 2.365 -- Test ACC: 0.489 -- Test F1: 0.477
2024-07-16,19:55:34 [INFO] Epoch: 0/20 -- Train Loss: 0.227 -- Validation Loss: 4.979 -- Validation ACC: 0.267 -- Validation F1: 0.178
2024-07-16,19:55:38 [INFO] Epoch: 10/20 -- Train Loss: 0.193 -- Validation Loss: 4.530 -- Validation ACC: 0.267 -- Validation F1: 0.167
2024-07-16,19:55:40 [INFO] Epoch: 14/20 -- Train Loss: 0.446 -- Validation Loss: 4.303 -- Validation ACC: 0.267 -- Validation F1: 0.194
2024-07-16,19:55:41 [INFO] Epoch: 15/20 -- Train Loss: 0.007 -- Validation Loss: 4.237 -- Validation ACC: 0.267 -- Validation F1: 0.194
2024-07-16,19:55:42 [INFO] Epoch: 16/20 -- Train Loss: 0.244 -- Validation Loss: 4.249 -- Validation ACC: 0.267 -- Validation F1: 0.194
2024-07-16,19:55:42 [INFO] Epoch: 17/20 -- Train Loss: 1.574 -- Validation Loss: 4.349 -- Validation ACC: 0.267 -- Validation F1: 0.183
2024-07-16,19:55:43 [INFO] Epoch: 18/20 -- Train Loss: 0.143 -- Validation Loss: 4.454 -- Validation ACC: 0.267 -- Validation F1: 0.167
2024-07-16,19:55:44 [INFO] Epoch: 19/20 -- Train Loss: 1.672 -- Validation Loss: 4.454 -- Validation ACC: 0.333 -- Validation F1: 0.250
2024-07-16,19:55:44 [INFO] Run 4/5: Average Over Last 6 epochs -- Valid ACC: 0.27777777777777773 -- Valid F1-score: 0.19722222536802292
2024-07-16,19:55:44 [INFO] Test Results of Run 4/5: -- Test Loss: 2.504 -- Test ACC: 0.522 -- Test F1: 0.502
2024-07-16,19:55:44 [INFO] Validation average after 5 runs -- ACC: 0.269 -- F1-score: 0.186
2024-07-16,19:55:44 [INFO] Test average after 5 runs -- ACC: 0.513 -- F1-score: 0.497
2024-07-16,19:55:44 [INFO] Finished round 2/10 of experiments!
2024-07-16,19:55:44 [INFO] Started round 3/10 of experiments!
2024-07-16,19:55:44 [INFO] Loading previous pretrained model at ./pretrained/GCN_Pretrained_2024-06-26-12-46-04.pth
2024-07-16,19:55:45 [INFO] Pretrained GNN on Source Dataset -- Test Loss: 3.506 -- Test ACC: 0.489 -- Test F1-score: 0.477
2024-07-16,19:55:46 [INFO] Pretrained GNN on Target Dataset Without Prompting: -- Validation Loss: 2.190 -- Validation ACC: 0.533 -- Validation F1-score: 0.559 -- Test Loss: 2.883 -- Test ACC: 0.400 -- Test F1-score: 0.393
2024-07-16,19:55:46 [INFO] Epoch: 0/20 -- Train Loss: 0.024 -- Validation Loss: 2.476 -- Validation ACC: 0.533 -- Validation F1: 0.559
2024-07-16,19:55:51 [INFO] Epoch: 10/20 -- Train Loss: 0.122 -- Validation Loss: 2.050 -- Validation ACC: 0.667 -- Validation F1: 0.650
2024-07-16,19:55:53 [INFO] Epoch: 14/20 -- Train Loss: 2.809 -- Validation Loss: 2.230 -- Validation ACC: 0.533 -- Validation F1: 0.559
2024-07-16,19:55:54 [INFO] Epoch: 15/20 -- Train Loss: 0.665 -- Validation Loss: 2.227 -- Validation ACC: 0.533 -- Validation F1: 0.559
2024-07-16,19:55:54 [INFO] Epoch: 16/20 -- Train Loss: -0.020 -- Validation Loss: 2.142 -- Validation ACC: 0.533 -- Validation F1: 0.559
2024-07-16,19:55:55 [INFO] Epoch: 17/20 -- Train Loss: 0.191 -- Validation Loss: 2.072 -- Validation ACC: 0.533 -- Validation F1: 0.559
2024-07-16,19:55:56 [INFO] Epoch: 18/20 -- Train Loss: -0.198 -- Validation Loss: 2.059 -- Validation ACC: 0.600 -- Validation F1: 0.615
2024-07-16,19:55:56 [INFO] Epoch: 19/20 -- Train Loss: -0.105 -- Validation Loss: 2.090 -- Validation ACC: 0.600 -- Validation F1: 0.611
2024-07-16,19:55:56 [INFO] Run 0/5: Average Over Last 6 epochs -- Valid ACC: 0.5555555555555556 -- Valid F1-score: 0.5768518646558126
2024-07-16,19:55:57 [INFO] Test Results of Run 0/5: -- Test Loss: 2.846 -- Test ACC: 0.400 -- Test F1: 0.395
2024-07-16,19:55:57 [INFO] Epoch: 0/20 -- Train Loss: -0.017 -- Validation Loss: 2.320 -- Validation ACC: 0.600 -- Validation F1: 0.611
2024-07-16,19:56:02 [INFO] Epoch: 10/20 -- Train Loss: -0.180 -- Validation Loss: 2.213 -- Validation ACC: 0.533 -- Validation F1: 0.559
2024-07-16,19:56:04 [INFO] Epoch: 14/20 -- Train Loss: 0.836 -- Validation Loss: 2.093 -- Validation ACC: 0.600 -- Validation F1: 0.611
2024-07-16,19:56:05 [INFO] Epoch: 15/20 -- Train Loss: 1.377 -- Validation Loss: 2.017 -- Validation ACC: 0.667 -- Validation F1: 0.650
2024-07-16,19:56:05 [INFO] Epoch: 16/20 -- Train Loss: 1.257 -- Validation Loss: 1.926 -- Validation ACC: 0.667 -- Validation F1: 0.650
2024-07-16,19:56:06 [INFO] Epoch: 17/20 -- Train Loss: 0.032 -- Validation Loss: 1.900 -- Validation ACC: 0.667 -- Validation F1: 0.650
2024-07-16,19:56:06 [INFO] Epoch: 18/20 -- Train Loss: -0.242 -- Validation Loss: 1.899 -- Validation ACC: 0.667 -- Validation F1: 0.650
2024-07-16,19:56:07 [INFO] Epoch: 19/20 -- Train Loss: -0.006 -- Validation Loss: 1.939 -- Validation ACC: 0.667 -- Validation F1: 0.650
2024-07-16,19:56:07 [INFO] Run 1/5: Average Over Last 6 epochs -- Valid ACC: 0.6555555555555554 -- Valid F1-score: 0.6435184975465139
2024-07-16,19:56:07 [INFO] Test Results of Run 1/5: -- Test Loss: 2.818 -- Test ACC: 0.422 -- Test F1: 0.419
2024-07-16,19:56:08 [INFO] Epoch: 0/20 -- Train Loss: 0.282 -- Validation Loss: 2.048 -- Validation ACC: 0.667 -- Validation F1: 0.650
2024-07-16,19:56:12 [INFO] Epoch: 10/20 -- Train Loss: 0.649 -- Validation Loss: 2.179 -- Validation ACC: 0.533 -- Validation F1: 0.559
2024-07-16,19:56:14 [INFO] Epoch: 14/20 -- Train Loss: 0.337 -- Validation Loss: 1.932 -- Validation ACC: 0.600 -- Validation F1: 0.606
2024-07-16,19:56:15 [INFO] Epoch: 15/20 -- Train Loss: -0.064 -- Validation Loss: 1.916 -- Validation ACC: 0.667 -- Validation F1: 0.650
2024-07-16,19:56:16 [INFO] Epoch: 16/20 -- Train Loss: -0.262 -- Validation Loss: 1.946 -- Validation ACC: 0.600 -- Validation F1: 0.611
2024-07-16,19:56:16 [INFO] Epoch: 17/20 -- Train Loss: 0.156 -- Validation Loss: 2.001 -- Validation ACC: 0.600 -- Validation F1: 0.611
2024-07-16,19:56:17 [INFO] Epoch: 18/20 -- Train Loss: 1.032 -- Validation Loss: 2.067 -- Validation ACC: 0.600 -- Validation F1: 0.611
2024-07-16,19:56:17 [INFO] Epoch: 19/20 -- Train Loss: 0.075 -- Validation Loss: 2.105 -- Validation ACC: 0.600 -- Validation F1: 0.611
2024-07-16,19:56:17 [INFO] Run 2/5: Average Over Last 6 epochs -- Valid ACC: 0.6111111111111112 -- Valid F1-score: 0.6167989373207092
2024-07-16,19:56:18 [INFO] Test Results of Run 2/5: -- Test Loss: 2.835 -- Test ACC: 0.411 -- Test F1: 0.406
2024-07-16,19:56:18 [INFO] Epoch: 0/20 -- Train Loss: 0.676 -- Validation Loss: 2.379 -- Validation ACC: 0.600 -- Validation F1: 0.611
2024-07-16,19:56:23 [INFO] Epoch: 10/20 -- Train Loss: -0.027 -- Validation Loss: 2.074 -- Validation ACC: 0.600 -- Validation F1: 0.615
2024-07-16,19:56:25 [INFO] Epoch: 14/20 -- Train Loss: 0.485 -- Validation Loss: 1.930 -- Validation ACC: 0.667 -- Validation F1: 0.653
2024-07-16,19:56:25 [INFO] Epoch: 15/20 -- Train Loss: -0.143 -- Validation Loss: 1.836 -- Validation ACC: 0.667 -- Validation F1: 0.653
2024-07-16,19:56:26 [INFO] Epoch: 16/20 -- Train Loss: 1.215 -- Validation Loss: 1.840 -- Validation ACC: 0.667 -- Validation F1: 0.653
2024-07-16,19:56:27 [INFO] Epoch: 17/20 -- Train Loss: 0.074 -- Validation Loss: 1.956 -- Validation ACC: 0.600 -- Validation F1: 0.615
2024-07-16,19:56:27 [INFO] Epoch: 18/20 -- Train Loss: -0.024 -- Validation Loss: 2.093 -- Validation ACC: 0.533 -- Validation F1: 0.559
2024-07-16,19:56:28 [INFO] Epoch: 19/20 -- Train Loss: -0.120 -- Validation Loss: 2.191 -- Validation ACC: 0.533 -- Validation F1: 0.559
2024-07-16,19:56:28 [INFO] Run 3/5: Average Over Last 6 epochs -- Valid ACC: 0.611111111111111 -- Valid F1-score: 0.6151455144087473
2024-07-16,19:56:28 [INFO] Test Results of Run 3/5: -- Test Loss: 2.877 -- Test ACC: 0.400 -- Test F1: 0.398
2024-07-16,19:56:29 [INFO] Epoch: 0/20 -- Train Loss: -0.022 -- Validation Loss: 2.286 -- Validation ACC: 0.600 -- Validation F1: 0.615
2024-07-16,19:56:34 [INFO] Epoch: 10/20 -- Train Loss: 1.604 -- Validation Loss: 2.047 -- Validation ACC: 0.600 -- Validation F1: 0.611
2024-07-16,19:56:36 [INFO] Epoch: 14/20 -- Train Loss: 0.317 -- Validation Loss: 2.129 -- Validation ACC: 0.533 -- Validation F1: 0.559
2024-07-16,19:56:37 [INFO] Epoch: 15/20 -- Train Loss: -0.171 -- Validation Loss: 2.150 -- Validation ACC: 0.533 -- Validation F1: 0.559
2024-07-16,19:56:37 [INFO] Epoch: 16/20 -- Train Loss: 0.460 -- Validation Loss: 2.187 -- Validation ACC: 0.533 -- Validation F1: 0.559
2024-07-16,19:56:38 [INFO] Epoch: 17/20 -- Train Loss: -0.011 -- Validation Loss: 2.153 -- Validation ACC: 0.533 -- Validation F1: 0.559
2024-07-16,19:56:38 [INFO] Epoch: 18/20 -- Train Loss: -0.021 -- Validation Loss: 2.119 -- Validation ACC: 0.533 -- Validation F1: 0.559
2024-07-16,19:56:39 [INFO] Epoch: 19/20 -- Train Loss: 0.181 -- Validation Loss: 2.066 -- Validation ACC: 0.600 -- Validation F1: 0.611
2024-07-16,19:56:39 [INFO] Run 4/5: Average Over Last 6 epochs -- Valid ACC: 0.5444444444444444 -- Valid F1-score: 0.5674603382746378
2024-07-16,19:56:39 [INFO] Test Results of Run 4/5: -- Test Loss: 2.756 -- Test ACC: 0.400 -- Test F1: 0.395
2024-07-16,19:56:39 [INFO] Validation average after 5 runs -- ACC: 0.596 -- F1-score: 0.604
2024-07-16,19:56:39 [INFO] Test average after 5 runs -- ACC: 0.407 -- F1-score: 0.403
2024-07-16,19:56:39 [INFO] Finished round 3/10 of experiments!
2024-07-16,19:56:39 [INFO] Started round 4/10 of experiments!
2024-07-16,19:56:40 [INFO] Loading previous pretrained model at ./pretrained/GCN_Pretrained_2024-06-26-12-48-38.pth
2024-07-16,19:56:40 [INFO] Pretrained GNN on Source Dataset -- Test Loss: 3.672 -- Test ACC: 0.544 -- Test F1-score: 0.526
2024-07-16,19:56:41 [INFO] Pretrained GNN on Target Dataset Without Prompting: -- Validation Loss: 5.942 -- Validation ACC: 0.200 -- Validation F1-score: 0.241 -- Test Loss: 3.869 -- Test ACC: 0.444 -- Test F1-score: 0.435
2024-07-16,19:56:41 [INFO] Epoch: 0/20 -- Train Loss: 0.509 -- Validation Loss: 5.950 -- Validation ACC: 0.333 -- Validation F1: 0.308
2024-07-16,19:56:46 [INFO] Epoch: 10/20 -- Train Loss: 0.014 -- Validation Loss: 5.852 -- Validation ACC: 0.200 -- Validation F1: 0.185
2024-07-16,19:56:48 [INFO] Epoch: 14/20 -- Train Loss: 1.269 -- Validation Loss: 5.725 -- Validation ACC: 0.200 -- Validation F1: 0.185
2024-07-16,19:56:48 [INFO] Epoch: 15/20 -- Train Loss: 0.432 -- Validation Loss: 5.790 -- Validation ACC: 0.200 -- Validation F1: 0.185
2024-07-16,19:56:49 [INFO] Epoch: 16/20 -- Train Loss: 0.560 -- Validation Loss: 5.785 -- Validation ACC: 0.267 -- Validation F1: 0.211
2024-07-16,19:56:50 [INFO] Epoch: 17/20 -- Train Loss: 0.080 -- Validation Loss: 5.728 -- Validation ACC: 0.333 -- Validation F1: 0.259
2024-07-16,19:56:50 [INFO] Epoch: 18/20 -- Train Loss: 1.091 -- Validation Loss: 5.768 -- Validation ACC: 0.333 -- Validation F1: 0.259
2024-07-16,19:56:51 [INFO] Epoch: 19/20 -- Train Loss: -0.202 -- Validation Loss: 5.988 -- Validation ACC: 0.200 -- Validation F1: 0.185
2024-07-16,19:56:51 [INFO] Run 0/5: Average Over Last 6 epochs -- Valid ACC: 0.25555555555555554 -- Valid F1-score: 0.21402117361625037
2024-07-16,19:56:51 [INFO] Test Results of Run 0/5: -- Test Loss: 3.875 -- Test ACC: 0.444 -- Test F1: 0.437
2024-07-16,19:56:52 [INFO] Epoch: 0/20 -- Train Loss: -0.192 -- Validation Loss: 6.351 -- Validation ACC: 0.200 -- Validation F1: 0.241
2024-07-16,19:56:56 [INFO] Epoch: 10/20 -- Train Loss: 0.193 -- Validation Loss: 5.796 -- Validation ACC: 0.333 -- Validation F1: 0.314
2024-07-16,19:56:58 [INFO] Epoch: 14/20 -- Train Loss: 1.503 -- Validation Loss: 5.388 -- Validation ACC: 0.333 -- Validation F1: 0.259
2024-07-16,19:56:59 [INFO] Epoch: 15/20 -- Train Loss: 1.908 -- Validation Loss: 5.429 -- Validation ACC: 0.267 -- Validation F1: 0.211
2024-07-16,19:57:00 [INFO] Epoch: 16/20 -- Train Loss: 0.654 -- Validation Loss: 5.549 -- Validation ACC: 0.200 -- Validation F1: 0.241
2024-07-16,19:57:00 [INFO] Epoch: 17/20 -- Train Loss: 1.047 -- Validation Loss: 5.679 -- Validation ACC: 0.200 -- Validation F1: 0.241
2024-07-16,19:57:01 [INFO] Epoch: 18/20 -- Train Loss: 0.576 -- Validation Loss: 5.598 -- Validation ACC: 0.267 -- Validation F1: 0.267
2024-07-16,19:57:01 [INFO] Epoch: 19/20 -- Train Loss: 0.179 -- Validation Loss: 5.508 -- Validation ACC: 0.267 -- Validation F1: 0.267
2024-07-16,19:57:01 [INFO] Run 1/5: Average Over Last 6 epochs -- Valid ACC: 0.25555555555555554 -- Valid F1-score: 0.2474426900347074
2024-07-16,19:57:02 [INFO] Test Results of Run 1/5: -- Test Loss: 3.821 -- Test ACC: 0.444 -- Test F1: 0.442
2024-07-16,19:57:02 [INFO] Epoch: 0/20 -- Train Loss: -0.181 -- Validation Loss: 6.345 -- Validation ACC: 0.200 -- Validation F1: 0.241
2024-07-16,19:57:06 [INFO] Epoch: 10/20 -- Train Loss: 0.676 -- Validation Loss: 5.857 -- Validation ACC: 0.267 -- Validation F1: 0.267
2024-07-16,19:57:09 [INFO] Epoch: 14/20 -- Train Loss: 0.717 -- Validation Loss: 5.708 -- Validation ACC: 0.267 -- Validation F1: 0.267
2024-07-16,19:57:09 [INFO] Epoch: 15/20 -- Train Loss: 0.008 -- Validation Loss: 5.631 -- Validation ACC: 0.267 -- Validation F1: 0.211
2024-07-16,19:57:10 [INFO] Epoch: 16/20 -- Train Loss: 0.010 -- Validation Loss: 5.573 -- Validation ACC: 0.267 -- Validation F1: 0.211
2024-07-16,19:57:10 [INFO] Epoch: 17/20 -- Train Loss: 5.459 -- Validation Loss: 5.555 -- Validation ACC: 0.267 -- Validation F1: 0.211
2024-07-16,19:57:11 [INFO] Epoch: 18/20 -- Train Loss: 0.095 -- Validation Loss: 5.541 -- Validation ACC: 0.267 -- Validation F1: 0.211
2024-07-16,19:57:12 [INFO] Epoch: 19/20 -- Train Loss: 0.094 -- Validation Loss: 5.588 -- Validation ACC: 0.200 -- Validation F1: 0.185
2024-07-16,19:57:12 [INFO] Run 2/5: Average Over Last 6 epochs -- Valid ACC: 0.25555555555555554 -- Valid F1-score: 0.21604938805103302
2024-07-16,19:57:12 [INFO] Test Results of Run 2/5: -- Test Loss: 3.792 -- Test ACC: 0.456 -- Test F1: 0.456
2024-07-16,19:57:13 [INFO] Epoch: 0/20 -- Train Loss: 0.512 -- Validation Loss: 6.705 -- Validation ACC: 0.200 -- Validation F1: 0.185
2024-07-16,19:57:17 [INFO] Epoch: 10/20 -- Train Loss: 0.399 -- Validation Loss: 6.045 -- Validation ACC: 0.200 -- Validation F1: 0.185
2024-07-16,19:57:19 [INFO] Epoch: 14/20 -- Train Loss: 0.092 -- Validation Loss: 5.726 -- Validation ACC: 0.267 -- Validation F1: 0.267
2024-07-16,19:57:19 [INFO] Epoch: 15/20 -- Train Loss: 0.013 -- Validation Loss: 5.637 -- Validation ACC: 0.333 -- Validation F1: 0.314
2024-07-16,19:57:20 [INFO] Epoch: 16/20 -- Train Loss: 2.913 -- Validation Loss: 5.558 -- Validation ACC: 0.267 -- Validation F1: 0.267
2024-07-16,19:57:21 [INFO] Epoch: 17/20 -- Train Loss: 0.567 -- Validation Loss: 5.458 -- Validation ACC: 0.267 -- Validation F1: 0.211
2024-07-16,19:57:21 [INFO] Epoch: 18/20 -- Train Loss: -0.202 -- Validation Loss: 5.464 -- Validation ACC: 0.267 -- Validation F1: 0.211
2024-07-16,19:57:22 [INFO] Epoch: 19/20 -- Train Loss: 0.289 -- Validation Loss: 5.538 -- Validation ACC: 0.267 -- Validation F1: 0.211
2024-07-16,19:57:22 [INFO] Run 3/5: Average Over Last 6 epochs -- Valid ACC: 0.27777777777777773 -- Valid F1-score: 0.24682540446519852
2024-07-16,19:57:22 [INFO] Test Results of Run 3/5: -- Test Loss: 3.780 -- Test ACC: 0.444 -- Test F1: 0.442
2024-07-16,19:57:23 [INFO] Epoch: 0/20 -- Train Loss: 1.160 -- Validation Loss: 6.664 -- Validation ACC: 0.200 -- Validation F1: 0.185
2024-07-16,19:57:28 [INFO] Epoch: 10/20 -- Train Loss: 0.382 -- Validation Loss: 5.693 -- Validation ACC: 0.333 -- Validation F1: 0.314
2024-07-16,19:57:30 [INFO] Epoch: 14/20 -- Train Loss: -0.014 -- Validation Loss: 5.732 -- Validation ACC: 0.267 -- Validation F1: 0.267
2024-07-16,19:57:30 [INFO] Epoch: 15/20 -- Train Loss: -0.192 -- Validation Loss: 5.692 -- Validation ACC: 0.267 -- Validation F1: 0.267
2024-07-16,19:57:31 [INFO] Epoch: 16/20 -- Train Loss: -0.027 -- Validation Loss: 5.680 -- Validation ACC: 0.267 -- Validation F1: 0.267
2024-07-16,19:57:32 [INFO] Epoch: 17/20 -- Train Loss: 0.835 -- Validation Loss: 5.680 -- Validation ACC: 0.200 -- Validation F1: 0.241
2024-07-16,19:57:32 [INFO] Epoch: 18/20 -- Train Loss: 0.128 -- Validation Loss: 5.763 -- Validation ACC: 0.200 -- Validation F1: 0.185
2024-07-16,19:57:33 [INFO] Epoch: 19/20 -- Train Loss: 0.011 -- Validation Loss: 5.763 -- Validation ACC: 0.200 -- Validation F1: 0.185
2024-07-16,19:57:33 [INFO] Run 4/5: Average Over Last 6 epochs -- Valid ACC: 0.2333333333333333 -- Valid F1-score: 0.23518519600232443
2024-07-16,19:57:33 [INFO] Test Results of Run 4/5: -- Test Loss: 3.837 -- Test ACC: 0.456 -- Test F1: 0.449
2024-07-16,19:57:33 [INFO] Validation average after 5 runs -- ACC: 0.256 -- F1-score: 0.232
2024-07-16,19:57:33 [INFO] Test average after 5 runs -- ACC: 0.449 -- F1-score: 0.445
2024-07-16,19:57:33 [INFO] Finished round 4/10 of experiments!
2024-07-16,19:57:33 [INFO] Started round 5/10 of experiments!
2024-07-16,19:57:33 [INFO] Setting for pretraining: Model: {'gnn_type': 'gcn', 'in_channels': 21, 'hidden_channels': 512, 'out_channels': 6, 'num_layers': 3, 'dropout': 0.4, 'with_bn': False, 'with_head': True} -- Optimizer: {'lr': 0.01, 'scheduler_step_size': 50, 'scheduler_gamma': 0.5, 'weight_decay': 0.0} -- Training: {'n_epochs': 150}
2024-07-16,19:57:33 [INFO] Loading previous pretrained model at ./pretrained/GCN_Pretrained_2024-06-26-12-51-12.pth
2024-07-16,19:57:34 [INFO] Prompting method: fix_match -- Setting: Prompting function: gpf_plus -- Target Dataset: ENZYMES
2024-07-16,19:57:34 [INFO] Setting for prompt tuning: Prompt: {'emb_dim': 21, 'h_dim': 512, 'output_dim': 21, 'prompt_fn': 'gpf_plus', 'token_num': 33, 'cross_prune': 0.8, 'inner_prune': 0.3, 'attn_with_param': False} -- Pretrained Model: {'gnn_type': 'gcn', 'in_channels': 21, 'hidden_channels': 512, 'out_channels': 6, 'num_layers': 3, 'dropout': 0.4, 'with_bn': False, 'with_head': True} -- Optimizer: {'lr': 0.01, 'scheduler_step_size': 50, 'scheduler_gamma': 0.5, 'weight_decay': 0.2} -- Training: {'aug_type': 'feature', 'pos_aug_mode': 'arbitrary', 'p_raug': 0.15, 'n_epochs': 20, 'r_reg': 0.0, 'soft_label': False, 'clutering_iters': 3, 'iterative_clustering': False, 'entropy_div_ratio': 3, 'w_entropy_loss': 0.0, 'w_softmax_loss': 0.5, 'w_domain_loss': 0.5, 'light_aug_prob': 0.1, 'light_aug_mode': 'mask', 'num_classes': 6, 'cut_off': 0.1}
2024-07-16,19:57:34 [INFO] Prompt tuning started: Num runs: 5 -- Eval step: 10
2024-07-16,19:57:34 [INFO] Pretrained GNN on Source Dataset -- Test Loss: 3.681 -- Test ACC: 0.467 -- Test F1-score: 0.456
2024-07-16,19:57:34 [INFO] Pretrained GNN on Target Dataset Without Prompting: -- Validation Loss: 5.435 -- Validation ACC: 0.333 -- Validation F1-score: 0.255 -- Test Loss: 4.349 -- Test ACC: 0.444 -- Test F1-score: 0.446
2024-07-16,19:57:35 [INFO] Epoch: 0/20 -- Train Loss: 0.257 -- Validation Loss: 6.635 -- Validation ACC: 0.333 -- Validation F1: 0.261
2024-07-16,19:57:39 [INFO] Epoch: 10/20 -- Train Loss: -0.023 -- Validation Loss: 5.170 -- Validation ACC: 0.333 -- Validation F1: 0.255
2024-07-16,19:57:41 [INFO] Epoch: 14/20 -- Train Loss: 0.072 -- Validation Loss: 5.176 -- Validation ACC: 0.400 -- Validation F1: 0.438
2024-07-16,19:57:42 [INFO] Epoch: 15/20 -- Train Loss: 0.971 -- Validation Loss: 5.207 -- Validation ACC: 0.400 -- Validation F1: 0.438
2024-07-16,19:57:43 [INFO] Epoch: 16/20 -- Train Loss: 2.088 -- Validation Loss: 5.215 -- Validation ACC: 0.400 -- Validation F1: 0.438
2024-07-16,19:57:43 [INFO] Epoch: 17/20 -- Train Loss: -0.192 -- Validation Loss: 5.241 -- Validation ACC: 0.333 -- Validation F1: 0.255
2024-07-16,19:57:44 [INFO] Epoch: 18/20 -- Train Loss: 0.875 -- Validation Loss: 5.301 -- Validation ACC: 0.333 -- Validation F1: 0.248
2024-07-16,19:57:45 [INFO] Epoch: 19/20 -- Train Loss: 0.598 -- Validation Loss: 5.396 -- Validation ACC: 0.333 -- Validation F1: 0.248
2024-07-16,19:57:45 [INFO] Run 0/5: Average Over Last 6 epochs -- Valid ACC: 0.3666666666666667 -- Valid F1-score: 0.3442239960034688
2024-07-16,19:57:45 [INFO] Test Results of Run 0/5: -- Test Loss: 4.213 -- Test ACC: 0.444 -- Test F1: 0.448
2024-07-16,19:57:46 [INFO] Epoch: 0/20 -- Train Loss: 0.081 -- Validation Loss: 5.772 -- Validation ACC: 0.333 -- Validation F1: 0.255
2024-07-16,19:57:50 [INFO] Epoch: 10/20 -- Train Loss: -0.140 -- Validation Loss: 5.302 -- Validation ACC: 0.333 -- Validation F1: 0.255
2024-07-16,19:57:52 [INFO] Epoch: 14/20 -- Train Loss: 0.522 -- Validation Loss: 5.419 -- Validation ACC: 0.333 -- Validation F1: 0.255
2024-07-16,19:57:53 [INFO] Epoch: 15/20 -- Train Loss: 0.346 -- Validation Loss: 5.479 -- Validation ACC: 0.333 -- Validation F1: 0.255
2024-07-16,19:57:53 [INFO] Epoch: 16/20 -- Train Loss: 0.624 -- Validation Loss: 5.541 -- Validation ACC: 0.333 -- Validation F1: 0.264
2024-07-16,19:57:54 [INFO] Epoch: 17/20 -- Train Loss: 1.093 -- Validation Loss: 5.491 -- Validation ACC: 0.333 -- Validation F1: 0.264
2024-07-16,19:57:55 [INFO] Epoch: 18/20 -- Train Loss: 3.464 -- Validation Loss: 5.337 -- Validation ACC: 0.333 -- Validation F1: 0.255
2024-07-16,19:57:55 [INFO] Epoch: 19/20 -- Train Loss: 1.403 -- Validation Loss: 5.146 -- Validation ACC: 0.333 -- Validation F1: 0.255
2024-07-16,19:57:55 [INFO] Run 1/5: Average Over Last 6 epochs -- Valid ACC: 0.3333333333333333 -- Valid F1-score: 0.2581128776073456
2024-07-16,19:57:56 [INFO] Test Results of Run 1/5: -- Test Loss: 4.066 -- Test ACC: 0.433 -- Test F1: 0.434
2024-07-16,19:57:57 [INFO] Epoch: 0/20 -- Train Loss: 2.456 -- Validation Loss: 5.752 -- Validation ACC: 0.333 -- Validation F1: 0.255
2024-07-16,19:58:01 [INFO] Epoch: 10/20 -- Train Loss: 0.097 -- Validation Loss: 5.404 -- Validation ACC: 0.400 -- Validation F1: 0.438
2024-07-16,19:58:03 [INFO] Epoch: 14/20 -- Train Loss: -0.110 -- Validation Loss: 5.297 -- Validation ACC: 0.333 -- Validation F1: 0.248
2024-07-16,19:58:03 [INFO] Epoch: 15/20 -- Train Loss: 1.633 -- Validation Loss: 5.272 -- Validation ACC: 0.400 -- Validation F1: 0.321
2024-07-16,19:58:04 [INFO] Epoch: 16/20 -- Train Loss: 0.265 -- Validation Loss: 5.187 -- Validation ACC: 0.333 -- Validation F1: 0.248
2024-07-16,19:58:05 [INFO] Epoch: 17/20 -- Train Loss: 1.003 -- Validation Loss: 5.157 -- Validation ACC: 0.333 -- Validation F1: 0.255
2024-07-16,19:58:05 [INFO] Epoch: 18/20 -- Train Loss: 0.938 -- Validation Loss: 5.149 -- Validation ACC: 0.400 -- Validation F1: 0.438
2024-07-16,19:58:06 [INFO] Epoch: 19/20 -- Train Loss: -0.064 -- Validation Loss: 5.161 -- Validation ACC: 0.400 -- Validation F1: 0.438
2024-07-16,19:58:06 [INFO] Run 2/5: Average Over Last 6 epochs -- Valid ACC: 0.36666666666666664 -- Valid F1-score: 0.3246031850576401
2024-07-16,19:58:06 [INFO] Test Results of Run 2/5: -- Test Loss: 4.044 -- Test ACC: 0.433 -- Test F1: 0.427
2024-07-16,19:58:07 [INFO] Epoch: 0/20 -- Train Loss: 0.844 -- Validation Loss: 6.214 -- Validation ACC: 0.333 -- Validation F1: 0.264
2024-07-16,19:58:12 [INFO] Epoch: 10/20 -- Train Loss: 1.196 -- Validation Loss: 5.389 -- Validation ACC: 0.333 -- Validation F1: 0.255
2024-07-16,19:58:14 [INFO] Epoch: 14/20 -- Train Loss: -0.112 -- Validation Loss: 5.234 -- Validation ACC: 0.333 -- Validation F1: 0.255
2024-07-16,19:58:14 [INFO] Epoch: 15/20 -- Train Loss: 0.122 -- Validation Loss: 5.260 -- Validation ACC: 0.333 -- Validation F1: 0.255
2024-07-16,19:58:15 [INFO] Epoch: 16/20 -- Train Loss: -0.003 -- Validation Loss: 5.271 -- Validation ACC: 0.333 -- Validation F1: 0.255
2024-07-16,19:58:16 [INFO] Epoch: 17/20 -- Train Loss: 0.196 -- Validation Loss: 5.304 -- Validation ACC: 0.333 -- Validation F1: 0.255
2024-07-16,19:58:16 [INFO] Epoch: 18/20 -- Train Loss: 0.466 -- Validation Loss: 5.332 -- Validation ACC: 0.333 -- Validation F1: 0.255
2024-07-16,19:58:17 [INFO] Epoch: 19/20 -- Train Loss: -0.031 -- Validation Loss: 5.333 -- Validation ACC: 0.333 -- Validation F1: 0.255
2024-07-16,19:58:17 [INFO] Run 3/5: Average Over Last 6 epochs -- Valid ACC: 0.3333333333333333 -- Valid F1-score: 0.2550264596939087
2024-07-16,19:58:17 [INFO] Test Results of Run 3/5: -- Test Loss: 4.292 -- Test ACC: 0.444 -- Test F1: 0.446
2024-07-16,19:58:18 [INFO] Epoch: 0/20 -- Train Loss: 0.027 -- Validation Loss: 5.912 -- Validation ACC: 0.333 -- Validation F1: 0.255
2024-07-16,19:58:22 [INFO] Epoch: 10/20 -- Train Loss: 0.167 -- Validation Loss: 5.269 -- Validation ACC: 0.333 -- Validation F1: 0.255
2024-07-16,19:58:24 [INFO] Epoch: 14/20 -- Train Loss: 0.289 -- Validation Loss: 5.281 -- Validation ACC: 0.333 -- Validation F1: 0.255
2024-07-16,19:58:25 [INFO] Epoch: 15/20 -- Train Loss: 0.043 -- Validation Loss: 5.261 -- Validation ACC: 0.333 -- Validation F1: 0.248
2024-07-16,19:58:26 [INFO] Epoch: 16/20 -- Train Loss: 0.260 -- Validation Loss: 5.202 -- Validation ACC: 0.333 -- Validation F1: 0.255
2024-07-16,19:58:26 [INFO] Epoch: 17/20 -- Train Loss: 0.033 -- Validation Loss: 5.184 -- Validation ACC: 0.400 -- Validation F1: 0.438
2024-07-16,19:58:27 [INFO] Epoch: 18/20 -- Train Loss: -0.060 -- Validation Loss: 5.183 -- Validation ACC: 0.400 -- Validation F1: 0.438
2024-07-16,19:58:27 [INFO] Epoch: 19/20 -- Train Loss: 0.529 -- Validation Loss: 5.192 -- Validation ACC: 0.400 -- Validation F1: 0.438
2024-07-16,19:58:27 [INFO] Run 4/5: Average Over Last 6 epochs -- Valid ACC: 0.36666666666666664 -- Valid F1-score: 0.34545856217543286
2024-07-16,19:58:28 [INFO] Test Results of Run 4/5: -- Test Loss: 4.099 -- Test ACC: 0.444 -- Test F1: 0.444
2024-07-16,19:58:28 [INFO] Validation average after 5 runs -- ACC: 0.353 -- F1-score: 0.305
2024-07-16,19:58:28 [INFO] Test average after 5 runs -- ACC: 0.440 -- F1-score: 0.440
2024-07-16,19:58:28 [INFO] Finished round 5/10 of experiments!
2024-07-16,19:58:28 [INFO] Started round 6/10 of experiments!
2024-07-16,19:58:28 [INFO] Loading previous pretrained model at ./pretrained/GCN_Pretrained_2024-06-26-12-53-46.pth
2024-07-16,19:58:29 [INFO] Pretrained GNN on Source Dataset -- Test Loss: 4.806 -- Test ACC: 0.544 -- Test F1-score: 0.547
2024-07-16,19:58:29 [INFO] Pretrained GNN on Target Dataset Without Prompting: -- Validation Loss: 4.783 -- Validation ACC: 0.400 -- Validation F1-score: 0.317 -- Test Loss: 4.644 -- Test ACC: 0.433 -- Test F1-score: 0.419
2024-07-16,19:58:30 [INFO] Epoch: 0/20 -- Train Loss: 0.423 -- Validation Loss: 5.439 -- Validation ACC: 0.400 -- Validation F1: 0.324
2024-07-16,19:58:34 [INFO] Epoch: 10/20 -- Train Loss: -0.218 -- Validation Loss: 4.782 -- Validation ACC: 0.400 -- Validation F1: 0.324
2024-07-16,19:58:36 [INFO] Epoch: 14/20 -- Train Loss: -0.196 -- Validation Loss: 4.659 -- Validation ACC: 0.400 -- Validation F1: 0.324
2024-07-16,19:58:37 [INFO] Epoch: 15/20 -- Train Loss: 0.001 -- Validation Loss: 4.629 -- Validation ACC: 0.400 -- Validation F1: 0.324
2024-07-16,19:58:37 [INFO] Epoch: 16/20 -- Train Loss: -0.035 -- Validation Loss: 4.564 -- Validation ACC: 0.400 -- Validation F1: 0.324
2024-07-16,19:58:38 [INFO] Epoch: 17/20 -- Train Loss: 3.578 -- Validation Loss: 4.523 -- Validation ACC: 0.400 -- Validation F1: 0.324
2024-07-16,19:58:39 [INFO] Epoch: 18/20 -- Train Loss: 0.330 -- Validation Loss: 4.531 -- Validation ACC: 0.467 -- Validation F1: 0.417
2024-07-16,19:58:40 [INFO] Epoch: 19/20 -- Train Loss: 0.756 -- Validation Loss: 4.563 -- Validation ACC: 0.467 -- Validation F1: 0.417
2024-07-16,19:58:40 [INFO] Run 0/5: Average Over Last 6 epochs -- Valid ACC: 0.4222222222222223 -- Valid F1-score: 0.35493828852971393
2024-07-16,19:58:40 [INFO] Test Results of Run 0/5: -- Test Loss: 4.631 -- Test ACC: 0.444 -- Test F1: 0.430
2024-07-16,19:58:41 [INFO] Epoch: 0/20 -- Train Loss: 0.245 -- Validation Loss: 5.545 -- Validation ACC: 0.400 -- Validation F1: 0.324
2024-07-16,19:58:45 [INFO] Epoch: 10/20 -- Train Loss: 0.283 -- Validation Loss: 4.818 -- Validation ACC: 0.400 -- Validation F1: 0.324
2024-07-16,19:58:47 [INFO] Epoch: 14/20 -- Train Loss: -0.064 -- Validation Loss: 4.652 -- Validation ACC: 0.400 -- Validation F1: 0.317
2024-07-16,19:58:48 [INFO] Epoch: 15/20 -- Train Loss: -0.250 -- Validation Loss: 4.654 -- Validation ACC: 0.400 -- Validation F1: 0.317
2024-07-16,19:58:48 [INFO] Epoch: 16/20 -- Train Loss: 0.015 -- Validation Loss: 4.671 -- Validation ACC: 0.400 -- Validation F1: 0.317
2024-07-16,19:58:49 [INFO] Epoch: 17/20 -- Train Loss: 2.485 -- Validation Loss: 4.705 -- Validation ACC: 0.400 -- Validation F1: 0.324
2024-07-16,19:58:50 [INFO] Epoch: 18/20 -- Train Loss: 0.680 -- Validation Loss: 4.709 -- Validation ACC: 0.400 -- Validation F1: 0.324
2024-07-16,19:58:50 [INFO] Epoch: 19/20 -- Train Loss: 0.030 -- Validation Loss: 4.643 -- Validation ACC: 0.400 -- Validation F1: 0.324
2024-07-16,19:58:50 [INFO] Run 1/5: Average Over Last 6 epochs -- Valid ACC: 0.39999999999999997 -- Valid F1-score: 0.3203703761100769
2024-07-16,19:58:51 [INFO] Test Results of Run 1/5: -- Test Loss: 4.449 -- Test ACC: 0.422 -- Test F1: 0.424
2024-07-16,19:58:51 [INFO] Epoch: 0/20 -- Train Loss: 0.974 -- Validation Loss: 5.185 -- Validation ACC: 0.467 -- Validation F1: 0.417
2024-07-16,19:58:56 [INFO] Epoch: 10/20 -- Train Loss: 1.922 -- Validation Loss: 4.670 -- Validation ACC: 0.400 -- Validation F1: 0.324
2024-07-16,19:58:57 [INFO] Epoch: 14/20 -- Train Loss: -0.007 -- Validation Loss: 4.697 -- Validation ACC: 0.400 -- Validation F1: 0.324
2024-07-16,19:58:58 [INFO] Epoch: 15/20 -- Train Loss: 0.828 -- Validation Loss: 4.774 -- Validation ACC: 0.400 -- Validation F1: 0.324
2024-07-16,19:58:59 [INFO] Epoch: 16/20 -- Train Loss: 0.813 -- Validation Loss: 4.861 -- Validation ACC: 0.400 -- Validation F1: 0.317
2024-07-16,19:58:59 [INFO] Epoch: 17/20 -- Train Loss: 0.127 -- Validation Loss: 4.786 -- Validation ACC: 0.400 -- Validation F1: 0.324
2024-07-16,19:59:00 [INFO] Epoch: 18/20 -- Train Loss: 0.199 -- Validation Loss: 4.696 -- Validation ACC: 0.400 -- Validation F1: 0.324
2024-07-16,19:59:01 [INFO] Epoch: 19/20 -- Train Loss: -0.211 -- Validation Loss: 4.617 -- Validation ACC: 0.400 -- Validation F1: 0.324
2024-07-16,19:59:01 [INFO] Run 2/5: Average Over Last 6 epochs -- Valid ACC: 0.39999999999999997 -- Valid F1-score: 0.32283951838811237
2024-07-16,19:59:01 [INFO] Test Results of Run 2/5: -- Test Loss: 4.508 -- Test ACC: 0.422 -- Test F1: 0.419
2024-07-16,19:59:01 [INFO] Epoch: 0/20 -- Train Loss: 2.418 -- Validation Loss: 4.919 -- Validation ACC: 0.400 -- Validation F1: 0.324
2024-07-16,19:59:06 [INFO] Epoch: 10/20 -- Train Loss: 0.187 -- Validation Loss: 4.746 -- Validation ACC: 0.400 -- Validation F1: 0.324
2024-07-16,19:59:08 [INFO] Epoch: 14/20 -- Train Loss: 1.315 -- Validation Loss: 4.490 -- Validation ACC: 0.400 -- Validation F1: 0.324
2024-07-16,19:59:08 [INFO] Epoch: 15/20 -- Train Loss: 0.703 -- Validation Loss: 4.534 -- Validation ACC: 0.400 -- Validation F1: 0.324
2024-07-16,19:59:09 [INFO] Epoch: 16/20 -- Train Loss: 0.352 -- Validation Loss: 4.629 -- Validation ACC: 0.400 -- Validation F1: 0.324
2024-07-16,19:59:10 [INFO] Epoch: 17/20 -- Train Loss: 2.402 -- Validation Loss: 4.782 -- Validation ACC: 0.400 -- Validation F1: 0.324
2024-07-16,19:59:10 [INFO] Epoch: 18/20 -- Train Loss: 0.213 -- Validation Loss: 4.877 -- Validation ACC: 0.400 -- Validation F1: 0.317
2024-07-16,19:59:11 [INFO] Epoch: 19/20 -- Train Loss: 0.267 -- Validation Loss: 4.930 -- Validation ACC: 0.400 -- Validation F1: 0.317
2024-07-16,19:59:11 [INFO] Run 3/5: Average Over Last 6 epochs -- Valid ACC: 0.39999999999999997 -- Valid F1-score: 0.32160494724909466
2024-07-16,19:59:11 [INFO] Test Results of Run 3/5: -- Test Loss: 4.631 -- Test ACC: 0.433 -- Test F1: 0.427
2024-07-16,19:59:12 [INFO] Epoch: 0/20 -- Train Loss: -0.103 -- Validation Loss: 4.589 -- Validation ACC: 0.400 -- Validation F1: 0.324
2024-07-16,19:59:16 [INFO] Epoch: 10/20 -- Train Loss: -0.034 -- Validation Loss: 4.688 -- Validation ACC: 0.400 -- Validation F1: 0.324
2024-07-16,19:59:18 [INFO] Epoch: 14/20 -- Train Loss: 0.112 -- Validation Loss: 4.618 -- Validation ACC: 0.400 -- Validation F1: 0.324
2024-07-16,19:59:19 [INFO] Epoch: 15/20 -- Train Loss: 2.231 -- Validation Loss: 4.648 -- Validation ACC: 0.400 -- Validation F1: 0.324
2024-07-16,19:59:20 [INFO] Epoch: 16/20 -- Train Loss: 0.229 -- Validation Loss: 4.674 -- Validation ACC: 0.400 -- Validation F1: 0.317
2024-07-16,19:59:20 [INFO] Epoch: 17/20 -- Train Loss: -0.216 -- Validation Loss: 4.693 -- Validation ACC: 0.400 -- Validation F1: 0.317
2024-07-16,19:59:21 [INFO] Epoch: 18/20 -- Train Loss: 0.789 -- Validation Loss: 4.681 -- Validation ACC: 0.400 -- Validation F1: 0.317
2024-07-16,19:59:22 [INFO] Epoch: 19/20 -- Train Loss: -0.184 -- Validation Loss: 4.637 -- Validation ACC: 0.400 -- Validation F1: 0.324
2024-07-16,19:59:22 [INFO] Run 4/5: Average Over Last 6 epochs -- Valid ACC: 0.39999999999999997 -- Valid F1-score: 0.3203703761100769
2024-07-16,19:59:22 [INFO] Test Results of Run 4/5: -- Test Loss: 4.459 -- Test ACC: 0.422 -- Test F1: 0.422
2024-07-16,19:59:22 [INFO] Validation average after 5 runs -- ACC: 0.404 -- F1-score: 0.328
2024-07-16,19:59:22 [INFO] Test average after 5 runs -- ACC: 0.429 -- F1-score: 0.424
2024-07-16,19:59:22 [INFO] Finished round 6/10 of experiments!
2024-07-16,19:59:22 [INFO] Started round 7/10 of experiments!
2024-07-16,19:59:22 [INFO] Loading previous pretrained model at ./pretrained/GCN_Pretrained_2024-06-26-12-56-52.pth
2024-07-16,19:59:23 [INFO] Pretrained GNN on Source Dataset -- Test Loss: 3.850 -- Test ACC: 0.444 -- Test F1-score: 0.438
2024-07-16,19:59:23 [INFO] Pretrained GNN on Target Dataset Without Prompting: -- Validation Loss: 4.397 -- Validation ACC: 0.400 -- Validation F1-score: 0.375 -- Test Loss: 3.301 -- Test ACC: 0.456 -- Test F1-score: 0.457
2024-07-16,19:59:24 [INFO] Epoch: 0/20 -- Train Loss: 1.898 -- Validation Loss: 4.499 -- Validation ACC: 0.400 -- Validation F1: 0.382
2024-07-16,19:59:29 [INFO] Epoch: 10/20 -- Train Loss: 0.398 -- Validation Loss: 4.217 -- Validation ACC: 0.400 -- Validation F1: 0.382
2024-07-16,19:59:31 [INFO] Epoch: 14/20 -- Train Loss: 0.139 -- Validation Loss: 4.234 -- Validation ACC: 0.400 -- Validation F1: 0.382
2024-07-16,19:59:32 [INFO] Epoch: 15/20 -- Train Loss: -0.195 -- Validation Loss: 4.233 -- Validation ACC: 0.400 -- Validation F1: 0.382
2024-07-16,19:59:32 [INFO] Epoch: 16/20 -- Train Loss: 0.268 -- Validation Loss: 4.240 -- Validation ACC: 0.400 -- Validation F1: 0.382
2024-07-16,19:59:33 [INFO] Epoch: 17/20 -- Train Loss: 1.030 -- Validation Loss: 4.253 -- Validation ACC: 0.400 -- Validation F1: 0.382
2024-07-16,19:59:34 [INFO] Epoch: 18/20 -- Train Loss: 0.056 -- Validation Loss: 4.298 -- Validation ACC: 0.400 -- Validation F1: 0.382
2024-07-16,19:59:34 [INFO] Epoch: 19/20 -- Train Loss: -0.091 -- Validation Loss: 4.340 -- Validation ACC: 0.400 -- Validation F1: 0.382
2024-07-16,19:59:34 [INFO] Run 0/5: Average Over Last 6 epochs -- Valid ACC: 0.39999999999999997 -- Valid F1-score: 0.38227513432502747
2024-07-16,19:59:35 [INFO] Test Results of Run 0/5: -- Test Loss: 3.301 -- Test ACC: 0.456 -- Test F1: 0.454
2024-07-16,19:59:35 [INFO] Epoch: 0/20 -- Train Loss: -0.042 -- Validation Loss: 4.920 -- Validation ACC: 0.400 -- Validation F1: 0.375
2024-07-16,19:59:40 [INFO] Epoch: 10/20 -- Train Loss: 0.279 -- Validation Loss: 4.278 -- Validation ACC: 0.400 -- Validation F1: 0.375
2024-07-16,19:59:42 [INFO] Epoch: 14/20 -- Train Loss: 0.799 -- Validation Loss: 4.264 -- Validation ACC: 0.400 -- Validation F1: 0.375
2024-07-16,19:59:42 [INFO] Epoch: 15/20 -- Train Loss: 1.266 -- Validation Loss: 4.379 -- Validation ACC: 0.400 -- Validation F1: 0.375
2024-07-16,19:59:43 [INFO] Epoch: 16/20 -- Train Loss: 0.273 -- Validation Loss: 4.447 -- Validation ACC: 0.400 -- Validation F1: 0.375
2024-07-16,19:59:44 [INFO] Epoch: 17/20 -- Train Loss: 0.509 -- Validation Loss: 4.479 -- Validation ACC: 0.400 -- Validation F1: 0.372
2024-07-16,19:59:44 [INFO] Epoch: 18/20 -- Train Loss: 0.546 -- Validation Loss: 4.449 -- Validation ACC: 0.400 -- Validation F1: 0.372
2024-07-16,19:59:45 [INFO] Epoch: 19/20 -- Train Loss: 0.607 -- Validation Loss: 4.350 -- Validation ACC: 0.400 -- Validation F1: 0.382
2024-07-16,19:59:45 [INFO] Run 1/5: Average Over Last 6 epochs -- Valid ACC: 0.39999999999999997 -- Valid F1-score: 0.3751102238893509
2024-07-16,19:59:45 [INFO] Test Results of Run 1/5: -- Test Loss: 3.264 -- Test ACC: 0.444 -- Test F1: 0.437
2024-07-16,19:59:46 [INFO] Epoch: 0/20 -- Train Loss: 0.534 -- Validation Loss: 4.998 -- Validation ACC: 0.400 -- Validation F1: 0.392
2024-07-16,19:59:50 [INFO] Epoch: 10/20 -- Train Loss: 0.328 -- Validation Loss: 4.308 -- Validation ACC: 0.400 -- Validation F1: 0.375
2024-07-16,19:59:53 [INFO] Epoch: 14/20 -- Train Loss: 0.177 -- Validation Loss: 4.319 -- Validation ACC: 0.400 -- Validation F1: 0.375
2024-07-16,19:59:53 [INFO] Epoch: 15/20 -- Train Loss: 0.103 -- Validation Loss: 4.334 -- Validation ACC: 0.400 -- Validation F1: 0.375
2024-07-16,19:59:54 [INFO] Epoch: 16/20 -- Train Loss: 0.974 -- Validation Loss: 4.296 -- Validation ACC: 0.400 -- Validation F1: 0.375
2024-07-16,19:59:55 [INFO] Epoch: 17/20 -- Train Loss: 0.043 -- Validation Loss: 4.223 -- Validation ACC: 0.400 -- Validation F1: 0.375
2024-07-16,19:59:55 [INFO] Epoch: 18/20 -- Train Loss: 0.275 -- Validation Loss: 4.235 -- Validation ACC: 0.400 -- Validation F1: 0.375
2024-07-16,19:59:56 [INFO] Epoch: 19/20 -- Train Loss: -0.133 -- Validation Loss: 4.242 -- Validation ACC: 0.400 -- Validation F1: 0.375
2024-07-16,19:59:56 [INFO] Run 2/5: Average Over Last 6 epochs -- Valid ACC: 0.39999999999999997 -- Valid F1-score: 0.375
2024-07-16,19:59:56 [INFO] Test Results of Run 2/5: -- Test Loss: 3.095 -- Test ACC: 0.444 -- Test F1: 0.438
2024-07-16,19:59:57 [INFO] Epoch: 0/20 -- Train Loss: 0.115 -- Validation Loss: 4.643 -- Validation ACC: 0.400 -- Validation F1: 0.398
2024-07-16,20:00:01 [INFO] Epoch: 10/20 -- Train Loss: 0.329 -- Validation Loss: 4.297 -- Validation ACC: 0.400 -- Validation F1: 0.375
2024-07-16,20:00:03 [INFO] Epoch: 14/20 -- Train Loss: 0.813 -- Validation Loss: 4.306 -- Validation ACC: 0.400 -- Validation F1: 0.382
2024-07-16,20:00:04 [INFO] Epoch: 15/20 -- Train Loss: -0.021 -- Validation Loss: 4.262 -- Validation ACC: 0.400 -- Validation F1: 0.382
2024-07-16,20:00:04 [INFO] Epoch: 16/20 -- Train Loss: 0.805 -- Validation Loss: 4.264 -- Validation ACC: 0.400 -- Validation F1: 0.382
2024-07-16,20:00:05 [INFO] Epoch: 17/20 -- Train Loss: -0.130 -- Validation Loss: 4.339 -- Validation ACC: 0.400 -- Validation F1: 0.382
2024-07-16,20:00:06 [INFO] Epoch: 18/20 -- Train Loss: 2.037 -- Validation Loss: 4.445 -- Validation ACC: 0.400 -- Validation F1: 0.382
2024-07-16,20:00:06 [INFO] Epoch: 19/20 -- Train Loss: 2.264 -- Validation Loss: 4.557 -- Validation ACC: 0.400 -- Validation F1: 0.394
2024-07-16,20:00:06 [INFO] Run 3/5: Average Over Last 6 epochs -- Valid ACC: 0.39999999999999997 -- Valid F1-score: 0.3841490298509598
2024-07-16,20:00:07 [INFO] Test Results of Run 3/5: -- Test Loss: 3.271 -- Test ACC: 0.456 -- Test F1: 0.450
2024-07-16,20:00:07 [INFO] Epoch: 0/20 -- Train Loss: 1.312 -- Validation Loss: 4.922 -- Validation ACC: 0.400 -- Validation F1: 0.375
2024-07-16,20:00:12 [INFO] Epoch: 10/20 -- Train Loss: 0.433 -- Validation Loss: 4.359 -- Validation ACC: 0.400 -- Validation F1: 0.382
2024-07-16,20:00:14 [INFO] Epoch: 14/20 -- Train Loss: 0.193 -- Validation Loss: 4.456 -- Validation ACC: 0.400 -- Validation F1: 0.375
2024-07-16,20:00:14 [INFO] Epoch: 15/20 -- Train Loss: 0.428 -- Validation Loss: 4.420 -- Validation ACC: 0.400 -- Validation F1: 0.375
2024-07-16,20:00:15 [INFO] Epoch: 16/20 -- Train Loss: 0.294 -- Validation Loss: 4.390 -- Validation ACC: 0.400 -- Validation F1: 0.375
2024-07-16,20:00:16 [INFO] Epoch: 17/20 -- Train Loss: -0.129 -- Validation Loss: 4.383 -- Validation ACC: 0.400 -- Validation F1: 0.375
2024-07-16,20:00:16 [INFO] Epoch: 18/20 -- Train Loss: 0.056 -- Validation Loss: 4.366 -- Validation ACC: 0.400 -- Validation F1: 0.382
2024-07-16,20:00:17 [INFO] Epoch: 19/20 -- Train Loss: 0.747 -- Validation Loss: 4.393 -- Validation ACC: 0.400 -- Validation F1: 0.375
2024-07-16,20:00:17 [INFO] Run 4/5: Average Over Last 6 epochs -- Valid ACC: 0.39999999999999997 -- Valid F1-score: 0.3762125223875046
2024-07-16,20:00:17 [INFO] Test Results of Run 4/5: -- Test Loss: 3.230 -- Test ACC: 0.456 -- Test F1: 0.448
2024-07-16,20:00:17 [INFO] Validation average after 5 runs -- ACC: 0.400 -- F1-score: 0.379
2024-07-16,20:00:17 [INFO] Test average after 5 runs -- ACC: 0.451 -- F1-score: 0.446
2024-07-16,20:00:17 [INFO] Finished round 7/10 of experiments!
2024-07-16,20:00:17 [INFO] Started round 8/10 of experiments!
2024-07-16,20:00:18 [INFO] Loading previous pretrained model at ./pretrained/GCN_Pretrained_2024-06-26-13-00-35.pth
2024-07-16,20:00:18 [INFO] Pretrained GNN on Source Dataset -- Test Loss: 3.924 -- Test ACC: 0.467 -- Test F1-score: 0.467
2024-07-16,20:00:19 [INFO] Pretrained GNN on Target Dataset Without Prompting: -- Validation Loss: 4.372 -- Validation ACC: 0.267 -- Validation F1-score: 0.256 -- Test Loss: 2.184 -- Test ACC: 0.478 -- Test F1-score: 0.483
2024-07-16,20:00:19 [INFO] Epoch: 0/20 -- Train Loss: 1.232 -- Validation Loss: 3.708 -- Validation ACC: 0.267 -- Validation F1: 0.254
2024-07-16,20:00:24 [INFO] Epoch: 10/20 -- Train Loss: 0.181 -- Validation Loss: 4.255 -- Validation ACC: 0.267 -- Validation F1: 0.256
2024-07-16,20:00:26 [INFO] Epoch: 14/20 -- Train Loss: 0.423 -- Validation Loss: 4.288 -- Validation ACC: 0.267 -- Validation F1: 0.262
2024-07-16,20:00:27 [INFO] Epoch: 15/20 -- Train Loss: 0.009 -- Validation Loss: 4.315 -- Validation ACC: 0.267 -- Validation F1: 0.262
2024-07-16,20:00:27 [INFO] Epoch: 16/20 -- Train Loss: 0.659 -- Validation Loss: 4.328 -- Validation ACC: 0.267 -- Validation F1: 0.262
2024-07-16,20:00:28 [INFO] Epoch: 17/20 -- Train Loss: 0.212 -- Validation Loss: 4.386 -- Validation ACC: 0.267 -- Validation F1: 0.256
2024-07-16,20:00:29 [INFO] Epoch: 18/20 -- Train Loss: 0.292 -- Validation Loss: 4.422 -- Validation ACC: 0.267 -- Validation F1: 0.256
2024-07-16,20:00:29 [INFO] Epoch: 19/20 -- Train Loss: 0.033 -- Validation Loss: 4.388 -- Validation ACC: 0.267 -- Validation F1: 0.256
2024-07-16,20:00:29 [INFO] Run 0/5: Average Over Last 6 epochs -- Valid ACC: 0.26666666666666666 -- Valid F1-score: 0.258928582072258
2024-07-16,20:00:29 [INFO] Test Results of Run 0/5: -- Test Loss: 2.193 -- Test ACC: 0.489 -- Test F1: 0.495
2024-07-16,20:00:30 [INFO] Epoch: 0/20 -- Train Loss: 0.335 -- Validation Loss: 4.506 -- Validation ACC: 0.267 -- Validation F1: 0.245
2024-07-16,20:00:34 [INFO] Epoch: 10/20 -- Train Loss: 0.096 -- Validation Loss: 4.192 -- Validation ACC: 0.267 -- Validation F1: 0.254
2024-07-16,20:00:36 [INFO] Epoch: 14/20 -- Train Loss: 0.352 -- Validation Loss: 4.223 -- Validation ACC: 0.267 -- Validation F1: 0.256
2024-07-16,20:00:37 [INFO] Epoch: 15/20 -- Train Loss: 0.260 -- Validation Loss: 4.213 -- Validation ACC: 0.267 -- Validation F1: 0.262
2024-07-16,20:00:38 [INFO] Epoch: 16/20 -- Train Loss: 0.118 -- Validation Loss: 4.225 -- Validation ACC: 0.267 -- Validation F1: 0.262
2024-07-16,20:00:38 [INFO] Epoch: 17/20 -- Train Loss: -0.166 -- Validation Loss: 4.316 -- Validation ACC: 0.267 -- Validation F1: 0.262
2024-07-16,20:00:39 [INFO] Epoch: 18/20 -- Train Loss: 0.201 -- Validation Loss: 4.398 -- Validation ACC: 0.267 -- Validation F1: 0.262
2024-07-16,20:00:40 [INFO] Epoch: 19/20 -- Train Loss: 0.767 -- Validation Loss: 4.412 -- Validation ACC: 0.267 -- Validation F1: 0.262
2024-07-16,20:00:40 [INFO] Run 1/5: Average Over Last 6 epochs -- Valid ACC: 0.26666666666666666 -- Valid F1-score: 0.2609127114216487
2024-07-16,20:00:40 [INFO] Test Results of Run 1/5: -- Test Loss: 2.215 -- Test ACC: 0.489 -- Test F1: 0.493
2024-07-16,20:00:40 [INFO] Epoch: 0/20 -- Train Loss: 1.046 -- Validation Loss: 4.396 -- Validation ACC: 0.267 -- Validation F1: 0.262
2024-07-16,20:00:45 [INFO] Epoch: 10/20 -- Train Loss: 0.100 -- Validation Loss: 4.305 -- Validation ACC: 0.267 -- Validation F1: 0.256
2024-07-16,20:00:47 [INFO] Epoch: 14/20 -- Train Loss: -0.046 -- Validation Loss: 4.515 -- Validation ACC: 0.267 -- Validation F1: 0.262
2024-07-16,20:00:47 [INFO] Epoch: 15/20 -- Train Loss: -0.011 -- Validation Loss: 4.557 -- Validation ACC: 0.267 -- Validation F1: 0.262
2024-07-16,20:00:48 [INFO] Epoch: 16/20 -- Train Loss: 0.644 -- Validation Loss: 4.571 -- Validation ACC: 0.267 -- Validation F1: 0.262
2024-07-16,20:00:48 [INFO] Epoch: 17/20 -- Train Loss: 0.039 -- Validation Loss: 4.599 -- Validation ACC: 0.267 -- Validation F1: 0.262
2024-07-16,20:00:49 [INFO] Epoch: 18/20 -- Train Loss: 0.051 -- Validation Loss: 4.606 -- Validation ACC: 0.267 -- Validation F1: 0.262
2024-07-16,20:00:50 [INFO] Epoch: 19/20 -- Train Loss: 0.544 -- Validation Loss: 4.585 -- Validation ACC: 0.267 -- Validation F1: 0.262
2024-07-16,20:00:50 [INFO] Run 2/5: Average Over Last 6 epochs -- Valid ACC: 0.26666666666666666 -- Valid F1-score: 0.261904776096344
2024-07-16,20:00:50 [INFO] Test Results of Run 2/5: -- Test Loss: 2.214 -- Test ACC: 0.489 -- Test F1: 0.495
2024-07-16,20:00:51 [INFO] Epoch: 0/20 -- Train Loss: 0.715 -- Validation Loss: 4.880 -- Validation ACC: 0.200 -- Validation F1: 0.200
2024-07-16,20:00:55 [INFO] Epoch: 10/20 -- Train Loss: 0.545 -- Validation Loss: 4.159 -- Validation ACC: 0.267 -- Validation F1: 0.262
2024-07-16,20:00:57 [INFO] Epoch: 14/20 -- Train Loss: 0.468 -- Validation Loss: 4.215 -- Validation ACC: 0.267 -- Validation F1: 0.254
2024-07-16,20:00:58 [INFO] Epoch: 15/20 -- Train Loss: 0.040 -- Validation Loss: 4.195 -- Validation ACC: 0.267 -- Validation F1: 0.262
2024-07-16,20:00:59 [INFO] Epoch: 16/20 -- Train Loss: -0.141 -- Validation Loss: 4.227 -- Validation ACC: 0.267 -- Validation F1: 0.262
2024-07-16,20:00:59 [INFO] Epoch: 17/20 -- Train Loss: 2.688 -- Validation Loss: 4.245 -- Validation ACC: 0.267 -- Validation F1: 0.262
2024-07-16,20:01:00 [INFO] Epoch: 18/20 -- Train Loss: 0.158 -- Validation Loss: 4.172 -- Validation ACC: 0.267 -- Validation F1: 0.262
2024-07-16,20:01:01 [INFO] Epoch: 19/20 -- Train Loss: 0.415 -- Validation Loss: 4.172 -- Validation ACC: 0.267 -- Validation F1: 0.262
2024-07-16,20:01:01 [INFO] Run 3/5: Average Over Last 6 epochs -- Valid ACC: 0.26666666666666666 -- Valid F1-score: 0.2605820248524348
2024-07-16,20:01:01 [INFO] Test Results of Run 3/5: -- Test Loss: 2.183 -- Test ACC: 0.478 -- Test F1: 0.483
2024-07-16,20:01:02 [INFO] Epoch: 0/20 -- Train Loss: 0.035 -- Validation Loss: 4.335 -- Validation ACC: 0.267 -- Validation F1: 0.256
2024-07-16,20:01:07 [INFO] Epoch: 10/20 -- Train Loss: 0.538 -- Validation Loss: 4.030 -- Validation ACC: 0.267 -- Validation F1: 0.262
2024-07-16,20:01:09 [INFO] Epoch: 14/20 -- Train Loss: 0.340 -- Validation Loss: 4.377 -- Validation ACC: 0.267 -- Validation F1: 0.256
2024-07-16,20:01:09 [INFO] Epoch: 15/20 -- Train Loss: 0.024 -- Validation Loss: 4.399 -- Validation ACC: 0.267 -- Validation F1: 0.256
2024-07-16,20:01:10 [INFO] Epoch: 16/20 -- Train Loss: 0.066 -- Validation Loss: 4.360 -- Validation ACC: 0.267 -- Validation F1: 0.256
2024-07-16,20:01:10 [INFO] Epoch: 17/20 -- Train Loss: 0.489 -- Validation Loss: 4.335 -- Validation ACC: 0.267 -- Validation F1: 0.262
2024-07-16,20:01:11 [INFO] Epoch: 18/20 -- Train Loss: 1.372 -- Validation Loss: 4.340 -- Validation ACC: 0.267 -- Validation F1: 0.262
2024-07-16,20:01:12 [INFO] Epoch: 19/20 -- Train Loss: 0.049 -- Validation Loss: 4.418 -- Validation ACC: 0.267 -- Validation F1: 0.262
2024-07-16,20:01:12 [INFO] Run 4/5: Average Over Last 6 epochs -- Valid ACC: 0.26666666666666666 -- Valid F1-score: 0.258928582072258
2024-07-16,20:01:12 [INFO] Test Results of Run 4/5: -- Test Loss: 2.250 -- Test ACC: 0.467 -- Test F1: 0.467
2024-07-16,20:01:12 [INFO] Validation average after 5 runs -- ACC: 0.267 -- F1-score: 0.260
2024-07-16,20:01:12 [INFO] Test average after 5 runs -- ACC: 0.482 -- F1-score: 0.487
2024-07-16,20:01:12 [INFO] Finished round 8/10 of experiments!
2024-07-16,20:01:12 [INFO] Started round 9/10 of experiments!
2024-07-16,20:01:12 [INFO] Loading previous pretrained model at ./pretrained/GCN_Pretrained_2024-06-26-13-03-54.pth
2024-07-16,20:01:12 [INFO] Pretrained GNN on Source Dataset -- Test Loss: 2.989 -- Test ACC: 0.611 -- Test F1-score: 0.601
2024-07-16,20:01:13 [INFO] Pretrained GNN on Target Dataset Without Prompting: -- Validation Loss: 6.332 -- Validation ACC: 0.333 -- Validation F1-score: 0.293 -- Test Loss: 4.276 -- Test ACC: 0.511 -- Test F1-score: 0.477
2024-07-16,20:01:13 [INFO] Epoch: 0/20 -- Train Loss: -0.108 -- Validation Loss: 6.547 -- Validation ACC: 0.333 -- Validation F1: 0.310
2024-07-16,20:01:18 [INFO] Epoch: 10/20 -- Train Loss: 0.953 -- Validation Loss: 6.195 -- Validation ACC: 0.267 -- Validation F1: 0.278
2024-07-16,20:01:20 [INFO] Epoch: 14/20 -- Train Loss: 0.034 -- Validation Loss: 6.408 -- Validation ACC: 0.333 -- Validation F1: 0.310
2024-07-16,20:01:21 [INFO] Epoch: 15/20 -- Train Loss: 5.259 -- Validation Loss: 6.293 -- Validation ACC: 0.267 -- Validation F1: 0.278
2024-07-16,20:01:21 [INFO] Epoch: 16/20 -- Train Loss: -0.089 -- Validation Loss: 6.083 -- Validation ACC: 0.267 -- Validation F1: 0.278
2024-07-16,20:01:22 [INFO] Epoch: 17/20 -- Train Loss: 0.627 -- Validation Loss: 6.090 -- Validation ACC: 0.267 -- Validation F1: 0.278
2024-07-16,20:01:22 [INFO] Epoch: 18/20 -- Train Loss: 0.457 -- Validation Loss: 6.142 -- Validation ACC: 0.267 -- Validation F1: 0.278
2024-07-16,20:01:23 [INFO] Epoch: 19/20 -- Train Loss: 0.924 -- Validation Loss: 6.182 -- Validation ACC: 0.267 -- Validation F1: 0.278
2024-07-16,20:01:23 [INFO] Run 0/5: Average Over Last 6 epochs -- Valid ACC: 0.27777777777777773 -- Valid F1-score: 0.2830687959988912
2024-07-16,20:01:23 [INFO] Test Results of Run 0/5: -- Test Loss: 3.890 -- Test ACC: 0.522 -- Test F1: 0.490
2024-07-16,20:01:24 [INFO] Epoch: 0/20 -- Train Loss: -0.109 -- Validation Loss: 7.220 -- Validation ACC: 0.267 -- Validation F1: 0.210
2024-07-16,20:01:28 [INFO] Epoch: 10/20 -- Train Loss: 0.576 -- Validation Loss: 6.473 -- Validation ACC: 0.267 -- Validation F1: 0.261
2024-07-16,20:01:30 [INFO] Epoch: 14/20 -- Train Loss: 0.792 -- Validation Loss: 6.533 -- Validation ACC: 0.267 -- Validation F1: 0.226
2024-07-16,20:01:31 [INFO] Epoch: 15/20 -- Train Loss: 1.502 -- Validation Loss: 6.453 -- Validation ACC: 0.267 -- Validation F1: 0.278
2024-07-16,20:01:32 [INFO] Epoch: 16/20 -- Train Loss: -0.128 -- Validation Loss: 6.442 -- Validation ACC: 0.267 -- Validation F1: 0.278
2024-07-16,20:01:32 [INFO] Epoch: 17/20 -- Train Loss: 0.363 -- Validation Loss: 6.454 -- Validation ACC: 0.333 -- Validation F1: 0.310
2024-07-16,20:01:33 [INFO] Epoch: 18/20 -- Train Loss: 0.459 -- Validation Loss: 6.517 -- Validation ACC: 0.333 -- Validation F1: 0.310
2024-07-16,20:01:34 [INFO] Epoch: 19/20 -- Train Loss: 0.148 -- Validation Loss: 6.642 -- Validation ACC: 0.333 -- Validation F1: 0.310
2024-07-16,20:01:34 [INFO] Run 1/5: Average Over Last 6 epochs -- Valid ACC: 0.3 -- Valid F1-score: 0.28505292038122815
2024-07-16,20:01:34 [INFO] Test Results of Run 1/5: -- Test Loss: 4.263 -- Test ACC: 0.544 -- Test F1: 0.507
2024-07-16,20:01:35 [INFO] Epoch: 0/20 -- Train Loss: 2.178 -- Validation Loss: 7.849 -- Validation ACC: 0.333 -- Validation F1: 0.276
2024-07-16,20:01:39 [INFO] Epoch: 10/20 -- Train Loss: 0.445 -- Validation Loss: 6.563 -- Validation ACC: 0.333 -- Validation F1: 0.310
2024-07-16,20:01:41 [INFO] Epoch: 14/20 -- Train Loss: -0.144 -- Validation Loss: 6.393 -- Validation ACC: 0.333 -- Validation F1: 0.310
2024-07-16,20:01:41 [INFO] Epoch: 15/20 -- Train Loss: -0.167 -- Validation Loss: 6.397 -- Validation ACC: 0.333 -- Validation F1: 0.310
2024-07-16,20:01:42 [INFO] Epoch: 16/20 -- Train Loss: 0.347 -- Validation Loss: 6.401 -- Validation ACC: 0.333 -- Validation F1: 0.310
2024-07-16,20:01:43 [INFO] Epoch: 17/20 -- Train Loss: 0.658 -- Validation Loss: 6.367 -- Validation ACC: 0.333 -- Validation F1: 0.310
2024-07-16,20:01:43 [INFO] Epoch: 18/20 -- Train Loss: 0.286 -- Validation Loss: 6.361 -- Validation ACC: 0.333 -- Validation F1: 0.310
2024-07-16,20:01:44 [INFO] Epoch: 19/20 -- Train Loss: 0.755 -- Validation Loss: 6.406 -- Validation ACC: 0.333 -- Validation F1: 0.310
2024-07-16,20:01:44 [INFO] Run 2/5: Average Over Last 6 epochs -- Valid ACC: 0.3333333333333333 -- Valid F1-score: 0.3095238208770752
2024-07-16,20:01:44 [INFO] Test Results of Run 2/5: -- Test Loss: 4.151 -- Test ACC: 0.522 -- Test F1: 0.487
2024-07-16,20:01:45 [INFO] Epoch: 0/20 -- Train Loss: 2.194 -- Validation Loss: 7.825 -- Validation ACC: 0.267 -- Validation F1: 0.261
2024-07-16,20:01:50 [INFO] Epoch: 10/20 -- Train Loss: 0.394 -- Validation Loss: 6.409 -- Validation ACC: 0.267 -- Validation F1: 0.278
2024-07-16,20:01:51 [INFO] Epoch: 14/20 -- Train Loss: 0.443 -- Validation Loss: 6.398 -- Validation ACC: 0.333 -- Validation F1: 0.310
2024-07-16,20:01:52 [INFO] Epoch: 15/20 -- Train Loss: 1.571 -- Validation Loss: 6.384 -- Validation ACC: 0.267 -- Validation F1: 0.278
2024-07-16,20:01:53 [INFO] Epoch: 16/20 -- Train Loss: 0.647 -- Validation Loss: 6.301 -- Validation ACC: 0.267 -- Validation F1: 0.261
2024-07-16,20:01:53 [INFO] Epoch: 17/20 -- Train Loss: 0.480 -- Validation Loss: 6.313 -- Validation ACC: 0.267 -- Validation F1: 0.261
2024-07-16,20:01:54 [INFO] Epoch: 18/20 -- Train Loss: 0.121 -- Validation Loss: 6.417 -- Validation ACC: 0.267 -- Validation F1: 0.261
2024-07-16,20:01:54 [INFO] Epoch: 19/20 -- Train Loss: -0.189 -- Validation Loss: 6.543 -- Validation ACC: 0.200 -- Validation F1: 0.194
2024-07-16,20:01:54 [INFO] Run 3/5: Average Over Last 6 epochs -- Valid ACC: 0.26666666666666666 -- Valid F1-score: 0.2608465651671092
2024-07-16,20:01:55 [INFO] Test Results of Run 3/5: -- Test Loss: 4.345 -- Test ACC: 0.500 -- Test F1: 0.443
2024-07-16,20:01:55 [INFO] Epoch: 0/20 -- Train Loss: 2.592 -- Validation Loss: 6.629 -- Validation ACC: 0.267 -- Validation F1: 0.261
2024-07-16,20:02:00 [INFO] Epoch: 10/20 -- Train Loss: 0.770 -- Validation Loss: 6.611 -- Validation ACC: 0.267 -- Validation F1: 0.278
2024-07-16,20:02:02 [INFO] Epoch: 14/20 -- Train Loss: 0.615 -- Validation Loss: 6.516 -- Validation ACC: 0.267 -- Validation F1: 0.261
2024-07-16,20:02:02 [INFO] Epoch: 15/20 -- Train Loss: 0.124 -- Validation Loss: 6.474 -- Validation ACC: 0.267 -- Validation F1: 0.261
2024-07-16,20:02:03 [INFO] Epoch: 16/20 -- Train Loss: 0.395 -- Validation Loss: 6.453 -- Validation ACC: 0.267 -- Validation F1: 0.261
2024-07-16,20:02:04 [INFO] Epoch: 17/20 -- Train Loss: 2.406 -- Validation Loss: 6.400 -- Validation ACC: 0.267 -- Validation F1: 0.278
2024-07-16,20:02:04 [INFO] Epoch: 18/20 -- Train Loss: 0.061 -- Validation Loss: 6.326 -- Validation ACC: 0.267 -- Validation F1: 0.278
2024-07-16,20:02:05 [INFO] Epoch: 19/20 -- Train Loss: -0.233 -- Validation Loss: 6.266 -- Validation ACC: 0.267 -- Validation F1: 0.278
2024-07-16,20:02:05 [INFO] Run 4/5: Average Over Last 6 epochs -- Valid ACC: 0.26666666666666666 -- Valid F1-score: 0.26944445073604584
2024-07-16,20:02:05 [INFO] Test Results of Run 4/5: -- Test Loss: 4.164 -- Test ACC: 0.522 -- Test F1: 0.488
2024-07-16,20:02:05 [INFO] Validation average after 5 runs -- ACC: 0.289 -- F1-score: 0.282
2024-07-16,20:02:05 [INFO] Test average after 5 runs -- ACC: 0.522 -- F1-score: 0.483
2024-07-16,20:02:05 [INFO] Finished round 9/10 of experiments!
2024-07-16,20:02:05 [INFO] Final results: -- Source Test Acc: 0.489 -- Source Test F1: 0.487 -- Target Valid Acc: 0.373 -- Target Valid F1: 0.329 -- Target Test Acc: 0.466 -- Target Test F1: 0.459 -- Prompt Test Acc: 0.464 -- Prompt Valid Acc: 0.377 -- Prompt Test F1: 0.458 -- Prompt Valid F1: 0.334
2024-07-16,20:02:05 [INFO] Pretrained modela are saved to: ./pretrained/GCN_Pretrained_2024-06-26-12-38-23.pth ./pretrained/GCN_Pretrained_2024-06-26-12-40-56.pth ./pretrained/GCN_Pretrained_2024-06-26-12-43-30.pth ./pretrained/GCN_Pretrained_2024-06-26-12-46-04.pth ./pretrained/GCN_Pretrained_2024-06-26-12-48-38.pth ./pretrained/GCN_Pretrained_2024-06-26-12-51-12.pth ./pretrained/GCN_Pretrained_2024-06-26-12-53-46.pth ./pretrained/GCN_Pretrained_2024-06-26-12-56-52.pth ./pretrained/GCN_Pretrained_2024-06-26-13-00-35.pth ./pretrained/GCN_Pretrained_2024-06-26-13-03-54.pth
