2024-07-22,12:32:37 [INFO] Logging to: ./log/2024-07-22-12-32-37.log
2024-07-22,12:32:37 [INFO] Reading config from: ./config/dhfr.yaml
2024-07-22,12:32:37 [INFO] Namespace(total_iters=10, prompt_method='gpf_plus', s_dataset='DHFR', t_dataset='DHFR', prompt_fn='gpf_plus', shift_type='structural', p_shift_intra=0.0, p_shift_inter=0.0, pretrain=True, save_pretrained=False, soft_label=False, add_link_loss=False, attn_with_param=False, empty_pretrained_dir=False, iterative_clustering=False, clutering_iters=3, entropy_div_ratio=3, w_entropy_loss=0.0, w_softmax_loss=0.0, w_domain_loss=0.0, r_reg=0.0, gnn_weight_decay=0.0, weight_decay=0.0, gnn_type='gcn', gnn_num_layers=3, pretrained_path=['./pretrained/GCN_Pretrained_2024-07-01-14-54-05.pth', './pretrained/GCN_Pretrained_2024-07-01-14-56-23.pth', './pretrained/GCN_Pretrained_2024-07-01-14-58-41.pth', './pretrained/GCN_Pretrained_2024-07-01-15-00-59.pth', './pretrained/GCN_Pretrained_2024-07-01-15-03-17.pth', './pretrained/GCN_Pretrained_2024-07-01-15-05-37.pth', './pretrained/GCN_Pretrained_2024-07-01-15-07-56.pth', './pretrained/GCN_Pretrained_2024-07-01-15-10-20.pth', './pretrained/GCN_Pretrained_2024-07-01-15-12-47.pth', './pretrained/GCN_Pretrained_2024-07-01-15-15-13.pth'], gnn_n_epochs=100, gnn_eval_step=10, gnn_h_dim=512, gnn_lr=0.01, gnn_step_size=50, gnn_gamma=0.5, gnn_batch_size=64, gnn_dropout=0.4, n_epochs=30, eval_step=10, h_dim=512, lr=0.001, step_size=50, gamma=0.5, batch_size=64, num_tokens=50, src_ratio=0.5, dropout=0.3, cut_off=0.5, aug_type='feature', light_aug_prob=0.1, light_aug_mode='mask', pos_aug_mode='mask', neg_aug_mode='arbitrary', noise_cov_scale=1.0, noise_mean_shift=1.0, noise_shift_mode='homophily', noise_select_mode='soft', cross_prune=0.8, inner_prune=0.3, num_runs=5, p_raug=0.15, n_raug=0.15, s_split=[0.65, 0.3], t_split=[0.65, 0.3], seed=[1676, 3733, 3589, 4867, 2980, 1142, 3035, 4432, 4672, 4010], config_from_file='./config/dhfr.yaml', config_to_file='', label_reduction=0.5)
2024-07-22,12:32:37 [INFO] ####################################################################################################
2024-07-22,12:32:37 [INFO] Args seeds: [1676, 3733, 3589, 4867, 2980, 1142, 3035, 4432, 4672, 4010]
2024-07-22,12:32:37 [INFO] Source Dataset: DHFR, Target Dataset: DHFR. Training, Test: Source: [0.65, 0.3], Target: [0.65, 0.3] -- Batch size: 64
2024-07-22,12:32:37 [INFO] All input pretrained paths: ['./pretrained/GCN_Pretrained_2024-07-01-14-54-05.pth', './pretrained/GCN_Pretrained_2024-07-01-14-56-23.pth', './pretrained/GCN_Pretrained_2024-07-01-14-58-41.pth', './pretrained/GCN_Pretrained_2024-07-01-15-00-59.pth', './pretrained/GCN_Pretrained_2024-07-01-15-03-17.pth', './pretrained/GCN_Pretrained_2024-07-01-15-05-37.pth', './pretrained/GCN_Pretrained_2024-07-01-15-07-56.pth', './pretrained/GCN_Pretrained_2024-07-01-15-10-20.pth', './pretrained/GCN_Pretrained_2024-07-01-15-12-47.pth', './pretrained/GCN_Pretrained_2024-07-01-15-15-13.pth']
2024-07-22,12:32:37 [INFO] Started round 0/10 of experiments!
2024-07-22,12:32:37 [INFO] Setting for pretraining: Model: {'gnn_type': 'gcn', 'in_channels': 56, 'hidden_channels': 512, 'out_channels': 2, 'num_layers': 3, 'dropout': 0.4, 'with_bn': False, 'with_head': True} -- Optimizer: {'lr': 0.01, 'scheduler_step_size': 50, 'scheduler_gamma': 0.5, 'weight_decay': 0.0} -- Training: {'n_epochs': 100}
2024-07-22,12:32:37 [INFO] Loading previous pretrained model at ./pretrained/GCN_Pretrained_2024-07-01-14-54-05.pth
2024-07-22,12:32:37 [INFO] Total number of tokens: 50
2024-07-22,12:32:37 [INFO] Prompting method: gpf_plus -- Setting: Prompting function: gpf_plus -- Target Dataset: DHFR
2024-07-22,12:32:37 [INFO] Setting for prompt tuning: Prompt: {'token_dim': 56, 'token_num': 50} -- Pretrained Model: {'gnn_type': 'gcn', 'in_channels': 56, 'hidden_channels': 512, 'out_channels': 2, 'num_layers': 3, 'dropout': 0.4, 'with_bn': False, 'with_head': True} -- Optimizer: {'lr': 0.001, 'scheduler_step_size': 50, 'scheduler_gamma': 0.5, 'weight_decay': 0.0} -- Training: {'n_epochs': 30, 'r_reg': 0.0, 'num_classes': 2, 'cut_off': 0.5}
2024-07-22,12:32:37 [INFO] Prompt tuning started: Num runs: 5 -- Eval step: 10
2024-07-22,12:32:37 [INFO] Pretrained GNN on Source Dataset -- Test Loss: 0.863 -- Test ACC: 0.661 -- Test F1-score: 0.702
2024-07-22,12:32:38 [INFO] Pretrained GNN on Target Dataset Without Prompting: -- Validation Loss: 0.762 -- Validation ACC: 0.611 -- Validation F1-score: 0.667 -- Test Loss: 0.711 -- Test ACC: 0.774 -- Test F1-score: 0.803
2024-07-22,12:32:39 [INFO] Epoch: 0/30 -- Train Loss: 0.986 -- Validation Loss: 1.032 -- Validation ACC: 0.444 -- Validation F1: 0.444
2024-07-22,12:32:42 [INFO] Epoch: 10/30 -- Train Loss: 1.003 -- Validation Loss: 0.884 -- Validation ACC: 0.500 -- Validation F1: 0.526
2024-07-22,12:32:45 [INFO] Epoch: 20/30 -- Train Loss: 1.149 -- Validation Loss: 0.843 -- Validation ACC: 0.667 -- Validation F1: 0.727
2024-07-22,12:32:47 [INFO] Epoch: 24/30 -- Train Loss: 0.567 -- Validation Loss: 0.844 -- Validation ACC: 0.667 -- Validation F1: 0.727
2024-07-22,12:32:47 [INFO] Epoch: 25/30 -- Train Loss: 0.994 -- Validation Loss: 0.845 -- Validation ACC: 0.667 -- Validation F1: 0.727
2024-07-22,12:32:48 [INFO] Epoch: 26/30 -- Train Loss: 0.969 -- Validation Loss: 0.843 -- Validation ACC: 0.667 -- Validation F1: 0.727
2024-07-22,12:32:48 [INFO] Epoch: 27/30 -- Train Loss: 1.271 -- Validation Loss: 0.841 -- Validation ACC: 0.667 -- Validation F1: 0.727
2024-07-22,12:32:49 [INFO] Epoch: 28/30 -- Train Loss: 1.045 -- Validation Loss: 0.841 -- Validation ACC: 0.667 -- Validation F1: 0.727
2024-07-22,12:32:49 [INFO] Epoch: 29/30 -- Train Loss: 0.889 -- Validation Loss: 0.841 -- Validation ACC: 0.667 -- Validation F1: 0.727
2024-07-22,12:32:49 [INFO] Run 0/5: Average Over Last 6 epochs -- Valid ACC: 0.6666666666666666 -- Valid F1-score: 0.7272727489471436
2024-07-22,12:32:50 [INFO] Test Results of Run 0/5: -- Test Loss: 0.674 -- Test ACC: 0.765 -- Test F1: 0.794
2024-07-22,12:32:50 [INFO] Epoch: 0/30 -- Train Loss: 1.454 -- Validation Loss: 0.790 -- Validation ACC: 0.556 -- Validation F1: 0.600
2024-07-22,12:32:54 [INFO] Epoch: 10/30 -- Train Loss: 1.113 -- Validation Loss: 0.780 -- Validation ACC: 0.611 -- Validation F1: 0.667
2024-07-22,12:32:58 [INFO] Epoch: 20/30 -- Train Loss: 0.699 -- Validation Loss: 0.777 -- Validation ACC: 0.611 -- Validation F1: 0.667
2024-07-22,12:33:00 [INFO] Epoch: 24/30 -- Train Loss: 0.647 -- Validation Loss: 0.781 -- Validation ACC: 0.611 -- Validation F1: 0.667
2024-07-22,12:33:01 [INFO] Epoch: 25/30 -- Train Loss: 0.897 -- Validation Loss: 0.782 -- Validation ACC: 0.611 -- Validation F1: 0.667
2024-07-22,12:33:01 [INFO] Epoch: 26/30 -- Train Loss: 1.088 -- Validation Loss: 0.783 -- Validation ACC: 0.611 -- Validation F1: 0.667
2024-07-22,12:33:02 [INFO] Epoch: 27/30 -- Train Loss: 0.781 -- Validation Loss: 0.787 -- Validation ACC: 0.611 -- Validation F1: 0.667
2024-07-22,12:33:03 [INFO] Epoch: 28/30 -- Train Loss: 1.386 -- Validation Loss: 0.786 -- Validation ACC: 0.611 -- Validation F1: 0.667
2024-07-22,12:33:03 [INFO] Epoch: 29/30 -- Train Loss: 0.868 -- Validation Loss: 0.785 -- Validation ACC: 0.611 -- Validation F1: 0.667
2024-07-22,12:33:03 [INFO] Run 1/5: Average Over Last 6 epochs -- Valid ACC: 0.6111111111111112 -- Valid F1-score: 0.6666666865348816
2024-07-22,12:33:04 [INFO] Test Results of Run 1/5: -- Test Loss: 0.644 -- Test ACC: 0.757 -- Test F1: 0.788
2024-07-22,12:33:04 [INFO] Epoch: 0/30 -- Train Loss: 1.290 -- Validation Loss: 0.797 -- Validation ACC: 0.611 -- Validation F1: 0.667
2024-07-22,12:33:09 [INFO] Epoch: 10/30 -- Train Loss: 1.154 -- Validation Loss: 0.809 -- Validation ACC: 0.611 -- Validation F1: 0.667
2024-07-22,12:33:13 [INFO] Epoch: 20/30 -- Train Loss: 0.736 -- Validation Loss: 0.825 -- Validation ACC: 0.611 -- Validation F1: 0.667
2024-07-22,12:33:16 [INFO] Epoch: 24/30 -- Train Loss: 0.712 -- Validation Loss: 0.829 -- Validation ACC: 0.611 -- Validation F1: 0.667
2024-07-22,12:33:16 [INFO] Epoch: 25/30 -- Train Loss: 0.839 -- Validation Loss: 0.831 -- Validation ACC: 0.611 -- Validation F1: 0.667
2024-07-22,12:33:17 [INFO] Epoch: 26/30 -- Train Loss: 1.092 -- Validation Loss: 0.830 -- Validation ACC: 0.611 -- Validation F1: 0.667
2024-07-22,12:33:18 [INFO] Epoch: 27/30 -- Train Loss: 1.039 -- Validation Loss: 0.831 -- Validation ACC: 0.611 -- Validation F1: 0.667
2024-07-22,12:33:18 [INFO] Epoch: 28/30 -- Train Loss: 1.223 -- Validation Loss: 0.831 -- Validation ACC: 0.611 -- Validation F1: 0.667
2024-07-22,12:33:19 [INFO] Epoch: 29/30 -- Train Loss: 0.757 -- Validation Loss: 0.831 -- Validation ACC: 0.611 -- Validation F1: 0.667
2024-07-22,12:33:19 [INFO] Run 2/5: Average Over Last 6 epochs -- Valid ACC: 0.6111111111111112 -- Valid F1-score: 0.6666666865348816
2024-07-22,12:33:19 [INFO] Test Results of Run 2/5: -- Test Loss: 0.668 -- Test ACC: 0.765 -- Test F1: 0.794
2024-07-22,12:33:20 [INFO] Epoch: 0/30 -- Train Loss: 1.517 -- Validation Loss: 0.854 -- Validation ACC: 0.556 -- Validation F1: 0.600
2024-07-22,12:33:25 [INFO] Epoch: 10/30 -- Train Loss: 1.177 -- Validation Loss: 0.816 -- Validation ACC: 0.556 -- Validation F1: 0.600
2024-07-22,12:33:29 [INFO] Epoch: 20/30 -- Train Loss: 0.942 -- Validation Loss: 0.815 -- Validation ACC: 0.556 -- Validation F1: 0.600
2024-07-22,12:33:31 [INFO] Epoch: 24/30 -- Train Loss: 0.803 -- Validation Loss: 0.817 -- Validation ACC: 0.556 -- Validation F1: 0.600
2024-07-22,12:33:32 [INFO] Epoch: 25/30 -- Train Loss: 0.956 -- Validation Loss: 0.818 -- Validation ACC: 0.556 -- Validation F1: 0.600
2024-07-22,12:33:33 [INFO] Epoch: 26/30 -- Train Loss: 0.710 -- Validation Loss: 0.818 -- Validation ACC: 0.611 -- Validation F1: 0.667
2024-07-22,12:33:33 [INFO] Epoch: 27/30 -- Train Loss: 0.861 -- Validation Loss: 0.818 -- Validation ACC: 0.611 -- Validation F1: 0.667
2024-07-22,12:33:34 [INFO] Epoch: 28/30 -- Train Loss: 0.746 -- Validation Loss: 0.818 -- Validation ACC: 0.611 -- Validation F1: 0.667
2024-07-22,12:33:35 [INFO] Epoch: 29/30 -- Train Loss: 0.558 -- Validation Loss: 0.819 -- Validation ACC: 0.611 -- Validation F1: 0.667
2024-07-22,12:33:35 [INFO] Run 3/5: Average Over Last 6 epochs -- Valid ACC: 0.5925925925925927 -- Valid F1-score: 0.644444465637207
2024-07-22,12:33:35 [INFO] Test Results of Run 3/5: -- Test Loss: 0.639 -- Test ACC: 0.757 -- Test F1: 0.781
2024-07-22,12:33:36 [INFO] Epoch: 0/30 -- Train Loss: 0.726 -- Validation Loss: 1.006 -- Validation ACC: 0.444 -- Validation F1: 0.444
2024-07-22,12:33:40 [INFO] Epoch: 10/30 -- Train Loss: 0.763 -- Validation Loss: 0.848 -- Validation ACC: 0.667 -- Validation F1: 0.727
2024-07-22,12:33:45 [INFO] Epoch: 20/30 -- Train Loss: 1.099 -- Validation Loss: 0.817 -- Validation ACC: 0.667 -- Validation F1: 0.727
2024-07-22,12:33:47 [INFO] Epoch: 24/30 -- Train Loss: 1.121 -- Validation Loss: 0.817 -- Validation ACC: 0.667 -- Validation F1: 0.727
2024-07-22,12:33:47 [INFO] Epoch: 25/30 -- Train Loss: 0.976 -- Validation Loss: 0.818 -- Validation ACC: 0.667 -- Validation F1: 0.727
2024-07-22,12:33:48 [INFO] Epoch: 26/30 -- Train Loss: 0.741 -- Validation Loss: 0.820 -- Validation ACC: 0.667 -- Validation F1: 0.727
2024-07-22,12:33:49 [INFO] Epoch: 27/30 -- Train Loss: 0.939 -- Validation Loss: 0.819 -- Validation ACC: 0.667 -- Validation F1: 0.727
2024-07-22,12:33:50 [INFO] Epoch: 28/30 -- Train Loss: 0.746 -- Validation Loss: 0.820 -- Validation ACC: 0.667 -- Validation F1: 0.727
2024-07-22,12:33:50 [INFO] Epoch: 29/30 -- Train Loss: 0.930 -- Validation Loss: 0.820 -- Validation ACC: 0.667 -- Validation F1: 0.727
2024-07-22,12:33:50 [INFO] Run 4/5: Average Over Last 6 epochs -- Valid ACC: 0.6666666666666666 -- Valid F1-score: 0.7272727489471436
2024-07-22,12:33:51 [INFO] Test Results of Run 4/5: -- Test Loss: 0.696 -- Test ACC: 0.748 -- Test F1: 0.779
2024-07-22,12:33:51 [INFO] Validation average after 5 runs -- ACC: 0.630 -- F1-score: 0.686
2024-07-22,12:33:51 [INFO] Test average after 5 runs -- ACC: 0.758 -- F1-score: 0.787
2024-07-22,12:33:51 [INFO] Finished round 0/10 of experiments!
2024-07-22,12:33:51 [INFO] Started round 1/10 of experiments!
2024-07-22,12:33:51 [INFO] Loading previous pretrained model at ./pretrained/GCN_Pretrained_2024-07-01-14-56-23.pth
2024-07-22,12:33:51 [INFO] Total number of tokens: 50
2024-07-22,12:33:52 [INFO] Pretrained GNN on Source Dataset -- Test Loss: 0.964 -- Test ACC: 0.739 -- Test F1-score: 0.758
2024-07-22,12:33:52 [INFO] Pretrained GNN on Target Dataset Without Prompting: -- Validation Loss: 1.277 -- Validation ACC: 0.667 -- Validation F1-score: 0.769 -- Test Loss: 1.529 -- Test ACC: 0.643 -- Test F1-score: 0.713
2024-07-22,12:33:53 [INFO] Epoch: 0/30 -- Train Loss: 1.436 -- Validation Loss: 1.276 -- Validation ACC: 0.667 -- Validation F1: 0.769
2024-07-22,12:33:58 [INFO] Epoch: 10/30 -- Train Loss: 1.074 -- Validation Loss: 1.265 -- Validation ACC: 0.667 -- Validation F1: 0.769
2024-07-22,12:34:02 [INFO] Epoch: 20/30 -- Train Loss: 0.840 -- Validation Loss: 1.250 -- Validation ACC: 0.667 -- Validation F1: 0.769
2024-07-22,12:34:04 [INFO] Epoch: 24/30 -- Train Loss: 1.035 -- Validation Loss: 1.244 -- Validation ACC: 0.667 -- Validation F1: 0.769
2024-07-22,12:34:05 [INFO] Epoch: 25/30 -- Train Loss: 1.097 -- Validation Loss: 1.243 -- Validation ACC: 0.667 -- Validation F1: 0.769
2024-07-22,12:34:05 [INFO] Epoch: 26/30 -- Train Loss: 1.036 -- Validation Loss: 1.241 -- Validation ACC: 0.667 -- Validation F1: 0.769
2024-07-22,12:34:06 [INFO] Epoch: 27/30 -- Train Loss: 0.863 -- Validation Loss: 1.239 -- Validation ACC: 0.667 -- Validation F1: 0.769
2024-07-22,12:34:07 [INFO] Epoch: 28/30 -- Train Loss: 1.293 -- Validation Loss: 1.237 -- Validation ACC: 0.667 -- Validation F1: 0.769
2024-07-22,12:34:07 [INFO] Epoch: 29/30 -- Train Loss: 1.280 -- Validation Loss: 1.235 -- Validation ACC: 0.667 -- Validation F1: 0.769
2024-07-22,12:34:07 [INFO] Run 0/5: Average Over Last 6 epochs -- Valid ACC: 0.6666666666666666 -- Valid F1-score: 0.7692307829856873
2024-07-22,12:34:08 [INFO] Test Results of Run 0/5: -- Test Loss: 1.486 -- Test ACC: 0.652 -- Test F1: 0.718
2024-07-22,12:34:09 [INFO] Epoch: 0/30 -- Train Loss: 1.176 -- Validation Loss: 1.305 -- Validation ACC: 0.667 -- Validation F1: 0.769
2024-07-22,12:34:13 [INFO] Epoch: 10/30 -- Train Loss: 0.768 -- Validation Loss: 1.279 -- Validation ACC: 0.667 -- Validation F1: 0.769
2024-07-22,12:34:17 [INFO] Epoch: 20/30 -- Train Loss: 1.093 -- Validation Loss: 1.258 -- Validation ACC: 0.667 -- Validation F1: 0.769
2024-07-22,12:34:19 [INFO] Epoch: 24/30 -- Train Loss: 1.077 -- Validation Loss: 1.248 -- Validation ACC: 0.667 -- Validation F1: 0.769
2024-07-22,12:34:20 [INFO] Epoch: 25/30 -- Train Loss: 1.256 -- Validation Loss: 1.246 -- Validation ACC: 0.667 -- Validation F1: 0.769
2024-07-22,12:34:21 [INFO] Epoch: 26/30 -- Train Loss: 1.000 -- Validation Loss: 1.243 -- Validation ACC: 0.667 -- Validation F1: 0.769
2024-07-22,12:34:21 [INFO] Epoch: 27/30 -- Train Loss: 0.697 -- Validation Loss: 1.241 -- Validation ACC: 0.667 -- Validation F1: 0.769
2024-07-22,12:34:22 [INFO] Epoch: 28/30 -- Train Loss: 0.813 -- Validation Loss: 1.239 -- Validation ACC: 0.667 -- Validation F1: 0.769
2024-07-22,12:34:22 [INFO] Epoch: 29/30 -- Train Loss: 1.154 -- Validation Loss: 1.237 -- Validation ACC: 0.667 -- Validation F1: 0.769
2024-07-22,12:34:22 [INFO] Run 1/5: Average Over Last 6 epochs -- Valid ACC: 0.6666666666666666 -- Valid F1-score: 0.7692307829856873
2024-07-22,12:34:23 [INFO] Test Results of Run 1/5: -- Test Loss: 1.504 -- Test ACC: 0.652 -- Test F1: 0.718
2024-07-22,12:34:23 [INFO] Epoch: 0/30 -- Train Loss: 1.129 -- Validation Loss: 1.317 -- Validation ACC: 0.667 -- Validation F1: 0.769
2024-07-22,12:34:28 [INFO] Epoch: 10/30 -- Train Loss: 0.911 -- Validation Loss: 1.297 -- Validation ACC: 0.667 -- Validation F1: 0.769
2024-07-22,12:34:32 [INFO] Epoch: 20/30 -- Train Loss: 0.981 -- Validation Loss: 1.277 -- Validation ACC: 0.667 -- Validation F1: 0.769
2024-07-22,12:34:34 [INFO] Epoch: 24/30 -- Train Loss: 1.052 -- Validation Loss: 1.268 -- Validation ACC: 0.667 -- Validation F1: 0.769
2024-07-22,12:34:35 [INFO] Epoch: 25/30 -- Train Loss: 0.844 -- Validation Loss: 1.265 -- Validation ACC: 0.667 -- Validation F1: 0.769
2024-07-22,12:34:36 [INFO] Epoch: 26/30 -- Train Loss: 1.119 -- Validation Loss: 1.262 -- Validation ACC: 0.667 -- Validation F1: 0.769
2024-07-22,12:34:36 [INFO] Epoch: 27/30 -- Train Loss: 0.906 -- Validation Loss: 1.260 -- Validation ACC: 0.667 -- Validation F1: 0.769
2024-07-22,12:34:37 [INFO] Epoch: 28/30 -- Train Loss: 0.993 -- Validation Loss: 1.258 -- Validation ACC: 0.667 -- Validation F1: 0.769
2024-07-22,12:34:38 [INFO] Epoch: 29/30 -- Train Loss: 0.795 -- Validation Loss: 1.255 -- Validation ACC: 0.667 -- Validation F1: 0.769
2024-07-22,12:34:38 [INFO] Run 2/5: Average Over Last 6 epochs -- Valid ACC: 0.6666666666666666 -- Valid F1-score: 0.7692307829856873
2024-07-22,12:34:38 [INFO] Test Results of Run 2/5: -- Test Loss: 1.521 -- Test ACC: 0.643 -- Test F1: 0.709
2024-07-22,12:34:39 [INFO] Epoch: 0/30 -- Train Loss: 0.896 -- Validation Loss: 1.367 -- Validation ACC: 0.611 -- Validation F1: 0.741
2024-07-22,12:34:43 [INFO] Epoch: 10/30 -- Train Loss: 1.073 -- Validation Loss: 1.332 -- Validation ACC: 0.667 -- Validation F1: 0.769
2024-07-22,12:34:47 [INFO] Epoch: 20/30 -- Train Loss: 1.016 -- Validation Loss: 1.307 -- Validation ACC: 0.667 -- Validation F1: 0.769
2024-07-22,12:34:49 [INFO] Epoch: 24/30 -- Train Loss: 1.293 -- Validation Loss: 1.295 -- Validation ACC: 0.667 -- Validation F1: 0.769
2024-07-22,12:34:50 [INFO] Epoch: 25/30 -- Train Loss: 1.040 -- Validation Loss: 1.292 -- Validation ACC: 0.667 -- Validation F1: 0.769
2024-07-22,12:34:50 [INFO] Epoch: 26/30 -- Train Loss: 1.079 -- Validation Loss: 1.289 -- Validation ACC: 0.667 -- Validation F1: 0.769
2024-07-22,12:34:51 [INFO] Epoch: 27/30 -- Train Loss: 0.964 -- Validation Loss: 1.286 -- Validation ACC: 0.667 -- Validation F1: 0.769
2024-07-22,12:34:52 [INFO] Epoch: 28/30 -- Train Loss: 0.996 -- Validation Loss: 1.284 -- Validation ACC: 0.667 -- Validation F1: 0.769
2024-07-22,12:34:52 [INFO] Epoch: 29/30 -- Train Loss: 0.781 -- Validation Loss: 1.281 -- Validation ACC: 0.667 -- Validation F1: 0.769
2024-07-22,12:34:52 [INFO] Run 3/5: Average Over Last 6 epochs -- Valid ACC: 0.6666666666666666 -- Valid F1-score: 0.7692307829856873
2024-07-22,12:34:53 [INFO] Test Results of Run 3/5: -- Test Loss: 1.517 -- Test ACC: 0.661 -- Test F1: 0.727
2024-07-22,12:34:53 [INFO] Epoch: 0/30 -- Train Loss: 1.165 -- Validation Loss: 1.299 -- Validation ACC: 0.667 -- Validation F1: 0.769
2024-07-22,12:34:58 [INFO] Epoch: 10/30 -- Train Loss: 1.229 -- Validation Loss: 1.280 -- Validation ACC: 0.667 -- Validation F1: 0.769
2024-07-22,12:35:02 [INFO] Epoch: 20/30 -- Train Loss: 1.257 -- Validation Loss: 1.275 -- Validation ACC: 0.667 -- Validation F1: 0.769
2024-07-22,12:35:03 [INFO] Epoch: 24/30 -- Train Loss: 1.034 -- Validation Loss: 1.268 -- Validation ACC: 0.667 -- Validation F1: 0.769
2024-07-22,12:35:04 [INFO] Epoch: 25/30 -- Train Loss: 0.961 -- Validation Loss: 1.265 -- Validation ACC: 0.667 -- Validation F1: 0.769
2024-07-22,12:35:05 [INFO] Epoch: 26/30 -- Train Loss: 1.015 -- Validation Loss: 1.263 -- Validation ACC: 0.667 -- Validation F1: 0.769
2024-07-22,12:35:06 [INFO] Epoch: 27/30 -- Train Loss: 1.223 -- Validation Loss: 1.261 -- Validation ACC: 0.667 -- Validation F1: 0.769
2024-07-22,12:35:06 [INFO] Epoch: 28/30 -- Train Loss: 0.966 -- Validation Loss: 1.259 -- Validation ACC: 0.667 -- Validation F1: 0.769
2024-07-22,12:35:07 [INFO] Epoch: 29/30 -- Train Loss: 0.933 -- Validation Loss: 1.257 -- Validation ACC: 0.667 -- Validation F1: 0.769
2024-07-22,12:35:07 [INFO] Run 4/5: Average Over Last 6 epochs -- Valid ACC: 0.6666666666666666 -- Valid F1-score: 0.7692307829856873
2024-07-22,12:35:07 [INFO] Test Results of Run 4/5: -- Test Loss: 1.538 -- Test ACC: 0.635 -- Test F1: 0.700
2024-07-22,12:35:07 [INFO] Validation average after 5 runs -- ACC: 0.667 -- F1-score: 0.769
2024-07-22,12:35:07 [INFO] Test average after 5 runs -- ACC: 0.649 -- F1-score: 0.715
2024-07-22,12:35:07 [INFO] Finished round 1/10 of experiments!
2024-07-22,12:35:07 [INFO] Started round 2/10 of experiments!
2024-07-22,12:35:08 [INFO] Loading previous pretrained model at ./pretrained/GCN_Pretrained_2024-07-01-14-58-41.pth
2024-07-22,12:35:08 [INFO] Total number of tokens: 50
2024-07-22,12:35:08 [INFO] Pretrained GNN on Source Dataset -- Test Loss: 1.173 -- Test ACC: 0.757 -- Test F1-score: 0.813
2024-07-22,12:35:09 [INFO] Pretrained GNN on Target Dataset Without Prompting: -- Validation Loss: 0.928 -- Validation ACC: 0.667 -- Validation F1-score: 0.769 -- Test Loss: 0.858 -- Test ACC: 0.687 -- Test F1-score: 0.735
2024-07-22,12:35:09 [INFO] Epoch: 0/30 -- Train Loss: 0.678 -- Validation Loss: 0.925 -- Validation ACC: 0.667 -- Validation F1: 0.769
2024-07-22,12:35:13 [INFO] Epoch: 10/30 -- Train Loss: 0.777 -- Validation Loss: 0.889 -- Validation ACC: 0.667 -- Validation F1: 0.769
2024-07-22,12:35:18 [INFO] Epoch: 20/30 -- Train Loss: 0.481 -- Validation Loss: 0.858 -- Validation ACC: 0.611 -- Validation F1: 0.720
2024-07-22,12:35:19 [INFO] Epoch: 24/30 -- Train Loss: 0.514 -- Validation Loss: 0.847 -- Validation ACC: 0.611 -- Validation F1: 0.720
2024-07-22,12:35:20 [INFO] Epoch: 25/30 -- Train Loss: 0.583 -- Validation Loss: 0.844 -- Validation ACC: 0.611 -- Validation F1: 0.720
2024-07-22,12:35:21 [INFO] Epoch: 26/30 -- Train Loss: 0.367 -- Validation Loss: 0.842 -- Validation ACC: 0.611 -- Validation F1: 0.720
2024-07-22,12:35:22 [INFO] Epoch: 27/30 -- Train Loss: 0.551 -- Validation Loss: 0.840 -- Validation ACC: 0.611 -- Validation F1: 0.720
2024-07-22,12:35:22 [INFO] Epoch: 28/30 -- Train Loss: 0.510 -- Validation Loss: 0.837 -- Validation ACC: 0.611 -- Validation F1: 0.720
2024-07-22,12:35:23 [INFO] Epoch: 29/30 -- Train Loss: 0.583 -- Validation Loss: 0.835 -- Validation ACC: 0.611 -- Validation F1: 0.720
2024-07-22,12:35:23 [INFO] Run 0/5: Average Over Last 6 epochs -- Valid ACC: 0.6111111111111112 -- Valid F1-score: 0.7200000286102295
2024-07-22,12:35:23 [INFO] Test Results of Run 0/5: -- Test Loss: 0.776 -- Test ACC: 0.713 -- Test F1: 0.744
2024-07-22,12:35:24 [INFO] Epoch: 0/30 -- Train Loss: 0.721 -- Validation Loss: 0.897 -- Validation ACC: 0.667 -- Validation F1: 0.769
2024-07-22,12:35:28 [INFO] Epoch: 10/30 -- Train Loss: 0.450 -- Validation Loss: 0.848 -- Validation ACC: 0.667 -- Validation F1: 0.769
2024-07-22,12:35:33 [INFO] Epoch: 20/30 -- Train Loss: 0.327 -- Validation Loss: 0.817 -- Validation ACC: 0.611 -- Validation F1: 0.720
2024-07-22,12:35:34 [INFO] Epoch: 24/30 -- Train Loss: 0.548 -- Validation Loss: 0.805 -- Validation ACC: 0.611 -- Validation F1: 0.720
2024-07-22,12:35:35 [INFO] Epoch: 25/30 -- Train Loss: 0.627 -- Validation Loss: 0.803 -- Validation ACC: 0.611 -- Validation F1: 0.720
2024-07-22,12:35:36 [INFO] Epoch: 26/30 -- Train Loss: 0.736 -- Validation Loss: 0.800 -- Validation ACC: 0.611 -- Validation F1: 0.720
2024-07-22,12:35:36 [INFO] Epoch: 27/30 -- Train Loss: 0.513 -- Validation Loss: 0.798 -- Validation ACC: 0.611 -- Validation F1: 0.720
2024-07-22,12:35:37 [INFO] Epoch: 28/30 -- Train Loss: 0.644 -- Validation Loss: 0.796 -- Validation ACC: 0.611 -- Validation F1: 0.720
2024-07-22,12:35:38 [INFO] Epoch: 29/30 -- Train Loss: 0.537 -- Validation Loss: 0.793 -- Validation ACC: 0.611 -- Validation F1: 0.720
2024-07-22,12:35:38 [INFO] Run 1/5: Average Over Last 6 epochs -- Valid ACC: 0.6111111111111112 -- Valid F1-score: 0.7200000286102295
2024-07-22,12:35:38 [INFO] Test Results of Run 1/5: -- Test Loss: 0.779 -- Test ACC: 0.713 -- Test F1: 0.744
2024-07-22,12:35:39 [INFO] Epoch: 0/30 -- Train Loss: 0.666 -- Validation Loss: 0.903 -- Validation ACC: 0.667 -- Validation F1: 0.769
2024-07-22,12:35:43 [INFO] Epoch: 10/30 -- Train Loss: 0.499 -- Validation Loss: 0.866 -- Validation ACC: 0.667 -- Validation F1: 0.769
2024-07-22,12:35:48 [INFO] Epoch: 20/30 -- Train Loss: 0.380 -- Validation Loss: 0.838 -- Validation ACC: 0.611 -- Validation F1: 0.720
2024-07-22,12:35:50 [INFO] Epoch: 24/30 -- Train Loss: 0.544 -- Validation Loss: 0.826 -- Validation ACC: 0.611 -- Validation F1: 0.720
2024-07-22,12:35:50 [INFO] Epoch: 25/30 -- Train Loss: 0.447 -- Validation Loss: 0.823 -- Validation ACC: 0.611 -- Validation F1: 0.720
2024-07-22,12:35:51 [INFO] Epoch: 26/30 -- Train Loss: 0.569 -- Validation Loss: 0.821 -- Validation ACC: 0.611 -- Validation F1: 0.720
2024-07-22,12:35:52 [INFO] Epoch: 27/30 -- Train Loss: 0.600 -- Validation Loss: 0.818 -- Validation ACC: 0.611 -- Validation F1: 0.720
2024-07-22,12:35:53 [INFO] Epoch: 28/30 -- Train Loss: 0.548 -- Validation Loss: 0.815 -- Validation ACC: 0.611 -- Validation F1: 0.720
2024-07-22,12:35:53 [INFO] Epoch: 29/30 -- Train Loss: 0.436 -- Validation Loss: 0.811 -- Validation ACC: 0.611 -- Validation F1: 0.720
2024-07-22,12:35:53 [INFO] Run 2/5: Average Over Last 6 epochs -- Valid ACC: 0.6111111111111112 -- Valid F1-score: 0.7200000286102295
2024-07-22,12:35:54 [INFO] Test Results of Run 2/5: -- Test Loss: 0.763 -- Test ACC: 0.713 -- Test F1: 0.744
2024-07-22,12:35:54 [INFO] Epoch: 0/30 -- Train Loss: 0.534 -- Validation Loss: 0.915 -- Validation ACC: 0.667 -- Validation F1: 0.769
2024-07-22,12:35:58 [INFO] Epoch: 10/30 -- Train Loss: 0.531 -- Validation Loss: 0.847 -- Validation ACC: 0.667 -- Validation F1: 0.769
2024-07-22,12:36:03 [INFO] Epoch: 20/30 -- Train Loss: 0.530 -- Validation Loss: 0.811 -- Validation ACC: 0.611 -- Validation F1: 0.720
2024-07-22,12:36:05 [INFO] Epoch: 24/30 -- Train Loss: 0.533 -- Validation Loss: 0.801 -- Validation ACC: 0.611 -- Validation F1: 0.720
2024-07-22,12:36:05 [INFO] Epoch: 25/30 -- Train Loss: 0.730 -- Validation Loss: 0.799 -- Validation ACC: 0.611 -- Validation F1: 0.720
2024-07-22,12:36:06 [INFO] Epoch: 26/30 -- Train Loss: 0.583 -- Validation Loss: 0.796 -- Validation ACC: 0.611 -- Validation F1: 0.720
2024-07-22,12:36:06 [INFO] Epoch: 27/30 -- Train Loss: 0.404 -- Validation Loss: 0.794 -- Validation ACC: 0.611 -- Validation F1: 0.720
2024-07-22,12:36:07 [INFO] Epoch: 28/30 -- Train Loss: 0.559 -- Validation Loss: 0.791 -- Validation ACC: 0.611 -- Validation F1: 0.720
2024-07-22,12:36:08 [INFO] Epoch: 29/30 -- Train Loss: 0.550 -- Validation Loss: 0.789 -- Validation ACC: 0.611 -- Validation F1: 0.720
2024-07-22,12:36:08 [INFO] Run 3/5: Average Over Last 6 epochs -- Valid ACC: 0.6111111111111112 -- Valid F1-score: 0.7200000286102295
2024-07-22,12:36:08 [INFO] Test Results of Run 3/5: -- Test Loss: 0.757 -- Test ACC: 0.704 -- Test F1: 0.738
2024-07-22,12:36:09 [INFO] Epoch: 0/30 -- Train Loss: 0.738 -- Validation Loss: 0.891 -- Validation ACC: 0.667 -- Validation F1: 0.769
2024-07-22,12:36:13 [INFO] Epoch: 10/30 -- Train Loss: 0.373 -- Validation Loss: 0.850 -- Validation ACC: 0.667 -- Validation F1: 0.769
2024-07-22,12:36:17 [INFO] Epoch: 20/30 -- Train Loss: 0.648 -- Validation Loss: 0.826 -- Validation ACC: 0.667 -- Validation F1: 0.769
2024-07-22,12:36:19 [INFO] Epoch: 24/30 -- Train Loss: 0.558 -- Validation Loss: 0.817 -- Validation ACC: 0.611 -- Validation F1: 0.720
2024-07-22,12:36:19 [INFO] Epoch: 25/30 -- Train Loss: 0.694 -- Validation Loss: 0.815 -- Validation ACC: 0.611 -- Validation F1: 0.720
2024-07-22,12:36:20 [INFO] Epoch: 26/30 -- Train Loss: 0.434 -- Validation Loss: 0.812 -- Validation ACC: 0.611 -- Validation F1: 0.720
2024-07-22,12:36:21 [INFO] Epoch: 27/30 -- Train Loss: 0.654 -- Validation Loss: 0.810 -- Validation ACC: 0.611 -- Validation F1: 0.720
2024-07-22,12:36:21 [INFO] Epoch: 28/30 -- Train Loss: 0.483 -- Validation Loss: 0.807 -- Validation ACC: 0.611 -- Validation F1: 0.720
2024-07-22,12:36:22 [INFO] Epoch: 29/30 -- Train Loss: 0.510 -- Validation Loss: 0.805 -- Validation ACC: 0.611 -- Validation F1: 0.720
2024-07-22,12:36:22 [INFO] Run 4/5: Average Over Last 6 epochs -- Valid ACC: 0.6111111111111112 -- Valid F1-score: 0.7200000286102295
2024-07-22,12:36:23 [INFO] Test Results of Run 4/5: -- Test Loss: 0.773 -- Test ACC: 0.713 -- Test F1: 0.744
2024-07-22,12:36:23 [INFO] Validation average after 5 runs -- ACC: 0.611 -- F1-score: 0.720
2024-07-22,12:36:23 [INFO] Test average after 5 runs -- ACC: 0.711 -- F1-score: 0.743
2024-07-22,12:36:23 [INFO] Finished round 2/10 of experiments!
2024-07-22,12:36:23 [INFO] Started round 3/10 of experiments!
2024-07-22,12:36:23 [INFO] Loading previous pretrained model at ./pretrained/GCN_Pretrained_2024-07-01-15-00-59.pth
2024-07-22,12:36:23 [INFO] Total number of tokens: 50
2024-07-22,12:36:23 [INFO] Pretrained GNN on Source Dataset -- Test Loss: 0.746 -- Test ACC: 0.739 -- Test F1-score: 0.786
2024-07-22,12:36:24 [INFO] Pretrained GNN on Target Dataset Without Prompting: -- Validation Loss: 0.769 -- Validation ACC: 0.722 -- Validation F1-score: 0.706 -- Test Loss: 0.897 -- Test ACC: 0.748 -- Test F1-score: 0.810
2024-07-22,12:36:24 [INFO] Epoch: 0/30 -- Train Loss: 1.029 -- Validation Loss: 0.935 -- Validation ACC: 0.778 -- Validation F1: 0.778
2024-07-22,12:36:29 [INFO] Epoch: 10/30 -- Train Loss: 0.962 -- Validation Loss: 0.825 -- Validation ACC: 0.778 -- Validation F1: 0.778
2024-07-22,12:36:33 [INFO] Epoch: 20/30 -- Train Loss: 0.877 -- Validation Loss: 0.762 -- Validation ACC: 0.778 -- Validation F1: 0.778
2024-07-22,12:36:34 [INFO] Epoch: 24/30 -- Train Loss: 1.018 -- Validation Loss: 0.742 -- Validation ACC: 0.778 -- Validation F1: 0.778
2024-07-22,12:36:35 [INFO] Epoch: 25/30 -- Train Loss: 0.856 -- Validation Loss: 0.738 -- Validation ACC: 0.778 -- Validation F1: 0.778
2024-07-22,12:36:36 [INFO] Epoch: 26/30 -- Train Loss: 0.797 -- Validation Loss: 0.734 -- Validation ACC: 0.778 -- Validation F1: 0.778
2024-07-22,12:36:36 [INFO] Epoch: 27/30 -- Train Loss: 0.707 -- Validation Loss: 0.729 -- Validation ACC: 0.778 -- Validation F1: 0.778
2024-07-22,12:36:37 [INFO] Epoch: 28/30 -- Train Loss: 0.911 -- Validation Loss: 0.725 -- Validation ACC: 0.778 -- Validation F1: 0.778
2024-07-22,12:36:37 [INFO] Epoch: 29/30 -- Train Loss: 0.959 -- Validation Loss: 0.721 -- Validation ACC: 0.778 -- Validation F1: 0.778
2024-07-22,12:36:37 [INFO] Run 0/5: Average Over Last 6 epochs -- Valid ACC: 0.7777777777777778 -- Valid F1-score: 0.7777777910232544
2024-07-22,12:36:38 [INFO] Test Results of Run 0/5: -- Test Loss: 0.874 -- Test ACC: 0.757 -- Test F1: 0.818
2024-07-22,12:36:39 [INFO] Epoch: 0/30 -- Train Loss: 0.919 -- Validation Loss: 0.727 -- Validation ACC: 0.778 -- Validation F1: 0.778
2024-07-22,12:36:43 [INFO] Epoch: 10/30 -- Train Loss: 0.889 -- Validation Loss: 0.668 -- Validation ACC: 0.778 -- Validation F1: 0.778
2024-07-22,12:36:47 [INFO] Epoch: 20/30 -- Train Loss: 0.810 -- Validation Loss: 0.637 -- Validation ACC: 0.778 -- Validation F1: 0.778
2024-07-22,12:36:49 [INFO] Epoch: 24/30 -- Train Loss: 0.804 -- Validation Loss: 0.626 -- Validation ACC: 0.778 -- Validation F1: 0.778
2024-07-22,12:36:49 [INFO] Epoch: 25/30 -- Train Loss: 0.714 -- Validation Loss: 0.624 -- Validation ACC: 0.778 -- Validation F1: 0.778
2024-07-22,12:36:50 [INFO] Epoch: 26/30 -- Train Loss: 0.590 -- Validation Loss: 0.621 -- Validation ACC: 0.778 -- Validation F1: 0.778
2024-07-22,12:36:51 [INFO] Epoch: 27/30 -- Train Loss: 0.565 -- Validation Loss: 0.619 -- Validation ACC: 0.778 -- Validation F1: 0.778
2024-07-22,12:36:51 [INFO] Epoch: 28/30 -- Train Loss: 0.649 -- Validation Loss: 0.616 -- Validation ACC: 0.778 -- Validation F1: 0.778
2024-07-22,12:36:52 [INFO] Epoch: 29/30 -- Train Loss: 0.729 -- Validation Loss: 0.614 -- Validation ACC: 0.778 -- Validation F1: 0.778
2024-07-22,12:36:52 [INFO] Run 1/5: Average Over Last 6 epochs -- Valid ACC: 0.7777777777777778 -- Valid F1-score: 0.7777777910232544
2024-07-22,12:36:52 [INFO] Test Results of Run 1/5: -- Test Loss: 0.844 -- Test ACC: 0.722 -- Test F1: 0.789
2024-07-22,12:36:53 [INFO] Epoch: 0/30 -- Train Loss: 0.810 -- Validation Loss: 0.731 -- Validation ACC: 0.722 -- Validation F1: 0.667
2024-07-22,12:36:57 [INFO] Epoch: 10/30 -- Train Loss: 0.763 -- Validation Loss: 0.688 -- Validation ACC: 0.778 -- Validation F1: 0.750
2024-07-22,12:37:02 [INFO] Epoch: 20/30 -- Train Loss: 1.126 -- Validation Loss: 0.657 -- Validation ACC: 0.778 -- Validation F1: 0.778
2024-07-22,12:37:04 [INFO] Epoch: 24/30 -- Train Loss: 0.827 -- Validation Loss: 0.647 -- Validation ACC: 0.778 -- Validation F1: 0.778
2024-07-22,12:37:04 [INFO] Epoch: 25/30 -- Train Loss: 0.868 -- Validation Loss: 0.645 -- Validation ACC: 0.778 -- Validation F1: 0.778
2024-07-22,12:37:05 [INFO] Epoch: 26/30 -- Train Loss: 0.637 -- Validation Loss: 0.643 -- Validation ACC: 0.778 -- Validation F1: 0.778
2024-07-22,12:37:06 [INFO] Epoch: 27/30 -- Train Loss: 0.757 -- Validation Loss: 0.641 -- Validation ACC: 0.778 -- Validation F1: 0.778
2024-07-22,12:37:07 [INFO] Epoch: 28/30 -- Train Loss: 0.671 -- Validation Loss: 0.639 -- Validation ACC: 0.778 -- Validation F1: 0.778
2024-07-22,12:37:07 [INFO] Epoch: 29/30 -- Train Loss: 0.675 -- Validation Loss: 0.637 -- Validation ACC: 0.778 -- Validation F1: 0.778
2024-07-22,12:37:07 [INFO] Run 2/5: Average Over Last 6 epochs -- Valid ACC: 0.7777777777777778 -- Valid F1-score: 0.7777777910232544
2024-07-22,12:37:08 [INFO] Test Results of Run 2/5: -- Test Loss: 0.855 -- Test ACC: 0.730 -- Test F1: 0.797
2024-07-22,12:37:08 [INFO] Epoch: 0/30 -- Train Loss: 1.305 -- Validation Loss: 0.829 -- Validation ACC: 0.722 -- Validation F1: 0.706
2024-07-22,12:37:12 [INFO] Epoch: 10/30 -- Train Loss: 1.331 -- Validation Loss: 0.761 -- Validation ACC: 0.722 -- Validation F1: 0.706
2024-07-22,12:37:16 [INFO] Epoch: 20/30 -- Train Loss: 0.788 -- Validation Loss: 0.710 -- Validation ACC: 0.778 -- Validation F1: 0.778
2024-07-22,12:37:18 [INFO] Epoch: 24/30 -- Train Loss: 0.777 -- Validation Loss: 0.693 -- Validation ACC: 0.778 -- Validation F1: 0.778
2024-07-22,12:37:19 [INFO] Epoch: 25/30 -- Train Loss: 0.561 -- Validation Loss: 0.689 -- Validation ACC: 0.778 -- Validation F1: 0.778
2024-07-22,12:37:19 [INFO] Epoch: 26/30 -- Train Loss: 0.975 -- Validation Loss: 0.685 -- Validation ACC: 0.778 -- Validation F1: 0.778
2024-07-22,12:37:20 [INFO] Epoch: 27/30 -- Train Loss: 0.947 -- Validation Loss: 0.682 -- Validation ACC: 0.778 -- Validation F1: 0.778
2024-07-22,12:37:21 [INFO] Epoch: 28/30 -- Train Loss: 0.716 -- Validation Loss: 0.678 -- Validation ACC: 0.778 -- Validation F1: 0.778
2024-07-22,12:37:21 [INFO] Epoch: 29/30 -- Train Loss: 0.930 -- Validation Loss: 0.674 -- Validation ACC: 0.778 -- Validation F1: 0.778
2024-07-22,12:37:21 [INFO] Run 3/5: Average Over Last 6 epochs -- Valid ACC: 0.7777777777777778 -- Valid F1-score: 0.7777777910232544
2024-07-22,12:37:22 [INFO] Test Results of Run 3/5: -- Test Loss: 0.889 -- Test ACC: 0.757 -- Test F1: 0.818
2024-07-22,12:37:22 [INFO] Epoch: 0/30 -- Train Loss: 0.700 -- Validation Loss: 0.789 -- Validation ACC: 0.778 -- Validation F1: 0.750
2024-07-22,12:37:26 [INFO] Epoch: 10/30 -- Train Loss: 0.907 -- Validation Loss: 0.733 -- Validation ACC: 0.722 -- Validation F1: 0.706
2024-07-22,12:37:30 [INFO] Epoch: 20/30 -- Train Loss: 0.725 -- Validation Loss: 0.681 -- Validation ACC: 0.778 -- Validation F1: 0.778
2024-07-22,12:37:32 [INFO] Epoch: 24/30 -- Train Loss: 0.622 -- Validation Loss: 0.665 -- Validation ACC: 0.778 -- Validation F1: 0.778
2024-07-22,12:37:33 [INFO] Epoch: 25/30 -- Train Loss: 0.625 -- Validation Loss: 0.661 -- Validation ACC: 0.778 -- Validation F1: 0.778
2024-07-22,12:37:33 [INFO] Epoch: 26/30 -- Train Loss: 1.024 -- Validation Loss: 0.658 -- Validation ACC: 0.778 -- Validation F1: 0.778
2024-07-22,12:37:34 [INFO] Epoch: 27/30 -- Train Loss: 0.897 -- Validation Loss: 0.655 -- Validation ACC: 0.778 -- Validation F1: 0.778
2024-07-22,12:37:35 [INFO] Epoch: 28/30 -- Train Loss: 0.890 -- Validation Loss: 0.651 -- Validation ACC: 0.778 -- Validation F1: 0.778
2024-07-22,12:37:35 [INFO] Epoch: 29/30 -- Train Loss: 0.647 -- Validation Loss: 0.648 -- Validation ACC: 0.778 -- Validation F1: 0.778
2024-07-22,12:37:35 [INFO] Run 4/5: Average Over Last 6 epochs -- Valid ACC: 0.7777777777777778 -- Valid F1-score: 0.7777777910232544
2024-07-22,12:37:36 [INFO] Test Results of Run 4/5: -- Test Loss: 0.824 -- Test ACC: 0.757 -- Test F1: 0.818
2024-07-22,12:37:36 [INFO] Validation average after 5 runs -- ACC: 0.778 -- F1-score: 0.778
2024-07-22,12:37:36 [INFO] Test average after 5 runs -- ACC: 0.744 -- F1-score: 0.808
2024-07-22,12:37:36 [INFO] Finished round 3/10 of experiments!
2024-07-22,12:37:36 [INFO] Started round 4/10 of experiments!
2024-07-22,12:37:36 [INFO] Loading previous pretrained model at ./pretrained/GCN_Pretrained_2024-07-01-15-03-17.pth
2024-07-22,12:37:36 [INFO] Total number of tokens: 50
2024-07-22,12:37:36 [INFO] Pretrained GNN on Source Dataset -- Test Loss: 1.048 -- Test ACC: 0.696 -- Test F1-score: 0.759
2024-07-22,12:37:37 [INFO] Pretrained GNN on Target Dataset Without Prompting: -- Validation Loss: 0.854 -- Validation ACC: 0.500 -- Validation F1-score: 0.571 -- Test Loss: 0.781 -- Test ACC: 0.713 -- Test F1-score: 0.784
2024-07-22,12:37:38 [INFO] Epoch: 0/30 -- Train Loss: 1.066 -- Validation Loss: 1.082 -- Validation ACC: 0.500 -- Validation F1: 0.571
2024-07-22,12:37:42 [INFO] Epoch: 10/30 -- Train Loss: 0.900 -- Validation Loss: 0.786 -- Validation ACC: 0.667 -- Validation F1: 0.667
2024-07-22,12:37:46 [INFO] Epoch: 20/30 -- Train Loss: 0.951 -- Validation Loss: 0.677 -- Validation ACC: 0.611 -- Validation F1: 0.588
2024-07-22,12:37:47 [INFO] Epoch: 24/30 -- Train Loss: 0.692 -- Validation Loss: 0.660 -- Validation ACC: 0.611 -- Validation F1: 0.588
2024-07-22,12:37:48 [INFO] Epoch: 25/30 -- Train Loss: 0.781 -- Validation Loss: 0.658 -- Validation ACC: 0.556 -- Validation F1: 0.556
2024-07-22,12:37:49 [INFO] Epoch: 26/30 -- Train Loss: 1.006 -- Validation Loss: 0.655 -- Validation ACC: 0.556 -- Validation F1: 0.556
2024-07-22,12:37:50 [INFO] Epoch: 27/30 -- Train Loss: 0.812 -- Validation Loss: 0.653 -- Validation ACC: 0.556 -- Validation F1: 0.556
2024-07-22,12:37:50 [INFO] Epoch: 28/30 -- Train Loss: 0.575 -- Validation Loss: 0.652 -- Validation ACC: 0.556 -- Validation F1: 0.556
2024-07-22,12:37:51 [INFO] Epoch: 29/30 -- Train Loss: 1.155 -- Validation Loss: 0.651 -- Validation ACC: 0.556 -- Validation F1: 0.556
2024-07-22,12:37:51 [INFO] Run 0/5: Average Over Last 6 epochs -- Valid ACC: 0.5648148148148148 -- Valid F1-score: 0.5610022048155466
2024-07-22,12:37:51 [INFO] Test Results of Run 0/5: -- Test Loss: 0.676 -- Test ACC: 0.739 -- Test F1: 0.795
2024-07-22,12:37:52 [INFO] Epoch: 0/30 -- Train Loss: 0.570 -- Validation Loss: 0.793 -- Validation ACC: 0.667 -- Validation F1: 0.667
2024-07-22,12:37:56 [INFO] Epoch: 10/30 -- Train Loss: 0.858 -- Validation Loss: 0.670 -- Validation ACC: 0.667 -- Validation F1: 0.625
2024-07-22,12:38:00 [INFO] Epoch: 20/30 -- Train Loss: 0.875 -- Validation Loss: 0.637 -- Validation ACC: 0.667 -- Validation F1: 0.625
2024-07-22,12:38:02 [INFO] Epoch: 24/30 -- Train Loss: 0.945 -- Validation Loss: 0.630 -- Validation ACC: 0.667 -- Validation F1: 0.625
2024-07-22,12:38:03 [INFO] Epoch: 25/30 -- Train Loss: 0.521 -- Validation Loss: 0.628 -- Validation ACC: 0.667 -- Validation F1: 0.625
2024-07-22,12:38:04 [INFO] Epoch: 26/30 -- Train Loss: 0.734 -- Validation Loss: 0.626 -- Validation ACC: 0.667 -- Validation F1: 0.625
2024-07-22,12:38:04 [INFO] Epoch: 27/30 -- Train Loss: 0.526 -- Validation Loss: 0.624 -- Validation ACC: 0.611 -- Validation F1: 0.588
2024-07-22,12:38:05 [INFO] Epoch: 28/30 -- Train Loss: 0.817 -- Validation Loss: 0.623 -- Validation ACC: 0.611 -- Validation F1: 0.588
2024-07-22,12:38:06 [INFO] Epoch: 29/30 -- Train Loss: 0.522 -- Validation Loss: 0.623 -- Validation ACC: 0.556 -- Validation F1: 0.556
2024-07-22,12:38:06 [INFO] Run 1/5: Average Over Last 6 epochs -- Valid ACC: 0.6296296296296297 -- Valid F1-score: 0.6011710365613302
2024-07-22,12:38:06 [INFO] Test Results of Run 1/5: -- Test Loss: 0.665 -- Test ACC: 0.748 -- Test F1: 0.803
2024-07-22,12:38:07 [INFO] Epoch: 0/30 -- Train Loss: 1.231 -- Validation Loss: 0.866 -- Validation ACC: 0.500 -- Validation F1: 0.571
2024-07-22,12:38:11 [INFO] Epoch: 10/30 -- Train Loss: 1.098 -- Validation Loss: 0.686 -- Validation ACC: 0.667 -- Validation F1: 0.667
2024-07-22,12:38:15 [INFO] Epoch: 20/30 -- Train Loss: 0.761 -- Validation Loss: 0.654 -- Validation ACC: 0.667 -- Validation F1: 0.667
2024-07-22,12:38:17 [INFO] Epoch: 24/30 -- Train Loss: 0.803 -- Validation Loss: 0.648 -- Validation ACC: 0.667 -- Validation F1: 0.667
2024-07-22,12:38:18 [INFO] Epoch: 25/30 -- Train Loss: 0.877 -- Validation Loss: 0.647 -- Validation ACC: 0.667 -- Validation F1: 0.667
2024-07-22,12:38:18 [INFO] Epoch: 26/30 -- Train Loss: 0.950 -- Validation Loss: 0.647 -- Validation ACC: 0.611 -- Validation F1: 0.632
2024-07-22,12:38:19 [INFO] Epoch: 27/30 -- Train Loss: 0.930 -- Validation Loss: 0.645 -- Validation ACC: 0.611 -- Validation F1: 0.632
2024-07-22,12:38:20 [INFO] Epoch: 28/30 -- Train Loss: 1.062 -- Validation Loss: 0.645 -- Validation ACC: 0.611 -- Validation F1: 0.632
2024-07-22,12:38:20 [INFO] Epoch: 29/30 -- Train Loss: 0.781 -- Validation Loss: 0.645 -- Validation ACC: 0.611 -- Validation F1: 0.632
2024-07-22,12:38:20 [INFO] Run 2/5: Average Over Last 6 epochs -- Valid ACC: 0.6296296296296297 -- Valid F1-score: 0.6432748436927795
2024-07-22,12:38:21 [INFO] Test Results of Run 2/5: -- Test Loss: 0.672 -- Test ACC: 0.739 -- Test F1: 0.800
2024-07-22,12:38:21 [INFO] Epoch: 0/30 -- Train Loss: 0.915 -- Validation Loss: 0.653 -- Validation ACC: 0.667 -- Validation F1: 0.625
2024-07-22,12:38:26 [INFO] Epoch: 10/30 -- Train Loss: 1.026 -- Validation Loss: 0.637 -- Validation ACC: 0.722 -- Validation F1: 0.706
2024-07-22,12:38:30 [INFO] Epoch: 20/30 -- Train Loss: 0.602 -- Validation Loss: 0.617 -- Validation ACC: 0.611 -- Validation F1: 0.588
2024-07-22,12:38:32 [INFO] Epoch: 24/30 -- Train Loss: 0.805 -- Validation Loss: 0.611 -- Validation ACC: 0.611 -- Validation F1: 0.588
2024-07-22,12:38:33 [INFO] Epoch: 25/30 -- Train Loss: 0.910 -- Validation Loss: 0.609 -- Validation ACC: 0.611 -- Validation F1: 0.588
2024-07-22,12:38:34 [INFO] Epoch: 26/30 -- Train Loss: 0.677 -- Validation Loss: 0.607 -- Validation ACC: 0.611 -- Validation F1: 0.588
2024-07-22,12:38:35 [INFO] Epoch: 27/30 -- Train Loss: 0.741 -- Validation Loss: 0.606 -- Validation ACC: 0.611 -- Validation F1: 0.588
2024-07-22,12:38:35 [INFO] Epoch: 28/30 -- Train Loss: 0.932 -- Validation Loss: 0.604 -- Validation ACC: 0.611 -- Validation F1: 0.588
2024-07-22,12:38:36 [INFO] Epoch: 29/30 -- Train Loss: 0.952 -- Validation Loss: 0.603 -- Validation ACC: 0.611 -- Validation F1: 0.588
2024-07-22,12:38:36 [INFO] Run 3/5: Average Over Last 6 epochs -- Valid ACC: 0.6111111111111112 -- Valid F1-score: 0.5882353186607361
2024-07-22,12:38:36 [INFO] Test Results of Run 3/5: -- Test Loss: 0.662 -- Test ACC: 0.748 -- Test F1: 0.805
2024-07-22,12:38:37 [INFO] Epoch: 0/30 -- Train Loss: 0.876 -- Validation Loss: 0.722 -- Validation ACC: 0.667 -- Validation F1: 0.667
2024-07-22,12:38:42 [INFO] Epoch: 10/30 -- Train Loss: 1.142 -- Validation Loss: 0.638 -- Validation ACC: 0.667 -- Validation F1: 0.667
2024-07-22,12:38:45 [INFO] Epoch: 20/30 -- Train Loss: 1.156 -- Validation Loss: 0.606 -- Validation ACC: 0.667 -- Validation F1: 0.667
2024-07-22,12:38:47 [INFO] Epoch: 24/30 -- Train Loss: 0.773 -- Validation Loss: 0.599 -- Validation ACC: 0.667 -- Validation F1: 0.667
2024-07-22,12:38:48 [INFO] Epoch: 25/30 -- Train Loss: 0.636 -- Validation Loss: 0.597 -- Validation ACC: 0.667 -- Validation F1: 0.667
2024-07-22,12:38:49 [INFO] Epoch: 26/30 -- Train Loss: 0.700 -- Validation Loss: 0.596 -- Validation ACC: 0.667 -- Validation F1: 0.667
2024-07-22,12:38:49 [INFO] Epoch: 27/30 -- Train Loss: 0.947 -- Validation Loss: 0.594 -- Validation ACC: 0.667 -- Validation F1: 0.667
2024-07-22,12:38:50 [INFO] Epoch: 28/30 -- Train Loss: 0.794 -- Validation Loss: 0.592 -- Validation ACC: 0.667 -- Validation F1: 0.667
2024-07-22,12:38:51 [INFO] Epoch: 29/30 -- Train Loss: 0.873 -- Validation Loss: 0.590 -- Validation ACC: 0.667 -- Validation F1: 0.667
2024-07-22,12:38:51 [INFO] Run 4/5: Average Over Last 6 epochs -- Valid ACC: 0.6666666666666666 -- Valid F1-score: 0.6666666865348816
2024-07-22,12:38:51 [INFO] Test Results of Run 4/5: -- Test Loss: 0.669 -- Test ACC: 0.748 -- Test F1: 0.805
2024-07-22,12:38:51 [INFO] Validation average after 5 runs -- ACC: 0.620 -- F1-score: 0.612
2024-07-22,12:38:51 [INFO] Test average after 5 runs -- ACC: 0.744 -- F1-score: 0.802
2024-07-22,12:38:51 [INFO] Finished round 4/10 of experiments!
2024-07-22,12:38:51 [INFO] Started round 5/10 of experiments!
2024-07-22,12:38:52 [INFO] Setting for pretraining: Model: {'gnn_type': 'gcn', 'in_channels': 56, 'hidden_channels': 512, 'out_channels': 2, 'num_layers': 3, 'dropout': 0.4, 'with_bn': False, 'with_head': True} -- Optimizer: {'lr': 0.01, 'scheduler_step_size': 50, 'scheduler_gamma': 0.5, 'weight_decay': 0.0} -- Training: {'n_epochs': 100}
2024-07-22,12:38:52 [INFO] Loading previous pretrained model at ./pretrained/GCN_Pretrained_2024-07-01-15-05-37.pth
2024-07-22,12:38:52 [INFO] Total number of tokens: 50
2024-07-22,12:38:52 [INFO] Prompting method: gpf_plus -- Setting: Prompting function: gpf_plus -- Target Dataset: DHFR
2024-07-22,12:38:52 [INFO] Setting for prompt tuning: Prompt: {'token_dim': 56, 'token_num': 50} -- Pretrained Model: {'gnn_type': 'gcn', 'in_channels': 56, 'hidden_channels': 512, 'out_channels': 2, 'num_layers': 3, 'dropout': 0.4, 'with_bn': False, 'with_head': True} -- Optimizer: {'lr': 0.001, 'scheduler_step_size': 50, 'scheduler_gamma': 0.5, 'weight_decay': 0.0} -- Training: {'n_epochs': 30, 'r_reg': 0.0, 'num_classes': 2, 'cut_off': 0.5}
2024-07-22,12:38:52 [INFO] Prompt tuning started: Num runs: 5 -- Eval step: 10
2024-07-22,12:38:52 [INFO] Pretrained GNN on Source Dataset -- Test Loss: 0.768 -- Test ACC: 0.687 -- Test F1-score: 0.684
2024-07-22,12:38:52 [INFO] Pretrained GNN on Target Dataset Without Prompting: -- Validation Loss: 0.232 -- Validation ACC: 0.889 -- Validation F1-score: 0.900 -- Test Loss: 0.871 -- Test ACC: 0.722 -- Test F1-score: 0.754
2024-07-22,12:38:53 [INFO] Epoch: 0/30 -- Train Loss: 1.307 -- Validation Loss: 0.268 -- Validation ACC: 0.833 -- Validation F1: 0.824
2024-07-22,12:38:57 [INFO] Epoch: 10/30 -- Train Loss: 1.162 -- Validation Loss: 0.243 -- Validation ACC: 0.889 -- Validation F1: 0.889
2024-07-22,12:39:01 [INFO] Epoch: 20/30 -- Train Loss: 0.879 -- Validation Loss: 0.236 -- Validation ACC: 0.833 -- Validation F1: 0.842
2024-07-22,12:39:03 [INFO] Epoch: 24/30 -- Train Loss: 1.749 -- Validation Loss: 0.235 -- Validation ACC: 0.833 -- Validation F1: 0.842
2024-07-22,12:39:04 [INFO] Epoch: 25/30 -- Train Loss: 1.056 -- Validation Loss: 0.235 -- Validation ACC: 0.833 -- Validation F1: 0.842
2024-07-22,12:39:05 [INFO] Epoch: 26/30 -- Train Loss: 1.397 -- Validation Loss: 0.235 -- Validation ACC: 0.889 -- Validation F1: 0.900
2024-07-22,12:39:05 [INFO] Epoch: 27/30 -- Train Loss: 0.967 -- Validation Loss: 0.235 -- Validation ACC: 0.889 -- Validation F1: 0.900
2024-07-22,12:39:06 [INFO] Epoch: 28/30 -- Train Loss: 1.121 -- Validation Loss: 0.235 -- Validation ACC: 0.889 -- Validation F1: 0.900
2024-07-22,12:39:07 [INFO] Epoch: 29/30 -- Train Loss: 1.232 -- Validation Loss: 0.235 -- Validation ACC: 0.889 -- Validation F1: 0.900
2024-07-22,12:39:07 [INFO] Run 0/5: Average Over Last 6 epochs -- Valid ACC: 0.8703703703703702 -- Valid F1-score: 0.880701740582784
2024-07-22,12:39:07 [INFO] Test Results of Run 0/5: -- Test Loss: 0.862 -- Test ACC: 0.713 -- Test F1: 0.752
2024-07-22,12:39:08 [INFO] Epoch: 0/30 -- Train Loss: 1.047 -- Validation Loss: 0.231 -- Validation ACC: 0.889 -- Validation F1: 0.900
2024-07-22,12:39:13 [INFO] Epoch: 10/30 -- Train Loss: 1.375 -- Validation Loss: 0.227 -- Validation ACC: 0.889 -- Validation F1: 0.900
2024-07-22,12:39:17 [INFO] Epoch: 20/30 -- Train Loss: 1.114 -- Validation Loss: 0.227 -- Validation ACC: 0.944 -- Validation F1: 0.952
2024-07-22,12:39:19 [INFO] Epoch: 24/30 -- Train Loss: 1.215 -- Validation Loss: 0.228 -- Validation ACC: 0.944 -- Validation F1: 0.952
2024-07-22,12:39:20 [INFO] Epoch: 25/30 -- Train Loss: 1.021 -- Validation Loss: 0.228 -- Validation ACC: 0.944 -- Validation F1: 0.952
2024-07-22,12:39:20 [INFO] Epoch: 26/30 -- Train Loss: 1.216 -- Validation Loss: 0.228 -- Validation ACC: 0.944 -- Validation F1: 0.952
2024-07-22,12:39:21 [INFO] Epoch: 27/30 -- Train Loss: 1.324 -- Validation Loss: 0.228 -- Validation ACC: 0.944 -- Validation F1: 0.952
2024-07-22,12:39:22 [INFO] Epoch: 28/30 -- Train Loss: 0.853 -- Validation Loss: 0.229 -- Validation ACC: 0.944 -- Validation F1: 0.952
2024-07-22,12:39:22 [INFO] Epoch: 29/30 -- Train Loss: 1.001 -- Validation Loss: 0.229 -- Validation ACC: 0.944 -- Validation F1: 0.952
2024-07-22,12:39:22 [INFO] Run 1/5: Average Over Last 6 epochs -- Valid ACC: 0.9444444444444445 -- Valid F1-score: 0.9523809552192688
2024-07-22,12:39:23 [INFO] Test Results of Run 1/5: -- Test Loss: 0.876 -- Test ACC: 0.704 -- Test F1: 0.750
2024-07-22,12:39:23 [INFO] Epoch: 0/30 -- Train Loss: 1.044 -- Validation Loss: 0.227 -- Validation ACC: 0.944 -- Validation F1: 0.947
2024-07-22,12:39:28 [INFO] Epoch: 10/30 -- Train Loss: 0.979 -- Validation Loss: 0.223 -- Validation ACC: 0.889 -- Validation F1: 0.900
2024-07-22,12:39:32 [INFO] Epoch: 20/30 -- Train Loss: 1.076 -- Validation Loss: 0.226 -- Validation ACC: 0.889 -- Validation F1: 0.900
2024-07-22,12:39:34 [INFO] Epoch: 24/30 -- Train Loss: 0.870 -- Validation Loss: 0.229 -- Validation ACC: 0.889 -- Validation F1: 0.900
2024-07-22,12:39:34 [INFO] Epoch: 25/30 -- Train Loss: 1.171 -- Validation Loss: 0.229 -- Validation ACC: 0.944 -- Validation F1: 0.952
2024-07-22,12:39:35 [INFO] Epoch: 26/30 -- Train Loss: 1.010 -- Validation Loss: 0.230 -- Validation ACC: 0.944 -- Validation F1: 0.952
2024-07-22,12:39:36 [INFO] Epoch: 27/30 -- Train Loss: 0.987 -- Validation Loss: 0.230 -- Validation ACC: 0.944 -- Validation F1: 0.952
2024-07-22,12:39:37 [INFO] Epoch: 28/30 -- Train Loss: 0.781 -- Validation Loss: 0.231 -- Validation ACC: 0.944 -- Validation F1: 0.952
2024-07-22,12:39:37 [INFO] Epoch: 29/30 -- Train Loss: 1.213 -- Validation Loss: 0.231 -- Validation ACC: 0.944 -- Validation F1: 0.952
2024-07-22,12:39:37 [INFO] Run 2/5: Average Over Last 6 epochs -- Valid ACC: 0.9351851851851852 -- Valid F1-score: 0.9436507920424143
2024-07-22,12:39:38 [INFO] Test Results of Run 2/5: -- Test Loss: 0.878 -- Test ACC: 0.696 -- Test F1: 0.741
2024-07-22,12:39:38 [INFO] Epoch: 0/30 -- Train Loss: 1.514 -- Validation Loss: 0.223 -- Validation ACC: 0.944 -- Validation F1: 0.947
2024-07-22,12:39:42 [INFO] Epoch: 10/30 -- Train Loss: 1.130 -- Validation Loss: 0.221 -- Validation ACC: 0.889 -- Validation F1: 0.900
2024-07-22,12:39:47 [INFO] Epoch: 20/30 -- Train Loss: 1.476 -- Validation Loss: 0.226 -- Validation ACC: 0.889 -- Validation F1: 0.900
2024-07-22,12:39:49 [INFO] Epoch: 24/30 -- Train Loss: 1.576 -- Validation Loss: 0.228 -- Validation ACC: 0.889 -- Validation F1: 0.900
2024-07-22,12:39:49 [INFO] Epoch: 25/30 -- Train Loss: 0.817 -- Validation Loss: 0.228 -- Validation ACC: 0.889 -- Validation F1: 0.900
2024-07-22,12:39:50 [INFO] Epoch: 26/30 -- Train Loss: 0.953 -- Validation Loss: 0.229 -- Validation ACC: 0.889 -- Validation F1: 0.900
2024-07-22,12:39:51 [INFO] Epoch: 27/30 -- Train Loss: 0.730 -- Validation Loss: 0.230 -- Validation ACC: 0.889 -- Validation F1: 0.900
2024-07-22,12:39:51 [INFO] Epoch: 28/30 -- Train Loss: 0.883 -- Validation Loss: 0.231 -- Validation ACC: 0.889 -- Validation F1: 0.900
2024-07-22,12:39:52 [INFO] Epoch: 29/30 -- Train Loss: 1.058 -- Validation Loss: 0.231 -- Validation ACC: 0.889 -- Validation F1: 0.900
2024-07-22,12:39:52 [INFO] Run 3/5: Average Over Last 6 epochs -- Valid ACC: 0.888888888888889 -- Valid F1-score: 0.8999999761581421
2024-07-22,12:39:52 [INFO] Test Results of Run 3/5: -- Test Loss: 0.876 -- Test ACC: 0.704 -- Test F1: 0.746
2024-07-22,12:39:53 [INFO] Epoch: 0/30 -- Train Loss: 1.170 -- Validation Loss: 0.234 -- Validation ACC: 0.833 -- Validation F1: 0.842
2024-07-22,12:39:57 [INFO] Epoch: 10/30 -- Train Loss: 1.269 -- Validation Loss: 0.224 -- Validation ACC: 0.889 -- Validation F1: 0.900
2024-07-22,12:40:01 [INFO] Epoch: 20/30 -- Train Loss: 1.379 -- Validation Loss: 0.223 -- Validation ACC: 0.944 -- Validation F1: 0.952
2024-07-22,12:40:03 [INFO] Epoch: 24/30 -- Train Loss: 1.070 -- Validation Loss: 0.225 -- Validation ACC: 0.944 -- Validation F1: 0.952
2024-07-22,12:40:04 [INFO] Epoch: 25/30 -- Train Loss: 1.243 -- Validation Loss: 0.225 -- Validation ACC: 0.944 -- Validation F1: 0.952
2024-07-22,12:40:05 [INFO] Epoch: 26/30 -- Train Loss: 0.807 -- Validation Loss: 0.226 -- Validation ACC: 0.944 -- Validation F1: 0.952
2024-07-22,12:40:05 [INFO] Epoch: 27/30 -- Train Loss: 1.166 -- Validation Loss: 0.226 -- Validation ACC: 0.944 -- Validation F1: 0.952
2024-07-22,12:40:06 [INFO] Epoch: 28/30 -- Train Loss: 1.197 -- Validation Loss: 0.227 -- Validation ACC: 0.944 -- Validation F1: 0.952
2024-07-22,12:40:07 [INFO] Epoch: 29/30 -- Train Loss: 1.053 -- Validation Loss: 0.227 -- Validation ACC: 0.944 -- Validation F1: 0.952
2024-07-22,12:40:07 [INFO] Run 4/5: Average Over Last 6 epochs -- Valid ACC: 0.9444444444444445 -- Valid F1-score: 0.9523809552192688
2024-07-22,12:40:07 [INFO] Test Results of Run 4/5: -- Test Loss: 0.888 -- Test ACC: 0.704 -- Test F1: 0.750
2024-07-22,12:40:07 [INFO] Validation average after 5 runs -- ACC: 0.917 -- F1-score: 0.926
2024-07-22,12:40:07 [INFO] Test average after 5 runs -- ACC: 0.704 -- F1-score: 0.748
2024-07-22,12:40:07 [INFO] Finished round 5/10 of experiments!
2024-07-22,12:40:07 [INFO] Started round 6/10 of experiments!
2024-07-22,12:40:07 [INFO] Loading previous pretrained model at ./pretrained/GCN_Pretrained_2024-07-01-15-07-56.pth
2024-07-22,12:40:07 [INFO] Total number of tokens: 50
2024-07-22,12:40:08 [INFO] Pretrained GNN on Source Dataset -- Test Loss: 0.661 -- Test ACC: 0.626 -- Test F1-score: 0.770
2024-07-22,12:40:08 [INFO] Pretrained GNN on Target Dataset Without Prompting: -- Validation Loss: 0.641 -- Validation ACC: 0.667 -- Validation F1-score: 0.800 -- Test Loss: 0.687 -- Test ACC: 0.574 -- Test F1-score: 0.729
2024-07-22,12:40:09 [INFO] Epoch: 0/30 -- Train Loss: 0.647 -- Validation Loss: 0.641 -- Validation ACC: 0.667 -- Validation F1: 0.800
2024-07-22,12:40:13 [INFO] Epoch: 10/30 -- Train Loss: 0.681 -- Validation Loss: 0.641 -- Validation ACC: 0.667 -- Validation F1: 0.800
2024-07-22,12:40:18 [INFO] Epoch: 20/30 -- Train Loss: 0.722 -- Validation Loss: 0.641 -- Validation ACC: 0.667 -- Validation F1: 0.800
2024-07-22,12:40:19 [INFO] Epoch: 24/30 -- Train Loss: 0.672 -- Validation Loss: 0.641 -- Validation ACC: 0.667 -- Validation F1: 0.800
2024-07-22,12:40:20 [INFO] Epoch: 25/30 -- Train Loss: 0.689 -- Validation Loss: 0.641 -- Validation ACC: 0.667 -- Validation F1: 0.800
2024-07-22,12:40:21 [INFO] Epoch: 26/30 -- Train Loss: 0.689 -- Validation Loss: 0.641 -- Validation ACC: 0.667 -- Validation F1: 0.800
2024-07-22,12:40:21 [INFO] Epoch: 27/30 -- Train Loss: 0.689 -- Validation Loss: 0.641 -- Validation ACC: 0.667 -- Validation F1: 0.800
2024-07-22,12:40:22 [INFO] Epoch: 28/30 -- Train Loss: 0.664 -- Validation Loss: 0.641 -- Validation ACC: 0.667 -- Validation F1: 0.800
2024-07-22,12:40:23 [INFO] Epoch: 29/30 -- Train Loss: 0.647 -- Validation Loss: 0.641 -- Validation ACC: 0.667 -- Validation F1: 0.800
2024-07-22,12:40:23 [INFO] Run 0/5: Average Over Last 6 epochs -- Valid ACC: 0.6666666666666666 -- Valid F1-score: 0.800000011920929
2024-07-22,12:40:23 [INFO] Test Results of Run 0/5: -- Test Loss: 0.687 -- Test ACC: 0.574 -- Test F1: 0.729
2024-07-22,12:40:24 [INFO] Epoch: 0/30 -- Train Loss: 0.689 -- Validation Loss: 0.641 -- Validation ACC: 0.667 -- Validation F1: 0.800
2024-07-22,12:40:29 [INFO] Epoch: 10/30 -- Train Loss: 0.664 -- Validation Loss: 0.641 -- Validation ACC: 0.667 -- Validation F1: 0.800
2024-07-22,12:40:33 [INFO] Epoch: 20/30 -- Train Loss: 0.664 -- Validation Loss: 0.641 -- Validation ACC: 0.667 -- Validation F1: 0.800
2024-07-22,12:40:35 [INFO] Epoch: 24/30 -- Train Loss: 0.647 -- Validation Loss: 0.641 -- Validation ACC: 0.667 -- Validation F1: 0.800
2024-07-22,12:40:35 [INFO] Epoch: 25/30 -- Train Loss: 0.647 -- Validation Loss: 0.641 -- Validation ACC: 0.667 -- Validation F1: 0.800
2024-07-22,12:40:36 [INFO] Epoch: 26/30 -- Train Loss: 0.689 -- Validation Loss: 0.641 -- Validation ACC: 0.667 -- Validation F1: 0.800
2024-07-22,12:40:37 [INFO] Epoch: 27/30 -- Train Loss: 0.672 -- Validation Loss: 0.641 -- Validation ACC: 0.667 -- Validation F1: 0.800
2024-07-22,12:40:38 [INFO] Epoch: 28/30 -- Train Loss: 0.647 -- Validation Loss: 0.641 -- Validation ACC: 0.667 -- Validation F1: 0.800
2024-07-22,12:40:38 [INFO] Epoch: 29/30 -- Train Loss: 0.681 -- Validation Loss: 0.641 -- Validation ACC: 0.667 -- Validation F1: 0.800
2024-07-22,12:40:38 [INFO] Run 1/5: Average Over Last 6 epochs -- Valid ACC: 0.6666666666666666 -- Valid F1-score: 0.800000011920929
2024-07-22,12:40:39 [INFO] Test Results of Run 1/5: -- Test Loss: 0.687 -- Test ACC: 0.574 -- Test F1: 0.729
2024-07-22,12:40:39 [INFO] Epoch: 0/30 -- Train Loss: 0.664 -- Validation Loss: 0.641 -- Validation ACC: 0.667 -- Validation F1: 0.800
2024-07-22,12:40:44 [INFO] Epoch: 10/30 -- Train Loss: 0.697 -- Validation Loss: 0.641 -- Validation ACC: 0.667 -- Validation F1: 0.800
2024-07-22,12:40:48 [INFO] Epoch: 20/30 -- Train Loss: 0.622 -- Validation Loss: 0.641 -- Validation ACC: 0.667 -- Validation F1: 0.800
2024-07-22,12:40:50 [INFO] Epoch: 24/30 -- Train Loss: 0.655 -- Validation Loss: 0.641 -- Validation ACC: 0.667 -- Validation F1: 0.800
2024-07-22,12:40:50 [INFO] Epoch: 25/30 -- Train Loss: 0.681 -- Validation Loss: 0.641 -- Validation ACC: 0.667 -- Validation F1: 0.800
2024-07-22,12:40:51 [INFO] Epoch: 26/30 -- Train Loss: 0.689 -- Validation Loss: 0.641 -- Validation ACC: 0.667 -- Validation F1: 0.800
2024-07-22,12:40:52 [INFO] Epoch: 27/30 -- Train Loss: 0.655 -- Validation Loss: 0.641 -- Validation ACC: 0.667 -- Validation F1: 0.800
2024-07-22,12:40:53 [INFO] Epoch: 28/30 -- Train Loss: 0.664 -- Validation Loss: 0.641 -- Validation ACC: 0.667 -- Validation F1: 0.800
2024-07-22,12:40:54 [INFO] Epoch: 29/30 -- Train Loss: 0.622 -- Validation Loss: 0.641 -- Validation ACC: 0.667 -- Validation F1: 0.800
2024-07-22,12:40:54 [INFO] Run 2/5: Average Over Last 6 epochs -- Valid ACC: 0.6666666666666666 -- Valid F1-score: 0.800000011920929
2024-07-22,12:40:54 [INFO] Test Results of Run 2/5: -- Test Loss: 0.687 -- Test ACC: 0.574 -- Test F1: 0.729
2024-07-22,12:40:55 [INFO] Epoch: 0/30 -- Train Loss: 0.647 -- Validation Loss: 0.641 -- Validation ACC: 0.667 -- Validation F1: 0.800
2024-07-22,12:40:59 [INFO] Epoch: 10/30 -- Train Loss: 0.664 -- Validation Loss: 0.641 -- Validation ACC: 0.667 -- Validation F1: 0.800
2024-07-22,12:41:04 [INFO] Epoch: 20/30 -- Train Loss: 0.681 -- Validation Loss: 0.641 -- Validation ACC: 0.667 -- Validation F1: 0.800
2024-07-22,12:41:05 [INFO] Epoch: 24/30 -- Train Loss: 0.647 -- Validation Loss: 0.641 -- Validation ACC: 0.667 -- Validation F1: 0.800
2024-07-22,12:41:06 [INFO] Epoch: 25/30 -- Train Loss: 0.689 -- Validation Loss: 0.641 -- Validation ACC: 0.667 -- Validation F1: 0.800
2024-07-22,12:41:07 [INFO] Epoch: 26/30 -- Train Loss: 0.655 -- Validation Loss: 0.641 -- Validation ACC: 0.667 -- Validation F1: 0.800
2024-07-22,12:41:08 [INFO] Epoch: 27/30 -- Train Loss: 0.639 -- Validation Loss: 0.641 -- Validation ACC: 0.667 -- Validation F1: 0.800
2024-07-22,12:41:08 [INFO] Epoch: 28/30 -- Train Loss: 0.664 -- Validation Loss: 0.641 -- Validation ACC: 0.667 -- Validation F1: 0.800
2024-07-22,12:41:09 [INFO] Epoch: 29/30 -- Train Loss: 0.689 -- Validation Loss: 0.641 -- Validation ACC: 0.667 -- Validation F1: 0.800
2024-07-22,12:41:09 [INFO] Run 3/5: Average Over Last 6 epochs -- Valid ACC: 0.6666666666666666 -- Valid F1-score: 0.800000011920929
2024-07-22,12:41:09 [INFO] Test Results of Run 3/5: -- Test Loss: 0.687 -- Test ACC: 0.574 -- Test F1: 0.729
2024-07-22,12:41:10 [INFO] Epoch: 0/30 -- Train Loss: 0.689 -- Validation Loss: 0.641 -- Validation ACC: 0.667 -- Validation F1: 0.800
2024-07-22,12:41:14 [INFO] Epoch: 10/30 -- Train Loss: 0.681 -- Validation Loss: 0.641 -- Validation ACC: 0.667 -- Validation F1: 0.800
2024-07-22,12:41:19 [INFO] Epoch: 20/30 -- Train Loss: 0.681 -- Validation Loss: 0.641 -- Validation ACC: 0.667 -- Validation F1: 0.800
2024-07-22,12:41:21 [INFO] Epoch: 24/30 -- Train Loss: 0.647 -- Validation Loss: 0.641 -- Validation ACC: 0.667 -- Validation F1: 0.800
2024-07-22,12:41:22 [INFO] Epoch: 25/30 -- Train Loss: 0.664 -- Validation Loss: 0.641 -- Validation ACC: 0.667 -- Validation F1: 0.800
2024-07-22,12:41:23 [INFO] Epoch: 26/30 -- Train Loss: 0.672 -- Validation Loss: 0.641 -- Validation ACC: 0.667 -- Validation F1: 0.800
2024-07-22,12:41:23 [INFO] Epoch: 27/30 -- Train Loss: 0.647 -- Validation Loss: 0.641 -- Validation ACC: 0.667 -- Validation F1: 0.800
2024-07-22,12:41:24 [INFO] Epoch: 28/30 -- Train Loss: 0.672 -- Validation Loss: 0.641 -- Validation ACC: 0.667 -- Validation F1: 0.800
2024-07-22,12:41:25 [INFO] Epoch: 29/30 -- Train Loss: 0.655 -- Validation Loss: 0.641 -- Validation ACC: 0.667 -- Validation F1: 0.800
2024-07-22,12:41:25 [INFO] Run 4/5: Average Over Last 6 epochs -- Valid ACC: 0.6666666666666666 -- Valid F1-score: 0.800000011920929
2024-07-22,12:41:25 [INFO] Test Results of Run 4/5: -- Test Loss: 0.687 -- Test ACC: 0.574 -- Test F1: 0.729
2024-07-22,12:41:25 [INFO] Validation average after 5 runs -- ACC: 0.667 -- F1-score: 0.800
2024-07-22,12:41:25 [INFO] Test average after 5 runs -- ACC: 0.574 -- F1-score: 0.729
2024-07-22,12:41:25 [INFO] Finished round 6/10 of experiments!
2024-07-22,12:41:25 [INFO] Started round 7/10 of experiments!
2024-07-22,12:41:25 [INFO] Loading previous pretrained model at ./pretrained/GCN_Pretrained_2024-07-01-15-10-20.pth
2024-07-22,12:41:25 [INFO] Total number of tokens: 50
2024-07-22,12:41:26 [INFO] Pretrained GNN on Source Dataset -- Test Loss: 0.642 -- Test ACC: 0.670 -- Test F1-score: 0.708
2024-07-22,12:41:26 [INFO] Pretrained GNN on Target Dataset Without Prompting: -- Validation Loss: 0.357 -- Validation ACC: 0.833 -- Validation F1-score: 0.870 -- Test Loss: 0.708 -- Test ACC: 0.609 -- Test F1-score: 0.640
2024-07-22,12:41:27 [INFO] Epoch: 0/30 -- Train Loss: 0.788 -- Validation Loss: 0.335 -- Validation ACC: 0.833 -- Validation F1: 0.870
2024-07-22,12:41:31 [INFO] Epoch: 10/30 -- Train Loss: 0.635 -- Validation Loss: 0.366 -- Validation ACC: 0.778 -- Validation F1: 0.818
2024-07-22,12:41:36 [INFO] Epoch: 20/30 -- Train Loss: 0.604 -- Validation Loss: 0.372 -- Validation ACC: 0.778 -- Validation F1: 0.818
2024-07-22,12:41:37 [INFO] Epoch: 24/30 -- Train Loss: 0.538 -- Validation Loss: 0.372 -- Validation ACC: 0.778 -- Validation F1: 0.818
2024-07-22,12:41:38 [INFO] Epoch: 25/30 -- Train Loss: 0.667 -- Validation Loss: 0.372 -- Validation ACC: 0.778 -- Validation F1: 0.818
2024-07-22,12:41:39 [INFO] Epoch: 26/30 -- Train Loss: 0.545 -- Validation Loss: 0.372 -- Validation ACC: 0.778 -- Validation F1: 0.818
2024-07-22,12:41:39 [INFO] Epoch: 27/30 -- Train Loss: 0.741 -- Validation Loss: 0.372 -- Validation ACC: 0.778 -- Validation F1: 0.818
2024-07-22,12:41:40 [INFO] Epoch: 28/30 -- Train Loss: 0.581 -- Validation Loss: 0.372 -- Validation ACC: 0.778 -- Validation F1: 0.818
2024-07-22,12:41:41 [INFO] Epoch: 29/30 -- Train Loss: 0.657 -- Validation Loss: 0.372 -- Validation ACC: 0.778 -- Validation F1: 0.818
2024-07-22,12:41:41 [INFO] Run 0/5: Average Over Last 6 epochs -- Valid ACC: 0.7777777777777778 -- Valid F1-score: 0.8181818127632141
2024-07-22,12:41:41 [INFO] Test Results of Run 0/5: -- Test Loss: 0.707 -- Test ACC: 0.600 -- Test F1: 0.629
2024-07-22,12:41:42 [INFO] Epoch: 0/30 -- Train Loss: 0.833 -- Validation Loss: 0.338 -- Validation ACC: 0.833 -- Validation F1: 0.870
2024-07-22,12:41:46 [INFO] Epoch: 10/30 -- Train Loss: 0.843 -- Validation Loss: 0.360 -- Validation ACC: 0.778 -- Validation F1: 0.818
2024-07-22,12:41:50 [INFO] Epoch: 20/30 -- Train Loss: 0.708 -- Validation Loss: 0.367 -- Validation ACC: 0.778 -- Validation F1: 0.818
2024-07-22,12:41:52 [INFO] Epoch: 24/30 -- Train Loss: 0.724 -- Validation Loss: 0.367 -- Validation ACC: 0.778 -- Validation F1: 0.818
2024-07-22,12:41:53 [INFO] Epoch: 25/30 -- Train Loss: 0.643 -- Validation Loss: 0.366 -- Validation ACC: 0.778 -- Validation F1: 0.818
2024-07-22,12:41:54 [INFO] Epoch: 26/30 -- Train Loss: 0.603 -- Validation Loss: 0.367 -- Validation ACC: 0.778 -- Validation F1: 0.818
2024-07-22,12:41:54 [INFO] Epoch: 27/30 -- Train Loss: 0.532 -- Validation Loss: 0.367 -- Validation ACC: 0.778 -- Validation F1: 0.818
2024-07-22,12:41:55 [INFO] Epoch: 28/30 -- Train Loss: 0.638 -- Validation Loss: 0.367 -- Validation ACC: 0.778 -- Validation F1: 0.818
2024-07-22,12:41:56 [INFO] Epoch: 29/30 -- Train Loss: 0.578 -- Validation Loss: 0.367 -- Validation ACC: 0.778 -- Validation F1: 0.818
2024-07-22,12:41:56 [INFO] Run 1/5: Average Over Last 6 epochs -- Valid ACC: 0.7777777777777778 -- Valid F1-score: 0.8181818127632141
2024-07-22,12:41:56 [INFO] Test Results of Run 1/5: -- Test Loss: 0.700 -- Test ACC: 0.591 -- Test F1: 0.618
2024-07-22,12:41:57 [INFO] Epoch: 0/30 -- Train Loss: 0.735 -- Validation Loss: 0.384 -- Validation ACC: 0.778 -- Validation F1: 0.818
2024-07-22,12:42:02 [INFO] Epoch: 10/30 -- Train Loss: 0.765 -- Validation Loss: 0.380 -- Validation ACC: 0.778 -- Validation F1: 0.818
2024-07-22,12:42:05 [INFO] Epoch: 20/30 -- Train Loss: 0.509 -- Validation Loss: 0.375 -- Validation ACC: 0.778 -- Validation F1: 0.818
2024-07-22,12:42:07 [INFO] Epoch: 24/30 -- Train Loss: 0.584 -- Validation Loss: 0.372 -- Validation ACC: 0.778 -- Validation F1: 0.818
2024-07-22,12:42:08 [INFO] Epoch: 25/30 -- Train Loss: 0.623 -- Validation Loss: 0.371 -- Validation ACC: 0.778 -- Validation F1: 0.818
2024-07-22,12:42:09 [INFO] Epoch: 26/30 -- Train Loss: 0.506 -- Validation Loss: 0.370 -- Validation ACC: 0.778 -- Validation F1: 0.818
2024-07-22,12:42:10 [INFO] Epoch: 27/30 -- Train Loss: 0.678 -- Validation Loss: 0.369 -- Validation ACC: 0.778 -- Validation F1: 0.818
2024-07-22,12:42:10 [INFO] Epoch: 28/30 -- Train Loss: 0.663 -- Validation Loss: 0.368 -- Validation ACC: 0.778 -- Validation F1: 0.818
2024-07-22,12:42:11 [INFO] Epoch: 29/30 -- Train Loss: 0.545 -- Validation Loss: 0.368 -- Validation ACC: 0.778 -- Validation F1: 0.818
2024-07-22,12:42:11 [INFO] Run 2/5: Average Over Last 6 epochs -- Valid ACC: 0.7777777777777778 -- Valid F1-score: 0.8181818127632141
2024-07-22,12:42:11 [INFO] Test Results of Run 2/5: -- Test Loss: 0.702 -- Test ACC: 0.583 -- Test F1: 0.613
2024-07-22,12:42:12 [INFO] Epoch: 0/30 -- Train Loss: 0.555 -- Validation Loss: 0.363 -- Validation ACC: 0.778 -- Validation F1: 0.818
2024-07-22,12:42:16 [INFO] Epoch: 10/30 -- Train Loss: 0.650 -- Validation Loss: 0.375 -- Validation ACC: 0.778 -- Validation F1: 0.818
2024-07-22,12:42:21 [INFO] Epoch: 20/30 -- Train Loss: 0.510 -- Validation Loss: 0.372 -- Validation ACC: 0.778 -- Validation F1: 0.818
2024-07-22,12:42:23 [INFO] Epoch: 24/30 -- Train Loss: 0.592 -- Validation Loss: 0.371 -- Validation ACC: 0.778 -- Validation F1: 0.818
2024-07-22,12:42:24 [INFO] Epoch: 25/30 -- Train Loss: 0.596 -- Validation Loss: 0.371 -- Validation ACC: 0.778 -- Validation F1: 0.818
2024-07-22,12:42:24 [INFO] Epoch: 26/30 -- Train Loss: 0.622 -- Validation Loss: 0.371 -- Validation ACC: 0.778 -- Validation F1: 0.818
2024-07-22,12:42:25 [INFO] Epoch: 27/30 -- Train Loss: 0.557 -- Validation Loss: 0.371 -- Validation ACC: 0.778 -- Validation F1: 0.818
2024-07-22,12:42:26 [INFO] Epoch: 28/30 -- Train Loss: 0.566 -- Validation Loss: 0.371 -- Validation ACC: 0.778 -- Validation F1: 0.818
2024-07-22,12:42:27 [INFO] Epoch: 29/30 -- Train Loss: 0.573 -- Validation Loss: 0.371 -- Validation ACC: 0.778 -- Validation F1: 0.818
2024-07-22,12:42:27 [INFO] Run 3/5: Average Over Last 6 epochs -- Valid ACC: 0.7777777777777778 -- Valid F1-score: 0.8181818127632141
2024-07-22,12:42:27 [INFO] Test Results of Run 3/5: -- Test Loss: 0.712 -- Test ACC: 0.591 -- Test F1: 0.618
2024-07-22,12:42:28 [INFO] Epoch: 0/30 -- Train Loss: 0.709 -- Validation Loss: 0.392 -- Validation ACC: 0.778 -- Validation F1: 0.818
2024-07-22,12:42:32 [INFO] Epoch: 10/30 -- Train Loss: 0.593 -- Validation Loss: 0.386 -- Validation ACC: 0.778 -- Validation F1: 0.818
2024-07-22,12:42:36 [INFO] Epoch: 20/30 -- Train Loss: 0.572 -- Validation Loss: 0.389 -- Validation ACC: 0.778 -- Validation F1: 0.818
2024-07-22,12:42:38 [INFO] Epoch: 24/30 -- Train Loss: 0.774 -- Validation Loss: 0.385 -- Validation ACC: 0.778 -- Validation F1: 0.818
2024-07-22,12:42:39 [INFO] Epoch: 25/30 -- Train Loss: 0.733 -- Validation Loss: 0.385 -- Validation ACC: 0.778 -- Validation F1: 0.818
2024-07-22,12:42:39 [INFO] Epoch: 26/30 -- Train Loss: 0.699 -- Validation Loss: 0.384 -- Validation ACC: 0.778 -- Validation F1: 0.818
2024-07-22,12:42:40 [INFO] Epoch: 27/30 -- Train Loss: 0.715 -- Validation Loss: 0.383 -- Validation ACC: 0.778 -- Validation F1: 0.818
2024-07-22,12:42:41 [INFO] Epoch: 28/30 -- Train Loss: 0.626 -- Validation Loss: 0.384 -- Validation ACC: 0.778 -- Validation F1: 0.818
2024-07-22,12:42:42 [INFO] Epoch: 29/30 -- Train Loss: 0.718 -- Validation Loss: 0.383 -- Validation ACC: 0.778 -- Validation F1: 0.818
2024-07-22,12:42:42 [INFO] Run 4/5: Average Over Last 6 epochs -- Valid ACC: 0.7777777777777778 -- Valid F1-score: 0.8181818127632141
2024-07-22,12:42:42 [INFO] Test Results of Run 4/5: -- Test Loss: 0.711 -- Test ACC: 0.609 -- Test F1: 0.634
2024-07-22,12:42:42 [INFO] Validation average after 5 runs -- ACC: 0.778 -- F1-score: 0.818
2024-07-22,12:42:42 [INFO] Test average after 5 runs -- ACC: 0.595 -- F1-score: 0.622
2024-07-22,12:42:42 [INFO] Finished round 7/10 of experiments!
2024-07-22,12:42:42 [INFO] Started round 8/10 of experiments!
2024-07-22,12:42:42 [INFO] Loading previous pretrained model at ./pretrained/GCN_Pretrained_2024-07-01-15-12-47.pth
2024-07-22,12:42:42 [INFO] Total number of tokens: 50
2024-07-22,12:42:43 [INFO] Pretrained GNN on Source Dataset -- Test Loss: 0.883 -- Test ACC: 0.696 -- Test F1-score: 0.733
2024-07-22,12:42:43 [INFO] Pretrained GNN on Target Dataset Without Prompting: -- Validation Loss: 0.933 -- Validation ACC: 0.833 -- Validation F1-score: 0.889 -- Test Loss: 1.174 -- Test ACC: 0.652 -- Test F1-score: 0.714
2024-07-22,12:42:44 [INFO] Epoch: 0/30 -- Train Loss: 0.677 -- Validation Loss: 0.877 -- Validation ACC: 0.833 -- Validation F1: 0.889
2024-07-22,12:42:48 [INFO] Epoch: 10/30 -- Train Loss: 0.488 -- Validation Loss: 0.855 -- Validation ACC: 0.722 -- Validation F1: 0.800
2024-07-22,12:42:52 [INFO] Epoch: 20/30 -- Train Loss: 0.916 -- Validation Loss: 0.840 -- Validation ACC: 0.722 -- Validation F1: 0.800
2024-07-22,12:42:54 [INFO] Epoch: 24/30 -- Train Loss: 1.086 -- Validation Loss: 0.834 -- Validation ACC: 0.722 -- Validation F1: 0.800
2024-07-22,12:42:54 [INFO] Epoch: 25/30 -- Train Loss: 0.666 -- Validation Loss: 0.833 -- Validation ACC: 0.722 -- Validation F1: 0.800
2024-07-22,12:42:55 [INFO] Epoch: 26/30 -- Train Loss: 0.927 -- Validation Loss: 0.831 -- Validation ACC: 0.722 -- Validation F1: 0.800
2024-07-22,12:42:55 [INFO] Epoch: 27/30 -- Train Loss: 0.959 -- Validation Loss: 0.830 -- Validation ACC: 0.722 -- Validation F1: 0.800
2024-07-22,12:42:56 [INFO] Epoch: 28/30 -- Train Loss: 0.773 -- Validation Loss: 0.828 -- Validation ACC: 0.722 -- Validation F1: 0.800
2024-07-22,12:42:57 [INFO] Epoch: 29/30 -- Train Loss: 0.626 -- Validation Loss: 0.827 -- Validation ACC: 0.722 -- Validation F1: 0.800
2024-07-22,12:42:57 [INFO] Run 0/5: Average Over Last 6 epochs -- Valid ACC: 0.7222222222222222 -- Valid F1-score: 0.800000011920929
2024-07-22,12:42:57 [INFO] Test Results of Run 0/5: -- Test Loss: 1.158 -- Test ACC: 0.643 -- Test F1: 0.701
2024-07-22,12:42:58 [INFO] Epoch: 0/30 -- Train Loss: 0.827 -- Validation Loss: 0.942 -- Validation ACC: 0.778 -- Validation F1: 0.846
2024-07-22,12:43:02 [INFO] Epoch: 10/30 -- Train Loss: 0.706 -- Validation Loss: 0.908 -- Validation ACC: 0.722 -- Validation F1: 0.800
2024-07-22,12:43:06 [INFO] Epoch: 20/30 -- Train Loss: 0.855 -- Validation Loss: 0.883 -- Validation ACC: 0.722 -- Validation F1: 0.800
2024-07-22,12:43:08 [INFO] Epoch: 24/30 -- Train Loss: 0.933 -- Validation Loss: 0.874 -- Validation ACC: 0.722 -- Validation F1: 0.800
2024-07-22,12:43:09 [INFO] Epoch: 25/30 -- Train Loss: 0.769 -- Validation Loss: 0.872 -- Validation ACC: 0.722 -- Validation F1: 0.800
2024-07-22,12:43:09 [INFO] Epoch: 26/30 -- Train Loss: 1.172 -- Validation Loss: 0.869 -- Validation ACC: 0.722 -- Validation F1: 0.800
2024-07-22,12:43:10 [INFO] Epoch: 27/30 -- Train Loss: 0.591 -- Validation Loss: 0.867 -- Validation ACC: 0.722 -- Validation F1: 0.800
2024-07-22,12:43:11 [INFO] Epoch: 28/30 -- Train Loss: 0.673 -- Validation Loss: 0.865 -- Validation ACC: 0.722 -- Validation F1: 0.800
2024-07-22,12:43:11 [INFO] Epoch: 29/30 -- Train Loss: 0.478 -- Validation Loss: 0.863 -- Validation ACC: 0.722 -- Validation F1: 0.800
2024-07-22,12:43:11 [INFO] Run 1/5: Average Over Last 6 epochs -- Valid ACC: 0.7222222222222222 -- Valid F1-score: 0.800000011920929
2024-07-22,12:43:12 [INFO] Test Results of Run 1/5: -- Test Loss: 1.160 -- Test ACC: 0.652 -- Test F1: 0.710
2024-07-22,12:43:12 [INFO] Epoch: 0/30 -- Train Loss: 1.377 -- Validation Loss: 0.976 -- Validation ACC: 0.778 -- Validation F1: 0.833
2024-07-22,12:43:16 [INFO] Epoch: 10/30 -- Train Loss: 0.753 -- Validation Loss: 0.935 -- Validation ACC: 0.778 -- Validation F1: 0.833
2024-07-22,12:43:20 [INFO] Epoch: 20/30 -- Train Loss: 0.809 -- Validation Loss: 0.905 -- Validation ACC: 0.778 -- Validation F1: 0.833
2024-07-22,12:43:22 [INFO] Epoch: 24/30 -- Train Loss: 1.422 -- Validation Loss: 0.894 -- Validation ACC: 0.778 -- Validation F1: 0.833
2024-07-22,12:43:23 [INFO] Epoch: 25/30 -- Train Loss: 0.782 -- Validation Loss: 0.891 -- Validation ACC: 0.778 -- Validation F1: 0.833
2024-07-22,12:43:23 [INFO] Epoch: 26/30 -- Train Loss: 0.756 -- Validation Loss: 0.889 -- Validation ACC: 0.722 -- Validation F1: 0.800
2024-07-22,12:43:24 [INFO] Epoch: 27/30 -- Train Loss: 0.425 -- Validation Loss: 0.886 -- Validation ACC: 0.722 -- Validation F1: 0.800
2024-07-22,12:43:25 [INFO] Epoch: 28/30 -- Train Loss: 0.746 -- Validation Loss: 0.884 -- Validation ACC: 0.722 -- Validation F1: 0.800
2024-07-22,12:43:25 [INFO] Epoch: 29/30 -- Train Loss: 0.706 -- Validation Loss: 0.881 -- Validation ACC: 0.722 -- Validation F1: 0.800
2024-07-22,12:43:25 [INFO] Run 2/5: Average Over Last 6 epochs -- Valid ACC: 0.7407407407407408 -- Valid F1-score: 0.8111111124356588
2024-07-22,12:43:26 [INFO] Test Results of Run 2/5: -- Test Loss: 1.174 -- Test ACC: 0.652 -- Test F1: 0.706
2024-07-22,12:43:26 [INFO] Epoch: 0/30 -- Train Loss: 0.924 -- Validation Loss: 0.896 -- Validation ACC: 0.833 -- Validation F1: 0.889
2024-07-22,12:43:30 [INFO] Epoch: 10/30 -- Train Loss: 0.920 -- Validation Loss: 0.861 -- Validation ACC: 0.722 -- Validation F1: 0.800
2024-07-22,12:43:34 [INFO] Epoch: 20/30 -- Train Loss: 0.494 -- Validation Loss: 0.842 -- Validation ACC: 0.722 -- Validation F1: 0.800
2024-07-22,12:43:36 [INFO] Epoch: 24/30 -- Train Loss: 1.203 -- Validation Loss: 0.835 -- Validation ACC: 0.722 -- Validation F1: 0.800
2024-07-22,12:43:37 [INFO] Epoch: 25/30 -- Train Loss: 1.100 -- Validation Loss: 0.834 -- Validation ACC: 0.722 -- Validation F1: 0.800
2024-07-22,12:43:37 [INFO] Epoch: 26/30 -- Train Loss: 0.832 -- Validation Loss: 0.832 -- Validation ACC: 0.722 -- Validation F1: 0.800
2024-07-22,12:43:38 [INFO] Epoch: 27/30 -- Train Loss: 0.849 -- Validation Loss: 0.830 -- Validation ACC: 0.722 -- Validation F1: 0.800
2024-07-22,12:43:39 [INFO] Epoch: 28/30 -- Train Loss: 0.736 -- Validation Loss: 0.829 -- Validation ACC: 0.722 -- Validation F1: 0.800
2024-07-22,12:43:40 [INFO] Epoch: 29/30 -- Train Loss: 0.671 -- Validation Loss: 0.827 -- Validation ACC: 0.722 -- Validation F1: 0.800
2024-07-22,12:43:40 [INFO] Run 3/5: Average Over Last 6 epochs -- Valid ACC: 0.7222222222222222 -- Valid F1-score: 0.800000011920929
2024-07-22,12:43:40 [INFO] Test Results of Run 3/5: -- Test Loss: 1.149 -- Test ACC: 0.635 -- Test F1: 0.696
2024-07-22,12:43:41 [INFO] Epoch: 0/30 -- Train Loss: 0.749 -- Validation Loss: 1.021 -- Validation ACC: 0.722 -- Validation F1: 0.815
2024-07-22,12:43:45 [INFO] Epoch: 10/30 -- Train Loss: 1.436 -- Validation Loss: 0.961 -- Validation ACC: 0.722 -- Validation F1: 0.800
2024-07-22,12:43:50 [INFO] Epoch: 20/30 -- Train Loss: 1.091 -- Validation Loss: 0.926 -- Validation ACC: 0.722 -- Validation F1: 0.800
2024-07-22,12:43:51 [INFO] Epoch: 24/30 -- Train Loss: 0.826 -- Validation Loss: 0.916 -- Validation ACC: 0.722 -- Validation F1: 0.800
2024-07-22,12:43:52 [INFO] Epoch: 25/30 -- Train Loss: 0.892 -- Validation Loss: 0.913 -- Validation ACC: 0.722 -- Validation F1: 0.800
2024-07-22,12:43:53 [INFO] Epoch: 26/30 -- Train Loss: 1.417 -- Validation Loss: 0.911 -- Validation ACC: 0.722 -- Validation F1: 0.800
2024-07-22,12:43:53 [INFO] Epoch: 27/30 -- Train Loss: 1.370 -- Validation Loss: 0.909 -- Validation ACC: 0.722 -- Validation F1: 0.800
2024-07-22,12:43:54 [INFO] Epoch: 28/30 -- Train Loss: 1.214 -- Validation Loss: 0.906 -- Validation ACC: 0.722 -- Validation F1: 0.800
2024-07-22,12:43:54 [INFO] Epoch: 29/30 -- Train Loss: 1.001 -- Validation Loss: 0.904 -- Validation ACC: 0.722 -- Validation F1: 0.800
2024-07-22,12:43:54 [INFO] Run 4/5: Average Over Last 6 epochs -- Valid ACC: 0.7222222222222222 -- Valid F1-score: 0.800000011920929
2024-07-22,12:43:55 [INFO] Test Results of Run 4/5: -- Test Loss: 1.162 -- Test ACC: 0.661 -- Test F1: 0.715
2024-07-22,12:43:55 [INFO] Validation average after 5 runs -- ACC: 0.726 -- F1-score: 0.802
2024-07-22,12:43:55 [INFO] Test average after 5 runs -- ACC: 0.649 -- F1-score: 0.706
2024-07-22,12:43:55 [INFO] Finished round 8/10 of experiments!
2024-07-22,12:43:55 [INFO] Started round 9/10 of experiments!
2024-07-22,12:43:55 [INFO] Loading previous pretrained model at ./pretrained/GCN_Pretrained_2024-07-01-15-15-13.pth
2024-07-22,12:43:55 [INFO] Total number of tokens: 50
2024-07-22,12:43:55 [INFO] Pretrained GNN on Source Dataset -- Test Loss: 0.947 -- Test ACC: 0.757 -- Test F1-score: 0.785
2024-07-22,12:43:56 [INFO] Pretrained GNN on Target Dataset Without Prompting: -- Validation Loss: 0.804 -- Validation ACC: 0.722 -- Validation F1-score: 0.762 -- Test Loss: 0.876 -- Test ACC: 0.739 -- Test F1-score: 0.789
2024-07-22,12:43:56 [INFO] Epoch: 0/30 -- Train Loss: 3.328 -- Validation Loss: 0.754 -- Validation ACC: 0.722 -- Validation F1: 0.762
2024-07-22,12:43:59 [INFO] Epoch: 10/30 -- Train Loss: 3.126 -- Validation Loss: 0.711 -- Validation ACC: 0.722 -- Validation F1: 0.762
2024-07-22,12:44:03 [INFO] Epoch: 20/30 -- Train Loss: 0.469 -- Validation Loss: 0.688 -- Validation ACC: 0.778 -- Validation F1: 0.818
2024-07-22,12:44:04 [INFO] Epoch: 24/30 -- Train Loss: 3.294 -- Validation Loss: 0.682 -- Validation ACC: 0.778 -- Validation F1: 0.818
2024-07-22,12:44:05 [INFO] Epoch: 25/30 -- Train Loss: 3.546 -- Validation Loss: 0.680 -- Validation ACC: 0.778 -- Validation F1: 0.818
2024-07-22,12:44:05 [INFO] Epoch: 26/30 -- Train Loss: 0.760 -- Validation Loss: 0.678 -- Validation ACC: 0.778 -- Validation F1: 0.818
2024-07-22,12:44:06 [INFO] Epoch: 27/30 -- Train Loss: 0.432 -- Validation Loss: 0.677 -- Validation ACC: 0.778 -- Validation F1: 0.818
2024-07-22,12:44:06 [INFO] Epoch: 28/30 -- Train Loss: 0.605 -- Validation Loss: 0.676 -- Validation ACC: 0.778 -- Validation F1: 0.818
2024-07-22,12:44:07 [INFO] Epoch: 29/30 -- Train Loss: 3.325 -- Validation Loss: 0.674 -- Validation ACC: 0.778 -- Validation F1: 0.818
2024-07-22,12:44:07 [INFO] Run 0/5: Average Over Last 6 epochs -- Valid ACC: 0.7777777777777778 -- Valid F1-score: 0.8181818127632141
2024-07-22,12:44:07 [INFO] Test Results of Run 0/5: -- Test Loss: 0.870 -- Test ACC: 0.783 -- Test F1: 0.837
2024-07-22,12:44:08 [INFO] Epoch: 0/30 -- Train Loss: 0.773 -- Validation Loss: 0.825 -- Validation ACC: 0.722 -- Validation F1: 0.762
2024-07-22,12:44:11 [INFO] Epoch: 10/30 -- Train Loss: 3.534 -- Validation Loss: 0.758 -- Validation ACC: 0.722 -- Validation F1: 0.762
2024-07-22,12:44:14 [INFO] Epoch: 20/30 -- Train Loss: 3.247 -- Validation Loss: 0.726 -- Validation ACC: 0.778 -- Validation F1: 0.818
2024-07-22,12:44:15 [INFO] Epoch: 24/30 -- Train Loss: 3.160 -- Validation Loss: 0.718 -- Validation ACC: 0.778 -- Validation F1: 0.818
2024-07-22,12:44:16 [INFO] Epoch: 25/30 -- Train Loss: 3.230 -- Validation Loss: 0.716 -- Validation ACC: 0.778 -- Validation F1: 0.818
2024-07-22,12:44:16 [INFO] Epoch: 26/30 -- Train Loss: 0.345 -- Validation Loss: 0.715 -- Validation ACC: 0.778 -- Validation F1: 0.818
2024-07-22,12:44:17 [INFO] Epoch: 27/30 -- Train Loss: 0.594 -- Validation Loss: 0.713 -- Validation ACC: 0.778 -- Validation F1: 0.818
2024-07-22,12:44:17 [INFO] Epoch: 28/30 -- Train Loss: 3.580 -- Validation Loss: 0.712 -- Validation ACC: 0.778 -- Validation F1: 0.818
2024-07-22,12:44:18 [INFO] Epoch: 29/30 -- Train Loss: 3.529 -- Validation Loss: 0.710 -- Validation ACC: 0.778 -- Validation F1: 0.818
2024-07-22,12:44:18 [INFO] Run 1/5: Average Over Last 6 epochs -- Valid ACC: 0.7777777777777778 -- Valid F1-score: 0.8181818127632141
2024-07-22,12:44:18 [INFO] Test Results of Run 1/5: -- Test Loss: 0.875 -- Test ACC: 0.783 -- Test F1: 0.837
2024-07-22,12:44:19 [INFO] Epoch: 0/30 -- Train Loss: 0.766 -- Validation Loss: 0.844 -- Validation ACC: 0.722 -- Validation F1: 0.762
2024-07-22,12:44:22 [INFO] Epoch: 10/30 -- Train Loss: 0.685 -- Validation Loss: 0.758 -- Validation ACC: 0.722 -- Validation F1: 0.762
2024-07-22,12:44:25 [INFO] Epoch: 20/30 -- Train Loss: 0.807 -- Validation Loss: 0.717 -- Validation ACC: 0.778 -- Validation F1: 0.818
2024-07-22,12:44:27 [INFO] Epoch: 24/30 -- Train Loss: 3.435 -- Validation Loss: 0.711 -- Validation ACC: 0.778 -- Validation F1: 0.818
2024-07-22,12:44:27 [INFO] Epoch: 25/30 -- Train Loss: 0.537 -- Validation Loss: 0.709 -- Validation ACC: 0.778 -- Validation F1: 0.818
2024-07-22,12:44:28 [INFO] Epoch: 26/30 -- Train Loss: 0.509 -- Validation Loss: 0.708 -- Validation ACC: 0.778 -- Validation F1: 0.818
2024-07-22,12:44:28 [INFO] Epoch: 27/30 -- Train Loss: 3.330 -- Validation Loss: 0.706 -- Validation ACC: 0.778 -- Validation F1: 0.818
2024-07-22,12:44:29 [INFO] Epoch: 28/30 -- Train Loss: 3.383 -- Validation Loss: 0.704 -- Validation ACC: 0.778 -- Validation F1: 0.818
2024-07-22,12:44:29 [INFO] Epoch: 29/30 -- Train Loss: 0.505 -- Validation Loss: 0.703 -- Validation ACC: 0.778 -- Validation F1: 0.818
2024-07-22,12:44:29 [INFO] Run 2/5: Average Over Last 6 epochs -- Valid ACC: 0.7777777777777778 -- Valid F1-score: 0.8181818127632141
2024-07-22,12:44:30 [INFO] Test Results of Run 2/5: -- Test Loss: 0.912 -- Test ACC: 0.783 -- Test F1: 0.837
2024-07-22,12:44:30 [INFO] Epoch: 0/30 -- Train Loss: 3.672 -- Validation Loss: 0.907 -- Validation ACC: 0.722 -- Validation F1: 0.762
2024-07-22,12:44:33 [INFO] Epoch: 10/30 -- Train Loss: 0.503 -- Validation Loss: 0.801 -- Validation ACC: 0.722 -- Validation F1: 0.762
2024-07-22,12:44:37 [INFO] Epoch: 20/30 -- Train Loss: 0.524 -- Validation Loss: 0.743 -- Validation ACC: 0.778 -- Validation F1: 0.818
2024-07-22,12:44:38 [INFO] Epoch: 24/30 -- Train Loss: 3.448 -- Validation Loss: 0.730 -- Validation ACC: 0.778 -- Validation F1: 0.818
2024-07-22,12:44:39 [INFO] Epoch: 25/30 -- Train Loss: 3.317 -- Validation Loss: 0.727 -- Validation ACC: 0.778 -- Validation F1: 0.818
2024-07-22,12:44:39 [INFO] Epoch: 26/30 -- Train Loss: 3.359 -- Validation Loss: 0.724 -- Validation ACC: 0.778 -- Validation F1: 0.818
2024-07-22,12:44:40 [INFO] Epoch: 27/30 -- Train Loss: 0.500 -- Validation Loss: 0.722 -- Validation ACC: 0.778 -- Validation F1: 0.818
2024-07-22,12:44:40 [INFO] Epoch: 28/30 -- Train Loss: 0.797 -- Validation Loss: 0.719 -- Validation ACC: 0.778 -- Validation F1: 0.818
2024-07-22,12:44:41 [INFO] Epoch: 29/30 -- Train Loss: 3.163 -- Validation Loss: 0.717 -- Validation ACC: 0.778 -- Validation F1: 0.818
2024-07-22,12:44:41 [INFO] Run 3/5: Average Over Last 6 epochs -- Valid ACC: 0.7777777777777778 -- Valid F1-score: 0.8181818127632141
2024-07-22,12:44:41 [INFO] Test Results of Run 3/5: -- Test Loss: 0.879 -- Test ACC: 0.783 -- Test F1: 0.837
2024-07-22,12:44:42 [INFO] Epoch: 0/30 -- Train Loss: 0.646 -- Validation Loss: 0.837 -- Validation ACC: 0.722 -- Validation F1: 0.762
2024-07-22,12:44:45 [INFO] Epoch: 10/30 -- Train Loss: 0.684 -- Validation Loss: 0.768 -- Validation ACC: 0.722 -- Validation F1: 0.762
2024-07-22,12:44:49 [INFO] Epoch: 20/30 -- Train Loss: 3.055 -- Validation Loss: 0.733 -- Validation ACC: 0.722 -- Validation F1: 0.762
2024-07-22,12:44:50 [INFO] Epoch: 24/30 -- Train Loss: 0.454 -- Validation Loss: 0.723 -- Validation ACC: 0.722 -- Validation F1: 0.762
2024-07-22,12:44:50 [INFO] Epoch: 25/30 -- Train Loss: 0.619 -- Validation Loss: 0.721 -- Validation ACC: 0.722 -- Validation F1: 0.762
2024-07-22,12:44:51 [INFO] Epoch: 26/30 -- Train Loss: 0.562 -- Validation Loss: 0.718 -- Validation ACC: 0.722 -- Validation F1: 0.783
2024-07-22,12:44:52 [INFO] Epoch: 27/30 -- Train Loss: 3.282 -- Validation Loss: 0.716 -- Validation ACC: 0.722 -- Validation F1: 0.783
2024-07-22,12:44:52 [INFO] Epoch: 28/30 -- Train Loss: 0.639 -- Validation Loss: 0.714 -- Validation ACC: 0.722 -- Validation F1: 0.783
2024-07-22,12:44:53 [INFO] Epoch: 29/30 -- Train Loss: 3.419 -- Validation Loss: 0.712 -- Validation ACC: 0.722 -- Validation F1: 0.783
2024-07-22,12:44:53 [INFO] Run 4/5: Average Over Last 6 epochs -- Valid ACC: 0.7222222222222222 -- Valid F1-score: 0.7757073839505514
2024-07-22,12:44:53 [INFO] Test Results of Run 4/5: -- Test Loss: 0.859 -- Test ACC: 0.774 -- Test F1: 0.829
2024-07-22,12:44:53 [INFO] Validation average after 5 runs -- ACC: 0.767 -- F1-score: 0.810
2024-07-22,12:44:53 [INFO] Test average after 5 runs -- ACC: 0.781 -- F1-score: 0.835
2024-07-22,12:44:53 [INFO] Finished round 9/10 of experiments!
2024-07-22,12:44:53 [INFO] Final results: -- Source Test Acc: 0.703 -- Source Test F1: 0.750 -- Target Valid Acc: 0.711 -- Target Valid F1: 0.770 -- Target Test Acc: 0.686 -- Target Test F1: 0.747 -- Prompt Test Acc: 0.691 -- Prompt Valid Acc: 0.716 -- Prompt Test F1: 0.749 -- Prompt Valid F1: 0.772
2024-07-22,12:44:53 [INFO] List of important configs: 
2024-07-22,12:44:53 [INFO] shift_type: structural
2024-07-22,12:44:53 [INFO] attn_with_param: False
2024-07-22,12:44:53 [INFO] w_entropy_loss: 0.0
2024-07-22,12:44:53 [INFO] w_softmax_loss: 0.0
2024-07-22,12:44:53 [INFO] w_domain_loss: 0.0
2024-07-22,12:44:53 [INFO] weight_decay: 0.0
2024-07-22,12:44:53 [INFO] n_epochs: 30
2024-07-22,12:44:53 [INFO] lr: 0.001
2024-07-22,12:44:53 [INFO] batch_size: 64
2024-07-22,12:44:53 [INFO] dropout: 0.3
2024-07-22,12:44:53 [INFO] cut_off: 0.5
2024-07-22,12:44:53 [INFO] light_aug_prob: 0.1
2024-07-22,12:44:53 [INFO] light_aug_mode: mask
2024-07-22,12:44:53 [INFO] pos_aug_mode: mask
2024-07-22,12:44:53 [INFO] noise_shift_mode: homophily
2024-07-22,12:44:53 [INFO] p_raug: 0.15
2024-07-22,12:44:53 [INFO] label_reduction: 0.5
2024-07-22,12:44:53 [INFO] Pretrained modela are saved to: ./pretrained/GCN_Pretrained_2024-07-01-14-54-05.pth ./pretrained/GCN_Pretrained_2024-07-01-14-56-23.pth ./pretrained/GCN_Pretrained_2024-07-01-14-58-41.pth ./pretrained/GCN_Pretrained_2024-07-01-15-00-59.pth ./pretrained/GCN_Pretrained_2024-07-01-15-03-17.pth ./pretrained/GCN_Pretrained_2024-07-01-15-05-37.pth ./pretrained/GCN_Pretrained_2024-07-01-15-07-56.pth ./pretrained/GCN_Pretrained_2024-07-01-15-10-20.pth ./pretrained/GCN_Pretrained_2024-07-01-15-12-47.pth ./pretrained/GCN_Pretrained_2024-07-01-15-15-13.pth
