2024-07-17,12:45:43 [INFO] Logging to: ./log/2024-07-17-12-45-43.log
2024-07-17,12:45:43 [INFO] Reading config from: ./config/dhfr.yaml
2024-07-17,12:45:43 [INFO] Namespace(total_iters=10, prompt_method='flex_match', s_dataset='DHFR', t_dataset='DHFR', prompt_fn='gpf_plus', shift_type='structural', p_shift_intra=0.0, p_shift_inter=0.0, pretrain=True, save_pretrained=False, soft_label=False, add_link_loss=False, attn_with_param=False, empty_pretrained_dir=False, iterative_clustering=False, clutering_iters=3, entropy_div_ratio=3, w_entropy_loss=0.0, w_softmax_loss=0.0, w_domain_loss=0.5, r_reg=0.0, gnn_weight_decay=0.0, weight_decay=0.1, gnn_type='gcn', gnn_num_layers=3, pretrained_path=['./pretrained/GCN_Pretrained_2024-07-01-14-54-05.pth', './pretrained/GCN_Pretrained_2024-07-01-14-56-23.pth', './pretrained/GCN_Pretrained_2024-07-01-14-58-41.pth', './pretrained/GCN_Pretrained_2024-07-01-15-00-59.pth', './pretrained/GCN_Pretrained_2024-07-01-15-03-17.pth', './pretrained/GCN_Pretrained_2024-07-01-15-05-37.pth', './pretrained/GCN_Pretrained_2024-07-01-15-07-56.pth', './pretrained/GCN_Pretrained_2024-07-01-15-10-20.pth', './pretrained/GCN_Pretrained_2024-07-01-15-12-47.pth', './pretrained/GCN_Pretrained_2024-07-01-15-15-13.pth'], gnn_n_epochs=100, gnn_eval_step=10, gnn_h_dim=512, gnn_lr=0.01, gnn_step_size=50, gnn_gamma=0.5, gnn_batch_size=64, gnn_dropout=0.4, n_epochs=30, eval_step=10, h_dim=512, lr=0.01, step_size=50, gamma=0.5, batch_size=64, num_tokens=50, src_ratio=0.5, dropout=0.3, cut_off=0.5, aug_type='feature', light_aug_prob=0.1, light_aug_mode='mask', pos_aug_mode='arbitrary', neg_aug_mode='arbitrary', noise_cov_scale=1.0, noise_mean_shift=1.0, noise_shift_mode='homophily', noise_select_mode='soft', cross_prune=0.8, inner_prune=0.3, num_runs=5, p_raug=0.15, n_raug=0.15, s_split=[0.65, 0.3], t_split=[0.65, 0.3], seed=[1676, 3733, 3589, 4867, 2980, 1142, 3035, 4432, 4672, 4010], config_from_file='./config/dhfr.yaml', config_to_file='', label_reduction=0.0)
2024-07-17,12:45:43 [INFO] ####################################################################################################
2024-07-17,12:45:43 [INFO] Args seeds: [1676, 3733, 3589, 4867, 2980, 1142, 3035, 4432, 4672, 4010]
2024-07-17,12:45:43 [INFO] Source Dataset: DHFR, Target Dataset: DHFR. Training, Test: Source: [0.65, 0.3], Target: [0.65, 0.3] -- Batch size: 64
2024-07-17,12:45:43 [INFO] All input pretrained paths: ['./pretrained/GCN_Pretrained_2024-07-01-14-54-05.pth', './pretrained/GCN_Pretrained_2024-07-01-14-56-23.pth', './pretrained/GCN_Pretrained_2024-07-01-14-58-41.pth', './pretrained/GCN_Pretrained_2024-07-01-15-00-59.pth', './pretrained/GCN_Pretrained_2024-07-01-15-03-17.pth', './pretrained/GCN_Pretrained_2024-07-01-15-05-37.pth', './pretrained/GCN_Pretrained_2024-07-01-15-07-56.pth', './pretrained/GCN_Pretrained_2024-07-01-15-10-20.pth', './pretrained/GCN_Pretrained_2024-07-01-15-12-47.pth', './pretrained/GCN_Pretrained_2024-07-01-15-15-13.pth']
2024-07-17,12:45:43 [INFO] Started round 0/10 of experiments!
2024-07-17,12:45:43 [INFO] Setting for pretraining: Model: {'gnn_type': 'gcn', 'in_channels': 56, 'hidden_channels': 512, 'out_channels': 2, 'num_layers': 3, 'dropout': 0.4, 'with_bn': False, 'with_head': True} -- Optimizer: {'lr': 0.01, 'scheduler_step_size': 50, 'scheduler_gamma': 0.5, 'weight_decay': 0.0} -- Training: {'n_epochs': 100}
2024-07-17,12:45:43 [INFO] Loading previous pretrained model at ./pretrained/GCN_Pretrained_2024-07-01-14-54-05.pth
2024-07-17,12:45:43 [INFO] Prompting method: flex_match -- Setting: Prompting function: gpf_plus -- Target Dataset: DHFR
2024-07-17,12:45:43 [INFO] Setting for prompt tuning: Prompt: {'emb_dim': 56, 'h_dim': 512, 'output_dim': 56, 'prompt_fn': 'gpf_plus', 'token_num': 50, 'cross_prune': 0.8, 'inner_prune': 0.3, 'attn_with_param': False} -- Pretrained Model: {'gnn_type': 'gcn', 'in_channels': 56, 'hidden_channels': 512, 'out_channels': 2, 'num_layers': 3, 'dropout': 0.4, 'with_bn': False, 'with_head': True} -- Optimizer: {'lr': 0.01, 'scheduler_step_size': 50, 'scheduler_gamma': 0.5, 'weight_decay': 0.1} -- Training: {'aug_type': 'feature', 'pos_aug_mode': 'arbitrary', 'p_raug': 0.15, 'n_epochs': 30, 'r_reg': 0.0, 'soft_label': False, 'clutering_iters': 3, 'iterative_clustering': False, 'entropy_div_ratio': 3, 'w_entropy_loss': 0.0, 'w_softmax_loss': 0.0, 'w_domain_loss': 0.5, 'light_aug_prob': 0.1, 'light_aug_mode': 'mask', 'num_classes': 2, 'cut_off': 0.5}
2024-07-17,12:45:43 [INFO] Prompt tuning started: Num runs: 5 -- Eval step: 10
2024-07-17,12:45:45 [INFO] Pretrained GNN on Source Dataset -- Test Loss: 0.863 -- Test ACC: 0.661 -- Test F1-score: 0.702
2024-07-17,12:45:45 [INFO] Pretrained GNN on Target Dataset Without Prompting: -- Validation Loss: 0.762 -- Validation ACC: 0.611 -- Validation F1-score: 0.667 -- Test Loss: 0.711 -- Test ACC: 0.774 -- Test F1-score: 0.803
2024-07-17,12:45:47 [INFO] Epoch: 0/30 -- Train Loss: 0.522 -- Validation Loss: 0.693 -- Validation ACC: 0.667 -- Validation F1: 0.727
2024-07-17,12:46:02 [INFO] Epoch: 10/30 -- Train Loss: 0.363 -- Validation Loss: 0.550 -- Validation ACC: 0.611 -- Validation F1: 0.696
2024-07-17,12:46:17 [INFO] Epoch: 20/30 -- Train Loss: 0.869 -- Validation Loss: 0.908 -- Validation ACC: 0.444 -- Validation F1: 0.444
2024-07-17,12:46:23 [INFO] Epoch: 24/30 -- Train Loss: 0.351 -- Validation Loss: 0.728 -- Validation ACC: 0.667 -- Validation F1: 0.727
2024-07-17,12:46:25 [INFO] Epoch: 25/30 -- Train Loss: 1.157 -- Validation Loss: 0.721 -- Validation ACC: 0.667 -- Validation F1: 0.727
2024-07-17,12:46:27 [INFO] Epoch: 26/30 -- Train Loss: 1.386 -- Validation Loss: 0.737 -- Validation ACC: 0.667 -- Validation F1: 0.727
2024-07-17,12:46:29 [INFO] Epoch: 27/30 -- Train Loss: 0.753 -- Validation Loss: 0.784 -- Validation ACC: 0.611 -- Validation F1: 0.667
2024-07-17,12:46:31 [INFO] Epoch: 28/30 -- Train Loss: 0.529 -- Validation Loss: 0.808 -- Validation ACC: 0.556 -- Validation F1: 0.600
2024-07-17,12:46:33 [INFO] Epoch: 29/30 -- Train Loss: 0.862 -- Validation Loss: 0.708 -- Validation ACC: 0.611 -- Validation F1: 0.667
2024-07-17,12:46:33 [INFO] Run 0/5: Average Over Last 6 epochs -- Valid ACC: 0.6296296296296297 -- Valid F1-score: 0.6858586072921753
2024-07-17,12:46:34 [INFO] Test Results of Run 0/5: -- Test Loss: 0.652 -- Test ACC: 0.783 -- Test F1: 0.815
2024-07-17,12:46:36 [INFO] Epoch: 0/30 -- Train Loss: 0.388 -- Validation Loss: 0.782 -- Validation ACC: 0.556 -- Validation F1: 0.600
2024-07-17,12:46:51 [INFO] Epoch: 10/30 -- Train Loss: 0.388 -- Validation Loss: 1.396 -- Validation ACC: 0.444 -- Validation F1: 0.375
2024-07-17,12:47:05 [INFO] Epoch: 20/30 -- Train Loss: 0.352 -- Validation Loss: 0.816 -- Validation ACC: 0.611 -- Validation F1: 0.667
2024-07-17,12:47:12 [INFO] Epoch: 24/30 -- Train Loss: 0.349 -- Validation Loss: 0.514 -- Validation ACC: 0.778 -- Validation F1: 0.833
2024-07-17,12:47:13 [INFO] Epoch: 25/30 -- Train Loss: 0.345 -- Validation Loss: 0.493 -- Validation ACC: 0.778 -- Validation F1: 0.833
2024-07-17,12:47:15 [INFO] Epoch: 26/30 -- Train Loss: 0.613 -- Validation Loss: 0.467 -- Validation ACC: 0.722 -- Validation F1: 0.800
2024-07-17,12:47:17 [INFO] Epoch: 27/30 -- Train Loss: 0.366 -- Validation Loss: 0.462 -- Validation ACC: 0.722 -- Validation F1: 0.800
2024-07-17,12:47:19 [INFO] Epoch: 28/30 -- Train Loss: 0.370 -- Validation Loss: 0.477 -- Validation ACC: 0.722 -- Validation F1: 0.800
2024-07-17,12:47:20 [INFO] Epoch: 29/30 -- Train Loss: 0.372 -- Validation Loss: 0.495 -- Validation ACC: 0.722 -- Validation F1: 0.800
2024-07-17,12:47:20 [INFO] Run 1/5: Average Over Last 6 epochs -- Valid ACC: 0.7407407407407408 -- Valid F1-score: 0.8111111124356588
2024-07-17,12:47:21 [INFO] Test Results of Run 1/5: -- Test Loss: 0.680 -- Test ACC: 0.765 -- Test F1: 0.811
2024-07-17,12:47:23 [INFO] Epoch: 0/30 -- Train Loss: 0.381 -- Validation Loss: 0.904 -- Validation ACC: 0.500 -- Validation F1: 0.526
2024-07-17,12:47:38 [INFO] Epoch: 10/30 -- Train Loss: 0.577 -- Validation Loss: 0.658 -- Validation ACC: 0.611 -- Validation F1: 0.667
2024-07-17,12:47:52 [INFO] Epoch: 20/30 -- Train Loss: 0.704 -- Validation Loss: 0.787 -- Validation ACC: 0.611 -- Validation F1: 0.667
2024-07-17,12:47:58 [INFO] Epoch: 24/30 -- Train Loss: 1.052 -- Validation Loss: 0.645 -- Validation ACC: 0.667 -- Validation F1: 0.727
2024-07-17,12:48:01 [INFO] Epoch: 25/30 -- Train Loss: 0.365 -- Validation Loss: 0.861 -- Validation ACC: 0.500 -- Validation F1: 0.526
2024-07-17,12:48:02 [INFO] Epoch: 26/30 -- Train Loss: 0.659 -- Validation Loss: 1.004 -- Validation ACC: 0.444 -- Validation F1: 0.444
2024-07-17,12:48:04 [INFO] Epoch: 27/30 -- Train Loss: 0.567 -- Validation Loss: 1.015 -- Validation ACC: 0.444 -- Validation F1: 0.444
2024-07-17,12:48:06 [INFO] Epoch: 28/30 -- Train Loss: 0.417 -- Validation Loss: 0.824 -- Validation ACC: 0.556 -- Validation F1: 0.600
2024-07-17,12:48:08 [INFO] Epoch: 29/30 -- Train Loss: 0.610 -- Validation Loss: 0.717 -- Validation ACC: 0.667 -- Validation F1: 0.727
2024-07-17,12:48:08 [INFO] Run 2/5: Average Over Last 6 epochs -- Valid ACC: 0.5462962962962962 -- Valid F1-score: 0.5782917042573293
2024-07-17,12:48:09 [INFO] Test Results of Run 2/5: -- Test Loss: 0.679 -- Test ACC: 0.774 -- Test F1: 0.806
2024-07-17,12:48:11 [INFO] Epoch: 0/30 -- Train Loss: 0.430 -- Validation Loss: 0.577 -- Validation ACC: 0.722 -- Validation F1: 0.783
2024-07-17,12:48:25 [INFO] Epoch: 10/30 -- Train Loss: 0.475 -- Validation Loss: 0.508 -- Validation ACC: 0.722 -- Validation F1: 0.800
2024-07-17,12:48:39 [INFO] Epoch: 20/30 -- Train Loss: 0.814 -- Validation Loss: 0.777 -- Validation ACC: 0.611 -- Validation F1: 0.667
2024-07-17,12:48:45 [INFO] Epoch: 24/30 -- Train Loss: 2.144 -- Validation Loss: 0.731 -- Validation ACC: 0.556 -- Validation F1: 0.600
2024-07-17,12:48:47 [INFO] Epoch: 25/30 -- Train Loss: 1.747 -- Validation Loss: 0.595 -- Validation ACC: 0.667 -- Validation F1: 0.727
2024-07-17,12:48:49 [INFO] Epoch: 26/30 -- Train Loss: 0.362 -- Validation Loss: 0.503 -- Validation ACC: 0.722 -- Validation F1: 0.800
2024-07-17,12:48:51 [INFO] Epoch: 27/30 -- Train Loss: 0.632 -- Validation Loss: 0.516 -- Validation ACC: 0.722 -- Validation F1: 0.800
2024-07-17,12:48:53 [INFO] Epoch: 28/30 -- Train Loss: 0.926 -- Validation Loss: 0.550 -- Validation ACC: 0.722 -- Validation F1: 0.800
2024-07-17,12:48:55 [INFO] Epoch: 29/30 -- Train Loss: 0.411 -- Validation Loss: 0.656 -- Validation ACC: 0.667 -- Validation F1: 0.727
2024-07-17,12:48:55 [INFO] Run 3/5: Average Over Last 6 epochs -- Valid ACC: 0.675925925925926 -- Valid F1-score: 0.7424242595831553
2024-07-17,12:48:56 [INFO] Test Results of Run 3/5: -- Test Loss: 0.700 -- Test ACC: 0.748 -- Test F1: 0.788
2024-07-17,12:48:57 [INFO] Epoch: 0/30 -- Train Loss: 0.381 -- Validation Loss: 0.873 -- Validation ACC: 0.500 -- Validation F1: 0.526
2024-07-17,12:49:12 [INFO] Epoch: 10/30 -- Train Loss: 0.634 -- Validation Loss: 0.807 -- Validation ACC: 0.611 -- Validation F1: 0.667
2024-07-17,12:49:27 [INFO] Epoch: 20/30 -- Train Loss: 3.374 -- Validation Loss: 0.595 -- Validation ACC: 0.722 -- Validation F1: 0.800
2024-07-17,12:49:33 [INFO] Epoch: 24/30 -- Train Loss: 1.067 -- Validation Loss: 0.842 -- Validation ACC: 0.500 -- Validation F1: 0.526
2024-07-17,12:49:34 [INFO] Epoch: 25/30 -- Train Loss: 0.782 -- Validation Loss: 0.670 -- Validation ACC: 0.611 -- Validation F1: 0.696
2024-07-17,12:49:36 [INFO] Epoch: 26/30 -- Train Loss: 0.605 -- Validation Loss: 0.535 -- Validation ACC: 0.667 -- Validation F1: 0.750
2024-07-17,12:49:38 [INFO] Epoch: 27/30 -- Train Loss: 0.353 -- Validation Loss: 0.459 -- Validation ACC: 0.778 -- Validation F1: 0.846
2024-07-17,12:49:40 [INFO] Epoch: 28/30 -- Train Loss: 1.053 -- Validation Loss: 0.429 -- Validation ACC: 0.833 -- Validation F1: 0.889
2024-07-17,12:49:42 [INFO] Epoch: 29/30 -- Train Loss: 0.661 -- Validation Loss: 0.423 -- Validation ACC: 0.889 -- Validation F1: 0.929
2024-07-17,12:49:42 [INFO] Run 4/5: Average Over Last 6 epochs -- Valid ACC: 0.7129629629629629 -- Valid F1-score: 0.7725970248381296
2024-07-17,12:49:43 [INFO] Test Results of Run 4/5: -- Test Loss: 0.693 -- Test ACC: 0.757 -- Test F1: 0.821
2024-07-17,12:49:43 [INFO] Validation average after 5 runs -- ACC: 0.661 -- F1-score: 0.718
2024-07-17,12:49:43 [INFO] Test average after 5 runs -- ACC: 0.765 -- F1-score: 0.808
2024-07-17,12:49:43 [INFO] Finished round 0/10 of experiments!
2024-07-17,12:49:43 [INFO] Started round 1/10 of experiments!
2024-07-17,12:49:43 [INFO] Loading previous pretrained model at ./pretrained/GCN_Pretrained_2024-07-01-14-56-23.pth
2024-07-17,12:49:44 [INFO] Pretrained GNN on Source Dataset -- Test Loss: 0.964 -- Test ACC: 0.739 -- Test F1-score: 0.758
2024-07-17,12:49:45 [INFO] Pretrained GNN on Target Dataset Without Prompting: -- Validation Loss: 1.277 -- Validation ACC: 0.667 -- Validation F1-score: 0.769 -- Test Loss: 1.529 -- Test ACC: 0.643 -- Test F1-score: 0.713
2024-07-17,12:49:46 [INFO] Epoch: 0/30 -- Train Loss: 0.596 -- Validation Loss: 1.577 -- Validation ACC: 0.667 -- Validation F1: 0.800
2024-07-17,12:50:01 [INFO] Epoch: 10/30 -- Train Loss: 0.574 -- Validation Loss: 1.508 -- Validation ACC: 0.667 -- Validation F1: 0.769
2024-07-17,12:50:16 [INFO] Epoch: 20/30 -- Train Loss: 0.352 -- Validation Loss: 1.297 -- Validation ACC: 0.667 -- Validation F1: 0.800
2024-07-17,12:50:23 [INFO] Epoch: 24/30 -- Train Loss: 0.823 -- Validation Loss: 1.222 -- Validation ACC: 0.667 -- Validation F1: 0.769
2024-07-17,12:50:24 [INFO] Epoch: 25/30 -- Train Loss: 0.349 -- Validation Loss: 1.249 -- Validation ACC: 0.667 -- Validation F1: 0.769
2024-07-17,12:50:26 [INFO] Epoch: 26/30 -- Train Loss: 0.396 -- Validation Loss: 1.294 -- Validation ACC: 0.667 -- Validation F1: 0.769
2024-07-17,12:50:28 [INFO] Epoch: 27/30 -- Train Loss: 0.627 -- Validation Loss: 1.326 -- Validation ACC: 0.667 -- Validation F1: 0.769
2024-07-17,12:50:30 [INFO] Epoch: 28/30 -- Train Loss: 0.729 -- Validation Loss: 1.354 -- Validation ACC: 0.667 -- Validation F1: 0.769
2024-07-17,12:50:32 [INFO] Epoch: 29/30 -- Train Loss: 0.381 -- Validation Loss: 1.347 -- Validation ACC: 0.667 -- Validation F1: 0.786
2024-07-17,12:50:32 [INFO] Run 0/5: Average Over Last 6 epochs -- Valid ACC: 0.6666666666666666 -- Valid F1-score: 0.7719780306021372
2024-07-17,12:50:32 [INFO] Test Results of Run 0/5: -- Test Loss: 1.529 -- Test ACC: 0.661 -- Test F1: 0.742
2024-07-17,12:50:35 [INFO] Epoch: 0/30 -- Train Loss: 0.663 -- Validation Loss: 1.356 -- Validation ACC: 0.667 -- Validation F1: 0.769
2024-07-17,12:50:48 [INFO] Epoch: 10/30 -- Train Loss: 0.511 -- Validation Loss: 1.335 -- Validation ACC: 0.667 -- Validation F1: 0.800
2024-07-17,12:51:03 [INFO] Epoch: 20/30 -- Train Loss: 0.632 -- Validation Loss: 1.435 -- Validation ACC: 0.667 -- Validation F1: 0.769
2024-07-17,12:51:10 [INFO] Epoch: 24/30 -- Train Loss: 0.413 -- Validation Loss: 1.366 -- Validation ACC: 0.667 -- Validation F1: 0.769
2024-07-17,12:51:11 [INFO] Epoch: 25/30 -- Train Loss: 0.594 -- Validation Loss: 1.291 -- Validation ACC: 0.667 -- Validation F1: 0.769
2024-07-17,12:51:13 [INFO] Epoch: 26/30 -- Train Loss: 2.300 -- Validation Loss: 1.300 -- Validation ACC: 0.667 -- Validation F1: 0.800
2024-07-17,12:51:15 [INFO] Epoch: 27/30 -- Train Loss: 0.500 -- Validation Loss: 1.299 -- Validation ACC: 0.667 -- Validation F1: 0.800
2024-07-17,12:51:17 [INFO] Epoch: 28/30 -- Train Loss: 1.469 -- Validation Loss: 1.220 -- Validation ACC: 0.667 -- Validation F1: 0.786
2024-07-17,12:51:19 [INFO] Epoch: 29/30 -- Train Loss: 0.435 -- Validation Loss: 1.180 -- Validation ACC: 0.667 -- Validation F1: 0.769
2024-07-17,12:51:19 [INFO] Run 1/5: Average Over Last 6 epochs -- Valid ACC: 0.6666666666666666 -- Valid F1-score: 0.7822344402472178
2024-07-17,12:51:20 [INFO] Test Results of Run 1/5: -- Test Loss: 1.537 -- Test ACC: 0.643 -- Test F1: 0.709
2024-07-17,12:51:22 [INFO] Epoch: 0/30 -- Train Loss: 0.445 -- Validation Loss: 1.403 -- Validation ACC: 0.667 -- Validation F1: 0.786
2024-07-17,12:51:37 [INFO] Epoch: 10/30 -- Train Loss: 0.419 -- Validation Loss: 1.213 -- Validation ACC: 0.667 -- Validation F1: 0.769
2024-07-17,12:51:51 [INFO] Epoch: 20/30 -- Train Loss: 0.368 -- Validation Loss: 1.379 -- Validation ACC: 0.667 -- Validation F1: 0.800
2024-07-17,12:51:57 [INFO] Epoch: 24/30 -- Train Loss: 3.020 -- Validation Loss: 1.226 -- Validation ACC: 0.667 -- Validation F1: 0.769
2024-07-17,12:51:59 [INFO] Epoch: 25/30 -- Train Loss: 3.638 -- Validation Loss: 1.239 -- Validation ACC: 0.667 -- Validation F1: 0.769
2024-07-17,12:52:01 [INFO] Epoch: 26/30 -- Train Loss: 0.910 -- Validation Loss: 1.275 -- Validation ACC: 0.667 -- Validation F1: 0.769
2024-07-17,12:52:03 [INFO] Epoch: 27/30 -- Train Loss: 0.718 -- Validation Loss: 1.294 -- Validation ACC: 0.667 -- Validation F1: 0.769
2024-07-17,12:52:05 [INFO] Epoch: 28/30 -- Train Loss: 0.465 -- Validation Loss: 1.295 -- Validation ACC: 0.667 -- Validation F1: 0.769
2024-07-17,12:52:07 [INFO] Epoch: 29/30 -- Train Loss: 0.372 -- Validation Loss: 1.293 -- Validation ACC: 0.667 -- Validation F1: 0.769
2024-07-17,12:52:07 [INFO] Run 2/5: Average Over Last 6 epochs -- Valid ACC: 0.6666666666666666 -- Valid F1-score: 0.7692307829856873
2024-07-17,12:52:07 [INFO] Test Results of Run 2/5: -- Test Loss: 1.559 -- Test ACC: 0.617 -- Test F1: 0.686
2024-07-17,12:52:09 [INFO] Epoch: 0/30 -- Train Loss: 0.641 -- Validation Loss: 1.321 -- Validation ACC: 0.667 -- Validation F1: 0.769
2024-07-17,12:52:25 [INFO] Epoch: 10/30 -- Train Loss: 1.915 -- Validation Loss: 1.217 -- Validation ACC: 0.667 -- Validation F1: 0.769
2024-07-17,12:52:40 [INFO] Epoch: 20/30 -- Train Loss: 2.056 -- Validation Loss: 1.293 -- Validation ACC: 0.667 -- Validation F1: 0.800
2024-07-17,12:52:46 [INFO] Epoch: 24/30 -- Train Loss: 0.401 -- Validation Loss: 1.517 -- Validation ACC: 0.667 -- Validation F1: 0.800
2024-07-17,12:52:48 [INFO] Epoch: 25/30 -- Train Loss: 0.457 -- Validation Loss: 1.481 -- Validation ACC: 0.667 -- Validation F1: 0.800
2024-07-17,12:52:50 [INFO] Epoch: 26/30 -- Train Loss: 0.377 -- Validation Loss: 1.226 -- Validation ACC: 0.611 -- Validation F1: 0.759
2024-07-17,12:52:51 [INFO] Epoch: 27/30 -- Train Loss: 3.476 -- Validation Loss: 1.114 -- Validation ACC: 0.667 -- Validation F1: 0.769
2024-07-17,12:52:53 [INFO] Epoch: 28/30 -- Train Loss: 0.593 -- Validation Loss: 1.131 -- Validation ACC: 0.667 -- Validation F1: 0.769
2024-07-17,12:52:55 [INFO] Epoch: 29/30 -- Train Loss: 3.765 -- Validation Loss: 1.146 -- Validation ACC: 0.667 -- Validation F1: 0.769
2024-07-17,12:52:55 [INFO] Run 3/5: Average Over Last 6 epochs -- Valid ACC: 0.6574074074074073 -- Valid F1-score: 0.7777188420295715
2024-07-17,12:52:55 [INFO] Test Results of Run 3/5: -- Test Loss: 1.583 -- Test ACC: 0.635 -- Test F1: 0.691
2024-07-17,12:52:57 [INFO] Epoch: 0/30 -- Train Loss: 0.416 -- Validation Loss: 1.267 -- Validation ACC: 0.667 -- Validation F1: 0.769
2024-07-17,12:53:12 [INFO] Epoch: 10/30 -- Train Loss: 0.669 -- Validation Loss: 1.223 -- Validation ACC: 0.667 -- Validation F1: 0.769
2024-07-17,12:53:27 [INFO] Epoch: 20/30 -- Train Loss: 0.366 -- Validation Loss: 1.324 -- Validation ACC: 0.667 -- Validation F1: 0.769
2024-07-17,12:53:33 [INFO] Epoch: 24/30 -- Train Loss: 0.574 -- Validation Loss: 1.254 -- Validation ACC: 0.667 -- Validation F1: 0.769
2024-07-17,12:53:34 [INFO] Epoch: 25/30 -- Train Loss: 0.524 -- Validation Loss: 1.254 -- Validation ACC: 0.722 -- Validation F1: 0.815
2024-07-17,12:53:36 [INFO] Epoch: 26/30 -- Train Loss: 0.348 -- Validation Loss: 1.250 -- Validation ACC: 0.722 -- Validation F1: 0.815
2024-07-17,12:53:38 [INFO] Epoch: 27/30 -- Train Loss: 1.173 -- Validation Loss: 1.237 -- Validation ACC: 0.667 -- Validation F1: 0.769
2024-07-17,12:53:40 [INFO] Epoch: 28/30 -- Train Loss: 0.759 -- Validation Loss: 1.239 -- Validation ACC: 0.722 -- Validation F1: 0.815
2024-07-17,12:53:42 [INFO] Epoch: 29/30 -- Train Loss: 0.370 -- Validation Loss: 1.239 -- Validation ACC: 0.778 -- Validation F1: 0.857
2024-07-17,12:53:42 [INFO] Run 4/5: Average Over Last 6 epochs -- Valid ACC: 0.7129629629629629 -- Valid F1-score: 0.8066748082637787
2024-07-17,12:53:42 [INFO] Test Results of Run 4/5: -- Test Loss: 1.570 -- Test ACC: 0.661 -- Test F1: 0.745
2024-07-17,12:53:42 [INFO] Validation average after 5 runs -- ACC: 0.674 -- F1-score: 0.782
2024-07-17,12:53:42 [INFO] Test average after 5 runs -- ACC: 0.643 -- F1-score: 0.715
2024-07-17,12:53:42 [INFO] Finished round 1/10 of experiments!
2024-07-17,12:53:42 [INFO] Started round 2/10 of experiments!
2024-07-17,12:53:43 [INFO] Loading previous pretrained model at ./pretrained/GCN_Pretrained_2024-07-01-14-58-41.pth
2024-07-17,12:53:43 [INFO] Pretrained GNN on Source Dataset -- Test Loss: 1.173 -- Test ACC: 0.757 -- Test F1-score: 0.813
2024-07-17,12:53:44 [INFO] Pretrained GNN on Target Dataset Without Prompting: -- Validation Loss: 0.928 -- Validation ACC: 0.667 -- Validation F1-score: 0.769 -- Test Loss: 0.858 -- Test ACC: 0.687 -- Test F1-score: 0.735
2024-07-17,12:53:46 [INFO] Epoch: 0/30 -- Train Loss: 0.924 -- Validation Loss: 0.961 -- Validation ACC: 0.667 -- Validation F1: 0.769
2024-07-17,12:54:00 [INFO] Epoch: 10/30 -- Train Loss: 0.856 -- Validation Loss: 1.003 -- Validation ACC: 0.667 -- Validation F1: 0.769
2024-07-17,12:54:16 [INFO] Epoch: 20/30 -- Train Loss: 0.450 -- Validation Loss: 0.894 -- Validation ACC: 0.667 -- Validation F1: 0.769
2024-07-17,12:54:22 [INFO] Epoch: 24/30 -- Train Loss: 0.403 -- Validation Loss: 0.973 -- Validation ACC: 0.667 -- Validation F1: 0.769
2024-07-17,12:54:23 [INFO] Epoch: 25/30 -- Train Loss: 0.459 -- Validation Loss: 1.043 -- Validation ACC: 0.667 -- Validation F1: 0.769
2024-07-17,12:54:25 [INFO] Epoch: 26/30 -- Train Loss: 0.721 -- Validation Loss: 1.085 -- Validation ACC: 0.778 -- Validation F1: 0.857
2024-07-17,12:54:27 [INFO] Epoch: 27/30 -- Train Loss: 1.965 -- Validation Loss: 1.075 -- Validation ACC: 0.667 -- Validation F1: 0.769
2024-07-17,12:54:29 [INFO] Epoch: 28/30 -- Train Loss: 0.502 -- Validation Loss: 0.995 -- Validation ACC: 0.667 -- Validation F1: 0.769
2024-07-17,12:54:31 [INFO] Epoch: 29/30 -- Train Loss: 0.860 -- Validation Loss: 0.944 -- Validation ACC: 0.667 -- Validation F1: 0.769
2024-07-17,12:54:31 [INFO] Run 0/5: Average Over Last 6 epochs -- Valid ACC: 0.6851851851851851 -- Valid F1-score: 0.7838827967643738
2024-07-17,12:54:32 [INFO] Test Results of Run 0/5: -- Test Loss: 0.892 -- Test ACC: 0.704 -- Test F1: 0.742
2024-07-17,12:54:33 [INFO] Epoch: 0/30 -- Train Loss: 0.885 -- Validation Loss: 0.977 -- Validation ACC: 0.667 -- Validation F1: 0.769
2024-07-17,12:54:48 [INFO] Epoch: 10/30 -- Train Loss: 0.918 -- Validation Loss: 0.915 -- Validation ACC: 0.667 -- Validation F1: 0.769
2024-07-17,12:55:03 [INFO] Epoch: 20/30 -- Train Loss: 1.031 -- Validation Loss: 1.003 -- Validation ACC: 0.667 -- Validation F1: 0.769
2024-07-17,12:55:09 [INFO] Epoch: 24/30 -- Train Loss: 0.913 -- Validation Loss: 0.858 -- Validation ACC: 0.667 -- Validation F1: 0.769
2024-07-17,12:55:11 [INFO] Epoch: 25/30 -- Train Loss: 0.733 -- Validation Loss: 0.883 -- Validation ACC: 0.667 -- Validation F1: 0.769
2024-07-17,12:55:13 [INFO] Epoch: 26/30 -- Train Loss: 0.713 -- Validation Loss: 0.922 -- Validation ACC: 0.667 -- Validation F1: 0.769
2024-07-17,12:55:15 [INFO] Epoch: 27/30 -- Train Loss: 0.537 -- Validation Loss: 0.954 -- Validation ACC: 0.667 -- Validation F1: 0.769
2024-07-17,12:55:17 [INFO] Epoch: 28/30 -- Train Loss: 0.448 -- Validation Loss: 0.975 -- Validation ACC: 0.667 -- Validation F1: 0.769
2024-07-17,12:55:19 [INFO] Epoch: 29/30 -- Train Loss: 0.418 -- Validation Loss: 0.962 -- Validation ACC: 0.667 -- Validation F1: 0.769
2024-07-17,12:55:19 [INFO] Run 1/5: Average Over Last 6 epochs -- Valid ACC: 0.6666666666666666 -- Valid F1-score: 0.7692307829856873
2024-07-17,12:55:19 [INFO] Test Results of Run 1/5: -- Test Loss: 0.918 -- Test ACC: 0.696 -- Test F1: 0.745
2024-07-17,12:55:21 [INFO] Epoch: 0/30 -- Train Loss: 0.662 -- Validation Loss: 0.916 -- Validation ACC: 0.667 -- Validation F1: 0.769
2024-07-17,12:55:37 [INFO] Epoch: 10/30 -- Train Loss: 3.231 -- Validation Loss: 0.894 -- Validation ACC: 0.667 -- Validation F1: 0.769
2024-07-17,12:55:52 [INFO] Epoch: 20/30 -- Train Loss: 0.915 -- Validation Loss: 0.973 -- Validation ACC: 0.667 -- Validation F1: 0.769
2024-07-17,12:55:58 [INFO] Epoch: 24/30 -- Train Loss: 0.673 -- Validation Loss: 0.981 -- Validation ACC: 0.667 -- Validation F1: 0.769
2024-07-17,12:55:59 [INFO] Epoch: 25/30 -- Train Loss: 0.348 -- Validation Loss: 0.995 -- Validation ACC: 0.667 -- Validation F1: 0.769
2024-07-17,12:56:01 [INFO] Epoch: 26/30 -- Train Loss: 1.224 -- Validation Loss: 1.012 -- Validation ACC: 0.667 -- Validation F1: 0.769
2024-07-17,12:56:03 [INFO] Epoch: 27/30 -- Train Loss: 0.367 -- Validation Loss: 1.046 -- Validation ACC: 0.667 -- Validation F1: 0.769
2024-07-17,12:56:05 [INFO] Epoch: 28/30 -- Train Loss: 0.459 -- Validation Loss: 1.051 -- Validation ACC: 0.667 -- Validation F1: 0.769
2024-07-17,12:56:07 [INFO] Epoch: 29/30 -- Train Loss: 0.440 -- Validation Loss: 0.991 -- Validation ACC: 0.667 -- Validation F1: 0.769
2024-07-17,12:56:07 [INFO] Run 2/5: Average Over Last 6 epochs -- Valid ACC: 0.6666666666666666 -- Valid F1-score: 0.7692307829856873
2024-07-17,12:56:08 [INFO] Test Results of Run 2/5: -- Test Loss: 0.947 -- Test ACC: 0.678 -- Test F1: 0.734
2024-07-17,12:56:10 [INFO] Epoch: 0/30 -- Train Loss: 0.462 -- Validation Loss: 0.994 -- Validation ACC: 0.667 -- Validation F1: 0.769
2024-07-17,12:56:25 [INFO] Epoch: 10/30 -- Train Loss: 0.857 -- Validation Loss: 1.013 -- Validation ACC: 0.667 -- Validation F1: 0.769
2024-07-17,12:56:39 [INFO] Epoch: 20/30 -- Train Loss: 0.941 -- Validation Loss: 0.860 -- Validation ACC: 0.611 -- Validation F1: 0.720
2024-07-17,12:56:45 [INFO] Epoch: 24/30 -- Train Loss: 1.288 -- Validation Loss: 0.918 -- Validation ACC: 0.667 -- Validation F1: 0.769
2024-07-17,12:56:47 [INFO] Epoch: 25/30 -- Train Loss: 0.544 -- Validation Loss: 0.914 -- Validation ACC: 0.667 -- Validation F1: 0.769
2024-07-17,12:56:49 [INFO] Epoch: 26/30 -- Train Loss: 0.417 -- Validation Loss: 0.921 -- Validation ACC: 0.667 -- Validation F1: 0.769
2024-07-17,12:56:52 [INFO] Epoch: 27/30 -- Train Loss: 0.855 -- Validation Loss: 0.944 -- Validation ACC: 0.667 -- Validation F1: 0.769
2024-07-17,12:56:54 [INFO] Epoch: 28/30 -- Train Loss: 0.375 -- Validation Loss: 0.992 -- Validation ACC: 0.667 -- Validation F1: 0.769
2024-07-17,12:56:55 [INFO] Epoch: 29/30 -- Train Loss: 0.376 -- Validation Loss: 1.029 -- Validation ACC: 0.667 -- Validation F1: 0.769
2024-07-17,12:56:55 [INFO] Run 3/5: Average Over Last 6 epochs -- Valid ACC: 0.6666666666666666 -- Valid F1-score: 0.7692307829856873
2024-07-17,12:56:56 [INFO] Test Results of Run 3/5: -- Test Loss: 0.974 -- Test ACC: 0.678 -- Test F1: 0.734
2024-07-17,12:56:58 [INFO] Epoch: 0/30 -- Train Loss: 0.511 -- Validation Loss: 0.920 -- Validation ACC: 0.667 -- Validation F1: 0.769
2024-07-17,12:57:14 [INFO] Epoch: 10/30 -- Train Loss: 0.399 -- Validation Loss: 0.995 -- Validation ACC: 0.667 -- Validation F1: 0.769
2024-07-17,12:57:28 [INFO] Epoch: 20/30 -- Train Loss: 0.949 -- Validation Loss: 0.920 -- Validation ACC: 0.667 -- Validation F1: 0.769
2024-07-17,12:57:35 [INFO] Epoch: 24/30 -- Train Loss: 0.452 -- Validation Loss: 1.030 -- Validation ACC: 0.667 -- Validation F1: 0.769
2024-07-17,12:57:37 [INFO] Epoch: 25/30 -- Train Loss: 0.877 -- Validation Loss: 1.014 -- Validation ACC: 0.667 -- Validation F1: 0.769
2024-07-17,12:57:38 [INFO] Epoch: 26/30 -- Train Loss: 0.410 -- Validation Loss: 0.964 -- Validation ACC: 0.667 -- Validation F1: 0.769
2024-07-17,12:57:40 [INFO] Epoch: 27/30 -- Train Loss: 1.296 -- Validation Loss: 0.927 -- Validation ACC: 0.667 -- Validation F1: 0.769
2024-07-17,12:57:42 [INFO] Epoch: 28/30 -- Train Loss: 1.018 -- Validation Loss: 0.908 -- Validation ACC: 0.667 -- Validation F1: 0.769
2024-07-17,12:57:44 [INFO] Epoch: 29/30 -- Train Loss: 0.779 -- Validation Loss: 0.931 -- Validation ACC: 0.667 -- Validation F1: 0.769
2024-07-17,12:57:44 [INFO] Run 4/5: Average Over Last 6 epochs -- Valid ACC: 0.6666666666666666 -- Valid F1-score: 0.7692307829856873
2024-07-17,12:57:44 [INFO] Test Results of Run 4/5: -- Test Loss: 0.879 -- Test ACC: 0.696 -- Test F1: 0.745
2024-07-17,12:57:44 [INFO] Validation average after 5 runs -- ACC: 0.670 -- F1-score: 0.772
2024-07-17,12:57:44 [INFO] Test average after 5 runs -- ACC: 0.690 -- F1-score: 0.740
2024-07-17,12:57:44 [INFO] Finished round 2/10 of experiments!
2024-07-17,12:57:44 [INFO] Started round 3/10 of experiments!
2024-07-17,12:57:45 [INFO] Loading previous pretrained model at ./pretrained/GCN_Pretrained_2024-07-01-15-00-59.pth
2024-07-17,12:57:46 [INFO] Pretrained GNN on Source Dataset -- Test Loss: 0.746 -- Test ACC: 0.739 -- Test F1-score: 0.786
2024-07-17,12:57:46 [INFO] Pretrained GNN on Target Dataset Without Prompting: -- Validation Loss: 0.769 -- Validation ACC: 0.722 -- Validation F1-score: 0.706 -- Test Loss: 0.897 -- Test ACC: 0.748 -- Test F1-score: 0.810
2024-07-17,12:57:48 [INFO] Epoch: 0/30 -- Train Loss: 0.351 -- Validation Loss: 0.806 -- Validation ACC: 0.778 -- Validation F1: 0.778
2024-07-17,12:58:03 [INFO] Epoch: 10/30 -- Train Loss: 0.529 -- Validation Loss: 0.758 -- Validation ACC: 0.778 -- Validation F1: 0.750
2024-07-17,12:58:18 [INFO] Epoch: 20/30 -- Train Loss: 0.358 -- Validation Loss: 0.752 -- Validation ACC: 0.722 -- Validation F1: 0.667
2024-07-17,12:58:24 [INFO] Epoch: 24/30 -- Train Loss: 0.350 -- Validation Loss: 0.761 -- Validation ACC: 0.722 -- Validation F1: 0.667
2024-07-17,12:58:26 [INFO] Epoch: 25/30 -- Train Loss: 0.714 -- Validation Loss: 0.777 -- Validation ACC: 0.722 -- Validation F1: 0.667
2024-07-17,12:58:28 [INFO] Epoch: 26/30 -- Train Loss: 0.489 -- Validation Loss: 0.787 -- Validation ACC: 0.722 -- Validation F1: 0.667
2024-07-17,12:58:29 [INFO] Epoch: 27/30 -- Train Loss: 0.611 -- Validation Loss: 0.789 -- Validation ACC: 0.722 -- Validation F1: 0.667
2024-07-17,12:58:31 [INFO] Epoch: 28/30 -- Train Loss: 1.480 -- Validation Loss: 0.816 -- Validation ACC: 0.722 -- Validation F1: 0.667
2024-07-17,12:58:33 [INFO] Epoch: 29/30 -- Train Loss: 0.984 -- Validation Loss: 0.823 -- Validation ACC: 0.722 -- Validation F1: 0.667
2024-07-17,12:58:33 [INFO] Run 0/5: Average Over Last 6 epochs -- Valid ACC: 0.7222222222222222 -- Valid F1-score: 0.6666666865348816
2024-07-17,12:58:34 [INFO] Test Results of Run 0/5: -- Test Loss: 0.917 -- Test ACC: 0.600 -- Test F1: 0.652
2024-07-17,12:58:36 [INFO] Epoch: 0/30 -- Train Loss: 0.944 -- Validation Loss: 0.795 -- Validation ACC: 0.722 -- Validation F1: 0.706
2024-07-17,12:58:51 [INFO] Epoch: 10/30 -- Train Loss: 0.713 -- Validation Loss: 0.814 -- Validation ACC: 0.722 -- Validation F1: 0.667
2024-07-17,12:59:05 [INFO] Epoch: 20/30 -- Train Loss: 0.442 -- Validation Loss: 0.652 -- Validation ACC: 0.833 -- Validation F1: 0.824
2024-07-17,12:59:11 [INFO] Epoch: 24/30 -- Train Loss: 0.575 -- Validation Loss: 0.684 -- Validation ACC: 0.778 -- Validation F1: 0.778
2024-07-17,12:59:12 [INFO] Epoch: 25/30 -- Train Loss: 0.640 -- Validation Loss: 0.678 -- Validation ACC: 0.833 -- Validation F1: 0.824
2024-07-17,12:59:14 [INFO] Epoch: 26/30 -- Train Loss: 0.523 -- Validation Loss: 0.688 -- Validation ACC: 0.778 -- Validation F1: 0.750
2024-07-17,12:59:16 [INFO] Epoch: 27/30 -- Train Loss: 0.480 -- Validation Loss: 0.711 -- Validation ACC: 0.722 -- Validation F1: 0.667
2024-07-17,12:59:18 [INFO] Epoch: 28/30 -- Train Loss: 0.353 -- Validation Loss: 0.748 -- Validation ACC: 0.722 -- Validation F1: 0.667
2024-07-17,12:59:20 [INFO] Epoch: 29/30 -- Train Loss: 0.852 -- Validation Loss: 0.797 -- Validation ACC: 0.722 -- Validation F1: 0.667
2024-07-17,12:59:20 [INFO] Run 1/5: Average Over Last 6 epochs -- Valid ACC: 0.7592592592592592 -- Valid F1-score: 0.725217878818512
2024-07-17,12:59:21 [INFO] Test Results of Run 1/5: -- Test Loss: 0.910 -- Test ACC: 0.626 -- Test F1: 0.681
2024-07-17,12:59:23 [INFO] Epoch: 0/30 -- Train Loss: 0.746 -- Validation Loss: 0.787 -- Validation ACC: 0.778 -- Validation F1: 0.750
2024-07-17,12:59:38 [INFO] Epoch: 10/30 -- Train Loss: 0.389 -- Validation Loss: 0.859 -- Validation ACC: 0.722 -- Validation F1: 0.667
2024-07-17,12:59:52 [INFO] Epoch: 20/30 -- Train Loss: 2.164 -- Validation Loss: 0.739 -- Validation ACC: 0.722 -- Validation F1: 0.667
2024-07-17,12:59:59 [INFO] Epoch: 24/30 -- Train Loss: 0.608 -- Validation Loss: 0.738 -- Validation ACC: 0.722 -- Validation F1: 0.667
2024-07-17,13:00:00 [INFO] Epoch: 25/30 -- Train Loss: 0.478 -- Validation Loss: 0.722 -- Validation ACC: 0.778 -- Validation F1: 0.750
2024-07-17,13:00:02 [INFO] Epoch: 26/30 -- Train Loss: 0.399 -- Validation Loss: 0.722 -- Validation ACC: 0.778 -- Validation F1: 0.750
2024-07-17,13:00:04 [INFO] Epoch: 27/30 -- Train Loss: 1.649 -- Validation Loss: 0.733 -- Validation ACC: 0.778 -- Validation F1: 0.750
2024-07-17,13:00:06 [INFO] Epoch: 28/30 -- Train Loss: 0.483 -- Validation Loss: 0.721 -- Validation ACC: 0.778 -- Validation F1: 0.750
2024-07-17,13:00:07 [INFO] Epoch: 29/30 -- Train Loss: 0.438 -- Validation Loss: 0.713 -- Validation ACC: 0.778 -- Validation F1: 0.750
2024-07-17,13:00:07 [INFO] Run 2/5: Average Over Last 6 epochs -- Valid ACC: 0.7685185185185185 -- Valid F1-score: 0.7361111144224802
2024-07-17,13:00:08 [INFO] Test Results of Run 2/5: -- Test Loss: 0.903 -- Test ACC: 0.739 -- Test F1: 0.803
2024-07-17,13:00:10 [INFO] Epoch: 0/30 -- Train Loss: 0.389 -- Validation Loss: 0.960 -- Validation ACC: 0.722 -- Validation F1: 0.737
2024-07-17,13:00:24 [INFO] Epoch: 10/30 -- Train Loss: 0.902 -- Validation Loss: 0.746 -- Validation ACC: 0.722 -- Validation F1: 0.667
2024-07-17,13:00:39 [INFO] Epoch: 20/30 -- Train Loss: 0.463 -- Validation Loss: 0.797 -- Validation ACC: 0.722 -- Validation F1: 0.667
2024-07-17,13:00:45 [INFO] Epoch: 24/30 -- Train Loss: 0.542 -- Validation Loss: 0.738 -- Validation ACC: 0.778 -- Validation F1: 0.750
2024-07-17,13:00:46 [INFO] Epoch: 25/30 -- Train Loss: 0.406 -- Validation Loss: 0.737 -- Validation ACC: 0.778 -- Validation F1: 0.750
2024-07-17,13:00:48 [INFO] Epoch: 26/30 -- Train Loss: 0.530 -- Validation Loss: 0.740 -- Validation ACC: 0.722 -- Validation F1: 0.706
2024-07-17,13:00:50 [INFO] Epoch: 27/30 -- Train Loss: 1.986 -- Validation Loss: 0.745 -- Validation ACC: 0.722 -- Validation F1: 0.706
2024-07-17,13:00:52 [INFO] Epoch: 28/30 -- Train Loss: 1.363 -- Validation Loss: 0.740 -- Validation ACC: 0.722 -- Validation F1: 0.706
2024-07-17,13:00:54 [INFO] Epoch: 29/30 -- Train Loss: 0.374 -- Validation Loss: 0.723 -- Validation ACC: 0.778 -- Validation F1: 0.750
2024-07-17,13:00:54 [INFO] Run 3/5: Average Over Last 6 epochs -- Valid ACC: 0.75 -- Valid F1-score: 0.7279411852359772
2024-07-17,13:00:54 [INFO] Test Results of Run 3/5: -- Test Loss: 0.895 -- Test ACC: 0.739 -- Test F1: 0.803
2024-07-17,13:00:57 [INFO] Epoch: 0/30 -- Train Loss: 0.373 -- Validation Loss: 0.773 -- Validation ACC: 0.722 -- Validation F1: 0.706
2024-07-17,13:01:12 [INFO] Epoch: 10/30 -- Train Loss: 0.359 -- Validation Loss: 0.751 -- Validation ACC: 0.778 -- Validation F1: 0.750
2024-07-17,13:01:26 [INFO] Epoch: 20/30 -- Train Loss: 0.758 -- Validation Loss: 0.703 -- Validation ACC: 0.722 -- Validation F1: 0.667
2024-07-17,13:01:32 [INFO] Epoch: 24/30 -- Train Loss: 0.630 -- Validation Loss: 0.765 -- Validation ACC: 0.722 -- Validation F1: 0.667
2024-07-17,13:01:34 [INFO] Epoch: 25/30 -- Train Loss: 0.415 -- Validation Loss: 0.757 -- Validation ACC: 0.722 -- Validation F1: 0.667
2024-07-17,13:01:36 [INFO] Epoch: 26/30 -- Train Loss: 0.374 -- Validation Loss: 0.746 -- Validation ACC: 0.722 -- Validation F1: 0.667
2024-07-17,13:01:38 [INFO] Epoch: 27/30 -- Train Loss: 0.349 -- Validation Loss: 0.738 -- Validation ACC: 0.722 -- Validation F1: 0.667
2024-07-17,13:01:40 [INFO] Epoch: 28/30 -- Train Loss: 0.734 -- Validation Loss: 0.741 -- Validation ACC: 0.722 -- Validation F1: 0.667
2024-07-17,13:01:42 [INFO] Epoch: 29/30 -- Train Loss: 0.539 -- Validation Loss: 0.720 -- Validation ACC: 0.722 -- Validation F1: 0.667
2024-07-17,13:01:42 [INFO] Run 4/5: Average Over Last 6 epochs -- Valid ACC: 0.7222222222222222 -- Valid F1-score: 0.6666666865348816
2024-07-17,13:01:42 [INFO] Test Results of Run 4/5: -- Test Loss: 0.881 -- Test ACC: 0.687 -- Test F1: 0.753
2024-07-17,13:01:42 [INFO] Validation average after 5 runs -- ACC: 0.744 -- F1-score: 0.705
2024-07-17,13:01:42 [INFO] Test average after 5 runs -- ACC: 0.678 -- F1-score: 0.738
2024-07-17,13:01:42 [INFO] Finished round 3/10 of experiments!
2024-07-17,13:01:42 [INFO] Started round 4/10 of experiments!
2024-07-17,13:01:43 [INFO] Loading previous pretrained model at ./pretrained/GCN_Pretrained_2024-07-01-15-03-17.pth
2024-07-17,13:01:44 [INFO] Pretrained GNN on Source Dataset -- Test Loss: 1.048 -- Test ACC: 0.696 -- Test F1-score: 0.759
2024-07-17,13:01:44 [INFO] Pretrained GNN on Target Dataset Without Prompting: -- Validation Loss: 0.854 -- Validation ACC: 0.500 -- Validation F1-score: 0.571 -- Test Loss: 0.781 -- Test ACC: 0.713 -- Test F1-score: 0.784
2024-07-17,13:01:47 [INFO] Epoch: 0/30 -- Train Loss: 0.759 -- Validation Loss: 0.760 -- Validation ACC: 0.611 -- Validation F1: 0.632
2024-07-17,13:02:02 [INFO] Epoch: 10/30 -- Train Loss: 0.388 -- Validation Loss: 0.667 -- Validation ACC: 0.667 -- Validation F1: 0.667
2024-07-17,13:02:18 [INFO] Epoch: 20/30 -- Train Loss: 0.435 -- Validation Loss: 0.779 -- Validation ACC: 0.611 -- Validation F1: 0.632
2024-07-17,13:02:23 [INFO] Epoch: 24/30 -- Train Loss: 0.454 -- Validation Loss: 1.254 -- Validation ACC: 0.500 -- Validation F1: 0.609
2024-07-17,13:02:25 [INFO] Epoch: 25/30 -- Train Loss: 0.580 -- Validation Loss: 1.150 -- Validation ACC: 0.500 -- Validation F1: 0.571
2024-07-17,13:02:27 [INFO] Epoch: 26/30 -- Train Loss: 0.891 -- Validation Loss: 1.040 -- Validation ACC: 0.500 -- Validation F1: 0.571
2024-07-17,13:02:29 [INFO] Epoch: 27/30 -- Train Loss: 0.344 -- Validation Loss: 0.935 -- Validation ACC: 0.500 -- Validation F1: 0.571
2024-07-17,13:02:31 [INFO] Epoch: 28/30 -- Train Loss: 0.403 -- Validation Loss: 0.830 -- Validation ACC: 0.611 -- Validation F1: 0.632
2024-07-17,13:02:33 [INFO] Epoch: 29/30 -- Train Loss: 0.388 -- Validation Loss: 0.779 -- Validation ACC: 0.667 -- Validation F1: 0.667
2024-07-17,13:02:33 [INFO] Run 0/5: Average Over Last 6 epochs -- Valid ACC: 0.5462962962962963 -- Valid F1-score: 0.6035378376642863
2024-07-17,13:02:34 [INFO] Test Results of Run 0/5: -- Test Loss: 0.748 -- Test ACC: 0.713 -- Test F1: 0.781
2024-07-17,13:02:35 [INFO] Epoch: 0/30 -- Train Loss: 0.582 -- Validation Loss: 0.746 -- Validation ACC: 0.722 -- Validation F1: 0.706
2024-07-17,13:02:51 [INFO] Epoch: 10/30 -- Train Loss: 1.711 -- Validation Loss: 0.821 -- Validation ACC: 0.611 -- Validation F1: 0.632
2024-07-17,13:03:05 [INFO] Epoch: 20/30 -- Train Loss: 0.705 -- Validation Loss: 0.785 -- Validation ACC: 0.611 -- Validation F1: 0.632
2024-07-17,13:03:11 [INFO] Epoch: 24/30 -- Train Loss: 0.348 -- Validation Loss: 0.775 -- Validation ACC: 0.667 -- Validation F1: 0.667
2024-07-17,13:03:14 [INFO] Epoch: 25/30 -- Train Loss: 1.964 -- Validation Loss: 0.750 -- Validation ACC: 0.667 -- Validation F1: 0.667
2024-07-17,13:03:16 [INFO] Epoch: 26/30 -- Train Loss: 0.441 -- Validation Loss: 0.807 -- Validation ACC: 0.667 -- Validation F1: 0.667
2024-07-17,13:03:18 [INFO] Epoch: 27/30 -- Train Loss: 0.400 -- Validation Loss: 0.855 -- Validation ACC: 0.500 -- Validation F1: 0.571
2024-07-17,13:03:20 [INFO] Epoch: 28/30 -- Train Loss: 0.454 -- Validation Loss: 0.865 -- Validation ACC: 0.500 -- Validation F1: 0.571
2024-07-17,13:03:22 [INFO] Epoch: 29/30 -- Train Loss: 1.683 -- Validation Loss: 0.767 -- Validation ACC: 0.611 -- Validation F1: 0.632
2024-07-17,13:03:22 [INFO] Run 1/5: Average Over Last 6 epochs -- Valid ACC: 0.6018518518518519 -- Valid F1-score: 0.6290726959705353
2024-07-17,13:03:22 [INFO] Test Results of Run 1/5: -- Test Loss: 0.756 -- Test ACC: 0.696 -- Test F1: 0.768
2024-07-17,13:03:25 [INFO] Epoch: 0/30 -- Train Loss: 0.491 -- Validation Loss: 0.923 -- Validation ACC: 0.500 -- Validation F1: 0.571
2024-07-17,13:03:39 [INFO] Epoch: 10/30 -- Train Loss: 0.882 -- Validation Loss: 0.969 -- Validation ACC: 0.500 -- Validation F1: 0.571
2024-07-17,13:03:54 [INFO] Epoch: 20/30 -- Train Loss: 0.709 -- Validation Loss: 0.681 -- Validation ACC: 0.611 -- Validation F1: 0.533
2024-07-17,13:04:00 [INFO] Epoch: 24/30 -- Train Loss: 0.352 -- Validation Loss: 0.708 -- Validation ACC: 0.611 -- Validation F1: 0.588
2024-07-17,13:04:02 [INFO] Epoch: 25/30 -- Train Loss: 0.783 -- Validation Loss: 0.864 -- Validation ACC: 0.500 -- Validation F1: 0.571
2024-07-17,13:04:05 [INFO] Epoch: 26/30 -- Train Loss: 0.667 -- Validation Loss: 1.079 -- Validation ACC: 0.500 -- Validation F1: 0.571
2024-07-17,13:04:06 [INFO] Epoch: 27/30 -- Train Loss: 0.419 -- Validation Loss: 1.140 -- Validation ACC: 0.500 -- Validation F1: 0.571
2024-07-17,13:04:08 [INFO] Epoch: 28/30 -- Train Loss: 0.608 -- Validation Loss: 1.050 -- Validation ACC: 0.500 -- Validation F1: 0.571
2024-07-17,13:04:10 [INFO] Epoch: 29/30 -- Train Loss: 0.602 -- Validation Loss: 0.823 -- Validation ACC: 0.556 -- Validation F1: 0.600
2024-07-17,13:04:10 [INFO] Run 2/5: Average Over Last 6 epochs -- Valid ACC: 0.5277777777777778 -- Valid F1-score: 0.5789916217327118
2024-07-17,13:04:10 [INFO] Test Results of Run 2/5: -- Test Loss: 0.770 -- Test ACC: 0.722 -- Test F1: 0.789
2024-07-17,13:04:12 [INFO] Epoch: 0/30 -- Train Loss: 1.907 -- Validation Loss: 0.806 -- Validation ACC: 0.611 -- Validation F1: 0.588
2024-07-17,13:04:27 [INFO] Epoch: 10/30 -- Train Loss: 0.465 -- Validation Loss: 0.814 -- Validation ACC: 0.611 -- Validation F1: 0.632
2024-07-17,13:04:42 [INFO] Epoch: 20/30 -- Train Loss: 0.662 -- Validation Loss: 1.294 -- Validation ACC: 0.500 -- Validation F1: 0.571
2024-07-17,13:04:49 [INFO] Epoch: 24/30 -- Train Loss: 0.480 -- Validation Loss: 0.966 -- Validation ACC: 0.500 -- Validation F1: 0.571
2024-07-17,13:04:51 [INFO] Epoch: 25/30 -- Train Loss: 0.459 -- Validation Loss: 0.845 -- Validation ACC: 0.500 -- Validation F1: 0.571
2024-07-17,13:04:53 [INFO] Epoch: 26/30 -- Train Loss: 0.357 -- Validation Loss: 0.891 -- Validation ACC: 0.500 -- Validation F1: 0.571
2024-07-17,13:04:55 [INFO] Epoch: 27/30 -- Train Loss: 0.343 -- Validation Loss: 0.959 -- Validation ACC: 0.500 -- Validation F1: 0.571
2024-07-17,13:04:56 [INFO] Epoch: 28/30 -- Train Loss: 0.576 -- Validation Loss: 1.033 -- Validation ACC: 0.500 -- Validation F1: 0.571
2024-07-17,13:04:59 [INFO] Epoch: 29/30 -- Train Loss: 0.509 -- Validation Loss: 1.096 -- Validation ACC: 0.500 -- Validation F1: 0.571
2024-07-17,13:04:59 [INFO] Run 3/5: Average Over Last 6 epochs -- Valid ACC: 0.5 -- Valid F1-score: 0.5714285969734192
2024-07-17,13:04:59 [INFO] Test Results of Run 3/5: -- Test Loss: 0.875 -- Test ACC: 0.730 -- Test F1: 0.812
2024-07-17,13:05:01 [INFO] Epoch: 0/30 -- Train Loss: 0.381 -- Validation Loss: 0.803 -- Validation ACC: 0.556 -- Validation F1: 0.600
2024-07-17,13:05:15 [INFO] Epoch: 10/30 -- Train Loss: 0.410 -- Validation Loss: 0.530 -- Validation ACC: 0.667 -- Validation F1: 0.571
2024-07-17,13:05:31 [INFO] Epoch: 20/30 -- Train Loss: 0.552 -- Validation Loss: 0.765 -- Validation ACC: 0.611 -- Validation F1: 0.632
2024-07-17,13:05:38 [INFO] Epoch: 24/30 -- Train Loss: 0.357 -- Validation Loss: 0.687 -- Validation ACC: 0.722 -- Validation F1: 0.706
2024-07-17,13:05:39 [INFO] Epoch: 25/30 -- Train Loss: 0.818 -- Validation Loss: 0.677 -- Validation ACC: 0.722 -- Validation F1: 0.706
2024-07-17,13:05:41 [INFO] Epoch: 26/30 -- Train Loss: 0.390 -- Validation Loss: 0.766 -- Validation ACC: 0.611 -- Validation F1: 0.632
2024-07-17,13:05:43 [INFO] Epoch: 27/30 -- Train Loss: 0.620 -- Validation Loss: 0.780 -- Validation ACC: 0.556 -- Validation F1: 0.600
2024-07-17,13:05:45 [INFO] Epoch: 28/30 -- Train Loss: 0.368 -- Validation Loss: 0.695 -- Validation ACC: 0.722 -- Validation F1: 0.706
2024-07-17,13:05:47 [INFO] Epoch: 29/30 -- Train Loss: 0.831 -- Validation Loss: 0.689 -- Validation ACC: 0.722 -- Validation F1: 0.706
2024-07-17,13:05:47 [INFO] Run 4/5: Average Over Last 6 epochs -- Valid ACC: 0.6759259259259259 -- Valid F1-score: 0.6758514046669006
2024-07-17,13:05:47 [INFO] Test Results of Run 4/5: -- Test Loss: 0.760 -- Test ACC: 0.722 -- Test F1: 0.781
2024-07-17,13:05:47 [INFO] Validation average after 5 runs -- ACC: 0.570 -- F1-score: 0.612
2024-07-17,13:05:47 [INFO] Test average after 5 runs -- ACC: 0.717 -- F1-score: 0.786
2024-07-17,13:05:47 [INFO] Finished round 4/10 of experiments!
2024-07-17,13:05:47 [INFO] Started round 5/10 of experiments!
2024-07-17,13:05:48 [INFO] Setting for pretraining: Model: {'gnn_type': 'gcn', 'in_channels': 56, 'hidden_channels': 512, 'out_channels': 2, 'num_layers': 3, 'dropout': 0.4, 'with_bn': False, 'with_head': True} -- Optimizer: {'lr': 0.01, 'scheduler_step_size': 50, 'scheduler_gamma': 0.5, 'weight_decay': 0.0} -- Training: {'n_epochs': 100}
2024-07-17,13:05:48 [INFO] Loading previous pretrained model at ./pretrained/GCN_Pretrained_2024-07-01-15-05-37.pth
2024-07-17,13:05:48 [INFO] Prompting method: flex_match -- Setting: Prompting function: gpf_plus -- Target Dataset: DHFR
2024-07-17,13:05:48 [INFO] Setting for prompt tuning: Prompt: {'emb_dim': 56, 'h_dim': 512, 'output_dim': 56, 'prompt_fn': 'gpf_plus', 'token_num': 50, 'cross_prune': 0.8, 'inner_prune': 0.3, 'attn_with_param': False} -- Pretrained Model: {'gnn_type': 'gcn', 'in_channels': 56, 'hidden_channels': 512, 'out_channels': 2, 'num_layers': 3, 'dropout': 0.4, 'with_bn': False, 'with_head': True} -- Optimizer: {'lr': 0.01, 'scheduler_step_size': 50, 'scheduler_gamma': 0.5, 'weight_decay': 0.1} -- Training: {'aug_type': 'feature', 'pos_aug_mode': 'arbitrary', 'p_raug': 0.15, 'n_epochs': 30, 'r_reg': 0.0, 'soft_label': False, 'clutering_iters': 3, 'iterative_clustering': False, 'entropy_div_ratio': 3, 'w_entropy_loss': 0.0, 'w_softmax_loss': 0.0, 'w_domain_loss': 0.5, 'light_aug_prob': 0.1, 'light_aug_mode': 'mask', 'num_classes': 2, 'cut_off': 0.5}
2024-07-17,13:05:48 [INFO] Prompt tuning started: Num runs: 5 -- Eval step: 10
2024-07-17,13:05:48 [INFO] Pretrained GNN on Source Dataset -- Test Loss: 0.768 -- Test ACC: 0.687 -- Test F1-score: 0.684
2024-07-17,13:05:49 [INFO] Pretrained GNN on Target Dataset Without Prompting: -- Validation Loss: 0.232 -- Validation ACC: 0.889 -- Validation F1-score: 0.900 -- Test Loss: 0.871 -- Test ACC: 0.722 -- Test F1-score: 0.754
2024-07-17,13:05:51 [INFO] Epoch: 0/30 -- Train Loss: 0.617 -- Validation Loss: 0.305 -- Validation ACC: 0.889 -- Validation F1: 0.909
2024-07-17,13:06:06 [INFO] Epoch: 10/30 -- Train Loss: 1.099 -- Validation Loss: 0.255 -- Validation ACC: 0.833 -- Validation F1: 0.824
2024-07-17,13:06:21 [INFO] Epoch: 20/30 -- Train Loss: 0.355 -- Validation Loss: 0.243 -- Validation ACC: 0.833 -- Validation F1: 0.842
2024-07-17,13:06:27 [INFO] Epoch: 24/30 -- Train Loss: 0.862 -- Validation Loss: 0.240 -- Validation ACC: 0.889 -- Validation F1: 0.889
2024-07-17,13:06:29 [INFO] Epoch: 25/30 -- Train Loss: 1.092 -- Validation Loss: 0.252 -- Validation ACC: 0.833 -- Validation F1: 0.824
2024-07-17,13:06:31 [INFO] Epoch: 26/30 -- Train Loss: 0.378 -- Validation Loss: 0.246 -- Validation ACC: 0.833 -- Validation F1: 0.824
2024-07-17,13:06:33 [INFO] Epoch: 27/30 -- Train Loss: 3.271 -- Validation Loss: 0.242 -- Validation ACC: 0.833 -- Validation F1: 0.824
2024-07-17,13:06:35 [INFO] Epoch: 28/30 -- Train Loss: 0.736 -- Validation Loss: 0.253 -- Validation ACC: 0.833 -- Validation F1: 0.824
2024-07-17,13:06:37 [INFO] Epoch: 29/30 -- Train Loss: 0.713 -- Validation Loss: 0.271 -- Validation ACC: 0.778 -- Validation F1: 0.750
2024-07-17,13:06:37 [INFO] Run 0/5: Average Over Last 6 epochs -- Valid ACC: 0.8333333333333334 -- Valid F1-score: 0.8221677641073862
2024-07-17,13:06:37 [INFO] Test Results of Run 0/5: -- Test Loss: 0.853 -- Test ACC: 0.670 -- Test F1: 0.689
2024-07-17,13:06:39 [INFO] Epoch: 0/30 -- Train Loss: 0.755 -- Validation Loss: 0.246 -- Validation ACC: 0.889 -- Validation F1: 0.900
2024-07-17,13:06:54 [INFO] Epoch: 10/30 -- Train Loss: 0.571 -- Validation Loss: 0.305 -- Validation ACC: 0.778 -- Validation F1: 0.750
2024-07-17,13:07:11 [INFO] Epoch: 20/30 -- Train Loss: 0.349 -- Validation Loss: 0.323 -- Validation ACC: 0.778 -- Validation F1: 0.750
2024-07-17,13:07:17 [INFO] Epoch: 24/30 -- Train Loss: 1.994 -- Validation Loss: 0.281 -- Validation ACC: 0.778 -- Validation F1: 0.750
2024-07-17,13:07:19 [INFO] Epoch: 25/30 -- Train Loss: 0.348 -- Validation Loss: 0.301 -- Validation ACC: 0.778 -- Validation F1: 0.750
2024-07-17,13:07:20 [INFO] Epoch: 26/30 -- Train Loss: 0.537 -- Validation Loss: 0.312 -- Validation ACC: 0.778 -- Validation F1: 0.750
2024-07-17,13:07:22 [INFO] Epoch: 27/30 -- Train Loss: 0.619 -- Validation Loss: 0.311 -- Validation ACC: 0.778 -- Validation F1: 0.750
2024-07-17,13:07:24 [INFO] Epoch: 28/30 -- Train Loss: 0.587 -- Validation Loss: 0.331 -- Validation ACC: 0.778 -- Validation F1: 0.750
2024-07-17,13:07:26 [INFO] Epoch: 29/30 -- Train Loss: 0.549 -- Validation Loss: 0.348 -- Validation ACC: 0.778 -- Validation F1: 0.750
2024-07-17,13:07:26 [INFO] Run 1/5: Average Over Last 6 epochs -- Valid ACC: 0.7777777777777778 -- Valid F1-score: 0.75
2024-07-17,13:07:27 [INFO] Test Results of Run 1/5: -- Test Loss: 0.880 -- Test ACC: 0.661 -- Test F1: 0.667
2024-07-17,13:07:28 [INFO] Epoch: 0/30 -- Train Loss: 0.643 -- Validation Loss: 0.241 -- Validation ACC: 0.833 -- Validation F1: 0.824
2024-07-17,13:07:43 [INFO] Epoch: 10/30 -- Train Loss: 0.456 -- Validation Loss: 0.244 -- Validation ACC: 0.889 -- Validation F1: 0.889
2024-07-17,13:07:58 [INFO] Epoch: 20/30 -- Train Loss: 0.420 -- Validation Loss: 0.221 -- Validation ACC: 0.889 -- Validation F1: 0.900
2024-07-17,13:08:05 [INFO] Epoch: 24/30 -- Train Loss: 0.348 -- Validation Loss: 0.260 -- Validation ACC: 0.833 -- Validation F1: 0.824
2024-07-17,13:08:06 [INFO] Epoch: 25/30 -- Train Loss: 1.974 -- Validation Loss: 0.296 -- Validation ACC: 0.778 -- Validation F1: 0.750
2024-07-17,13:08:08 [INFO] Epoch: 26/30 -- Train Loss: 0.648 -- Validation Loss: 0.314 -- Validation ACC: 0.778 -- Validation F1: 0.750
2024-07-17,13:08:10 [INFO] Epoch: 27/30 -- Train Loss: 1.084 -- Validation Loss: 0.319 -- Validation ACC: 0.778 -- Validation F1: 0.750
2024-07-17,13:08:11 [INFO] Epoch: 28/30 -- Train Loss: 0.948 -- Validation Loss: 0.304 -- Validation ACC: 0.778 -- Validation F1: 0.750
2024-07-17,13:08:13 [INFO] Epoch: 29/30 -- Train Loss: 0.936 -- Validation Loss: 0.281 -- Validation ACC: 0.778 -- Validation F1: 0.750
2024-07-17,13:08:13 [INFO] Run 2/5: Average Over Last 6 epochs -- Valid ACC: 0.7870370370370371 -- Valid F1-score: 0.7622549037138621
2024-07-17,13:08:14 [INFO] Test Results of Run 2/5: -- Test Loss: 0.857 -- Test ACC: 0.678 -- Test F1: 0.704
2024-07-17,13:08:16 [INFO] Epoch: 0/30 -- Train Loss: 1.454 -- Validation Loss: 0.251 -- Validation ACC: 0.833 -- Validation F1: 0.842
2024-07-17,13:08:31 [INFO] Epoch: 10/30 -- Train Loss: 0.358 -- Validation Loss: 0.241 -- Validation ACC: 0.833 -- Validation F1: 0.824
2024-07-17,13:08:45 [INFO] Epoch: 20/30 -- Train Loss: 0.676 -- Validation Loss: 0.313 -- Validation ACC: 0.778 -- Validation F1: 0.750
2024-07-17,13:08:51 [INFO] Epoch: 24/30 -- Train Loss: 0.877 -- Validation Loss: 0.231 -- Validation ACC: 0.889 -- Validation F1: 0.900
2024-07-17,13:08:53 [INFO] Epoch: 25/30 -- Train Loss: 0.497 -- Validation Loss: 0.249 -- Validation ACC: 0.889 -- Validation F1: 0.889
2024-07-17,13:08:55 [INFO] Epoch: 26/30 -- Train Loss: 1.551 -- Validation Loss: 0.286 -- Validation ACC: 0.778 -- Validation F1: 0.750
2024-07-17,13:08:56 [INFO] Epoch: 27/30 -- Train Loss: 0.562 -- Validation Loss: 0.316 -- Validation ACC: 0.778 -- Validation F1: 0.750
2024-07-17,13:08:58 [INFO] Epoch: 28/30 -- Train Loss: 0.347 -- Validation Loss: 0.314 -- Validation ACC: 0.778 -- Validation F1: 0.750
2024-07-17,13:09:00 [INFO] Epoch: 29/30 -- Train Loss: 1.190 -- Validation Loss: 0.347 -- Validation ACC: 0.778 -- Validation F1: 0.750
2024-07-17,13:09:00 [INFO] Run 3/5: Average Over Last 6 epochs -- Valid ACC: 0.8148148148148148 -- Valid F1-score: 0.7981481452782949
2024-07-17,13:09:00 [INFO] Test Results of Run 3/5: -- Test Loss: 0.877 -- Test ACC: 0.652 -- Test F1: 0.661
2024-07-17,13:09:02 [INFO] Epoch: 0/30 -- Train Loss: 0.612 -- Validation Loss: 0.319 -- Validation ACC: 0.778 -- Validation F1: 0.750
2024-07-17,13:09:17 [INFO] Epoch: 10/30 -- Train Loss: 1.191 -- Validation Loss: 0.234 -- Validation ACC: 0.889 -- Validation F1: 0.900
2024-07-17,13:09:32 [INFO] Epoch: 20/30 -- Train Loss: 0.611 -- Validation Loss: 0.283 -- Validation ACC: 0.833 -- Validation F1: 0.824
2024-07-17,13:09:38 [INFO] Epoch: 24/30 -- Train Loss: 0.685 -- Validation Loss: 0.255 -- Validation ACC: 0.889 -- Validation F1: 0.889
2024-07-17,13:09:40 [INFO] Epoch: 25/30 -- Train Loss: 0.579 -- Validation Loss: 0.244 -- Validation ACC: 0.889 -- Validation F1: 0.889
2024-07-17,13:09:42 [INFO] Epoch: 26/30 -- Train Loss: 1.471 -- Validation Loss: 0.237 -- Validation ACC: 0.889 -- Validation F1: 0.889
2024-07-17,13:09:43 [INFO] Epoch: 27/30 -- Train Loss: 1.146 -- Validation Loss: 0.228 -- Validation ACC: 0.889 -- Validation F1: 0.900
2024-07-17,13:09:45 [INFO] Epoch: 28/30 -- Train Loss: 1.961 -- Validation Loss: 0.227 -- Validation ACC: 0.889 -- Validation F1: 0.900
2024-07-17,13:09:48 [INFO] Epoch: 29/30 -- Train Loss: 0.347 -- Validation Loss: 0.227 -- Validation ACC: 0.889 -- Validation F1: 0.900
2024-07-17,13:09:48 [INFO] Run 4/5: Average Over Last 6 epochs -- Valid ACC: 0.888888888888889 -- Valid F1-score: 0.8944444358348846
2024-07-17,13:09:48 [INFO] Test Results of Run 4/5: -- Test Loss: 0.897 -- Test ACC: 0.696 -- Test F1: 0.720
2024-07-17,13:09:48 [INFO] Validation average after 5 runs -- ACC: 0.820 -- F1-score: 0.805
2024-07-17,13:09:48 [INFO] Test average after 5 runs -- ACC: 0.671 -- F1-score: 0.688
2024-07-17,13:09:48 [INFO] Finished round 5/10 of experiments!
2024-07-17,13:09:48 [INFO] Started round 6/10 of experiments!
2024-07-17,13:09:49 [INFO] Loading previous pretrained model at ./pretrained/GCN_Pretrained_2024-07-01-15-07-56.pth
2024-07-17,13:09:49 [INFO] Pretrained GNN on Source Dataset -- Test Loss: 0.661 -- Test ACC: 0.626 -- Test F1-score: 0.770
2024-07-17,13:09:50 [INFO] Pretrained GNN on Target Dataset Without Prompting: -- Validation Loss: 0.641 -- Validation ACC: 0.667 -- Validation F1-score: 0.800 -- Test Loss: 0.687 -- Test ACC: 0.574 -- Test F1-score: 0.729
2024-07-17,13:09:52 [INFO] Epoch: 0/30 -- Train Loss: 0.927 -- Validation Loss: 0.641 -- Validation ACC: 0.667 -- Validation F1: 0.800
2024-07-17,13:10:07 [INFO] Epoch: 10/30 -- Train Loss: 0.925 -- Validation Loss: 0.641 -- Validation ACC: 0.667 -- Validation F1: 0.800
2024-07-17,13:10:21 [INFO] Epoch: 20/30 -- Train Loss: 0.925 -- Validation Loss: 0.641 -- Validation ACC: 0.667 -- Validation F1: 0.800
2024-07-17,13:10:27 [INFO] Epoch: 24/30 -- Train Loss: 0.925 -- Validation Loss: 0.641 -- Validation ACC: 0.667 -- Validation F1: 0.800
2024-07-17,13:10:29 [INFO] Epoch: 25/30 -- Train Loss: 0.925 -- Validation Loss: 0.641 -- Validation ACC: 0.667 -- Validation F1: 0.800
2024-07-17,13:10:31 [INFO] Epoch: 26/30 -- Train Loss: 0.925 -- Validation Loss: 0.641 -- Validation ACC: 0.667 -- Validation F1: 0.800
2024-07-17,13:10:32 [INFO] Epoch: 27/30 -- Train Loss: 0.925 -- Validation Loss: 0.641 -- Validation ACC: 0.667 -- Validation F1: 0.800
2024-07-17,13:10:34 [INFO] Epoch: 28/30 -- Train Loss: 0.925 -- Validation Loss: 0.641 -- Validation ACC: 0.667 -- Validation F1: 0.800
2024-07-17,13:10:36 [INFO] Epoch: 29/30 -- Train Loss: 0.925 -- Validation Loss: 0.641 -- Validation ACC: 0.667 -- Validation F1: 0.800
2024-07-17,13:10:36 [INFO] Run 0/5: Average Over Last 6 epochs -- Valid ACC: 0.6666666666666666 -- Valid F1-score: 0.800000011920929
2024-07-17,13:10:36 [INFO] Test Results of Run 0/5: -- Test Loss: 0.687 -- Test ACC: 0.574 -- Test F1: 0.729
2024-07-17,13:10:38 [INFO] Epoch: 0/30 -- Train Loss: 0.927 -- Validation Loss: 0.641 -- Validation ACC: 0.667 -- Validation F1: 0.800
2024-07-17,13:10:54 [INFO] Epoch: 10/30 -- Train Loss: 0.925 -- Validation Loss: 0.641 -- Validation ACC: 0.667 -- Validation F1: 0.800
2024-07-17,13:11:09 [INFO] Epoch: 20/30 -- Train Loss: 0.925 -- Validation Loss: 0.641 -- Validation ACC: 0.667 -- Validation F1: 0.800
2024-07-17,13:11:15 [INFO] Epoch: 24/30 -- Train Loss: 0.925 -- Validation Loss: 0.641 -- Validation ACC: 0.667 -- Validation F1: 0.800
2024-07-17,13:11:17 [INFO] Epoch: 25/30 -- Train Loss: 0.925 -- Validation Loss: 0.641 -- Validation ACC: 0.667 -- Validation F1: 0.800
2024-07-17,13:11:19 [INFO] Epoch: 26/30 -- Train Loss: 0.925 -- Validation Loss: 0.641 -- Validation ACC: 0.667 -- Validation F1: 0.800
2024-07-17,13:11:21 [INFO] Epoch: 27/30 -- Train Loss: 0.925 -- Validation Loss: 0.641 -- Validation ACC: 0.667 -- Validation F1: 0.800
2024-07-17,13:11:22 [INFO] Epoch: 28/30 -- Train Loss: 0.925 -- Validation Loss: 0.641 -- Validation ACC: 0.667 -- Validation F1: 0.800
2024-07-17,13:11:24 [INFO] Epoch: 29/30 -- Train Loss: 0.925 -- Validation Loss: 0.641 -- Validation ACC: 0.667 -- Validation F1: 0.800
2024-07-17,13:11:24 [INFO] Run 1/5: Average Over Last 6 epochs -- Valid ACC: 0.6666666666666666 -- Valid F1-score: 0.800000011920929
2024-07-17,13:11:25 [INFO] Test Results of Run 1/5: -- Test Loss: 0.687 -- Test ACC: 0.574 -- Test F1: 0.729
2024-07-17,13:11:27 [INFO] Epoch: 0/30 -- Train Loss: 0.927 -- Validation Loss: 0.641 -- Validation ACC: 0.667 -- Validation F1: 0.800
2024-07-17,13:11:42 [INFO] Epoch: 10/30 -- Train Loss: 0.925 -- Validation Loss: 0.641 -- Validation ACC: 0.667 -- Validation F1: 0.800
2024-07-17,13:11:57 [INFO] Epoch: 20/30 -- Train Loss: 0.925 -- Validation Loss: 0.641 -- Validation ACC: 0.667 -- Validation F1: 0.800
2024-07-17,13:12:03 [INFO] Epoch: 24/30 -- Train Loss: 0.925 -- Validation Loss: 0.641 -- Validation ACC: 0.667 -- Validation F1: 0.800
2024-07-17,13:12:05 [INFO] Epoch: 25/30 -- Train Loss: 0.925 -- Validation Loss: 0.641 -- Validation ACC: 0.667 -- Validation F1: 0.800
2024-07-17,13:12:06 [INFO] Epoch: 26/30 -- Train Loss: 0.925 -- Validation Loss: 0.641 -- Validation ACC: 0.667 -- Validation F1: 0.800
2024-07-17,13:12:08 [INFO] Epoch: 27/30 -- Train Loss: 0.925 -- Validation Loss: 0.641 -- Validation ACC: 0.667 -- Validation F1: 0.800
2024-07-17,13:12:10 [INFO] Epoch: 28/30 -- Train Loss: 0.925 -- Validation Loss: 0.641 -- Validation ACC: 0.667 -- Validation F1: 0.800
2024-07-17,13:12:12 [INFO] Epoch: 29/30 -- Train Loss: 0.925 -- Validation Loss: 0.641 -- Validation ACC: 0.667 -- Validation F1: 0.800
2024-07-17,13:12:12 [INFO] Run 2/5: Average Over Last 6 epochs -- Valid ACC: 0.6666666666666666 -- Valid F1-score: 0.800000011920929
2024-07-17,13:12:13 [INFO] Test Results of Run 2/5: -- Test Loss: 0.687 -- Test ACC: 0.574 -- Test F1: 0.729
2024-07-17,13:12:15 [INFO] Epoch: 0/30 -- Train Loss: 0.927 -- Validation Loss: 0.641 -- Validation ACC: 0.667 -- Validation F1: 0.800
2024-07-17,13:12:30 [INFO] Epoch: 10/30 -- Train Loss: 0.925 -- Validation Loss: 0.641 -- Validation ACC: 0.667 -- Validation F1: 0.800
2024-07-17,13:12:44 [INFO] Epoch: 20/30 -- Train Loss: 0.925 -- Validation Loss: 0.641 -- Validation ACC: 0.667 -- Validation F1: 0.800
2024-07-17,13:12:50 [INFO] Epoch: 24/30 -- Train Loss: 0.925 -- Validation Loss: 0.641 -- Validation ACC: 0.667 -- Validation F1: 0.800
2024-07-17,13:12:51 [INFO] Epoch: 25/30 -- Train Loss: 0.925 -- Validation Loss: 0.641 -- Validation ACC: 0.667 -- Validation F1: 0.800
2024-07-17,13:12:53 [INFO] Epoch: 26/30 -- Train Loss: 0.925 -- Validation Loss: 0.641 -- Validation ACC: 0.667 -- Validation F1: 0.800
2024-07-17,13:12:56 [INFO] Epoch: 27/30 -- Train Loss: 0.925 -- Validation Loss: 0.641 -- Validation ACC: 0.667 -- Validation F1: 0.800
2024-07-17,13:12:58 [INFO] Epoch: 28/30 -- Train Loss: 0.925 -- Validation Loss: 0.641 -- Validation ACC: 0.667 -- Validation F1: 0.800
2024-07-17,13:13:00 [INFO] Epoch: 29/30 -- Train Loss: 0.925 -- Validation Loss: 0.641 -- Validation ACC: 0.667 -- Validation F1: 0.800
2024-07-17,13:13:00 [INFO] Run 3/5: Average Over Last 6 epochs -- Valid ACC: 0.6666666666666666 -- Valid F1-score: 0.800000011920929
2024-07-17,13:13:00 [INFO] Test Results of Run 3/5: -- Test Loss: 0.687 -- Test ACC: 0.574 -- Test F1: 0.729
2024-07-17,13:13:02 [INFO] Epoch: 0/30 -- Train Loss: 0.927 -- Validation Loss: 0.641 -- Validation ACC: 0.667 -- Validation F1: 0.800
2024-07-17,13:13:17 [INFO] Epoch: 10/30 -- Train Loss: 0.925 -- Validation Loss: 0.641 -- Validation ACC: 0.667 -- Validation F1: 0.800
2024-07-17,13:13:32 [INFO] Epoch: 20/30 -- Train Loss: 0.925 -- Validation Loss: 0.641 -- Validation ACC: 0.667 -- Validation F1: 0.800
2024-07-17,13:13:38 [INFO] Epoch: 24/30 -- Train Loss: 0.925 -- Validation Loss: 0.641 -- Validation ACC: 0.667 -- Validation F1: 0.800
2024-07-17,13:13:39 [INFO] Epoch: 25/30 -- Train Loss: 0.925 -- Validation Loss: 0.641 -- Validation ACC: 0.667 -- Validation F1: 0.800
2024-07-17,13:13:41 [INFO] Epoch: 26/30 -- Train Loss: 0.925 -- Validation Loss: 0.641 -- Validation ACC: 0.667 -- Validation F1: 0.800
2024-07-17,13:13:43 [INFO] Epoch: 27/30 -- Train Loss: 0.925 -- Validation Loss: 0.641 -- Validation ACC: 0.667 -- Validation F1: 0.800
2024-07-17,13:13:44 [INFO] Epoch: 28/30 -- Train Loss: 0.925 -- Validation Loss: 0.641 -- Validation ACC: 0.667 -- Validation F1: 0.800
2024-07-17,13:13:46 [INFO] Epoch: 29/30 -- Train Loss: 0.925 -- Validation Loss: 0.641 -- Validation ACC: 0.667 -- Validation F1: 0.800
2024-07-17,13:13:46 [INFO] Run 4/5: Average Over Last 6 epochs -- Valid ACC: 0.6666666666666666 -- Valid F1-score: 0.800000011920929
2024-07-17,13:13:47 [INFO] Test Results of Run 4/5: -- Test Loss: 0.687 -- Test ACC: 0.574 -- Test F1: 0.729
2024-07-17,13:13:47 [INFO] Validation average after 5 runs -- ACC: 0.667 -- F1-score: 0.800
2024-07-17,13:13:47 [INFO] Test average after 5 runs -- ACC: 0.574 -- F1-score: 0.729
2024-07-17,13:13:47 [INFO] Finished round 6/10 of experiments!
2024-07-17,13:13:47 [INFO] Started round 7/10 of experiments!
2024-07-17,13:13:48 [INFO] Loading previous pretrained model at ./pretrained/GCN_Pretrained_2024-07-01-15-10-20.pth
2024-07-17,13:13:48 [INFO] Pretrained GNN on Source Dataset -- Test Loss: 0.642 -- Test ACC: 0.670 -- Test F1-score: 0.708
2024-07-17,13:13:49 [INFO] Pretrained GNN on Target Dataset Without Prompting: -- Validation Loss: 0.357 -- Validation ACC: 0.833 -- Validation F1-score: 0.870 -- Test Loss: 0.708 -- Test ACC: 0.609 -- Test F1-score: 0.640
2024-07-17,13:13:51 [INFO] Epoch: 0/30 -- Train Loss: 0.417 -- Validation Loss: 0.356 -- Validation ACC: 0.833 -- Validation F1: 0.870
2024-07-17,13:14:05 [INFO] Epoch: 10/30 -- Train Loss: 0.365 -- Validation Loss: 0.329 -- Validation ACC: 0.833 -- Validation F1: 0.870
2024-07-17,13:14:20 [INFO] Epoch: 20/30 -- Train Loss: 0.507 -- Validation Loss: 0.299 -- Validation ACC: 0.889 -- Validation F1: 0.917
2024-07-17,13:14:26 [INFO] Epoch: 24/30 -- Train Loss: 0.813 -- Validation Loss: 0.290 -- Validation ACC: 0.889 -- Validation F1: 0.917
2024-07-17,13:14:28 [INFO] Epoch: 25/30 -- Train Loss: 0.849 -- Validation Loss: 0.288 -- Validation ACC: 0.833 -- Validation F1: 0.880
2024-07-17,13:14:30 [INFO] Epoch: 26/30 -- Train Loss: 0.780 -- Validation Loss: 0.298 -- Validation ACC: 0.833 -- Validation F1: 0.870
2024-07-17,13:14:32 [INFO] Epoch: 27/30 -- Train Loss: 0.619 -- Validation Loss: 0.300 -- Validation ACC: 0.833 -- Validation F1: 0.870
2024-07-17,13:14:34 [INFO] Epoch: 28/30 -- Train Loss: 0.789 -- Validation Loss: 0.296 -- Validation ACC: 0.889 -- Validation F1: 0.917
2024-07-17,13:14:36 [INFO] Epoch: 29/30 -- Train Loss: 0.389 -- Validation Loss: 0.303 -- Validation ACC: 0.833 -- Validation F1: 0.870
2024-07-17,13:14:36 [INFO] Run 0/5: Average Over Last 6 epochs -- Valid ACC: 0.851851851851852 -- Valid F1-score: 0.8870048224925995
2024-07-17,13:14:37 [INFO] Test Results of Run 0/5: -- Test Loss: 0.717 -- Test ACC: 0.635 -- Test F1: 0.672
2024-07-17,13:14:39 [INFO] Epoch: 0/30 -- Train Loss: 0.777 -- Validation Loss: 0.368 -- Validation ACC: 0.833 -- Validation F1: 0.870
2024-07-17,13:14:53 [INFO] Epoch: 10/30 -- Train Loss: 0.733 -- Validation Loss: 0.313 -- Validation ACC: 0.889 -- Validation F1: 0.917
2024-07-17,13:15:07 [INFO] Epoch: 20/30 -- Train Loss: 0.918 -- Validation Loss: 0.309 -- Validation ACC: 0.833 -- Validation F1: 0.880
2024-07-17,13:15:13 [INFO] Epoch: 24/30 -- Train Loss: 0.499 -- Validation Loss: 0.378 -- Validation ACC: 0.778 -- Validation F1: 0.818
2024-07-17,13:15:15 [INFO] Epoch: 25/30 -- Train Loss: 0.775 -- Validation Loss: 0.372 -- Validation ACC: 0.778 -- Validation F1: 0.818
2024-07-17,13:15:17 [INFO] Epoch: 26/30 -- Train Loss: 0.793 -- Validation Loss: 0.356 -- Validation ACC: 0.833 -- Validation F1: 0.870
2024-07-17,13:15:19 [INFO] Epoch: 27/30 -- Train Loss: 1.319 -- Validation Loss: 0.355 -- Validation ACC: 0.833 -- Validation F1: 0.870
2024-07-17,13:15:21 [INFO] Epoch: 28/30 -- Train Loss: 0.780 -- Validation Loss: 0.350 -- Validation ACC: 0.833 -- Validation F1: 0.870
2024-07-17,13:15:23 [INFO] Epoch: 29/30 -- Train Loss: 0.458 -- Validation Loss: 0.343 -- Validation ACC: 0.833 -- Validation F1: 0.870
2024-07-17,13:15:23 [INFO] Run 1/5: Average Over Last 6 epochs -- Valid ACC: 0.8148148148148148 -- Valid F1-score: 0.8524373968442281
2024-07-17,13:15:24 [INFO] Test Results of Run 1/5: -- Test Loss: 0.710 -- Test ACC: 0.617 -- Test F1: 0.651
2024-07-17,13:15:26 [INFO] Epoch: 0/30 -- Train Loss: 0.354 -- Validation Loss: 0.303 -- Validation ACC: 0.778 -- Validation F1: 0.833
2024-07-17,13:15:40 [INFO] Epoch: 10/30 -- Train Loss: 1.059 -- Validation Loss: 0.294 -- Validation ACC: 0.833 -- Validation F1: 0.880
2024-07-17,13:15:56 [INFO] Epoch: 20/30 -- Train Loss: 0.357 -- Validation Loss: 0.370 -- Validation ACC: 0.778 -- Validation F1: 0.818
2024-07-17,13:16:02 [INFO] Epoch: 24/30 -- Train Loss: 0.660 -- Validation Loss: 0.288 -- Validation ACC: 0.833 -- Validation F1: 0.880
2024-07-17,13:16:04 [INFO] Epoch: 25/30 -- Train Loss: 0.531 -- Validation Loss: 0.280 -- Validation ACC: 0.833 -- Validation F1: 0.880
2024-07-17,13:16:07 [INFO] Epoch: 26/30 -- Train Loss: 0.797 -- Validation Loss: 0.277 -- Validation ACC: 0.889 -- Validation F1: 0.923
2024-07-17,13:16:08 [INFO] Epoch: 27/30 -- Train Loss: 0.391 -- Validation Loss: 0.273 -- Validation ACC: 0.889 -- Validation F1: 0.923
2024-07-17,13:16:10 [INFO] Epoch: 28/30 -- Train Loss: 0.406 -- Validation Loss: 0.279 -- Validation ACC: 0.833 -- Validation F1: 0.880
2024-07-17,13:16:12 [INFO] Epoch: 29/30 -- Train Loss: 0.645 -- Validation Loss: 0.280 -- Validation ACC: 0.833 -- Validation F1: 0.880
2024-07-17,13:16:12 [INFO] Run 2/5: Average Over Last 6 epochs -- Valid ACC: 0.8518518518518517 -- Valid F1-score: 0.8943589727083842
2024-07-17,13:16:13 [INFO] Test Results of Run 2/5: -- Test Loss: 0.738 -- Test ACC: 0.635 -- Test F1: 0.696
2024-07-17,13:16:15 [INFO] Epoch: 0/30 -- Train Loss: 0.429 -- Validation Loss: 0.292 -- Validation ACC: 0.833 -- Validation F1: 0.870
2024-07-17,13:16:29 [INFO] Epoch: 10/30 -- Train Loss: 0.396 -- Validation Loss: 0.310 -- Validation ACC: 0.778 -- Validation F1: 0.833
2024-07-17,13:16:44 [INFO] Epoch: 20/30 -- Train Loss: 0.841 -- Validation Loss: 0.369 -- Validation ACC: 0.833 -- Validation F1: 0.870
2024-07-17,13:16:50 [INFO] Epoch: 24/30 -- Train Loss: 0.516 -- Validation Loss: 0.427 -- Validation ACC: 0.778 -- Validation F1: 0.818
2024-07-17,13:16:52 [INFO] Epoch: 25/30 -- Train Loss: 0.929 -- Validation Loss: 0.453 -- Validation ACC: 0.778 -- Validation F1: 0.818
2024-07-17,13:16:54 [INFO] Epoch: 26/30 -- Train Loss: 0.760 -- Validation Loss: 0.478 -- Validation ACC: 0.778 -- Validation F1: 0.818
2024-07-17,13:16:56 [INFO] Epoch: 27/30 -- Train Loss: 1.015 -- Validation Loss: 0.475 -- Validation ACC: 0.778 -- Validation F1: 0.818
2024-07-17,13:16:58 [INFO] Epoch: 28/30 -- Train Loss: 1.286 -- Validation Loss: 0.454 -- Validation ACC: 0.778 -- Validation F1: 0.818
2024-07-17,13:17:00 [INFO] Epoch: 29/30 -- Train Loss: 1.313 -- Validation Loss: 0.405 -- Validation ACC: 0.778 -- Validation F1: 0.818
2024-07-17,13:17:00 [INFO] Run 3/5: Average Over Last 6 epochs -- Valid ACC: 0.7777777777777778 -- Valid F1-score: 0.8181818127632141
2024-07-17,13:17:01 [INFO] Test Results of Run 3/5: -- Test Loss: 0.724 -- Test ACC: 0.557 -- Test F1: 0.564
2024-07-17,13:17:02 [INFO] Epoch: 0/30 -- Train Loss: 0.581 -- Validation Loss: 0.319 -- Validation ACC: 0.833 -- Validation F1: 0.870
2024-07-17,13:17:16 [INFO] Epoch: 10/30 -- Train Loss: 0.902 -- Validation Loss: 0.288 -- Validation ACC: 0.833 -- Validation F1: 0.880
2024-07-17,13:17:31 [INFO] Epoch: 20/30 -- Train Loss: 0.880 -- Validation Loss: 0.378 -- Validation ACC: 0.778 -- Validation F1: 0.818
2024-07-17,13:17:38 [INFO] Epoch: 24/30 -- Train Loss: 0.775 -- Validation Loss: 0.318 -- Validation ACC: 0.889 -- Validation F1: 0.917
2024-07-17,13:17:40 [INFO] Epoch: 25/30 -- Train Loss: 0.362 -- Validation Loss: 0.302 -- Validation ACC: 0.889 -- Validation F1: 0.917
2024-07-17,13:17:41 [INFO] Epoch: 26/30 -- Train Loss: 0.374 -- Validation Loss: 0.281 -- Validation ACC: 0.833 -- Validation F1: 0.880
2024-07-17,13:17:43 [INFO] Epoch: 27/30 -- Train Loss: 1.043 -- Validation Loss: 0.291 -- Validation ACC: 0.889 -- Validation F1: 0.917
2024-07-17,13:17:45 [INFO] Epoch: 28/30 -- Train Loss: 0.497 -- Validation Loss: 0.323 -- Validation ACC: 0.833 -- Validation F1: 0.870
2024-07-17,13:17:47 [INFO] Epoch: 29/30 -- Train Loss: 0.806 -- Validation Loss: 0.343 -- Validation ACC: 0.833 -- Validation F1: 0.870
2024-07-17,13:17:47 [INFO] Run 4/5: Average Over Last 6 epochs -- Valid ACC: 0.861111111111111 -- Valid F1-score: 0.8948550721009573
2024-07-17,13:17:48 [INFO] Test Results of Run 4/5: -- Test Loss: 0.708 -- Test ACC: 0.609 -- Test F1: 0.640
2024-07-17,13:17:48 [INFO] Validation average after 5 runs -- ACC: 0.831 -- F1-score: 0.869
2024-07-17,13:17:48 [INFO] Test average after 5 runs -- ACC: 0.610 -- F1-score: 0.644
2024-07-17,13:17:48 [INFO] Finished round 7/10 of experiments!
2024-07-17,13:17:48 [INFO] Started round 8/10 of experiments!
2024-07-17,13:17:48 [INFO] Loading previous pretrained model at ./pretrained/GCN_Pretrained_2024-07-01-15-12-47.pth
2024-07-17,13:17:49 [INFO] Pretrained GNN on Source Dataset -- Test Loss: 0.883 -- Test ACC: 0.696 -- Test F1-score: 0.733
2024-07-17,13:17:49 [INFO] Pretrained GNN on Target Dataset Without Prompting: -- Validation Loss: 0.933 -- Validation ACC: 0.833 -- Validation F1-score: 0.889 -- Test Loss: 1.174 -- Test ACC: 0.652 -- Test F1-score: 0.714
2024-07-17,13:17:51 [INFO] Epoch: 0/30 -- Train Loss: 1.540 -- Validation Loss: 1.037 -- Validation ACC: 0.722 -- Validation F1: 0.815
2024-07-17,13:18:07 [INFO] Epoch: 10/30 -- Train Loss: 0.368 -- Validation Loss: 0.917 -- Validation ACC: 0.833 -- Validation F1: 0.889
2024-07-17,13:18:22 [INFO] Epoch: 20/30 -- Train Loss: 0.355 -- Validation Loss: 0.880 -- Validation ACC: 0.722 -- Validation F1: 0.800
2024-07-17,13:18:28 [INFO] Epoch: 24/30 -- Train Loss: 0.519 -- Validation Loss: 0.922 -- Validation ACC: 0.722 -- Validation F1: 0.800
2024-07-17,13:18:30 [INFO] Epoch: 25/30 -- Train Loss: 0.874 -- Validation Loss: 0.934 -- Validation ACC: 0.722 -- Validation F1: 0.800
2024-07-17,13:18:33 [INFO] Epoch: 26/30 -- Train Loss: 0.790 -- Validation Loss: 0.939 -- Validation ACC: 0.778 -- Validation F1: 0.833
2024-07-17,13:18:34 [INFO] Epoch: 27/30 -- Train Loss: 2.021 -- Validation Loss: 0.946 -- Validation ACC: 0.778 -- Validation F1: 0.833
2024-07-17,13:18:36 [INFO] Epoch: 28/30 -- Train Loss: 3.941 -- Validation Loss: 0.953 -- Validation ACC: 0.778 -- Validation F1: 0.833
2024-07-17,13:18:38 [INFO] Epoch: 29/30 -- Train Loss: 1.835 -- Validation Loss: 0.974 -- Validation ACC: 0.778 -- Validation F1: 0.833
2024-07-17,13:18:38 [INFO] Run 0/5: Average Over Last 6 epochs -- Valid ACC: 0.7592592592592592 -- Valid F1-score: 0.8222222129503886
2024-07-17,13:18:38 [INFO] Test Results of Run 0/5: -- Test Loss: 1.100 -- Test ACC: 0.661 -- Test F1: 0.711
2024-07-17,13:18:40 [INFO] Epoch: 0/30 -- Train Loss: 0.695 -- Validation Loss: 0.927 -- Validation ACC: 0.833 -- Validation F1: 0.889
2024-07-17,13:18:55 [INFO] Epoch: 10/30 -- Train Loss: 0.547 -- Validation Loss: 0.977 -- Validation ACC: 0.722 -- Validation F1: 0.800
2024-07-17,13:19:10 [INFO] Epoch: 20/30 -- Train Loss: 0.347 -- Validation Loss: 0.924 -- Validation ACC: 0.833 -- Validation F1: 0.889
2024-07-17,13:19:17 [INFO] Epoch: 24/30 -- Train Loss: 0.575 -- Validation Loss: 0.909 -- Validation ACC: 0.833 -- Validation F1: 0.889
2024-07-17,13:19:18 [INFO] Epoch: 25/30 -- Train Loss: 0.431 -- Validation Loss: 0.912 -- Validation ACC: 0.833 -- Validation F1: 0.880
2024-07-17,13:19:20 [INFO] Epoch: 26/30 -- Train Loss: 0.647 -- Validation Loss: 0.925 -- Validation ACC: 0.778 -- Validation F1: 0.833
2024-07-17,13:19:22 [INFO] Epoch: 27/30 -- Train Loss: 0.950 -- Validation Loss: 0.936 -- Validation ACC: 0.778 -- Validation F1: 0.833
2024-07-17,13:19:24 [INFO] Epoch: 28/30 -- Train Loss: 0.614 -- Validation Loss: 0.938 -- Validation ACC: 0.722 -- Validation F1: 0.800
2024-07-17,13:19:26 [INFO] Epoch: 29/30 -- Train Loss: 1.418 -- Validation Loss: 0.935 -- Validation ACC: 0.722 -- Validation F1: 0.800
2024-07-17,13:19:26 [INFO] Run 1/5: Average Over Last 6 epochs -- Valid ACC: 0.7777777777777778 -- Valid F1-score: 0.8392592569192251
2024-07-17,13:19:26 [INFO] Test Results of Run 1/5: -- Test Loss: 1.125 -- Test ACC: 0.652 -- Test F1: 0.706
2024-07-17,13:19:28 [INFO] Epoch: 0/30 -- Train Loss: 0.844 -- Validation Loss: 0.959 -- Validation ACC: 0.778 -- Validation F1: 0.857
2024-07-17,13:19:44 [INFO] Epoch: 10/30 -- Train Loss: 1.020 -- Validation Loss: 0.928 -- Validation ACC: 0.778 -- Validation F1: 0.833
2024-07-17,13:19:59 [INFO] Epoch: 20/30 -- Train Loss: 0.400 -- Validation Loss: 0.956 -- Validation ACC: 0.722 -- Validation F1: 0.800
2024-07-17,13:20:05 [INFO] Epoch: 24/30 -- Train Loss: 0.799 -- Validation Loss: 0.933 -- Validation ACC: 0.722 -- Validation F1: 0.800
2024-07-17,13:20:06 [INFO] Epoch: 25/30 -- Train Loss: 0.556 -- Validation Loss: 0.949 -- Validation ACC: 0.722 -- Validation F1: 0.800
2024-07-17,13:20:08 [INFO] Epoch: 26/30 -- Train Loss: 0.778 -- Validation Loss: 0.941 -- Validation ACC: 0.722 -- Validation F1: 0.800
2024-07-17,13:20:10 [INFO] Epoch: 27/30 -- Train Loss: 0.721 -- Validation Loss: 0.937 -- Validation ACC: 0.722 -- Validation F1: 0.800
2024-07-17,13:20:12 [INFO] Epoch: 28/30 -- Train Loss: 0.739 -- Validation Loss: 0.941 -- Validation ACC: 0.722 -- Validation F1: 0.800
2024-07-17,13:20:14 [INFO] Epoch: 29/30 -- Train Loss: 0.726 -- Validation Loss: 0.949 -- Validation ACC: 0.722 -- Validation F1: 0.800
2024-07-17,13:20:14 [INFO] Run 2/5: Average Over Last 6 epochs -- Valid ACC: 0.7222222222222222 -- Valid F1-score: 0.800000011920929
2024-07-17,13:20:14 [INFO] Test Results of Run 2/5: -- Test Loss: 1.082 -- Test ACC: 0.643 -- Test F1: 0.687
2024-07-17,13:20:16 [INFO] Epoch: 0/30 -- Train Loss: 0.463 -- Validation Loss: 0.920 -- Validation ACC: 0.833 -- Validation F1: 0.889
2024-07-17,13:20:30 [INFO] Epoch: 10/30 -- Train Loss: 0.624 -- Validation Loss: 0.903 -- Validation ACC: 0.778 -- Validation F1: 0.846
2024-07-17,13:20:40 [INFO] Epoch: 20/30 -- Train Loss: 0.740 -- Validation Loss: 1.068 -- Validation ACC: 0.722 -- Validation F1: 0.815
2024-07-17,13:20:43 [INFO] Epoch: 24/30 -- Train Loss: 0.950 -- Validation Loss: 1.010 -- Validation ACC: 0.778 -- Validation F1: 0.846
2024-07-17,13:20:44 [INFO] Epoch: 25/30 -- Train Loss: 2.111 -- Validation Loss: 1.013 -- Validation ACC: 0.778 -- Validation F1: 0.846
2024-07-17,13:20:45 [INFO] Epoch: 26/30 -- Train Loss: 0.799 -- Validation Loss: 1.010 -- Validation ACC: 0.778 -- Validation F1: 0.846
2024-07-17,13:20:46 [INFO] Epoch: 27/30 -- Train Loss: 0.806 -- Validation Loss: 1.023 -- Validation ACC: 0.833 -- Validation F1: 0.880
2024-07-17,13:20:47 [INFO] Epoch: 28/30 -- Train Loss: 0.746 -- Validation Loss: 1.041 -- Validation ACC: 0.722 -- Validation F1: 0.800
2024-07-17,13:20:48 [INFO] Epoch: 29/30 -- Train Loss: 0.654 -- Validation Loss: 1.053 -- Validation ACC: 0.722 -- Validation F1: 0.800
2024-07-17,13:20:48 [INFO] Run 3/5: Average Over Last 6 epochs -- Valid ACC: 0.7685185185185186 -- Valid F1-score: 0.8364102641741434
2024-07-17,13:20:49 [INFO] Test Results of Run 3/5: -- Test Loss: 1.076 -- Test ACC: 0.670 -- Test F1: 0.712
2024-07-17,13:20:50 [INFO] Epoch: 0/30 -- Train Loss: 0.602 -- Validation Loss: 0.937 -- Validation ACC: 0.833 -- Validation F1: 0.889
2024-07-17,13:20:56 [INFO] Epoch: 10/30 -- Train Loss: 3.127 -- Validation Loss: 0.971 -- Validation ACC: 0.778 -- Validation F1: 0.833
2024-07-17,13:21:04 [INFO] Epoch: 20/30 -- Train Loss: 0.490 -- Validation Loss: 0.932 -- Validation ACC: 0.889 -- Validation F1: 0.923
2024-07-17,13:21:07 [INFO] Epoch: 24/30 -- Train Loss: 0.347 -- Validation Loss: 0.933 -- Validation ACC: 0.833 -- Validation F1: 0.889
2024-07-17,13:21:08 [INFO] Epoch: 25/30 -- Train Loss: 1.104 -- Validation Loss: 0.926 -- Validation ACC: 0.833 -- Validation F1: 0.889
2024-07-17,13:21:09 [INFO] Epoch: 26/30 -- Train Loss: 0.497 -- Validation Loss: 0.930 -- Validation ACC: 0.833 -- Validation F1: 0.889
2024-07-17,13:21:11 [INFO] Epoch: 27/30 -- Train Loss: 0.818 -- Validation Loss: 0.941 -- Validation ACC: 0.833 -- Validation F1: 0.889
2024-07-17,13:21:11 [INFO] Epoch: 28/30 -- Train Loss: 0.349 -- Validation Loss: 0.958 -- Validation ACC: 0.833 -- Validation F1: 0.880
2024-07-17,13:21:13 [INFO] Epoch: 29/30 -- Train Loss: 0.654 -- Validation Loss: 0.963 -- Validation ACC: 0.778 -- Validation F1: 0.833
2024-07-17,13:21:13 [INFO] Run 4/5: Average Over Last 6 epochs -- Valid ACC: 0.8240740740740741 -- Valid F1-score: 0.8781481484572092
2024-07-17,13:21:13 [INFO] Test Results of Run 4/5: -- Test Loss: 1.138 -- Test ACC: 0.661 -- Test F1: 0.715
2024-07-17,13:21:13 [INFO] Validation average after 5 runs -- ACC: 0.770 -- F1-score: 0.835
2024-07-17,13:21:13 [INFO] Test average after 5 runs -- ACC: 0.657 -- F1-score: 0.706
2024-07-17,13:21:13 [INFO] Finished round 8/10 of experiments!
2024-07-17,13:21:13 [INFO] Started round 9/10 of experiments!
2024-07-17,13:21:14 [INFO] Loading previous pretrained model at ./pretrained/GCN_Pretrained_2024-07-01-15-15-13.pth
2024-07-17,13:21:14 [INFO] Pretrained GNN on Source Dataset -- Test Loss: 0.947 -- Test ACC: 0.757 -- Test F1-score: 0.785
2024-07-17,13:21:14 [INFO] Pretrained GNN on Target Dataset Without Prompting: -- Validation Loss: 0.804 -- Validation ACC: 0.722 -- Validation F1-score: 0.762 -- Test Loss: 0.876 -- Test ACC: 0.739 -- Test F1-score: 0.789
2024-07-17,13:21:15 [INFO] Epoch: 0/30 -- Train Loss: 0.482 -- Validation Loss: 0.875 -- Validation ACC: 0.722 -- Validation F1: 0.762
2024-07-17,13:21:23 [INFO] Epoch: 10/30 -- Train Loss: 0.487 -- Validation Loss: 0.766 -- Validation ACC: 0.778 -- Validation F1: 0.818
2024-07-17,13:21:28 [INFO] Epoch: 20/30 -- Train Loss: 0.467 -- Validation Loss: 0.867 -- Validation ACC: 0.722 -- Validation F1: 0.762
2024-07-17,13:21:31 [INFO] Epoch: 24/30 -- Train Loss: 0.412 -- Validation Loss: 0.825 -- Validation ACC: 0.778 -- Validation F1: 0.818
2024-07-17,13:21:31 [INFO] Epoch: 25/30 -- Train Loss: 1.628 -- Validation Loss: 0.824 -- Validation ACC: 0.722 -- Validation F1: 0.762
2024-07-17,13:21:32 [INFO] Epoch: 26/30 -- Train Loss: 0.450 -- Validation Loss: 0.828 -- Validation ACC: 0.722 -- Validation F1: 0.762
2024-07-17,13:21:33 [INFO] Epoch: 27/30 -- Train Loss: 1.217 -- Validation Loss: 0.829 -- Validation ACC: 0.722 -- Validation F1: 0.762
2024-07-17,13:21:33 [INFO] Epoch: 28/30 -- Train Loss: 0.906 -- Validation Loss: 0.826 -- Validation ACC: 0.722 -- Validation F1: 0.762
2024-07-17,13:21:34 [INFO] Epoch: 29/30 -- Train Loss: 0.364 -- Validation Loss: 0.815 -- Validation ACC: 0.722 -- Validation F1: 0.762
2024-07-17,13:21:34 [INFO] Run 0/5: Average Over Last 6 epochs -- Valid ACC: 0.7314814814814815 -- Valid F1-score: 0.771284282207489
2024-07-17,13:21:34 [INFO] Test Results of Run 0/5: -- Test Loss: 0.858 -- Test ACC: 0.765 -- Test F1: 0.821
2024-07-17,13:21:35 [INFO] Epoch: 0/30 -- Train Loss: 0.629 -- Validation Loss: 0.862 -- Validation ACC: 0.722 -- Validation F1: 0.762
2024-07-17,13:21:40 [INFO] Epoch: 10/30 -- Train Loss: 0.369 -- Validation Loss: 0.923 -- Validation ACC: 0.722 -- Validation F1: 0.762
2024-07-17,13:21:46 [INFO] Epoch: 20/30 -- Train Loss: 7.581 -- Validation Loss: 1.044 -- Validation ACC: 0.722 -- Validation F1: 0.762
2024-07-17,13:21:48 [INFO] Epoch: 24/30 -- Train Loss: 0.399 -- Validation Loss: 1.034 -- Validation ACC: 0.722 -- Validation F1: 0.762
2024-07-17,13:21:48 [INFO] Epoch: 25/30 -- Train Loss: 0.827 -- Validation Loss: 0.997 -- Validation ACC: 0.722 -- Validation F1: 0.762
2024-07-17,13:21:49 [INFO] Epoch: 26/30 -- Train Loss: 2.381 -- Validation Loss: 0.903 -- Validation ACC: 0.722 -- Validation F1: 0.762
2024-07-17,13:21:50 [INFO] Epoch: 27/30 -- Train Loss: 0.754 -- Validation Loss: 0.822 -- Validation ACC: 0.722 -- Validation F1: 0.762
2024-07-17,13:21:51 [INFO] Epoch: 28/30 -- Train Loss: 0.692 -- Validation Loss: 0.798 -- Validation ACC: 0.722 -- Validation F1: 0.762
2024-07-17,13:21:51 [INFO] Epoch: 29/30 -- Train Loss: 0.500 -- Validation Loss: 0.802 -- Validation ACC: 0.722 -- Validation F1: 0.762
2024-07-17,13:21:51 [INFO] Run 1/5: Average Over Last 6 epochs -- Valid ACC: 0.7222222222222222 -- Valid F1-score: 0.761904776096344
2024-07-17,13:21:51 [INFO] Test Results of Run 1/5: -- Test Loss: 0.838 -- Test ACC: 0.757 -- Test F1: 0.811
2024-07-17,13:21:52 [INFO] Epoch: 0/30 -- Train Loss: 0.742 -- Validation Loss: 0.798 -- Validation ACC: 0.722 -- Validation F1: 0.762
2024-07-17,13:21:57 [INFO] Epoch: 10/30 -- Train Loss: 0.495 -- Validation Loss: 0.828 -- Validation ACC: 0.722 -- Validation F1: 0.762
2024-07-17,13:22:02 [INFO] Epoch: 20/30 -- Train Loss: 1.185 -- Validation Loss: 1.031 -- Validation ACC: 0.722 -- Validation F1: 0.762
2024-07-17,13:22:05 [INFO] Epoch: 24/30 -- Train Loss: 0.761 -- Validation Loss: 0.941 -- Validation ACC: 0.722 -- Validation F1: 0.762
2024-07-17,13:22:05 [INFO] Epoch: 25/30 -- Train Loss: 0.734 -- Validation Loss: 0.888 -- Validation ACC: 0.722 -- Validation F1: 0.762
2024-07-17,13:22:06 [INFO] Epoch: 26/30 -- Train Loss: 1.395 -- Validation Loss: 0.853 -- Validation ACC: 0.722 -- Validation F1: 0.762
2024-07-17,13:22:07 [INFO] Epoch: 27/30 -- Train Loss: 1.043 -- Validation Loss: 0.849 -- Validation ACC: 0.722 -- Validation F1: 0.762
2024-07-17,13:22:07 [INFO] Epoch: 28/30 -- Train Loss: 0.581 -- Validation Loss: 0.852 -- Validation ACC: 0.722 -- Validation F1: 0.762
2024-07-17,13:22:08 [INFO] Epoch: 29/30 -- Train Loss: 1.183 -- Validation Loss: 0.856 -- Validation ACC: 0.722 -- Validation F1: 0.762
2024-07-17,13:22:08 [INFO] Run 2/5: Average Over Last 6 epochs -- Valid ACC: 0.7222222222222222 -- Valid F1-score: 0.761904776096344
2024-07-17,13:22:08 [INFO] Test Results of Run 2/5: -- Test Loss: 0.864 -- Test ACC: 0.757 -- Test F1: 0.811
2024-07-17,13:22:09 [INFO] Epoch: 0/30 -- Train Loss: 0.441 -- Validation Loss: 0.688 -- Validation ACC: 0.778 -- Validation F1: 0.818
2024-07-17,13:22:14 [INFO] Epoch: 10/30 -- Train Loss: 0.953 -- Validation Loss: 0.815 -- Validation ACC: 0.722 -- Validation F1: 0.762
2024-07-17,13:22:19 [INFO] Epoch: 20/30 -- Train Loss: 0.353 -- Validation Loss: 0.953 -- Validation ACC: 0.722 -- Validation F1: 0.762
2024-07-17,13:22:21 [INFO] Epoch: 24/30 -- Train Loss: 2.139 -- Validation Loss: 0.914 -- Validation ACC: 0.722 -- Validation F1: 0.762
2024-07-17,13:22:22 [INFO] Epoch: 25/30 -- Train Loss: 0.943 -- Validation Loss: 0.874 -- Validation ACC: 0.722 -- Validation F1: 0.762
2024-07-17,13:22:23 [INFO] Epoch: 26/30 -- Train Loss: 0.617 -- Validation Loss: 0.852 -- Validation ACC: 0.722 -- Validation F1: 0.762
2024-07-17,13:22:24 [INFO] Epoch: 27/30 -- Train Loss: 0.375 -- Validation Loss: 0.848 -- Validation ACC: 0.722 -- Validation F1: 0.762
2024-07-17,13:22:24 [INFO] Epoch: 28/30 -- Train Loss: 0.378 -- Validation Loss: 0.848 -- Validation ACC: 0.722 -- Validation F1: 0.762
2024-07-17,13:22:25 [INFO] Epoch: 29/30 -- Train Loss: 0.924 -- Validation Loss: 0.856 -- Validation ACC: 0.722 -- Validation F1: 0.762
2024-07-17,13:22:25 [INFO] Run 3/5: Average Over Last 6 epochs -- Valid ACC: 0.7222222222222222 -- Valid F1-score: 0.761904776096344
2024-07-17,13:22:25 [INFO] Test Results of Run 3/5: -- Test Loss: 0.859 -- Test ACC: 0.748 -- Test F1: 0.803
2024-07-17,13:22:26 [INFO] Epoch: 0/30 -- Train Loss: 0.944 -- Validation Loss: 0.782 -- Validation ACC: 0.722 -- Validation F1: 0.762
2024-07-17,13:22:31 [INFO] Epoch: 10/30 -- Train Loss: 4.390 -- Validation Loss: 0.831 -- Validation ACC: 0.722 -- Validation F1: 0.762
2024-07-17,13:22:36 [INFO] Epoch: 20/30 -- Train Loss: 0.743 -- Validation Loss: 0.790 -- Validation ACC: 0.722 -- Validation F1: 0.762
2024-07-17,13:22:38 [INFO] Epoch: 24/30 -- Train Loss: 0.945 -- Validation Loss: 0.805 -- Validation ACC: 0.722 -- Validation F1: 0.762
2024-07-17,13:22:39 [INFO] Epoch: 25/30 -- Train Loss: 0.876 -- Validation Loss: 0.885 -- Validation ACC: 0.722 -- Validation F1: 0.762
2024-07-17,13:22:40 [INFO] Epoch: 26/30 -- Train Loss: 0.624 -- Validation Loss: 0.890 -- Validation ACC: 0.722 -- Validation F1: 0.762
2024-07-17,13:22:40 [INFO] Epoch: 27/30 -- Train Loss: 0.902 -- Validation Loss: 0.838 -- Validation ACC: 0.722 -- Validation F1: 0.762
2024-07-17,13:22:41 [INFO] Epoch: 28/30 -- Train Loss: 1.424 -- Validation Loss: 0.752 -- Validation ACC: 0.722 -- Validation F1: 0.762
2024-07-17,13:22:42 [INFO] Epoch: 29/30 -- Train Loss: 0.377 -- Validation Loss: 0.682 -- Validation ACC: 0.778 -- Validation F1: 0.818
2024-07-17,13:22:42 [INFO] Run 4/5: Average Over Last 6 epochs -- Valid ACC: 0.7314814814814815 -- Valid F1-score: 0.771284282207489
2024-07-17,13:22:42 [INFO] Test Results of Run 4/5: -- Test Loss: 0.876 -- Test ACC: 0.791 -- Test F1: 0.842
2024-07-17,13:22:42 [INFO] Validation average after 5 runs -- ACC: 0.726 -- F1-score: 0.766
2024-07-17,13:22:42 [INFO] Test average after 5 runs -- ACC: 0.763 -- F1-score: 0.818
2024-07-17,13:22:42 [INFO] Finished round 9/10 of experiments!
2024-07-17,13:22:42 [INFO] Final results: -- Source Test Acc: 0.703 -- Source Test F1: 0.750 -- Target Valid Acc: 0.711 -- Target Valid F1: 0.770 -- Target Test Acc: 0.686 -- Target Test F1: 0.747 -- Prompt Test Acc: 0.677 -- Prompt Valid Acc: 0.714 -- Prompt Test F1: 0.737 -- Prompt Valid F1: 0.766
2024-07-17,13:22:42 [INFO] Pretrained modela are saved to: ./pretrained/GCN_Pretrained_2024-07-01-14-54-05.pth ./pretrained/GCN_Pretrained_2024-07-01-14-56-23.pth ./pretrained/GCN_Pretrained_2024-07-01-14-58-41.pth ./pretrained/GCN_Pretrained_2024-07-01-15-00-59.pth ./pretrained/GCN_Pretrained_2024-07-01-15-03-17.pth ./pretrained/GCN_Pretrained_2024-07-01-15-05-37.pth ./pretrained/GCN_Pretrained_2024-07-01-15-07-56.pth ./pretrained/GCN_Pretrained_2024-07-01-15-10-20.pth ./pretrained/GCN_Pretrained_2024-07-01-15-12-47.pth ./pretrained/GCN_Pretrained_2024-07-01-15-15-13.pth
