2024-07-22,14:08:15 [INFO] Logging to: ./log/2024-07-22-14-08-15.log
2024-07-22,14:08:15 [INFO] Reading config from: ./config/dhfr.yaml
2024-07-22,14:08:15 [INFO] Namespace(total_iters=10, prompt_method='all_in_one_original', s_dataset='DHFR', t_dataset='DHFR', prompt_fn='gpf_plus', shift_type='structural', p_shift_intra=0.0, p_shift_inter=0.0, pretrain=True, save_pretrained=False, soft_label=False, add_link_loss=False, attn_with_param=False, empty_pretrained_dir=False, iterative_clustering=False, clutering_iters=3, entropy_div_ratio=3, w_entropy_loss=0.0, w_softmax_loss=0.0, w_domain_loss=0.0, r_reg=0.0, gnn_weight_decay=0.0, weight_decay=0.0, gnn_type='gcn', gnn_num_layers=3, pretrained_path=['./pretrained/GCN_Pretrained_2024-07-01-14-54-05.pth', './pretrained/GCN_Pretrained_2024-07-01-14-56-23.pth', './pretrained/GCN_Pretrained_2024-07-01-14-58-41.pth', './pretrained/GCN_Pretrained_2024-07-01-15-00-59.pth', './pretrained/GCN_Pretrained_2024-07-01-15-03-17.pth', './pretrained/GCN_Pretrained_2024-07-01-15-05-37.pth', './pretrained/GCN_Pretrained_2024-07-01-15-07-56.pth', './pretrained/GCN_Pretrained_2024-07-01-15-10-20.pth', './pretrained/GCN_Pretrained_2024-07-01-15-12-47.pth', './pretrained/GCN_Pretrained_2024-07-01-15-15-13.pth'], gnn_n_epochs=100, gnn_eval_step=10, gnn_h_dim=512, gnn_lr=0.01, gnn_step_size=50, gnn_gamma=0.5, gnn_batch_size=64, gnn_dropout=0.4, n_epochs=30, eval_step=10, h_dim=512, lr=0.001, step_size=50, gamma=0.5, batch_size=64, num_tokens=50, src_ratio=0.5, dropout=0.3, cut_off=0.5, aug_type='feature', light_aug_prob=0.1, light_aug_mode='mask', pos_aug_mode='mask', neg_aug_mode='arbitrary', noise_cov_scale=1.0, noise_mean_shift=1.0, noise_shift_mode='homophily', noise_select_mode='soft', cross_prune=0.8, inner_prune=0.3, num_runs=5, p_raug=0.15, n_raug=0.15, s_split=[0.65, 0.3], t_split=[0.65, 0.3], seed=[1676, 3733, 3589, 4867, 2980, 1142, 3035, 4432, 4672, 4010], config_from_file='./config/dhfr.yaml', config_to_file='', label_reduction=0.0)
2024-07-22,14:08:15 [INFO] ####################################################################################################
2024-07-22,14:08:15 [INFO] Args seeds: [1676, 3733, 3589, 4867, 2980, 1142, 3035, 4432, 4672, 4010]
2024-07-22,14:08:15 [INFO] Source Dataset: DHFR, Target Dataset: DHFR. Training, Test: Source: [0.65, 0.3], Target: [0.65, 0.3] -- Batch size: 64
2024-07-22,14:08:15 [INFO] All input pretrained paths: ['./pretrained/GCN_Pretrained_2024-07-01-14-54-05.pth', './pretrained/GCN_Pretrained_2024-07-01-14-56-23.pth', './pretrained/GCN_Pretrained_2024-07-01-14-58-41.pth', './pretrained/GCN_Pretrained_2024-07-01-15-00-59.pth', './pretrained/GCN_Pretrained_2024-07-01-15-03-17.pth', './pretrained/GCN_Pretrained_2024-07-01-15-05-37.pth', './pretrained/GCN_Pretrained_2024-07-01-15-07-56.pth', './pretrained/GCN_Pretrained_2024-07-01-15-10-20.pth', './pretrained/GCN_Pretrained_2024-07-01-15-12-47.pth', './pretrained/GCN_Pretrained_2024-07-01-15-15-13.pth']
2024-07-22,14:08:15 [INFO] Started round 0/10 of experiments!
2024-07-22,14:08:15 [INFO] Setting for pretraining: Model: {'gnn_type': 'gcn', 'in_channels': 56, 'hidden_channels': 512, 'out_channels': 2, 'num_layers': 3, 'dropout': 0.4, 'with_bn': False, 'with_head': True} -- Optimizer: {'lr': 0.01, 'scheduler_step_size': 50, 'scheduler_gamma': 0.5, 'weight_decay': 0.0} -- Training: {'n_epochs': 100}
2024-07-22,14:08:15 [INFO] Loading previous pretrained model at ./pretrained/GCN_Pretrained_2024-07-01-14-54-05.pth
2024-07-22,14:08:15 [INFO] Total number of tokens: 50
2024-07-22,14:08:15 [INFO] Prompting method: all_in_one_original -- Setting: Prompting function: gpf_plus -- Target Dataset: DHFR
2024-07-22,14:08:15 [INFO] Setting for prompt tuning: Prompt: {'token_dim': 56, 'token_num': 50, 'cross_prune': 0.8, 'inner_prune': 0.3} -- Pretrained Model: {'gnn_type': 'gcn', 'in_channels': 56, 'hidden_channels': 512, 'out_channels': 2, 'num_layers': 3, 'dropout': 0.4, 'with_bn': False, 'with_head': True} -- Optimizer: {'lr': 0.001, 'scheduler_step_size': 50, 'scheduler_gamma': 0.5, 'weight_decay': 0.0} -- Training: {'n_epochs': 30, 'r_reg': 0.0, 'num_classes': 2, 'cut_off': 0.5}
2024-07-22,14:08:15 [INFO] Prompt tuning started: Num runs: 5 -- Eval step: 10
2024-07-22,14:08:16 [INFO] Pretrained GNN on Source Dataset -- Test Loss: 0.863 -- Test ACC: 0.661 -- Test F1-score: 0.702
2024-07-22,14:08:17 [INFO] Pretrained GNN on Target Dataset Without Prompting: -- Validation Loss: 0.762 -- Validation ACC: 0.611 -- Validation F1-score: 0.667 -- Test Loss: 0.711 -- Test ACC: 0.774 -- Test F1-score: 0.803
2024-07-22,14:08:18 [INFO] Epoch: 0/30 -- Train Loss: 1.293 -- Validation Loss: 0.892 -- Validation ACC: 0.722 -- Validation F1: 0.839
2024-07-22,14:08:26 [INFO] Epoch: 10/30 -- Train Loss: 0.678 -- Validation Loss: 0.705 -- Validation ACC: 0.778 -- Validation F1: 0.867
2024-07-22,14:08:35 [INFO] Epoch: 20/30 -- Train Loss: 0.530 -- Validation Loss: 0.674 -- Validation ACC: 0.833 -- Validation F1: 0.897
2024-07-22,14:08:38 [INFO] Epoch: 24/30 -- Train Loss: 0.764 -- Validation Loss: 0.670 -- Validation ACC: 0.833 -- Validation F1: 0.897
2024-07-22,14:08:39 [INFO] Epoch: 25/30 -- Train Loss: 0.781 -- Validation Loss: 0.669 -- Validation ACC: 0.833 -- Validation F1: 0.897
2024-07-22,14:08:40 [INFO] Epoch: 26/30 -- Train Loss: 0.698 -- Validation Loss: 0.669 -- Validation ACC: 0.833 -- Validation F1: 0.897
2024-07-22,14:08:42 [INFO] Epoch: 27/30 -- Train Loss: 0.562 -- Validation Loss: 0.668 -- Validation ACC: 0.833 -- Validation F1: 0.897
2024-07-22,14:08:43 [INFO] Epoch: 28/30 -- Train Loss: 0.592 -- Validation Loss: 0.667 -- Validation ACC: 0.833 -- Validation F1: 0.897
2024-07-22,14:08:45 [INFO] Epoch: 29/30 -- Train Loss: 0.484 -- Validation Loss: 0.666 -- Validation ACC: 0.833 -- Validation F1: 0.897
2024-07-22,14:08:45 [INFO] Run 0/5: Average Over Last 6 epochs -- Valid ACC: 0.8333333333333334 -- Valid F1-score: 0.8965517282485962
2024-07-22,14:08:45 [INFO] Test Results of Run 0/5: -- Test Loss: 0.584 -- Test ACC: 0.704 -- Test F1: 0.795
2024-07-22,14:08:47 [INFO] Epoch: 0/30 -- Train Loss: 0.922 -- Validation Loss: 0.833 -- Validation ACC: 0.778 -- Validation F1: 0.867
2024-07-22,14:08:55 [INFO] Epoch: 10/30 -- Train Loss: 0.555 -- Validation Loss: 0.685 -- Validation ACC: 0.778 -- Validation F1: 0.867
2024-07-22,14:09:03 [INFO] Epoch: 20/30 -- Train Loss: 0.839 -- Validation Loss: 0.652 -- Validation ACC: 0.833 -- Validation F1: 0.897
2024-07-22,14:09:07 [INFO] Epoch: 24/30 -- Train Loss: 0.672 -- Validation Loss: 0.636 -- Validation ACC: 0.778 -- Validation F1: 0.857
2024-07-22,14:09:09 [INFO] Epoch: 25/30 -- Train Loss: 0.534 -- Validation Loss: 0.633 -- Validation ACC: 0.778 -- Validation F1: 0.857
2024-07-22,14:09:10 [INFO] Epoch: 26/30 -- Train Loss: 0.492 -- Validation Loss: 0.633 -- Validation ACC: 0.778 -- Validation F1: 0.857
2024-07-22,14:09:11 [INFO] Epoch: 27/30 -- Train Loss: 0.562 -- Validation Loss: 0.631 -- Validation ACC: 0.778 -- Validation F1: 0.857
2024-07-22,14:09:12 [INFO] Epoch: 28/30 -- Train Loss: 0.638 -- Validation Loss: 0.627 -- Validation ACC: 0.778 -- Validation F1: 0.857
2024-07-22,14:09:14 [INFO] Epoch: 29/30 -- Train Loss: 0.430 -- Validation Loss: 0.629 -- Validation ACC: 0.667 -- Validation F1: 0.769
2024-07-22,14:09:14 [INFO] Run 1/5: Average Over Last 6 epochs -- Valid ACC: 0.7592592592592592 -- Valid F1-score: 0.8424908518791199
2024-07-22,14:09:14 [INFO] Test Results of Run 1/5: -- Test Loss: 0.523 -- Test ACC: 0.765 -- Test F1: 0.821
2024-07-22,14:09:16 [INFO] Epoch: 0/30 -- Train Loss: 0.830 -- Validation Loss: 0.872 -- Validation ACC: 0.722 -- Validation F1: 0.839
2024-07-22,14:09:23 [INFO] Epoch: 10/30 -- Train Loss: 0.857 -- Validation Loss: 0.722 -- Validation ACC: 0.778 -- Validation F1: 0.867
2024-07-22,14:09:31 [INFO] Epoch: 20/30 -- Train Loss: 0.679 -- Validation Loss: 0.691 -- Validation ACC: 0.778 -- Validation F1: 0.867
2024-07-22,14:09:35 [INFO] Epoch: 24/30 -- Train Loss: 0.883 -- Validation Loss: 0.673 -- Validation ACC: 0.778 -- Validation F1: 0.867
2024-07-22,14:09:36 [INFO] Epoch: 25/30 -- Train Loss: 0.523 -- Validation Loss: 0.666 -- Validation ACC: 0.833 -- Validation F1: 0.897
2024-07-22,14:09:38 [INFO] Epoch: 26/30 -- Train Loss: 0.674 -- Validation Loss: 0.659 -- Validation ACC: 0.833 -- Validation F1: 0.897
2024-07-22,14:09:39 [INFO] Epoch: 27/30 -- Train Loss: 0.571 -- Validation Loss: 0.655 -- Validation ACC: 0.833 -- Validation F1: 0.897
2024-07-22,14:09:40 [INFO] Epoch: 28/30 -- Train Loss: 0.628 -- Validation Loss: 0.651 -- Validation ACC: 0.833 -- Validation F1: 0.897
2024-07-22,14:09:41 [INFO] Epoch: 29/30 -- Train Loss: 0.674 -- Validation Loss: 0.647 -- Validation ACC: 0.833 -- Validation F1: 0.897
2024-07-22,14:09:41 [INFO] Run 2/5: Average Over Last 6 epochs -- Valid ACC: 0.8240740740740741 -- Valid F1-score: 0.8915708859761556
2024-07-22,14:09:41 [INFO] Test Results of Run 2/5: -- Test Loss: 0.590 -- Test ACC: 0.704 -- Test F1: 0.800
2024-07-22,14:09:43 [INFO] Epoch: 0/30 -- Train Loss: 1.136 -- Validation Loss: 1.012 -- Validation ACC: 0.722 -- Validation F1: 0.839
2024-07-22,14:09:51 [INFO] Epoch: 10/30 -- Train Loss: 0.752 -- Validation Loss: 0.698 -- Validation ACC: 0.778 -- Validation F1: 0.867
2024-07-22,14:09:59 [INFO] Epoch: 20/30 -- Train Loss: 0.641 -- Validation Loss: 0.628 -- Validation ACC: 0.778 -- Validation F1: 0.857
2024-07-22,14:10:03 [INFO] Epoch: 24/30 -- Train Loss: 0.711 -- Validation Loss: 0.640 -- Validation ACC: 0.667 -- Validation F1: 0.769
2024-07-22,14:10:04 [INFO] Epoch: 25/30 -- Train Loss: 0.667 -- Validation Loss: 0.665 -- Validation ACC: 0.722 -- Validation F1: 0.800
2024-07-22,14:10:05 [INFO] Epoch: 26/30 -- Train Loss: 0.664 -- Validation Loss: 0.697 -- Validation ACC: 0.722 -- Validation F1: 0.800
2024-07-22,14:10:06 [INFO] Epoch: 27/30 -- Train Loss: 0.452 -- Validation Loss: 0.723 -- Validation ACC: 0.667 -- Validation F1: 0.750
2024-07-22,14:10:07 [INFO] Epoch: 28/30 -- Train Loss: 0.391 -- Validation Loss: 0.739 -- Validation ACC: 0.611 -- Validation F1: 0.696
2024-07-22,14:10:09 [INFO] Epoch: 29/30 -- Train Loss: 0.351 -- Validation Loss: 0.743 -- Validation ACC: 0.611 -- Validation F1: 0.696
2024-07-22,14:10:09 [INFO] Run 3/5: Average Over Last 6 epochs -- Valid ACC: 0.6666666666666666 -- Valid F1-score: 0.7517558634281158
2024-07-22,14:10:09 [INFO] Test Results of Run 3/5: -- Test Loss: 0.533 -- Test ACC: 0.730 -- Test F1: 0.760
2024-07-22,14:10:11 [INFO] Epoch: 0/30 -- Train Loss: 0.655 -- Validation Loss: 0.822 -- Validation ACC: 0.778 -- Validation F1: 0.867
2024-07-22,14:10:20 [INFO] Epoch: 10/30 -- Train Loss: 0.527 -- Validation Loss: 0.689 -- Validation ACC: 0.833 -- Validation F1: 0.897
2024-07-22,14:10:28 [INFO] Epoch: 20/30 -- Train Loss: 0.728 -- Validation Loss: 0.665 -- Validation ACC: 0.833 -- Validation F1: 0.897
2024-07-22,14:10:31 [INFO] Epoch: 24/30 -- Train Loss: 0.656 -- Validation Loss: 0.659 -- Validation ACC: 0.833 -- Validation F1: 0.897
2024-07-22,14:10:32 [INFO] Epoch: 25/30 -- Train Loss: 0.632 -- Validation Loss: 0.657 -- Validation ACC: 0.833 -- Validation F1: 0.897
2024-07-22,14:10:34 [INFO] Epoch: 26/30 -- Train Loss: 0.646 -- Validation Loss: 0.656 -- Validation ACC: 0.833 -- Validation F1: 0.897
2024-07-22,14:10:35 [INFO] Epoch: 27/30 -- Train Loss: 0.671 -- Validation Loss: 0.654 -- Validation ACC: 0.833 -- Validation F1: 0.897
2024-07-22,14:10:36 [INFO] Epoch: 28/30 -- Train Loss: 0.565 -- Validation Loss: 0.653 -- Validation ACC: 0.833 -- Validation F1: 0.897
2024-07-22,14:10:38 [INFO] Epoch: 29/30 -- Train Loss: 0.665 -- Validation Loss: 0.655 -- Validation ACC: 0.778 -- Validation F1: 0.857
2024-07-22,14:10:38 [INFO] Run 4/5: Average Over Last 6 epochs -- Valid ACC: 0.8240740740740741 -- Valid F1-score: 0.8899835844834646
2024-07-22,14:10:39 [INFO] Test Results of Run 4/5: -- Test Loss: 0.585 -- Test ACC: 0.704 -- Test F1: 0.798
2024-07-22,14:10:39 [INFO] Validation average after 5 runs -- ACC: 0.781 -- F1-score: 0.854
2024-07-22,14:10:39 [INFO] Test average after 5 runs -- ACC: 0.722 -- F1-score: 0.795
2024-07-22,14:10:39 [INFO] Finished round 0/10 of experiments!
2024-07-22,14:10:39 [INFO] Started round 1/10 of experiments!
2024-07-22,14:10:39 [INFO] Loading previous pretrained model at ./pretrained/GCN_Pretrained_2024-07-01-14-56-23.pth
2024-07-22,14:10:39 [INFO] Total number of tokens: 50
2024-07-22,14:10:39 [INFO] Pretrained GNN on Source Dataset -- Test Loss: 0.964 -- Test ACC: 0.739 -- Test F1-score: 0.758
2024-07-22,14:10:40 [INFO] Pretrained GNN on Target Dataset Without Prompting: -- Validation Loss: 1.277 -- Validation ACC: 0.667 -- Validation F1-score: 0.769 -- Test Loss: 1.529 -- Test ACC: 0.643 -- Test F1-score: 0.713
2024-07-22,14:10:41 [INFO] Epoch: 0/30 -- Train Loss: 0.918 -- Validation Loss: 0.771 -- Validation ACC: 0.556 -- Validation F1: 0.636
2024-07-22,14:10:50 [INFO] Epoch: 10/30 -- Train Loss: 0.655 -- Validation Loss: 0.739 -- Validation ACC: 0.556 -- Validation F1: 0.636
2024-07-22,14:10:59 [INFO] Epoch: 20/30 -- Train Loss: 0.619 -- Validation Loss: 0.666 -- Validation ACC: 0.722 -- Validation F1: 0.828
2024-07-22,14:11:02 [INFO] Epoch: 24/30 -- Train Loss: 0.588 -- Validation Loss: 0.671 -- Validation ACC: 0.722 -- Validation F1: 0.828
2024-07-22,14:11:03 [INFO] Epoch: 25/30 -- Train Loss: 0.464 -- Validation Loss: 0.671 -- Validation ACC: 0.722 -- Validation F1: 0.828
2024-07-22,14:11:04 [INFO] Epoch: 26/30 -- Train Loss: 0.660 -- Validation Loss: 0.672 -- Validation ACC: 0.722 -- Validation F1: 0.828
2024-07-22,14:11:06 [INFO] Epoch: 27/30 -- Train Loss: 0.518 -- Validation Loss: 0.673 -- Validation ACC: 0.722 -- Validation F1: 0.828
2024-07-22,14:11:06 [INFO] Epoch: 28/30 -- Train Loss: 0.696 -- Validation Loss: 0.674 -- Validation ACC: 0.722 -- Validation F1: 0.828
2024-07-22,14:11:08 [INFO] Epoch: 29/30 -- Train Loss: 0.532 -- Validation Loss: 0.674 -- Validation ACC: 0.722 -- Validation F1: 0.828
2024-07-22,14:11:08 [INFO] Run 0/5: Average Over Last 6 epochs -- Valid ACC: 0.7222222222222222 -- Valid F1-score: 0.8275862336158752
2024-07-22,14:11:09 [INFO] Test Results of Run 0/5: -- Test Loss: 0.664 -- Test ACC: 0.704 -- Test F1: 0.782
2024-07-22,14:11:10 [INFO] Epoch: 0/30 -- Train Loss: 0.847 -- Validation Loss: 0.859 -- Validation ACC: 0.556 -- Validation F1: 0.636
2024-07-22,14:11:18 [INFO] Epoch: 10/30 -- Train Loss: 0.808 -- Validation Loss: 0.843 -- Validation ACC: 0.611 -- Validation F1: 0.696
2024-07-22,14:11:27 [INFO] Epoch: 20/30 -- Train Loss: 0.697 -- Validation Loss: 0.926 -- Validation ACC: 0.556 -- Validation F1: 0.636
2024-07-22,14:11:30 [INFO] Epoch: 24/30 -- Train Loss: 0.712 -- Validation Loss: 0.916 -- Validation ACC: 0.556 -- Validation F1: 0.636
2024-07-22,14:11:32 [INFO] Epoch: 25/30 -- Train Loss: 0.960 -- Validation Loss: 0.908 -- Validation ACC: 0.556 -- Validation F1: 0.636
2024-07-22,14:11:33 [INFO] Epoch: 26/30 -- Train Loss: 0.836 -- Validation Loss: 0.908 -- Validation ACC: 0.500 -- Validation F1: 0.571
2024-07-22,14:11:34 [INFO] Epoch: 27/30 -- Train Loss: 0.900 -- Validation Loss: 0.889 -- Validation ACC: 0.556 -- Validation F1: 0.636
2024-07-22,14:11:36 [INFO] Epoch: 28/30 -- Train Loss: 0.850 -- Validation Loss: 0.861 -- Validation ACC: 0.556 -- Validation F1: 0.636
2024-07-22,14:11:36 [INFO] Epoch: 29/30 -- Train Loss: 0.726 -- Validation Loss: 0.816 -- Validation ACC: 0.556 -- Validation F1: 0.636
2024-07-22,14:11:36 [INFO] Run 1/5: Average Over Last 6 epochs -- Valid ACC: 0.5462962962962963 -- Valid F1-score: 0.6255411207675934
2024-07-22,14:11:37 [INFO] Test Results of Run 1/5: -- Test Loss: 0.808 -- Test ACC: 0.600 -- Test F1: 0.582
2024-07-22,14:11:39 [INFO] Epoch: 0/30 -- Train Loss: 0.850 -- Validation Loss: 0.807 -- Validation ACC: 0.500 -- Validation F1: 0.571
2024-07-22,14:11:46 [INFO] Epoch: 10/30 -- Train Loss: 0.918 -- Validation Loss: 0.933 -- Validation ACC: 0.500 -- Validation F1: 0.571
2024-07-22,14:11:56 [INFO] Epoch: 20/30 -- Train Loss: 0.795 -- Validation Loss: 0.679 -- Validation ACC: 0.778 -- Validation F1: 0.857
2024-07-22,14:11:59 [INFO] Epoch: 24/30 -- Train Loss: 0.659 -- Validation Loss: 0.688 -- Validation ACC: 0.722 -- Validation F1: 0.828
2024-07-22,14:12:00 [INFO] Epoch: 25/30 -- Train Loss: 0.629 -- Validation Loss: 0.692 -- Validation ACC: 0.722 -- Validation F1: 0.828
2024-07-22,14:12:02 [INFO] Epoch: 26/30 -- Train Loss: 0.667 -- Validation Loss: 0.692 -- Validation ACC: 0.722 -- Validation F1: 0.828
2024-07-22,14:12:03 [INFO] Epoch: 27/30 -- Train Loss: 0.681 -- Validation Loss: 0.691 -- Validation ACC: 0.722 -- Validation F1: 0.828
2024-07-22,14:12:05 [INFO] Epoch: 28/30 -- Train Loss: 0.679 -- Validation Loss: 0.691 -- Validation ACC: 0.722 -- Validation F1: 0.828
2024-07-22,14:12:06 [INFO] Epoch: 29/30 -- Train Loss: 0.694 -- Validation Loss: 0.690 -- Validation ACC: 0.722 -- Validation F1: 0.828
2024-07-22,14:12:06 [INFO] Run 2/5: Average Over Last 6 epochs -- Valid ACC: 0.7222222222222222 -- Valid F1-score: 0.8275862336158752
2024-07-22,14:12:06 [INFO] Test Results of Run 2/5: -- Test Loss: 0.641 -- Test ACC: 0.704 -- Test F1: 0.785
2024-07-22,14:12:08 [INFO] Epoch: 0/30 -- Train Loss: 0.869 -- Validation Loss: 0.824 -- Validation ACC: 0.611 -- Validation F1: 0.696
2024-07-22,14:12:16 [INFO] Epoch: 10/30 -- Train Loss: 0.741 -- Validation Loss: 0.815 -- Validation ACC: 0.611 -- Validation F1: 0.696
2024-07-22,14:12:25 [INFO] Epoch: 20/30 -- Train Loss: 0.440 -- Validation Loss: 0.764 -- Validation ACC: 0.722 -- Validation F1: 0.828
2024-07-22,14:12:29 [INFO] Epoch: 24/30 -- Train Loss: 0.776 -- Validation Loss: 0.753 -- Validation ACC: 0.722 -- Validation F1: 0.828
2024-07-22,14:12:30 [INFO] Epoch: 25/30 -- Train Loss: 0.478 -- Validation Loss: 0.753 -- Validation ACC: 0.722 -- Validation F1: 0.828
2024-07-22,14:12:31 [INFO] Epoch: 26/30 -- Train Loss: 0.605 -- Validation Loss: 0.754 -- Validation ACC: 0.722 -- Validation F1: 0.828
2024-07-22,14:12:32 [INFO] Epoch: 27/30 -- Train Loss: 0.516 -- Validation Loss: 0.753 -- Validation ACC: 0.722 -- Validation F1: 0.828
2024-07-22,14:12:34 [INFO] Epoch: 28/30 -- Train Loss: 0.526 -- Validation Loss: 0.753 -- Validation ACC: 0.722 -- Validation F1: 0.828
2024-07-22,14:12:35 [INFO] Epoch: 29/30 -- Train Loss: 0.593 -- Validation Loss: 0.752 -- Validation ACC: 0.722 -- Validation F1: 0.828
2024-07-22,14:12:35 [INFO] Run 3/5: Average Over Last 6 epochs -- Valid ACC: 0.7222222222222222 -- Valid F1-score: 0.8275862336158752
2024-07-22,14:12:36 [INFO] Test Results of Run 3/5: -- Test Loss: 0.653 -- Test ACC: 0.722 -- Test F1: 0.792
2024-07-22,14:12:37 [INFO] Epoch: 0/30 -- Train Loss: 0.629 -- Validation Loss: 0.721 -- Validation ACC: 0.556 -- Validation F1: 0.636
2024-07-22,14:12:45 [INFO] Epoch: 10/30 -- Train Loss: 0.890 -- Validation Loss: 0.712 -- Validation ACC: 0.611 -- Validation F1: 0.696
2024-07-22,14:12:53 [INFO] Epoch: 20/30 -- Train Loss: 0.750 -- Validation Loss: 0.667 -- Validation ACC: 0.722 -- Validation F1: 0.828
2024-07-22,14:12:57 [INFO] Epoch: 24/30 -- Train Loss: 0.591 -- Validation Loss: 0.665 -- Validation ACC: 0.722 -- Validation F1: 0.828
2024-07-22,14:12:58 [INFO] Epoch: 25/30 -- Train Loss: 0.680 -- Validation Loss: 0.665 -- Validation ACC: 0.722 -- Validation F1: 0.828
2024-07-22,14:12:59 [INFO] Epoch: 26/30 -- Train Loss: 0.632 -- Validation Loss: 0.664 -- Validation ACC: 0.722 -- Validation F1: 0.828
2024-07-22,14:13:01 [INFO] Epoch: 27/30 -- Train Loss: 0.563 -- Validation Loss: 0.663 -- Validation ACC: 0.722 -- Validation F1: 0.828
2024-07-22,14:13:02 [INFO] Epoch: 28/30 -- Train Loss: 0.528 -- Validation Loss: 0.663 -- Validation ACC: 0.722 -- Validation F1: 0.828
2024-07-22,14:13:04 [INFO] Epoch: 29/30 -- Train Loss: 0.717 -- Validation Loss: 0.663 -- Validation ACC: 0.722 -- Validation F1: 0.828
2024-07-22,14:13:04 [INFO] Run 4/5: Average Over Last 6 epochs -- Valid ACC: 0.7222222222222222 -- Valid F1-score: 0.8275862336158752
2024-07-22,14:13:05 [INFO] Test Results of Run 4/5: -- Test Loss: 0.625 -- Test ACC: 0.704 -- Test F1: 0.782
2024-07-22,14:13:05 [INFO] Validation average after 5 runs -- ACC: 0.687 -- F1-score: 0.787
2024-07-22,14:13:05 [INFO] Test average after 5 runs -- ACC: 0.687 -- F1-score: 0.745
2024-07-22,14:13:05 [INFO] Finished round 1/10 of experiments!
2024-07-22,14:13:05 [INFO] Started round 2/10 of experiments!
2024-07-22,14:13:05 [INFO] Loading previous pretrained model at ./pretrained/GCN_Pretrained_2024-07-01-14-58-41.pth
2024-07-22,14:13:05 [INFO] Total number of tokens: 50
2024-07-22,14:13:05 [INFO] Pretrained GNN on Source Dataset -- Test Loss: 1.173 -- Test ACC: 0.757 -- Test F1-score: 0.813
2024-07-22,14:13:06 [INFO] Pretrained GNN on Target Dataset Without Prompting: -- Validation Loss: 0.928 -- Validation ACC: 0.667 -- Validation F1-score: 0.769 -- Test Loss: 0.858 -- Test ACC: 0.687 -- Test F1-score: 0.735
2024-07-22,14:13:08 [INFO] Epoch: 0/30 -- Train Loss: 1.079 -- Validation Loss: 0.928 -- Validation ACC: 0.722 -- Validation F1: 0.839
2024-07-22,14:13:16 [INFO] Epoch: 10/30 -- Train Loss: 0.427 -- Validation Loss: 0.759 -- Validation ACC: 0.722 -- Validation F1: 0.839
2024-07-22,14:13:25 [INFO] Epoch: 20/30 -- Train Loss: 0.630 -- Validation Loss: 0.638 -- Validation ACC: 0.778 -- Validation F1: 0.857
2024-07-22,14:13:29 [INFO] Epoch: 24/30 -- Train Loss: 0.590 -- Validation Loss: 0.651 -- Validation ACC: 0.556 -- Validation F1: 0.667
2024-07-22,14:13:30 [INFO] Epoch: 25/30 -- Train Loss: 0.475 -- Validation Loss: 0.645 -- Validation ACC: 0.556 -- Validation F1: 0.667
2024-07-22,14:13:31 [INFO] Epoch: 26/30 -- Train Loss: 0.537 -- Validation Loss: 0.641 -- Validation ACC: 0.611 -- Validation F1: 0.720
2024-07-22,14:13:33 [INFO] Epoch: 27/30 -- Train Loss: 0.511 -- Validation Loss: 0.640 -- Validation ACC: 0.667 -- Validation F1: 0.769
2024-07-22,14:13:34 [INFO] Epoch: 28/30 -- Train Loss: 0.546 -- Validation Loss: 0.639 -- Validation ACC: 0.722 -- Validation F1: 0.815
2024-07-22,14:13:35 [INFO] Epoch: 29/30 -- Train Loss: 0.535 -- Validation Loss: 0.639 -- Validation ACC: 0.722 -- Validation F1: 0.815
2024-07-22,14:13:35 [INFO] Run 0/5: Average Over Last 6 epochs -- Valid ACC: 0.638888888888889 -- Valid F1-score: 0.7420322994391123
2024-07-22,14:13:36 [INFO] Test Results of Run 0/5: -- Test Loss: 0.634 -- Test ACC: 0.678 -- Test F1: 0.730
2024-07-22,14:13:37 [INFO] Epoch: 0/30 -- Train Loss: 0.698 -- Validation Loss: 0.850 -- Validation ACC: 0.722 -- Validation F1: 0.839
2024-07-22,14:13:46 [INFO] Epoch: 10/30 -- Train Loss: 0.538 -- Validation Loss: 0.657 -- Validation ACC: 0.611 -- Validation F1: 0.720
2024-07-22,14:13:54 [INFO] Epoch: 20/30 -- Train Loss: 0.523 -- Validation Loss: 0.634 -- Validation ACC: 0.667 -- Validation F1: 0.769
2024-07-22,14:13:57 [INFO] Epoch: 24/30 -- Train Loss: 0.455 -- Validation Loss: 0.640 -- Validation ACC: 0.667 -- Validation F1: 0.769
2024-07-22,14:13:59 [INFO] Epoch: 25/30 -- Train Loss: 0.516 -- Validation Loss: 0.641 -- Validation ACC: 0.667 -- Validation F1: 0.769
2024-07-22,14:14:00 [INFO] Epoch: 26/30 -- Train Loss: 0.645 -- Validation Loss: 0.640 -- Validation ACC: 0.667 -- Validation F1: 0.769
2024-07-22,14:14:02 [INFO] Epoch: 27/30 -- Train Loss: 0.550 -- Validation Loss: 0.639 -- Validation ACC: 0.667 -- Validation F1: 0.769
2024-07-22,14:14:03 [INFO] Epoch: 28/30 -- Train Loss: 0.591 -- Validation Loss: 0.640 -- Validation ACC: 0.667 -- Validation F1: 0.769
2024-07-22,14:14:04 [INFO] Epoch: 29/30 -- Train Loss: 0.505 -- Validation Loss: 0.640 -- Validation ACC: 0.667 -- Validation F1: 0.769
2024-07-22,14:14:04 [INFO] Run 1/5: Average Over Last 6 epochs -- Valid ACC: 0.6666666666666666 -- Valid F1-score: 0.7692307829856873
2024-07-22,14:14:05 [INFO] Test Results of Run 1/5: -- Test Loss: 0.622 -- Test ACC: 0.704 -- Test F1: 0.750
2024-07-22,14:14:06 [INFO] Epoch: 0/30 -- Train Loss: 0.714 -- Validation Loss: 0.843 -- Validation ACC: 0.722 -- Validation F1: 0.839
2024-07-22,14:14:15 [INFO] Epoch: 10/30 -- Train Loss: 0.462 -- Validation Loss: 0.662 -- Validation ACC: 0.611 -- Validation F1: 0.720
2024-07-22,14:14:23 [INFO] Epoch: 20/30 -- Train Loss: 0.540 -- Validation Loss: 0.665 -- Validation ACC: 0.611 -- Validation F1: 0.720
2024-07-22,14:14:27 [INFO] Epoch: 24/30 -- Train Loss: 0.582 -- Validation Loss: 0.667 -- Validation ACC: 0.611 -- Validation F1: 0.720
2024-07-22,14:14:28 [INFO] Epoch: 25/30 -- Train Loss: 0.580 -- Validation Loss: 0.666 -- Validation ACC: 0.611 -- Validation F1: 0.720
2024-07-22,14:14:29 [INFO] Epoch: 26/30 -- Train Loss: 0.515 -- Validation Loss: 0.668 -- Validation ACC: 0.611 -- Validation F1: 0.720
2024-07-22,14:14:31 [INFO] Epoch: 27/30 -- Train Loss: 0.567 -- Validation Loss: 0.666 -- Validation ACC: 0.611 -- Validation F1: 0.720
2024-07-22,14:14:32 [INFO] Epoch: 28/30 -- Train Loss: 0.584 -- Validation Loss: 0.668 -- Validation ACC: 0.611 -- Validation F1: 0.720
2024-07-22,14:14:32 [INFO] Epoch: 29/30 -- Train Loss: 0.538 -- Validation Loss: 0.666 -- Validation ACC: 0.611 -- Validation F1: 0.720
2024-07-22,14:14:32 [INFO] Run 2/5: Average Over Last 6 epochs -- Valid ACC: 0.6111111111111112 -- Valid F1-score: 0.7200000286102295
2024-07-22,14:14:33 [INFO] Test Results of Run 2/5: -- Test Loss: 0.629 -- Test ACC: 0.670 -- Test F1: 0.716
2024-07-22,14:14:35 [INFO] Epoch: 0/30 -- Train Loss: 0.696 -- Validation Loss: 0.785 -- Validation ACC: 0.722 -- Validation F1: 0.839
2024-07-22,14:14:43 [INFO] Epoch: 10/30 -- Train Loss: 0.504 -- Validation Loss: 0.667 -- Validation ACC: 0.611 -- Validation F1: 0.720
2024-07-22,14:14:50 [INFO] Epoch: 20/30 -- Train Loss: 0.588 -- Validation Loss: 0.663 -- Validation ACC: 0.611 -- Validation F1: 0.720
2024-07-22,14:14:54 [INFO] Epoch: 24/30 -- Train Loss: 0.541 -- Validation Loss: 0.666 -- Validation ACC: 0.611 -- Validation F1: 0.720
2024-07-22,14:14:55 [INFO] Epoch: 25/30 -- Train Loss: 0.619 -- Validation Loss: 0.665 -- Validation ACC: 0.611 -- Validation F1: 0.720
2024-07-22,14:14:57 [INFO] Epoch: 26/30 -- Train Loss: 0.540 -- Validation Loss: 0.665 -- Validation ACC: 0.611 -- Validation F1: 0.720
2024-07-22,14:14:58 [INFO] Epoch: 27/30 -- Train Loss: 0.539 -- Validation Loss: 0.664 -- Validation ACC: 0.611 -- Validation F1: 0.720
2024-07-22,14:14:59 [INFO] Epoch: 28/30 -- Train Loss: 0.694 -- Validation Loss: 0.663 -- Validation ACC: 0.611 -- Validation F1: 0.720
2024-07-22,14:15:01 [INFO] Epoch: 29/30 -- Train Loss: 0.534 -- Validation Loss: 0.664 -- Validation ACC: 0.611 -- Validation F1: 0.720
2024-07-22,14:15:01 [INFO] Run 3/5: Average Over Last 6 epochs -- Valid ACC: 0.6111111111111112 -- Valid F1-score: 0.7200000286102295
2024-07-22,14:15:02 [INFO] Test Results of Run 3/5: -- Test Loss: 0.623 -- Test ACC: 0.713 -- Test F1: 0.756
2024-07-22,14:15:03 [INFO] Epoch: 0/30 -- Train Loss: 1.149 -- Validation Loss: 0.965 -- Validation ACC: 0.722 -- Validation F1: 0.839
2024-07-22,14:15:12 [INFO] Epoch: 10/30 -- Train Loss: 0.507 -- Validation Loss: 0.741 -- Validation ACC: 0.722 -- Validation F1: 0.839
2024-07-22,14:15:21 [INFO] Epoch: 20/30 -- Train Loss: 0.521 -- Validation Loss: 0.675 -- Validation ACC: 0.722 -- Validation F1: 0.839
2024-07-22,14:15:24 [INFO] Epoch: 24/30 -- Train Loss: 0.604 -- Validation Loss: 0.638 -- Validation ACC: 0.778 -- Validation F1: 0.857
2024-07-22,14:15:26 [INFO] Epoch: 25/30 -- Train Loss: 0.621 -- Validation Loss: 0.642 -- Validation ACC: 0.611 -- Validation F1: 0.720
2024-07-22,14:15:27 [INFO] Epoch: 26/30 -- Train Loss: 0.408 -- Validation Loss: 0.647 -- Validation ACC: 0.556 -- Validation F1: 0.667
2024-07-22,14:15:29 [INFO] Epoch: 27/30 -- Train Loss: 0.593 -- Validation Loss: 0.650 -- Validation ACC: 0.556 -- Validation F1: 0.667
2024-07-22,14:15:30 [INFO] Epoch: 28/30 -- Train Loss: 0.568 -- Validation Loss: 0.649 -- Validation ACC: 0.556 -- Validation F1: 0.667
2024-07-22,14:15:31 [INFO] Epoch: 29/30 -- Train Loss: 0.638 -- Validation Loss: 0.648 -- Validation ACC: 0.556 -- Validation F1: 0.667
2024-07-22,14:15:31 [INFO] Run 4/5: Average Over Last 6 epochs -- Valid ACC: 0.6018518518518517 -- Valid F1-score: 0.7073016067345937
2024-07-22,14:15:31 [INFO] Test Results of Run 4/5: -- Test Loss: 0.613 -- Test ACC: 0.696 -- Test F1: 0.737
2024-07-22,14:15:31 [INFO] Validation average after 5 runs -- ACC: 0.626 -- F1-score: 0.732
2024-07-22,14:15:31 [INFO] Test average after 5 runs -- ACC: 0.692 -- F1-score: 0.738
2024-07-22,14:15:31 [INFO] Finished round 2/10 of experiments!
2024-07-22,14:15:31 [INFO] Started round 3/10 of experiments!
2024-07-22,14:15:32 [INFO] Loading previous pretrained model at ./pretrained/GCN_Pretrained_2024-07-01-15-00-59.pth
2024-07-22,14:15:32 [INFO] Total number of tokens: 50
2024-07-22,14:15:32 [INFO] Pretrained GNN on Source Dataset -- Test Loss: 0.746 -- Test ACC: 0.739 -- Test F1-score: 0.786
2024-07-22,14:15:33 [INFO] Pretrained GNN on Target Dataset Without Prompting: -- Validation Loss: 0.769 -- Validation ACC: 0.722 -- Validation F1-score: 0.706 -- Test Loss: 0.897 -- Test ACC: 0.748 -- Test F1-score: 0.810
2024-07-22,14:15:35 [INFO] Epoch: 0/30 -- Train Loss: 0.766 -- Validation Loss: 0.663 -- Validation ACC: 0.722 -- Validation F1: 0.667
2024-07-22,14:15:42 [INFO] Epoch: 10/30 -- Train Loss: 0.805 -- Validation Loss: 0.704 -- Validation ACC: 0.556 -- Validation F1: 0.636
2024-07-22,14:15:51 [INFO] Epoch: 20/30 -- Train Loss: 0.546 -- Validation Loss: 0.666 -- Validation ACC: 0.667 -- Validation F1: 0.700
2024-07-22,14:15:55 [INFO] Epoch: 24/30 -- Train Loss: 0.628 -- Validation Loss: 0.669 -- Validation ACC: 0.667 -- Validation F1: 0.700
2024-07-22,14:15:56 [INFO] Epoch: 25/30 -- Train Loss: 0.717 -- Validation Loss: 0.668 -- Validation ACC: 0.667 -- Validation F1: 0.700
2024-07-22,14:15:57 [INFO] Epoch: 26/30 -- Train Loss: 0.623 -- Validation Loss: 0.666 -- Validation ACC: 0.667 -- Validation F1: 0.700
2024-07-22,14:15:59 [INFO] Epoch: 27/30 -- Train Loss: 0.859 -- Validation Loss: 0.665 -- Validation ACC: 0.667 -- Validation F1: 0.700
2024-07-22,14:16:00 [INFO] Epoch: 28/30 -- Train Loss: 0.600 -- Validation Loss: 0.663 -- Validation ACC: 0.667 -- Validation F1: 0.700
2024-07-22,14:16:01 [INFO] Epoch: 29/30 -- Train Loss: 0.572 -- Validation Loss: 0.663 -- Validation ACC: 0.667 -- Validation F1: 0.700
2024-07-22,14:16:01 [INFO] Run 0/5: Average Over Last 6 epochs -- Valid ACC: 0.6666666666666666 -- Valid F1-score: 0.699999988079071
2024-07-22,14:16:01 [INFO] Test Results of Run 0/5: -- Test Loss: 0.566 -- Test ACC: 0.722 -- Test F1: 0.795
2024-07-22,14:16:02 [INFO] Epoch: 0/30 -- Train Loss: 0.834 -- Validation Loss: 0.633 -- Validation ACC: 0.778 -- Validation F1: 0.750
2024-07-22,14:16:10 [INFO] Epoch: 10/30 -- Train Loss: 0.698 -- Validation Loss: 0.692 -- Validation ACC: 0.556 -- Validation F1: 0.636
2024-07-22,14:16:19 [INFO] Epoch: 20/30 -- Train Loss: 0.667 -- Validation Loss: 0.654 -- Validation ACC: 0.667 -- Validation F1: 0.700
2024-07-22,14:16:22 [INFO] Epoch: 24/30 -- Train Loss: 0.560 -- Validation Loss: 0.656 -- Validation ACC: 0.667 -- Validation F1: 0.700
2024-07-22,14:16:23 [INFO] Epoch: 25/30 -- Train Loss: 0.789 -- Validation Loss: 0.656 -- Validation ACC: 0.667 -- Validation F1: 0.700
2024-07-22,14:16:24 [INFO] Epoch: 26/30 -- Train Loss: 0.620 -- Validation Loss: 0.656 -- Validation ACC: 0.667 -- Validation F1: 0.700
2024-07-22,14:16:26 [INFO] Epoch: 27/30 -- Train Loss: 0.780 -- Validation Loss: 0.655 -- Validation ACC: 0.667 -- Validation F1: 0.700
2024-07-22,14:16:27 [INFO] Epoch: 28/30 -- Train Loss: 0.732 -- Validation Loss: 0.654 -- Validation ACC: 0.667 -- Validation F1: 0.700
2024-07-22,14:16:28 [INFO] Epoch: 29/30 -- Train Loss: 0.881 -- Validation Loss: 0.654 -- Validation ACC: 0.667 -- Validation F1: 0.700
2024-07-22,14:16:28 [INFO] Run 1/5: Average Over Last 6 epochs -- Valid ACC: 0.6666666666666666 -- Valid F1-score: 0.699999988079071
2024-07-22,14:16:29 [INFO] Test Results of Run 1/5: -- Test Loss: 0.583 -- Test ACC: 0.722 -- Test F1: 0.795
2024-07-22,14:16:30 [INFO] Epoch: 0/30 -- Train Loss: 1.058 -- Validation Loss: 0.646 -- Validation ACC: 0.778 -- Validation F1: 0.750
2024-07-22,14:16:39 [INFO] Epoch: 10/30 -- Train Loss: 0.761 -- Validation Loss: 0.678 -- Validation ACC: 0.611 -- Validation F1: 0.667
2024-07-22,14:16:47 [INFO] Epoch: 20/30 -- Train Loss: 0.645 -- Validation Loss: 0.655 -- Validation ACC: 0.667 -- Validation F1: 0.700
2024-07-22,14:16:51 [INFO] Epoch: 24/30 -- Train Loss: 0.546 -- Validation Loss: 0.658 -- Validation ACC: 0.667 -- Validation F1: 0.700
2024-07-22,14:16:52 [INFO] Epoch: 25/30 -- Train Loss: 0.814 -- Validation Loss: 0.656 -- Validation ACC: 0.667 -- Validation F1: 0.700
2024-07-22,14:16:53 [INFO] Epoch: 26/30 -- Train Loss: 0.943 -- Validation Loss: 0.655 -- Validation ACC: 0.667 -- Validation F1: 0.700
2024-07-22,14:16:54 [INFO] Epoch: 27/30 -- Train Loss: 0.685 -- Validation Loss: 0.657 -- Validation ACC: 0.667 -- Validation F1: 0.700
2024-07-22,14:16:56 [INFO] Epoch: 28/30 -- Train Loss: 0.741 -- Validation Loss: 0.658 -- Validation ACC: 0.667 -- Validation F1: 0.700
2024-07-22,14:16:57 [INFO] Epoch: 29/30 -- Train Loss: 0.796 -- Validation Loss: 0.657 -- Validation ACC: 0.667 -- Validation F1: 0.700
2024-07-22,14:16:57 [INFO] Run 2/5: Average Over Last 6 epochs -- Valid ACC: 0.6666666666666666 -- Valid F1-score: 0.699999988079071
2024-07-22,14:16:58 [INFO] Test Results of Run 2/5: -- Test Loss: 0.572 -- Test ACC: 0.739 -- Test F1: 0.810
2024-07-22,14:16:59 [INFO] Epoch: 0/30 -- Train Loss: 0.964 -- Validation Loss: 0.646 -- Validation ACC: 0.778 -- Validation F1: 0.750
2024-07-22,14:17:07 [INFO] Epoch: 10/30 -- Train Loss: 1.015 -- Validation Loss: 0.618 -- Validation ACC: 0.833 -- Validation F1: 0.824
2024-07-22,14:17:15 [INFO] Epoch: 20/30 -- Train Loss: 0.960 -- Validation Loss: 0.659 -- Validation ACC: 0.611 -- Validation F1: 0.667
2024-07-22,14:17:18 [INFO] Epoch: 24/30 -- Train Loss: 0.576 -- Validation Loss: 0.666 -- Validation ACC: 0.611 -- Validation F1: 0.667
2024-07-22,14:17:19 [INFO] Epoch: 25/30 -- Train Loss: 0.797 -- Validation Loss: 0.668 -- Validation ACC: 0.611 -- Validation F1: 0.667
2024-07-22,14:17:20 [INFO] Epoch: 26/30 -- Train Loss: 0.777 -- Validation Loss: 0.670 -- Validation ACC: 0.611 -- Validation F1: 0.667
2024-07-22,14:17:22 [INFO] Epoch: 27/30 -- Train Loss: 0.648 -- Validation Loss: 0.671 -- Validation ACC: 0.611 -- Validation F1: 0.667
2024-07-22,14:17:23 [INFO] Epoch: 28/30 -- Train Loss: 0.460 -- Validation Loss: 0.670 -- Validation ACC: 0.611 -- Validation F1: 0.667
2024-07-22,14:17:24 [INFO] Epoch: 29/30 -- Train Loss: 0.650 -- Validation Loss: 0.668 -- Validation ACC: 0.611 -- Validation F1: 0.667
2024-07-22,14:17:24 [INFO] Run 3/5: Average Over Last 6 epochs -- Valid ACC: 0.6111111111111112 -- Valid F1-score: 0.6666666865348816
2024-07-22,14:17:25 [INFO] Test Results of Run 3/5: -- Test Loss: 0.573 -- Test ACC: 0.722 -- Test F1: 0.795
2024-07-22,14:17:26 [INFO] Epoch: 0/30 -- Train Loss: 0.786 -- Validation Loss: 0.600 -- Validation ACC: 0.778 -- Validation F1: 0.750
2024-07-22,14:17:34 [INFO] Epoch: 10/30 -- Train Loss: 0.819 -- Validation Loss: 0.573 -- Validation ACC: 0.833 -- Validation F1: 0.824
2024-07-22,14:17:42 [INFO] Epoch: 20/30 -- Train Loss: 0.716 -- Validation Loss: 0.609 -- Validation ACC: 0.667 -- Validation F1: 0.700
2024-07-22,14:17:45 [INFO] Epoch: 24/30 -- Train Loss: 0.585 -- Validation Loss: 0.618 -- Validation ACC: 0.667 -- Validation F1: 0.700
2024-07-22,14:17:46 [INFO] Epoch: 25/30 -- Train Loss: 0.654 -- Validation Loss: 0.618 -- Validation ACC: 0.667 -- Validation F1: 0.700
2024-07-22,14:17:48 [INFO] Epoch: 26/30 -- Train Loss: 0.538 -- Validation Loss: 0.619 -- Validation ACC: 0.667 -- Validation F1: 0.700
2024-07-22,14:17:49 [INFO] Epoch: 27/30 -- Train Loss: 0.749 -- Validation Loss: 0.619 -- Validation ACC: 0.667 -- Validation F1: 0.700
2024-07-22,14:17:50 [INFO] Epoch: 28/30 -- Train Loss: 0.680 -- Validation Loss: 0.619 -- Validation ACC: 0.667 -- Validation F1: 0.700
2024-07-22,14:17:51 [INFO] Epoch: 29/30 -- Train Loss: 0.541 -- Validation Loss: 0.617 -- Validation ACC: 0.667 -- Validation F1: 0.700
2024-07-22,14:17:51 [INFO] Run 4/5: Average Over Last 6 epochs -- Valid ACC: 0.6666666666666666 -- Valid F1-score: 0.699999988079071
2024-07-22,14:17:52 [INFO] Test Results of Run 4/5: -- Test Loss: 0.579 -- Test ACC: 0.748 -- Test F1: 0.818
2024-07-22,14:17:52 [INFO] Validation average after 5 runs -- ACC: 0.656 -- F1-score: 0.693
2024-07-22,14:17:52 [INFO] Test average after 5 runs -- ACC: 0.730 -- F1-score: 0.802
2024-07-22,14:17:52 [INFO] Finished round 3/10 of experiments!
2024-07-22,14:17:52 [INFO] Started round 4/10 of experiments!
2024-07-22,14:17:52 [INFO] Loading previous pretrained model at ./pretrained/GCN_Pretrained_2024-07-01-15-03-17.pth
2024-07-22,14:17:52 [INFO] Total number of tokens: 50
2024-07-22,14:17:53 [INFO] Pretrained GNN on Source Dataset -- Test Loss: 1.048 -- Test ACC: 0.696 -- Test F1-score: 0.759
2024-07-22,14:17:54 [INFO] Pretrained GNN on Target Dataset Without Prompting: -- Validation Loss: 0.854 -- Validation ACC: 0.500 -- Validation F1-score: 0.571 -- Test Loss: 0.781 -- Test ACC: 0.713 -- Test F1-score: 0.784
2024-07-22,14:17:55 [INFO] Epoch: 0/30 -- Train Loss: 1.104 -- Validation Loss: 1.727 -- Validation ACC: 0.444 -- Validation F1: 0.583
2024-07-22,14:18:04 [INFO] Epoch: 10/30 -- Train Loss: 1.099 -- Validation Loss: 1.560 -- Validation ACC: 0.444 -- Validation F1: 0.583
2024-07-22,14:18:12 [INFO] Epoch: 20/30 -- Train Loss: 0.769 -- Validation Loss: 1.485 -- Validation ACC: 0.444 -- Validation F1: 0.583
2024-07-22,14:18:16 [INFO] Epoch: 24/30 -- Train Loss: 0.670 -- Validation Loss: 1.470 -- Validation ACC: 0.444 -- Validation F1: 0.583
2024-07-22,14:18:17 [INFO] Epoch: 25/30 -- Train Loss: 0.887 -- Validation Loss: 1.467 -- Validation ACC: 0.444 -- Validation F1: 0.583
2024-07-22,14:18:18 [INFO] Epoch: 26/30 -- Train Loss: 0.818 -- Validation Loss: 1.462 -- Validation ACC: 0.444 -- Validation F1: 0.583
2024-07-22,14:18:19 [INFO] Epoch: 27/30 -- Train Loss: 1.020 -- Validation Loss: 1.457 -- Validation ACC: 0.444 -- Validation F1: 0.583
2024-07-22,14:18:20 [INFO] Epoch: 28/30 -- Train Loss: 0.913 -- Validation Loss: 1.453 -- Validation ACC: 0.444 -- Validation F1: 0.583
2024-07-22,14:18:21 [INFO] Epoch: 29/30 -- Train Loss: 0.786 -- Validation Loss: 1.437 -- Validation ACC: 0.444 -- Validation F1: 0.583
2024-07-22,14:18:21 [INFO] Run 0/5: Average Over Last 6 epochs -- Valid ACC: 0.4444444444444445 -- Valid F1-score: 0.5833333134651184
2024-07-22,14:18:22 [INFO] Test Results of Run 0/5: -- Test Loss: 0.863 -- Test ACC: 0.696 -- Test F1: 0.802
2024-07-22,14:18:24 [INFO] Epoch: 0/30 -- Train Loss: 1.507 -- Validation Loss: 1.775 -- Validation ACC: 0.389 -- Validation F1: 0.560
2024-07-22,14:18:32 [INFO] Epoch: 10/30 -- Train Loss: 1.045 -- Validation Loss: 1.498 -- Validation ACC: 0.444 -- Validation F1: 0.583
2024-07-22,14:18:41 [INFO] Epoch: 20/30 -- Train Loss: 0.794 -- Validation Loss: 1.399 -- Validation ACC: 0.500 -- Validation F1: 0.609
2024-07-22,14:18:45 [INFO] Epoch: 24/30 -- Train Loss: 0.957 -- Validation Loss: 1.386 -- Validation ACC: 0.500 -- Validation F1: 0.609
2024-07-22,14:18:46 [INFO] Epoch: 25/30 -- Train Loss: 0.852 -- Validation Loss: 1.383 -- Validation ACC: 0.500 -- Validation F1: 0.609
2024-07-22,14:18:48 [INFO] Epoch: 26/30 -- Train Loss: 0.626 -- Validation Loss: 1.380 -- Validation ACC: 0.500 -- Validation F1: 0.609
2024-07-22,14:18:49 [INFO] Epoch: 27/30 -- Train Loss: 0.976 -- Validation Loss: 1.377 -- Validation ACC: 0.500 -- Validation F1: 0.609
2024-07-22,14:18:50 [INFO] Epoch: 28/30 -- Train Loss: 0.932 -- Validation Loss: 1.372 -- Validation ACC: 0.500 -- Validation F1: 0.609
2024-07-22,14:18:51 [INFO] Epoch: 29/30 -- Train Loss: 1.226 -- Validation Loss: 1.350 -- Validation ACC: 0.500 -- Validation F1: 0.609
2024-07-22,14:18:51 [INFO] Run 1/5: Average Over Last 6 epochs -- Valid ACC: 0.5 -- Valid F1-score: 0.6086956262588501
2024-07-22,14:18:52 [INFO] Test Results of Run 1/5: -- Test Loss: 0.870 -- Test ACC: 0.696 -- Test F1: 0.802
2024-07-22,14:18:53 [INFO] Epoch: 0/30 -- Train Loss: 1.038 -- Validation Loss: 1.889 -- Validation ACC: 0.389 -- Validation F1: 0.560
2024-07-22,14:19:02 [INFO] Epoch: 10/30 -- Train Loss: 1.233 -- Validation Loss: 1.381 -- Validation ACC: 0.444 -- Validation F1: 0.583
2024-07-22,14:19:10 [INFO] Epoch: 20/30 -- Train Loss: 0.744 -- Validation Loss: 0.894 -- Validation ACC: 0.500 -- Validation F1: 0.571
2024-07-22,14:19:14 [INFO] Epoch: 24/30 -- Train Loss: 0.537 -- Validation Loss: 0.895 -- Validation ACC: 0.500 -- Validation F1: 0.571
2024-07-22,14:19:16 [INFO] Epoch: 25/30 -- Train Loss: 0.777 -- Validation Loss: 0.894 -- Validation ACC: 0.500 -- Validation F1: 0.571
2024-07-22,14:19:17 [INFO] Epoch: 26/30 -- Train Loss: 0.707 -- Validation Loss: 0.893 -- Validation ACC: 0.500 -- Validation F1: 0.571
2024-07-22,14:19:18 [INFO] Epoch: 27/30 -- Train Loss: 0.832 -- Validation Loss: 0.893 -- Validation ACC: 0.500 -- Validation F1: 0.571
2024-07-22,14:19:19 [INFO] Epoch: 28/30 -- Train Loss: 0.574 -- Validation Loss: 0.899 -- Validation ACC: 0.500 -- Validation F1: 0.571
2024-07-22,14:19:20 [INFO] Epoch: 29/30 -- Train Loss: 0.683 -- Validation Loss: 0.898 -- Validation ACC: 0.500 -- Validation F1: 0.571
2024-07-22,14:19:20 [INFO] Run 2/5: Average Over Last 6 epochs -- Valid ACC: 0.5 -- Valid F1-score: 0.5714285969734192
2024-07-22,14:19:21 [INFO] Test Results of Run 2/5: -- Test Loss: 0.607 -- Test ACC: 0.670 -- Test F1: 0.768
2024-07-22,14:19:23 [INFO] Epoch: 0/30 -- Train Loss: 1.032 -- Validation Loss: 1.802 -- Validation ACC: 0.389 -- Validation F1: 0.560
2024-07-22,14:19:31 [INFO] Epoch: 10/30 -- Train Loss: 1.052 -- Validation Loss: 1.589 -- Validation ACC: 0.444 -- Validation F1: 0.583
2024-07-22,14:19:39 [INFO] Epoch: 20/30 -- Train Loss: 1.249 -- Validation Loss: 1.420 -- Validation ACC: 0.444 -- Validation F1: 0.583
2024-07-22,14:19:42 [INFO] Epoch: 24/30 -- Train Loss: 0.769 -- Validation Loss: 1.182 -- Validation ACC: 0.500 -- Validation F1: 0.609
2024-07-22,14:19:43 [INFO] Epoch: 25/30 -- Train Loss: 0.813 -- Validation Loss: 1.106 -- Validation ACC: 0.500 -- Validation F1: 0.609
2024-07-22,14:19:45 [INFO] Epoch: 26/30 -- Train Loss: 1.028 -- Validation Loss: 1.018 -- Validation ACC: 0.500 -- Validation F1: 0.609
2024-07-22,14:19:46 [INFO] Epoch: 27/30 -- Train Loss: 0.611 -- Validation Loss: 0.902 -- Validation ACC: 0.500 -- Validation F1: 0.609
2024-07-22,14:19:47 [INFO] Epoch: 28/30 -- Train Loss: 0.734 -- Validation Loss: 0.806 -- Validation ACC: 0.556 -- Validation F1: 0.636
2024-07-22,14:19:49 [INFO] Epoch: 29/30 -- Train Loss: 0.565 -- Validation Loss: 0.742 -- Validation ACC: 0.500 -- Validation F1: 0.571
2024-07-22,14:19:49 [INFO] Run 3/5: Average Over Last 6 epochs -- Valid ACC: 0.5092592592592592 -- Valid F1-score: 0.6070957879225413
2024-07-22,14:19:50 [INFO] Test Results of Run 3/5: -- Test Loss: 0.606 -- Test ACC: 0.661 -- Test F1: 0.755
2024-07-22,14:19:51 [INFO] Epoch: 0/30 -- Train Loss: 1.043 -- Validation Loss: 1.919 -- Validation ACC: 0.389 -- Validation F1: 0.560
2024-07-22,14:20:00 [INFO] Epoch: 10/30 -- Train Loss: 1.143 -- Validation Loss: 1.620 -- Validation ACC: 0.444 -- Validation F1: 0.583
2024-07-22,14:20:06 [INFO] Epoch: 20/30 -- Train Loss: 0.924 -- Validation Loss: 1.304 -- Validation ACC: 0.444 -- Validation F1: 0.583
2024-07-22,14:20:10 [INFO] Epoch: 24/30 -- Train Loss: 0.792 -- Validation Loss: 1.183 -- Validation ACC: 0.500 -- Validation F1: 0.609
2024-07-22,14:20:11 [INFO] Epoch: 25/30 -- Train Loss: 0.569 -- Validation Loss: 1.152 -- Validation ACC: 0.500 -- Validation F1: 0.609
2024-07-22,14:20:12 [INFO] Epoch: 26/30 -- Train Loss: 1.013 -- Validation Loss: 1.120 -- Validation ACC: 0.500 -- Validation F1: 0.609
2024-07-22,14:20:13 [INFO] Epoch: 27/30 -- Train Loss: 0.800 -- Validation Loss: 1.051 -- Validation ACC: 0.500 -- Validation F1: 0.609
2024-07-22,14:20:14 [INFO] Epoch: 28/30 -- Train Loss: 1.067 -- Validation Loss: 0.998 -- Validation ACC: 0.500 -- Validation F1: 0.609
2024-07-22,14:20:15 [INFO] Epoch: 29/30 -- Train Loss: 0.627 -- Validation Loss: 0.968 -- Validation ACC: 0.500 -- Validation F1: 0.609
2024-07-22,14:20:15 [INFO] Run 4/5: Average Over Last 6 epochs -- Valid ACC: 0.5 -- Valid F1-score: 0.6086956262588501
2024-07-22,14:20:15 [INFO] Test Results of Run 4/5: -- Test Loss: 0.641 -- Test ACC: 0.696 -- Test F1: 0.793
2024-07-22,14:20:15 [INFO] Validation average after 5 runs -- ACC: 0.491 -- F1-score: 0.596
2024-07-22,14:20:15 [INFO] Test average after 5 runs -- ACC: 0.683 -- F1-score: 0.784
2024-07-22,14:20:15 [INFO] Finished round 4/10 of experiments!
2024-07-22,14:20:15 [INFO] Started round 5/10 of experiments!
2024-07-22,14:20:16 [INFO] Setting for pretraining: Model: {'gnn_type': 'gcn', 'in_channels': 56, 'hidden_channels': 512, 'out_channels': 2, 'num_layers': 3, 'dropout': 0.4, 'with_bn': False, 'with_head': True} -- Optimizer: {'lr': 0.01, 'scheduler_step_size': 50, 'scheduler_gamma': 0.5, 'weight_decay': 0.0} -- Training: {'n_epochs': 100}
2024-07-22,14:20:16 [INFO] Loading previous pretrained model at ./pretrained/GCN_Pretrained_2024-07-01-15-05-37.pth
2024-07-22,14:20:16 [INFO] Total number of tokens: 50
2024-07-22,14:20:16 [INFO] Prompting method: all_in_one_original -- Setting: Prompting function: gpf_plus -- Target Dataset: DHFR
2024-07-22,14:20:16 [INFO] Setting for prompt tuning: Prompt: {'token_dim': 56, 'token_num': 50, 'cross_prune': 0.8, 'inner_prune': 0.3} -- Pretrained Model: {'gnn_type': 'gcn', 'in_channels': 56, 'hidden_channels': 512, 'out_channels': 2, 'num_layers': 3, 'dropout': 0.4, 'with_bn': False, 'with_head': True} -- Optimizer: {'lr': 0.001, 'scheduler_step_size': 50, 'scheduler_gamma': 0.5, 'weight_decay': 0.0} -- Training: {'n_epochs': 30, 'r_reg': 0.0, 'num_classes': 2, 'cut_off': 0.5}
2024-07-22,14:20:16 [INFO] Prompt tuning started: Num runs: 5 -- Eval step: 10
2024-07-22,14:20:16 [INFO] Pretrained GNN on Source Dataset -- Test Loss: 0.768 -- Test ACC: 0.687 -- Test F1-score: 0.684
2024-07-22,14:20:17 [INFO] Pretrained GNN on Target Dataset Without Prompting: -- Validation Loss: 0.232 -- Validation ACC: 0.889 -- Validation F1-score: 0.900 -- Test Loss: 0.871 -- Test ACC: 0.722 -- Test F1-score: 0.754
2024-07-22,14:20:18 [INFO] Epoch: 0/30 -- Train Loss: 0.856 -- Validation Loss: 1.384 -- Validation ACC: 0.556 -- Validation F1: 0.714
2024-07-22,14:20:26 [INFO] Epoch: 10/30 -- Train Loss: 0.567 -- Validation Loss: 0.415 -- Validation ACC: 0.833 -- Validation F1: 0.870
2024-07-22,14:20:33 [INFO] Epoch: 20/30 -- Train Loss: 0.685 -- Validation Loss: 0.448 -- Validation ACC: 0.667 -- Validation F1: 0.769
2024-07-22,14:20:36 [INFO] Epoch: 24/30 -- Train Loss: 0.675 -- Validation Loss: 0.442 -- Validation ACC: 0.667 -- Validation F1: 0.769
2024-07-22,14:20:37 [INFO] Epoch: 25/30 -- Train Loss: 0.703 -- Validation Loss: 0.443 -- Validation ACC: 0.667 -- Validation F1: 0.769
2024-07-22,14:20:38 [INFO] Epoch: 26/30 -- Train Loss: 0.669 -- Validation Loss: 0.443 -- Validation ACC: 0.667 -- Validation F1: 0.769
2024-07-22,14:20:39 [INFO] Epoch: 27/30 -- Train Loss: 0.586 -- Validation Loss: 0.443 -- Validation ACC: 0.667 -- Validation F1: 0.769
2024-07-22,14:20:40 [INFO] Epoch: 28/30 -- Train Loss: 0.592 -- Validation Loss: 0.444 -- Validation ACC: 0.667 -- Validation F1: 0.769
2024-07-22,14:20:41 [INFO] Epoch: 29/30 -- Train Loss: 0.702 -- Validation Loss: 0.443 -- Validation ACC: 0.667 -- Validation F1: 0.769
2024-07-22,14:20:41 [INFO] Run 0/5: Average Over Last 6 epochs -- Valid ACC: 0.6666666666666666 -- Valid F1-score: 0.7692307829856873
2024-07-22,14:20:42 [INFO] Test Results of Run 0/5: -- Test Loss: 0.650 -- Test ACC: 0.670 -- Test F1: 0.753
2024-07-22,14:20:43 [INFO] Epoch: 0/30 -- Train Loss: 1.831 -- Validation Loss: 2.075 -- Validation ACC: 0.556 -- Validation F1: 0.714
2024-07-22,14:20:50 [INFO] Epoch: 10/30 -- Train Loss: 0.581 -- Validation Loss: 0.482 -- Validation ACC: 0.556 -- Validation F1: 0.714
2024-07-22,14:20:57 [INFO] Epoch: 20/30 -- Train Loss: 0.679 -- Validation Loss: 0.444 -- Validation ACC: 0.667 -- Validation F1: 0.769
2024-07-22,14:21:00 [INFO] Epoch: 24/30 -- Train Loss: 0.495 -- Validation Loss: 0.448 -- Validation ACC: 0.667 -- Validation F1: 0.769
2024-07-22,14:21:02 [INFO] Epoch: 25/30 -- Train Loss: 0.594 -- Validation Loss: 0.449 -- Validation ACC: 0.667 -- Validation F1: 0.769
2024-07-22,14:21:03 [INFO] Epoch: 26/30 -- Train Loss: 0.612 -- Validation Loss: 0.450 -- Validation ACC: 0.667 -- Validation F1: 0.769
2024-07-22,14:21:04 [INFO] Epoch: 27/30 -- Train Loss: 0.536 -- Validation Loss: 0.452 -- Validation ACC: 0.667 -- Validation F1: 0.769
2024-07-22,14:21:05 [INFO] Epoch: 28/30 -- Train Loss: 0.470 -- Validation Loss: 0.450 -- Validation ACC: 0.667 -- Validation F1: 0.769
2024-07-22,14:21:06 [INFO] Epoch: 29/30 -- Train Loss: 0.591 -- Validation Loss: 0.450 -- Validation ACC: 0.667 -- Validation F1: 0.769
2024-07-22,14:21:06 [INFO] Run 1/5: Average Over Last 6 epochs -- Valid ACC: 0.6666666666666666 -- Valid F1-score: 0.7692307829856873
2024-07-22,14:21:07 [INFO] Test Results of Run 1/5: -- Test Loss: 0.658 -- Test ACC: 0.670 -- Test F1: 0.756
2024-07-22,14:21:08 [INFO] Epoch: 0/30 -- Train Loss: 1.772 -- Validation Loss: 2.518 -- Validation ACC: 0.556 -- Validation F1: 0.714
2024-07-22,14:21:15 [INFO] Epoch: 10/30 -- Train Loss: 0.551 -- Validation Loss: 0.478 -- Validation ACC: 0.611 -- Validation F1: 0.741
2024-07-22,14:21:22 [INFO] Epoch: 20/30 -- Train Loss: 0.594 -- Validation Loss: 0.434 -- Validation ACC: 0.778 -- Validation F1: 0.833
2024-07-22,14:21:25 [INFO] Epoch: 24/30 -- Train Loss: 0.699 -- Validation Loss: 0.442 -- Validation ACC: 0.722 -- Validation F1: 0.800
2024-07-22,14:21:26 [INFO] Epoch: 25/30 -- Train Loss: 0.593 -- Validation Loss: 0.441 -- Validation ACC: 0.722 -- Validation F1: 0.800
2024-07-22,14:21:27 [INFO] Epoch: 26/30 -- Train Loss: 0.772 -- Validation Loss: 0.442 -- Validation ACC: 0.722 -- Validation F1: 0.800
2024-07-22,14:21:29 [INFO] Epoch: 27/30 -- Train Loss: 0.556 -- Validation Loss: 0.442 -- Validation ACC: 0.722 -- Validation F1: 0.800
2024-07-22,14:21:29 [INFO] Epoch: 28/30 -- Train Loss: 0.557 -- Validation Loss: 0.439 -- Validation ACC: 0.722 -- Validation F1: 0.800
2024-07-22,14:21:31 [INFO] Epoch: 29/30 -- Train Loss: 0.524 -- Validation Loss: 0.440 -- Validation ACC: 0.722 -- Validation F1: 0.800
2024-07-22,14:21:31 [INFO] Run 2/5: Average Over Last 6 epochs -- Valid ACC: 0.7222222222222222 -- Valid F1-score: 0.800000011920929
2024-07-22,14:21:31 [INFO] Test Results of Run 2/5: -- Test Loss: 0.642 -- Test ACC: 0.670 -- Test F1: 0.753
2024-07-22,14:21:32 [INFO] Epoch: 0/30 -- Train Loss: 0.944 -- Validation Loss: 1.084 -- Validation ACC: 0.556 -- Validation F1: 0.714
2024-07-22,14:21:40 [INFO] Epoch: 10/30 -- Train Loss: 0.577 -- Validation Loss: 0.458 -- Validation ACC: 0.778 -- Validation F1: 0.833
2024-07-22,14:21:46 [INFO] Epoch: 20/30 -- Train Loss: 0.528 -- Validation Loss: 0.461 -- Validation ACC: 0.722 -- Validation F1: 0.800
2024-07-22,14:21:49 [INFO] Epoch: 24/30 -- Train Loss: 0.662 -- Validation Loss: 0.468 -- Validation ACC: 0.667 -- Validation F1: 0.769
2024-07-22,14:21:50 [INFO] Epoch: 25/30 -- Train Loss: 0.673 -- Validation Loss: 0.468 -- Validation ACC: 0.667 -- Validation F1: 0.769
2024-07-22,14:21:51 [INFO] Epoch: 26/30 -- Train Loss: 0.637 -- Validation Loss: 0.468 -- Validation ACC: 0.667 -- Validation F1: 0.769
2024-07-22,14:21:52 [INFO] Epoch: 27/30 -- Train Loss: 0.458 -- Validation Loss: 0.466 -- Validation ACC: 0.667 -- Validation F1: 0.769
2024-07-22,14:21:53 [INFO] Epoch: 28/30 -- Train Loss: 0.601 -- Validation Loss: 0.464 -- Validation ACC: 0.667 -- Validation F1: 0.769
2024-07-22,14:21:54 [INFO] Epoch: 29/30 -- Train Loss: 0.653 -- Validation Loss: 0.465 -- Validation ACC: 0.667 -- Validation F1: 0.769
2024-07-22,14:21:54 [INFO] Run 3/5: Average Over Last 6 epochs -- Valid ACC: 0.6666666666666666 -- Valid F1-score: 0.7692307829856873
2024-07-22,14:21:55 [INFO] Test Results of Run 3/5: -- Test Loss: 0.658 -- Test ACC: 0.652 -- Test F1: 0.740
2024-07-22,14:21:56 [INFO] Epoch: 0/30 -- Train Loss: 1.169 -- Validation Loss: 1.418 -- Validation ACC: 0.556 -- Validation F1: 0.714
2024-07-22,14:22:03 [INFO] Epoch: 10/30 -- Train Loss: 0.617 -- Validation Loss: 0.422 -- Validation ACC: 0.889 -- Validation F1: 0.909
2024-07-22,14:22:11 [INFO] Epoch: 20/30 -- Train Loss: 0.592 -- Validation Loss: 0.454 -- Validation ACC: 0.667 -- Validation F1: 0.769
2024-07-22,14:22:13 [INFO] Epoch: 24/30 -- Train Loss: 0.542 -- Validation Loss: 0.451 -- Validation ACC: 0.722 -- Validation F1: 0.800
2024-07-22,14:22:15 [INFO] Epoch: 25/30 -- Train Loss: 0.633 -- Validation Loss: 0.449 -- Validation ACC: 0.722 -- Validation F1: 0.800
2024-07-22,14:22:16 [INFO] Epoch: 26/30 -- Train Loss: 0.654 -- Validation Loss: 0.449 -- Validation ACC: 0.722 -- Validation F1: 0.800
2024-07-22,14:22:17 [INFO] Epoch: 27/30 -- Train Loss: 0.635 -- Validation Loss: 0.448 -- Validation ACC: 0.722 -- Validation F1: 0.800
2024-07-22,14:22:18 [INFO] Epoch: 28/30 -- Train Loss: 0.546 -- Validation Loss: 0.445 -- Validation ACC: 0.722 -- Validation F1: 0.800
2024-07-22,14:22:19 [INFO] Epoch: 29/30 -- Train Loss: 0.622 -- Validation Loss: 0.445 -- Validation ACC: 0.722 -- Validation F1: 0.800
2024-07-22,14:22:19 [INFO] Run 4/5: Average Over Last 6 epochs -- Valid ACC: 0.7222222222222222 -- Valid F1-score: 0.800000011920929
2024-07-22,14:22:20 [INFO] Test Results of Run 4/5: -- Test Loss: 0.656 -- Test ACC: 0.643 -- Test F1: 0.728
2024-07-22,14:22:20 [INFO] Validation average after 5 runs -- ACC: 0.689 -- F1-score: 0.782
2024-07-22,14:22:20 [INFO] Test average after 5 runs -- ACC: 0.661 -- F1-score: 0.746
2024-07-22,14:22:20 [INFO] Finished round 5/10 of experiments!
2024-07-22,14:22:20 [INFO] Started round 6/10 of experiments!
2024-07-22,14:22:20 [INFO] Loading previous pretrained model at ./pretrained/GCN_Pretrained_2024-07-01-15-07-56.pth
2024-07-22,14:22:20 [INFO] Total number of tokens: 50
2024-07-22,14:22:20 [INFO] Pretrained GNN on Source Dataset -- Test Loss: 0.661 -- Test ACC: 0.626 -- Test F1-score: 0.770
2024-07-22,14:22:21 [INFO] Pretrained GNN on Target Dataset Without Prompting: -- Validation Loss: 0.641 -- Validation ACC: 0.667 -- Validation F1-score: 0.800 -- Test Loss: 0.687 -- Test ACC: 0.574 -- Test F1-score: 0.729
2024-07-22,14:22:22 [INFO] Epoch: 0/30 -- Train Loss: 0.681 -- Validation Loss: 0.641 -- Validation ACC: 0.667 -- Validation F1: 0.800
2024-07-22,14:22:29 [INFO] Epoch: 10/30 -- Train Loss: 0.654 -- Validation Loss: 0.641 -- Validation ACC: 0.667 -- Validation F1: 0.800
2024-07-22,14:22:36 [INFO] Epoch: 20/30 -- Train Loss: 0.654 -- Validation Loss: 0.641 -- Validation ACC: 0.667 -- Validation F1: 0.800
2024-07-22,14:22:39 [INFO] Epoch: 24/30 -- Train Loss: 0.709 -- Validation Loss: 0.641 -- Validation ACC: 0.667 -- Validation F1: 0.800
2024-07-22,14:22:40 [INFO] Epoch: 25/30 -- Train Loss: 0.700 -- Validation Loss: 0.641 -- Validation ACC: 0.667 -- Validation F1: 0.800
2024-07-22,14:22:41 [INFO] Epoch: 26/30 -- Train Loss: 0.709 -- Validation Loss: 0.641 -- Validation ACC: 0.667 -- Validation F1: 0.800
2024-07-22,14:22:42 [INFO] Epoch: 27/30 -- Train Loss: 0.700 -- Validation Loss: 0.641 -- Validation ACC: 0.667 -- Validation F1: 0.800
2024-07-22,14:22:43 [INFO] Epoch: 28/30 -- Train Loss: 0.644 -- Validation Loss: 0.641 -- Validation ACC: 0.667 -- Validation F1: 0.800
2024-07-22,14:22:44 [INFO] Epoch: 29/30 -- Train Loss: 0.690 -- Validation Loss: 0.641 -- Validation ACC: 0.667 -- Validation F1: 0.800
2024-07-22,14:22:44 [INFO] Run 0/5: Average Over Last 6 epochs -- Valid ACC: 0.6666666666666666 -- Valid F1-score: 0.800000011920929
2024-07-22,14:22:45 [INFO] Test Results of Run 0/5: -- Test Loss: 0.687 -- Test ACC: 0.574 -- Test F1: 0.729
2024-07-22,14:22:46 [INFO] Epoch: 0/30 -- Train Loss: 0.663 -- Validation Loss: 0.641 -- Validation ACC: 0.667 -- Validation F1: 0.800
2024-07-22,14:22:53 [INFO] Epoch: 10/30 -- Train Loss: 0.709 -- Validation Loss: 0.641 -- Validation ACC: 0.667 -- Validation F1: 0.800
2024-07-22,14:23:00 [INFO] Epoch: 20/30 -- Train Loss: 0.690 -- Validation Loss: 0.641 -- Validation ACC: 0.667 -- Validation F1: 0.800
2024-07-22,14:23:04 [INFO] Epoch: 24/30 -- Train Loss: 0.736 -- Validation Loss: 0.641 -- Validation ACC: 0.667 -- Validation F1: 0.800
2024-07-22,14:23:04 [INFO] Epoch: 25/30 -- Train Loss: 0.635 -- Validation Loss: 0.641 -- Validation ACC: 0.667 -- Validation F1: 0.800
2024-07-22,14:23:06 [INFO] Epoch: 26/30 -- Train Loss: 0.608 -- Validation Loss: 0.641 -- Validation ACC: 0.667 -- Validation F1: 0.800
2024-07-22,14:23:07 [INFO] Epoch: 27/30 -- Train Loss: 0.681 -- Validation Loss: 0.641 -- Validation ACC: 0.667 -- Validation F1: 0.800
2024-07-22,14:23:07 [INFO] Epoch: 28/30 -- Train Loss: 0.718 -- Validation Loss: 0.641 -- Validation ACC: 0.667 -- Validation F1: 0.800
2024-07-22,14:23:09 [INFO] Epoch: 29/30 -- Train Loss: 0.681 -- Validation Loss: 0.641 -- Validation ACC: 0.667 -- Validation F1: 0.800
2024-07-22,14:23:09 [INFO] Run 1/5: Average Over Last 6 epochs -- Valid ACC: 0.6666666666666666 -- Valid F1-score: 0.800000011920929
2024-07-22,14:23:09 [INFO] Test Results of Run 1/5: -- Test Loss: 0.687 -- Test ACC: 0.574 -- Test F1: 0.729
2024-07-22,14:23:10 [INFO] Epoch: 0/30 -- Train Loss: 0.654 -- Validation Loss: 0.641 -- Validation ACC: 0.667 -- Validation F1: 0.800
2024-07-22,14:23:17 [INFO] Epoch: 10/30 -- Train Loss: 0.654 -- Validation Loss: 0.641 -- Validation ACC: 0.667 -- Validation F1: 0.800
2024-07-22,14:23:23 [INFO] Epoch: 20/30 -- Train Loss: 0.644 -- Validation Loss: 0.641 -- Validation ACC: 0.667 -- Validation F1: 0.800
2024-07-22,14:23:27 [INFO] Epoch: 24/30 -- Train Loss: 0.672 -- Validation Loss: 0.641 -- Validation ACC: 0.667 -- Validation F1: 0.800
2024-07-22,14:23:28 [INFO] Epoch: 25/30 -- Train Loss: 0.690 -- Validation Loss: 0.641 -- Validation ACC: 0.667 -- Validation F1: 0.800
2024-07-22,14:23:29 [INFO] Epoch: 26/30 -- Train Loss: 0.663 -- Validation Loss: 0.641 -- Validation ACC: 0.667 -- Validation F1: 0.800
2024-07-22,14:23:30 [INFO] Epoch: 27/30 -- Train Loss: 0.672 -- Validation Loss: 0.641 -- Validation ACC: 0.667 -- Validation F1: 0.800
2024-07-22,14:23:31 [INFO] Epoch: 28/30 -- Train Loss: 0.644 -- Validation Loss: 0.641 -- Validation ACC: 0.667 -- Validation F1: 0.800
2024-07-22,14:23:32 [INFO] Epoch: 29/30 -- Train Loss: 0.727 -- Validation Loss: 0.641 -- Validation ACC: 0.667 -- Validation F1: 0.800
2024-07-22,14:23:32 [INFO] Run 2/5: Average Over Last 6 epochs -- Valid ACC: 0.6666666666666666 -- Valid F1-score: 0.800000011920929
2024-07-22,14:23:33 [INFO] Test Results of Run 2/5: -- Test Loss: 0.687 -- Test ACC: 0.574 -- Test F1: 0.729
2024-07-22,14:23:34 [INFO] Epoch: 0/30 -- Train Loss: 0.672 -- Validation Loss: 0.641 -- Validation ACC: 0.667 -- Validation F1: 0.800
2024-07-22,14:23:41 [INFO] Epoch: 10/30 -- Train Loss: 0.700 -- Validation Loss: 0.641 -- Validation ACC: 0.667 -- Validation F1: 0.800
2024-07-22,14:23:49 [INFO] Epoch: 20/30 -- Train Loss: 0.690 -- Validation Loss: 0.641 -- Validation ACC: 0.667 -- Validation F1: 0.800
2024-07-22,14:23:52 [INFO] Epoch: 24/30 -- Train Loss: 0.635 -- Validation Loss: 0.641 -- Validation ACC: 0.667 -- Validation F1: 0.800
2024-07-22,14:23:53 [INFO] Epoch: 25/30 -- Train Loss: 0.672 -- Validation Loss: 0.641 -- Validation ACC: 0.667 -- Validation F1: 0.800
2024-07-22,14:23:54 [INFO] Epoch: 26/30 -- Train Loss: 0.663 -- Validation Loss: 0.641 -- Validation ACC: 0.667 -- Validation F1: 0.800
2024-07-22,14:23:55 [INFO] Epoch: 27/30 -- Train Loss: 0.589 -- Validation Loss: 0.641 -- Validation ACC: 0.667 -- Validation F1: 0.800
2024-07-22,14:23:56 [INFO] Epoch: 28/30 -- Train Loss: 0.700 -- Validation Loss: 0.641 -- Validation ACC: 0.667 -- Validation F1: 0.800
2024-07-22,14:23:57 [INFO] Epoch: 29/30 -- Train Loss: 0.635 -- Validation Loss: 0.641 -- Validation ACC: 0.667 -- Validation F1: 0.800
2024-07-22,14:23:57 [INFO] Run 3/5: Average Over Last 6 epochs -- Valid ACC: 0.6666666666666666 -- Valid F1-score: 0.800000011920929
2024-07-22,14:23:58 [INFO] Test Results of Run 3/5: -- Test Loss: 0.687 -- Test ACC: 0.574 -- Test F1: 0.729
2024-07-22,14:23:59 [INFO] Epoch: 0/30 -- Train Loss: 0.626 -- Validation Loss: 0.641 -- Validation ACC: 0.667 -- Validation F1: 0.800
2024-07-22,14:24:06 [INFO] Epoch: 10/30 -- Train Loss: 0.709 -- Validation Loss: 0.641 -- Validation ACC: 0.667 -- Validation F1: 0.800
2024-07-22,14:24:13 [INFO] Epoch: 20/30 -- Train Loss: 0.672 -- Validation Loss: 0.641 -- Validation ACC: 0.667 -- Validation F1: 0.800
2024-07-22,14:24:17 [INFO] Epoch: 24/30 -- Train Loss: 0.654 -- Validation Loss: 0.641 -- Validation ACC: 0.667 -- Validation F1: 0.800
2024-07-22,14:24:18 [INFO] Epoch: 25/30 -- Train Loss: 0.672 -- Validation Loss: 0.641 -- Validation ACC: 0.667 -- Validation F1: 0.800
2024-07-22,14:24:19 [INFO] Epoch: 26/30 -- Train Loss: 0.654 -- Validation Loss: 0.641 -- Validation ACC: 0.667 -- Validation F1: 0.800
2024-07-22,14:24:20 [INFO] Epoch: 27/30 -- Train Loss: 0.635 -- Validation Loss: 0.641 -- Validation ACC: 0.667 -- Validation F1: 0.800
2024-07-22,14:24:22 [INFO] Epoch: 28/30 -- Train Loss: 0.663 -- Validation Loss: 0.641 -- Validation ACC: 0.667 -- Validation F1: 0.800
2024-07-22,14:24:23 [INFO] Epoch: 29/30 -- Train Loss: 0.608 -- Validation Loss: 0.641 -- Validation ACC: 0.667 -- Validation F1: 0.800
2024-07-22,14:24:23 [INFO] Run 4/5: Average Over Last 6 epochs -- Valid ACC: 0.6666666666666666 -- Valid F1-score: 0.800000011920929
2024-07-22,14:24:24 [INFO] Test Results of Run 4/5: -- Test Loss: 0.687 -- Test ACC: 0.574 -- Test F1: 0.729
2024-07-22,14:24:24 [INFO] Validation average after 5 runs -- ACC: 0.667 -- F1-score: 0.800
2024-07-22,14:24:24 [INFO] Test average after 5 runs -- ACC: 0.574 -- F1-score: 0.729
2024-07-22,14:24:24 [INFO] Finished round 6/10 of experiments!
2024-07-22,14:24:24 [INFO] Started round 7/10 of experiments!
2024-07-22,14:24:24 [INFO] Loading previous pretrained model at ./pretrained/GCN_Pretrained_2024-07-01-15-10-20.pth
2024-07-22,14:24:24 [INFO] Total number of tokens: 50
2024-07-22,14:24:25 [INFO] Pretrained GNN on Source Dataset -- Test Loss: 0.642 -- Test ACC: 0.670 -- Test F1-score: 0.708
2024-07-22,14:24:25 [INFO] Pretrained GNN on Target Dataset Without Prompting: -- Validation Loss: 0.357 -- Validation ACC: 0.833 -- Validation F1-score: 0.870 -- Test Loss: 0.708 -- Test ACC: 0.609 -- Test F1-score: 0.640
2024-07-22,14:24:27 [INFO] Epoch: 0/30 -- Train Loss: 0.846 -- Validation Loss: 0.496 -- Validation ACC: 0.722 -- Validation F1: 0.839
2024-07-22,14:24:34 [INFO] Epoch: 10/30 -- Train Loss: 0.638 -- Validation Loss: 0.456 -- Validation ACC: 0.778 -- Validation F1: 0.867
2024-07-22,14:24:41 [INFO] Epoch: 20/30 -- Train Loss: 0.653 -- Validation Loss: 0.463 -- Validation ACC: 0.833 -- Validation F1: 0.897
2024-07-22,14:24:44 [INFO] Epoch: 24/30 -- Train Loss: 0.659 -- Validation Loss: 0.464 -- Validation ACC: 0.778 -- Validation F1: 0.857
2024-07-22,14:24:45 [INFO] Epoch: 25/30 -- Train Loss: 0.585 -- Validation Loss: 0.465 -- Validation ACC: 0.833 -- Validation F1: 0.889
2024-07-22,14:24:46 [INFO] Epoch: 26/30 -- Train Loss: 0.619 -- Validation Loss: 0.465 -- Validation ACC: 0.833 -- Validation F1: 0.889
2024-07-22,14:24:47 [INFO] Epoch: 27/30 -- Train Loss: 0.609 -- Validation Loss: 0.466 -- Validation ACC: 0.833 -- Validation F1: 0.889
2024-07-22,14:24:49 [INFO] Epoch: 28/30 -- Train Loss: 0.661 -- Validation Loss: 0.466 -- Validation ACC: 0.833 -- Validation F1: 0.889
2024-07-22,14:24:50 [INFO] Epoch: 29/30 -- Train Loss: 0.651 -- Validation Loss: 0.466 -- Validation ACC: 0.778 -- Validation F1: 0.846
2024-07-22,14:24:50 [INFO] Run 0/5: Average Over Last 6 epochs -- Valid ACC: 0.8148148148148149 -- Valid F1-score: 0.8764753838380178
2024-07-22,14:24:50 [INFO] Test Results of Run 0/5: -- Test Loss: 0.614 -- Test ACC: 0.652 -- Test F1: 0.740
2024-07-22,14:24:51 [INFO] Epoch: 0/30 -- Train Loss: 0.586 -- Validation Loss: 0.464 -- Validation ACC: 0.722 -- Validation F1: 0.839
2024-07-22,14:24:59 [INFO] Epoch: 10/30 -- Train Loss: 0.597 -- Validation Loss: 0.471 -- Validation ACC: 0.778 -- Validation F1: 0.857
2024-07-22,14:25:05 [INFO] Epoch: 20/30 -- Train Loss: 0.554 -- Validation Loss: 0.473 -- Validation ACC: 0.778 -- Validation F1: 0.846
2024-07-22,14:25:08 [INFO] Epoch: 24/30 -- Train Loss: 0.629 -- Validation Loss: 0.472 -- Validation ACC: 0.778 -- Validation F1: 0.846
2024-07-22,14:25:09 [INFO] Epoch: 25/30 -- Train Loss: 0.577 -- Validation Loss: 0.472 -- Validation ACC: 0.778 -- Validation F1: 0.846
2024-07-22,14:25:11 [INFO] Epoch: 26/30 -- Train Loss: 0.573 -- Validation Loss: 0.472 -- Validation ACC: 0.778 -- Validation F1: 0.846
2024-07-22,14:25:12 [INFO] Epoch: 27/30 -- Train Loss: 0.679 -- Validation Loss: 0.472 -- Validation ACC: 0.778 -- Validation F1: 0.846
2024-07-22,14:25:13 [INFO] Epoch: 28/30 -- Train Loss: 0.584 -- Validation Loss: 0.472 -- Validation ACC: 0.778 -- Validation F1: 0.846
2024-07-22,14:25:14 [INFO] Epoch: 29/30 -- Train Loss: 0.648 -- Validation Loss: 0.471 -- Validation ACC: 0.778 -- Validation F1: 0.846
2024-07-22,14:25:14 [INFO] Run 1/5: Average Over Last 6 epochs -- Valid ACC: 0.7777777777777778 -- Valid F1-score: 0.8461538553237915
2024-07-22,14:25:15 [INFO] Test Results of Run 1/5: -- Test Loss: 0.618 -- Test ACC: 0.626 -- Test F1: 0.719
2024-07-22,14:25:16 [INFO] Epoch: 0/30 -- Train Loss: 0.593 -- Validation Loss: 0.460 -- Validation ACC: 0.722 -- Validation F1: 0.839
2024-07-22,14:25:23 [INFO] Epoch: 10/30 -- Train Loss: 0.553 -- Validation Loss: 0.452 -- Validation ACC: 0.833 -- Validation F1: 0.897
2024-07-22,14:25:30 [INFO] Epoch: 20/30 -- Train Loss: 0.636 -- Validation Loss: 0.456 -- Validation ACC: 0.889 -- Validation F1: 0.923
2024-07-22,14:25:33 [INFO] Epoch: 24/30 -- Train Loss: 0.526 -- Validation Loss: 0.459 -- Validation ACC: 0.833 -- Validation F1: 0.880
2024-07-22,14:25:35 [INFO] Epoch: 25/30 -- Train Loss: 0.702 -- Validation Loss: 0.459 -- Validation ACC: 0.833 -- Validation F1: 0.880
2024-07-22,14:25:36 [INFO] Epoch: 26/30 -- Train Loss: 0.617 -- Validation Loss: 0.459 -- Validation ACC: 0.833 -- Validation F1: 0.880
2024-07-22,14:25:37 [INFO] Epoch: 27/30 -- Train Loss: 0.653 -- Validation Loss: 0.459 -- Validation ACC: 0.833 -- Validation F1: 0.880
2024-07-22,14:25:38 [INFO] Epoch: 28/30 -- Train Loss: 0.586 -- Validation Loss: 0.459 -- Validation ACC: 0.833 -- Validation F1: 0.880
2024-07-22,14:25:39 [INFO] Epoch: 29/30 -- Train Loss: 0.700 -- Validation Loss: 0.459 -- Validation ACC: 0.833 -- Validation F1: 0.880
2024-07-22,14:25:39 [INFO] Run 2/5: Average Over Last 6 epochs -- Valid ACC: 0.8333333333333334 -- Valid F1-score: 0.8799999952316284
2024-07-22,14:25:39 [INFO] Test Results of Run 2/5: -- Test Loss: 0.615 -- Test ACC: 0.643 -- Test F1: 0.732
2024-07-22,14:25:40 [INFO] Epoch: 0/30 -- Train Loss: 0.668 -- Validation Loss: 0.480 -- Validation ACC: 0.722 -- Validation F1: 0.839
2024-07-22,14:25:48 [INFO] Epoch: 10/30 -- Train Loss: 0.624 -- Validation Loss: 0.458 -- Validation ACC: 0.778 -- Validation F1: 0.867
2024-07-22,14:25:55 [INFO] Epoch: 20/30 -- Train Loss: 0.626 -- Validation Loss: 0.469 -- Validation ACC: 0.778 -- Validation F1: 0.846
2024-07-22,14:25:58 [INFO] Epoch: 24/30 -- Train Loss: 0.638 -- Validation Loss: 0.470 -- Validation ACC: 0.833 -- Validation F1: 0.880
2024-07-22,14:25:59 [INFO] Epoch: 25/30 -- Train Loss: 0.608 -- Validation Loss: 0.470 -- Validation ACC: 0.833 -- Validation F1: 0.880
2024-07-22,14:26:00 [INFO] Epoch: 26/30 -- Train Loss: 0.628 -- Validation Loss: 0.470 -- Validation ACC: 0.833 -- Validation F1: 0.880
2024-07-22,14:26:01 [INFO] Epoch: 27/30 -- Train Loss: 0.647 -- Validation Loss: 0.470 -- Validation ACC: 0.833 -- Validation F1: 0.880
2024-07-22,14:26:02 [INFO] Epoch: 28/30 -- Train Loss: 0.622 -- Validation Loss: 0.470 -- Validation ACC: 0.833 -- Validation F1: 0.880
2024-07-22,14:26:03 [INFO] Epoch: 29/30 -- Train Loss: 0.575 -- Validation Loss: 0.470 -- Validation ACC: 0.833 -- Validation F1: 0.880
2024-07-22,14:26:03 [INFO] Run 3/5: Average Over Last 6 epochs -- Valid ACC: 0.8333333333333334 -- Valid F1-score: 0.8799999952316284
2024-07-22,14:26:04 [INFO] Test Results of Run 3/5: -- Test Loss: 0.615 -- Test ACC: 0.643 -- Test F1: 0.728
2024-07-22,14:26:05 [INFO] Epoch: 0/30 -- Train Loss: 0.775 -- Validation Loss: 0.486 -- Validation ACC: 0.722 -- Validation F1: 0.839
2024-07-22,14:26:11 [INFO] Epoch: 10/30 -- Train Loss: 0.546 -- Validation Loss: 0.453 -- Validation ACC: 0.833 -- Validation F1: 0.897
2024-07-22,14:26:18 [INFO] Epoch: 20/30 -- Train Loss: 0.557 -- Validation Loss: 0.458 -- Validation ACC: 0.889 -- Validation F1: 0.923
2024-07-22,14:26:21 [INFO] Epoch: 24/30 -- Train Loss: 0.609 -- Validation Loss: 0.457 -- Validation ACC: 0.889 -- Validation F1: 0.923
2024-07-22,14:26:23 [INFO] Epoch: 25/30 -- Train Loss: 0.625 -- Validation Loss: 0.457 -- Validation ACC: 0.889 -- Validation F1: 0.923
2024-07-22,14:26:24 [INFO] Epoch: 26/30 -- Train Loss: 0.691 -- Validation Loss: 0.457 -- Validation ACC: 0.889 -- Validation F1: 0.923
2024-07-22,14:26:25 [INFO] Epoch: 27/30 -- Train Loss: 0.592 -- Validation Loss: 0.457 -- Validation ACC: 0.889 -- Validation F1: 0.923
2024-07-22,14:26:26 [INFO] Epoch: 28/30 -- Train Loss: 0.631 -- Validation Loss: 0.457 -- Validation ACC: 0.889 -- Validation F1: 0.923
2024-07-22,14:26:27 [INFO] Epoch: 29/30 -- Train Loss: 0.564 -- Validation Loss: 0.457 -- Validation ACC: 0.889 -- Validation F1: 0.923
2024-07-22,14:26:27 [INFO] Run 4/5: Average Over Last 6 epochs -- Valid ACC: 0.888888888888889 -- Valid F1-score: 0.9230769276618958
2024-07-22,14:26:27 [INFO] Test Results of Run 4/5: -- Test Loss: 0.615 -- Test ACC: 0.635 -- Test F1: 0.720
2024-07-22,14:26:27 [INFO] Validation average after 5 runs -- ACC: 0.830 -- F1-score: 0.881
2024-07-22,14:26:27 [INFO] Test average after 5 runs -- ACC: 0.640 -- F1-score: 0.728
2024-07-22,14:26:27 [INFO] Finished round 7/10 of experiments!
2024-07-22,14:26:27 [INFO] Started round 8/10 of experiments!
2024-07-22,14:26:28 [INFO] Loading previous pretrained model at ./pretrained/GCN_Pretrained_2024-07-01-15-12-47.pth
2024-07-22,14:26:28 [INFO] Total number of tokens: 50
2024-07-22,14:26:28 [INFO] Pretrained GNN on Source Dataset -- Test Loss: 0.883 -- Test ACC: 0.696 -- Test F1-score: 0.733
2024-07-22,14:26:29 [INFO] Pretrained GNN on Target Dataset Without Prompting: -- Validation Loss: 0.933 -- Validation ACC: 0.833 -- Validation F1-score: 0.889 -- Test Loss: 1.174 -- Test ACC: 0.652 -- Test F1-score: 0.714
2024-07-22,14:26:30 [INFO] Epoch: 0/30 -- Train Loss: 0.576 -- Validation Loss: 0.629 -- Validation ACC: 0.667 -- Validation F1: 0.786
2024-07-22,14:26:37 [INFO] Epoch: 10/30 -- Train Loss: 0.537 -- Validation Loss: 0.635 -- Validation ACC: 0.667 -- Validation F1: 0.786
2024-07-22,14:26:43 [INFO] Epoch: 20/30 -- Train Loss: 0.783 -- Validation Loss: 0.641 -- Validation ACC: 0.667 -- Validation F1: 0.786
2024-07-22,14:26:46 [INFO] Epoch: 24/30 -- Train Loss: 0.548 -- Validation Loss: 0.676 -- Validation ACC: 0.667 -- Validation F1: 0.786
2024-07-22,14:26:47 [INFO] Epoch: 25/30 -- Train Loss: 0.493 -- Validation Loss: 0.676 -- Validation ACC: 0.667 -- Validation F1: 0.786
2024-07-22,14:26:48 [INFO] Epoch: 26/30 -- Train Loss: 0.702 -- Validation Loss: 0.676 -- Validation ACC: 0.667 -- Validation F1: 0.786
2024-07-22,14:26:49 [INFO] Epoch: 27/30 -- Train Loss: 0.700 -- Validation Loss: 0.681 -- Validation ACC: 0.667 -- Validation F1: 0.786
2024-07-22,14:26:50 [INFO] Epoch: 28/30 -- Train Loss: 0.645 -- Validation Loss: 0.681 -- Validation ACC: 0.667 -- Validation F1: 0.786
2024-07-22,14:26:51 [INFO] Epoch: 29/30 -- Train Loss: 0.579 -- Validation Loss: 0.680 -- Validation ACC: 0.667 -- Validation F1: 0.786
2024-07-22,14:26:51 [INFO] Run 0/5: Average Over Last 6 epochs -- Valid ACC: 0.6666666666666666 -- Valid F1-score: 0.7857142686843872
2024-07-22,14:26:52 [INFO] Test Results of Run 0/5: -- Test Loss: 0.805 -- Test ACC: 0.652 -- Test F1: 0.744
2024-07-22,14:26:53 [INFO] Epoch: 0/30 -- Train Loss: 0.621 -- Validation Loss: 0.697 -- Validation ACC: 0.611 -- Validation F1: 0.759
2024-07-22,14:27:00 [INFO] Epoch: 10/30 -- Train Loss: 0.457 -- Validation Loss: 0.691 -- Validation ACC: 0.778 -- Validation F1: 0.846
2024-07-22,14:27:07 [INFO] Epoch: 20/30 -- Train Loss: 0.610 -- Validation Loss: 0.693 -- Validation ACC: 0.778 -- Validation F1: 0.846
2024-07-22,14:27:10 [INFO] Epoch: 24/30 -- Train Loss: 0.582 -- Validation Loss: 0.693 -- Validation ACC: 0.778 -- Validation F1: 0.846
2024-07-22,14:27:11 [INFO] Epoch: 25/30 -- Train Loss: 0.540 -- Validation Loss: 0.702 -- Validation ACC: 0.778 -- Validation F1: 0.846
2024-07-22,14:27:12 [INFO] Epoch: 26/30 -- Train Loss: 0.625 -- Validation Loss: 0.702 -- Validation ACC: 0.778 -- Validation F1: 0.846
2024-07-22,14:27:13 [INFO] Epoch: 27/30 -- Train Loss: 0.574 -- Validation Loss: 0.702 -- Validation ACC: 0.778 -- Validation F1: 0.846
2024-07-22,14:27:14 [INFO] Epoch: 28/30 -- Train Loss: 0.667 -- Validation Loss: 0.702 -- Validation ACC: 0.778 -- Validation F1: 0.846
2024-07-22,14:27:15 [INFO] Epoch: 29/30 -- Train Loss: 0.736 -- Validation Loss: 0.702 -- Validation ACC: 0.778 -- Validation F1: 0.846
2024-07-22,14:27:15 [INFO] Run 1/5: Average Over Last 6 epochs -- Valid ACC: 0.7777777777777778 -- Valid F1-score: 0.8461538553237915
2024-07-22,14:27:16 [INFO] Test Results of Run 1/5: -- Test Loss: 0.771 -- Test ACC: 0.652 -- Test F1: 0.740
2024-07-22,14:27:17 [INFO] Epoch: 0/30 -- Train Loss: 0.660 -- Validation Loss: 0.719 -- Validation ACC: 0.611 -- Validation F1: 0.759
2024-07-22,14:27:24 [INFO] Epoch: 10/30 -- Train Loss: 0.599 -- Validation Loss: 0.743 -- Validation ACC: 0.667 -- Validation F1: 0.786
2024-07-22,14:27:30 [INFO] Epoch: 20/30 -- Train Loss: 0.663 -- Validation Loss: 0.748 -- Validation ACC: 0.667 -- Validation F1: 0.786
2024-07-22,14:27:34 [INFO] Epoch: 24/30 -- Train Loss: 0.567 -- Validation Loss: 0.741 -- Validation ACC: 0.667 -- Validation F1: 0.786
2024-07-22,14:27:35 [INFO] Epoch: 25/30 -- Train Loss: 0.799 -- Validation Loss: 0.741 -- Validation ACC: 0.667 -- Validation F1: 0.786
2024-07-22,14:27:36 [INFO] Epoch: 26/30 -- Train Loss: 0.601 -- Validation Loss: 0.742 -- Validation ACC: 0.667 -- Validation F1: 0.786
2024-07-22,14:27:37 [INFO] Epoch: 27/30 -- Train Loss: 0.581 -- Validation Loss: 0.742 -- Validation ACC: 0.667 -- Validation F1: 0.786
2024-07-22,14:27:38 [INFO] Epoch: 28/30 -- Train Loss: 0.710 -- Validation Loss: 0.742 -- Validation ACC: 0.667 -- Validation F1: 0.786
2024-07-22,14:27:39 [INFO] Epoch: 29/30 -- Train Loss: 0.641 -- Validation Loss: 0.742 -- Validation ACC: 0.667 -- Validation F1: 0.786
2024-07-22,14:27:39 [INFO] Run 2/5: Average Over Last 6 epochs -- Valid ACC: 0.6666666666666666 -- Valid F1-score: 0.7857142686843872
2024-07-22,14:27:39 [INFO] Test Results of Run 2/5: -- Test Loss: 0.780 -- Test ACC: 0.635 -- Test F1: 0.727
2024-07-22,14:27:41 [INFO] Epoch: 0/30 -- Train Loss: 0.675 -- Validation Loss: 0.702 -- Validation ACC: 0.611 -- Validation F1: 0.759
2024-07-22,14:27:47 [INFO] Epoch: 10/30 -- Train Loss: 0.639 -- Validation Loss: 0.711 -- Validation ACC: 0.778 -- Validation F1: 0.846
2024-07-22,14:27:53 [INFO] Epoch: 20/30 -- Train Loss: 0.585 -- Validation Loss: 0.711 -- Validation ACC: 0.778 -- Validation F1: 0.846
2024-07-22,14:27:57 [INFO] Epoch: 24/30 -- Train Loss: 0.805 -- Validation Loss: 0.714 -- Validation ACC: 0.778 -- Validation F1: 0.846
2024-07-22,14:27:58 [INFO] Epoch: 25/30 -- Train Loss: 0.630 -- Validation Loss: 0.720 -- Validation ACC: 0.778 -- Validation F1: 0.846
2024-07-22,14:27:59 [INFO] Epoch: 26/30 -- Train Loss: 0.571 -- Validation Loss: 0.720 -- Validation ACC: 0.778 -- Validation F1: 0.846
2024-07-22,14:28:00 [INFO] Epoch: 27/30 -- Train Loss: 0.660 -- Validation Loss: 0.720 -- Validation ACC: 0.778 -- Validation F1: 0.846
2024-07-22,14:28:01 [INFO] Epoch: 28/30 -- Train Loss: 0.437 -- Validation Loss: 0.720 -- Validation ACC: 0.778 -- Validation F1: 0.846
2024-07-22,14:28:01 [INFO] Epoch: 29/30 -- Train Loss: 0.728 -- Validation Loss: 0.720 -- Validation ACC: 0.778 -- Validation F1: 0.846
2024-07-22,14:28:01 [INFO] Run 3/5: Average Over Last 6 epochs -- Valid ACC: 0.7777777777777778 -- Valid F1-score: 0.8461538553237915
2024-07-22,14:28:02 [INFO] Test Results of Run 3/5: -- Test Loss: 0.810 -- Test ACC: 0.635 -- Test F1: 0.727
2024-07-22,14:28:03 [INFO] Epoch: 0/30 -- Train Loss: 0.833 -- Validation Loss: 0.720 -- Validation ACC: 0.611 -- Validation F1: 0.759
2024-07-22,14:28:10 [INFO] Epoch: 10/30 -- Train Loss: 0.560 -- Validation Loss: 0.727 -- Validation ACC: 0.778 -- Validation F1: 0.846
2024-07-22,14:28:18 [INFO] Epoch: 20/30 -- Train Loss: 0.610 -- Validation Loss: 0.725 -- Validation ACC: 0.778 -- Validation F1: 0.846
2024-07-22,14:28:20 [INFO] Epoch: 24/30 -- Train Loss: 0.538 -- Validation Loss: 0.724 -- Validation ACC: 0.778 -- Validation F1: 0.846
2024-07-22,14:28:21 [INFO] Epoch: 25/30 -- Train Loss: 0.749 -- Validation Loss: 0.724 -- Validation ACC: 0.778 -- Validation F1: 0.846
2024-07-22,14:28:22 [INFO] Epoch: 26/30 -- Train Loss: 0.559 -- Validation Loss: 0.724 -- Validation ACC: 0.778 -- Validation F1: 0.846
2024-07-22,14:28:23 [INFO] Epoch: 27/30 -- Train Loss: 0.717 -- Validation Loss: 0.724 -- Validation ACC: 0.778 -- Validation F1: 0.846
2024-07-22,14:28:24 [INFO] Epoch: 28/30 -- Train Loss: 0.582 -- Validation Loss: 0.724 -- Validation ACC: 0.778 -- Validation F1: 0.846
2024-07-22,14:28:25 [INFO] Epoch: 29/30 -- Train Loss: 0.670 -- Validation Loss: 0.725 -- Validation ACC: 0.778 -- Validation F1: 0.846
2024-07-22,14:28:25 [INFO] Run 4/5: Average Over Last 6 epochs -- Valid ACC: 0.7777777777777778 -- Valid F1-score: 0.8461538553237915
2024-07-22,14:28:25 [INFO] Test Results of Run 4/5: -- Test Loss: 0.777 -- Test ACC: 0.635 -- Test F1: 0.720
2024-07-22,14:28:25 [INFO] Validation average after 5 runs -- ACC: 0.733 -- F1-score: 0.822
2024-07-22,14:28:25 [INFO] Test average after 5 runs -- ACC: 0.642 -- F1-score: 0.732
2024-07-22,14:28:25 [INFO] Finished round 8/10 of experiments!
2024-07-22,14:28:25 [INFO] Started round 9/10 of experiments!
2024-07-22,14:28:25 [INFO] Loading previous pretrained model at ./pretrained/GCN_Pretrained_2024-07-01-15-15-13.pth
2024-07-22,14:28:25 [INFO] Total number of tokens: 50
2024-07-22,14:28:26 [INFO] Pretrained GNN on Source Dataset -- Test Loss: 0.947 -- Test ACC: 0.757 -- Test F1-score: 0.785
2024-07-22,14:28:27 [INFO] Pretrained GNN on Target Dataset Without Prompting: -- Validation Loss: 0.804 -- Validation ACC: 0.722 -- Validation F1-score: 0.762 -- Test Loss: 0.876 -- Test ACC: 0.739 -- Test F1-score: 0.789
2024-07-22,14:28:28 [INFO] Epoch: 0/30 -- Train Loss: 0.542 -- Validation Loss: 0.476 -- Validation ACC: 0.667 -- Validation F1: 0.769
2024-07-22,14:28:34 [INFO] Epoch: 10/30 -- Train Loss: 0.655 -- Validation Loss: 0.465 -- Validation ACC: 0.667 -- Validation F1: 0.769
2024-07-22,14:28:41 [INFO] Epoch: 20/30 -- Train Loss: 0.560 -- Validation Loss: 0.463 -- Validation ACC: 0.667 -- Validation F1: 0.769
2024-07-22,14:28:43 [INFO] Epoch: 24/30 -- Train Loss: 0.470 -- Validation Loss: 0.463 -- Validation ACC: 0.667 -- Validation F1: 0.769
2024-07-22,14:28:44 [INFO] Epoch: 25/30 -- Train Loss: 0.539 -- Validation Loss: 0.463 -- Validation ACC: 0.667 -- Validation F1: 0.769
2024-07-22,14:28:45 [INFO] Epoch: 26/30 -- Train Loss: 0.589 -- Validation Loss: 0.464 -- Validation ACC: 0.667 -- Validation F1: 0.769
2024-07-22,14:28:46 [INFO] Epoch: 27/30 -- Train Loss: 0.552 -- Validation Loss: 0.466 -- Validation ACC: 0.667 -- Validation F1: 0.769
2024-07-22,14:28:46 [INFO] Epoch: 28/30 -- Train Loss: 0.633 -- Validation Loss: 0.465 -- Validation ACC: 0.667 -- Validation F1: 0.769
2024-07-22,14:28:47 [INFO] Epoch: 29/30 -- Train Loss: 0.560 -- Validation Loss: 0.464 -- Validation ACC: 0.667 -- Validation F1: 0.769
2024-07-22,14:28:47 [INFO] Run 0/5: Average Over Last 6 epochs -- Valid ACC: 0.6666666666666666 -- Valid F1-score: 0.7692307829856873
2024-07-22,14:28:47 [INFO] Test Results of Run 0/5: -- Test Loss: 0.619 -- Test ACC: 0.791 -- Test F1: 0.846
2024-07-22,14:28:49 [INFO] Epoch: 0/30 -- Train Loss: 0.420 -- Validation Loss: 0.500 -- Validation ACC: 0.667 -- Validation F1: 0.769
2024-07-22,14:28:54 [INFO] Epoch: 10/30 -- Train Loss: 0.438 -- Validation Loss: 0.479 -- Validation ACC: 0.667 -- Validation F1: 0.750
2024-07-22,14:29:00 [INFO] Epoch: 20/30 -- Train Loss: 0.362 -- Validation Loss: 0.471 -- Validation ACC: 0.667 -- Validation F1: 0.750
2024-07-22,14:29:02 [INFO] Epoch: 24/30 -- Train Loss: 0.572 -- Validation Loss: 0.475 -- Validation ACC: 0.667 -- Validation F1: 0.750
2024-07-22,14:29:03 [INFO] Epoch: 25/30 -- Train Loss: 0.514 -- Validation Loss: 0.475 -- Validation ACC: 0.667 -- Validation F1: 0.750
2024-07-22,14:29:03 [INFO] Epoch: 26/30 -- Train Loss: 0.480 -- Validation Loss: 0.475 -- Validation ACC: 0.667 -- Validation F1: 0.750
2024-07-22,14:29:04 [INFO] Epoch: 27/30 -- Train Loss: 0.511 -- Validation Loss: 0.472 -- Validation ACC: 0.667 -- Validation F1: 0.750
2024-07-22,14:29:05 [INFO] Epoch: 28/30 -- Train Loss: 0.564 -- Validation Loss: 0.472 -- Validation ACC: 0.667 -- Validation F1: 0.750
2024-07-22,14:29:06 [INFO] Epoch: 29/30 -- Train Loss: 0.567 -- Validation Loss: 0.472 -- Validation ACC: 0.667 -- Validation F1: 0.750
2024-07-22,14:29:06 [INFO] Run 1/5: Average Over Last 6 epochs -- Valid ACC: 0.6666666666666666 -- Valid F1-score: 0.75
2024-07-22,14:29:06 [INFO] Test Results of Run 1/5: -- Test Loss: 0.611 -- Test ACC: 0.809 -- Test F1: 0.859
2024-07-22,14:29:07 [INFO] Epoch: 0/30 -- Train Loss: 0.654 -- Validation Loss: 0.516 -- Validation ACC: 0.667 -- Validation F1: 0.769
2024-07-22,14:29:13 [INFO] Epoch: 10/30 -- Train Loss: 0.702 -- Validation Loss: 0.504 -- Validation ACC: 0.611 -- Validation F1: 0.720
2024-07-22,14:29:19 [INFO] Epoch: 20/30 -- Train Loss: 0.486 -- Validation Loss: 0.520 -- Validation ACC: 0.611 -- Validation F1: 0.720
2024-07-22,14:29:21 [INFO] Epoch: 24/30 -- Train Loss: 0.645 -- Validation Loss: 0.520 -- Validation ACC: 0.611 -- Validation F1: 0.720
2024-07-22,14:29:21 [INFO] Epoch: 25/30 -- Train Loss: 0.497 -- Validation Loss: 0.519 -- Validation ACC: 0.611 -- Validation F1: 0.720
2024-07-22,14:29:22 [INFO] Epoch: 26/30 -- Train Loss: 0.618 -- Validation Loss: 0.519 -- Validation ACC: 0.611 -- Validation F1: 0.720
2024-07-22,14:29:23 [INFO] Epoch: 27/30 -- Train Loss: 0.625 -- Validation Loss: 0.519 -- Validation ACC: 0.611 -- Validation F1: 0.720
2024-07-22,14:29:24 [INFO] Epoch: 28/30 -- Train Loss: 0.471 -- Validation Loss: 0.517 -- Validation ACC: 0.611 -- Validation F1: 0.720
2024-07-22,14:29:25 [INFO] Epoch: 29/30 -- Train Loss: 0.458 -- Validation Loss: 0.517 -- Validation ACC: 0.611 -- Validation F1: 0.720
2024-07-22,14:29:25 [INFO] Run 2/5: Average Over Last 6 epochs -- Valid ACC: 0.6111111111111112 -- Valid F1-score: 0.7200000286102295
2024-07-22,14:29:25 [INFO] Test Results of Run 2/5: -- Test Loss: 0.604 -- Test ACC: 0.800 -- Test F1: 0.859
2024-07-22,14:29:26 [INFO] Epoch: 0/30 -- Train Loss: 0.558 -- Validation Loss: 0.519 -- Validation ACC: 0.667 -- Validation F1: 0.769
2024-07-22,14:29:32 [INFO] Epoch: 10/30 -- Train Loss: 0.615 -- Validation Loss: 0.499 -- Validation ACC: 0.611 -- Validation F1: 0.720
2024-07-22,14:29:38 [INFO] Epoch: 20/30 -- Train Loss: 0.573 -- Validation Loss: 0.496 -- Validation ACC: 0.722 -- Validation F1: 0.783
2024-07-22,14:29:40 [INFO] Epoch: 24/30 -- Train Loss: 0.524 -- Validation Loss: 0.500 -- Validation ACC: 0.722 -- Validation F1: 0.783
2024-07-22,14:29:41 [INFO] Epoch: 25/30 -- Train Loss: 0.713 -- Validation Loss: 0.500 -- Validation ACC: 0.722 -- Validation F1: 0.783
2024-07-22,14:29:42 [INFO] Epoch: 26/30 -- Train Loss: 0.473 -- Validation Loss: 0.499 -- Validation ACC: 0.722 -- Validation F1: 0.783
2024-07-22,14:29:43 [INFO] Epoch: 27/30 -- Train Loss: 0.585 -- Validation Loss: 0.500 -- Validation ACC: 0.722 -- Validation F1: 0.783
2024-07-22,14:29:44 [INFO] Epoch: 28/30 -- Train Loss: 0.646 -- Validation Loss: 0.500 -- Validation ACC: 0.722 -- Validation F1: 0.783
2024-07-22,14:29:45 [INFO] Epoch: 29/30 -- Train Loss: 0.521 -- Validation Loss: 0.504 -- Validation ACC: 0.722 -- Validation F1: 0.783
2024-07-22,14:29:45 [INFO] Run 3/5: Average Over Last 6 epochs -- Valid ACC: 0.7222222222222222 -- Valid F1-score: 0.782608687877655
2024-07-22,14:29:45 [INFO] Test Results of Run 3/5: -- Test Loss: 0.589 -- Test ACC: 0.783 -- Test F1: 0.841
2024-07-22,14:29:46 [INFO] Epoch: 0/30 -- Train Loss: 0.464 -- Validation Loss: 0.471 -- Validation ACC: 0.611 -- Validation F1: 0.720
2024-07-22,14:29:51 [INFO] Epoch: 10/30 -- Train Loss: 0.674 -- Validation Loss: 0.465 -- Validation ACC: 0.611 -- Validation F1: 0.720
2024-07-22,14:29:56 [INFO] Epoch: 20/30 -- Train Loss: 0.559 -- Validation Loss: 0.459 -- Validation ACC: 0.667 -- Validation F1: 0.750
2024-07-22,14:29:58 [INFO] Epoch: 24/30 -- Train Loss: 0.605 -- Validation Loss: 0.463 -- Validation ACC: 0.667 -- Validation F1: 0.750
2024-07-22,14:29:59 [INFO] Epoch: 25/30 -- Train Loss: 0.521 -- Validation Loss: 0.461 -- Validation ACC: 0.667 -- Validation F1: 0.750
2024-07-22,14:30:00 [INFO] Epoch: 26/30 -- Train Loss: 0.788 -- Validation Loss: 0.461 -- Validation ACC: 0.667 -- Validation F1: 0.750
2024-07-22,14:30:00 [INFO] Epoch: 27/30 -- Train Loss: 0.481 -- Validation Loss: 0.459 -- Validation ACC: 0.667 -- Validation F1: 0.750
2024-07-22,14:30:01 [INFO] Epoch: 28/30 -- Train Loss: 0.515 -- Validation Loss: 0.459 -- Validation ACC: 0.667 -- Validation F1: 0.750
2024-07-22,14:30:02 [INFO] Epoch: 29/30 -- Train Loss: 0.434 -- Validation Loss: 0.458 -- Validation ACC: 0.667 -- Validation F1: 0.750
2024-07-22,14:30:02 [INFO] Run 4/5: Average Over Last 6 epochs -- Valid ACC: 0.6666666666666666 -- Valid F1-score: 0.75
2024-07-22,14:30:02 [INFO] Test Results of Run 4/5: -- Test Loss: 0.627 -- Test ACC: 0.809 -- Test F1: 0.859
2024-07-22,14:30:02 [INFO] Validation average after 5 runs -- ACC: 0.667 -- F1-score: 0.754
2024-07-22,14:30:02 [INFO] Test average after 5 runs -- ACC: 0.798 -- F1-score: 0.853
2024-07-22,14:30:02 [INFO] Finished round 9/10 of experiments!
2024-07-22,14:30:02 [INFO] Final results: -- Source Test Acc: 0.703 -- Source Test F1: 0.750 -- Target Valid Acc: 0.711 -- Target Valid F1: 0.770 -- Target Test Acc: 0.686 -- Target Test F1: 0.747 -- Prompt Test Acc: 0.683 -- Prompt Valid Acc: 0.683 -- Prompt Test F1: 0.765 -- Prompt Valid F1: 0.770
2024-07-22,14:30:02 [INFO] List of important configs: 
2024-07-22,14:30:02 [INFO] shift_type: structural
2024-07-22,14:30:02 [INFO] attn_with_param: False
2024-07-22,14:30:02 [INFO] w_entropy_loss: 0.0
2024-07-22,14:30:02 [INFO] w_softmax_loss: 0.0
2024-07-22,14:30:02 [INFO] w_domain_loss: 0.0
2024-07-22,14:30:02 [INFO] weight_decay: 0.0
2024-07-22,14:30:02 [INFO] n_epochs: 30
2024-07-22,14:30:02 [INFO] lr: 0.001
2024-07-22,14:30:02 [INFO] batch_size: 64
2024-07-22,14:30:02 [INFO] dropout: 0.3
2024-07-22,14:30:02 [INFO] cut_off: 0.5
2024-07-22,14:30:02 [INFO] light_aug_prob: 0.1
2024-07-22,14:30:02 [INFO] light_aug_mode: mask
2024-07-22,14:30:02 [INFO] pos_aug_mode: mask
2024-07-22,14:30:02 [INFO] noise_shift_mode: homophily
2024-07-22,14:30:02 [INFO] p_raug: 0.15
2024-07-22,14:30:02 [INFO] label_reduction: 0.0
2024-07-22,14:30:02 [INFO] Pretrained modela are saved to: ./pretrained/GCN_Pretrained_2024-07-01-14-54-05.pth ./pretrained/GCN_Pretrained_2024-07-01-14-56-23.pth ./pretrained/GCN_Pretrained_2024-07-01-14-58-41.pth ./pretrained/GCN_Pretrained_2024-07-01-15-00-59.pth ./pretrained/GCN_Pretrained_2024-07-01-15-03-17.pth ./pretrained/GCN_Pretrained_2024-07-01-15-05-37.pth ./pretrained/GCN_Pretrained_2024-07-01-15-07-56.pth ./pretrained/GCN_Pretrained_2024-07-01-15-10-20.pth ./pretrained/GCN_Pretrained_2024-07-01-15-12-47.pth ./pretrained/GCN_Pretrained_2024-07-01-15-15-13.pth
