2024-07-17,12:44:04 [INFO] Logging to: ./log/2024-07-17-12-44-04.log
2024-07-17,12:44:04 [INFO] Reading config from: ./config/dhfr.yaml
2024-07-17,12:44:04 [INFO] Namespace(total_iters=10, prompt_method='flex_match', s_dataset='DHFR', t_dataset='DHFR', prompt_fn='gpf_plus', shift_type='structural', p_shift_intra=0.0, p_shift_inter=0.0, pretrain=True, save_pretrained=False, soft_label=False, add_link_loss=False, attn_with_param=False, empty_pretrained_dir=False, iterative_clustering=False, clutering_iters=3, entropy_div_ratio=3, w_entropy_loss=0.0, w_softmax_loss=0.0, w_domain_loss=0.5, r_reg=0.0, gnn_weight_decay=0.0, weight_decay=0.2, gnn_type='gcn', gnn_num_layers=3, pretrained_path=['./pretrained/GCN_Pretrained_2024-07-01-14-54-05.pth', './pretrained/GCN_Pretrained_2024-07-01-14-56-23.pth', './pretrained/GCN_Pretrained_2024-07-01-14-58-41.pth', './pretrained/GCN_Pretrained_2024-07-01-15-00-59.pth', './pretrained/GCN_Pretrained_2024-07-01-15-03-17.pth', './pretrained/GCN_Pretrained_2024-07-01-15-05-37.pth', './pretrained/GCN_Pretrained_2024-07-01-15-07-56.pth', './pretrained/GCN_Pretrained_2024-07-01-15-10-20.pth', './pretrained/GCN_Pretrained_2024-07-01-15-12-47.pth', './pretrained/GCN_Pretrained_2024-07-01-15-15-13.pth'], gnn_n_epochs=100, gnn_eval_step=10, gnn_h_dim=512, gnn_lr=0.01, gnn_step_size=50, gnn_gamma=0.5, gnn_batch_size=64, gnn_dropout=0.4, n_epochs=30, eval_step=10, h_dim=512, lr=0.01, step_size=50, gamma=0.5, batch_size=64, num_tokens=50, src_ratio=0.5, dropout=0.3, cut_off=0.5, aug_type='feature', light_aug_prob=0.1, light_aug_mode='mask', pos_aug_mode='mask', neg_aug_mode='arbitrary', noise_cov_scale=1.0, noise_mean_shift=1.0, noise_shift_mode='homophily', noise_select_mode='soft', cross_prune=0.8, inner_prune=0.3, num_runs=5, p_raug=0.15, n_raug=0.15, s_split=[0.65, 0.3], t_split=[0.65, 0.3], seed=[1676, 3733, 3589, 4867, 2980, 1142, 3035, 4432, 4672, 4010], config_from_file='./config/dhfr.yaml', config_to_file='', label_reduction=0.0)
2024-07-17,12:44:04 [INFO] ####################################################################################################
2024-07-17,12:44:04 [INFO] Args seeds: [1676, 3733, 3589, 4867, 2980, 1142, 3035, 4432, 4672, 4010]
2024-07-17,12:44:04 [INFO] Source Dataset: DHFR, Target Dataset: DHFR. Training, Test: Source: [0.65, 0.3], Target: [0.65, 0.3] -- Batch size: 64
2024-07-17,12:44:04 [INFO] All input pretrained paths: ['./pretrained/GCN_Pretrained_2024-07-01-14-54-05.pth', './pretrained/GCN_Pretrained_2024-07-01-14-56-23.pth', './pretrained/GCN_Pretrained_2024-07-01-14-58-41.pth', './pretrained/GCN_Pretrained_2024-07-01-15-00-59.pth', './pretrained/GCN_Pretrained_2024-07-01-15-03-17.pth', './pretrained/GCN_Pretrained_2024-07-01-15-05-37.pth', './pretrained/GCN_Pretrained_2024-07-01-15-07-56.pth', './pretrained/GCN_Pretrained_2024-07-01-15-10-20.pth', './pretrained/GCN_Pretrained_2024-07-01-15-12-47.pth', './pretrained/GCN_Pretrained_2024-07-01-15-15-13.pth']
2024-07-17,12:44:04 [INFO] Started round 0/10 of experiments!
2024-07-17,12:44:04 [INFO] Setting for pretraining: Model: {'gnn_type': 'gcn', 'in_channels': 56, 'hidden_channels': 512, 'out_channels': 2, 'num_layers': 3, 'dropout': 0.4, 'with_bn': False, 'with_head': True} -- Optimizer: {'lr': 0.01, 'scheduler_step_size': 50, 'scheduler_gamma': 0.5, 'weight_decay': 0.0} -- Training: {'n_epochs': 100}
2024-07-17,12:44:04 [INFO] Loading previous pretrained model at ./pretrained/GCN_Pretrained_2024-07-01-14-54-05.pth
2024-07-17,12:44:04 [INFO] Prompting method: flex_match -- Setting: Prompting function: gpf_plus -- Target Dataset: DHFR
2024-07-17,12:44:04 [INFO] Setting for prompt tuning: Prompt: {'emb_dim': 56, 'h_dim': 512, 'output_dim': 56, 'prompt_fn': 'gpf_plus', 'token_num': 50, 'cross_prune': 0.8, 'inner_prune': 0.3, 'attn_with_param': False} -- Pretrained Model: {'gnn_type': 'gcn', 'in_channels': 56, 'hidden_channels': 512, 'out_channels': 2, 'num_layers': 3, 'dropout': 0.4, 'with_bn': False, 'with_head': True} -- Optimizer: {'lr': 0.01, 'scheduler_step_size': 50, 'scheduler_gamma': 0.5, 'weight_decay': 0.2} -- Training: {'aug_type': 'feature', 'pos_aug_mode': 'mask', 'p_raug': 0.15, 'n_epochs': 30, 'r_reg': 0.0, 'soft_label': False, 'clutering_iters': 3, 'iterative_clustering': False, 'entropy_div_ratio': 3, 'w_entropy_loss': 0.0, 'w_softmax_loss': 0.0, 'w_domain_loss': 0.5, 'light_aug_prob': 0.1, 'light_aug_mode': 'mask', 'num_classes': 2, 'cut_off': 0.5}
2024-07-17,12:44:04 [INFO] Prompt tuning started: Num runs: 5 -- Eval step: 10
2024-07-17,12:44:05 [INFO] Pretrained GNN on Source Dataset -- Test Loss: 0.863 -- Test ACC: 0.661 -- Test F1-score: 0.702
2024-07-17,12:44:05 [INFO] Pretrained GNN on Target Dataset Without Prompting: -- Validation Loss: 0.762 -- Validation ACC: 0.611 -- Validation F1-score: 0.667 -- Test Loss: 0.711 -- Test ACC: 0.774 -- Test F1-score: 0.803
2024-07-17,12:44:06 [INFO] Epoch: 0/30 -- Train Loss: 1.251 -- Validation Loss: 0.739 -- Validation ACC: 0.611 -- Validation F1: 0.667
2024-07-17,12:44:10 [INFO] Epoch: 10/30 -- Train Loss: 0.765 -- Validation Loss: 0.786 -- Validation ACC: 0.556 -- Validation F1: 0.600
2024-07-17,12:44:15 [INFO] Epoch: 20/30 -- Train Loss: 0.463 -- Validation Loss: 0.659 -- Validation ACC: 0.722 -- Validation F1: 0.783
2024-07-17,12:44:17 [INFO] Epoch: 24/30 -- Train Loss: 0.726 -- Validation Loss: 0.659 -- Validation ACC: 0.667 -- Validation F1: 0.727
2024-07-17,12:44:18 [INFO] Epoch: 25/30 -- Train Loss: 0.465 -- Validation Loss: 0.789 -- Validation ACC: 0.611 -- Validation F1: 0.667
2024-07-17,12:44:18 [INFO] Epoch: 26/30 -- Train Loss: 0.424 -- Validation Loss: 0.953 -- Validation ACC: 0.444 -- Validation F1: 0.444
2024-07-17,12:44:19 [INFO] Epoch: 27/30 -- Train Loss: 1.310 -- Validation Loss: 0.966 -- Validation ACC: 0.444 -- Validation F1: 0.444
2024-07-17,12:44:20 [INFO] Epoch: 28/30 -- Train Loss: 0.369 -- Validation Loss: 0.876 -- Validation ACC: 0.500 -- Validation F1: 0.526
2024-07-17,12:44:21 [INFO] Epoch: 29/30 -- Train Loss: 0.878 -- Validation Loss: 0.798 -- Validation ACC: 0.611 -- Validation F1: 0.667
2024-07-17,12:44:21 [INFO] Run 0/5: Average Over Last 6 epochs -- Valid ACC: 0.5462962962962963 -- Valid F1-score: 0.5793018043041229
2024-07-17,12:44:22 [INFO] Test Results of Run 0/5: -- Test Loss: 0.730 -- Test ACC: 0.774 -- Test F1: 0.803
2024-07-17,12:44:23 [INFO] Epoch: 0/30 -- Train Loss: 0.543 -- Validation Loss: 0.819 -- Validation ACC: 0.500 -- Validation F1: 0.526
2024-07-17,12:44:30 [INFO] Epoch: 10/30 -- Train Loss: 0.357 -- Validation Loss: 0.651 -- Validation ACC: 0.556 -- Validation F1: 0.636
2024-07-17,12:44:37 [INFO] Epoch: 20/30 -- Train Loss: 0.454 -- Validation Loss: 0.754 -- Validation ACC: 0.611 -- Validation F1: 0.667
2024-07-17,12:44:40 [INFO] Epoch: 24/30 -- Train Loss: 1.042 -- Validation Loss: 0.593 -- Validation ACC: 0.611 -- Validation F1: 0.696
2024-07-17,12:44:41 [INFO] Epoch: 25/30 -- Train Loss: 0.686 -- Validation Loss: 0.651 -- Validation ACC: 0.611 -- Validation F1: 0.667
2024-07-17,12:44:43 [INFO] Epoch: 26/30 -- Train Loss: 0.725 -- Validation Loss: 0.743 -- Validation ACC: 0.611 -- Validation F1: 0.667
2024-07-17,12:44:44 [INFO] Epoch: 27/30 -- Train Loss: 0.595 -- Validation Loss: 0.827 -- Validation ACC: 0.500 -- Validation F1: 0.526
2024-07-17,12:44:45 [INFO] Epoch: 28/30 -- Train Loss: 0.854 -- Validation Loss: 0.920 -- Validation ACC: 0.500 -- Validation F1: 0.526
2024-07-17,12:44:46 [INFO] Epoch: 29/30 -- Train Loss: 0.426 -- Validation Loss: 0.959 -- Validation ACC: 0.444 -- Validation F1: 0.444
2024-07-17,12:44:46 [INFO] Run 1/5: Average Over Last 6 epochs -- Valid ACC: 0.5462962962962963 -- Valid F1-score: 0.5876769373814265
2024-07-17,12:44:47 [INFO] Test Results of Run 1/5: -- Test Loss: 0.807 -- Test ACC: 0.748 -- Test F1: 0.775
2024-07-17,12:44:48 [INFO] Epoch: 0/30 -- Train Loss: 0.369 -- Validation Loss: 0.591 -- Validation ACC: 0.611 -- Validation F1: 0.696
2024-07-17,12:44:57 [INFO] Epoch: 10/30 -- Train Loss: 0.549 -- Validation Loss: 0.686 -- Validation ACC: 0.667 -- Validation F1: 0.727
2024-07-17,12:45:07 [INFO] Epoch: 20/30 -- Train Loss: 0.394 -- Validation Loss: 0.951 -- Validation ACC: 0.444 -- Validation F1: 0.444
2024-07-17,12:45:11 [INFO] Epoch: 24/30 -- Train Loss: 0.386 -- Validation Loss: 0.980 -- Validation ACC: 0.444 -- Validation F1: 0.444
2024-07-17,12:45:12 [INFO] Epoch: 25/30 -- Train Loss: 0.495 -- Validation Loss: 0.857 -- Validation ACC: 0.500 -- Validation F1: 0.526
2024-07-17,12:45:14 [INFO] Epoch: 26/30 -- Train Loss: 0.609 -- Validation Loss: 0.718 -- Validation ACC: 0.611 -- Validation F1: 0.667
2024-07-17,12:45:15 [INFO] Epoch: 27/30 -- Train Loss: 0.764 -- Validation Loss: 0.748 -- Validation ACC: 0.556 -- Validation F1: 0.600
2024-07-17,12:45:17 [INFO] Epoch: 28/30 -- Train Loss: 0.455 -- Validation Loss: 0.857 -- Validation ACC: 0.500 -- Validation F1: 0.526
2024-07-17,12:45:18 [INFO] Epoch: 29/30 -- Train Loss: 0.348 -- Validation Loss: 0.995 -- Validation ACC: 0.444 -- Validation F1: 0.444
2024-07-17,12:45:18 [INFO] Run 2/5: Average Over Last 6 epochs -- Valid ACC: 0.5092592592592592 -- Valid F1-score: 0.5346978704134623
2024-07-17,12:45:18 [INFO] Test Results of Run 2/5: -- Test Loss: 0.826 -- Test ACC: 0.748 -- Test F1: 0.775
2024-07-17,12:45:20 [INFO] Epoch: 0/30 -- Train Loss: 1.065 -- Validation Loss: 0.828 -- Validation ACC: 0.667 -- Validation F1: 0.727
2024-07-17,12:45:30 [INFO] Epoch: 10/30 -- Train Loss: 0.441 -- Validation Loss: 0.566 -- Validation ACC: 0.722 -- Validation F1: 0.783
2024-07-17,12:45:40 [INFO] Epoch: 20/30 -- Train Loss: 0.513 -- Validation Loss: 0.724 -- Validation ACC: 0.556 -- Validation F1: 0.600
2024-07-17,12:45:44 [INFO] Epoch: 24/30 -- Train Loss: 0.437 -- Validation Loss: 0.718 -- Validation ACC: 0.556 -- Validation F1: 0.600
2024-07-17,12:45:46 [INFO] Epoch: 25/30 -- Train Loss: 0.867 -- Validation Loss: 0.662 -- Validation ACC: 0.611 -- Validation F1: 0.667
2024-07-17,12:45:48 [INFO] Epoch: 26/30 -- Train Loss: 0.639 -- Validation Loss: 0.632 -- Validation ACC: 0.667 -- Validation F1: 0.727
2024-07-17,12:45:50 [INFO] Epoch: 27/30 -- Train Loss: 0.386 -- Validation Loss: 0.558 -- Validation ACC: 0.722 -- Validation F1: 0.783
2024-07-17,12:45:51 [INFO] Epoch: 28/30 -- Train Loss: 0.430 -- Validation Loss: 0.546 -- Validation ACC: 0.722 -- Validation F1: 0.783
2024-07-17,12:45:53 [INFO] Epoch: 29/30 -- Train Loss: 0.398 -- Validation Loss: 0.565 -- Validation ACC: 0.722 -- Validation F1: 0.783
2024-07-17,12:45:53 [INFO] Run 3/5: Average Over Last 6 epochs -- Valid ACC: 0.6666666666666666 -- Valid F1-score: 0.7236275871594747
2024-07-17,12:45:54 [INFO] Test Results of Run 3/5: -- Test Loss: 0.661 -- Test ACC: 0.748 -- Test F1: 0.791
2024-07-17,12:45:55 [INFO] Epoch: 0/30 -- Train Loss: 0.691 -- Validation Loss: 0.659 -- Validation ACC: 0.556 -- Validation F1: 0.636
2024-07-17,12:46:09 [INFO] Epoch: 10/30 -- Train Loss: 1.003 -- Validation Loss: 1.026 -- Validation ACC: 0.444 -- Validation F1: 0.444
2024-07-17,12:46:22 [INFO] Epoch: 20/30 -- Train Loss: 0.703 -- Validation Loss: 0.651 -- Validation ACC: 0.667 -- Validation F1: 0.727
2024-07-17,12:46:29 [INFO] Epoch: 24/30 -- Train Loss: 1.133 -- Validation Loss: 0.991 -- Validation ACC: 0.444 -- Validation F1: 0.444
2024-07-17,12:46:31 [INFO] Epoch: 25/30 -- Train Loss: 0.703 -- Validation Loss: 1.057 -- Validation ACC: 0.444 -- Validation F1: 0.444
2024-07-17,12:46:33 [INFO] Epoch: 26/30 -- Train Loss: 1.511 -- Validation Loss: 0.987 -- Validation ACC: 0.444 -- Validation F1: 0.444
2024-07-17,12:46:35 [INFO] Epoch: 27/30 -- Train Loss: 0.826 -- Validation Loss: 0.824 -- Validation ACC: 0.500 -- Validation F1: 0.526
2024-07-17,12:46:36 [INFO] Epoch: 28/30 -- Train Loss: 0.712 -- Validation Loss: 0.778 -- Validation ACC: 0.611 -- Validation F1: 0.667
2024-07-17,12:46:38 [INFO] Epoch: 29/30 -- Train Loss: 1.008 -- Validation Loss: 0.768 -- Validation ACC: 0.611 -- Validation F1: 0.667
2024-07-17,12:46:38 [INFO] Run 4/5: Average Over Last 6 epochs -- Valid ACC: 0.5092592592592593 -- Valid F1-score: 0.5321637541055679
2024-07-17,12:46:39 [INFO] Test Results of Run 4/5: -- Test Loss: 0.722 -- Test ACC: 0.774 -- Test F1: 0.803
2024-07-17,12:46:39 [INFO] Validation average after 5 runs -- ACC: 0.556 -- F1-score: 0.591
2024-07-17,12:46:39 [INFO] Test average after 5 runs -- ACC: 0.758 -- F1-score: 0.790
2024-07-17,12:46:39 [INFO] Finished round 0/10 of experiments!
2024-07-17,12:46:39 [INFO] Started round 1/10 of experiments!
2024-07-17,12:46:40 [INFO] Loading previous pretrained model at ./pretrained/GCN_Pretrained_2024-07-01-14-56-23.pth
2024-07-17,12:46:40 [INFO] Pretrained GNN on Source Dataset -- Test Loss: 0.964 -- Test ACC: 0.739 -- Test F1-score: 0.758
2024-07-17,12:46:41 [INFO] Pretrained GNN on Target Dataset Without Prompting: -- Validation Loss: 1.277 -- Validation ACC: 0.667 -- Validation F1-score: 0.769 -- Test Loss: 1.529 -- Test ACC: 0.643 -- Test F1-score: 0.713
2024-07-17,12:46:43 [INFO] Epoch: 0/30 -- Train Loss: 0.441 -- Validation Loss: 1.603 -- Validation ACC: 0.667 -- Validation F1: 0.800
2024-07-17,12:46:57 [INFO] Epoch: 10/30 -- Train Loss: 1.904 -- Validation Loss: 1.279 -- Validation ACC: 0.667 -- Validation F1: 0.769
2024-07-17,12:47:11 [INFO] Epoch: 20/30 -- Train Loss: 0.709 -- Validation Loss: 1.231 -- Validation ACC: 0.667 -- Validation F1: 0.769
2024-07-17,12:47:17 [INFO] Epoch: 24/30 -- Train Loss: 0.356 -- Validation Loss: 1.303 -- Validation ACC: 0.667 -- Validation F1: 0.769
2024-07-17,12:47:19 [INFO] Epoch: 25/30 -- Train Loss: 1.126 -- Validation Loss: 1.315 -- Validation ACC: 0.667 -- Validation F1: 0.769
2024-07-17,12:47:21 [INFO] Epoch: 26/30 -- Train Loss: 0.593 -- Validation Loss: 1.330 -- Validation ACC: 0.667 -- Validation F1: 0.786
2024-07-17,12:47:23 [INFO] Epoch: 27/30 -- Train Loss: 0.386 -- Validation Loss: 1.336 -- Validation ACC: 0.667 -- Validation F1: 0.786
2024-07-17,12:47:25 [INFO] Epoch: 28/30 -- Train Loss: 0.717 -- Validation Loss: 1.329 -- Validation ACC: 0.667 -- Validation F1: 0.786
2024-07-17,12:47:26 [INFO] Epoch: 29/30 -- Train Loss: 0.382 -- Validation Loss: 1.317 -- Validation ACC: 0.667 -- Validation F1: 0.786
2024-07-17,12:47:26 [INFO] Run 0/5: Average Over Last 6 epochs -- Valid ACC: 0.6666666666666666 -- Valid F1-score: 0.7802197734514872
2024-07-17,12:47:27 [INFO] Test Results of Run 0/5: -- Test Loss: 1.536 -- Test ACC: 0.661 -- Test F1: 0.738
2024-07-17,12:47:29 [INFO] Epoch: 0/30 -- Train Loss: 0.742 -- Validation Loss: 1.336 -- Validation ACC: 0.667 -- Validation F1: 0.769
2024-07-17,12:47:42 [INFO] Epoch: 10/30 -- Train Loss: 0.379 -- Validation Loss: 1.352 -- Validation ACC: 0.667 -- Validation F1: 0.800
2024-07-17,12:47:56 [INFO] Epoch: 20/30 -- Train Loss: 0.373 -- Validation Loss: 1.206 -- Validation ACC: 0.667 -- Validation F1: 0.786
2024-07-17,12:48:02 [INFO] Epoch: 24/30 -- Train Loss: 0.635 -- Validation Loss: 1.184 -- Validation ACC: 0.667 -- Validation F1: 0.769
2024-07-17,12:48:04 [INFO] Epoch: 25/30 -- Train Loss: 0.432 -- Validation Loss: 1.185 -- Validation ACC: 0.667 -- Validation F1: 0.769
2024-07-17,12:48:05 [INFO] Epoch: 26/30 -- Train Loss: 0.594 -- Validation Loss: 1.199 -- Validation ACC: 0.667 -- Validation F1: 0.769
2024-07-17,12:48:07 [INFO] Epoch: 27/30 -- Train Loss: 0.512 -- Validation Loss: 1.226 -- Validation ACC: 0.722 -- Validation F1: 0.815
2024-07-17,12:48:09 [INFO] Epoch: 28/30 -- Train Loss: 0.406 -- Validation Loss: 1.258 -- Validation ACC: 0.722 -- Validation F1: 0.828
2024-07-17,12:48:11 [INFO] Epoch: 29/30 -- Train Loss: 0.537 -- Validation Loss: 1.305 -- Validation ACC: 0.667 -- Validation F1: 0.800
2024-07-17,12:48:11 [INFO] Run 1/5: Average Over Last 6 epochs -- Valid ACC: 0.6851851851851852 -- Valid F1-score: 0.7916822334130605
2024-07-17,12:48:11 [INFO] Test Results of Run 1/5: -- Test Loss: 1.630 -- Test ACC: 0.670 -- Test F1: 0.759
2024-07-17,12:48:13 [INFO] Epoch: 0/30 -- Train Loss: 0.368 -- Validation Loss: 1.344 -- Validation ACC: 0.667 -- Validation F1: 0.786
2024-07-17,12:48:27 [INFO] Epoch: 10/30 -- Train Loss: 0.370 -- Validation Loss: 1.289 -- Validation ACC: 0.722 -- Validation F1: 0.828
2024-07-17,12:48:41 [INFO] Epoch: 20/30 -- Train Loss: 0.420 -- Validation Loss: 1.304 -- Validation ACC: 0.667 -- Validation F1: 0.769
2024-07-17,12:48:47 [INFO] Epoch: 24/30 -- Train Loss: 0.626 -- Validation Loss: 1.290 -- Validation ACC: 0.667 -- Validation F1: 0.800
2024-07-17,12:48:49 [INFO] Epoch: 25/30 -- Train Loss: 0.525 -- Validation Loss: 1.316 -- Validation ACC: 0.667 -- Validation F1: 0.800
2024-07-17,12:48:51 [INFO] Epoch: 26/30 -- Train Loss: 1.242 -- Validation Loss: 1.328 -- Validation ACC: 0.667 -- Validation F1: 0.800
2024-07-17,12:48:53 [INFO] Epoch: 27/30 -- Train Loss: 0.886 -- Validation Loss: 1.282 -- Validation ACC: 0.667 -- Validation F1: 0.800
2024-07-17,12:48:55 [INFO] Epoch: 28/30 -- Train Loss: 0.874 -- Validation Loss: 1.237 -- Validation ACC: 0.722 -- Validation F1: 0.815
2024-07-17,12:48:57 [INFO] Epoch: 29/30 -- Train Loss: 0.483 -- Validation Loss: 1.248 -- Validation ACC: 0.667 -- Validation F1: 0.786
2024-07-17,12:48:57 [INFO] Run 2/5: Average Over Last 6 epochs -- Valid ACC: 0.6759259259259259 -- Valid F1-score: 0.8000881870587667
2024-07-17,12:48:57 [INFO] Test Results of Run 2/5: -- Test Loss: 1.568 -- Test ACC: 0.670 -- Test F1: 0.747
2024-07-17,12:48:59 [INFO] Epoch: 0/30 -- Train Loss: 0.343 -- Validation Loss: 1.398 -- Validation ACC: 0.722 -- Validation F1: 0.828
2024-07-17,12:49:12 [INFO] Epoch: 10/30 -- Train Loss: 0.406 -- Validation Loss: 1.255 -- Validation ACC: 0.667 -- Validation F1: 0.769
2024-07-17,12:49:26 [INFO] Epoch: 20/30 -- Train Loss: 1.043 -- Validation Loss: 1.295 -- Validation ACC: 0.667 -- Validation F1: 0.769
2024-07-17,12:49:32 [INFO] Epoch: 24/30 -- Train Loss: 1.818 -- Validation Loss: 1.267 -- Validation ACC: 0.611 -- Validation F1: 0.741
2024-07-17,12:49:34 [INFO] Epoch: 25/30 -- Train Loss: 1.061 -- Validation Loss: 1.272 -- Validation ACC: 0.667 -- Validation F1: 0.786
2024-07-17,12:49:35 [INFO] Epoch: 26/30 -- Train Loss: 0.389 -- Validation Loss: 1.268 -- Validation ACC: 0.667 -- Validation F1: 0.786
2024-07-17,12:49:37 [INFO] Epoch: 27/30 -- Train Loss: 1.145 -- Validation Loss: 1.250 -- Validation ACC: 0.722 -- Validation F1: 0.815
2024-07-17,12:49:39 [INFO] Epoch: 28/30 -- Train Loss: 0.546 -- Validation Loss: 1.288 -- Validation ACC: 0.667 -- Validation F1: 0.800
2024-07-17,12:49:41 [INFO] Epoch: 29/30 -- Train Loss: 0.453 -- Validation Loss: 1.346 -- Validation ACC: 0.667 -- Validation F1: 0.800
2024-07-17,12:49:41 [INFO] Run 3/5: Average Over Last 6 epochs -- Valid ACC: 0.6666666666666666 -- Valid F1-score: 0.7878306806087494
2024-07-17,12:49:41 [INFO] Test Results of Run 3/5: -- Test Loss: 1.646 -- Test ACC: 0.696 -- Test F1: 0.780
2024-07-17,12:49:43 [INFO] Epoch: 0/30 -- Train Loss: 0.734 -- Validation Loss: 1.368 -- Validation ACC: 0.667 -- Validation F1: 0.769
2024-07-17,12:49:56 [INFO] Epoch: 10/30 -- Train Loss: 1.832 -- Validation Loss: 1.290 -- Validation ACC: 0.667 -- Validation F1: 0.769
2024-07-17,12:50:10 [INFO] Epoch: 20/30 -- Train Loss: 0.442 -- Validation Loss: 1.235 -- Validation ACC: 0.722 -- Validation F1: 0.815
2024-07-17,12:50:16 [INFO] Epoch: 24/30 -- Train Loss: 0.380 -- Validation Loss: 1.399 -- Validation ACC: 0.667 -- Validation F1: 0.800
2024-07-17,12:50:18 [INFO] Epoch: 25/30 -- Train Loss: 0.396 -- Validation Loss: 1.339 -- Validation ACC: 0.667 -- Validation F1: 0.800
2024-07-17,12:50:20 [INFO] Epoch: 26/30 -- Train Loss: 0.368 -- Validation Loss: 1.257 -- Validation ACC: 0.722 -- Validation F1: 0.828
2024-07-17,12:50:21 [INFO] Epoch: 27/30 -- Train Loss: 0.653 -- Validation Loss: 1.238 -- Validation ACC: 0.667 -- Validation F1: 0.786
2024-07-17,12:50:23 [INFO] Epoch: 28/30 -- Train Loss: 0.905 -- Validation Loss: 1.223 -- Validation ACC: 0.722 -- Validation F1: 0.815
2024-07-17,12:50:25 [INFO] Epoch: 29/30 -- Train Loss: 0.370 -- Validation Loss: 1.228 -- Validation ACC: 0.667 -- Validation F1: 0.769
2024-07-17,12:50:25 [INFO] Run 4/5: Average Over Last 6 epochs -- Valid ACC: 0.6851851851851851 -- Valid F1-score: 0.7995576858520508
2024-07-17,12:50:26 [INFO] Test Results of Run 4/5: -- Test Loss: 1.544 -- Test ACC: 0.652 -- Test F1: 0.730
2024-07-17,12:50:26 [INFO] Validation average after 5 runs -- ACC: 0.676 -- F1-score: 0.792
2024-07-17,12:50:26 [INFO] Test average after 5 runs -- ACC: 0.670 -- F1-score: 0.751
2024-07-17,12:50:26 [INFO] Finished round 1/10 of experiments!
2024-07-17,12:50:26 [INFO] Started round 2/10 of experiments!
2024-07-17,12:50:27 [INFO] Loading previous pretrained model at ./pretrained/GCN_Pretrained_2024-07-01-14-58-41.pth
2024-07-17,12:50:27 [INFO] Pretrained GNN on Source Dataset -- Test Loss: 1.173 -- Test ACC: 0.757 -- Test F1-score: 0.813
2024-07-17,12:50:28 [INFO] Pretrained GNN on Target Dataset Without Prompting: -- Validation Loss: 0.928 -- Validation ACC: 0.667 -- Validation F1-score: 0.769 -- Test Loss: 0.858 -- Test ACC: 0.687 -- Test F1-score: 0.735
2024-07-17,12:50:30 [INFO] Epoch: 0/30 -- Train Loss: 1.157 -- Validation Loss: 0.935 -- Validation ACC: 0.667 -- Validation F1: 0.769
2024-07-17,12:50:44 [INFO] Epoch: 10/30 -- Train Loss: 0.517 -- Validation Loss: 0.910 -- Validation ACC: 0.667 -- Validation F1: 0.769
2024-07-17,12:50:57 [INFO] Epoch: 20/30 -- Train Loss: 0.693 -- Validation Loss: 0.881 -- Validation ACC: 0.667 -- Validation F1: 0.769
2024-07-17,12:51:03 [INFO] Epoch: 24/30 -- Train Loss: 0.764 -- Validation Loss: 0.926 -- Validation ACC: 0.667 -- Validation F1: 0.769
2024-07-17,12:51:05 [INFO] Epoch: 25/30 -- Train Loss: 0.855 -- Validation Loss: 0.929 -- Validation ACC: 0.667 -- Validation F1: 0.769
2024-07-17,12:51:07 [INFO] Epoch: 26/30 -- Train Loss: 0.742 -- Validation Loss: 0.939 -- Validation ACC: 0.667 -- Validation F1: 0.769
2024-07-17,12:51:09 [INFO] Epoch: 27/30 -- Train Loss: 0.789 -- Validation Loss: 0.951 -- Validation ACC: 0.667 -- Validation F1: 0.769
2024-07-17,12:51:10 [INFO] Epoch: 28/30 -- Train Loss: 0.676 -- Validation Loss: 0.928 -- Validation ACC: 0.667 -- Validation F1: 0.769
2024-07-17,12:51:12 [INFO] Epoch: 29/30 -- Train Loss: 0.416 -- Validation Loss: 0.915 -- Validation ACC: 0.667 -- Validation F1: 0.769
2024-07-17,12:51:12 [INFO] Run 0/5: Average Over Last 6 epochs -- Valid ACC: 0.6666666666666666 -- Valid F1-score: 0.7692307829856873
2024-07-17,12:51:13 [INFO] Test Results of Run 0/5: -- Test Loss: 0.835 -- Test ACC: 0.696 -- Test F1: 0.733
2024-07-17,12:51:15 [INFO] Epoch: 0/30 -- Train Loss: 0.983 -- Validation Loss: 0.919 -- Validation ACC: 0.667 -- Validation F1: 0.769
2024-07-17,12:51:29 [INFO] Epoch: 10/30 -- Train Loss: 0.661 -- Validation Loss: 0.937 -- Validation ACC: 0.667 -- Validation F1: 0.769
2024-07-17,12:51:43 [INFO] Epoch: 20/30 -- Train Loss: 0.417 -- Validation Loss: 0.861 -- Validation ACC: 0.611 -- Validation F1: 0.720
2024-07-17,12:51:48 [INFO] Epoch: 24/30 -- Train Loss: 0.612 -- Validation Loss: 0.990 -- Validation ACC: 0.667 -- Validation F1: 0.769
2024-07-17,12:51:50 [INFO] Epoch: 25/30 -- Train Loss: 0.581 -- Validation Loss: 1.043 -- Validation ACC: 0.667 -- Validation F1: 0.769
2024-07-17,12:51:52 [INFO] Epoch: 26/30 -- Train Loss: 0.686 -- Validation Loss: 1.081 -- Validation ACC: 0.722 -- Validation F1: 0.815
2024-07-17,12:51:53 [INFO] Epoch: 27/30 -- Train Loss: 1.120 -- Validation Loss: 1.076 -- Validation ACC: 0.722 -- Validation F1: 0.815
2024-07-17,12:51:55 [INFO] Epoch: 28/30 -- Train Loss: 1.403 -- Validation Loss: 1.046 -- Validation ACC: 0.667 -- Validation F1: 0.769
2024-07-17,12:51:57 [INFO] Epoch: 29/30 -- Train Loss: 1.046 -- Validation Loss: 0.995 -- Validation ACC: 0.667 -- Validation F1: 0.769
2024-07-17,12:51:57 [INFO] Run 1/5: Average Over Last 6 epochs -- Valid ACC: 0.6851851851851851 -- Valid F1-score: 0.7844254573186239
2024-07-17,12:51:57 [INFO] Test Results of Run 1/5: -- Test Loss: 0.944 -- Test ACC: 0.687 -- Test F1: 0.739
2024-07-17,12:51:59 [INFO] Epoch: 0/30 -- Train Loss: 0.654 -- Validation Loss: 0.931 -- Validation ACC: 0.667 -- Validation F1: 0.769
2024-07-17,12:52:13 [INFO] Epoch: 10/30 -- Train Loss: 0.925 -- Validation Loss: 0.931 -- Validation ACC: 0.667 -- Validation F1: 0.769
2024-07-17,12:52:27 [INFO] Epoch: 20/30 -- Train Loss: 0.520 -- Validation Loss: 0.859 -- Validation ACC: 0.667 -- Validation F1: 0.769
2024-07-17,12:52:33 [INFO] Epoch: 24/30 -- Train Loss: 0.426 -- Validation Loss: 0.921 -- Validation ACC: 0.667 -- Validation F1: 0.769
2024-07-17,12:52:34 [INFO] Epoch: 25/30 -- Train Loss: 0.352 -- Validation Loss: 0.922 -- Validation ACC: 0.667 -- Validation F1: 0.769
2024-07-17,12:52:36 [INFO] Epoch: 26/30 -- Train Loss: 0.370 -- Validation Loss: 0.926 -- Validation ACC: 0.667 -- Validation F1: 0.769
2024-07-17,12:52:38 [INFO] Epoch: 27/30 -- Train Loss: 0.410 -- Validation Loss: 0.937 -- Validation ACC: 0.667 -- Validation F1: 0.769
2024-07-17,12:52:40 [INFO] Epoch: 28/30 -- Train Loss: 0.897 -- Validation Loss: 0.928 -- Validation ACC: 0.667 -- Validation F1: 0.769
2024-07-17,12:52:42 [INFO] Epoch: 29/30 -- Train Loss: 0.632 -- Validation Loss: 0.919 -- Validation ACC: 0.667 -- Validation F1: 0.769
2024-07-17,12:52:42 [INFO] Run 2/5: Average Over Last 6 epochs -- Valid ACC: 0.6666666666666666 -- Valid F1-score: 0.7692307829856873
2024-07-17,12:52:42 [INFO] Test Results of Run 2/5: -- Test Loss: 0.849 -- Test ACC: 0.696 -- Test F1: 0.733
2024-07-17,12:52:44 [INFO] Epoch: 0/30 -- Train Loss: 2.229 -- Validation Loss: 0.963 -- Validation ACC: 0.667 -- Validation F1: 0.769
2024-07-17,12:52:57 [INFO] Epoch: 10/30 -- Train Loss: 0.687 -- Validation Loss: 0.925 -- Validation ACC: 0.667 -- Validation F1: 0.769
2024-07-17,12:53:12 [INFO] Epoch: 20/30 -- Train Loss: 0.682 -- Validation Loss: 0.954 -- Validation ACC: 0.667 -- Validation F1: 0.769
2024-07-17,12:53:17 [INFO] Epoch: 24/30 -- Train Loss: 0.391 -- Validation Loss: 0.983 -- Validation ACC: 0.667 -- Validation F1: 0.769
2024-07-17,12:53:18 [INFO] Epoch: 25/30 -- Train Loss: 0.558 -- Validation Loss: 0.942 -- Validation ACC: 0.667 -- Validation F1: 0.769
2024-07-17,12:53:20 [INFO] Epoch: 26/30 -- Train Loss: 0.802 -- Validation Loss: 0.931 -- Validation ACC: 0.667 -- Validation F1: 0.769
2024-07-17,12:53:21 [INFO] Epoch: 27/30 -- Train Loss: 0.785 -- Validation Loss: 0.937 -- Validation ACC: 0.667 -- Validation F1: 0.769
2024-07-17,12:53:24 [INFO] Epoch: 28/30 -- Train Loss: 0.533 -- Validation Loss: 0.943 -- Validation ACC: 0.667 -- Validation F1: 0.769
2024-07-17,12:53:26 [INFO] Epoch: 29/30 -- Train Loss: 0.795 -- Validation Loss: 0.935 -- Validation ACC: 0.667 -- Validation F1: 0.769
2024-07-17,12:53:26 [INFO] Run 3/5: Average Over Last 6 epochs -- Valid ACC: 0.6666666666666666 -- Valid F1-score: 0.7692307829856873
2024-07-17,12:53:26 [INFO] Test Results of Run 3/5: -- Test Loss: 0.876 -- Test ACC: 0.687 -- Test F1: 0.735
2024-07-17,12:53:28 [INFO] Epoch: 0/30 -- Train Loss: 0.477 -- Validation Loss: 0.922 -- Validation ACC: 0.667 -- Validation F1: 0.769
2024-07-17,12:53:42 [INFO] Epoch: 10/30 -- Train Loss: 1.533 -- Validation Loss: 0.891 -- Validation ACC: 0.667 -- Validation F1: 0.769
2024-07-17,12:53:55 [INFO] Epoch: 20/30 -- Train Loss: 0.413 -- Validation Loss: 0.897 -- Validation ACC: 0.667 -- Validation F1: 0.769
2024-07-17,12:54:01 [INFO] Epoch: 24/30 -- Train Loss: 0.426 -- Validation Loss: 0.887 -- Validation ACC: 0.611 -- Validation F1: 0.720
2024-07-17,12:54:02 [INFO] Epoch: 25/30 -- Train Loss: 0.463 -- Validation Loss: 0.897 -- Validation ACC: 0.611 -- Validation F1: 0.720
2024-07-17,12:54:04 [INFO] Epoch: 26/30 -- Train Loss: 0.586 -- Validation Loss: 0.907 -- Validation ACC: 0.667 -- Validation F1: 0.769
2024-07-17,12:54:06 [INFO] Epoch: 27/30 -- Train Loss: 0.739 -- Validation Loss: 0.922 -- Validation ACC: 0.667 -- Validation F1: 0.769
2024-07-17,12:54:08 [INFO] Epoch: 28/30 -- Train Loss: 0.516 -- Validation Loss: 0.947 -- Validation ACC: 0.667 -- Validation F1: 0.769
2024-07-17,12:54:09 [INFO] Epoch: 29/30 -- Train Loss: 0.943 -- Validation Loss: 0.973 -- Validation ACC: 0.667 -- Validation F1: 0.769
2024-07-17,12:54:09 [INFO] Run 4/5: Average Over Last 6 epochs -- Valid ACC: 0.648148148148148 -- Valid F1-score: 0.7528205315272013
2024-07-17,12:54:10 [INFO] Test Results of Run 4/5: -- Test Loss: 0.901 -- Test ACC: 0.687 -- Test F1: 0.735
2024-07-17,12:54:10 [INFO] Validation average after 5 runs -- ACC: 0.667 -- F1-score: 0.769
2024-07-17,12:54:10 [INFO] Test average after 5 runs -- ACC: 0.690 -- F1-score: 0.735
2024-07-17,12:54:10 [INFO] Finished round 2/10 of experiments!
2024-07-17,12:54:10 [INFO] Started round 3/10 of experiments!
2024-07-17,12:54:11 [INFO] Loading previous pretrained model at ./pretrained/GCN_Pretrained_2024-07-01-15-00-59.pth
2024-07-17,12:54:11 [INFO] Pretrained GNN on Source Dataset -- Test Loss: 0.746 -- Test ACC: 0.739 -- Test F1-score: 0.786
2024-07-17,12:54:12 [INFO] Pretrained GNN on Target Dataset Without Prompting: -- Validation Loss: 0.769 -- Validation ACC: 0.722 -- Validation F1-score: 0.706 -- Test Loss: 0.897 -- Test ACC: 0.748 -- Test F1-score: 0.810
2024-07-17,12:54:14 [INFO] Epoch: 0/30 -- Train Loss: 0.346 -- Validation Loss: 0.774 -- Validation ACC: 0.722 -- Validation F1: 0.706
2024-07-17,12:54:28 [INFO] Epoch: 10/30 -- Train Loss: 0.672 -- Validation Loss: 0.745 -- Validation ACC: 0.778 -- Validation F1: 0.750
2024-07-17,12:54:43 [INFO] Epoch: 20/30 -- Train Loss: 1.305 -- Validation Loss: 0.865 -- Validation ACC: 0.778 -- Validation F1: 0.778
2024-07-17,12:54:48 [INFO] Epoch: 24/30 -- Train Loss: 0.347 -- Validation Loss: 0.792 -- Validation ACC: 0.778 -- Validation F1: 0.778
2024-07-17,12:54:50 [INFO] Epoch: 25/30 -- Train Loss: 1.845 -- Validation Loss: 0.733 -- Validation ACC: 0.778 -- Validation F1: 0.778
2024-07-17,12:54:52 [INFO] Epoch: 26/30 -- Train Loss: 0.436 -- Validation Loss: 0.727 -- Validation ACC: 0.778 -- Validation F1: 0.750
2024-07-17,12:54:53 [INFO] Epoch: 27/30 -- Train Loss: 0.715 -- Validation Loss: 0.745 -- Validation ACC: 0.778 -- Validation F1: 0.750
2024-07-17,12:54:55 [INFO] Epoch: 28/30 -- Train Loss: 0.892 -- Validation Loss: 0.749 -- Validation ACC: 0.722 -- Validation F1: 0.667
2024-07-17,12:54:57 [INFO] Epoch: 29/30 -- Train Loss: 0.644 -- Validation Loss: 0.718 -- Validation ACC: 0.778 -- Validation F1: 0.750
2024-07-17,12:54:57 [INFO] Run 0/5: Average Over Last 6 epochs -- Valid ACC: 0.7685185185185186 -- Valid F1-score: 0.7453703780968984
2024-07-17,12:54:58 [INFO] Test Results of Run 0/5: -- Test Loss: 0.899 -- Test ACC: 0.704 -- Test F1: 0.770
2024-07-17,12:54:59 [INFO] Epoch: 0/30 -- Train Loss: 0.351 -- Validation Loss: 0.754 -- Validation ACC: 0.722 -- Validation F1: 0.706
2024-07-17,12:55:13 [INFO] Epoch: 10/30 -- Train Loss: 0.351 -- Validation Loss: 0.776 -- Validation ACC: 0.722 -- Validation F1: 0.706
2024-07-17,12:55:27 [INFO] Epoch: 20/30 -- Train Loss: 0.352 -- Validation Loss: 0.772 -- Validation ACC: 0.778 -- Validation F1: 0.778
2024-07-17,12:55:33 [INFO] Epoch: 24/30 -- Train Loss: 0.484 -- Validation Loss: 0.832 -- Validation ACC: 0.778 -- Validation F1: 0.778
2024-07-17,12:55:34 [INFO] Epoch: 25/30 -- Train Loss: 0.455 -- Validation Loss: 0.830 -- Validation ACC: 0.778 -- Validation F1: 0.778
2024-07-17,12:55:36 [INFO] Epoch: 26/30 -- Train Loss: 0.958 -- Validation Loss: 0.809 -- Validation ACC: 0.778 -- Validation F1: 0.778
2024-07-17,12:55:38 [INFO] Epoch: 27/30 -- Train Loss: 0.466 -- Validation Loss: 0.799 -- Validation ACC: 0.778 -- Validation F1: 0.778
2024-07-17,12:55:40 [INFO] Epoch: 28/30 -- Train Loss: 0.713 -- Validation Loss: 0.820 -- Validation ACC: 0.778 -- Validation F1: 0.778
2024-07-17,12:55:42 [INFO] Epoch: 29/30 -- Train Loss: 0.577 -- Validation Loss: 0.860 -- Validation ACC: 0.722 -- Validation F1: 0.737
2024-07-17,12:55:42 [INFO] Run 1/5: Average Over Last 6 epochs -- Valid ACC: 0.7685185185185185 -- Valid F1-score: 0.7709551751613617
2024-07-17,12:55:43 [INFO] Test Results of Run 1/5: -- Test Loss: 0.957 -- Test ACC: 0.757 -- Test F1: 0.825
2024-07-17,12:55:44 [INFO] Epoch: 0/30 -- Train Loss: 0.346 -- Validation Loss: 0.840 -- Validation ACC: 0.778 -- Validation F1: 0.778
2024-07-17,12:55:58 [INFO] Epoch: 10/30 -- Train Loss: 0.609 -- Validation Loss: 0.773 -- Validation ACC: 0.778 -- Validation F1: 0.750
2024-07-17,12:56:12 [INFO] Epoch: 20/30 -- Train Loss: 0.351 -- Validation Loss: 0.822 -- Validation ACC: 0.778 -- Validation F1: 0.778
2024-07-17,12:56:18 [INFO] Epoch: 24/30 -- Train Loss: 2.380 -- Validation Loss: 0.872 -- Validation ACC: 0.778 -- Validation F1: 0.778
2024-07-17,12:56:19 [INFO] Epoch: 25/30 -- Train Loss: 0.853 -- Validation Loss: 0.805 -- Validation ACC: 0.722 -- Validation F1: 0.706
2024-07-17,12:56:21 [INFO] Epoch: 26/30 -- Train Loss: 0.693 -- Validation Loss: 0.770 -- Validation ACC: 0.778 -- Validation F1: 0.750
2024-07-17,12:56:22 [INFO] Epoch: 27/30 -- Train Loss: 0.652 -- Validation Loss: 0.746 -- Validation ACC: 0.778 -- Validation F1: 0.750
2024-07-17,12:56:24 [INFO] Epoch: 28/30 -- Train Loss: 0.557 -- Validation Loss: 0.733 -- Validation ACC: 0.778 -- Validation F1: 0.750
2024-07-17,12:56:26 [INFO] Epoch: 29/30 -- Train Loss: 0.753 -- Validation Loss: 0.733 -- Validation ACC: 0.778 -- Validation F1: 0.750
2024-07-17,12:56:26 [INFO] Run 2/5: Average Over Last 6 epochs -- Valid ACC: 0.7685185185185185 -- Valid F1-score: 0.7472766935825348
2024-07-17,12:56:26 [INFO] Test Results of Run 2/5: -- Test Loss: 0.896 -- Test ACC: 0.739 -- Test F1: 0.803
2024-07-17,12:56:28 [INFO] Epoch: 0/30 -- Train Loss: 1.092 -- Validation Loss: 0.749 -- Validation ACC: 0.778 -- Validation F1: 0.750
2024-07-17,12:56:42 [INFO] Epoch: 10/30 -- Train Loss: 0.620 -- Validation Loss: 0.801 -- Validation ACC: 0.722 -- Validation F1: 0.706
2024-07-17,12:56:56 [INFO] Epoch: 20/30 -- Train Loss: 1.623 -- Validation Loss: 0.733 -- Validation ACC: 0.778 -- Validation F1: 0.750
2024-07-17,12:57:02 [INFO] Epoch: 24/30 -- Train Loss: 1.329 -- Validation Loss: 0.736 -- Validation ACC: 0.778 -- Validation F1: 0.750
2024-07-17,12:57:03 [INFO] Epoch: 25/30 -- Train Loss: 0.912 -- Validation Loss: 0.735 -- Validation ACC: 0.833 -- Validation F1: 0.824
2024-07-17,12:57:05 [INFO] Epoch: 26/30 -- Train Loss: 0.631 -- Validation Loss: 0.763 -- Validation ACC: 0.778 -- Validation F1: 0.778
2024-07-17,12:57:06 [INFO] Epoch: 27/30 -- Train Loss: 0.591 -- Validation Loss: 0.804 -- Validation ACC: 0.778 -- Validation F1: 0.778
2024-07-17,12:57:08 [INFO] Epoch: 28/30 -- Train Loss: 0.350 -- Validation Loss: 0.785 -- Validation ACC: 0.778 -- Validation F1: 0.778
2024-07-17,12:57:10 [INFO] Epoch: 29/30 -- Train Loss: 1.404 -- Validation Loss: 0.759 -- Validation ACC: 0.778 -- Validation F1: 0.778
2024-07-17,12:57:10 [INFO] Run 3/5: Average Over Last 6 epochs -- Valid ACC: 0.7870370370370371 -- Valid F1-score: 0.7807734310626984
2024-07-17,12:57:10 [INFO] Test Results of Run 3/5: -- Test Loss: 0.920 -- Test ACC: 0.748 -- Test F1: 0.810
2024-07-17,12:57:12 [INFO] Epoch: 0/30 -- Train Loss: 0.833 -- Validation Loss: 0.802 -- Validation ACC: 0.722 -- Validation F1: 0.706
2024-07-17,12:57:25 [INFO] Epoch: 10/30 -- Train Loss: 0.760 -- Validation Loss: 0.768 -- Validation ACC: 0.778 -- Validation F1: 0.778
2024-07-17,12:57:39 [INFO] Epoch: 20/30 -- Train Loss: 1.022 -- Validation Loss: 0.768 -- Validation ACC: 0.778 -- Validation F1: 0.750
2024-07-17,12:57:45 [INFO] Epoch: 24/30 -- Train Loss: 0.663 -- Validation Loss: 0.817 -- Validation ACC: 0.778 -- Validation F1: 0.778
2024-07-17,12:57:47 [INFO] Epoch: 25/30 -- Train Loss: 0.361 -- Validation Loss: 0.793 -- Validation ACC: 0.778 -- Validation F1: 0.778
2024-07-17,12:57:49 [INFO] Epoch: 26/30 -- Train Loss: 0.348 -- Validation Loss: 0.772 -- Validation ACC: 0.778 -- Validation F1: 0.778
2024-07-17,12:57:50 [INFO] Epoch: 27/30 -- Train Loss: 0.989 -- Validation Loss: 0.782 -- Validation ACC: 0.778 -- Validation F1: 0.778
2024-07-17,12:57:52 [INFO] Epoch: 28/30 -- Train Loss: 0.414 -- Validation Loss: 0.839 -- Validation ACC: 0.778 -- Validation F1: 0.778
2024-07-17,12:57:54 [INFO] Epoch: 29/30 -- Train Loss: 0.673 -- Validation Loss: 0.825 -- Validation ACC: 0.778 -- Validation F1: 0.778
2024-07-17,12:57:54 [INFO] Run 4/5: Average Over Last 6 epochs -- Valid ACC: 0.7777777777777778 -- Valid F1-score: 0.7777777910232544
2024-07-17,12:57:54 [INFO] Test Results of Run 4/5: -- Test Loss: 0.942 -- Test ACC: 0.757 -- Test F1: 0.821
2024-07-17,12:57:54 [INFO] Validation average after 5 runs -- ACC: 0.774 -- F1-score: 0.764
2024-07-17,12:57:54 [INFO] Test average after 5 runs -- ACC: 0.741 -- F1-score: 0.806
2024-07-17,12:57:54 [INFO] Finished round 3/10 of experiments!
2024-07-17,12:57:54 [INFO] Started round 4/10 of experiments!
2024-07-17,12:57:55 [INFO] Loading previous pretrained model at ./pretrained/GCN_Pretrained_2024-07-01-15-03-17.pth
2024-07-17,12:57:56 [INFO] Pretrained GNN on Source Dataset -- Test Loss: 1.048 -- Test ACC: 0.696 -- Test F1-score: 0.759
2024-07-17,12:57:57 [INFO] Pretrained GNN on Target Dataset Without Prompting: -- Validation Loss: 0.854 -- Validation ACC: 0.500 -- Validation F1-score: 0.571 -- Test Loss: 0.781 -- Test ACC: 0.713 -- Test F1-score: 0.784
2024-07-17,12:57:59 [INFO] Epoch: 0/30 -- Train Loss: 0.814 -- Validation Loss: 0.873 -- Validation ACC: 0.500 -- Validation F1: 0.571
2024-07-17,12:58:12 [INFO] Epoch: 10/30 -- Train Loss: 1.807 -- Validation Loss: 1.114 -- Validation ACC: 0.500 -- Validation F1: 0.571
2024-07-17,12:58:26 [INFO] Epoch: 20/30 -- Train Loss: 1.424 -- Validation Loss: 0.919 -- Validation ACC: 0.556 -- Validation F1: 0.600
2024-07-17,12:58:32 [INFO] Epoch: 24/30 -- Train Loss: 0.399 -- Validation Loss: 0.958 -- Validation ACC: 0.556 -- Validation F1: 0.600
2024-07-17,12:58:33 [INFO] Epoch: 25/30 -- Train Loss: 0.430 -- Validation Loss: 0.980 -- Validation ACC: 0.556 -- Validation F1: 0.600
2024-07-17,12:58:35 [INFO] Epoch: 26/30 -- Train Loss: 0.484 -- Validation Loss: 1.060 -- Validation ACC: 0.500 -- Validation F1: 0.571
2024-07-17,12:58:37 [INFO] Epoch: 27/30 -- Train Loss: 0.567 -- Validation Loss: 1.130 -- Validation ACC: 0.500 -- Validation F1: 0.571
2024-07-17,12:58:39 [INFO] Epoch: 28/30 -- Train Loss: 1.083 -- Validation Loss: 1.171 -- Validation ACC: 0.500 -- Validation F1: 0.571
2024-07-17,12:58:40 [INFO] Epoch: 29/30 -- Train Loss: 0.853 -- Validation Loss: 1.120 -- Validation ACC: 0.500 -- Validation F1: 0.571
2024-07-17,12:58:40 [INFO] Run 0/5: Average Over Last 6 epochs -- Valid ACC: 0.5185185185185185 -- Valid F1-score: 0.5809524059295654
2024-07-17,12:58:41 [INFO] Test Results of Run 0/5: -- Test Loss: 0.856 -- Test ACC: 0.730 -- Test F1: 0.805
2024-07-17,12:58:43 [INFO] Epoch: 0/30 -- Train Loss: 1.523 -- Validation Loss: 0.770 -- Validation ACC: 0.556 -- Validation F1: 0.600
2024-07-17,12:58:56 [INFO] Epoch: 10/30 -- Train Loss: 0.582 -- Validation Loss: 1.090 -- Validation ACC: 0.500 -- Validation F1: 0.571
2024-07-17,12:59:10 [INFO] Epoch: 20/30 -- Train Loss: 0.475 -- Validation Loss: 0.862 -- Validation ACC: 0.611 -- Validation F1: 0.632
2024-07-17,12:59:16 [INFO] Epoch: 24/30 -- Train Loss: 0.708 -- Validation Loss: 0.821 -- Validation ACC: 0.667 -- Validation F1: 0.667
2024-07-17,12:59:18 [INFO] Epoch: 25/30 -- Train Loss: 0.478 -- Validation Loss: 1.009 -- Validation ACC: 0.500 -- Validation F1: 0.571
2024-07-17,12:59:20 [INFO] Epoch: 26/30 -- Train Loss: 0.533 -- Validation Loss: 1.263 -- Validation ACC: 0.500 -- Validation F1: 0.571
2024-07-17,12:59:22 [INFO] Epoch: 27/30 -- Train Loss: 0.364 -- Validation Loss: 1.399 -- Validation ACC: 0.500 -- Validation F1: 0.571
2024-07-17,12:59:24 [INFO] Epoch: 28/30 -- Train Loss: 0.442 -- Validation Loss: 1.526 -- Validation ACC: 0.444 -- Validation F1: 0.545
2024-07-17,12:59:25 [INFO] Epoch: 29/30 -- Train Loss: 0.412 -- Validation Loss: 1.578 -- Validation ACC: 0.444 -- Validation F1: 0.545
2024-07-17,12:59:25 [INFO] Run 1/5: Average Over Last 6 epochs -- Valid ACC: 0.5092592592592592 -- Valid F1-score: 0.5786436001459757
2024-07-17,12:59:26 [INFO] Test Results of Run 1/5: -- Test Loss: 1.085 -- Test ACC: 0.696 -- Test F1: 0.800
2024-07-17,12:59:28 [INFO] Epoch: 0/30 -- Train Loss: 0.605 -- Validation Loss: 1.048 -- Validation ACC: 0.500 -- Validation F1: 0.571
2024-07-17,12:59:41 [INFO] Epoch: 10/30 -- Train Loss: 0.719 -- Validation Loss: 0.737 -- Validation ACC: 0.667 -- Validation F1: 0.667
2024-07-17,12:59:55 [INFO] Epoch: 20/30 -- Train Loss: 0.363 -- Validation Loss: 1.014 -- Validation ACC: 0.500 -- Validation F1: 0.571
2024-07-17,13:00:01 [INFO] Epoch: 24/30 -- Train Loss: 1.298 -- Validation Loss: 1.033 -- Validation ACC: 0.500 -- Validation F1: 0.571
2024-07-17,13:00:03 [INFO] Epoch: 25/30 -- Train Loss: 0.621 -- Validation Loss: 0.973 -- Validation ACC: 0.500 -- Validation F1: 0.571
2024-07-17,13:00:05 [INFO] Epoch: 26/30 -- Train Loss: 0.399 -- Validation Loss: 0.922 -- Validation ACC: 0.556 -- Validation F1: 0.600
2024-07-17,13:00:06 [INFO] Epoch: 27/30 -- Train Loss: 0.491 -- Validation Loss: 0.911 -- Validation ACC: 0.556 -- Validation F1: 0.600
2024-07-17,13:00:08 [INFO] Epoch: 28/30 -- Train Loss: 0.347 -- Validation Loss: 0.851 -- Validation ACC: 0.611 -- Validation F1: 0.632
2024-07-17,13:00:10 [INFO] Epoch: 29/30 -- Train Loss: 1.249 -- Validation Loss: 0.780 -- Validation ACC: 0.667 -- Validation F1: 0.667
2024-07-17,13:00:10 [INFO] Run 2/5: Average Over Last 6 epochs -- Valid ACC: 0.5648148148148148 -- Valid F1-score: 0.6068504750728607
2024-07-17,13:00:11 [INFO] Test Results of Run 2/5: -- Test Loss: 0.763 -- Test ACC: 0.713 -- Test F1: 0.781
2024-07-17,13:00:13 [INFO] Epoch: 0/30 -- Train Loss: 0.455 -- Validation Loss: 0.685 -- Validation ACC: 0.611 -- Validation F1: 0.588
2024-07-17,13:00:27 [INFO] Epoch: 10/30 -- Train Loss: 0.501 -- Validation Loss: 1.001 -- Validation ACC: 0.500 -- Validation F1: 0.571
2024-07-17,13:00:40 [INFO] Epoch: 20/30 -- Train Loss: 0.945 -- Validation Loss: 0.924 -- Validation ACC: 0.556 -- Validation F1: 0.600
2024-07-17,13:00:45 [INFO] Epoch: 24/30 -- Train Loss: 0.736 -- Validation Loss: 1.111 -- Validation ACC: 0.500 -- Validation F1: 0.571
2024-07-17,13:00:47 [INFO] Epoch: 25/30 -- Train Loss: 0.692 -- Validation Loss: 1.131 -- Validation ACC: 0.500 -- Validation F1: 0.571
2024-07-17,13:00:49 [INFO] Epoch: 26/30 -- Train Loss: 1.557 -- Validation Loss: 1.023 -- Validation ACC: 0.500 -- Validation F1: 0.571
2024-07-17,13:00:51 [INFO] Epoch: 27/30 -- Train Loss: 0.380 -- Validation Loss: 0.858 -- Validation ACC: 0.556 -- Validation F1: 0.600
2024-07-17,13:00:52 [INFO] Epoch: 28/30 -- Train Loss: 1.581 -- Validation Loss: 0.858 -- Validation ACC: 0.500 -- Validation F1: 0.571
2024-07-17,13:00:54 [INFO] Epoch: 29/30 -- Train Loss: 0.871 -- Validation Loss: 0.840 -- Validation ACC: 0.500 -- Validation F1: 0.571
2024-07-17,13:00:54 [INFO] Run 3/5: Average Over Last 6 epochs -- Valid ACC: 0.5092592592592592 -- Valid F1-score: 0.5761905014514923
2024-07-17,13:00:55 [INFO] Test Results of Run 3/5: -- Test Loss: 0.784 -- Test ACC: 0.704 -- Test F1: 0.776
2024-07-17,13:00:56 [INFO] Epoch: 0/30 -- Train Loss: 0.497 -- Validation Loss: 0.865 -- Validation ACC: 0.556 -- Validation F1: 0.600
2024-07-17,13:01:10 [INFO] Epoch: 10/30 -- Train Loss: 0.355 -- Validation Loss: 1.156 -- Validation ACC: 0.500 -- Validation F1: 0.571
2024-07-17,13:01:24 [INFO] Epoch: 20/30 -- Train Loss: 1.171 -- Validation Loss: 0.747 -- Validation ACC: 0.611 -- Validation F1: 0.632
2024-07-17,13:01:30 [INFO] Epoch: 24/30 -- Train Loss: 0.680 -- Validation Loss: 0.945 -- Validation ACC: 0.500 -- Validation F1: 0.571
2024-07-17,13:01:31 [INFO] Epoch: 25/30 -- Train Loss: 0.383 -- Validation Loss: 1.058 -- Validation ACC: 0.500 -- Validation F1: 0.571
2024-07-17,13:01:33 [INFO] Epoch: 26/30 -- Train Loss: 0.382 -- Validation Loss: 1.301 -- Validation ACC: 0.500 -- Validation F1: 0.571
2024-07-17,13:01:35 [INFO] Epoch: 27/30 -- Train Loss: 0.395 -- Validation Loss: 1.447 -- Validation ACC: 0.444 -- Validation F1: 0.545
2024-07-17,13:01:37 [INFO] Epoch: 28/30 -- Train Loss: 0.558 -- Validation Loss: 1.367 -- Validation ACC: 0.444 -- Validation F1: 0.545
2024-07-17,13:01:39 [INFO] Epoch: 29/30 -- Train Loss: 0.608 -- Validation Loss: 1.236 -- Validation ACC: 0.500 -- Validation F1: 0.571
2024-07-17,13:01:39 [INFO] Run 4/5: Average Over Last 6 epochs -- Valid ACC: 0.48148148148148145 -- Valid F1-score: 0.5627705852190653
2024-07-17,13:01:39 [INFO] Test Results of Run 4/5: -- Test Loss: 0.932 -- Test ACC: 0.713 -- Test F1: 0.802
2024-07-17,13:01:39 [INFO] Validation average after 5 runs -- ACC: 0.517 -- F1-score: 0.581
2024-07-17,13:01:39 [INFO] Test average after 5 runs -- ACC: 0.711 -- F1-score: 0.793
2024-07-17,13:01:39 [INFO] Finished round 4/10 of experiments!
2024-07-17,13:01:39 [INFO] Started round 5/10 of experiments!
2024-07-17,13:01:40 [INFO] Setting for pretraining: Model: {'gnn_type': 'gcn', 'in_channels': 56, 'hidden_channels': 512, 'out_channels': 2, 'num_layers': 3, 'dropout': 0.4, 'with_bn': False, 'with_head': True} -- Optimizer: {'lr': 0.01, 'scheduler_step_size': 50, 'scheduler_gamma': 0.5, 'weight_decay': 0.0} -- Training: {'n_epochs': 100}
2024-07-17,13:01:40 [INFO] Loading previous pretrained model at ./pretrained/GCN_Pretrained_2024-07-01-15-05-37.pth
2024-07-17,13:01:40 [INFO] Prompting method: flex_match -- Setting: Prompting function: gpf_plus -- Target Dataset: DHFR
2024-07-17,13:01:40 [INFO] Setting for prompt tuning: Prompt: {'emb_dim': 56, 'h_dim': 512, 'output_dim': 56, 'prompt_fn': 'gpf_plus', 'token_num': 50, 'cross_prune': 0.8, 'inner_prune': 0.3, 'attn_with_param': False} -- Pretrained Model: {'gnn_type': 'gcn', 'in_channels': 56, 'hidden_channels': 512, 'out_channels': 2, 'num_layers': 3, 'dropout': 0.4, 'with_bn': False, 'with_head': True} -- Optimizer: {'lr': 0.01, 'scheduler_step_size': 50, 'scheduler_gamma': 0.5, 'weight_decay': 0.2} -- Training: {'aug_type': 'feature', 'pos_aug_mode': 'mask', 'p_raug': 0.15, 'n_epochs': 30, 'r_reg': 0.0, 'soft_label': False, 'clutering_iters': 3, 'iterative_clustering': False, 'entropy_div_ratio': 3, 'w_entropy_loss': 0.0, 'w_softmax_loss': 0.0, 'w_domain_loss': 0.5, 'light_aug_prob': 0.1, 'light_aug_mode': 'mask', 'num_classes': 2, 'cut_off': 0.5}
2024-07-17,13:01:40 [INFO] Prompt tuning started: Num runs: 5 -- Eval step: 10
2024-07-17,13:01:41 [INFO] Pretrained GNN on Source Dataset -- Test Loss: 0.768 -- Test ACC: 0.687 -- Test F1-score: 0.684
2024-07-17,13:01:41 [INFO] Pretrained GNN on Target Dataset Without Prompting: -- Validation Loss: 0.232 -- Validation ACC: 0.889 -- Validation F1-score: 0.900 -- Test Loss: 0.871 -- Test ACC: 0.722 -- Test F1-score: 0.754
2024-07-17,13:01:43 [INFO] Epoch: 0/30 -- Train Loss: 0.364 -- Validation Loss: 0.254 -- Validation ACC: 0.889 -- Validation F1: 0.900
2024-07-17,13:01:57 [INFO] Epoch: 10/30 -- Train Loss: 0.655 -- Validation Loss: 0.240 -- Validation ACC: 0.889 -- Validation F1: 0.900
2024-07-17,13:02:11 [INFO] Epoch: 20/30 -- Train Loss: 0.361 -- Validation Loss: 0.258 -- Validation ACC: 0.833 -- Validation F1: 0.824
2024-07-17,13:02:17 [INFO] Epoch: 24/30 -- Train Loss: 0.376 -- Validation Loss: 0.240 -- Validation ACC: 0.889 -- Validation F1: 0.889
2024-07-17,13:02:19 [INFO] Epoch: 25/30 -- Train Loss: 0.901 -- Validation Loss: 0.230 -- Validation ACC: 0.889 -- Validation F1: 0.900
2024-07-17,13:02:21 [INFO] Epoch: 26/30 -- Train Loss: 1.026 -- Validation Loss: 0.234 -- Validation ACC: 0.889 -- Validation F1: 0.900
2024-07-17,13:02:23 [INFO] Epoch: 27/30 -- Train Loss: 0.414 -- Validation Loss: 0.237 -- Validation ACC: 0.889 -- Validation F1: 0.900
2024-07-17,13:02:24 [INFO] Epoch: 28/30 -- Train Loss: 0.378 -- Validation Loss: 0.245 -- Validation ACC: 0.889 -- Validation F1: 0.900
2024-07-17,13:02:26 [INFO] Epoch: 29/30 -- Train Loss: 0.714 -- Validation Loss: 0.244 -- Validation ACC: 0.889 -- Validation F1: 0.900
2024-07-17,13:02:26 [INFO] Run 0/5: Average Over Last 6 epochs -- Valid ACC: 0.888888888888889 -- Valid F1-score: 0.8981481293837229
2024-07-17,13:02:27 [INFO] Test Results of Run 0/5: -- Test Loss: 0.900 -- Test ACC: 0.722 -- Test F1: 0.765
2024-07-17,13:02:28 [INFO] Epoch: 0/30 -- Train Loss: 0.723 -- Validation Loss: 0.232 -- Validation ACC: 0.889 -- Validation F1: 0.900
2024-07-17,13:02:43 [INFO] Epoch: 10/30 -- Train Loss: 1.020 -- Validation Loss: 0.227 -- Validation ACC: 0.889 -- Validation F1: 0.900
2024-07-17,13:02:57 [INFO] Epoch: 20/30 -- Train Loss: 0.352 -- Validation Loss: 0.268 -- Validation ACC: 0.833 -- Validation F1: 0.824
2024-07-17,13:03:03 [INFO] Epoch: 24/30 -- Train Loss: 0.595 -- Validation Loss: 0.248 -- Validation ACC: 0.889 -- Validation F1: 0.900
2024-07-17,13:03:04 [INFO] Epoch: 25/30 -- Train Loss: 0.664 -- Validation Loss: 0.246 -- Validation ACC: 0.889 -- Validation F1: 0.900
2024-07-17,13:03:06 [INFO] Epoch: 26/30 -- Train Loss: 0.757 -- Validation Loss: 0.248 -- Validation ACC: 0.889 -- Validation F1: 0.900
2024-07-17,13:03:07 [INFO] Epoch: 27/30 -- Train Loss: 0.488 -- Validation Loss: 0.265 -- Validation ACC: 0.833 -- Validation F1: 0.824
2024-07-17,13:03:09 [INFO] Epoch: 28/30 -- Train Loss: 0.894 -- Validation Loss: 0.279 -- Validation ACC: 0.778 -- Validation F1: 0.750
2024-07-17,13:03:11 [INFO] Epoch: 29/30 -- Train Loss: 0.660 -- Validation Loss: 0.280 -- Validation ACC: 0.778 -- Validation F1: 0.750
2024-07-17,13:03:11 [INFO] Run 1/5: Average Over Last 6 epochs -- Valid ACC: 0.8425925925925926 -- Valid F1-score: 0.8372548917929331
2024-07-17,13:03:12 [INFO] Test Results of Run 1/5: -- Test Loss: 0.864 -- Test ACC: 0.678 -- Test F1: 0.704
2024-07-17,13:03:14 [INFO] Epoch: 0/30 -- Train Loss: 0.504 -- Validation Loss: 0.245 -- Validation ACC: 0.889 -- Validation F1: 0.889
2024-07-17,13:03:28 [INFO] Epoch: 10/30 -- Train Loss: 0.744 -- Validation Loss: 0.247 -- Validation ACC: 0.833 -- Validation F1: 0.842
2024-07-17,13:03:42 [INFO] Epoch: 20/30 -- Train Loss: 0.384 -- Validation Loss: 0.230 -- Validation ACC: 0.889 -- Validation F1: 0.900
2024-07-17,13:03:47 [INFO] Epoch: 24/30 -- Train Loss: 1.634 -- Validation Loss: 0.239 -- Validation ACC: 0.889 -- Validation F1: 0.900
2024-07-17,13:03:49 [INFO] Epoch: 25/30 -- Train Loss: 0.402 -- Validation Loss: 0.229 -- Validation ACC: 0.889 -- Validation F1: 0.900
2024-07-17,13:03:50 [INFO] Epoch: 26/30 -- Train Loss: 0.585 -- Validation Loss: 0.229 -- Validation ACC: 0.889 -- Validation F1: 0.900
2024-07-17,13:03:52 [INFO] Epoch: 27/30 -- Train Loss: 0.564 -- Validation Loss: 0.230 -- Validation ACC: 0.889 -- Validation F1: 0.900
2024-07-17,13:03:54 [INFO] Epoch: 28/30 -- Train Loss: 0.697 -- Validation Loss: 0.233 -- Validation ACC: 0.889 -- Validation F1: 0.900
2024-07-17,13:03:56 [INFO] Epoch: 29/30 -- Train Loss: 0.347 -- Validation Loss: 0.241 -- Validation ACC: 0.889 -- Validation F1: 0.900
2024-07-17,13:03:56 [INFO] Run 2/5: Average Over Last 6 epochs -- Valid ACC: 0.888888888888889 -- Valid F1-score: 0.8999999761581421
2024-07-17,13:03:56 [INFO] Test Results of Run 2/5: -- Test Loss: 0.874 -- Test ACC: 0.713 -- Test F1: 0.744
2024-07-17,13:03:58 [INFO] Epoch: 0/30 -- Train Loss: 1.097 -- Validation Loss: 0.230 -- Validation ACC: 0.889 -- Validation F1: 0.900
2024-07-17,13:04:13 [INFO] Epoch: 10/30 -- Train Loss: 0.441 -- Validation Loss: 0.249 -- Validation ACC: 0.833 -- Validation F1: 0.824
2024-07-17,13:04:26 [INFO] Epoch: 20/30 -- Train Loss: 0.438 -- Validation Loss: 0.233 -- Validation ACC: 0.889 -- Validation F1: 0.900
2024-07-17,13:04:32 [INFO] Epoch: 24/30 -- Train Loss: 0.741 -- Validation Loss: 0.238 -- Validation ACC: 0.889 -- Validation F1: 0.900
2024-07-17,13:04:34 [INFO] Epoch: 25/30 -- Train Loss: 0.348 -- Validation Loss: 0.237 -- Validation ACC: 0.889 -- Validation F1: 0.900
2024-07-17,13:04:35 [INFO] Epoch: 26/30 -- Train Loss: 0.911 -- Validation Loss: 0.236 -- Validation ACC: 0.889 -- Validation F1: 0.900
2024-07-17,13:04:37 [INFO] Epoch: 27/30 -- Train Loss: 0.373 -- Validation Loss: 0.235 -- Validation ACC: 0.889 -- Validation F1: 0.900
2024-07-17,13:04:38 [INFO] Epoch: 28/30 -- Train Loss: 0.599 -- Validation Loss: 0.237 -- Validation ACC: 0.889 -- Validation F1: 0.900
2024-07-17,13:04:40 [INFO] Epoch: 29/30 -- Train Loss: 0.647 -- Validation Loss: 0.241 -- Validation ACC: 0.889 -- Validation F1: 0.900
2024-07-17,13:04:40 [INFO] Run 3/5: Average Over Last 6 epochs -- Valid ACC: 0.888888888888889 -- Valid F1-score: 0.8999999761581421
2024-07-17,13:04:40 [INFO] Test Results of Run 3/5: -- Test Loss: 0.896 -- Test ACC: 0.722 -- Test F1: 0.765
2024-07-17,13:04:42 [INFO] Epoch: 0/30 -- Train Loss: 1.034 -- Validation Loss: 0.249 -- Validation ACC: 0.833 -- Validation F1: 0.824
2024-07-17,13:04:57 [INFO] Epoch: 10/30 -- Train Loss: 1.512 -- Validation Loss: 0.250 -- Validation ACC: 0.778 -- Validation F1: 0.778
2024-07-17,13:05:11 [INFO] Epoch: 20/30 -- Train Loss: 0.647 -- Validation Loss: 0.242 -- Validation ACC: 0.889 -- Validation F1: 0.900
2024-07-17,13:05:17 [INFO] Epoch: 24/30 -- Train Loss: 0.440 -- Validation Loss: 0.233 -- Validation ACC: 0.889 -- Validation F1: 0.900
2024-07-17,13:05:19 [INFO] Epoch: 25/30 -- Train Loss: 0.797 -- Validation Loss: 0.233 -- Validation ACC: 0.889 -- Validation F1: 0.900
2024-07-17,13:05:20 [INFO] Epoch: 26/30 -- Train Loss: 0.638 -- Validation Loss: 0.241 -- Validation ACC: 0.889 -- Validation F1: 0.900
2024-07-17,13:05:22 [INFO] Epoch: 27/30 -- Train Loss: 1.317 -- Validation Loss: 0.266 -- Validation ACC: 0.833 -- Validation F1: 0.824
2024-07-17,13:05:24 [INFO] Epoch: 28/30 -- Train Loss: 0.664 -- Validation Loss: 0.267 -- Validation ACC: 0.833 -- Validation F1: 0.824
2024-07-17,13:05:25 [INFO] Epoch: 29/30 -- Train Loss: 0.897 -- Validation Loss: 0.256 -- Validation ACC: 0.833 -- Validation F1: 0.824
2024-07-17,13:05:25 [INFO] Run 4/5: Average Over Last 6 epochs -- Valid ACC: 0.861111111111111 -- Valid F1-score: 0.8617646992206573
2024-07-17,13:05:26 [INFO] Test Results of Run 4/5: -- Test Loss: 0.865 -- Test ACC: 0.678 -- Test F1: 0.704
2024-07-17,13:05:26 [INFO] Validation average after 5 runs -- ACC: 0.874 -- F1-score: 0.879
2024-07-17,13:05:26 [INFO] Test average after 5 runs -- ACC: 0.703 -- F1-score: 0.736
2024-07-17,13:05:26 [INFO] Finished round 5/10 of experiments!
2024-07-17,13:05:26 [INFO] Started round 6/10 of experiments!
2024-07-17,13:05:28 [INFO] Loading previous pretrained model at ./pretrained/GCN_Pretrained_2024-07-01-15-07-56.pth
2024-07-17,13:05:28 [INFO] Pretrained GNN on Source Dataset -- Test Loss: 0.661 -- Test ACC: 0.626 -- Test F1-score: 0.770
2024-07-17,13:05:29 [INFO] Pretrained GNN on Target Dataset Without Prompting: -- Validation Loss: 0.641 -- Validation ACC: 0.667 -- Validation F1-score: 0.800 -- Test Loss: 0.687 -- Test ACC: 0.574 -- Test F1-score: 0.729
2024-07-17,13:05:31 [INFO] Epoch: 0/30 -- Train Loss: 0.928 -- Validation Loss: 0.641 -- Validation ACC: 0.667 -- Validation F1: 0.800
2024-07-17,13:05:45 [INFO] Epoch: 10/30 -- Train Loss: 0.925 -- Validation Loss: 0.641 -- Validation ACC: 0.667 -- Validation F1: 0.800
2024-07-17,13:05:59 [INFO] Epoch: 20/30 -- Train Loss: 0.925 -- Validation Loss: 0.641 -- Validation ACC: 0.667 -- Validation F1: 0.800
2024-07-17,13:06:04 [INFO] Epoch: 24/30 -- Train Loss: 0.925 -- Validation Loss: 0.641 -- Validation ACC: 0.667 -- Validation F1: 0.800
2024-07-17,13:06:06 [INFO] Epoch: 25/30 -- Train Loss: 0.925 -- Validation Loss: 0.641 -- Validation ACC: 0.667 -- Validation F1: 0.800
2024-07-17,13:06:08 [INFO] Epoch: 26/30 -- Train Loss: 0.925 -- Validation Loss: 0.641 -- Validation ACC: 0.667 -- Validation F1: 0.800
2024-07-17,13:06:10 [INFO] Epoch: 27/30 -- Train Loss: 0.925 -- Validation Loss: 0.641 -- Validation ACC: 0.667 -- Validation F1: 0.800
2024-07-17,13:06:11 [INFO] Epoch: 28/30 -- Train Loss: 0.925 -- Validation Loss: 0.641 -- Validation ACC: 0.667 -- Validation F1: 0.800
2024-07-17,13:06:13 [INFO] Epoch: 29/30 -- Train Loss: 0.925 -- Validation Loss: 0.641 -- Validation ACC: 0.667 -- Validation F1: 0.800
2024-07-17,13:06:13 [INFO] Run 0/5: Average Over Last 6 epochs -- Valid ACC: 0.6666666666666666 -- Valid F1-score: 0.800000011920929
2024-07-17,13:06:14 [INFO] Test Results of Run 0/5: -- Test Loss: 0.687 -- Test ACC: 0.574 -- Test F1: 0.729
2024-07-17,13:06:15 [INFO] Epoch: 0/30 -- Train Loss: 0.927 -- Validation Loss: 0.641 -- Validation ACC: 0.667 -- Validation F1: 0.800
2024-07-17,13:06:30 [INFO] Epoch: 10/30 -- Train Loss: 0.925 -- Validation Loss: 0.641 -- Validation ACC: 0.667 -- Validation F1: 0.800
2024-07-17,13:06:43 [INFO] Epoch: 20/30 -- Train Loss: 0.925 -- Validation Loss: 0.641 -- Validation ACC: 0.667 -- Validation F1: 0.800
2024-07-17,13:06:49 [INFO] Epoch: 24/30 -- Train Loss: 0.925 -- Validation Loss: 0.641 -- Validation ACC: 0.667 -- Validation F1: 0.800
2024-07-17,13:06:51 [INFO] Epoch: 25/30 -- Train Loss: 0.925 -- Validation Loss: 0.641 -- Validation ACC: 0.667 -- Validation F1: 0.800
2024-07-17,13:06:52 [INFO] Epoch: 26/30 -- Train Loss: 0.925 -- Validation Loss: 0.641 -- Validation ACC: 0.667 -- Validation F1: 0.800
2024-07-17,13:06:54 [INFO] Epoch: 27/30 -- Train Loss: 0.925 -- Validation Loss: 0.641 -- Validation ACC: 0.667 -- Validation F1: 0.800
2024-07-17,13:06:56 [INFO] Epoch: 28/30 -- Train Loss: 0.925 -- Validation Loss: 0.641 -- Validation ACC: 0.667 -- Validation F1: 0.800
2024-07-17,13:06:58 [INFO] Epoch: 29/30 -- Train Loss: 0.925 -- Validation Loss: 0.641 -- Validation ACC: 0.667 -- Validation F1: 0.800
2024-07-17,13:06:58 [INFO] Run 1/5: Average Over Last 6 epochs -- Valid ACC: 0.6666666666666666 -- Valid F1-score: 0.800000011920929
2024-07-17,13:06:59 [INFO] Test Results of Run 1/5: -- Test Loss: 0.687 -- Test ACC: 0.574 -- Test F1: 0.729
2024-07-17,13:07:00 [INFO] Epoch: 0/30 -- Train Loss: 0.927 -- Validation Loss: 0.641 -- Validation ACC: 0.667 -- Validation F1: 0.800
2024-07-17,13:07:15 [INFO] Epoch: 10/30 -- Train Loss: 0.925 -- Validation Loss: 0.641 -- Validation ACC: 0.667 -- Validation F1: 0.800
2024-07-17,13:07:29 [INFO] Epoch: 20/30 -- Train Loss: 0.925 -- Validation Loss: 0.641 -- Validation ACC: 0.667 -- Validation F1: 0.800
2024-07-17,13:07:35 [INFO] Epoch: 24/30 -- Train Loss: 0.925 -- Validation Loss: 0.641 -- Validation ACC: 0.667 -- Validation F1: 0.800
2024-07-17,13:07:36 [INFO] Epoch: 25/30 -- Train Loss: 0.925 -- Validation Loss: 0.641 -- Validation ACC: 0.667 -- Validation F1: 0.800
2024-07-17,13:07:38 [INFO] Epoch: 26/30 -- Train Loss: 0.925 -- Validation Loss: 0.641 -- Validation ACC: 0.667 -- Validation F1: 0.800
2024-07-17,13:07:40 [INFO] Epoch: 27/30 -- Train Loss: 0.925 -- Validation Loss: 0.641 -- Validation ACC: 0.667 -- Validation F1: 0.800
2024-07-17,13:07:41 [INFO] Epoch: 28/30 -- Train Loss: 0.925 -- Validation Loss: 0.641 -- Validation ACC: 0.667 -- Validation F1: 0.800
2024-07-17,13:07:43 [INFO] Epoch: 29/30 -- Train Loss: 0.925 -- Validation Loss: 0.641 -- Validation ACC: 0.667 -- Validation F1: 0.800
2024-07-17,13:07:43 [INFO] Run 2/5: Average Over Last 6 epochs -- Valid ACC: 0.6666666666666666 -- Valid F1-score: 0.800000011920929
2024-07-17,13:07:44 [INFO] Test Results of Run 2/5: -- Test Loss: 0.687 -- Test ACC: 0.574 -- Test F1: 0.729
2024-07-17,13:07:46 [INFO] Epoch: 0/30 -- Train Loss: 0.927 -- Validation Loss: 0.641 -- Validation ACC: 0.667 -- Validation F1: 0.800
2024-07-17,13:08:00 [INFO] Epoch: 10/30 -- Train Loss: 0.925 -- Validation Loss: 0.641 -- Validation ACC: 0.667 -- Validation F1: 0.800
2024-07-17,13:08:14 [INFO] Epoch: 20/30 -- Train Loss: 0.925 -- Validation Loss: 0.641 -- Validation ACC: 0.667 -- Validation F1: 0.800
2024-07-17,13:08:19 [INFO] Epoch: 24/30 -- Train Loss: 0.925 -- Validation Loss: 0.641 -- Validation ACC: 0.667 -- Validation F1: 0.800
2024-07-17,13:08:21 [INFO] Epoch: 25/30 -- Train Loss: 0.925 -- Validation Loss: 0.641 -- Validation ACC: 0.667 -- Validation F1: 0.800
2024-07-17,13:08:22 [INFO] Epoch: 26/30 -- Train Loss: 0.925 -- Validation Loss: 0.641 -- Validation ACC: 0.667 -- Validation F1: 0.800
2024-07-17,13:08:24 [INFO] Epoch: 27/30 -- Train Loss: 0.925 -- Validation Loss: 0.641 -- Validation ACC: 0.667 -- Validation F1: 0.800
2024-07-17,13:08:26 [INFO] Epoch: 28/30 -- Train Loss: 0.925 -- Validation Loss: 0.641 -- Validation ACC: 0.667 -- Validation F1: 0.800
2024-07-17,13:08:28 [INFO] Epoch: 29/30 -- Train Loss: 0.925 -- Validation Loss: 0.641 -- Validation ACC: 0.667 -- Validation F1: 0.800
2024-07-17,13:08:28 [INFO] Run 3/5: Average Over Last 6 epochs -- Valid ACC: 0.6666666666666666 -- Valid F1-score: 0.800000011920929
2024-07-17,13:08:28 [INFO] Test Results of Run 3/5: -- Test Loss: 0.687 -- Test ACC: 0.574 -- Test F1: 0.729
2024-07-17,13:08:30 [INFO] Epoch: 0/30 -- Train Loss: 0.927 -- Validation Loss: 0.641 -- Validation ACC: 0.667 -- Validation F1: 0.800
2024-07-17,13:08:44 [INFO] Epoch: 10/30 -- Train Loss: 0.925 -- Validation Loss: 0.641 -- Validation ACC: 0.667 -- Validation F1: 0.800
2024-07-17,13:08:59 [INFO] Epoch: 20/30 -- Train Loss: 0.925 -- Validation Loss: 0.641 -- Validation ACC: 0.667 -- Validation F1: 0.800
2024-07-17,13:09:04 [INFO] Epoch: 24/30 -- Train Loss: 0.925 -- Validation Loss: 0.641 -- Validation ACC: 0.667 -- Validation F1: 0.800
2024-07-17,13:09:06 [INFO] Epoch: 25/30 -- Train Loss: 0.925 -- Validation Loss: 0.641 -- Validation ACC: 0.667 -- Validation F1: 0.800
2024-07-17,13:09:07 [INFO] Epoch: 26/30 -- Train Loss: 0.925 -- Validation Loss: 0.641 -- Validation ACC: 0.667 -- Validation F1: 0.800
2024-07-17,13:09:09 [INFO] Epoch: 27/30 -- Train Loss: 0.925 -- Validation Loss: 0.641 -- Validation ACC: 0.667 -- Validation F1: 0.800
2024-07-17,13:09:11 [INFO] Epoch: 28/30 -- Train Loss: 0.925 -- Validation Loss: 0.641 -- Validation ACC: 0.667 -- Validation F1: 0.800
2024-07-17,13:09:13 [INFO] Epoch: 29/30 -- Train Loss: 0.925 -- Validation Loss: 0.641 -- Validation ACC: 0.667 -- Validation F1: 0.800
2024-07-17,13:09:13 [INFO] Run 4/5: Average Over Last 6 epochs -- Valid ACC: 0.6666666666666666 -- Valid F1-score: 0.800000011920929
2024-07-17,13:09:14 [INFO] Test Results of Run 4/5: -- Test Loss: 0.687 -- Test ACC: 0.574 -- Test F1: 0.729
2024-07-17,13:09:14 [INFO] Validation average after 5 runs -- ACC: 0.667 -- F1-score: 0.800
2024-07-17,13:09:14 [INFO] Test average after 5 runs -- ACC: 0.574 -- F1-score: 0.729
2024-07-17,13:09:14 [INFO] Finished round 6/10 of experiments!
2024-07-17,13:09:14 [INFO] Started round 7/10 of experiments!
2024-07-17,13:09:14 [INFO] Loading previous pretrained model at ./pretrained/GCN_Pretrained_2024-07-01-15-10-20.pth
2024-07-17,13:09:15 [INFO] Pretrained GNN on Source Dataset -- Test Loss: 0.642 -- Test ACC: 0.670 -- Test F1-score: 0.708
2024-07-17,13:09:16 [INFO] Pretrained GNN on Target Dataset Without Prompting: -- Validation Loss: 0.357 -- Validation ACC: 0.833 -- Validation F1-score: 0.870 -- Test Loss: 0.708 -- Test ACC: 0.609 -- Test F1-score: 0.640
2024-07-17,13:09:18 [INFO] Epoch: 0/30 -- Train Loss: 0.781 -- Validation Loss: 0.359 -- Validation ACC: 0.833 -- Validation F1: 0.870
2024-07-17,13:09:31 [INFO] Epoch: 10/30 -- Train Loss: 0.881 -- Validation Loss: 0.339 -- Validation ACC: 0.833 -- Validation F1: 0.870
2024-07-17,13:09:45 [INFO] Epoch: 20/30 -- Train Loss: 0.787 -- Validation Loss: 0.342 -- Validation ACC: 0.833 -- Validation F1: 0.870
2024-07-17,13:09:51 [INFO] Epoch: 24/30 -- Train Loss: 0.502 -- Validation Loss: 0.332 -- Validation ACC: 0.833 -- Validation F1: 0.870
2024-07-17,13:09:53 [INFO] Epoch: 25/30 -- Train Loss: 0.620 -- Validation Loss: 0.298 -- Validation ACC: 0.833 -- Validation F1: 0.880
2024-07-17,13:09:55 [INFO] Epoch: 26/30 -- Train Loss: 1.406 -- Validation Loss: 0.293 -- Validation ACC: 0.833 -- Validation F1: 0.880
2024-07-17,13:09:57 [INFO] Epoch: 27/30 -- Train Loss: 0.560 -- Validation Loss: 0.301 -- Validation ACC: 0.833 -- Validation F1: 0.870
2024-07-17,13:09:59 [INFO] Epoch: 28/30 -- Train Loss: 0.929 -- Validation Loss: 0.321 -- Validation ACC: 0.833 -- Validation F1: 0.870
2024-07-17,13:10:01 [INFO] Epoch: 29/30 -- Train Loss: 0.791 -- Validation Loss: 0.331 -- Validation ACC: 0.833 -- Validation F1: 0.870
2024-07-17,13:10:01 [INFO] Run 0/5: Average Over Last 6 epochs -- Valid ACC: 0.8333333333333334 -- Valid F1-score: 0.8730434576670328
2024-07-17,13:10:02 [INFO] Test Results of Run 0/5: -- Test Loss: 0.708 -- Test ACC: 0.626 -- Test F1: 0.661
2024-07-17,13:10:04 [INFO] Epoch: 0/30 -- Train Loss: 1.030 -- Validation Loss: 0.321 -- Validation ACC: 0.833 -- Validation F1: 0.870
2024-07-17,13:10:18 [INFO] Epoch: 10/30 -- Train Loss: 0.373 -- Validation Loss: 0.376 -- Validation ACC: 0.778 -- Validation F1: 0.818
2024-07-17,13:10:31 [INFO] Epoch: 20/30 -- Train Loss: 0.408 -- Validation Loss: 0.295 -- Validation ACC: 0.833 -- Validation F1: 0.880
2024-07-17,13:10:37 [INFO] Epoch: 24/30 -- Train Loss: 0.636 -- Validation Loss: 0.314 -- Validation ACC: 0.833 -- Validation F1: 0.870
2024-07-17,13:10:39 [INFO] Epoch: 25/30 -- Train Loss: 1.020 -- Validation Loss: 0.313 -- Validation ACC: 0.833 -- Validation F1: 0.870
2024-07-17,13:10:41 [INFO] Epoch: 26/30 -- Train Loss: 1.287 -- Validation Loss: 0.335 -- Validation ACC: 0.833 -- Validation F1: 0.870
2024-07-17,13:10:43 [INFO] Epoch: 27/30 -- Train Loss: 1.059 -- Validation Loss: 0.368 -- Validation ACC: 0.833 -- Validation F1: 0.870
2024-07-17,13:10:44 [INFO] Epoch: 28/30 -- Train Loss: 0.726 -- Validation Loss: 0.367 -- Validation ACC: 0.833 -- Validation F1: 0.870
2024-07-17,13:10:46 [INFO] Epoch: 29/30 -- Train Loss: 1.133 -- Validation Loss: 0.346 -- Validation ACC: 0.833 -- Validation F1: 0.870
2024-07-17,13:10:46 [INFO] Run 1/5: Average Over Last 6 epochs -- Valid ACC: 0.8333333333333334 -- Valid F1-score: 0.8695651888847351
2024-07-17,13:10:47 [INFO] Test Results of Run 1/5: -- Test Loss: 0.705 -- Test ACC: 0.609 -- Test F1: 0.640
2024-07-17,13:10:49 [INFO] Epoch: 0/30 -- Train Loss: 0.632 -- Validation Loss: 0.347 -- Validation ACC: 0.833 -- Validation F1: 0.870
2024-07-17,13:11:03 [INFO] Epoch: 10/30 -- Train Loss: 0.786 -- Validation Loss: 0.354 -- Validation ACC: 0.833 -- Validation F1: 0.870
2024-07-17,13:11:17 [INFO] Epoch: 20/30 -- Train Loss: 0.807 -- Validation Loss: 0.359 -- Validation ACC: 0.833 -- Validation F1: 0.870
2024-07-17,13:11:23 [INFO] Epoch: 24/30 -- Train Loss: 0.381 -- Validation Loss: 0.296 -- Validation ACC: 0.833 -- Validation F1: 0.880
2024-07-17,13:11:24 [INFO] Epoch: 25/30 -- Train Loss: 0.474 -- Validation Loss: 0.298 -- Validation ACC: 0.833 -- Validation F1: 0.880
2024-07-17,13:11:26 [INFO] Epoch: 26/30 -- Train Loss: 0.929 -- Validation Loss: 0.294 -- Validation ACC: 0.833 -- Validation F1: 0.880
2024-07-17,13:11:28 [INFO] Epoch: 27/30 -- Train Loss: 0.921 -- Validation Loss: 0.292 -- Validation ACC: 0.833 -- Validation F1: 0.880
2024-07-17,13:11:30 [INFO] Epoch: 28/30 -- Train Loss: 0.633 -- Validation Loss: 0.290 -- Validation ACC: 0.833 -- Validation F1: 0.880
2024-07-17,13:11:32 [INFO] Epoch: 29/30 -- Train Loss: 1.096 -- Validation Loss: 0.283 -- Validation ACC: 0.833 -- Validation F1: 0.880
2024-07-17,13:11:32 [INFO] Run 2/5: Average Over Last 6 epochs -- Valid ACC: 0.8333333333333334 -- Valid F1-score: 0.8799999952316284
2024-07-17,13:11:32 [INFO] Test Results of Run 2/5: -- Test Loss: 0.735 -- Test ACC: 0.626 -- Test F1: 0.686
2024-07-17,13:11:34 [INFO] Epoch: 0/30 -- Train Loss: 0.787 -- Validation Loss: 0.393 -- Validation ACC: 0.778 -- Validation F1: 0.818
2024-07-17,13:11:48 [INFO] Epoch: 10/30 -- Train Loss: 0.916 -- Validation Loss: 0.272 -- Validation ACC: 0.833 -- Validation F1: 0.880
2024-07-17,13:12:01 [INFO] Epoch: 20/30 -- Train Loss: 0.679 -- Validation Loss: 0.291 -- Validation ACC: 0.833 -- Validation F1: 0.880
2024-07-17,13:12:07 [INFO] Epoch: 24/30 -- Train Loss: 0.470 -- Validation Loss: 0.352 -- Validation ACC: 0.833 -- Validation F1: 0.870
2024-07-17,13:12:09 [INFO] Epoch: 25/30 -- Train Loss: 0.592 -- Validation Loss: 0.349 -- Validation ACC: 0.833 -- Validation F1: 0.870
2024-07-17,13:12:11 [INFO] Epoch: 26/30 -- Train Loss: 0.795 -- Validation Loss: 0.362 -- Validation ACC: 0.833 -- Validation F1: 0.870
2024-07-17,13:12:13 [INFO] Epoch: 27/30 -- Train Loss: 0.851 -- Validation Loss: 0.362 -- Validation ACC: 0.833 -- Validation F1: 0.870
2024-07-17,13:12:14 [INFO] Epoch: 28/30 -- Train Loss: 1.168 -- Validation Loss: 0.353 -- Validation ACC: 0.833 -- Validation F1: 0.870
2024-07-17,13:12:16 [INFO] Epoch: 29/30 -- Train Loss: 0.983 -- Validation Loss: 0.353 -- Validation ACC: 0.833 -- Validation F1: 0.870
2024-07-17,13:12:16 [INFO] Run 3/5: Average Over Last 6 epochs -- Valid ACC: 0.8333333333333334 -- Valid F1-score: 0.8695651888847351
2024-07-17,13:12:17 [INFO] Test Results of Run 3/5: -- Test Loss: 0.705 -- Test ACC: 0.609 -- Test F1: 0.640
2024-07-17,13:12:19 [INFO] Epoch: 0/30 -- Train Loss: 1.124 -- Validation Loss: 0.358 -- Validation ACC: 0.833 -- Validation F1: 0.870
2024-07-17,13:12:33 [INFO] Epoch: 10/30 -- Train Loss: 1.189 -- Validation Loss: 0.287 -- Validation ACC: 0.833 -- Validation F1: 0.880
2024-07-17,13:12:46 [INFO] Epoch: 20/30 -- Train Loss: 0.758 -- Validation Loss: 0.299 -- Validation ACC: 0.833 -- Validation F1: 0.880
2024-07-17,13:12:52 [INFO] Epoch: 24/30 -- Train Loss: 0.882 -- Validation Loss: 0.322 -- Validation ACC: 0.833 -- Validation F1: 0.870
2024-07-17,13:12:54 [INFO] Epoch: 25/30 -- Train Loss: 0.775 -- Validation Loss: 0.340 -- Validation ACC: 0.833 -- Validation F1: 0.870
2024-07-17,13:12:56 [INFO] Epoch: 26/30 -- Train Loss: 0.963 -- Validation Loss: 0.359 -- Validation ACC: 0.833 -- Validation F1: 0.870
2024-07-17,13:12:58 [INFO] Epoch: 27/30 -- Train Loss: 0.866 -- Validation Loss: 0.363 -- Validation ACC: 0.833 -- Validation F1: 0.870
2024-07-17,13:13:00 [INFO] Epoch: 28/30 -- Train Loss: 0.893 -- Validation Loss: 0.367 -- Validation ACC: 0.778 -- Validation F1: 0.818
2024-07-17,13:13:01 [INFO] Epoch: 29/30 -- Train Loss: 0.780 -- Validation Loss: 0.362 -- Validation ACC: 0.833 -- Validation F1: 0.870
2024-07-17,13:13:01 [INFO] Run 4/5: Average Over Last 6 epochs -- Valid ACC: 0.8240740740740741 -- Valid F1-score: 0.8610012928644816
2024-07-17,13:13:02 [INFO] Test Results of Run 4/5: -- Test Loss: 0.704 -- Test ACC: 0.617 -- Test F1: 0.645
2024-07-17,13:13:02 [INFO] Validation average after 5 runs -- ACC: 0.831 -- F1-score: 0.871
2024-07-17,13:13:02 [INFO] Test average after 5 runs -- ACC: 0.617 -- F1-score: 0.655
2024-07-17,13:13:02 [INFO] Finished round 7/10 of experiments!
2024-07-17,13:13:02 [INFO] Started round 8/10 of experiments!
2024-07-17,13:13:03 [INFO] Loading previous pretrained model at ./pretrained/GCN_Pretrained_2024-07-01-15-12-47.pth
2024-07-17,13:13:04 [INFO] Pretrained GNN on Source Dataset -- Test Loss: 0.883 -- Test ACC: 0.696 -- Test F1-score: 0.733
2024-07-17,13:13:04 [INFO] Pretrained GNN on Target Dataset Without Prompting: -- Validation Loss: 0.933 -- Validation ACC: 0.833 -- Validation F1-score: 0.889 -- Test Loss: 1.174 -- Test ACC: 0.652 -- Test F1-score: 0.714
2024-07-17,13:13:06 [INFO] Epoch: 0/30 -- Train Loss: 1.222 -- Validation Loss: 0.986 -- Validation ACC: 0.778 -- Validation F1: 0.846
2024-07-17,13:13:20 [INFO] Epoch: 10/30 -- Train Loss: 0.952 -- Validation Loss: 0.927 -- Validation ACC: 0.833 -- Validation F1: 0.889
2024-07-17,13:13:34 [INFO] Epoch: 20/30 -- Train Loss: 0.858 -- Validation Loss: 0.963 -- Validation ACC: 0.778 -- Validation F1: 0.833
2024-07-17,13:13:40 [INFO] Epoch: 24/30 -- Train Loss: 1.049 -- Validation Loss: 0.932 -- Validation ACC: 0.833 -- Validation F1: 0.889
2024-07-17,13:13:41 [INFO] Epoch: 25/30 -- Train Loss: 0.994 -- Validation Loss: 0.931 -- Validation ACC: 0.833 -- Validation F1: 0.889
2024-07-17,13:13:43 [INFO] Epoch: 26/30 -- Train Loss: 0.813 -- Validation Loss: 0.938 -- Validation ACC: 0.833 -- Validation F1: 0.889
2024-07-17,13:13:45 [INFO] Epoch: 27/30 -- Train Loss: 0.702 -- Validation Loss: 0.946 -- Validation ACC: 0.833 -- Validation F1: 0.889
2024-07-17,13:13:47 [INFO] Epoch: 28/30 -- Train Loss: 0.735 -- Validation Loss: 0.951 -- Validation ACC: 0.833 -- Validation F1: 0.889
2024-07-17,13:13:48 [INFO] Epoch: 29/30 -- Train Loss: 0.599 -- Validation Loss: 0.959 -- Validation ACC: 0.833 -- Validation F1: 0.889
2024-07-17,13:13:48 [INFO] Run 0/5: Average Over Last 6 epochs -- Valid ACC: 0.8333333333333334 -- Valid F1-score: 0.8888888955116272
2024-07-17,13:13:49 [INFO] Test Results of Run 0/5: -- Test Loss: 1.162 -- Test ACC: 0.661 -- Test F1: 0.719
2024-07-17,13:13:52 [INFO] Epoch: 0/30 -- Train Loss: 0.414 -- Validation Loss: 0.959 -- Validation ACC: 0.833 -- Validation F1: 0.889
2024-07-17,13:14:05 [INFO] Epoch: 10/30 -- Train Loss: 0.916 -- Validation Loss: 0.969 -- Validation ACC: 0.833 -- Validation F1: 0.889
2024-07-17,13:14:19 [INFO] Epoch: 20/30 -- Train Loss: 0.498 -- Validation Loss: 0.931 -- Validation ACC: 0.778 -- Validation F1: 0.833
2024-07-17,13:14:25 [INFO] Epoch: 24/30 -- Train Loss: 0.502 -- Validation Loss: 0.921 -- Validation ACC: 0.833 -- Validation F1: 0.889
2024-07-17,13:14:27 [INFO] Epoch: 25/30 -- Train Loss: 0.792 -- Validation Loss: 0.924 -- Validation ACC: 0.778 -- Validation F1: 0.857
2024-07-17,13:14:29 [INFO] Epoch: 26/30 -- Train Loss: 0.366 -- Validation Loss: 0.928 -- Validation ACC: 0.778 -- Validation F1: 0.857
2024-07-17,13:14:31 [INFO] Epoch: 27/30 -- Train Loss: 0.475 -- Validation Loss: 0.927 -- Validation ACC: 0.833 -- Validation F1: 0.889
2024-07-17,13:14:32 [INFO] Epoch: 28/30 -- Train Loss: 0.739 -- Validation Loss: 0.920 -- Validation ACC: 0.833 -- Validation F1: 0.889
2024-07-17,13:14:34 [INFO] Epoch: 29/30 -- Train Loss: 0.494 -- Validation Loss: 0.917 -- Validation ACC: 0.833 -- Validation F1: 0.889
2024-07-17,13:14:34 [INFO] Run 1/5: Average Over Last 6 epochs -- Valid ACC: 0.8148148148148148 -- Valid F1-score: 0.8783068855603536
2024-07-17,13:14:35 [INFO] Test Results of Run 1/5: -- Test Loss: 1.188 -- Test ACC: 0.661 -- Test F1: 0.727
2024-07-17,13:14:37 [INFO] Epoch: 0/30 -- Train Loss: 0.803 -- Validation Loss: 0.963 -- Validation ACC: 0.833 -- Validation F1: 0.880
2024-07-17,13:14:51 [INFO] Epoch: 10/30 -- Train Loss: 0.409 -- Validation Loss: 0.922 -- Validation ACC: 0.778 -- Validation F1: 0.846
2024-07-17,13:15:05 [INFO] Epoch: 20/30 -- Train Loss: 0.434 -- Validation Loss: 0.948 -- Validation ACC: 0.833 -- Validation F1: 0.889
2024-07-17,13:15:11 [INFO] Epoch: 24/30 -- Train Loss: 0.347 -- Validation Loss: 1.006 -- Validation ACC: 0.778 -- Validation F1: 0.857
2024-07-17,13:15:12 [INFO] Epoch: 25/30 -- Train Loss: 0.771 -- Validation Loss: 0.975 -- Validation ACC: 0.778 -- Validation F1: 0.857
2024-07-17,13:15:14 [INFO] Epoch: 26/30 -- Train Loss: 0.941 -- Validation Loss: 0.956 -- Validation ACC: 0.778 -- Validation F1: 0.857
2024-07-17,13:15:16 [INFO] Epoch: 27/30 -- Train Loss: 0.942 -- Validation Loss: 0.945 -- Validation ACC: 0.833 -- Validation F1: 0.889
2024-07-17,13:15:17 [INFO] Epoch: 28/30 -- Train Loss: 1.052 -- Validation Loss: 0.940 -- Validation ACC: 0.833 -- Validation F1: 0.889
2024-07-17,13:15:19 [INFO] Epoch: 29/30 -- Train Loss: 1.163 -- Validation Loss: 0.937 -- Validation ACC: 0.833 -- Validation F1: 0.889
2024-07-17,13:15:19 [INFO] Run 2/5: Average Over Last 6 epochs -- Valid ACC: 0.8055555555555555 -- Valid F1-score: 0.8730158805847168
2024-07-17,13:15:19 [INFO] Test Results of Run 2/5: -- Test Loss: 1.175 -- Test ACC: 0.652 -- Test F1: 0.710
2024-07-17,13:15:21 [INFO] Epoch: 0/30 -- Train Loss: 0.578 -- Validation Loss: 0.981 -- Validation ACC: 0.833 -- Validation F1: 0.889
2024-07-17,13:15:35 [INFO] Epoch: 10/30 -- Train Loss: 0.659 -- Validation Loss: 0.922 -- Validation ACC: 0.833 -- Validation F1: 0.889
2024-07-17,13:15:49 [INFO] Epoch: 20/30 -- Train Loss: 0.896 -- Validation Loss: 0.922 -- Validation ACC: 0.833 -- Validation F1: 0.889
2024-07-17,13:15:54 [INFO] Epoch: 24/30 -- Train Loss: 0.483 -- Validation Loss: 0.931 -- Validation ACC: 0.778 -- Validation F1: 0.857
2024-07-17,13:15:56 [INFO] Epoch: 25/30 -- Train Loss: 0.936 -- Validation Loss: 0.940 -- Validation ACC: 0.778 -- Validation F1: 0.857
2024-07-17,13:15:58 [INFO] Epoch: 26/30 -- Train Loss: 0.763 -- Validation Loss: 0.938 -- Validation ACC: 0.778 -- Validation F1: 0.857
2024-07-17,13:16:00 [INFO] Epoch: 27/30 -- Train Loss: 0.846 -- Validation Loss: 0.930 -- Validation ACC: 0.833 -- Validation F1: 0.889
2024-07-17,13:16:02 [INFO] Epoch: 28/30 -- Train Loss: 0.358 -- Validation Loss: 0.928 -- Validation ACC: 0.833 -- Validation F1: 0.889
2024-07-17,13:16:04 [INFO] Epoch: 29/30 -- Train Loss: 0.597 -- Validation Loss: 0.940 -- Validation ACC: 0.778 -- Validation F1: 0.846
2024-07-17,13:16:04 [INFO] Run 3/5: Average Over Last 6 epochs -- Valid ACC: 0.7962962962962963 -- Valid F1-score: 0.8658933738867441
2024-07-17,13:16:04 [INFO] Test Results of Run 3/5: -- Test Loss: 1.157 -- Test ACC: 0.652 -- Test F1: 0.710
2024-07-17,13:16:06 [INFO] Epoch: 0/30 -- Train Loss: 0.557 -- Validation Loss: 0.963 -- Validation ACC: 0.833 -- Validation F1: 0.880
2024-07-17,13:16:21 [INFO] Epoch: 10/30 -- Train Loss: 0.939 -- Validation Loss: 0.926 -- Validation ACC: 0.833 -- Validation F1: 0.889
2024-07-17,13:16:34 [INFO] Epoch: 20/30 -- Train Loss: 0.376 -- Validation Loss: 0.960 -- Validation ACC: 0.833 -- Validation F1: 0.889
2024-07-17,13:16:40 [INFO] Epoch: 24/30 -- Train Loss: 0.927 -- Validation Loss: 0.923 -- Validation ACC: 0.833 -- Validation F1: 0.889
2024-07-17,13:16:41 [INFO] Epoch: 25/30 -- Train Loss: 0.530 -- Validation Loss: 0.923 -- Validation ACC: 0.722 -- Validation F1: 0.800
2024-07-17,13:16:43 [INFO] Epoch: 26/30 -- Train Loss: 0.686 -- Validation Loss: 0.927 -- Validation ACC: 0.778 -- Validation F1: 0.833
2024-07-17,13:16:45 [INFO] Epoch: 27/30 -- Train Loss: 0.817 -- Validation Loss: 0.936 -- Validation ACC: 0.778 -- Validation F1: 0.833
2024-07-17,13:16:46 [INFO] Epoch: 28/30 -- Train Loss: 0.571 -- Validation Loss: 0.937 -- Validation ACC: 0.833 -- Validation F1: 0.880
2024-07-17,13:16:48 [INFO] Epoch: 29/30 -- Train Loss: 0.944 -- Validation Loss: 0.932 -- Validation ACC: 0.833 -- Validation F1: 0.889
2024-07-17,13:16:48 [INFO] Run 4/5: Average Over Last 6 epochs -- Valid ACC: 0.7962962962962963 -- Valid F1-score: 0.8540740708510081
2024-07-17,13:16:49 [INFO] Test Results of Run 4/5: -- Test Loss: 1.194 -- Test ACC: 0.661 -- Test F1: 0.719
2024-07-17,13:16:49 [INFO] Validation average after 5 runs -- ACC: 0.809 -- F1-score: 0.872
2024-07-17,13:16:49 [INFO] Test average after 5 runs -- ACC: 0.657 -- F1-score: 0.717
2024-07-17,13:16:49 [INFO] Finished round 8/10 of experiments!
2024-07-17,13:16:49 [INFO] Started round 9/10 of experiments!
2024-07-17,13:16:49 [INFO] Loading previous pretrained model at ./pretrained/GCN_Pretrained_2024-07-01-15-15-13.pth
2024-07-17,13:16:50 [INFO] Pretrained GNN on Source Dataset -- Test Loss: 0.947 -- Test ACC: 0.757 -- Test F1-score: 0.785
2024-07-17,13:16:51 [INFO] Pretrained GNN on Target Dataset Without Prompting: -- Validation Loss: 0.804 -- Validation ACC: 0.722 -- Validation F1-score: 0.762 -- Test Loss: 0.876 -- Test ACC: 0.739 -- Test F1-score: 0.789
2024-07-17,13:16:52 [INFO] Epoch: 0/30 -- Train Loss: 0.921 -- Validation Loss: 0.786 -- Validation ACC: 0.722 -- Validation F1: 0.762
2024-07-17,13:17:07 [INFO] Epoch: 10/30 -- Train Loss: 0.435 -- Validation Loss: 0.816 -- Validation ACC: 0.722 -- Validation F1: 0.762
2024-07-17,13:17:21 [INFO] Epoch: 20/30 -- Train Loss: 1.051 -- Validation Loss: 0.837 -- Validation ACC: 0.722 -- Validation F1: 0.762
2024-07-17,13:17:27 [INFO] Epoch: 24/30 -- Train Loss: 0.520 -- Validation Loss: 0.934 -- Validation ACC: 0.722 -- Validation F1: 0.762
2024-07-17,13:17:28 [INFO] Epoch: 25/30 -- Train Loss: 2.264 -- Validation Loss: 0.904 -- Validation ACC: 0.722 -- Validation F1: 0.762
2024-07-17,13:17:30 [INFO] Epoch: 26/30 -- Train Loss: 0.536 -- Validation Loss: 0.882 -- Validation ACC: 0.722 -- Validation F1: 0.762
2024-07-17,13:17:32 [INFO] Epoch: 27/30 -- Train Loss: 0.348 -- Validation Loss: 0.853 -- Validation ACC: 0.722 -- Validation F1: 0.762
2024-07-17,13:17:33 [INFO] Epoch: 28/30 -- Train Loss: 0.816 -- Validation Loss: 0.820 -- Validation ACC: 0.722 -- Validation F1: 0.762
2024-07-17,13:17:35 [INFO] Epoch: 29/30 -- Train Loss: 0.452 -- Validation Loss: 0.795 -- Validation ACC: 0.722 -- Validation F1: 0.762
2024-07-17,13:17:35 [INFO] Run 0/5: Average Over Last 6 epochs -- Valid ACC: 0.7222222222222222 -- Valid F1-score: 0.761904776096344
2024-07-17,13:17:35 [INFO] Test Results of Run 0/5: -- Test Loss: 0.865 -- Test ACC: 0.765 -- Test F1: 0.819
2024-07-17,13:17:37 [INFO] Epoch: 0/30 -- Train Loss: 0.396 -- Validation Loss: 0.821 -- Validation ACC: 0.722 -- Validation F1: 0.762
2024-07-17,13:17:52 [INFO] Epoch: 10/30 -- Train Loss: 0.514 -- Validation Loss: 0.726 -- Validation ACC: 0.722 -- Validation F1: 0.762
2024-07-17,13:18:07 [INFO] Epoch: 20/30 -- Train Loss: 0.458 -- Validation Loss: 0.733 -- Validation ACC: 0.778 -- Validation F1: 0.818
2024-07-17,13:18:12 [INFO] Epoch: 24/30 -- Train Loss: 1.815 -- Validation Loss: 0.852 -- Validation ACC: 0.722 -- Validation F1: 0.762
2024-07-17,13:18:14 [INFO] Epoch: 25/30 -- Train Loss: 1.029 -- Validation Loss: 0.860 -- Validation ACC: 0.722 -- Validation F1: 0.762
2024-07-17,13:18:16 [INFO] Epoch: 26/30 -- Train Loss: 1.021 -- Validation Loss: 0.832 -- Validation ACC: 0.722 -- Validation F1: 0.762
2024-07-17,13:18:18 [INFO] Epoch: 27/30 -- Train Loss: 0.456 -- Validation Loss: 0.812 -- Validation ACC: 0.722 -- Validation F1: 0.762
2024-07-17,13:18:19 [INFO] Epoch: 28/30 -- Train Loss: 0.717 -- Validation Loss: 0.807 -- Validation ACC: 0.722 -- Validation F1: 0.762
2024-07-17,13:18:21 [INFO] Epoch: 29/30 -- Train Loss: 0.500 -- Validation Loss: 0.788 -- Validation ACC: 0.722 -- Validation F1: 0.762
2024-07-17,13:18:21 [INFO] Run 1/5: Average Over Last 6 epochs -- Valid ACC: 0.7222222222222222 -- Valid F1-score: 0.761904776096344
2024-07-17,13:18:22 [INFO] Test Results of Run 1/5: -- Test Loss: 0.880 -- Test ACC: 0.791 -- Test F1: 0.842
2024-07-17,13:18:24 [INFO] Epoch: 0/30 -- Train Loss: 1.236 -- Validation Loss: 0.870 -- Validation ACC: 0.722 -- Validation F1: 0.762
2024-07-17,13:18:38 [INFO] Epoch: 10/30 -- Train Loss: 0.564 -- Validation Loss: 0.860 -- Validation ACC: 0.722 -- Validation F1: 0.762
2024-07-17,13:18:52 [INFO] Epoch: 20/30 -- Train Loss: 1.885 -- Validation Loss: 0.757 -- Validation ACC: 0.778 -- Validation F1: 0.818
2024-07-17,13:18:58 [INFO] Epoch: 24/30 -- Train Loss: 0.362 -- Validation Loss: 0.904 -- Validation ACC: 0.722 -- Validation F1: 0.762
2024-07-17,13:19:00 [INFO] Epoch: 25/30 -- Train Loss: 0.347 -- Validation Loss: 0.955 -- Validation ACC: 0.722 -- Validation F1: 0.762
2024-07-17,13:19:02 [INFO] Epoch: 26/30 -- Train Loss: 0.774 -- Validation Loss: 1.014 -- Validation ACC: 0.722 -- Validation F1: 0.762
2024-07-17,13:19:03 [INFO] Epoch: 27/30 -- Train Loss: 1.769 -- Validation Loss: 1.028 -- Validation ACC: 0.722 -- Validation F1: 0.762
2024-07-17,13:19:05 [INFO] Epoch: 28/30 -- Train Loss: 0.849 -- Validation Loss: 0.970 -- Validation ACC: 0.722 -- Validation F1: 0.762
2024-07-17,13:19:06 [INFO] Epoch: 29/30 -- Train Loss: 0.353 -- Validation Loss: 0.913 -- Validation ACC: 0.722 -- Validation F1: 0.762
2024-07-17,13:19:06 [INFO] Run 2/5: Average Over Last 6 epochs -- Valid ACC: 0.7222222222222222 -- Valid F1-score: 0.761904776096344
2024-07-17,13:19:07 [INFO] Test Results of Run 2/5: -- Test Loss: 0.934 -- Test ACC: 0.713 -- Test F1: 0.756
2024-07-17,13:19:09 [INFO] Epoch: 0/30 -- Train Loss: 0.893 -- Validation Loss: 0.856 -- Validation ACC: 0.722 -- Validation F1: 0.762
2024-07-17,13:19:23 [INFO] Epoch: 10/30 -- Train Loss: 0.573 -- Validation Loss: 0.845 -- Validation ACC: 0.722 -- Validation F1: 0.762
2024-07-17,13:19:38 [INFO] Epoch: 20/30 -- Train Loss: 0.818 -- Validation Loss: 0.772 -- Validation ACC: 0.722 -- Validation F1: 0.762
2024-07-17,13:19:44 [INFO] Epoch: 24/30 -- Train Loss: 0.842 -- Validation Loss: 0.788 -- Validation ACC: 0.722 -- Validation F1: 0.762
2024-07-17,13:19:45 [INFO] Epoch: 25/30 -- Train Loss: 0.397 -- Validation Loss: 0.844 -- Validation ACC: 0.722 -- Validation F1: 0.762
2024-07-17,13:19:47 [INFO] Epoch: 26/30 -- Train Loss: 0.434 -- Validation Loss: 0.861 -- Validation ACC: 0.722 -- Validation F1: 0.762
2024-07-17,13:19:49 [INFO] Epoch: 27/30 -- Train Loss: 0.354 -- Validation Loss: 0.835 -- Validation ACC: 0.722 -- Validation F1: 0.762
2024-07-17,13:19:51 [INFO] Epoch: 28/30 -- Train Loss: 0.453 -- Validation Loss: 0.786 -- Validation ACC: 0.722 -- Validation F1: 0.762
2024-07-17,13:19:52 [INFO] Epoch: 29/30 -- Train Loss: 0.356 -- Validation Loss: 0.754 -- Validation ACC: 0.722 -- Validation F1: 0.762
2024-07-17,13:19:52 [INFO] Run 3/5: Average Over Last 6 epochs -- Valid ACC: 0.7222222222222222 -- Valid F1-score: 0.761904776096344
2024-07-17,13:19:52 [INFO] Test Results of Run 3/5: -- Test Loss: 0.877 -- Test ACC: 0.774 -- Test F1: 0.822
2024-07-17,13:19:54 [INFO] Epoch: 0/30 -- Train Loss: 0.346 -- Validation Loss: 0.866 -- Validation ACC: 0.722 -- Validation F1: 0.762
2024-07-17,13:20:08 [INFO] Epoch: 10/30 -- Train Loss: 0.484 -- Validation Loss: 0.847 -- Validation ACC: 0.722 -- Validation F1: 0.762
2024-07-17,13:20:22 [INFO] Epoch: 20/30 -- Train Loss: 0.400 -- Validation Loss: 0.780 -- Validation ACC: 0.722 -- Validation F1: 0.762
2024-07-17,13:20:28 [INFO] Epoch: 24/30 -- Train Loss: 0.370 -- Validation Loss: 0.749 -- Validation ACC: 0.722 -- Validation F1: 0.762
2024-07-17,13:20:29 [INFO] Epoch: 25/30 -- Train Loss: 0.531 -- Validation Loss: 0.756 -- Validation ACC: 0.722 -- Validation F1: 0.762
2024-07-17,13:20:30 [INFO] Epoch: 26/30 -- Train Loss: 0.369 -- Validation Loss: 0.747 -- Validation ACC: 0.722 -- Validation F1: 0.762
2024-07-17,13:20:32 [INFO] Epoch: 27/30 -- Train Loss: 0.972 -- Validation Loss: 0.721 -- Validation ACC: 0.722 -- Validation F1: 0.762
2024-07-17,13:20:33 [INFO] Epoch: 28/30 -- Train Loss: 0.359 -- Validation Loss: 0.756 -- Validation ACC: 0.722 -- Validation F1: 0.762
2024-07-17,13:20:34 [INFO] Epoch: 29/30 -- Train Loss: 0.492 -- Validation Loss: 0.812 -- Validation ACC: 0.722 -- Validation F1: 0.762
2024-07-17,13:20:34 [INFO] Run 4/5: Average Over Last 6 epochs -- Valid ACC: 0.7222222222222222 -- Valid F1-score: 0.761904776096344
2024-07-17,13:20:35 [INFO] Test Results of Run 4/5: -- Test Loss: 0.934 -- Test ACC: 0.713 -- Test F1: 0.756
2024-07-17,13:20:35 [INFO] Validation average after 5 runs -- ACC: 0.722 -- F1-score: 0.762
2024-07-17,13:20:35 [INFO] Test average after 5 runs -- ACC: 0.751 -- F1-score: 0.799
2024-07-17,13:20:35 [INFO] Finished round 9/10 of experiments!
2024-07-17,13:20:35 [INFO] Final results: -- Source Test Acc: 0.703 -- Source Test F1: 0.750 -- Target Valid Acc: 0.711 -- Target Valid F1: 0.770 -- Target Test Acc: 0.686 -- Target Test F1: 0.747 -- Prompt Test Acc: 0.687 -- Prompt Valid Acc: 0.709 -- Prompt Test F1: 0.751 -- Prompt Valid F1: 0.768
2024-07-17,13:20:35 [INFO] Pretrained modela are saved to: ./pretrained/GCN_Pretrained_2024-07-01-14-54-05.pth ./pretrained/GCN_Pretrained_2024-07-01-14-56-23.pth ./pretrained/GCN_Pretrained_2024-07-01-14-58-41.pth ./pretrained/GCN_Pretrained_2024-07-01-15-00-59.pth ./pretrained/GCN_Pretrained_2024-07-01-15-03-17.pth ./pretrained/GCN_Pretrained_2024-07-01-15-05-37.pth ./pretrained/GCN_Pretrained_2024-07-01-15-07-56.pth ./pretrained/GCN_Pretrained_2024-07-01-15-10-20.pth ./pretrained/GCN_Pretrained_2024-07-01-15-12-47.pth ./pretrained/GCN_Pretrained_2024-07-01-15-15-13.pth
