2024-07-22,14:07:23 [INFO] Logging to: ./log/2024-07-22-14-07-23.log
2024-07-22,14:07:23 [INFO] Reading config from: ./config/dhfr.yaml
2024-07-22,14:07:23 [INFO] Namespace(total_iters=10, prompt_method='all_in_one_original', s_dataset='DHFR', t_dataset='DHFR', prompt_fn='gpf_plus', shift_type='structural', p_shift_intra=0.0, p_shift_inter=0.0, pretrain=True, save_pretrained=False, soft_label=False, add_link_loss=False, attn_with_param=False, empty_pretrained_dir=False, iterative_clustering=False, clutering_iters=3, entropy_div_ratio=3, w_entropy_loss=0.0, w_softmax_loss=0.0, w_domain_loss=0.0, r_reg=0.0, gnn_weight_decay=0.0, weight_decay=0.0, gnn_type='gcn', gnn_num_layers=3, pretrained_path=['./pretrained/GCN_Pretrained_2024-07-01-14-54-05.pth', './pretrained/GCN_Pretrained_2024-07-01-14-56-23.pth', './pretrained/GCN_Pretrained_2024-07-01-14-58-41.pth', './pretrained/GCN_Pretrained_2024-07-01-15-00-59.pth', './pretrained/GCN_Pretrained_2024-07-01-15-03-17.pth', './pretrained/GCN_Pretrained_2024-07-01-15-05-37.pth', './pretrained/GCN_Pretrained_2024-07-01-15-07-56.pth', './pretrained/GCN_Pretrained_2024-07-01-15-10-20.pth', './pretrained/GCN_Pretrained_2024-07-01-15-12-47.pth', './pretrained/GCN_Pretrained_2024-07-01-15-15-13.pth'], gnn_n_epochs=100, gnn_eval_step=10, gnn_h_dim=512, gnn_lr=0.01, gnn_step_size=50, gnn_gamma=0.5, gnn_batch_size=64, gnn_dropout=0.4, n_epochs=30, eval_step=10, h_dim=512, lr=0.001, step_size=50, gamma=0.5, batch_size=64, num_tokens=50, src_ratio=0.5, dropout=0.3, cut_off=0.5, aug_type='feature', light_aug_prob=0.1, light_aug_mode='mask', pos_aug_mode='mask', neg_aug_mode='arbitrary', noise_cov_scale=1.0, noise_mean_shift=1.0, noise_shift_mode='homophily', noise_select_mode='soft', cross_prune=0.8, inner_prune=0.3, num_runs=5, p_raug=0.15, n_raug=0.15, s_split=[0.65, 0.3], t_split=[0.65, 0.3], seed=[1676, 3733, 3589, 4867, 2980, 1142, 3035, 4432, 4672, 4010], config_from_file='./config/dhfr.yaml', config_to_file='', label_reduction=0.25)
2024-07-22,14:07:23 [INFO] ####################################################################################################
2024-07-22,14:07:23 [INFO] Args seeds: [1676, 3733, 3589, 4867, 2980, 1142, 3035, 4432, 4672, 4010]
2024-07-22,14:07:23 [INFO] Source Dataset: DHFR, Target Dataset: DHFR. Training, Test: Source: [0.65, 0.3], Target: [0.65, 0.3] -- Batch size: 64
2024-07-22,14:07:23 [INFO] All input pretrained paths: ['./pretrained/GCN_Pretrained_2024-07-01-14-54-05.pth', './pretrained/GCN_Pretrained_2024-07-01-14-56-23.pth', './pretrained/GCN_Pretrained_2024-07-01-14-58-41.pth', './pretrained/GCN_Pretrained_2024-07-01-15-00-59.pth', './pretrained/GCN_Pretrained_2024-07-01-15-03-17.pth', './pretrained/GCN_Pretrained_2024-07-01-15-05-37.pth', './pretrained/GCN_Pretrained_2024-07-01-15-07-56.pth', './pretrained/GCN_Pretrained_2024-07-01-15-10-20.pth', './pretrained/GCN_Pretrained_2024-07-01-15-12-47.pth', './pretrained/GCN_Pretrained_2024-07-01-15-15-13.pth']
2024-07-22,14:07:23 [INFO] Started round 0/10 of experiments!
2024-07-22,14:07:24 [INFO] Setting for pretraining: Model: {'gnn_type': 'gcn', 'in_channels': 56, 'hidden_channels': 512, 'out_channels': 2, 'num_layers': 3, 'dropout': 0.4, 'with_bn': False, 'with_head': True} -- Optimizer: {'lr': 0.01, 'scheduler_step_size': 50, 'scheduler_gamma': 0.5, 'weight_decay': 0.0} -- Training: {'n_epochs': 100}
2024-07-22,14:07:24 [INFO] Loading previous pretrained model at ./pretrained/GCN_Pretrained_2024-07-01-14-54-05.pth
2024-07-22,14:07:24 [INFO] Total number of tokens: 50
2024-07-22,14:07:24 [INFO] Prompting method: all_in_one_original -- Setting: Prompting function: gpf_plus -- Target Dataset: DHFR
2024-07-22,14:07:24 [INFO] Setting for prompt tuning: Prompt: {'token_dim': 56, 'token_num': 50, 'cross_prune': 0.8, 'inner_prune': 0.3} -- Pretrained Model: {'gnn_type': 'gcn', 'in_channels': 56, 'hidden_channels': 512, 'out_channels': 2, 'num_layers': 3, 'dropout': 0.4, 'with_bn': False, 'with_head': True} -- Optimizer: {'lr': 0.001, 'scheduler_step_size': 50, 'scheduler_gamma': 0.5, 'weight_decay': 0.0} -- Training: {'n_epochs': 30, 'r_reg': 0.0, 'num_classes': 2, 'cut_off': 0.5}
2024-07-22,14:07:24 [INFO] Prompt tuning started: Num runs: 5 -- Eval step: 10
2024-07-22,14:07:24 [INFO] Pretrained GNN on Source Dataset -- Test Loss: 0.863 -- Test ACC: 0.661 -- Test F1-score: 0.702
2024-07-22,14:07:25 [INFO] Pretrained GNN on Target Dataset Without Prompting: -- Validation Loss: 0.762 -- Validation ACC: 0.611 -- Validation F1-score: 0.667 -- Test Loss: 0.711 -- Test ACC: 0.774 -- Test F1-score: 0.803
2024-07-22,14:07:26 [INFO] Epoch: 0/30 -- Train Loss: 0.887 -- Validation Loss: 0.902 -- Validation ACC: 0.722 -- Validation F1: 0.839
2024-07-22,14:07:33 [INFO] Epoch: 10/30 -- Train Loss: 0.742 -- Validation Loss: 0.727 -- Validation ACC: 0.778 -- Validation F1: 0.867
2024-07-22,14:07:39 [INFO] Epoch: 20/30 -- Train Loss: 0.666 -- Validation Loss: 0.687 -- Validation ACC: 0.833 -- Validation F1: 0.897
2024-07-22,14:07:41 [INFO] Epoch: 24/30 -- Train Loss: 0.725 -- Validation Loss: 0.676 -- Validation ACC: 0.833 -- Validation F1: 0.897
2024-07-22,14:07:42 [INFO] Epoch: 25/30 -- Train Loss: 0.706 -- Validation Loss: 0.675 -- Validation ACC: 0.833 -- Validation F1: 0.897
2024-07-22,14:07:43 [INFO] Epoch: 26/30 -- Train Loss: 0.633 -- Validation Loss: 0.674 -- Validation ACC: 0.833 -- Validation F1: 0.897
2024-07-22,14:07:45 [INFO] Epoch: 27/30 -- Train Loss: 0.862 -- Validation Loss: 0.674 -- Validation ACC: 0.833 -- Validation F1: 0.897
2024-07-22,14:07:45 [INFO] Epoch: 28/30 -- Train Loss: 0.678 -- Validation Loss: 0.671 -- Validation ACC: 0.833 -- Validation F1: 0.897
2024-07-22,14:07:46 [INFO] Epoch: 29/30 -- Train Loss: 0.608 -- Validation Loss: 0.671 -- Validation ACC: 0.833 -- Validation F1: 0.897
2024-07-22,14:07:46 [INFO] Run 0/5: Average Over Last 6 epochs -- Valid ACC: 0.8333333333333334 -- Valid F1-score: 0.8965517282485962
2024-07-22,14:07:47 [INFO] Test Results of Run 0/5: -- Test Loss: 0.591 -- Test ACC: 0.704 -- Test F1: 0.798
2024-07-22,14:07:48 [INFO] Epoch: 0/30 -- Train Loss: 1.224 -- Validation Loss: 0.841 -- Validation ACC: 0.778 -- Validation F1: 0.867
2024-07-22,14:07:55 [INFO] Epoch: 10/30 -- Train Loss: 0.715 -- Validation Loss: 0.698 -- Validation ACC: 0.778 -- Validation F1: 0.867
2024-07-22,14:08:02 [INFO] Epoch: 20/30 -- Train Loss: 0.773 -- Validation Loss: 0.670 -- Validation ACC: 0.833 -- Validation F1: 0.897
2024-07-22,14:08:05 [INFO] Epoch: 24/30 -- Train Loss: 0.777 -- Validation Loss: 0.658 -- Validation ACC: 0.833 -- Validation F1: 0.897
2024-07-22,14:08:06 [INFO] Epoch: 25/30 -- Train Loss: 0.693 -- Validation Loss: 0.656 -- Validation ACC: 0.833 -- Validation F1: 0.897
2024-07-22,14:08:07 [INFO] Epoch: 26/30 -- Train Loss: 0.594 -- Validation Loss: 0.654 -- Validation ACC: 0.833 -- Validation F1: 0.897
2024-07-22,14:08:08 [INFO] Epoch: 27/30 -- Train Loss: 0.686 -- Validation Loss: 0.650 -- Validation ACC: 0.833 -- Validation F1: 0.897
2024-07-22,14:08:09 [INFO] Epoch: 28/30 -- Train Loss: 0.657 -- Validation Loss: 0.648 -- Validation ACC: 0.833 -- Validation F1: 0.897
2024-07-22,14:08:10 [INFO] Epoch: 29/30 -- Train Loss: 0.700 -- Validation Loss: 0.645 -- Validation ACC: 0.833 -- Validation F1: 0.897
2024-07-22,14:08:10 [INFO] Run 1/5: Average Over Last 6 epochs -- Valid ACC: 0.8333333333333334 -- Valid F1-score: 0.8965517282485962
2024-07-22,14:08:11 [INFO] Test Results of Run 1/5: -- Test Loss: 0.590 -- Test ACC: 0.713 -- Test F1: 0.802
2024-07-22,14:08:12 [INFO] Epoch: 0/30 -- Train Loss: 1.027 -- Validation Loss: 0.881 -- Validation ACC: 0.722 -- Validation F1: 0.839
2024-07-22,14:08:20 [INFO] Epoch: 10/30 -- Train Loss: 0.901 -- Validation Loss: 0.737 -- Validation ACC: 0.778 -- Validation F1: 0.867
2024-07-22,14:08:28 [INFO] Epoch: 20/30 -- Train Loss: 0.526 -- Validation Loss: 0.705 -- Validation ACC: 0.778 -- Validation F1: 0.867
2024-07-22,14:08:31 [INFO] Epoch: 24/30 -- Train Loss: 0.745 -- Validation Loss: 0.701 -- Validation ACC: 0.778 -- Validation F1: 0.867
2024-07-22,14:08:32 [INFO] Epoch: 25/30 -- Train Loss: 0.721 -- Validation Loss: 0.697 -- Validation ACC: 0.778 -- Validation F1: 0.867
2024-07-22,14:08:34 [INFO] Epoch: 26/30 -- Train Loss: 0.562 -- Validation Loss: 0.695 -- Validation ACC: 0.778 -- Validation F1: 0.867
2024-07-22,14:08:35 [INFO] Epoch: 27/30 -- Train Loss: 0.739 -- Validation Loss: 0.691 -- Validation ACC: 0.778 -- Validation F1: 0.867
2024-07-22,14:08:36 [INFO] Epoch: 28/30 -- Train Loss: 0.487 -- Validation Loss: 0.688 -- Validation ACC: 0.778 -- Validation F1: 0.867
2024-07-22,14:08:37 [INFO] Epoch: 29/30 -- Train Loss: 0.667 -- Validation Loss: 0.686 -- Validation ACC: 0.778 -- Validation F1: 0.867
2024-07-22,14:08:37 [INFO] Run 2/5: Average Over Last 6 epochs -- Valid ACC: 0.7777777777777778 -- Valid F1-score: 0.8666666746139526
2024-07-22,14:08:38 [INFO] Test Results of Run 2/5: -- Test Loss: 0.631 -- Test ACC: 0.687 -- Test F1: 0.793
2024-07-22,14:08:39 [INFO] Epoch: 0/30 -- Train Loss: 1.303 -- Validation Loss: 1.024 -- Validation ACC: 0.722 -- Validation F1: 0.839
2024-07-22,14:08:47 [INFO] Epoch: 10/30 -- Train Loss: 0.853 -- Validation Loss: 0.747 -- Validation ACC: 0.722 -- Validation F1: 0.839
2024-07-22,14:08:54 [INFO] Epoch: 20/30 -- Train Loss: 0.529 -- Validation Loss: 0.653 -- Validation ACC: 0.833 -- Validation F1: 0.897
2024-07-22,14:08:58 [INFO] Epoch: 24/30 -- Train Loss: 0.781 -- Validation Loss: 0.637 -- Validation ACC: 0.833 -- Validation F1: 0.897
2024-07-22,14:08:59 [INFO] Epoch: 25/30 -- Train Loss: 0.640 -- Validation Loss: 0.634 -- Validation ACC: 0.833 -- Validation F1: 0.897
2024-07-22,14:09:00 [INFO] Epoch: 26/30 -- Train Loss: 0.596 -- Validation Loss: 0.632 -- Validation ACC: 0.833 -- Validation F1: 0.897
2024-07-22,14:09:01 [INFO] Epoch: 27/30 -- Train Loss: 0.830 -- Validation Loss: 0.627 -- Validation ACC: 0.778 -- Validation F1: 0.857
2024-07-22,14:09:03 [INFO] Epoch: 28/30 -- Train Loss: 0.620 -- Validation Loss: 0.625 -- Validation ACC: 0.778 -- Validation F1: 0.857
2024-07-22,14:09:04 [INFO] Epoch: 29/30 -- Train Loss: 0.757 -- Validation Loss: 0.624 -- Validation ACC: 0.778 -- Validation F1: 0.857
2024-07-22,14:09:04 [INFO] Run 3/5: Average Over Last 6 epochs -- Valid ACC: 0.8055555555555555 -- Valid F1-score: 0.8768472969532013
2024-07-22,14:09:05 [INFO] Test Results of Run 3/5: -- Test Loss: 0.541 -- Test ACC: 0.722 -- Test F1: 0.805
2024-07-22,14:09:06 [INFO] Epoch: 0/30 -- Train Loss: 1.081 -- Validation Loss: 0.829 -- Validation ACC: 0.778 -- Validation F1: 0.867
2024-07-22,14:09:13 [INFO] Epoch: 10/30 -- Train Loss: 0.744 -- Validation Loss: 0.702 -- Validation ACC: 0.778 -- Validation F1: 0.867
2024-07-22,14:09:20 [INFO] Epoch: 20/30 -- Train Loss: 0.870 -- Validation Loss: 0.675 -- Validation ACC: 0.833 -- Validation F1: 0.897
2024-07-22,14:09:23 [INFO] Epoch: 24/30 -- Train Loss: 0.747 -- Validation Loss: 0.667 -- Validation ACC: 0.833 -- Validation F1: 0.897
2024-07-22,14:09:24 [INFO] Epoch: 25/30 -- Train Loss: 0.607 -- Validation Loss: 0.665 -- Validation ACC: 0.833 -- Validation F1: 0.897
2024-07-22,14:09:25 [INFO] Epoch: 26/30 -- Train Loss: 0.667 -- Validation Loss: 0.664 -- Validation ACC: 0.833 -- Validation F1: 0.897
2024-07-22,14:09:27 [INFO] Epoch: 27/30 -- Train Loss: 0.553 -- Validation Loss: 0.666 -- Validation ACC: 0.833 -- Validation F1: 0.897
2024-07-22,14:09:27 [INFO] Epoch: 28/30 -- Train Loss: 0.534 -- Validation Loss: 0.665 -- Validation ACC: 0.833 -- Validation F1: 0.897
2024-07-22,14:09:28 [INFO] Epoch: 29/30 -- Train Loss: 0.700 -- Validation Loss: 0.662 -- Validation ACC: 0.833 -- Validation F1: 0.897
2024-07-22,14:09:28 [INFO] Run 4/5: Average Over Last 6 epochs -- Valid ACC: 0.8333333333333334 -- Valid F1-score: 0.8965517282485962
2024-07-22,14:09:29 [INFO] Test Results of Run 4/5: -- Test Loss: 0.600 -- Test ACC: 0.696 -- Test F1: 0.793
2024-07-22,14:09:29 [INFO] Validation average after 5 runs -- ACC: 0.817 -- F1-score: 0.887
2024-07-22,14:09:29 [INFO] Test average after 5 runs -- ACC: 0.704 -- F1-score: 0.798
2024-07-22,14:09:29 [INFO] Finished round 0/10 of experiments!
2024-07-22,14:09:29 [INFO] Started round 1/10 of experiments!
2024-07-22,14:09:29 [INFO] Loading previous pretrained model at ./pretrained/GCN_Pretrained_2024-07-01-14-56-23.pth
2024-07-22,14:09:29 [INFO] Total number of tokens: 50
2024-07-22,14:09:30 [INFO] Pretrained GNN on Source Dataset -- Test Loss: 0.964 -- Test ACC: 0.739 -- Test F1-score: 0.758
2024-07-22,14:09:31 [INFO] Pretrained GNN on Target Dataset Without Prompting: -- Validation Loss: 1.277 -- Validation ACC: 0.667 -- Validation F1-score: 0.769 -- Test Loss: 1.529 -- Test ACC: 0.643 -- Test F1-score: 0.713
2024-07-22,14:09:32 [INFO] Epoch: 0/30 -- Train Loss: 0.713 -- Validation Loss: 0.771 -- Validation ACC: 0.556 -- Validation F1: 0.636
2024-07-22,14:09:39 [INFO] Epoch: 10/30 -- Train Loss: 0.571 -- Validation Loss: 0.759 -- Validation ACC: 0.556 -- Validation F1: 0.636
2024-07-22,14:09:47 [INFO] Epoch: 20/30 -- Train Loss: 0.489 -- Validation Loss: 0.669 -- Validation ACC: 0.722 -- Validation F1: 0.828
2024-07-22,14:09:50 [INFO] Epoch: 24/30 -- Train Loss: 0.477 -- Validation Loss: 0.682 -- Validation ACC: 0.722 -- Validation F1: 0.828
2024-07-22,14:09:51 [INFO] Epoch: 25/30 -- Train Loss: 0.625 -- Validation Loss: 0.679 -- Validation ACC: 0.722 -- Validation F1: 0.828
2024-07-22,14:09:52 [INFO] Epoch: 26/30 -- Train Loss: 0.764 -- Validation Loss: 0.677 -- Validation ACC: 0.722 -- Validation F1: 0.828
2024-07-22,14:09:54 [INFO] Epoch: 27/30 -- Train Loss: 0.742 -- Validation Loss: 0.674 -- Validation ACC: 0.722 -- Validation F1: 0.828
2024-07-22,14:09:55 [INFO] Epoch: 28/30 -- Train Loss: 0.600 -- Validation Loss: 0.672 -- Validation ACC: 0.722 -- Validation F1: 0.828
2024-07-22,14:09:56 [INFO] Epoch: 29/30 -- Train Loss: 0.615 -- Validation Loss: 0.671 -- Validation ACC: 0.722 -- Validation F1: 0.828
2024-07-22,14:09:56 [INFO] Run 0/5: Average Over Last 6 epochs -- Valid ACC: 0.7222222222222222 -- Valid F1-score: 0.8275862336158752
2024-07-22,14:09:57 [INFO] Test Results of Run 0/5: -- Test Loss: 0.663 -- Test ACC: 0.713 -- Test F1: 0.787
2024-07-22,14:09:58 [INFO] Epoch: 0/30 -- Train Loss: 0.856 -- Validation Loss: 0.859 -- Validation ACC: 0.556 -- Validation F1: 0.636
2024-07-22,14:10:05 [INFO] Epoch: 10/30 -- Train Loss: 0.750 -- Validation Loss: 0.841 -- Validation ACC: 0.611 -- Validation F1: 0.696
2024-07-22,14:10:13 [INFO] Epoch: 20/30 -- Train Loss: 0.937 -- Validation Loss: 0.889 -- Validation ACC: 0.556 -- Validation F1: 0.636
2024-07-22,14:10:16 [INFO] Epoch: 24/30 -- Train Loss: 0.659 -- Validation Loss: 0.904 -- Validation ACC: 0.611 -- Validation F1: 0.696
2024-07-22,14:10:17 [INFO] Epoch: 25/30 -- Train Loss: 0.844 -- Validation Loss: 0.896 -- Validation ACC: 0.611 -- Validation F1: 0.696
2024-07-22,14:10:18 [INFO] Epoch: 26/30 -- Train Loss: 0.991 -- Validation Loss: 0.898 -- Validation ACC: 0.611 -- Validation F1: 0.696
2024-07-22,14:10:20 [INFO] Epoch: 27/30 -- Train Loss: 0.811 -- Validation Loss: 0.914 -- Validation ACC: 0.556 -- Validation F1: 0.636
2024-07-22,14:10:21 [INFO] Epoch: 28/30 -- Train Loss: 0.818 -- Validation Loss: 0.908 -- Validation ACC: 0.556 -- Validation F1: 0.636
2024-07-22,14:10:22 [INFO] Epoch: 29/30 -- Train Loss: 0.829 -- Validation Loss: 0.909 -- Validation ACC: 0.556 -- Validation F1: 0.636
2024-07-22,14:10:22 [INFO] Run 1/5: Average Over Last 6 epochs -- Valid ACC: 0.5833333333333334 -- Valid F1-score: 0.6660079061985016
2024-07-22,14:10:23 [INFO] Test Results of Run 1/5: -- Test Loss: 0.886 -- Test ACC: 0.548 -- Test F1: 0.500
2024-07-22,14:10:24 [INFO] Epoch: 0/30 -- Train Loss: 0.934 -- Validation Loss: 0.804 -- Validation ACC: 0.500 -- Validation F1: 0.571
2024-07-22,14:10:31 [INFO] Epoch: 10/30 -- Train Loss: 0.656 -- Validation Loss: 0.930 -- Validation ACC: 0.500 -- Validation F1: 0.571
2024-07-22,14:10:38 [INFO] Epoch: 20/30 -- Train Loss: 1.036 -- Validation Loss: 0.919 -- Validation ACC: 0.500 -- Validation F1: 0.571
2024-07-22,14:10:41 [INFO] Epoch: 24/30 -- Train Loss: 0.708 -- Validation Loss: 0.762 -- Validation ACC: 0.667 -- Validation F1: 0.769
2024-07-22,14:10:43 [INFO] Epoch: 25/30 -- Train Loss: 0.673 -- Validation Loss: 0.713 -- Validation ACC: 0.778 -- Validation F1: 0.857
2024-07-22,14:10:44 [INFO] Epoch: 26/30 -- Train Loss: 0.691 -- Validation Loss: 0.699 -- Validation ACC: 0.778 -- Validation F1: 0.857
2024-07-22,14:10:45 [INFO] Epoch: 27/30 -- Train Loss: 0.641 -- Validation Loss: 0.689 -- Validation ACC: 0.778 -- Validation F1: 0.857
2024-07-22,14:10:46 [INFO] Epoch: 28/30 -- Train Loss: 0.625 -- Validation Loss: 0.683 -- Validation ACC: 0.778 -- Validation F1: 0.857
2024-07-22,14:10:47 [INFO] Epoch: 29/30 -- Train Loss: 0.604 -- Validation Loss: 0.689 -- Validation ACC: 0.778 -- Validation F1: 0.857
2024-07-22,14:10:47 [INFO] Run 2/5: Average Over Last 6 epochs -- Valid ACC: 0.7592592592592592 -- Valid F1-score: 0.8424908518791199
2024-07-22,14:10:48 [INFO] Test Results of Run 2/5: -- Test Loss: 0.637 -- Test ACC: 0.661 -- Test F1: 0.735
2024-07-22,14:10:50 [INFO] Epoch: 0/30 -- Train Loss: 0.666 -- Validation Loss: 0.826 -- Validation ACC: 0.611 -- Validation F1: 0.696
2024-07-22,14:10:58 [INFO] Epoch: 10/30 -- Train Loss: 0.897 -- Validation Loss: 0.835 -- Validation ACC: 0.611 -- Validation F1: 0.696
2024-07-22,14:11:05 [INFO] Epoch: 20/30 -- Train Loss: 0.752 -- Validation Loss: 0.776 -- Validation ACC: 0.722 -- Validation F1: 0.815
2024-07-22,14:11:09 [INFO] Epoch: 24/30 -- Train Loss: 0.572 -- Validation Loss: 0.763 -- Validation ACC: 0.722 -- Validation F1: 0.828
2024-07-22,14:11:09 [INFO] Epoch: 25/30 -- Train Loss: 0.792 -- Validation Loss: 0.762 -- Validation ACC: 0.722 -- Validation F1: 0.828
2024-07-22,14:11:11 [INFO] Epoch: 26/30 -- Train Loss: 0.808 -- Validation Loss: 0.762 -- Validation ACC: 0.722 -- Validation F1: 0.828
2024-07-22,14:11:12 [INFO] Epoch: 27/30 -- Train Loss: 0.658 -- Validation Loss: 0.747 -- Validation ACC: 0.722 -- Validation F1: 0.828
2024-07-22,14:11:13 [INFO] Epoch: 28/30 -- Train Loss: 0.562 -- Validation Loss: 0.747 -- Validation ACC: 0.722 -- Validation F1: 0.828
2024-07-22,14:11:14 [INFO] Epoch: 29/30 -- Train Loss: 0.624 -- Validation Loss: 0.747 -- Validation ACC: 0.722 -- Validation F1: 0.828
2024-07-22,14:11:14 [INFO] Run 3/5: Average Over Last 6 epochs -- Valid ACC: 0.7222222222222222 -- Valid F1-score: 0.8275862336158752
2024-07-22,14:11:15 [INFO] Test Results of Run 3/5: -- Test Loss: 0.652 -- Test ACC: 0.713 -- Test F1: 0.779
2024-07-22,14:11:16 [INFO] Epoch: 0/30 -- Train Loss: 0.675 -- Validation Loss: 0.722 -- Validation ACC: 0.556 -- Validation F1: 0.636
2024-07-22,14:11:23 [INFO] Epoch: 10/30 -- Train Loss: 0.720 -- Validation Loss: 0.747 -- Validation ACC: 0.556 -- Validation F1: 0.636
2024-07-22,14:11:31 [INFO] Epoch: 20/30 -- Train Loss: 0.548 -- Validation Loss: 0.655 -- Validation ACC: 0.778 -- Validation F1: 0.857
2024-07-22,14:11:34 [INFO] Epoch: 24/30 -- Train Loss: 0.687 -- Validation Loss: 0.660 -- Validation ACC: 0.722 -- Validation F1: 0.828
2024-07-22,14:11:35 [INFO] Epoch: 25/30 -- Train Loss: 0.577 -- Validation Loss: 0.661 -- Validation ACC: 0.722 -- Validation F1: 0.828
2024-07-22,14:11:36 [INFO] Epoch: 26/30 -- Train Loss: 0.609 -- Validation Loss: 0.662 -- Validation ACC: 0.722 -- Validation F1: 0.828
2024-07-22,14:11:37 [INFO] Epoch: 27/30 -- Train Loss: 0.673 -- Validation Loss: 0.662 -- Validation ACC: 0.722 -- Validation F1: 0.828
2024-07-22,14:11:38 [INFO] Epoch: 28/30 -- Train Loss: 0.703 -- Validation Loss: 0.663 -- Validation ACC: 0.722 -- Validation F1: 0.828
2024-07-22,14:11:40 [INFO] Epoch: 29/30 -- Train Loss: 0.663 -- Validation Loss: 0.663 -- Validation ACC: 0.722 -- Validation F1: 0.828
2024-07-22,14:11:40 [INFO] Run 4/5: Average Over Last 6 epochs -- Valid ACC: 0.7222222222222222 -- Valid F1-score: 0.8275862336158752
2024-07-22,14:11:40 [INFO] Test Results of Run 4/5: -- Test Loss: 0.623 -- Test ACC: 0.704 -- Test F1: 0.782
2024-07-22,14:11:40 [INFO] Validation average after 5 runs -- ACC: 0.702 -- F1-score: 0.798
2024-07-22,14:11:40 [INFO] Test average after 5 runs -- ACC: 0.668 -- F1-score: 0.716
2024-07-22,14:11:40 [INFO] Finished round 1/10 of experiments!
2024-07-22,14:11:40 [INFO] Started round 2/10 of experiments!
2024-07-22,14:11:40 [INFO] Loading previous pretrained model at ./pretrained/GCN_Pretrained_2024-07-01-14-58-41.pth
2024-07-22,14:11:40 [INFO] Total number of tokens: 50
2024-07-22,14:11:41 [INFO] Pretrained GNN on Source Dataset -- Test Loss: 1.173 -- Test ACC: 0.757 -- Test F1-score: 0.813
2024-07-22,14:11:42 [INFO] Pretrained GNN on Target Dataset Without Prompting: -- Validation Loss: 0.928 -- Validation ACC: 0.667 -- Validation F1-score: 0.769 -- Test Loss: 0.858 -- Test ACC: 0.687 -- Test F1-score: 0.735
2024-07-22,14:11:43 [INFO] Epoch: 0/30 -- Train Loss: 1.257 -- Validation Loss: 0.937 -- Validation ACC: 0.722 -- Validation F1: 0.839
2024-07-22,14:11:51 [INFO] Epoch: 10/30 -- Train Loss: 0.742 -- Validation Loss: 0.779 -- Validation ACC: 0.722 -- Validation F1: 0.839
2024-07-22,14:11:59 [INFO] Epoch: 20/30 -- Train Loss: 0.718 -- Validation Loss: 0.705 -- Validation ACC: 0.722 -- Validation F1: 0.839
2024-07-22,14:12:02 [INFO] Epoch: 24/30 -- Train Loss: 0.666 -- Validation Loss: 0.661 -- Validation ACC: 0.722 -- Validation F1: 0.839
2024-07-22,14:12:03 [INFO] Epoch: 25/30 -- Train Loss: 0.614 -- Validation Loss: 0.649 -- Validation ACC: 0.722 -- Validation F1: 0.839
2024-07-22,14:12:04 [INFO] Epoch: 26/30 -- Train Loss: 0.572 -- Validation Loss: 0.641 -- Validation ACC: 0.778 -- Validation F1: 0.857
2024-07-22,14:12:05 [INFO] Epoch: 27/30 -- Train Loss: 0.504 -- Validation Loss: 0.636 -- Validation ACC: 0.778 -- Validation F1: 0.857
2024-07-22,14:12:06 [INFO] Epoch: 28/30 -- Train Loss: 0.679 -- Validation Loss: 0.640 -- Validation ACC: 0.611 -- Validation F1: 0.720
2024-07-22,14:12:07 [INFO] Epoch: 29/30 -- Train Loss: 0.530 -- Validation Loss: 0.649 -- Validation ACC: 0.556 -- Validation F1: 0.667
2024-07-22,14:12:07 [INFO] Run 0/5: Average Over Last 6 epochs -- Valid ACC: 0.6944444444444445 -- Valid F1-score: 0.7963952918847402
2024-07-22,14:12:08 [INFO] Test Results of Run 0/5: -- Test Loss: 0.621 -- Test ACC: 0.696 -- Test F1: 0.733
2024-07-22,14:12:09 [INFO] Epoch: 0/30 -- Train Loss: 0.897 -- Validation Loss: 0.861 -- Validation ACC: 0.722 -- Validation F1: 0.839
2024-07-22,14:12:16 [INFO] Epoch: 10/30 -- Train Loss: 0.624 -- Validation Loss: 0.632 -- Validation ACC: 0.778 -- Validation F1: 0.857
2024-07-22,14:12:25 [INFO] Epoch: 20/30 -- Train Loss: 0.524 -- Validation Loss: 0.646 -- Validation ACC: 0.611 -- Validation F1: 0.720
2024-07-22,14:12:29 [INFO] Epoch: 24/30 -- Train Loss: 0.649 -- Validation Loss: 0.638 -- Validation ACC: 0.667 -- Validation F1: 0.769
2024-07-22,14:12:30 [INFO] Epoch: 25/30 -- Train Loss: 0.537 -- Validation Loss: 0.639 -- Validation ACC: 0.667 -- Validation F1: 0.769
2024-07-22,14:12:31 [INFO] Epoch: 26/30 -- Train Loss: 0.582 -- Validation Loss: 0.640 -- Validation ACC: 0.667 -- Validation F1: 0.769
2024-07-22,14:12:32 [INFO] Epoch: 27/30 -- Train Loss: 0.470 -- Validation Loss: 0.641 -- Validation ACC: 0.667 -- Validation F1: 0.769
2024-07-22,14:12:34 [INFO] Epoch: 28/30 -- Train Loss: 0.525 -- Validation Loss: 0.642 -- Validation ACC: 0.667 -- Validation F1: 0.769
2024-07-22,14:12:35 [INFO] Epoch: 29/30 -- Train Loss: 0.531 -- Validation Loss: 0.642 -- Validation ACC: 0.667 -- Validation F1: 0.769
2024-07-22,14:12:35 [INFO] Run 1/5: Average Over Last 6 epochs -- Valid ACC: 0.6666666666666666 -- Valid F1-score: 0.7692307829856873
2024-07-22,14:12:36 [INFO] Test Results of Run 1/5: -- Test Loss: 0.617 -- Test ACC: 0.696 -- Test F1: 0.737
2024-07-22,14:12:37 [INFO] Epoch: 0/30 -- Train Loss: 1.090 -- Validation Loss: 0.851 -- Validation ACC: 0.722 -- Validation F1: 0.839
2024-07-22,14:12:45 [INFO] Epoch: 10/30 -- Train Loss: 0.495 -- Validation Loss: 0.678 -- Validation ACC: 0.722 -- Validation F1: 0.839
2024-07-22,14:12:53 [INFO] Epoch: 20/30 -- Train Loss: 0.628 -- Validation Loss: 0.674 -- Validation ACC: 0.556 -- Validation F1: 0.667
2024-07-22,14:12:57 [INFO] Epoch: 24/30 -- Train Loss: 0.542 -- Validation Loss: 0.667 -- Validation ACC: 0.611 -- Validation F1: 0.720
2024-07-22,14:12:58 [INFO] Epoch: 25/30 -- Train Loss: 0.496 -- Validation Loss: 0.666 -- Validation ACC: 0.611 -- Validation F1: 0.720
2024-07-22,14:12:59 [INFO] Epoch: 26/30 -- Train Loss: 0.585 -- Validation Loss: 0.666 -- Validation ACC: 0.611 -- Validation F1: 0.720
2024-07-22,14:13:01 [INFO] Epoch: 27/30 -- Train Loss: 0.666 -- Validation Loss: 0.666 -- Validation ACC: 0.611 -- Validation F1: 0.720
2024-07-22,14:13:02 [INFO] Epoch: 28/30 -- Train Loss: 0.659 -- Validation Loss: 0.666 -- Validation ACC: 0.611 -- Validation F1: 0.720
2024-07-22,14:13:04 [INFO] Epoch: 29/30 -- Train Loss: 0.567 -- Validation Loss: 0.666 -- Validation ACC: 0.611 -- Validation F1: 0.720
2024-07-22,14:13:04 [INFO] Run 2/5: Average Over Last 6 epochs -- Valid ACC: 0.6111111111111112 -- Valid F1-score: 0.7200000286102295
2024-07-22,14:13:04 [INFO] Test Results of Run 2/5: -- Test Loss: 0.626 -- Test ACC: 0.678 -- Test F1: 0.722
2024-07-22,14:13:05 [INFO] Epoch: 0/30 -- Train Loss: 0.589 -- Validation Loss: 0.788 -- Validation ACC: 0.722 -- Validation F1: 0.839
2024-07-22,14:13:12 [INFO] Epoch: 10/30 -- Train Loss: 0.631 -- Validation Loss: 0.658 -- Validation ACC: 0.722 -- Validation F1: 0.815
2024-07-22,14:13:19 [INFO] Epoch: 20/30 -- Train Loss: 0.512 -- Validation Loss: 0.672 -- Validation ACC: 0.611 -- Validation F1: 0.720
2024-07-22,14:13:23 [INFO] Epoch: 24/30 -- Train Loss: 0.545 -- Validation Loss: 0.668 -- Validation ACC: 0.611 -- Validation F1: 0.720
2024-07-22,14:13:24 [INFO] Epoch: 25/30 -- Train Loss: 0.649 -- Validation Loss: 0.668 -- Validation ACC: 0.611 -- Validation F1: 0.720
2024-07-22,14:13:25 [INFO] Epoch: 26/30 -- Train Loss: 0.616 -- Validation Loss: 0.668 -- Validation ACC: 0.611 -- Validation F1: 0.720
2024-07-22,14:13:26 [INFO] Epoch: 27/30 -- Train Loss: 0.450 -- Validation Loss: 0.668 -- Validation ACC: 0.611 -- Validation F1: 0.720
2024-07-22,14:13:27 [INFO] Epoch: 28/30 -- Train Loss: 0.467 -- Validation Loss: 0.669 -- Validation ACC: 0.611 -- Validation F1: 0.720
2024-07-22,14:13:28 [INFO] Epoch: 29/30 -- Train Loss: 0.456 -- Validation Loss: 0.670 -- Validation ACC: 0.611 -- Validation F1: 0.720
2024-07-22,14:13:28 [INFO] Run 3/5: Average Over Last 6 epochs -- Valid ACC: 0.6111111111111112 -- Valid F1-score: 0.7200000286102295
2024-07-22,14:13:29 [INFO] Test Results of Run 3/5: -- Test Loss: 0.616 -- Test ACC: 0.696 -- Test F1: 0.737
2024-07-22,14:13:30 [INFO] Epoch: 0/30 -- Train Loss: 1.235 -- Validation Loss: 0.973 -- Validation ACC: 0.722 -- Validation F1: 0.839
2024-07-22,14:13:38 [INFO] Epoch: 10/30 -- Train Loss: 0.718 -- Validation Loss: 0.786 -- Validation ACC: 0.722 -- Validation F1: 0.839
2024-07-22,14:13:44 [INFO] Epoch: 20/30 -- Train Loss: 0.759 -- Validation Loss: 0.717 -- Validation ACC: 0.722 -- Validation F1: 0.839
2024-07-22,14:13:48 [INFO] Epoch: 24/30 -- Train Loss: 0.655 -- Validation Loss: 0.700 -- Validation ACC: 0.722 -- Validation F1: 0.839
2024-07-22,14:13:49 [INFO] Epoch: 25/30 -- Train Loss: 0.799 -- Validation Loss: 0.691 -- Validation ACC: 0.722 -- Validation F1: 0.839
2024-07-22,14:13:50 [INFO] Epoch: 26/30 -- Train Loss: 0.558 -- Validation Loss: 0.679 -- Validation ACC: 0.722 -- Validation F1: 0.839
2024-07-22,14:13:51 [INFO] Epoch: 27/30 -- Train Loss: 0.454 -- Validation Loss: 0.671 -- Validation ACC: 0.722 -- Validation F1: 0.839
2024-07-22,14:13:52 [INFO] Epoch: 28/30 -- Train Loss: 0.647 -- Validation Loss: 0.660 -- Validation ACC: 0.722 -- Validation F1: 0.839
2024-07-22,14:13:53 [INFO] Epoch: 29/30 -- Train Loss: 0.570 -- Validation Loss: 0.651 -- Validation ACC: 0.778 -- Validation F1: 0.867
2024-07-22,14:13:53 [INFO] Run 4/5: Average Over Last 6 epochs -- Valid ACC: 0.7314814814814815 -- Valid F1-score: 0.8433691561222076
2024-07-22,14:13:54 [INFO] Test Results of Run 4/5: -- Test Loss: 0.707 -- Test ACC: 0.626 -- Test F1: 0.733
2024-07-22,14:13:54 [INFO] Validation average after 5 runs -- ACC: 0.663 -- F1-score: 0.770
2024-07-22,14:13:54 [INFO] Test average after 5 runs -- ACC: 0.678 -- F1-score: 0.732
2024-07-22,14:13:54 [INFO] Finished round 2/10 of experiments!
2024-07-22,14:13:54 [INFO] Started round 3/10 of experiments!
2024-07-22,14:13:54 [INFO] Loading previous pretrained model at ./pretrained/GCN_Pretrained_2024-07-01-15-00-59.pth
2024-07-22,14:13:54 [INFO] Total number of tokens: 50
2024-07-22,14:13:55 [INFO] Pretrained GNN on Source Dataset -- Test Loss: 0.746 -- Test ACC: 0.739 -- Test F1-score: 0.786
2024-07-22,14:13:56 [INFO] Pretrained GNN on Target Dataset Without Prompting: -- Validation Loss: 0.769 -- Validation ACC: 0.722 -- Validation F1-score: 0.706 -- Test Loss: 0.897 -- Test ACC: 0.748 -- Test F1-score: 0.810
2024-07-22,14:13:57 [INFO] Epoch: 0/30 -- Train Loss: 0.823 -- Validation Loss: 0.657 -- Validation ACC: 0.722 -- Validation F1: 0.667
2024-07-22,14:14:04 [INFO] Epoch: 10/30 -- Train Loss: 0.677 -- Validation Loss: 0.626 -- Validation ACC: 0.833 -- Validation F1: 0.824
2024-07-22,14:14:13 [INFO] Epoch: 20/30 -- Train Loss: 0.639 -- Validation Loss: 0.668 -- Validation ACC: 0.667 -- Validation F1: 0.700
2024-07-22,14:14:16 [INFO] Epoch: 24/30 -- Train Loss: 0.654 -- Validation Loss: 0.664 -- Validation ACC: 0.667 -- Validation F1: 0.700
2024-07-22,14:14:17 [INFO] Epoch: 25/30 -- Train Loss: 0.613 -- Validation Loss: 0.666 -- Validation ACC: 0.667 -- Validation F1: 0.700
2024-07-22,14:14:18 [INFO] Epoch: 26/30 -- Train Loss: 0.689 -- Validation Loss: 0.668 -- Validation ACC: 0.667 -- Validation F1: 0.700
2024-07-22,14:14:19 [INFO] Epoch: 27/30 -- Train Loss: 0.606 -- Validation Loss: 0.672 -- Validation ACC: 0.667 -- Validation F1: 0.700
2024-07-22,14:14:20 [INFO] Epoch: 28/30 -- Train Loss: 0.657 -- Validation Loss: 0.675 -- Validation ACC: 0.611 -- Validation F1: 0.667
2024-07-22,14:14:21 [INFO] Epoch: 29/30 -- Train Loss: 0.668 -- Validation Loss: 0.678 -- Validation ACC: 0.556 -- Validation F1: 0.636
2024-07-22,14:14:21 [INFO] Run 0/5: Average Over Last 6 epochs -- Valid ACC: 0.6388888888888888 -- Valid F1-score: 0.6838383773962656
2024-07-22,14:14:22 [INFO] Test Results of Run 0/5: -- Test Loss: 0.561 -- Test ACC: 0.739 -- Test F1: 0.810
2024-07-22,14:14:23 [INFO] Epoch: 0/30 -- Train Loss: 0.831 -- Validation Loss: 0.633 -- Validation ACC: 0.778 -- Validation F1: 0.750
2024-07-22,14:14:31 [INFO] Epoch: 10/30 -- Train Loss: 0.672 -- Validation Loss: 0.659 -- Validation ACC: 0.667 -- Validation F1: 0.700
2024-07-22,14:14:39 [INFO] Epoch: 20/30 -- Train Loss: 0.734 -- Validation Loss: 0.654 -- Validation ACC: 0.667 -- Validation F1: 0.700
2024-07-22,14:14:43 [INFO] Epoch: 24/30 -- Train Loss: 0.729 -- Validation Loss: 0.653 -- Validation ACC: 0.667 -- Validation F1: 0.700
2024-07-22,14:14:44 [INFO] Epoch: 25/30 -- Train Loss: 0.681 -- Validation Loss: 0.655 -- Validation ACC: 0.667 -- Validation F1: 0.700
2024-07-22,14:14:45 [INFO] Epoch: 26/30 -- Train Loss: 0.534 -- Validation Loss: 0.656 -- Validation ACC: 0.667 -- Validation F1: 0.700
2024-07-22,14:14:46 [INFO] Epoch: 27/30 -- Train Loss: 0.728 -- Validation Loss: 0.660 -- Validation ACC: 0.667 -- Validation F1: 0.700
2024-07-22,14:14:47 [INFO] Epoch: 28/30 -- Train Loss: 0.653 -- Validation Loss: 0.660 -- Validation ACC: 0.667 -- Validation F1: 0.700
2024-07-22,14:14:48 [INFO] Epoch: 29/30 -- Train Loss: 0.530 -- Validation Loss: 0.661 -- Validation ACC: 0.667 -- Validation F1: 0.700
2024-07-22,14:14:48 [INFO] Run 1/5: Average Over Last 6 epochs -- Valid ACC: 0.6666666666666666 -- Valid F1-score: 0.699999988079071
2024-07-22,14:14:49 [INFO] Test Results of Run 1/5: -- Test Loss: 0.582 -- Test ACC: 0.730 -- Test F1: 0.803
2024-07-22,14:14:50 [INFO] Epoch: 0/30 -- Train Loss: 0.772 -- Validation Loss: 0.646 -- Validation ACC: 0.778 -- Validation F1: 0.750
2024-07-22,14:14:57 [INFO] Epoch: 10/30 -- Train Loss: 0.690 -- Validation Loss: 0.611 -- Validation ACC: 0.833 -- Validation F1: 0.824
2024-07-22,14:15:05 [INFO] Epoch: 20/30 -- Train Loss: 0.701 -- Validation Loss: 0.663 -- Validation ACC: 0.667 -- Validation F1: 0.700
2024-07-22,14:15:08 [INFO] Epoch: 24/30 -- Train Loss: 0.627 -- Validation Loss: 0.652 -- Validation ACC: 0.667 -- Validation F1: 0.700
2024-07-22,14:15:09 [INFO] Epoch: 25/30 -- Train Loss: 0.539 -- Validation Loss: 0.654 -- Validation ACC: 0.667 -- Validation F1: 0.700
2024-07-22,14:15:10 [INFO] Epoch: 26/30 -- Train Loss: 0.674 -- Validation Loss: 0.656 -- Validation ACC: 0.667 -- Validation F1: 0.700
2024-07-22,14:15:12 [INFO] Epoch: 27/30 -- Train Loss: 0.727 -- Validation Loss: 0.660 -- Validation ACC: 0.667 -- Validation F1: 0.700
2024-07-22,14:15:12 [INFO] Epoch: 28/30 -- Train Loss: 0.628 -- Validation Loss: 0.663 -- Validation ACC: 0.667 -- Validation F1: 0.700
2024-07-22,14:15:14 [INFO] Epoch: 29/30 -- Train Loss: 0.717 -- Validation Loss: 0.666 -- Validation ACC: 0.667 -- Validation F1: 0.700
2024-07-22,14:15:14 [INFO] Run 2/5: Average Over Last 6 epochs -- Valid ACC: 0.6666666666666666 -- Valid F1-score: 0.699999988079071
2024-07-22,14:15:14 [INFO] Test Results of Run 2/5: -- Test Loss: 0.571 -- Test ACC: 0.739 -- Test F1: 0.810
2024-07-22,14:15:16 [INFO] Epoch: 0/30 -- Train Loss: 0.799 -- Validation Loss: 0.645 -- Validation ACC: 0.778 -- Validation F1: 0.750
2024-07-22,14:15:24 [INFO] Epoch: 10/30 -- Train Loss: 0.849 -- Validation Loss: 0.635 -- Validation ACC: 0.778 -- Validation F1: 0.750
2024-07-22,14:15:32 [INFO] Epoch: 20/30 -- Train Loss: 0.614 -- Validation Loss: 0.710 -- Validation ACC: 0.556 -- Validation F1: 0.636
2024-07-22,14:15:35 [INFO] Epoch: 24/30 -- Train Loss: 0.754 -- Validation Loss: 0.667 -- Validation ACC: 0.611 -- Validation F1: 0.667
2024-07-22,14:15:36 [INFO] Epoch: 25/30 -- Train Loss: 0.673 -- Validation Loss: 0.660 -- Validation ACC: 0.611 -- Validation F1: 0.667
2024-07-22,14:15:37 [INFO] Epoch: 26/30 -- Train Loss: 0.709 -- Validation Loss: 0.655 -- Validation ACC: 0.611 -- Validation F1: 0.667
2024-07-22,14:15:39 [INFO] Epoch: 27/30 -- Train Loss: 0.657 -- Validation Loss: 0.652 -- Validation ACC: 0.611 -- Validation F1: 0.667
2024-07-22,14:15:40 [INFO] Epoch: 28/30 -- Train Loss: 0.669 -- Validation Loss: 0.651 -- Validation ACC: 0.611 -- Validation F1: 0.667
2024-07-22,14:15:41 [INFO] Epoch: 29/30 -- Train Loss: 0.541 -- Validation Loss: 0.652 -- Validation ACC: 0.611 -- Validation F1: 0.667
2024-07-22,14:15:41 [INFO] Run 3/5: Average Over Last 6 epochs -- Valid ACC: 0.6111111111111112 -- Valid F1-score: 0.6666666865348816
2024-07-22,14:15:42 [INFO] Test Results of Run 3/5: -- Test Loss: 0.576 -- Test ACC: 0.713 -- Test F1: 0.784
2024-07-22,14:15:43 [INFO] Epoch: 0/30 -- Train Loss: 0.819 -- Validation Loss: 0.598 -- Validation ACC: 0.778 -- Validation F1: 0.750
2024-07-22,14:15:50 [INFO] Epoch: 10/30 -- Train Loss: 0.755 -- Validation Loss: 0.593 -- Validation ACC: 0.778 -- Validation F1: 0.750
2024-07-22,14:15:59 [INFO] Epoch: 20/30 -- Train Loss: 0.682 -- Validation Loss: 0.652 -- Validation ACC: 0.667 -- Validation F1: 0.700
2024-07-22,14:16:01 [INFO] Epoch: 24/30 -- Train Loss: 0.572 -- Validation Loss: 0.620 -- Validation ACC: 0.667 -- Validation F1: 0.700
2024-07-22,14:16:03 [INFO] Epoch: 25/30 -- Train Loss: 0.608 -- Validation Loss: 0.616 -- Validation ACC: 0.667 -- Validation F1: 0.700
2024-07-22,14:16:04 [INFO] Epoch: 26/30 -- Train Loss: 0.508 -- Validation Loss: 0.613 -- Validation ACC: 0.667 -- Validation F1: 0.700
2024-07-22,14:16:05 [INFO] Epoch: 27/30 -- Train Loss: 0.703 -- Validation Loss: 0.614 -- Validation ACC: 0.667 -- Validation F1: 0.700
2024-07-22,14:16:06 [INFO] Epoch: 28/30 -- Train Loss: 0.572 -- Validation Loss: 0.616 -- Validation ACC: 0.667 -- Validation F1: 0.700
2024-07-22,14:16:07 [INFO] Epoch: 29/30 -- Train Loss: 0.615 -- Validation Loss: 0.618 -- Validation ACC: 0.667 -- Validation F1: 0.700
2024-07-22,14:16:07 [INFO] Run 4/5: Average Over Last 6 epochs -- Valid ACC: 0.6666666666666666 -- Valid F1-score: 0.699999988079071
2024-07-22,14:16:08 [INFO] Test Results of Run 4/5: -- Test Loss: 0.581 -- Test ACC: 0.739 -- Test F1: 0.810
2024-07-22,14:16:08 [INFO] Validation average after 5 runs -- ACC: 0.650 -- F1-score: 0.690
2024-07-22,14:16:08 [INFO] Test average after 5 runs -- ACC: 0.732 -- F1-score: 0.803
2024-07-22,14:16:08 [INFO] Finished round 3/10 of experiments!
2024-07-22,14:16:08 [INFO] Started round 4/10 of experiments!
2024-07-22,14:16:08 [INFO] Loading previous pretrained model at ./pretrained/GCN_Pretrained_2024-07-01-15-03-17.pth
2024-07-22,14:16:08 [INFO] Total number of tokens: 50
2024-07-22,14:16:09 [INFO] Pretrained GNN on Source Dataset -- Test Loss: 1.048 -- Test ACC: 0.696 -- Test F1-score: 0.759
2024-07-22,14:16:10 [INFO] Pretrained GNN on Target Dataset Without Prompting: -- Validation Loss: 0.854 -- Validation ACC: 0.500 -- Validation F1-score: 0.571 -- Test Loss: 0.781 -- Test ACC: 0.713 -- Test F1-score: 0.784
2024-07-22,14:16:11 [INFO] Epoch: 0/30 -- Train Loss: 0.831 -- Validation Loss: 1.739 -- Validation ACC: 0.389 -- Validation F1: 0.560
2024-07-22,14:16:18 [INFO] Epoch: 10/30 -- Train Loss: 1.063 -- Validation Loss: 1.591 -- Validation ACC: 0.444 -- Validation F1: 0.583
2024-07-22,14:16:26 [INFO] Epoch: 20/30 -- Train Loss: 0.867 -- Validation Loss: 1.514 -- Validation ACC: 0.444 -- Validation F1: 0.583
2024-07-22,14:16:29 [INFO] Epoch: 24/30 -- Train Loss: 0.814 -- Validation Loss: 1.495 -- Validation ACC: 0.444 -- Validation F1: 0.583
2024-07-22,14:16:30 [INFO] Epoch: 25/30 -- Train Loss: 0.932 -- Validation Loss: 1.492 -- Validation ACC: 0.444 -- Validation F1: 0.583
2024-07-22,14:16:31 [INFO] Epoch: 26/30 -- Train Loss: 1.075 -- Validation Loss: 1.489 -- Validation ACC: 0.444 -- Validation F1: 0.583
2024-07-22,14:16:33 [INFO] Epoch: 27/30 -- Train Loss: 0.930 -- Validation Loss: 1.486 -- Validation ACC: 0.444 -- Validation F1: 0.583
2024-07-22,14:16:34 [INFO] Epoch: 28/30 -- Train Loss: 0.940 -- Validation Loss: 1.483 -- Validation ACC: 0.444 -- Validation F1: 0.583
2024-07-22,14:16:35 [INFO] Epoch: 29/30 -- Train Loss: 1.107 -- Validation Loss: 1.481 -- Validation ACC: 0.444 -- Validation F1: 0.583
2024-07-22,14:16:35 [INFO] Run 0/5: Average Over Last 6 epochs -- Valid ACC: 0.4444444444444445 -- Valid F1-score: 0.5833333134651184
2024-07-22,14:16:36 [INFO] Test Results of Run 0/5: -- Test Loss: 0.885 -- Test ACC: 0.687 -- Test F1: 0.798
2024-07-22,14:16:37 [INFO] Epoch: 0/30 -- Train Loss: 1.077 -- Validation Loss: 1.788 -- Validation ACC: 0.389 -- Validation F1: 0.560
2024-07-22,14:16:45 [INFO] Epoch: 10/30 -- Train Loss: 1.122 -- Validation Loss: 1.539 -- Validation ACC: 0.444 -- Validation F1: 0.583
2024-07-22,14:16:54 [INFO] Epoch: 20/30 -- Train Loss: 1.002 -- Validation Loss: 1.433 -- Validation ACC: 0.444 -- Validation F1: 0.583
2024-07-22,14:16:58 [INFO] Epoch: 24/30 -- Train Loss: 1.011 -- Validation Loss: 1.408 -- Validation ACC: 0.500 -- Validation F1: 0.609
2024-07-22,14:16:59 [INFO] Epoch: 25/30 -- Train Loss: 1.190 -- Validation Loss: 1.406 -- Validation ACC: 0.500 -- Validation F1: 0.609
2024-07-22,14:17:00 [INFO] Epoch: 26/30 -- Train Loss: 1.081 -- Validation Loss: 1.403 -- Validation ACC: 0.500 -- Validation F1: 0.609
2024-07-22,14:17:01 [INFO] Epoch: 27/30 -- Train Loss: 0.900 -- Validation Loss: 1.399 -- Validation ACC: 0.500 -- Validation F1: 0.609
2024-07-22,14:17:03 [INFO] Epoch: 28/30 -- Train Loss: 0.932 -- Validation Loss: 1.396 -- Validation ACC: 0.500 -- Validation F1: 0.609
2024-07-22,14:17:05 [INFO] Epoch: 29/30 -- Train Loss: 1.164 -- Validation Loss: 1.394 -- Validation ACC: 0.500 -- Validation F1: 0.609
2024-07-22,14:17:05 [INFO] Run 1/5: Average Over Last 6 epochs -- Valid ACC: 0.5 -- Valid F1-score: 0.6086956262588501
2024-07-22,14:17:05 [INFO] Test Results of Run 1/5: -- Test Loss: 0.894 -- Test ACC: 0.696 -- Test F1: 0.802
2024-07-22,14:17:06 [INFO] Epoch: 0/30 -- Train Loss: 1.105 -- Validation Loss: 1.908 -- Validation ACC: 0.389 -- Validation F1: 0.560
2024-07-22,14:17:13 [INFO] Epoch: 10/30 -- Train Loss: 1.049 -- Validation Loss: 1.472 -- Validation ACC: 0.444 -- Validation F1: 0.583
2024-07-22,14:17:20 [INFO] Epoch: 20/30 -- Train Loss: 0.724 -- Validation Loss: 1.213 -- Validation ACC: 0.444 -- Validation F1: 0.583
2024-07-22,14:17:23 [INFO] Epoch: 24/30 -- Train Loss: 0.602 -- Validation Loss: 0.960 -- Validation ACC: 0.500 -- Validation F1: 0.609
2024-07-22,14:17:24 [INFO] Epoch: 25/30 -- Train Loss: 0.673 -- Validation Loss: 0.906 -- Validation ACC: 0.500 -- Validation F1: 0.609
2024-07-22,14:17:25 [INFO] Epoch: 26/30 -- Train Loss: 0.622 -- Validation Loss: 0.877 -- Validation ACC: 0.556 -- Validation F1: 0.636
2024-07-22,14:17:26 [INFO] Epoch: 27/30 -- Train Loss: 0.608 -- Validation Loss: 0.891 -- Validation ACC: 0.500 -- Validation F1: 0.571
2024-07-22,14:17:28 [INFO] Epoch: 28/30 -- Train Loss: 0.729 -- Validation Loss: 0.886 -- Validation ACC: 0.500 -- Validation F1: 0.571
2024-07-22,14:17:29 [INFO] Epoch: 29/30 -- Train Loss: 0.502 -- Validation Loss: 0.893 -- Validation ACC: 0.500 -- Validation F1: 0.571
2024-07-22,14:17:29 [INFO] Run 2/5: Average Over Last 6 epochs -- Valid ACC: 0.5092592592592592 -- Valid F1-score: 0.5946734448273977
2024-07-22,14:17:29 [INFO] Test Results of Run 2/5: -- Test Loss: 0.609 -- Test ACC: 0.661 -- Test F1: 0.764
2024-07-22,14:17:30 [INFO] Epoch: 0/30 -- Train Loss: 1.138 -- Validation Loss: 1.816 -- Validation ACC: 0.389 -- Validation F1: 0.560
2024-07-22,14:17:38 [INFO] Epoch: 10/30 -- Train Loss: 0.974 -- Validation Loss: 1.640 -- Validation ACC: 0.444 -- Validation F1: 0.583
2024-07-22,14:17:45 [INFO] Epoch: 20/30 -- Train Loss: 1.172 -- Validation Loss: 1.525 -- Validation ACC: 0.444 -- Validation F1: 0.583
2024-07-22,14:17:48 [INFO] Epoch: 24/30 -- Train Loss: 0.962 -- Validation Loss: 1.483 -- Validation ACC: 0.444 -- Validation F1: 0.583
2024-07-22,14:17:49 [INFO] Epoch: 25/30 -- Train Loss: 0.815 -- Validation Loss: 1.468 -- Validation ACC: 0.444 -- Validation F1: 0.583
2024-07-22,14:17:50 [INFO] Epoch: 26/30 -- Train Loss: 1.017 -- Validation Loss: 1.445 -- Validation ACC: 0.444 -- Validation F1: 0.583
2024-07-22,14:17:52 [INFO] Epoch: 27/30 -- Train Loss: 0.788 -- Validation Loss: 1.411 -- Validation ACC: 0.444 -- Validation F1: 0.583
2024-07-22,14:17:53 [INFO] Epoch: 28/30 -- Train Loss: 1.155 -- Validation Loss: 1.377 -- Validation ACC: 0.444 -- Validation F1: 0.583
2024-07-22,14:17:54 [INFO] Epoch: 29/30 -- Train Loss: 0.746 -- Validation Loss: 1.341 -- Validation ACC: 0.444 -- Validation F1: 0.583
2024-07-22,14:17:54 [INFO] Run 3/5: Average Over Last 6 epochs -- Valid ACC: 0.4444444444444445 -- Valid F1-score: 0.5833333134651184
2024-07-22,14:17:55 [INFO] Test Results of Run 3/5: -- Test Loss: 0.845 -- Test ACC: 0.696 -- Test F1: 0.802
2024-07-22,14:17:56 [INFO] Epoch: 0/30 -- Train Loss: 1.321 -- Validation Loss: 1.933 -- Validation ACC: 0.389 -- Validation F1: 0.560
2024-07-22,14:18:05 [INFO] Epoch: 10/30 -- Train Loss: 1.055 -- Validation Loss: 1.664 -- Validation ACC: 0.444 -- Validation F1: 0.583
2024-07-22,14:18:12 [INFO] Epoch: 20/30 -- Train Loss: 1.065 -- Validation Loss: 1.475 -- Validation ACC: 0.444 -- Validation F1: 0.583
2024-07-22,14:18:15 [INFO] Epoch: 24/30 -- Train Loss: 1.192 -- Validation Loss: 1.367 -- Validation ACC: 0.444 -- Validation F1: 0.583
2024-07-22,14:18:17 [INFO] Epoch: 25/30 -- Train Loss: 0.844 -- Validation Loss: 1.342 -- Validation ACC: 0.444 -- Validation F1: 0.583
2024-07-22,14:18:17 [INFO] Epoch: 26/30 -- Train Loss: 0.957 -- Validation Loss: 1.320 -- Validation ACC: 0.444 -- Validation F1: 0.583
2024-07-22,14:18:18 [INFO] Epoch: 27/30 -- Train Loss: 0.594 -- Validation Loss: 1.292 -- Validation ACC: 0.444 -- Validation F1: 0.583
2024-07-22,14:18:19 [INFO] Epoch: 28/30 -- Train Loss: 0.890 -- Validation Loss: 1.267 -- Validation ACC: 0.500 -- Validation F1: 0.609
2024-07-22,14:18:20 [INFO] Epoch: 29/30 -- Train Loss: 1.016 -- Validation Loss: 1.246 -- Validation ACC: 0.500 -- Validation F1: 0.609
2024-07-22,14:18:20 [INFO] Run 4/5: Average Over Last 6 epochs -- Valid ACC: 0.46296296296296297 -- Valid F1-score: 0.5917874177296957
2024-07-22,14:18:21 [INFO] Test Results of Run 4/5: -- Test Loss: 0.765 -- Test ACC: 0.696 -- Test F1: 0.802
2024-07-22,14:18:21 [INFO] Validation average after 5 runs -- ACC: 0.472 -- F1-score: 0.592
2024-07-22,14:18:21 [INFO] Test average after 5 runs -- ACC: 0.687 -- F1-score: 0.794
2024-07-22,14:18:21 [INFO] Finished round 4/10 of experiments!
2024-07-22,14:18:21 [INFO] Started round 5/10 of experiments!
2024-07-22,14:18:21 [INFO] Setting for pretraining: Model: {'gnn_type': 'gcn', 'in_channels': 56, 'hidden_channels': 512, 'out_channels': 2, 'num_layers': 3, 'dropout': 0.4, 'with_bn': False, 'with_head': True} -- Optimizer: {'lr': 0.01, 'scheduler_step_size': 50, 'scheduler_gamma': 0.5, 'weight_decay': 0.0} -- Training: {'n_epochs': 100}
2024-07-22,14:18:21 [INFO] Loading previous pretrained model at ./pretrained/GCN_Pretrained_2024-07-01-15-05-37.pth
2024-07-22,14:18:21 [INFO] Total number of tokens: 50
2024-07-22,14:18:21 [INFO] Prompting method: all_in_one_original -- Setting: Prompting function: gpf_plus -- Target Dataset: DHFR
2024-07-22,14:18:21 [INFO] Setting for prompt tuning: Prompt: {'token_dim': 56, 'token_num': 50, 'cross_prune': 0.8, 'inner_prune': 0.3} -- Pretrained Model: {'gnn_type': 'gcn', 'in_channels': 56, 'hidden_channels': 512, 'out_channels': 2, 'num_layers': 3, 'dropout': 0.4, 'with_bn': False, 'with_head': True} -- Optimizer: {'lr': 0.001, 'scheduler_step_size': 50, 'scheduler_gamma': 0.5, 'weight_decay': 0.0} -- Training: {'n_epochs': 30, 'r_reg': 0.0, 'num_classes': 2, 'cut_off': 0.5}
2024-07-22,14:18:21 [INFO] Prompt tuning started: Num runs: 5 -- Eval step: 10
2024-07-22,14:18:22 [INFO] Pretrained GNN on Source Dataset -- Test Loss: 0.768 -- Test ACC: 0.687 -- Test F1-score: 0.684
2024-07-22,14:18:23 [INFO] Pretrained GNN on Target Dataset Without Prompting: -- Validation Loss: 0.232 -- Validation ACC: 0.889 -- Validation F1-score: 0.900 -- Test Loss: 0.871 -- Test ACC: 0.722 -- Test F1-score: 0.754
2024-07-22,14:18:24 [INFO] Epoch: 0/30 -- Train Loss: 1.548 -- Validation Loss: 1.467 -- Validation ACC: 0.556 -- Validation F1: 0.714
2024-07-22,14:18:32 [INFO] Epoch: 10/30 -- Train Loss: 0.503 -- Validation Loss: 0.447 -- Validation ACC: 0.667 -- Validation F1: 0.769
2024-07-22,14:18:39 [INFO] Epoch: 20/30 -- Train Loss: 0.579 -- Validation Loss: 0.434 -- Validation ACC: 0.722 -- Validation F1: 0.800
2024-07-22,14:18:43 [INFO] Epoch: 24/30 -- Train Loss: 0.722 -- Validation Loss: 0.448 -- Validation ACC: 0.667 -- Validation F1: 0.769
2024-07-22,14:18:44 [INFO] Epoch: 25/30 -- Train Loss: 0.622 -- Validation Loss: 0.449 -- Validation ACC: 0.667 -- Validation F1: 0.769
2024-07-22,14:18:45 [INFO] Epoch: 26/30 -- Train Loss: 0.654 -- Validation Loss: 0.451 -- Validation ACC: 0.667 -- Validation F1: 0.769
2024-07-22,14:18:46 [INFO] Epoch: 27/30 -- Train Loss: 0.577 -- Validation Loss: 0.450 -- Validation ACC: 0.667 -- Validation F1: 0.769
2024-07-22,14:18:47 [INFO] Epoch: 28/30 -- Train Loss: 0.657 -- Validation Loss: 0.450 -- Validation ACC: 0.667 -- Validation F1: 0.769
2024-07-22,14:18:48 [INFO] Epoch: 29/30 -- Train Loss: 0.645 -- Validation Loss: 0.449 -- Validation ACC: 0.667 -- Validation F1: 0.769
2024-07-22,14:18:48 [INFO] Run 0/5: Average Over Last 6 epochs -- Valid ACC: 0.6666666666666666 -- Valid F1-score: 0.7692307829856873
2024-07-22,14:18:49 [INFO] Test Results of Run 0/5: -- Test Loss: 0.653 -- Test ACC: 0.661 -- Test F1: 0.748
2024-07-22,14:18:50 [INFO] Epoch: 0/30 -- Train Loss: 1.884 -- Validation Loss: 2.152 -- Validation ACC: 0.556 -- Validation F1: 0.714
2024-07-22,14:18:58 [INFO] Epoch: 10/30 -- Train Loss: 0.563 -- Validation Loss: 0.630 -- Validation ACC: 0.556 -- Validation F1: 0.714
2024-07-22,14:19:06 [INFO] Epoch: 20/30 -- Train Loss: 0.637 -- Validation Loss: 0.425 -- Validation ACC: 0.833 -- Validation F1: 0.870
2024-07-22,14:19:09 [INFO] Epoch: 24/30 -- Train Loss: 0.580 -- Validation Loss: 0.436 -- Validation ACC: 0.667 -- Validation F1: 0.769
2024-07-22,14:19:11 [INFO] Epoch: 25/30 -- Train Loss: 0.645 -- Validation Loss: 0.440 -- Validation ACC: 0.667 -- Validation F1: 0.769
2024-07-22,14:19:12 [INFO] Epoch: 26/30 -- Train Loss: 0.547 -- Validation Loss: 0.444 -- Validation ACC: 0.667 -- Validation F1: 0.769
2024-07-22,14:19:12 [INFO] Epoch: 27/30 -- Train Loss: 0.637 -- Validation Loss: 0.446 -- Validation ACC: 0.667 -- Validation F1: 0.769
2024-07-22,14:19:14 [INFO] Epoch: 28/30 -- Train Loss: 0.541 -- Validation Loss: 0.448 -- Validation ACC: 0.667 -- Validation F1: 0.769
2024-07-22,14:19:15 [INFO] Epoch: 29/30 -- Train Loss: 0.634 -- Validation Loss: 0.450 -- Validation ACC: 0.667 -- Validation F1: 0.769
2024-07-22,14:19:15 [INFO] Run 1/5: Average Over Last 6 epochs -- Valid ACC: 0.6666666666666666 -- Valid F1-score: 0.7692307829856873
2024-07-22,14:19:15 [INFO] Test Results of Run 1/5: -- Test Loss: 0.658 -- Test ACC: 0.670 -- Test F1: 0.756
2024-07-22,14:19:16 [INFO] Epoch: 0/30 -- Train Loss: 2.338 -- Validation Loss: 2.578 -- Validation ACC: 0.556 -- Validation F1: 0.714
2024-07-22,14:19:25 [INFO] Epoch: 10/30 -- Train Loss: 0.811 -- Validation Loss: 0.789 -- Validation ACC: 0.556 -- Validation F1: 0.714
2024-07-22,14:19:32 [INFO] Epoch: 20/30 -- Train Loss: 0.622 -- Validation Loss: 0.409 -- Validation ACC: 0.889 -- Validation F1: 0.909
2024-07-22,14:19:36 [INFO] Epoch: 24/30 -- Train Loss: 0.635 -- Validation Loss: 0.419 -- Validation ACC: 0.778 -- Validation F1: 0.833
2024-07-22,14:19:37 [INFO] Epoch: 25/30 -- Train Loss: 0.501 -- Validation Loss: 0.422 -- Validation ACC: 0.778 -- Validation F1: 0.833
2024-07-22,14:19:38 [INFO] Epoch: 26/30 -- Train Loss: 0.555 -- Validation Loss: 0.427 -- Validation ACC: 0.778 -- Validation F1: 0.833
2024-07-22,14:19:40 [INFO] Epoch: 27/30 -- Train Loss: 0.553 -- Validation Loss: 0.431 -- Validation ACC: 0.778 -- Validation F1: 0.833
2024-07-22,14:19:41 [INFO] Epoch: 28/30 -- Train Loss: 0.550 -- Validation Loss: 0.434 -- Validation ACC: 0.778 -- Validation F1: 0.833
2024-07-22,14:19:42 [INFO] Epoch: 29/30 -- Train Loss: 0.591 -- Validation Loss: 0.438 -- Validation ACC: 0.722 -- Validation F1: 0.800
2024-07-22,14:19:42 [INFO] Run 2/5: Average Over Last 6 epochs -- Valid ACC: 0.7685185185185185 -- Valid F1-score: 0.8277777632077535
2024-07-22,14:19:42 [INFO] Test Results of Run 2/5: -- Test Loss: 0.640 -- Test ACC: 0.661 -- Test F1: 0.745
2024-07-22,14:19:43 [INFO] Epoch: 0/30 -- Train Loss: 1.023 -- Validation Loss: 1.162 -- Validation ACC: 0.556 -- Validation F1: 0.714
2024-07-22,14:19:51 [INFO] Epoch: 10/30 -- Train Loss: 0.534 -- Validation Loss: 0.426 -- Validation ACC: 0.889 -- Validation F1: 0.909
2024-07-22,14:19:59 [INFO] Epoch: 20/30 -- Train Loss: 0.695 -- Validation Loss: 0.480 -- Validation ACC: 0.667 -- Validation F1: 0.769
2024-07-22,14:20:01 [INFO] Epoch: 24/30 -- Train Loss: 0.591 -- Validation Loss: 0.467 -- Validation ACC: 0.667 -- Validation F1: 0.769
2024-07-22,14:20:03 [INFO] Epoch: 25/30 -- Train Loss: 0.716 -- Validation Loss: 0.466 -- Validation ACC: 0.667 -- Validation F1: 0.769
2024-07-22,14:20:03 [INFO] Epoch: 26/30 -- Train Loss: 0.603 -- Validation Loss: 0.465 -- Validation ACC: 0.667 -- Validation F1: 0.769
2024-07-22,14:20:05 [INFO] Epoch: 27/30 -- Train Loss: 0.566 -- Validation Loss: 0.464 -- Validation ACC: 0.667 -- Validation F1: 0.769
2024-07-22,14:20:06 [INFO] Epoch: 28/30 -- Train Loss: 0.501 -- Validation Loss: 0.464 -- Validation ACC: 0.667 -- Validation F1: 0.769
2024-07-22,14:20:07 [INFO] Epoch: 29/30 -- Train Loss: 0.492 -- Validation Loss: 0.463 -- Validation ACC: 0.667 -- Validation F1: 0.769
2024-07-22,14:20:07 [INFO] Run 3/5: Average Over Last 6 epochs -- Valid ACC: 0.6666666666666666 -- Valid F1-score: 0.7692307829856873
2024-07-22,14:20:08 [INFO] Test Results of Run 3/5: -- Test Loss: 0.659 -- Test ACC: 0.652 -- Test F1: 0.740
2024-07-22,14:20:09 [INFO] Epoch: 0/30 -- Train Loss: 1.111 -- Validation Loss: 1.465 -- Validation ACC: 0.556 -- Validation F1: 0.714
2024-07-22,14:20:15 [INFO] Epoch: 10/30 -- Train Loss: 0.594 -- Validation Loss: 0.480 -- Validation ACC: 0.611 -- Validation F1: 0.741
2024-07-22,14:20:21 [INFO] Epoch: 20/30 -- Train Loss: 0.590 -- Validation Loss: 0.443 -- Validation ACC: 0.778 -- Validation F1: 0.833
2024-07-22,14:20:25 [INFO] Epoch: 24/30 -- Train Loss: 0.587 -- Validation Loss: 0.456 -- Validation ACC: 0.667 -- Validation F1: 0.769
2024-07-22,14:20:26 [INFO] Epoch: 25/30 -- Train Loss: 0.689 -- Validation Loss: 0.456 -- Validation ACC: 0.667 -- Validation F1: 0.769
2024-07-22,14:20:27 [INFO] Epoch: 26/30 -- Train Loss: 0.518 -- Validation Loss: 0.456 -- Validation ACC: 0.667 -- Validation F1: 0.769
2024-07-22,14:20:28 [INFO] Epoch: 27/30 -- Train Loss: 0.581 -- Validation Loss: 0.456 -- Validation ACC: 0.667 -- Validation F1: 0.769
2024-07-22,14:20:29 [INFO] Epoch: 28/30 -- Train Loss: 0.671 -- Validation Loss: 0.456 -- Validation ACC: 0.667 -- Validation F1: 0.769
2024-07-22,14:20:30 [INFO] Epoch: 29/30 -- Train Loss: 0.534 -- Validation Loss: 0.455 -- Validation ACC: 0.667 -- Validation F1: 0.769
2024-07-22,14:20:30 [INFO] Run 4/5: Average Over Last 6 epochs -- Valid ACC: 0.6666666666666666 -- Valid F1-score: 0.7692307829856873
2024-07-22,14:20:31 [INFO] Test Results of Run 4/5: -- Test Loss: 0.661 -- Test ACC: 0.661 -- Test F1: 0.748
2024-07-22,14:20:31 [INFO] Validation average after 5 runs -- ACC: 0.687 -- F1-score: 0.781
2024-07-22,14:20:31 [INFO] Test average after 5 runs -- ACC: 0.661 -- F1-score: 0.748
2024-07-22,14:20:31 [INFO] Finished round 5/10 of experiments!
2024-07-22,14:20:31 [INFO] Started round 6/10 of experiments!
2024-07-22,14:20:31 [INFO] Loading previous pretrained model at ./pretrained/GCN_Pretrained_2024-07-01-15-07-56.pth
2024-07-22,14:20:31 [INFO] Total number of tokens: 50
2024-07-22,14:20:32 [INFO] Pretrained GNN on Source Dataset -- Test Loss: 0.661 -- Test ACC: 0.626 -- Test F1-score: 0.770
2024-07-22,14:20:32 [INFO] Pretrained GNN on Target Dataset Without Prompting: -- Validation Loss: 0.641 -- Validation ACC: 0.667 -- Validation F1-score: 0.800 -- Test Loss: 0.687 -- Test ACC: 0.574 -- Test F1-score: 0.729
2024-07-22,14:20:33 [INFO] Epoch: 0/30 -- Train Loss: 0.683 -- Validation Loss: 0.641 -- Validation ACC: 0.667 -- Validation F1: 0.800
2024-07-22,14:20:40 [INFO] Epoch: 10/30 -- Train Loss: 0.647 -- Validation Loss: 0.641 -- Validation ACC: 0.667 -- Validation F1: 0.800
2024-07-22,14:20:47 [INFO] Epoch: 20/30 -- Train Loss: 0.665 -- Validation Loss: 0.641 -- Validation ACC: 0.667 -- Validation F1: 0.800
2024-07-22,14:20:50 [INFO] Epoch: 24/30 -- Train Loss: 0.665 -- Validation Loss: 0.641 -- Validation ACC: 0.667 -- Validation F1: 0.800
2024-07-22,14:20:51 [INFO] Epoch: 25/30 -- Train Loss: 0.665 -- Validation Loss: 0.641 -- Validation ACC: 0.667 -- Validation F1: 0.800
2024-07-22,14:20:52 [INFO] Epoch: 26/30 -- Train Loss: 0.638 -- Validation Loss: 0.641 -- Validation ACC: 0.667 -- Validation F1: 0.800
2024-07-22,14:20:52 [INFO] Epoch: 27/30 -- Train Loss: 0.674 -- Validation Loss: 0.641 -- Validation ACC: 0.667 -- Validation F1: 0.800
2024-07-22,14:20:53 [INFO] Epoch: 28/30 -- Train Loss: 0.674 -- Validation Loss: 0.641 -- Validation ACC: 0.667 -- Validation F1: 0.800
2024-07-22,14:20:54 [INFO] Epoch: 29/30 -- Train Loss: 0.665 -- Validation Loss: 0.641 -- Validation ACC: 0.667 -- Validation F1: 0.800
2024-07-22,14:20:54 [INFO] Run 0/5: Average Over Last 6 epochs -- Valid ACC: 0.6666666666666666 -- Valid F1-score: 0.800000011920929
2024-07-22,14:20:55 [INFO] Test Results of Run 0/5: -- Test Loss: 0.687 -- Test ACC: 0.574 -- Test F1: 0.729
2024-07-22,14:20:56 [INFO] Epoch: 0/30 -- Train Loss: 0.665 -- Validation Loss: 0.641 -- Validation ACC: 0.667 -- Validation F1: 0.800
2024-07-22,14:21:03 [INFO] Epoch: 10/30 -- Train Loss: 0.665 -- Validation Loss: 0.641 -- Validation ACC: 0.667 -- Validation F1: 0.800
2024-07-22,14:21:10 [INFO] Epoch: 20/30 -- Train Loss: 0.665 -- Validation Loss: 0.641 -- Validation ACC: 0.667 -- Validation F1: 0.800
2024-07-22,14:21:13 [INFO] Epoch: 24/30 -- Train Loss: 0.692 -- Validation Loss: 0.641 -- Validation ACC: 0.667 -- Validation F1: 0.800
2024-07-22,14:21:14 [INFO] Epoch: 25/30 -- Train Loss: 0.700 -- Validation Loss: 0.641 -- Validation ACC: 0.667 -- Validation F1: 0.800
2024-07-22,14:21:15 [INFO] Epoch: 26/30 -- Train Loss: 0.683 -- Validation Loss: 0.641 -- Validation ACC: 0.667 -- Validation F1: 0.800
2024-07-22,14:21:16 [INFO] Epoch: 27/30 -- Train Loss: 0.621 -- Validation Loss: 0.641 -- Validation ACC: 0.667 -- Validation F1: 0.800
2024-07-22,14:21:17 [INFO] Epoch: 28/30 -- Train Loss: 0.692 -- Validation Loss: 0.641 -- Validation ACC: 0.667 -- Validation F1: 0.800
2024-07-22,14:21:19 [INFO] Epoch: 29/30 -- Train Loss: 0.630 -- Validation Loss: 0.641 -- Validation ACC: 0.667 -- Validation F1: 0.800
2024-07-22,14:21:19 [INFO] Run 1/5: Average Over Last 6 epochs -- Valid ACC: 0.6666666666666666 -- Valid F1-score: 0.800000011920929
2024-07-22,14:21:19 [INFO] Test Results of Run 1/5: -- Test Loss: 0.687 -- Test ACC: 0.574 -- Test F1: 0.729
2024-07-22,14:21:20 [INFO] Epoch: 0/30 -- Train Loss: 0.674 -- Validation Loss: 0.641 -- Validation ACC: 0.667 -- Validation F1: 0.800
2024-07-22,14:21:26 [INFO] Epoch: 10/30 -- Train Loss: 0.656 -- Validation Loss: 0.641 -- Validation ACC: 0.667 -- Validation F1: 0.800
2024-07-22,14:21:33 [INFO] Epoch: 20/30 -- Train Loss: 0.656 -- Validation Loss: 0.641 -- Validation ACC: 0.667 -- Validation F1: 0.800
2024-07-22,14:21:36 [INFO] Epoch: 24/30 -- Train Loss: 0.638 -- Validation Loss: 0.641 -- Validation ACC: 0.667 -- Validation F1: 0.800
2024-07-22,14:21:37 [INFO] Epoch: 25/30 -- Train Loss: 0.638 -- Validation Loss: 0.641 -- Validation ACC: 0.667 -- Validation F1: 0.800
2024-07-22,14:21:38 [INFO] Epoch: 26/30 -- Train Loss: 0.683 -- Validation Loss: 0.641 -- Validation ACC: 0.667 -- Validation F1: 0.800
2024-07-22,14:21:39 [INFO] Epoch: 27/30 -- Train Loss: 0.692 -- Validation Loss: 0.641 -- Validation ACC: 0.667 -- Validation F1: 0.800
2024-07-22,14:21:40 [INFO] Epoch: 28/30 -- Train Loss: 0.656 -- Validation Loss: 0.641 -- Validation ACC: 0.667 -- Validation F1: 0.800
2024-07-22,14:21:41 [INFO] Epoch: 29/30 -- Train Loss: 0.647 -- Validation Loss: 0.641 -- Validation ACC: 0.667 -- Validation F1: 0.800
2024-07-22,14:21:41 [INFO] Run 2/5: Average Over Last 6 epochs -- Valid ACC: 0.6666666666666666 -- Valid F1-score: 0.800000011920929
2024-07-22,14:21:41 [INFO] Test Results of Run 2/5: -- Test Loss: 0.687 -- Test ACC: 0.574 -- Test F1: 0.729
2024-07-22,14:21:42 [INFO] Epoch: 0/30 -- Train Loss: 0.683 -- Validation Loss: 0.641 -- Validation ACC: 0.667 -- Validation F1: 0.800
2024-07-22,14:21:49 [INFO] Epoch: 10/30 -- Train Loss: 0.683 -- Validation Loss: 0.641 -- Validation ACC: 0.667 -- Validation F1: 0.800
2024-07-22,14:21:55 [INFO] Epoch: 20/30 -- Train Loss: 0.683 -- Validation Loss: 0.641 -- Validation ACC: 0.667 -- Validation F1: 0.800
2024-07-22,14:21:58 [INFO] Epoch: 24/30 -- Train Loss: 0.647 -- Validation Loss: 0.641 -- Validation ACC: 0.667 -- Validation F1: 0.800
2024-07-22,14:21:59 [INFO] Epoch: 25/30 -- Train Loss: 0.674 -- Validation Loss: 0.641 -- Validation ACC: 0.667 -- Validation F1: 0.800
2024-07-22,14:22:00 [INFO] Epoch: 26/30 -- Train Loss: 0.638 -- Validation Loss: 0.641 -- Validation ACC: 0.667 -- Validation F1: 0.800
2024-07-22,14:22:01 [INFO] Epoch: 27/30 -- Train Loss: 0.709 -- Validation Loss: 0.641 -- Validation ACC: 0.667 -- Validation F1: 0.800
2024-07-22,14:22:02 [INFO] Epoch: 28/30 -- Train Loss: 0.700 -- Validation Loss: 0.641 -- Validation ACC: 0.667 -- Validation F1: 0.800
2024-07-22,14:22:03 [INFO] Epoch: 29/30 -- Train Loss: 0.674 -- Validation Loss: 0.641 -- Validation ACC: 0.667 -- Validation F1: 0.800
2024-07-22,14:22:03 [INFO] Run 3/5: Average Over Last 6 epochs -- Valid ACC: 0.6666666666666666 -- Valid F1-score: 0.800000011920929
2024-07-22,14:22:04 [INFO] Test Results of Run 3/5: -- Test Loss: 0.687 -- Test ACC: 0.574 -- Test F1: 0.729
2024-07-22,14:22:05 [INFO] Epoch: 0/30 -- Train Loss: 0.683 -- Validation Loss: 0.641 -- Validation ACC: 0.667 -- Validation F1: 0.800
2024-07-22,14:22:12 [INFO] Epoch: 10/30 -- Train Loss: 0.665 -- Validation Loss: 0.641 -- Validation ACC: 0.667 -- Validation F1: 0.800
2024-07-22,14:22:19 [INFO] Epoch: 20/30 -- Train Loss: 0.656 -- Validation Loss: 0.641 -- Validation ACC: 0.667 -- Validation F1: 0.800
2024-07-22,14:22:21 [INFO] Epoch: 24/30 -- Train Loss: 0.692 -- Validation Loss: 0.641 -- Validation ACC: 0.667 -- Validation F1: 0.800
2024-07-22,14:22:22 [INFO] Epoch: 25/30 -- Train Loss: 0.656 -- Validation Loss: 0.641 -- Validation ACC: 0.667 -- Validation F1: 0.800
2024-07-22,14:22:23 [INFO] Epoch: 26/30 -- Train Loss: 0.683 -- Validation Loss: 0.641 -- Validation ACC: 0.667 -- Validation F1: 0.800
2024-07-22,14:22:25 [INFO] Epoch: 27/30 -- Train Loss: 0.674 -- Validation Loss: 0.641 -- Validation ACC: 0.667 -- Validation F1: 0.800
2024-07-22,14:22:25 [INFO] Epoch: 28/30 -- Train Loss: 0.647 -- Validation Loss: 0.641 -- Validation ACC: 0.667 -- Validation F1: 0.800
2024-07-22,14:22:27 [INFO] Epoch: 29/30 -- Train Loss: 0.665 -- Validation Loss: 0.641 -- Validation ACC: 0.667 -- Validation F1: 0.800
2024-07-22,14:22:27 [INFO] Run 4/5: Average Over Last 6 epochs -- Valid ACC: 0.6666666666666666 -- Valid F1-score: 0.800000011920929
2024-07-22,14:22:27 [INFO] Test Results of Run 4/5: -- Test Loss: 0.687 -- Test ACC: 0.574 -- Test F1: 0.729
2024-07-22,14:22:27 [INFO] Validation average after 5 runs -- ACC: 0.667 -- F1-score: 0.800
2024-07-22,14:22:27 [INFO] Test average after 5 runs -- ACC: 0.574 -- F1-score: 0.729
2024-07-22,14:22:27 [INFO] Finished round 6/10 of experiments!
2024-07-22,14:22:27 [INFO] Started round 7/10 of experiments!
2024-07-22,14:22:27 [INFO] Loading previous pretrained model at ./pretrained/GCN_Pretrained_2024-07-01-15-10-20.pth
2024-07-22,14:22:27 [INFO] Total number of tokens: 50
2024-07-22,14:22:28 [INFO] Pretrained GNN on Source Dataset -- Test Loss: 0.642 -- Test ACC: 0.670 -- Test F1-score: 0.708
2024-07-22,14:22:29 [INFO] Pretrained GNN on Target Dataset Without Prompting: -- Validation Loss: 0.357 -- Validation ACC: 0.833 -- Validation F1-score: 0.870 -- Test Loss: 0.708 -- Test ACC: 0.609 -- Test F1-score: 0.640
2024-07-22,14:22:30 [INFO] Epoch: 0/30 -- Train Loss: 0.798 -- Validation Loss: 0.502 -- Validation ACC: 0.722 -- Validation F1: 0.839
2024-07-22,14:22:37 [INFO] Epoch: 10/30 -- Train Loss: 0.660 -- Validation Loss: 0.453 -- Validation ACC: 0.722 -- Validation F1: 0.839
2024-07-22,14:22:43 [INFO] Epoch: 20/30 -- Train Loss: 0.726 -- Validation Loss: 0.459 -- Validation ACC: 0.778 -- Validation F1: 0.867
2024-07-22,14:22:46 [INFO] Epoch: 24/30 -- Train Loss: 0.553 -- Validation Loss: 0.461 -- Validation ACC: 0.833 -- Validation F1: 0.897
2024-07-22,14:22:47 [INFO] Epoch: 25/30 -- Train Loss: 0.589 -- Validation Loss: 0.462 -- Validation ACC: 0.833 -- Validation F1: 0.897
2024-07-22,14:22:48 [INFO] Epoch: 26/30 -- Train Loss: 0.630 -- Validation Loss: 0.462 -- Validation ACC: 0.833 -- Validation F1: 0.897
2024-07-22,14:22:49 [INFO] Epoch: 27/30 -- Train Loss: 0.647 -- Validation Loss: 0.462 -- Validation ACC: 0.833 -- Validation F1: 0.897
2024-07-22,14:22:50 [INFO] Epoch: 28/30 -- Train Loss: 0.650 -- Validation Loss: 0.463 -- Validation ACC: 0.833 -- Validation F1: 0.897
2024-07-22,14:22:52 [INFO] Epoch: 29/30 -- Train Loss: 0.510 -- Validation Loss: 0.463 -- Validation ACC: 0.833 -- Validation F1: 0.897
2024-07-22,14:22:52 [INFO] Run 0/5: Average Over Last 6 epochs -- Valid ACC: 0.8333333333333334 -- Valid F1-score: 0.8965517282485962
2024-07-22,14:22:52 [INFO] Test Results of Run 0/5: -- Test Loss: 0.613 -- Test ACC: 0.652 -- Test F1: 0.750
2024-07-22,14:22:53 [INFO] Epoch: 0/30 -- Train Loss: 0.577 -- Validation Loss: 0.465 -- Validation ACC: 0.722 -- Validation F1: 0.839
2024-07-22,14:23:00 [INFO] Epoch: 10/30 -- Train Loss: 0.540 -- Validation Loss: 0.466 -- Validation ACC: 0.833 -- Validation F1: 0.897
2024-07-22,14:23:07 [INFO] Epoch: 20/30 -- Train Loss: 0.600 -- Validation Loss: 0.472 -- Validation ACC: 0.778 -- Validation F1: 0.846
2024-07-22,14:23:10 [INFO] Epoch: 24/30 -- Train Loss: 0.645 -- Validation Loss: 0.473 -- Validation ACC: 0.778 -- Validation F1: 0.846
2024-07-22,14:23:11 [INFO] Epoch: 25/30 -- Train Loss: 0.603 -- Validation Loss: 0.473 -- Validation ACC: 0.778 -- Validation F1: 0.846
2024-07-22,14:23:12 [INFO] Epoch: 26/30 -- Train Loss: 0.519 -- Validation Loss: 0.473 -- Validation ACC: 0.778 -- Validation F1: 0.846
2024-07-22,14:23:13 [INFO] Epoch: 27/30 -- Train Loss: 0.587 -- Validation Loss: 0.473 -- Validation ACC: 0.778 -- Validation F1: 0.846
2024-07-22,14:23:14 [INFO] Epoch: 28/30 -- Train Loss: 0.566 -- Validation Loss: 0.473 -- Validation ACC: 0.778 -- Validation F1: 0.846
2024-07-22,14:23:15 [INFO] Epoch: 29/30 -- Train Loss: 0.581 -- Validation Loss: 0.473 -- Validation ACC: 0.778 -- Validation F1: 0.846
2024-07-22,14:23:15 [INFO] Run 1/5: Average Over Last 6 epochs -- Valid ACC: 0.7777777777777778 -- Valid F1-score: 0.8461538553237915
2024-07-22,14:23:16 [INFO] Test Results of Run 1/5: -- Test Loss: 0.618 -- Test ACC: 0.635 -- Test F1: 0.724
2024-07-22,14:23:17 [INFO] Epoch: 0/30 -- Train Loss: 0.719 -- Validation Loss: 0.463 -- Validation ACC: 0.722 -- Validation F1: 0.839
2024-07-22,14:23:23 [INFO] Epoch: 10/30 -- Train Loss: 0.696 -- Validation Loss: 0.451 -- Validation ACC: 0.833 -- Validation F1: 0.897
2024-07-22,14:23:30 [INFO] Epoch: 20/30 -- Train Loss: 0.597 -- Validation Loss: 0.454 -- Validation ACC: 0.833 -- Validation F1: 0.889
2024-07-22,14:23:32 [INFO] Epoch: 24/30 -- Train Loss: 0.644 -- Validation Loss: 0.457 -- Validation ACC: 0.833 -- Validation F1: 0.880
2024-07-22,14:23:33 [INFO] Epoch: 25/30 -- Train Loss: 0.560 -- Validation Loss: 0.457 -- Validation ACC: 0.833 -- Validation F1: 0.880
2024-07-22,14:23:35 [INFO] Epoch: 26/30 -- Train Loss: 0.622 -- Validation Loss: 0.456 -- Validation ACC: 0.833 -- Validation F1: 0.880
2024-07-22,14:23:36 [INFO] Epoch: 27/30 -- Train Loss: 0.653 -- Validation Loss: 0.456 -- Validation ACC: 0.833 -- Validation F1: 0.880
2024-07-22,14:23:37 [INFO] Epoch: 28/30 -- Train Loss: 0.628 -- Validation Loss: 0.456 -- Validation ACC: 0.833 -- Validation F1: 0.880
2024-07-22,14:23:38 [INFO] Epoch: 29/30 -- Train Loss: 0.582 -- Validation Loss: 0.456 -- Validation ACC: 0.833 -- Validation F1: 0.880
2024-07-22,14:23:38 [INFO] Run 2/5: Average Over Last 6 epochs -- Valid ACC: 0.8333333333333334 -- Valid F1-score: 0.8799999952316284
2024-07-22,14:23:38 [INFO] Test Results of Run 2/5: -- Test Loss: 0.615 -- Test ACC: 0.643 -- Test F1: 0.732
2024-07-22,14:23:39 [INFO] Epoch: 0/30 -- Train Loss: 0.786 -- Validation Loss: 0.484 -- Validation ACC: 0.722 -- Validation F1: 0.839
2024-07-22,14:23:45 [INFO] Epoch: 10/30 -- Train Loss: 0.569 -- Validation Loss: 0.455 -- Validation ACC: 0.778 -- Validation F1: 0.867
2024-07-22,14:23:51 [INFO] Epoch: 20/30 -- Train Loss: 0.589 -- Validation Loss: 0.466 -- Validation ACC: 0.778 -- Validation F1: 0.857
2024-07-22,14:23:54 [INFO] Epoch: 24/30 -- Train Loss: 0.548 -- Validation Loss: 0.469 -- Validation ACC: 0.778 -- Validation F1: 0.846
2024-07-22,14:23:55 [INFO] Epoch: 25/30 -- Train Loss: 0.561 -- Validation Loss: 0.469 -- Validation ACC: 0.778 -- Validation F1: 0.846
2024-07-22,14:23:56 [INFO] Epoch: 26/30 -- Train Loss: 0.650 -- Validation Loss: 0.469 -- Validation ACC: 0.778 -- Validation F1: 0.846
2024-07-22,14:23:57 [INFO] Epoch: 27/30 -- Train Loss: 0.592 -- Validation Loss: 0.470 -- Validation ACC: 0.778 -- Validation F1: 0.846
2024-07-22,14:23:58 [INFO] Epoch: 28/30 -- Train Loss: 0.654 -- Validation Loss: 0.470 -- Validation ACC: 0.778 -- Validation F1: 0.846
2024-07-22,14:23:59 [INFO] Epoch: 29/30 -- Train Loss: 0.686 -- Validation Loss: 0.470 -- Validation ACC: 0.778 -- Validation F1: 0.846
2024-07-22,14:23:59 [INFO] Run 3/5: Average Over Last 6 epochs -- Valid ACC: 0.7777777777777778 -- Valid F1-score: 0.8461538553237915
2024-07-22,14:24:00 [INFO] Test Results of Run 3/5: -- Test Loss: 0.614 -- Test ACC: 0.652 -- Test F1: 0.740
2024-07-22,14:24:01 [INFO] Epoch: 0/30 -- Train Loss: 0.742 -- Validation Loss: 0.494 -- Validation ACC: 0.722 -- Validation F1: 0.839
2024-07-22,14:24:07 [INFO] Epoch: 10/30 -- Train Loss: 0.569 -- Validation Loss: 0.447 -- Validation ACC: 0.778 -- Validation F1: 0.867
2024-07-22,14:24:13 [INFO] Epoch: 20/30 -- Train Loss: 0.632 -- Validation Loss: 0.458 -- Validation ACC: 0.889 -- Validation F1: 0.923
2024-07-22,14:24:16 [INFO] Epoch: 24/30 -- Train Loss: 0.595 -- Validation Loss: 0.458 -- Validation ACC: 0.833 -- Validation F1: 0.880
2024-07-22,14:24:18 [INFO] Epoch: 25/30 -- Train Loss: 0.608 -- Validation Loss: 0.458 -- Validation ACC: 0.833 -- Validation F1: 0.880
2024-07-22,14:24:19 [INFO] Epoch: 26/30 -- Train Loss: 0.564 -- Validation Loss: 0.458 -- Validation ACC: 0.833 -- Validation F1: 0.880
2024-07-22,14:24:20 [INFO] Epoch: 27/30 -- Train Loss: 0.560 -- Validation Loss: 0.458 -- Validation ACC: 0.833 -- Validation F1: 0.880
2024-07-22,14:24:22 [INFO] Epoch: 28/30 -- Train Loss: 0.636 -- Validation Loss: 0.458 -- Validation ACC: 0.833 -- Validation F1: 0.880
2024-07-22,14:24:23 [INFO] Epoch: 29/30 -- Train Loss: 0.667 -- Validation Loss: 0.458 -- Validation ACC: 0.889 -- Validation F1: 0.923
2024-07-22,14:24:23 [INFO] Run 4/5: Average Over Last 6 epochs -- Valid ACC: 0.8425925925925926 -- Valid F1-score: 0.8871794839700063
2024-07-22,14:24:24 [INFO] Test Results of Run 4/5: -- Test Loss: 0.616 -- Test ACC: 0.643 -- Test F1: 0.725
2024-07-22,14:24:24 [INFO] Validation average after 5 runs -- ACC: 0.813 -- F1-score: 0.871
2024-07-22,14:24:24 [INFO] Test average after 5 runs -- ACC: 0.645 -- F1-score: 0.734
2024-07-22,14:24:24 [INFO] Finished round 7/10 of experiments!
2024-07-22,14:24:24 [INFO] Started round 8/10 of experiments!
2024-07-22,14:24:24 [INFO] Loading previous pretrained model at ./pretrained/GCN_Pretrained_2024-07-01-15-12-47.pth
2024-07-22,14:24:24 [INFO] Total number of tokens: 50
2024-07-22,14:24:24 [INFO] Pretrained GNN on Source Dataset -- Test Loss: 0.883 -- Test ACC: 0.696 -- Test F1-score: 0.733
2024-07-22,14:24:25 [INFO] Pretrained GNN on Target Dataset Without Prompting: -- Validation Loss: 0.933 -- Validation ACC: 0.833 -- Validation F1-score: 0.889 -- Test Loss: 1.174 -- Test ACC: 0.652 -- Test F1-score: 0.714
2024-07-22,14:24:27 [INFO] Epoch: 0/30 -- Train Loss: 0.616 -- Validation Loss: 0.629 -- Validation ACC: 0.667 -- Validation F1: 0.786
2024-07-22,14:24:33 [INFO] Epoch: 10/30 -- Train Loss: 0.535 -- Validation Loss: 0.631 -- Validation ACC: 0.667 -- Validation F1: 0.786
2024-07-22,14:24:40 [INFO] Epoch: 20/30 -- Train Loss: 0.574 -- Validation Loss: 0.643 -- Validation ACC: 0.667 -- Validation F1: 0.786
2024-07-22,14:24:43 [INFO] Epoch: 24/30 -- Train Loss: 0.526 -- Validation Loss: 0.652 -- Validation ACC: 0.667 -- Validation F1: 0.786
2024-07-22,14:24:44 [INFO] Epoch: 25/30 -- Train Loss: 0.717 -- Validation Loss: 0.678 -- Validation ACC: 0.667 -- Validation F1: 0.786
2024-07-22,14:24:45 [INFO] Epoch: 26/30 -- Train Loss: 0.627 -- Validation Loss: 0.678 -- Validation ACC: 0.667 -- Validation F1: 0.786
2024-07-22,14:24:46 [INFO] Epoch: 27/30 -- Train Loss: 0.594 -- Validation Loss: 0.681 -- Validation ACC: 0.667 -- Validation F1: 0.786
2024-07-22,14:24:47 [INFO] Epoch: 28/30 -- Train Loss: 0.507 -- Validation Loss: 0.680 -- Validation ACC: 0.667 -- Validation F1: 0.786
2024-07-22,14:24:49 [INFO] Epoch: 29/30 -- Train Loss: 0.667 -- Validation Loss: 0.680 -- Validation ACC: 0.667 -- Validation F1: 0.786
2024-07-22,14:24:49 [INFO] Run 0/5: Average Over Last 6 epochs -- Valid ACC: 0.6666666666666666 -- Valid F1-score: 0.7857142686843872
2024-07-22,14:24:49 [INFO] Test Results of Run 0/5: -- Test Loss: 0.803 -- Test ACC: 0.643 -- Test F1: 0.735
2024-07-22,14:24:50 [INFO] Epoch: 0/30 -- Train Loss: 0.880 -- Validation Loss: 0.699 -- Validation ACC: 0.611 -- Validation F1: 0.759
2024-07-22,14:24:57 [INFO] Epoch: 10/30 -- Train Loss: 0.664 -- Validation Loss: 0.685 -- Validation ACC: 0.722 -- Validation F1: 0.815
2024-07-22,14:25:04 [INFO] Epoch: 20/30 -- Train Loss: 0.673 -- Validation Loss: 0.693 -- Validation ACC: 0.778 -- Validation F1: 0.846
2024-07-22,14:25:06 [INFO] Epoch: 24/30 -- Train Loss: 0.503 -- Validation Loss: 0.693 -- Validation ACC: 0.778 -- Validation F1: 0.846
2024-07-22,14:25:07 [INFO] Epoch: 25/30 -- Train Loss: 0.627 -- Validation Loss: 0.693 -- Validation ACC: 0.778 -- Validation F1: 0.846
2024-07-22,14:25:08 [INFO] Epoch: 26/30 -- Train Loss: 0.745 -- Validation Loss: 0.693 -- Validation ACC: 0.778 -- Validation F1: 0.846
2024-07-22,14:25:09 [INFO] Epoch: 27/30 -- Train Loss: 0.684 -- Validation Loss: 0.693 -- Validation ACC: 0.778 -- Validation F1: 0.846
2024-07-22,14:25:11 [INFO] Epoch: 28/30 -- Train Loss: 0.726 -- Validation Loss: 0.693 -- Validation ACC: 0.778 -- Validation F1: 0.846
2024-07-22,14:25:12 [INFO] Epoch: 29/30 -- Train Loss: 0.632 -- Validation Loss: 0.693 -- Validation ACC: 0.778 -- Validation F1: 0.846
2024-07-22,14:25:12 [INFO] Run 1/5: Average Over Last 6 epochs -- Valid ACC: 0.7777777777777778 -- Valid F1-score: 0.8461538553237915
2024-07-22,14:25:12 [INFO] Test Results of Run 1/5: -- Test Loss: 0.771 -- Test ACC: 0.652 -- Test F1: 0.740
2024-07-22,14:25:13 [INFO] Epoch: 0/30 -- Train Loss: 0.756 -- Validation Loss: 0.721 -- Validation ACC: 0.611 -- Validation F1: 0.759
2024-07-22,14:25:19 [INFO] Epoch: 10/30 -- Train Loss: 0.652 -- Validation Loss: 0.735 -- Validation ACC: 0.667 -- Validation F1: 0.786
2024-07-22,14:25:26 [INFO] Epoch: 20/30 -- Train Loss: 0.630 -- Validation Loss: 0.748 -- Validation ACC: 0.667 -- Validation F1: 0.786
2024-07-22,14:25:28 [INFO] Epoch: 24/30 -- Train Loss: 0.812 -- Validation Loss: 0.748 -- Validation ACC: 0.667 -- Validation F1: 0.786
2024-07-22,14:25:29 [INFO] Epoch: 25/30 -- Train Loss: 0.686 -- Validation Loss: 0.748 -- Validation ACC: 0.667 -- Validation F1: 0.786
2024-07-22,14:25:30 [INFO] Epoch: 26/30 -- Train Loss: 0.714 -- Validation Loss: 0.747 -- Validation ACC: 0.667 -- Validation F1: 0.786
2024-07-22,14:25:31 [INFO] Epoch: 27/30 -- Train Loss: 0.586 -- Validation Loss: 0.747 -- Validation ACC: 0.667 -- Validation F1: 0.786
2024-07-22,14:25:32 [INFO] Epoch: 28/30 -- Train Loss: 0.708 -- Validation Loss: 0.747 -- Validation ACC: 0.667 -- Validation F1: 0.786
2024-07-22,14:25:33 [INFO] Epoch: 29/30 -- Train Loss: 0.583 -- Validation Loss: 0.747 -- Validation ACC: 0.667 -- Validation F1: 0.786
2024-07-22,14:25:33 [INFO] Run 2/5: Average Over Last 6 epochs -- Valid ACC: 0.6666666666666666 -- Valid F1-score: 0.7857142686843872
2024-07-22,14:25:34 [INFO] Test Results of Run 2/5: -- Test Loss: 0.782 -- Test ACC: 0.635 -- Test F1: 0.727
2024-07-22,14:25:35 [INFO] Epoch: 0/30 -- Train Loss: 0.765 -- Validation Loss: 0.702 -- Validation ACC: 0.611 -- Validation F1: 0.759
2024-07-22,14:25:41 [INFO] Epoch: 10/30 -- Train Loss: 0.681 -- Validation Loss: 0.710 -- Validation ACC: 0.778 -- Validation F1: 0.846
2024-07-22,14:25:49 [INFO] Epoch: 20/30 -- Train Loss: 0.611 -- Validation Loss: 0.711 -- Validation ACC: 0.778 -- Validation F1: 0.846
2024-07-22,14:25:52 [INFO] Epoch: 24/30 -- Train Loss: 0.712 -- Validation Loss: 0.711 -- Validation ACC: 0.778 -- Validation F1: 0.846
2024-07-22,14:25:53 [INFO] Epoch: 25/30 -- Train Loss: 0.770 -- Validation Loss: 0.711 -- Validation ACC: 0.778 -- Validation F1: 0.846
2024-07-22,14:25:54 [INFO] Epoch: 26/30 -- Train Loss: 0.849 -- Validation Loss: 0.711 -- Validation ACC: 0.778 -- Validation F1: 0.846
2024-07-22,14:25:55 [INFO] Epoch: 27/30 -- Train Loss: 0.600 -- Validation Loss: 0.711 -- Validation ACC: 0.778 -- Validation F1: 0.846
2024-07-22,14:25:56 [INFO] Epoch: 28/30 -- Train Loss: 0.707 -- Validation Loss: 0.711 -- Validation ACC: 0.778 -- Validation F1: 0.846
2024-07-22,14:25:57 [INFO] Epoch: 29/30 -- Train Loss: 0.601 -- Validation Loss: 0.711 -- Validation ACC: 0.778 -- Validation F1: 0.846
2024-07-22,14:25:57 [INFO] Run 3/5: Average Over Last 6 epochs -- Valid ACC: 0.7777777777777778 -- Valid F1-score: 0.8461538553237915
2024-07-22,14:25:57 [INFO] Test Results of Run 3/5: -- Test Loss: 0.813 -- Test ACC: 0.635 -- Test F1: 0.727
2024-07-22,14:25:59 [INFO] Epoch: 0/30 -- Train Loss: 0.700 -- Validation Loss: 0.721 -- Validation ACC: 0.611 -- Validation F1: 0.759
2024-07-22,14:26:04 [INFO] Epoch: 10/30 -- Train Loss: 0.637 -- Validation Loss: 0.721 -- Validation ACC: 0.667 -- Validation F1: 0.786
2024-07-22,14:26:11 [INFO] Epoch: 20/30 -- Train Loss: 0.760 -- Validation Loss: 0.725 -- Validation ACC: 0.778 -- Validation F1: 0.846
2024-07-22,14:26:15 [INFO] Epoch: 24/30 -- Train Loss: 0.590 -- Validation Loss: 0.725 -- Validation ACC: 0.778 -- Validation F1: 0.846
2024-07-22,14:26:16 [INFO] Epoch: 25/30 -- Train Loss: 0.643 -- Validation Loss: 0.725 -- Validation ACC: 0.778 -- Validation F1: 0.846
2024-07-22,14:26:17 [INFO] Epoch: 26/30 -- Train Loss: 0.745 -- Validation Loss: 0.725 -- Validation ACC: 0.778 -- Validation F1: 0.846
2024-07-22,14:26:18 [INFO] Epoch: 27/30 -- Train Loss: 0.693 -- Validation Loss: 0.725 -- Validation ACC: 0.778 -- Validation F1: 0.846
2024-07-22,14:26:19 [INFO] Epoch: 28/30 -- Train Loss: 0.655 -- Validation Loss: 0.725 -- Validation ACC: 0.778 -- Validation F1: 0.846
2024-07-22,14:26:20 [INFO] Epoch: 29/30 -- Train Loss: 0.611 -- Validation Loss: 0.725 -- Validation ACC: 0.778 -- Validation F1: 0.846
2024-07-22,14:26:20 [INFO] Run 4/5: Average Over Last 6 epochs -- Valid ACC: 0.7777777777777778 -- Valid F1-score: 0.8461538553237915
2024-07-22,14:26:21 [INFO] Test Results of Run 4/5: -- Test Loss: 0.777 -- Test ACC: 0.635 -- Test F1: 0.720
2024-07-22,14:26:21 [INFO] Validation average after 5 runs -- ACC: 0.733 -- F1-score: 0.822
2024-07-22,14:26:21 [INFO] Test average after 5 runs -- ACC: 0.640 -- F1-score: 0.730
2024-07-22,14:26:21 [INFO] Finished round 8/10 of experiments!
2024-07-22,14:26:21 [INFO] Started round 9/10 of experiments!
2024-07-22,14:26:21 [INFO] Loading previous pretrained model at ./pretrained/GCN_Pretrained_2024-07-01-15-15-13.pth
2024-07-22,14:26:21 [INFO] Total number of tokens: 50
2024-07-22,14:26:22 [INFO] Pretrained GNN on Source Dataset -- Test Loss: 0.947 -- Test ACC: 0.757 -- Test F1-score: 0.785
2024-07-22,14:26:22 [INFO] Pretrained GNN on Target Dataset Without Prompting: -- Validation Loss: 0.804 -- Validation ACC: 0.722 -- Validation F1-score: 0.762 -- Test Loss: 0.876 -- Test ACC: 0.739 -- Test F1-score: 0.789
2024-07-22,14:26:23 [INFO] Epoch: 0/30 -- Train Loss: 0.500 -- Validation Loss: 0.476 -- Validation ACC: 0.667 -- Validation F1: 0.769
2024-07-22,14:26:30 [INFO] Epoch: 10/30 -- Train Loss: 0.543 -- Validation Loss: 0.468 -- Validation ACC: 0.667 -- Validation F1: 0.769
2024-07-22,14:26:36 [INFO] Epoch: 20/30 -- Train Loss: 0.576 -- Validation Loss: 0.470 -- Validation ACC: 0.667 -- Validation F1: 0.769
2024-07-22,14:26:40 [INFO] Epoch: 24/30 -- Train Loss: 0.547 -- Validation Loss: 0.468 -- Validation ACC: 0.667 -- Validation F1: 0.769
2024-07-22,14:26:41 [INFO] Epoch: 25/30 -- Train Loss: 0.332 -- Validation Loss: 0.466 -- Validation ACC: 0.667 -- Validation F1: 0.769
2024-07-22,14:26:42 [INFO] Epoch: 26/30 -- Train Loss: 0.492 -- Validation Loss: 0.470 -- Validation ACC: 0.667 -- Validation F1: 0.769
2024-07-22,14:26:43 [INFO] Epoch: 27/30 -- Train Loss: 0.474 -- Validation Loss: 0.468 -- Validation ACC: 0.667 -- Validation F1: 0.769
2024-07-22,14:26:44 [INFO] Epoch: 28/30 -- Train Loss: 0.454 -- Validation Loss: 0.468 -- Validation ACC: 0.667 -- Validation F1: 0.769
2024-07-22,14:26:45 [INFO] Epoch: 29/30 -- Train Loss: 0.490 -- Validation Loss: 0.467 -- Validation ACC: 0.667 -- Validation F1: 0.769
2024-07-22,14:26:45 [INFO] Run 0/5: Average Over Last 6 epochs -- Valid ACC: 0.6666666666666666 -- Valid F1-score: 0.7692307829856873
2024-07-22,14:26:45 [INFO] Test Results of Run 0/5: -- Test Loss: 0.624 -- Test ACC: 0.774 -- Test F1: 0.835
2024-07-22,14:26:46 [INFO] Epoch: 0/30 -- Train Loss: 0.653 -- Validation Loss: 0.502 -- Validation ACC: 0.667 -- Validation F1: 0.769
2024-07-22,14:26:54 [INFO] Epoch: 10/30 -- Train Loss: 0.548 -- Validation Loss: 0.480 -- Validation ACC: 0.667 -- Validation F1: 0.769
2024-07-22,14:27:00 [INFO] Epoch: 20/30 -- Train Loss: 0.367 -- Validation Loss: 0.478 -- Validation ACC: 0.667 -- Validation F1: 0.769
2024-07-22,14:27:03 [INFO] Epoch: 24/30 -- Train Loss: 0.527 -- Validation Loss: 0.477 -- Validation ACC: 0.667 -- Validation F1: 0.769
2024-07-22,14:27:04 [INFO] Epoch: 25/30 -- Train Loss: 0.501 -- Validation Loss: 0.477 -- Validation ACC: 0.667 -- Validation F1: 0.769
2024-07-22,14:27:05 [INFO] Epoch: 26/30 -- Train Loss: 0.506 -- Validation Loss: 0.475 -- Validation ACC: 0.667 -- Validation F1: 0.769
2024-07-22,14:27:06 [INFO] Epoch: 27/30 -- Train Loss: 0.495 -- Validation Loss: 0.475 -- Validation ACC: 0.667 -- Validation F1: 0.769
2024-07-22,14:27:07 [INFO] Epoch: 28/30 -- Train Loss: 0.413 -- Validation Loss: 0.475 -- Validation ACC: 0.667 -- Validation F1: 0.769
2024-07-22,14:27:08 [INFO] Epoch: 29/30 -- Train Loss: 0.477 -- Validation Loss: 0.475 -- Validation ACC: 0.667 -- Validation F1: 0.769
2024-07-22,14:27:08 [INFO] Run 1/5: Average Over Last 6 epochs -- Valid ACC: 0.6666666666666666 -- Valid F1-score: 0.7692307829856873
2024-07-22,14:27:08 [INFO] Test Results of Run 1/5: -- Test Loss: 0.617 -- Test ACC: 0.783 -- Test F1: 0.847
2024-07-22,14:27:10 [INFO] Epoch: 0/30 -- Train Loss: 0.533 -- Validation Loss: 0.517 -- Validation ACC: 0.667 -- Validation F1: 0.769
2024-07-22,14:27:16 [INFO] Epoch: 10/30 -- Train Loss: 0.547 -- Validation Loss: 0.509 -- Validation ACC: 0.611 -- Validation F1: 0.720
2024-07-22,14:27:22 [INFO] Epoch: 20/30 -- Train Loss: 0.434 -- Validation Loss: 0.503 -- Validation ACC: 0.611 -- Validation F1: 0.720
2024-07-22,14:27:25 [INFO] Epoch: 24/30 -- Train Loss: 0.557 -- Validation Loss: 0.502 -- Validation ACC: 0.611 -- Validation F1: 0.720
2024-07-22,14:27:26 [INFO] Epoch: 25/30 -- Train Loss: 0.524 -- Validation Loss: 0.501 -- Validation ACC: 0.611 -- Validation F1: 0.720
2024-07-22,14:27:27 [INFO] Epoch: 26/30 -- Train Loss: 0.373 -- Validation Loss: 0.517 -- Validation ACC: 0.611 -- Validation F1: 0.720
2024-07-22,14:27:28 [INFO] Epoch: 27/30 -- Train Loss: 0.607 -- Validation Loss: 0.517 -- Validation ACC: 0.611 -- Validation F1: 0.720
2024-07-22,14:27:29 [INFO] Epoch: 28/30 -- Train Loss: 0.402 -- Validation Loss: 0.517 -- Validation ACC: 0.611 -- Validation F1: 0.720
2024-07-22,14:27:30 [INFO] Epoch: 29/30 -- Train Loss: 0.604 -- Validation Loss: 0.517 -- Validation ACC: 0.611 -- Validation F1: 0.720
2024-07-22,14:27:30 [INFO] Run 2/5: Average Over Last 6 epochs -- Valid ACC: 0.6111111111111112 -- Valid F1-score: 0.7200000286102295
2024-07-22,14:27:31 [INFO] Test Results of Run 2/5: -- Test Loss: 0.604 -- Test ACC: 0.800 -- Test F1: 0.859
2024-07-22,14:27:32 [INFO] Epoch: 0/30 -- Train Loss: 0.532 -- Validation Loss: 0.522 -- Validation ACC: 0.667 -- Validation F1: 0.769
2024-07-22,14:27:38 [INFO] Epoch: 10/30 -- Train Loss: 0.502 -- Validation Loss: 0.501 -- Validation ACC: 0.611 -- Validation F1: 0.720
2024-07-22,14:27:45 [INFO] Epoch: 20/30 -- Train Loss: 0.443 -- Validation Loss: 0.497 -- Validation ACC: 0.611 -- Validation F1: 0.720
2024-07-22,14:27:48 [INFO] Epoch: 24/30 -- Train Loss: 0.436 -- Validation Loss: 0.510 -- Validation ACC: 0.611 -- Validation F1: 0.720
2024-07-22,14:27:48 [INFO] Epoch: 25/30 -- Train Loss: 0.579 -- Validation Loss: 0.510 -- Validation ACC: 0.611 -- Validation F1: 0.720
2024-07-22,14:27:49 [INFO] Epoch: 26/30 -- Train Loss: 0.449 -- Validation Loss: 0.510 -- Validation ACC: 0.611 -- Validation F1: 0.720
2024-07-22,14:27:50 [INFO] Epoch: 27/30 -- Train Loss: 0.480 -- Validation Loss: 0.510 -- Validation ACC: 0.611 -- Validation F1: 0.720
2024-07-22,14:27:52 [INFO] Epoch: 28/30 -- Train Loss: 0.533 -- Validation Loss: 0.511 -- Validation ACC: 0.611 -- Validation F1: 0.720
2024-07-22,14:27:52 [INFO] Epoch: 29/30 -- Train Loss: 0.558 -- Validation Loss: 0.511 -- Validation ACC: 0.611 -- Validation F1: 0.720
2024-07-22,14:27:52 [INFO] Run 3/5: Average Over Last 6 epochs -- Valid ACC: 0.6111111111111112 -- Valid F1-score: 0.7200000286102295
2024-07-22,14:27:53 [INFO] Test Results of Run 3/5: -- Test Loss: 0.583 -- Test ACC: 0.791 -- Test F1: 0.852
2024-07-22,14:27:54 [INFO] Epoch: 0/30 -- Train Loss: 0.398 -- Validation Loss: 0.472 -- Validation ACC: 0.611 -- Validation F1: 0.720
2024-07-22,14:28:00 [INFO] Epoch: 10/30 -- Train Loss: 0.472 -- Validation Loss: 0.471 -- Validation ACC: 0.611 -- Validation F1: 0.720
2024-07-22,14:28:07 [INFO] Epoch: 20/30 -- Train Loss: 0.451 -- Validation Loss: 0.468 -- Validation ACC: 0.611 -- Validation F1: 0.720
2024-07-22,14:28:09 [INFO] Epoch: 24/30 -- Train Loss: 0.542 -- Validation Loss: 0.468 -- Validation ACC: 0.611 -- Validation F1: 0.720
2024-07-22,14:28:10 [INFO] Epoch: 25/30 -- Train Loss: 0.429 -- Validation Loss: 0.468 -- Validation ACC: 0.611 -- Validation F1: 0.720
2024-07-22,14:28:11 [INFO] Epoch: 26/30 -- Train Loss: 0.474 -- Validation Loss: 0.468 -- Validation ACC: 0.611 -- Validation F1: 0.720
2024-07-22,14:28:13 [INFO] Epoch: 27/30 -- Train Loss: 0.449 -- Validation Loss: 0.467 -- Validation ACC: 0.611 -- Validation F1: 0.720
2024-07-22,14:28:14 [INFO] Epoch: 28/30 -- Train Loss: 0.617 -- Validation Loss: 0.467 -- Validation ACC: 0.611 -- Validation F1: 0.720
2024-07-22,14:28:15 [INFO] Epoch: 29/30 -- Train Loss: 0.464 -- Validation Loss: 0.467 -- Validation ACC: 0.611 -- Validation F1: 0.720
2024-07-22,14:28:15 [INFO] Run 4/5: Average Over Last 6 epochs -- Valid ACC: 0.6111111111111112 -- Valid F1-score: 0.7200000286102295
2024-07-22,14:28:16 [INFO] Test Results of Run 4/5: -- Test Loss: 0.631 -- Test ACC: 0.800 -- Test F1: 0.857
2024-07-22,14:28:16 [INFO] Validation average after 5 runs -- ACC: 0.633 -- F1-score: 0.740
2024-07-22,14:28:16 [INFO] Test average after 5 runs -- ACC: 0.790 -- F1-score: 0.850
2024-07-22,14:28:16 [INFO] Finished round 9/10 of experiments!
2024-07-22,14:28:16 [INFO] Final results: -- Source Test Acc: 0.703 -- Source Test F1: 0.750 -- Target Valid Acc: 0.711 -- Target Valid F1: 0.770 -- Target Test Acc: 0.686 -- Target Test F1: 0.747 -- Prompt Test Acc: 0.678 -- Prompt Valid Acc: 0.684 -- Prompt Test F1: 0.764 -- Prompt Valid F1: 0.775
2024-07-22,14:28:16 [INFO] List of important configs: 
2024-07-22,14:28:16 [INFO] shift_type: structural
2024-07-22,14:28:16 [INFO] attn_with_param: False
2024-07-22,14:28:16 [INFO] w_entropy_loss: 0.0
2024-07-22,14:28:16 [INFO] w_softmax_loss: 0.0
2024-07-22,14:28:16 [INFO] w_domain_loss: 0.0
2024-07-22,14:28:16 [INFO] weight_decay: 0.0
2024-07-22,14:28:16 [INFO] n_epochs: 30
2024-07-22,14:28:16 [INFO] lr: 0.001
2024-07-22,14:28:16 [INFO] batch_size: 64
2024-07-22,14:28:16 [INFO] dropout: 0.3
2024-07-22,14:28:16 [INFO] cut_off: 0.5
2024-07-22,14:28:16 [INFO] light_aug_prob: 0.1
2024-07-22,14:28:16 [INFO] light_aug_mode: mask
2024-07-22,14:28:16 [INFO] pos_aug_mode: mask
2024-07-22,14:28:16 [INFO] noise_shift_mode: homophily
2024-07-22,14:28:16 [INFO] p_raug: 0.15
2024-07-22,14:28:16 [INFO] label_reduction: 0.25
2024-07-22,14:28:16 [INFO] Pretrained modela are saved to: ./pretrained/GCN_Pretrained_2024-07-01-14-54-05.pth ./pretrained/GCN_Pretrained_2024-07-01-14-56-23.pth ./pretrained/GCN_Pretrained_2024-07-01-14-58-41.pth ./pretrained/GCN_Pretrained_2024-07-01-15-00-59.pth ./pretrained/GCN_Pretrained_2024-07-01-15-03-17.pth ./pretrained/GCN_Pretrained_2024-07-01-15-05-37.pth ./pretrained/GCN_Pretrained_2024-07-01-15-07-56.pth ./pretrained/GCN_Pretrained_2024-07-01-15-10-20.pth ./pretrained/GCN_Pretrained_2024-07-01-15-12-47.pth ./pretrained/GCN_Pretrained_2024-07-01-15-15-13.pth
