2024-07-23,11:54:30 [INFO] Logging to: ./log/2024-07-23-11-54-30.log
2024-07-23,11:54:30 [INFO] Reading config from: ./config/citeseer.yaml
2024-07-23,11:54:30 [INFO] Namespace(total_iters=10, prompt_method='all_in_one_original', s_dataset='CiteSeer', t_dataset='CiteSeer', prompt_fn='gpf_plus', shift_type='structural', p_shift_intra=0.0, p_shift_inter=0.0, pretrain=True, save_pretrained=False, soft_label=False, add_link_loss=False, attn_with_param=False, empty_pretrained_dir=False, iterative_clustering=False, clutering_iters=3, entropy_div_ratio=3, w_entropy_loss=0.0, w_softmax_loss=0.0, w_domain_loss=0.0, r_reg=0.0, gnn_weight_decay=0.0, weight_decay=0.0, gnn_type='gcn', gnn_num_layers=3, pretrained_path=['./pretrained/GCN_Pretrained_2024-07-07-16-36-16.pth', './pretrained/GCN_Pretrained_2024-07-07-16-39-48.pth', './pretrained/GCN_Pretrained_2024-07-07-16-43-27.pth', './pretrained/GCN_Pretrained_2024-07-07-16-47-07.pth', './pretrained/GCN_Pretrained_2024-07-07-16-50-48.pth', './pretrained/GCN_Pretrained_2024-07-07-16-54-26.pth', './pretrained/GCN_Pretrained_2024-07-07-16-58-05.pth', './pretrained/GCN_Pretrained_2024-07-07-17-01-41.pth', './pretrained/GCN_Pretrained_2024-07-07-17-05-20.pth', './pretrained/GCN_Pretrained_2024-07-07-17-08-59.pth'], gnn_n_epochs=100, gnn_eval_step=10, gnn_h_dim=512, gnn_lr=0.001, gnn_step_size=50, gnn_gamma=0.5, gnn_batch_size=64, gnn_dropout=0.4, n_epochs=30, eval_step=10, h_dim=512, lr=0.001, step_size=50, gamma=0.5, batch_size=64, num_tokens=50, src_ratio=0.5, dropout=0.3, cut_off=0.5, aug_type='feature', light_aug_prob=0.1, light_aug_mode='mask', pos_aug_mode='mask', neg_aug_mode='arbitrary', noise_cov_scale=1.0, noise_mean_shift=1.0, noise_shift_mode='homophily', noise_select_mode='soft', cross_prune=0.8, inner_prune=0.3, num_runs=5, p_raug=0.15, n_raug=0.15, s_split=[0.3, 0.65], t_split=[0.3, 0.65], seed=[1277, 1677, 1318, 4008, 1408, 3007, 2362, 1100, 4906, 2693], config_from_file='./config/citeseer.yaml', config_to_file='', label_reduction=0.0)
2024-07-23,11:54:30 [INFO] ####################################################################################################
2024-07-23,11:54:30 [INFO] Args seeds: [1277, 1677, 1318, 4008, 1408, 3007, 2362, 1100, 4906, 2693]
2024-07-23,11:54:30 [INFO] Source Dataset: CiteSeer, Target Dataset: CiteSeer. Training, Test: Source: [0.3, 0.65], Target: [0.3, 0.65] -- Batch size: 64
2024-07-23,11:54:30 [INFO] All input pretrained paths: ['./pretrained/GCN_Pretrained_2024-07-07-16-36-16.pth', './pretrained/GCN_Pretrained_2024-07-07-16-39-48.pth', './pretrained/GCN_Pretrained_2024-07-07-16-43-27.pth', './pretrained/GCN_Pretrained_2024-07-07-16-47-07.pth', './pretrained/GCN_Pretrained_2024-07-07-16-50-48.pth', './pretrained/GCN_Pretrained_2024-07-07-16-54-26.pth', './pretrained/GCN_Pretrained_2024-07-07-16-58-05.pth', './pretrained/GCN_Pretrained_2024-07-07-17-01-41.pth', './pretrained/GCN_Pretrained_2024-07-07-17-05-20.pth', './pretrained/GCN_Pretrained_2024-07-07-17-08-59.pth']
2024-07-23,11:54:30 [INFO] Started round 0/10 of experiments!
2024-07-23,11:54:34 [INFO] Setting for pretraining: Model: {'gnn_type': 'gcn', 'in_channels': 3703, 'hidden_channels': 512, 'out_channels': 6, 'num_layers': 3, 'dropout': 0.4, 'with_bn': False, 'with_head': True} -- Optimizer: {'lr': 0.001, 'scheduler_step_size': 50, 'scheduler_gamma': 0.5, 'weight_decay': 0.0} -- Training: {'n_epochs': 100}
2024-07-23,11:54:34 [INFO] Loading previous pretrained model at ./pretrained/GCN_Pretrained_2024-07-07-16-36-16.pth
2024-07-23,11:54:34 [INFO] Total number of tokens: 50
2024-07-23,11:54:34 [INFO] Prompting method: all_in_one_original -- Setting: Prompting function: gpf_plus -- Target Dataset: CiteSeer
2024-07-23,11:54:34 [INFO] Setting for prompt tuning: Prompt: {'token_dim': 3703, 'token_num': 50, 'cross_prune': 0.8, 'inner_prune': 0.3} -- Pretrained Model: {'gnn_type': 'gcn', 'in_channels': 3703, 'hidden_channels': 512, 'out_channels': 6, 'num_layers': 3, 'dropout': 0.4, 'with_bn': False, 'with_head': True} -- Optimizer: {'lr': 0.001, 'scheduler_step_size': 50, 'scheduler_gamma': 0.5, 'weight_decay': 0.0} -- Training: {'n_epochs': 30, 'r_reg': 0.0, 'num_classes': 6, 'cut_off': 0.5}
2024-07-23,11:54:34 [INFO] Prompt tuning started: Num runs: 5 -- Eval step: 10
2024-07-23,11:54:35 [INFO] Pretrained GNN on Source Dataset -- Test Loss: 3.928 -- Test ACC: 0.622 -- Test F1-score: 0.579
2024-07-23,11:54:36 [INFO] Pretrained GNN on Target Dataset Without Prompting: -- Validation Loss: 5.348 -- Validation ACC: 0.476 -- Validation F1-score: 0.410 -- Test Loss: 5.843 -- Test ACC: 0.463 -- Test F1-score: 0.431
2024-07-23,11:54:36 [INFO] Epoch: 0/30 -- Train Loss: 3.918 -- Validation Loss: 4.421 -- Validation ACC: 0.451 -- Validation F1: 0.398
2024-07-23,11:54:40 [INFO] Epoch: 10/30 -- Train Loss: 1.185 -- Validation Loss: 1.641 -- Validation ACC: 0.463 -- Validation F1: 0.406
2024-07-23,11:54:43 [INFO] Epoch: 20/30 -- Train Loss: 1.639 -- Validation Loss: 1.590 -- Validation ACC: 0.415 -- Validation F1: 0.336
2024-07-23,11:54:45 [INFO] Epoch: 24/30 -- Train Loss: 1.443 -- Validation Loss: 1.543 -- Validation ACC: 0.451 -- Validation F1: 0.371
2024-07-23,11:54:46 [INFO] Epoch: 25/30 -- Train Loss: 1.029 -- Validation Loss: 1.573 -- Validation ACC: 0.463 -- Validation F1: 0.391
2024-07-23,11:54:46 [INFO] Epoch: 26/30 -- Train Loss: 1.201 -- Validation Loss: 1.541 -- Validation ACC: 0.427 -- Validation F1: 0.347
2024-07-23,11:54:47 [INFO] Epoch: 27/30 -- Train Loss: 1.282 -- Validation Loss: 1.585 -- Validation ACC: 0.488 -- Validation F1: 0.424
2024-07-23,11:54:47 [INFO] Epoch: 28/30 -- Train Loss: 1.442 -- Validation Loss: 1.588 -- Validation ACC: 0.463 -- Validation F1: 0.389
2024-07-23,11:54:48 [INFO] Epoch: 29/30 -- Train Loss: 1.325 -- Validation Loss: 1.560 -- Validation ACC: 0.463 -- Validation F1: 0.398
2024-07-23,11:54:48 [INFO] Run 0/5: Average Over Last 6 epochs -- Valid ACC: 0.459349593495935 -- Valid F1-score: 0.3868499795595805
2024-07-23,11:54:49 [INFO] Test Results of Run 0/5: -- Test Loss: 1.466 -- Test ACC: 0.486 -- Test F1: 0.423
2024-07-23,11:54:49 [INFO] Epoch: 0/30 -- Train Loss: 4.085 -- Validation Loss: 4.467 -- Validation ACC: 0.427 -- Validation F1: 0.385
2024-07-23,11:54:53 [INFO] Epoch: 10/30 -- Train Loss: 1.572 -- Validation Loss: 1.637 -- Validation ACC: 0.451 -- Validation F1: 0.398
2024-07-23,11:54:57 [INFO] Epoch: 20/30 -- Train Loss: 1.471 -- Validation Loss: 1.588 -- Validation ACC: 0.427 -- Validation F1: 0.355
2024-07-23,11:54:59 [INFO] Epoch: 24/30 -- Train Loss: 1.598 -- Validation Loss: 1.582 -- Validation ACC: 0.488 -- Validation F1: 0.425
2024-07-23,11:54:59 [INFO] Epoch: 25/30 -- Train Loss: 1.158 -- Validation Loss: 1.620 -- Validation ACC: 0.415 -- Validation F1: 0.334
2024-07-23,11:55:00 [INFO] Epoch: 26/30 -- Train Loss: 1.543 -- Validation Loss: 1.548 -- Validation ACC: 0.451 -- Validation F1: 0.375
2024-07-23,11:55:00 [INFO] Epoch: 27/30 -- Train Loss: 1.367 -- Validation Loss: 1.597 -- Validation ACC: 0.439 -- Validation F1: 0.370
2024-07-23,11:55:01 [INFO] Epoch: 28/30 -- Train Loss: 1.363 -- Validation Loss: 1.651 -- Validation ACC: 0.402 -- Validation F1: 0.319
2024-07-23,11:55:02 [INFO] Epoch: 29/30 -- Train Loss: 1.336 -- Validation Loss: 1.547 -- Validation ACC: 0.451 -- Validation F1: 0.378
2024-07-23,11:55:02 [INFO] Run 1/5: Average Over Last 6 epochs -- Valid ACC: 0.4410569105691056 -- Valid F1-score: 0.3666750291983287
2024-07-23,11:55:02 [INFO] Test Results of Run 1/5: -- Test Loss: 1.457 -- Test ACC: 0.496 -- Test F1: 0.446
2024-07-23,11:55:03 [INFO] Epoch: 0/30 -- Train Loss: 5.046 -- Validation Loss: 4.484 -- Validation ACC: 0.427 -- Validation F1: 0.362
2024-07-23,11:55:07 [INFO] Epoch: 10/30 -- Train Loss: 1.728 -- Validation Loss: 1.653 -- Validation ACC: 0.451 -- Validation F1: 0.384
2024-07-23,11:55:11 [INFO] Epoch: 20/30 -- Train Loss: 1.423 -- Validation Loss: 1.564 -- Validation ACC: 0.463 -- Validation F1: 0.387
2024-07-23,11:55:13 [INFO] Epoch: 24/30 -- Train Loss: 1.304 -- Validation Loss: 1.547 -- Validation ACC: 0.463 -- Validation F1: 0.386
2024-07-23,11:55:13 [INFO] Epoch: 25/30 -- Train Loss: 1.128 -- Validation Loss: 1.567 -- Validation ACC: 0.439 -- Validation F1: 0.367
2024-07-23,11:55:14 [INFO] Epoch: 26/30 -- Train Loss: 1.297 -- Validation Loss: 1.555 -- Validation ACC: 0.451 -- Validation F1: 0.378
2024-07-23,11:55:15 [INFO] Epoch: 27/30 -- Train Loss: 1.270 -- Validation Loss: 1.620 -- Validation ACC: 0.415 -- Validation F1: 0.339
2024-07-23,11:55:15 [INFO] Epoch: 28/30 -- Train Loss: 1.288 -- Validation Loss: 1.571 -- Validation ACC: 0.415 -- Validation F1: 0.345
2024-07-23,11:55:16 [INFO] Epoch: 29/30 -- Train Loss: 1.081 -- Validation Loss: 1.582 -- Validation ACC: 0.439 -- Validation F1: 0.354
2024-07-23,11:55:16 [INFO] Run 2/5: Average Over Last 6 epochs -- Valid ACC: 0.4369918699186992 -- Valid F1-score: 0.36143005390961963
2024-07-23,11:55:16 [INFO] Test Results of Run 2/5: -- Test Loss: 1.465 -- Test ACC: 0.497 -- Test F1: 0.428
2024-07-23,11:55:17 [INFO] Epoch: 0/30 -- Train Loss: 5.642 -- Validation Loss: 4.462 -- Validation ACC: 0.427 -- Validation F1: 0.364
2024-07-23,11:55:21 [INFO] Epoch: 10/30 -- Train Loss: 1.256 -- Validation Loss: 1.658 -- Validation ACC: 0.500 -- Validation F1: 0.450
2024-07-23,11:55:25 [INFO] Epoch: 20/30 -- Train Loss: 1.416 -- Validation Loss: 1.567 -- Validation ACC: 0.451 -- Validation F1: 0.382
2024-07-23,11:55:27 [INFO] Epoch: 24/30 -- Train Loss: 1.257 -- Validation Loss: 1.547 -- Validation ACC: 0.415 -- Validation F1: 0.336
2024-07-23,11:55:28 [INFO] Epoch: 25/30 -- Train Loss: 1.542 -- Validation Loss: 1.562 -- Validation ACC: 0.488 -- Validation F1: 0.408
2024-07-23,11:55:29 [INFO] Epoch: 26/30 -- Train Loss: 1.417 -- Validation Loss: 1.572 -- Validation ACC: 0.488 -- Validation F1: 0.411
2024-07-23,11:55:29 [INFO] Epoch: 27/30 -- Train Loss: 1.093 -- Validation Loss: 1.558 -- Validation ACC: 0.427 -- Validation F1: 0.351
2024-07-23,11:55:30 [INFO] Epoch: 28/30 -- Train Loss: 1.067 -- Validation Loss: 1.564 -- Validation ACC: 0.476 -- Validation F1: 0.399
2024-07-23,11:55:30 [INFO] Epoch: 29/30 -- Train Loss: 1.302 -- Validation Loss: 1.594 -- Validation ACC: 0.451 -- Validation F1: 0.380
2024-07-23,11:55:30 [INFO] Run 3/5: Average Over Last 6 epochs -- Valid ACC: 0.45731707317073167 -- Valid F1-score: 0.3807891954978307
2024-07-23,11:55:31 [INFO] Test Results of Run 3/5: -- Test Loss: 1.484 -- Test ACC: 0.480 -- Test F1: 0.414
2024-07-23,11:55:32 [INFO] Epoch: 0/30 -- Train Loss: 3.374 -- Validation Loss: 4.479 -- Validation ACC: 0.415 -- Validation F1: 0.355
2024-07-23,11:55:36 [INFO] Epoch: 10/30 -- Train Loss: 1.458 -- Validation Loss: 1.600 -- Validation ACC: 0.463 -- Validation F1: 0.403
2024-07-23,11:55:40 [INFO] Epoch: 20/30 -- Train Loss: 1.327 -- Validation Loss: 1.566 -- Validation ACC: 0.439 -- Validation F1: 0.366
2024-07-23,11:55:42 [INFO] Epoch: 24/30 -- Train Loss: 1.399 -- Validation Loss: 1.568 -- Validation ACC: 0.415 -- Validation F1: 0.344
2024-07-23,11:55:42 [INFO] Epoch: 25/30 -- Train Loss: 1.326 -- Validation Loss: 1.621 -- Validation ACC: 0.439 -- Validation F1: 0.375
2024-07-23,11:55:43 [INFO] Epoch: 26/30 -- Train Loss: 1.297 -- Validation Loss: 1.577 -- Validation ACC: 0.439 -- Validation F1: 0.366
2024-07-23,11:55:43 [INFO] Epoch: 27/30 -- Train Loss: 1.639 -- Validation Loss: 1.552 -- Validation ACC: 0.451 -- Validation F1: 0.382
2024-07-23,11:55:44 [INFO] Epoch: 28/30 -- Train Loss: 1.229 -- Validation Loss: 1.566 -- Validation ACC: 0.427 -- Validation F1: 0.353
2024-07-23,11:55:45 [INFO] Epoch: 29/30 -- Train Loss: 1.337 -- Validation Loss: 1.602 -- Validation ACC: 0.463 -- Validation F1: 0.381
2024-07-23,11:55:45 [INFO] Run 4/5: Average Over Last 6 epochs -- Valid ACC: 0.43902439024390244 -- Valid F1-score: 0.3666347861289978
2024-07-23,11:55:45 [INFO] Test Results of Run 4/5: -- Test Loss: 1.491 -- Test ACC: 0.493 -- Test F1: 0.431
2024-07-23,11:55:45 [INFO] Validation average after 5 runs -- ACC: 0.447 -- F1-score: 0.372
2024-07-23,11:55:45 [INFO] Test average after 5 runs -- ACC: 0.491 -- F1-score: 0.428
2024-07-23,11:55:45 [INFO] Finished round 0/10 of experiments!
2024-07-23,11:55:45 [INFO] Started round 1/10 of experiments!
2024-07-23,11:55:52 [INFO] Loading previous pretrained model at ./pretrained/GCN_Pretrained_2024-07-07-16-39-48.pth
2024-07-23,11:55:52 [INFO] Total number of tokens: 50
2024-07-23,11:55:53 [INFO] Pretrained GNN on Source Dataset -- Test Loss: 4.854 -- Test ACC: 0.604 -- Test F1-score: 0.567
2024-07-23,11:55:54 [INFO] Pretrained GNN on Target Dataset Without Prompting: -- Validation Loss: 6.408 -- Validation ACC: 0.439 -- Validation F1-score: 0.384 -- Test Loss: 5.817 -- Test ACC: 0.477 -- Test F1-score: 0.448
2024-07-23,11:55:54 [INFO] Epoch: 0/30 -- Train Loss: 4.312 -- Validation Loss: 5.496 -- Validation ACC: 0.439 -- Validation F1: 0.395
2024-07-23,11:55:58 [INFO] Epoch: 10/30 -- Train Loss: 1.493 -- Validation Loss: 1.522 -- Validation ACC: 0.463 -- Validation F1: 0.394
2024-07-23,11:56:02 [INFO] Epoch: 20/30 -- Train Loss: 1.302 -- Validation Loss: 1.491 -- Validation ACC: 0.512 -- Validation F1: 0.430
2024-07-23,11:56:04 [INFO] Epoch: 24/30 -- Train Loss: 1.432 -- Validation Loss: 1.384 -- Validation ACC: 0.512 -- Validation F1: 0.425
2024-07-23,11:56:05 [INFO] Epoch: 25/30 -- Train Loss: 1.431 -- Validation Loss: 1.446 -- Validation ACC: 0.488 -- Validation F1: 0.413
2024-07-23,11:56:05 [INFO] Epoch: 26/30 -- Train Loss: 1.319 -- Validation Loss: 1.414 -- Validation ACC: 0.500 -- Validation F1: 0.414
2024-07-23,11:56:06 [INFO] Epoch: 27/30 -- Train Loss: 1.263 -- Validation Loss: 1.412 -- Validation ACC: 0.488 -- Validation F1: 0.405
2024-07-23,11:56:07 [INFO] Epoch: 28/30 -- Train Loss: 1.542 -- Validation Loss: 1.388 -- Validation ACC: 0.500 -- Validation F1: 0.419
2024-07-23,11:56:07 [INFO] Epoch: 29/30 -- Train Loss: 1.432 -- Validation Loss: 1.429 -- Validation ACC: 0.500 -- Validation F1: 0.419
2024-07-23,11:56:07 [INFO] Run 0/5: Average Over Last 6 epochs -- Valid ACC: 0.49796747967479676 -- Valid F1-score: 0.4158047040303548
2024-07-23,11:56:08 [INFO] Test Results of Run 0/5: -- Test Loss: 1.457 -- Test ACC: 0.500 -- Test F1: 0.444
2024-07-23,11:56:09 [INFO] Epoch: 0/30 -- Train Loss: 3.829 -- Validation Loss: 5.615 -- Validation ACC: 0.451 -- Validation F1: 0.401
2024-07-23,11:56:12 [INFO] Epoch: 10/30 -- Train Loss: 1.356 -- Validation Loss: 1.518 -- Validation ACC: 0.488 -- Validation F1: 0.408
2024-07-23,11:56:16 [INFO] Epoch: 20/30 -- Train Loss: 1.195 -- Validation Loss: 1.421 -- Validation ACC: 0.476 -- Validation F1: 0.397
2024-07-23,11:56:17 [INFO] Epoch: 24/30 -- Train Loss: 1.329 -- Validation Loss: 1.426 -- Validation ACC: 0.512 -- Validation F1: 0.438
2024-07-23,11:56:18 [INFO] Epoch: 25/30 -- Train Loss: 1.324 -- Validation Loss: 1.378 -- Validation ACC: 0.500 -- Validation F1: 0.421
2024-07-23,11:56:18 [INFO] Epoch: 26/30 -- Train Loss: 1.244 -- Validation Loss: 1.460 -- Validation ACC: 0.500 -- Validation F1: 0.412
2024-07-23,11:56:19 [INFO] Epoch: 27/30 -- Train Loss: 1.141 -- Validation Loss: 1.411 -- Validation ACC: 0.463 -- Validation F1: 0.388
2024-07-23,11:56:19 [INFO] Epoch: 28/30 -- Train Loss: 1.580 -- Validation Loss: 1.380 -- Validation ACC: 0.500 -- Validation F1: 0.413
2024-07-23,11:56:20 [INFO] Epoch: 29/30 -- Train Loss: 0.994 -- Validation Loss: 1.418 -- Validation ACC: 0.488 -- Validation F1: 0.409
2024-07-23,11:56:20 [INFO] Run 1/5: Average Over Last 6 epochs -- Valid ACC: 0.49390243902439024 -- Valid F1-score: 0.4135812024275462
2024-07-23,11:56:20 [INFO] Test Results of Run 1/5: -- Test Loss: 1.474 -- Test ACC: 0.498 -- Test F1: 0.443
2024-07-23,11:56:21 [INFO] Epoch: 0/30 -- Train Loss: 4.621 -- Validation Loss: 5.563 -- Validation ACC: 0.451 -- Validation F1: 0.404
2024-07-23,11:56:25 [INFO] Epoch: 10/30 -- Train Loss: 1.427 -- Validation Loss: 1.519 -- Validation ACC: 0.439 -- Validation F1: 0.376
2024-07-23,11:56:29 [INFO] Epoch: 20/30 -- Train Loss: 1.360 -- Validation Loss: 1.459 -- Validation ACC: 0.500 -- Validation F1: 0.416
2024-07-23,11:56:31 [INFO] Epoch: 24/30 -- Train Loss: 1.347 -- Validation Loss: 1.473 -- Validation ACC: 0.500 -- Validation F1: 0.415
2024-07-23,11:56:31 [INFO] Epoch: 25/30 -- Train Loss: 1.480 -- Validation Loss: 1.479 -- Validation ACC: 0.463 -- Validation F1: 0.393
2024-07-23,11:56:32 [INFO] Epoch: 26/30 -- Train Loss: 1.373 -- Validation Loss: 1.435 -- Validation ACC: 0.488 -- Validation F1: 0.406
2024-07-23,11:56:32 [INFO] Epoch: 27/30 -- Train Loss: 1.542 -- Validation Loss: 1.461 -- Validation ACC: 0.500 -- Validation F1: 0.416
2024-07-23,11:56:33 [INFO] Epoch: 28/30 -- Train Loss: 1.432 -- Validation Loss: 1.432 -- Validation ACC: 0.500 -- Validation F1: 0.430
2024-07-23,11:56:33 [INFO] Epoch: 29/30 -- Train Loss: 1.074 -- Validation Loss: 1.444 -- Validation ACC: 0.512 -- Validation F1: 0.429
2024-07-23,11:56:33 [INFO] Run 2/5: Average Over Last 6 epochs -- Valid ACC: 0.49390243902439024 -- Valid F1-score: 0.41481398542722064
2024-07-23,11:56:34 [INFO] Test Results of Run 2/5: -- Test Loss: 1.471 -- Test ACC: 0.499 -- Test F1: 0.436
2024-07-23,11:56:34 [INFO] Epoch: 0/30 -- Train Loss: 4.980 -- Validation Loss: 5.557 -- Validation ACC: 0.439 -- Validation F1: 0.395
2024-07-23,11:56:38 [INFO] Epoch: 10/30 -- Train Loss: 1.313 -- Validation Loss: 1.466 -- Validation ACC: 0.476 -- Validation F1: 0.402
2024-07-23,11:56:41 [INFO] Epoch: 20/30 -- Train Loss: 1.385 -- Validation Loss: 1.445 -- Validation ACC: 0.500 -- Validation F1: 0.411
2024-07-23,11:56:43 [INFO] Epoch: 24/30 -- Train Loss: 1.349 -- Validation Loss: 1.397 -- Validation ACC: 0.500 -- Validation F1: 0.414
2024-07-23,11:56:44 [INFO] Epoch: 25/30 -- Train Loss: 1.415 -- Validation Loss: 1.480 -- Validation ACC: 0.488 -- Validation F1: 0.411
2024-07-23,11:56:44 [INFO] Epoch: 26/30 -- Train Loss: 1.449 -- Validation Loss: 1.412 -- Validation ACC: 0.488 -- Validation F1: 0.408
2024-07-23,11:56:45 [INFO] Epoch: 27/30 -- Train Loss: 1.261 -- Validation Loss: 1.411 -- Validation ACC: 0.500 -- Validation F1: 0.420
2024-07-23,11:56:46 [INFO] Epoch: 28/30 -- Train Loss: 1.327 -- Validation Loss: 1.454 -- Validation ACC: 0.488 -- Validation F1: 0.411
2024-07-23,11:56:46 [INFO] Epoch: 29/30 -- Train Loss: 1.560 -- Validation Loss: 1.407 -- Validation ACC: 0.512 -- Validation F1: 0.429
2024-07-23,11:56:46 [INFO] Run 3/5: Average Over Last 6 epochs -- Valid ACC: 0.4959349593495935 -- Valid F1-score: 0.41573024292786914
2024-07-23,11:56:47 [INFO] Test Results of Run 3/5: -- Test Loss: 1.500 -- Test ACC: 0.491 -- Test F1: 0.442
2024-07-23,11:56:48 [INFO] Epoch: 0/30 -- Train Loss: 4.820 -- Validation Loss: 5.647 -- Validation ACC: 0.427 -- Validation F1: 0.384
2024-07-23,11:56:52 [INFO] Epoch: 10/30 -- Train Loss: 1.571 -- Validation Loss: 1.541 -- Validation ACC: 0.451 -- Validation F1: 0.378
2024-07-23,11:56:56 [INFO] Epoch: 20/30 -- Train Loss: 1.401 -- Validation Loss: 1.397 -- Validation ACC: 0.463 -- Validation F1: 0.389
2024-07-23,11:56:58 [INFO] Epoch: 24/30 -- Train Loss: 1.411 -- Validation Loss: 1.412 -- Validation ACC: 0.500 -- Validation F1: 0.414
2024-07-23,11:56:58 [INFO] Epoch: 25/30 -- Train Loss: 1.373 -- Validation Loss: 1.413 -- Validation ACC: 0.476 -- Validation F1: 0.399
2024-07-23,11:56:59 [INFO] Epoch: 26/30 -- Train Loss: 1.174 -- Validation Loss: 1.397 -- Validation ACC: 0.488 -- Validation F1: 0.405
2024-07-23,11:57:00 [INFO] Epoch: 27/30 -- Train Loss: 1.685 -- Validation Loss: 1.404 -- Validation ACC: 0.476 -- Validation F1: 0.396
2024-07-23,11:57:00 [INFO] Epoch: 28/30 -- Train Loss: 1.183 -- Validation Loss: 1.455 -- Validation ACC: 0.488 -- Validation F1: 0.399
2024-07-23,11:57:01 [INFO] Epoch: 29/30 -- Train Loss: 1.379 -- Validation Loss: 1.400 -- Validation ACC: 0.463 -- Validation F1: 0.389
2024-07-23,11:57:01 [INFO] Run 4/5: Average Over Last 6 epochs -- Valid ACC: 0.4817073170731707 -- Valid F1-score: 0.40034306546052295
2024-07-23,11:57:02 [INFO] Test Results of Run 4/5: -- Test Loss: 1.477 -- Test ACC: 0.492 -- Test F1: 0.441
2024-07-23,11:57:02 [INFO] Validation average after 5 runs -- ACC: 0.493 -- F1-score: 0.412
2024-07-23,11:57:02 [INFO] Test average after 5 runs -- ACC: 0.496 -- F1-score: 0.441
2024-07-23,11:57:02 [INFO] Finished round 1/10 of experiments!
2024-07-23,11:57:02 [INFO] Started round 2/10 of experiments!
2024-07-23,11:57:06 [INFO] Loading previous pretrained model at ./pretrained/GCN_Pretrained_2024-07-07-16-43-27.pth
2024-07-23,11:57:06 [INFO] Total number of tokens: 50
2024-07-23,11:57:07 [INFO] Pretrained GNN on Source Dataset -- Test Loss: 4.937 -- Test ACC: 0.608 -- Test F1-score: 0.572
2024-07-23,11:57:08 [INFO] Pretrained GNN on Target Dataset Without Prompting: -- Validation Loss: 5.448 -- Validation ACC: 0.500 -- Validation F1-score: 0.486 -- Test Loss: 4.929 -- Test ACC: 0.502 -- Test F1-score: 0.464
2024-07-23,11:57:09 [INFO] Epoch: 0/30 -- Train Loss: 3.626 -- Validation Loss: 4.486 -- Validation ACC: 0.488 -- Validation F1: 0.469
2024-07-23,11:57:13 [INFO] Epoch: 10/30 -- Train Loss: 1.470 -- Validation Loss: 1.542 -- Validation ACC: 0.463 -- Validation F1: 0.397
2024-07-23,11:57:17 [INFO] Epoch: 20/30 -- Train Loss: 1.410 -- Validation Loss: 1.566 -- Validation ACC: 0.451 -- Validation F1: 0.380
2024-07-23,11:57:19 [INFO] Epoch: 24/30 -- Train Loss: 1.418 -- Validation Loss: 1.562 -- Validation ACC: 0.463 -- Validation F1: 0.396
2024-07-23,11:57:19 [INFO] Epoch: 25/30 -- Train Loss: 1.360 -- Validation Loss: 1.538 -- Validation ACC: 0.463 -- Validation F1: 0.398
2024-07-23,11:57:20 [INFO] Epoch: 26/30 -- Train Loss: 1.282 -- Validation Loss: 1.513 -- Validation ACC: 0.463 -- Validation F1: 0.393
2024-07-23,11:57:20 [INFO] Epoch: 27/30 -- Train Loss: 1.292 -- Validation Loss: 1.572 -- Validation ACC: 0.463 -- Validation F1: 0.409
2024-07-23,11:57:21 [INFO] Epoch: 28/30 -- Train Loss: 1.505 -- Validation Loss: 1.574 -- Validation ACC: 0.427 -- Validation F1: 0.358
2024-07-23,11:57:22 [INFO] Epoch: 29/30 -- Train Loss: 1.509 -- Validation Loss: 1.561 -- Validation ACC: 0.463 -- Validation F1: 0.394
2024-07-23,11:57:22 [INFO] Run 0/5: Average Over Last 6 epochs -- Valid ACC: 0.4573170731707317 -- Valid F1-score: 0.39140886068344116
2024-07-23,11:57:22 [INFO] Test Results of Run 0/5: -- Test Loss: 1.378 -- Test ACC: 0.514 -- Test F1: 0.456
2024-07-23,11:57:23 [INFO] Epoch: 0/30 -- Train Loss: 4.408 -- Validation Loss: 4.484 -- Validation ACC: 0.512 -- Validation F1: 0.491
2024-07-23,11:57:26 [INFO] Epoch: 10/30 -- Train Loss: 1.723 -- Validation Loss: 1.542 -- Validation ACC: 0.451 -- Validation F1: 0.391
2024-07-23,11:57:30 [INFO] Epoch: 20/30 -- Train Loss: 1.257 -- Validation Loss: 1.543 -- Validation ACC: 0.463 -- Validation F1: 0.398
2024-07-23,11:57:32 [INFO] Epoch: 24/30 -- Train Loss: 1.501 -- Validation Loss: 1.545 -- Validation ACC: 0.488 -- Validation F1: 0.421
2024-07-23,11:57:33 [INFO] Epoch: 25/30 -- Train Loss: 1.387 -- Validation Loss: 1.533 -- Validation ACC: 0.463 -- Validation F1: 0.405
2024-07-23,11:57:33 [INFO] Epoch: 26/30 -- Train Loss: 1.462 -- Validation Loss: 1.521 -- Validation ACC: 0.488 -- Validation F1: 0.430
2024-07-23,11:57:34 [INFO] Epoch: 27/30 -- Train Loss: 1.428 -- Validation Loss: 1.528 -- Validation ACC: 0.463 -- Validation F1: 0.392
2024-07-23,11:57:34 [INFO] Epoch: 28/30 -- Train Loss: 1.387 -- Validation Loss: 1.540 -- Validation ACC: 0.476 -- Validation F1: 0.410
2024-07-23,11:57:35 [INFO] Epoch: 29/30 -- Train Loss: 1.343 -- Validation Loss: 1.537 -- Validation ACC: 0.463 -- Validation F1: 0.398
2024-07-23,11:57:35 [INFO] Run 1/5: Average Over Last 6 epochs -- Valid ACC: 0.4735772357723577 -- Valid F1-score: 0.4093369245529175
2024-07-23,11:57:36 [INFO] Test Results of Run 1/5: -- Test Loss: 1.391 -- Test ACC: 0.523 -- Test F1: 0.449
2024-07-23,11:57:36 [INFO] Epoch: 0/30 -- Train Loss: 3.707 -- Validation Loss: 4.557 -- Validation ACC: 0.524 -- Validation F1: 0.503
2024-07-23,11:57:40 [INFO] Epoch: 10/30 -- Train Loss: 1.756 -- Validation Loss: 1.541 -- Validation ACC: 0.488 -- Validation F1: 0.418
2024-07-23,11:57:44 [INFO] Epoch: 20/30 -- Train Loss: 1.332 -- Validation Loss: 1.515 -- Validation ACC: 0.476 -- Validation F1: 0.406
2024-07-23,11:57:46 [INFO] Epoch: 24/30 -- Train Loss: 1.387 -- Validation Loss: 1.534 -- Validation ACC: 0.439 -- Validation F1: 0.377
2024-07-23,11:57:46 [INFO] Epoch: 25/30 -- Train Loss: 1.467 -- Validation Loss: 1.568 -- Validation ACC: 0.439 -- Validation F1: 0.371
2024-07-23,11:57:47 [INFO] Epoch: 26/30 -- Train Loss: 1.685 -- Validation Loss: 1.535 -- Validation ACC: 0.488 -- Validation F1: 0.423
2024-07-23,11:57:48 [INFO] Epoch: 27/30 -- Train Loss: 1.456 -- Validation Loss: 1.513 -- Validation ACC: 0.488 -- Validation F1: 0.425
2024-07-23,11:57:48 [INFO] Epoch: 28/30 -- Train Loss: 1.440 -- Validation Loss: 1.517 -- Validation ACC: 0.500 -- Validation F1: 0.426
2024-07-23,11:57:49 [INFO] Epoch: 29/30 -- Train Loss: 1.511 -- Validation Loss: 1.519 -- Validation ACC: 0.463 -- Validation F1: 0.401
2024-07-23,11:57:49 [INFO] Run 2/5: Average Over Last 6 epochs -- Valid ACC: 0.4695121951219512 -- Valid F1-score: 0.40383286277453107
2024-07-23,11:57:50 [INFO] Test Results of Run 2/5: -- Test Loss: 1.375 -- Test ACC: 0.523 -- Test F1: 0.450
2024-07-23,11:57:50 [INFO] Epoch: 0/30 -- Train Loss: 5.213 -- Validation Loss: 4.599 -- Validation ACC: 0.512 -- Validation F1: 0.495
2024-07-23,11:57:55 [INFO] Epoch: 10/30 -- Train Loss: 1.419 -- Validation Loss: 1.542 -- Validation ACC: 0.451 -- Validation F1: 0.394
2024-07-23,11:58:00 [INFO] Epoch: 20/30 -- Train Loss: 1.368 -- Validation Loss: 1.598 -- Validation ACC: 0.439 -- Validation F1: 0.382
2024-07-23,11:58:01 [INFO] Epoch: 24/30 -- Train Loss: 1.586 -- Validation Loss: 1.547 -- Validation ACC: 0.476 -- Validation F1: 0.406
2024-07-23,11:58:02 [INFO] Epoch: 25/30 -- Train Loss: 1.407 -- Validation Loss: 1.564 -- Validation ACC: 0.488 -- Validation F1: 0.421
2024-07-23,11:58:03 [INFO] Epoch: 26/30 -- Train Loss: 1.417 -- Validation Loss: 1.545 -- Validation ACC: 0.488 -- Validation F1: 0.424
2024-07-23,11:58:03 [INFO] Epoch: 27/30 -- Train Loss: 1.381 -- Validation Loss: 1.544 -- Validation ACC: 0.476 -- Validation F1: 0.414
2024-07-23,11:58:04 [INFO] Epoch: 28/30 -- Train Loss: 1.420 -- Validation Loss: 1.543 -- Validation ACC: 0.488 -- Validation F1: 0.421
2024-07-23,11:58:05 [INFO] Epoch: 29/30 -- Train Loss: 1.363 -- Validation Loss: 1.520 -- Validation ACC: 0.500 -- Validation F1: 0.432
2024-07-23,11:58:05 [INFO] Run 3/5: Average Over Last 6 epochs -- Valid ACC: 0.48577235772357724 -- Valid F1-score: 0.41957871119181317
2024-07-23,11:58:05 [INFO] Test Results of Run 3/5: -- Test Loss: 1.380 -- Test ACC: 0.523 -- Test F1: 0.448
2024-07-23,11:58:06 [INFO] Epoch: 0/30 -- Train Loss: 4.433 -- Validation Loss: 4.497 -- Validation ACC: 0.512 -- Validation F1: 0.490
2024-07-23,11:58:10 [INFO] Epoch: 10/30 -- Train Loss: 1.453 -- Validation Loss: 1.559 -- Validation ACC: 0.451 -- Validation F1: 0.382
2024-07-23,11:58:14 [INFO] Epoch: 20/30 -- Train Loss: 1.754 -- Validation Loss: 1.538 -- Validation ACC: 0.476 -- Validation F1: 0.415
2024-07-23,11:58:16 [INFO] Epoch: 24/30 -- Train Loss: 1.226 -- Validation Loss: 1.523 -- Validation ACC: 0.476 -- Validation F1: 0.408
2024-07-23,11:58:16 [INFO] Epoch: 25/30 -- Train Loss: 1.708 -- Validation Loss: 1.565 -- Validation ACC: 0.476 -- Validation F1: 0.414
2024-07-23,11:58:17 [INFO] Epoch: 26/30 -- Train Loss: 1.367 -- Validation Loss: 1.551 -- Validation ACC: 0.488 -- Validation F1: 0.420
2024-07-23,11:58:18 [INFO] Epoch: 27/30 -- Train Loss: 1.573 -- Validation Loss: 1.550 -- Validation ACC: 0.476 -- Validation F1: 0.414
2024-07-23,11:58:18 [INFO] Epoch: 28/30 -- Train Loss: 1.561 -- Validation Loss: 1.537 -- Validation ACC: 0.451 -- Validation F1: 0.383
2024-07-23,11:58:19 [INFO] Epoch: 29/30 -- Train Loss: 1.488 -- Validation Loss: 1.511 -- Validation ACC: 0.500 -- Validation F1: 0.432
2024-07-23,11:58:19 [INFO] Run 4/5: Average Over Last 6 epochs -- Valid ACC: 0.4776422764227642 -- Valid F1-score: 0.4118014872074127
2024-07-23,11:58:19 [INFO] Test Results of Run 4/5: -- Test Loss: 1.374 -- Test ACC: 0.535 -- Test F1: 0.460
2024-07-23,11:58:19 [INFO] Validation average after 5 runs -- ACC: 0.473 -- F1-score: 0.407
2024-07-23,11:58:19 [INFO] Test average after 5 runs -- ACC: 0.523 -- F1-score: 0.453
2024-07-23,11:58:19 [INFO] Finished round 2/10 of experiments!
2024-07-23,11:58:19 [INFO] Started round 3/10 of experiments!
2024-07-23,11:58:23 [INFO] Loading previous pretrained model at ./pretrained/GCN_Pretrained_2024-07-07-16-47-07.pth
2024-07-23,11:58:23 [INFO] Total number of tokens: 50
2024-07-23,11:58:24 [INFO] Pretrained GNN on Source Dataset -- Test Loss: 4.720 -- Test ACC: 0.624 -- Test F1-score: 0.588
2024-07-23,11:58:25 [INFO] Pretrained GNN on Target Dataset Without Prompting: -- Validation Loss: 7.383 -- Validation ACC: 0.439 -- Validation F1-score: 0.397 -- Test Loss: 5.253 -- Test ACC: 0.493 -- Test F1-score: 0.452
2024-07-23,11:58:25 [INFO] Epoch: 0/30 -- Train Loss: 6.658 -- Validation Loss: 6.629 -- Validation ACC: 0.427 -- Validation F1: 0.393
2024-07-23,11:58:29 [INFO] Epoch: 10/30 -- Train Loss: 1.481 -- Validation Loss: 1.675 -- Validation ACC: 0.427 -- Validation F1: 0.392
2024-07-23,11:58:33 [INFO] Epoch: 20/30 -- Train Loss: 1.404 -- Validation Loss: 1.613 -- Validation ACC: 0.427 -- Validation F1: 0.359
2024-07-23,11:58:35 [INFO] Epoch: 24/30 -- Train Loss: 1.194 -- Validation Loss: 1.567 -- Validation ACC: 0.427 -- Validation F1: 0.361
2024-07-23,11:58:35 [INFO] Epoch: 25/30 -- Train Loss: 1.362 -- Validation Loss: 1.570 -- Validation ACC: 0.427 -- Validation F1: 0.357
2024-07-23,11:58:36 [INFO] Epoch: 26/30 -- Train Loss: 1.222 -- Validation Loss: 1.592 -- Validation ACC: 0.415 -- Validation F1: 0.345
2024-07-23,11:58:37 [INFO] Epoch: 27/30 -- Train Loss: 1.403 -- Validation Loss: 1.547 -- Validation ACC: 0.427 -- Validation F1: 0.357
2024-07-23,11:58:37 [INFO] Epoch: 28/30 -- Train Loss: 1.438 -- Validation Loss: 1.581 -- Validation ACC: 0.427 -- Validation F1: 0.358
2024-07-23,11:58:38 [INFO] Epoch: 29/30 -- Train Loss: 1.383 -- Validation Loss: 1.566 -- Validation ACC: 0.427 -- Validation F1: 0.355
2024-07-23,11:58:38 [INFO] Run 0/5: Average Over Last 6 epochs -- Valid ACC: 0.4247967479674797 -- Valid F1-score: 0.3554515639940898
2024-07-23,11:58:38 [INFO] Test Results of Run 0/5: -- Test Loss: 1.386 -- Test ACC: 0.510 -- Test F1: 0.439
2024-07-23,11:58:39 [INFO] Epoch: 0/30 -- Train Loss: 5.808 -- Validation Loss: 6.706 -- Validation ACC: 0.439 -- Validation F1: 0.414
2024-07-23,11:58:43 [INFO] Epoch: 10/30 -- Train Loss: 1.614 -- Validation Loss: 1.722 -- Validation ACC: 0.427 -- Validation F1: 0.395
2024-07-23,11:58:47 [INFO] Epoch: 20/30 -- Train Loss: 1.460 -- Validation Loss: 1.593 -- Validation ACC: 0.451 -- Validation F1: 0.425
2024-07-23,11:58:49 [INFO] Epoch: 24/30 -- Train Loss: 1.387 -- Validation Loss: 1.583 -- Validation ACC: 0.427 -- Validation F1: 0.359
2024-07-23,11:58:50 [INFO] Epoch: 25/30 -- Train Loss: 1.412 -- Validation Loss: 1.558 -- Validation ACC: 0.463 -- Validation F1: 0.442
2024-07-23,11:58:51 [INFO] Epoch: 26/30 -- Train Loss: 1.187 -- Validation Loss: 1.592 -- Validation ACC: 0.427 -- Validation F1: 0.358
2024-07-23,11:58:52 [INFO] Epoch: 27/30 -- Train Loss: 1.572 -- Validation Loss: 1.568 -- Validation ACC: 0.415 -- Validation F1: 0.349
2024-07-23,11:58:53 [INFO] Epoch: 28/30 -- Train Loss: 1.259 -- Validation Loss: 1.590 -- Validation ACC: 0.402 -- Validation F1: 0.336
2024-07-23,11:58:54 [INFO] Epoch: 29/30 -- Train Loss: 1.278 -- Validation Loss: 1.552 -- Validation ACC: 0.415 -- Validation F1: 0.345
2024-07-23,11:58:54 [INFO] Run 1/5: Average Over Last 6 epochs -- Valid ACC: 0.4247967479674797 -- Valid F1-score: 0.3647501269976298
2024-07-23,11:58:54 [INFO] Test Results of Run 1/5: -- Test Loss: 1.386 -- Test ACC: 0.526 -- Test F1: 0.460
2024-07-23,11:58:55 [INFO] Epoch: 0/30 -- Train Loss: 4.049 -- Validation Loss: 6.501 -- Validation ACC: 0.427 -- Validation F1: 0.393
2024-07-23,11:59:01 [INFO] Epoch: 10/30 -- Train Loss: 1.422 -- Validation Loss: 1.693 -- Validation ACC: 0.439 -- Validation F1: 0.405
2024-07-23,11:59:05 [INFO] Epoch: 20/30 -- Train Loss: 1.475 -- Validation Loss: 1.630 -- Validation ACC: 0.451 -- Validation F1: 0.417
2024-07-23,11:59:07 [INFO] Epoch: 24/30 -- Train Loss: 1.709 -- Validation Loss: 1.576 -- Validation ACC: 0.427 -- Validation F1: 0.359
2024-07-23,11:59:08 [INFO] Epoch: 25/30 -- Train Loss: 1.434 -- Validation Loss: 1.607 -- Validation ACC: 0.415 -- Validation F1: 0.351
2024-07-23,11:59:08 [INFO] Epoch: 26/30 -- Train Loss: 1.547 -- Validation Loss: 1.576 -- Validation ACC: 0.427 -- Validation F1: 0.358
2024-07-23,11:59:09 [INFO] Epoch: 27/30 -- Train Loss: 1.179 -- Validation Loss: 1.567 -- Validation ACC: 0.439 -- Validation F1: 0.363
2024-07-23,11:59:10 [INFO] Epoch: 28/30 -- Train Loss: 1.392 -- Validation Loss: 1.592 -- Validation ACC: 0.402 -- Validation F1: 0.338
2024-07-23,11:59:10 [INFO] Epoch: 29/30 -- Train Loss: 1.184 -- Validation Loss: 1.582 -- Validation ACC: 0.427 -- Validation F1: 0.358
2024-07-23,11:59:10 [INFO] Run 2/5: Average Over Last 6 epochs -- Valid ACC: 0.42276422764227645 -- Valid F1-score: 0.35454030334949493
2024-07-23,11:59:11 [INFO] Test Results of Run 2/5: -- Test Loss: 1.395 -- Test ACC: 0.499 -- Test F1: 0.435
2024-07-23,11:59:11 [INFO] Epoch: 0/30 -- Train Loss: 7.523 -- Validation Loss: 6.599 -- Validation ACC: 0.439 -- Validation F1: 0.400
2024-07-23,11:59:15 [INFO] Epoch: 10/30 -- Train Loss: 1.107 -- Validation Loss: 1.718 -- Validation ACC: 0.427 -- Validation F1: 0.397
2024-07-23,11:59:19 [INFO] Epoch: 20/30 -- Train Loss: 1.160 -- Validation Loss: 1.586 -- Validation ACC: 0.415 -- Validation F1: 0.347
2024-07-23,11:59:20 [INFO] Epoch: 24/30 -- Train Loss: 1.432 -- Validation Loss: 1.606 -- Validation ACC: 0.439 -- Validation F1: 0.367
2024-07-23,11:59:21 [INFO] Epoch: 25/30 -- Train Loss: 1.383 -- Validation Loss: 1.591 -- Validation ACC: 0.415 -- Validation F1: 0.345
2024-07-23,11:59:21 [INFO] Epoch: 26/30 -- Train Loss: 1.286 -- Validation Loss: 1.588 -- Validation ACC: 0.427 -- Validation F1: 0.357
2024-07-23,11:59:22 [INFO] Epoch: 27/30 -- Train Loss: 1.697 -- Validation Loss: 1.561 -- Validation ACC: 0.415 -- Validation F1: 0.347
2024-07-23,11:59:23 [INFO] Epoch: 28/30 -- Train Loss: 1.736 -- Validation Loss: 1.600 -- Validation ACC: 0.402 -- Validation F1: 0.339
2024-07-23,11:59:23 [INFO] Epoch: 29/30 -- Train Loss: 1.420 -- Validation Loss: 1.567 -- Validation ACC: 0.402 -- Validation F1: 0.338
2024-07-23,11:59:23 [INFO] Run 3/5: Average Over Last 6 epochs -- Valid ACC: 0.4166666666666667 -- Valid F1-score: 0.348719264070193
2024-07-23,11:59:24 [INFO] Test Results of Run 3/5: -- Test Loss: 1.398 -- Test ACC: 0.511 -- Test F1: 0.440
2024-07-23,11:59:25 [INFO] Epoch: 0/30 -- Train Loss: 5.836 -- Validation Loss: 6.604 -- Validation ACC: 0.427 -- Validation F1: 0.393
2024-07-23,11:59:29 [INFO] Epoch: 10/30 -- Train Loss: 1.799 -- Validation Loss: 1.663 -- Validation ACC: 0.402 -- Validation F1: 0.374
2024-07-23,11:59:35 [INFO] Epoch: 20/30 -- Train Loss: 1.249 -- Validation Loss: 1.595 -- Validation ACC: 0.439 -- Validation F1: 0.365
2024-07-23,11:59:37 [INFO] Epoch: 24/30 -- Train Loss: 1.422 -- Validation Loss: 1.566 -- Validation ACC: 0.427 -- Validation F1: 0.349
2024-07-23,11:59:38 [INFO] Epoch: 25/30 -- Train Loss: 1.240 -- Validation Loss: 1.590 -- Validation ACC: 0.439 -- Validation F1: 0.371
2024-07-23,11:59:39 [INFO] Epoch: 26/30 -- Train Loss: 1.345 -- Validation Loss: 1.560 -- Validation ACC: 0.415 -- Validation F1: 0.344
2024-07-23,11:59:39 [INFO] Epoch: 27/30 -- Train Loss: 1.471 -- Validation Loss: 1.568 -- Validation ACC: 0.415 -- Validation F1: 0.349
2024-07-23,11:59:40 [INFO] Epoch: 28/30 -- Train Loss: 1.277 -- Validation Loss: 1.567 -- Validation ACC: 0.415 -- Validation F1: 0.345
2024-07-23,11:59:41 [INFO] Epoch: 29/30 -- Train Loss: 1.516 -- Validation Loss: 1.565 -- Validation ACC: 0.427 -- Validation F1: 0.359
2024-07-23,11:59:41 [INFO] Run 4/5: Average Over Last 6 epochs -- Valid ACC: 0.42276422764227645 -- Valid F1-score: 0.35283879439036053
2024-07-23,11:59:41 [INFO] Test Results of Run 4/5: -- Test Loss: 1.395 -- Test ACC: 0.507 -- Test F1: 0.438
2024-07-23,11:59:41 [INFO] Validation average after 5 runs -- ACC: 0.422 -- F1-score: 0.355
2024-07-23,11:59:41 [INFO] Test average after 5 runs -- ACC: 0.511 -- F1-score: 0.442
2024-07-23,11:59:41 [INFO] Finished round 3/10 of experiments!
2024-07-23,11:59:41 [INFO] Started round 4/10 of experiments!
2024-07-23,11:59:45 [INFO] Loading previous pretrained model at ./pretrained/GCN_Pretrained_2024-07-07-16-50-48.pth
2024-07-23,11:59:45 [INFO] Total number of tokens: 50
2024-07-23,11:59:46 [INFO] Pretrained GNN on Source Dataset -- Test Loss: 4.259 -- Test ACC: 0.645 -- Test F1-score: 0.607
2024-07-23,11:59:46 [INFO] Pretrained GNN on Target Dataset Without Prompting: -- Validation Loss: 6.544 -- Validation ACC: 0.402 -- Validation F1-score: 0.361 -- Test Loss: 5.568 -- Test ACC: 0.470 -- Test F1-score: 0.437
2024-07-23,11:59:47 [INFO] Epoch: 0/30 -- Train Loss: 3.901 -- Validation Loss: 5.646 -- Validation ACC: 0.378 -- Validation F1: 0.341
2024-07-23,11:59:51 [INFO] Epoch: 10/30 -- Train Loss: 1.509 -- Validation Loss: 1.681 -- Validation ACC: 0.402 -- Validation F1: 0.360
2024-07-23,11:59:56 [INFO] Epoch: 20/30 -- Train Loss: 1.254 -- Validation Loss: 1.605 -- Validation ACC: 0.415 -- Validation F1: 0.372
2024-07-23,11:59:58 [INFO] Epoch: 24/30 -- Train Loss: 1.368 -- Validation Loss: 1.590 -- Validation ACC: 0.415 -- Validation F1: 0.364
2024-07-23,11:59:59 [INFO] Epoch: 25/30 -- Train Loss: 1.315 -- Validation Loss: 1.583 -- Validation ACC: 0.451 -- Validation F1: 0.400
2024-07-23,11:59:59 [INFO] Epoch: 26/30 -- Train Loss: 1.349 -- Validation Loss: 1.595 -- Validation ACC: 0.415 -- Validation F1: 0.367
2024-07-23,12:00:00 [INFO] Epoch: 27/30 -- Train Loss: 1.369 -- Validation Loss: 1.639 -- Validation ACC: 0.439 -- Validation F1: 0.386
2024-07-23,12:00:01 [INFO] Epoch: 28/30 -- Train Loss: 1.561 -- Validation Loss: 1.547 -- Validation ACC: 0.439 -- Validation F1: 0.389
2024-07-23,12:00:01 [INFO] Epoch: 29/30 -- Train Loss: 1.271 -- Validation Loss: 1.607 -- Validation ACC: 0.439 -- Validation F1: 0.389
2024-07-23,12:00:01 [INFO] Run 0/5: Average Over Last 6 epochs -- Valid ACC: 0.4329268292682927 -- Valid F1-score: 0.38252731661001843
2024-07-23,12:00:02 [INFO] Test Results of Run 0/5: -- Test Loss: 1.451 -- Test ACC: 0.488 -- Test F1: 0.444
2024-07-23,12:00:03 [INFO] Epoch: 0/30 -- Train Loss: 4.833 -- Validation Loss: 5.648 -- Validation ACC: 0.378 -- Validation F1: 0.341
2024-07-23,12:00:07 [INFO] Epoch: 10/30 -- Train Loss: 1.512 -- Validation Loss: 1.604 -- Validation ACC: 0.427 -- Validation F1: 0.374
2024-07-23,12:00:10 [INFO] Epoch: 20/30 -- Train Loss: 1.507 -- Validation Loss: 1.616 -- Validation ACC: 0.427 -- Validation F1: 0.382
2024-07-23,12:00:12 [INFO] Epoch: 24/30 -- Train Loss: 1.523 -- Validation Loss: 1.604 -- Validation ACC: 0.427 -- Validation F1: 0.376
2024-07-23,12:00:13 [INFO] Epoch: 25/30 -- Train Loss: 1.234 -- Validation Loss: 1.577 -- Validation ACC: 0.415 -- Validation F1: 0.371
2024-07-23,12:00:13 [INFO] Epoch: 26/30 -- Train Loss: 1.458 -- Validation Loss: 1.602 -- Validation ACC: 0.415 -- Validation F1: 0.369
2024-07-23,12:00:14 [INFO] Epoch: 27/30 -- Train Loss: 1.342 -- Validation Loss: 1.613 -- Validation ACC: 0.402 -- Validation F1: 0.357
2024-07-23,12:00:15 [INFO] Epoch: 28/30 -- Train Loss: 1.509 -- Validation Loss: 1.572 -- Validation ACC: 0.427 -- Validation F1: 0.373
2024-07-23,12:00:15 [INFO] Epoch: 29/30 -- Train Loss: 1.510 -- Validation Loss: 1.547 -- Validation ACC: 0.439 -- Validation F1: 0.390
2024-07-23,12:00:15 [INFO] Run 1/5: Average Over Last 6 epochs -- Valid ACC: 0.42073170731707316 -- Valid F1-score: 0.3726988583803177
2024-07-23,12:00:16 [INFO] Test Results of Run 1/5: -- Test Loss: 1.435 -- Test ACC: 0.479 -- Test F1: 0.432
2024-07-23,12:00:16 [INFO] Epoch: 0/30 -- Train Loss: 4.602 -- Validation Loss: 5.711 -- Validation ACC: 0.366 -- Validation F1: 0.331
2024-07-23,12:00:20 [INFO] Epoch: 10/30 -- Train Loss: 1.593 -- Validation Loss: 1.592 -- Validation ACC: 0.378 -- Validation F1: 0.340
2024-07-23,12:00:24 [INFO] Epoch: 20/30 -- Train Loss: 1.378 -- Validation Loss: 1.590 -- Validation ACC: 0.402 -- Validation F1: 0.356
2024-07-23,12:00:25 [INFO] Epoch: 24/30 -- Train Loss: 1.284 -- Validation Loss: 1.580 -- Validation ACC: 0.439 -- Validation F1: 0.389
2024-07-23,12:00:26 [INFO] Epoch: 25/30 -- Train Loss: 1.181 -- Validation Loss: 1.586 -- Validation ACC: 0.402 -- Validation F1: 0.353
2024-07-23,12:00:27 [INFO] Epoch: 26/30 -- Train Loss: 1.450 -- Validation Loss: 1.566 -- Validation ACC: 0.463 -- Validation F1: 0.411
2024-07-23,12:00:27 [INFO] Epoch: 27/30 -- Train Loss: 1.395 -- Validation Loss: 1.594 -- Validation ACC: 0.415 -- Validation F1: 0.365
2024-07-23,12:00:28 [INFO] Epoch: 28/30 -- Train Loss: 1.301 -- Validation Loss: 1.569 -- Validation ACC: 0.451 -- Validation F1: 0.406
2024-07-23,12:00:28 [INFO] Epoch: 29/30 -- Train Loss: 1.256 -- Validation Loss: 1.557 -- Validation ACC: 0.463 -- Validation F1: 0.411
2024-07-23,12:00:28 [INFO] Run 2/5: Average Over Last 6 epochs -- Valid ACC: 0.43902439024390244 -- Valid F1-score: 0.3889883408943812
2024-07-23,12:00:29 [INFO] Test Results of Run 2/5: -- Test Loss: 1.438 -- Test ACC: 0.479 -- Test F1: 0.439
2024-07-23,12:00:30 [INFO] Epoch: 0/30 -- Train Loss: 4.583 -- Validation Loss: 5.625 -- Validation ACC: 0.390 -- Validation F1: 0.353
2024-07-23,12:00:34 [INFO] Epoch: 10/30 -- Train Loss: 1.318 -- Validation Loss: 1.623 -- Validation ACC: 0.402 -- Validation F1: 0.358
2024-07-23,12:00:38 [INFO] Epoch: 20/30 -- Train Loss: 1.450 -- Validation Loss: 1.583 -- Validation ACC: 0.402 -- Validation F1: 0.354
2024-07-23,12:00:39 [INFO] Epoch: 24/30 -- Train Loss: 1.360 -- Validation Loss: 1.594 -- Validation ACC: 0.415 -- Validation F1: 0.368
2024-07-23,12:00:40 [INFO] Epoch: 25/30 -- Train Loss: 1.495 -- Validation Loss: 1.583 -- Validation ACC: 0.439 -- Validation F1: 0.389
2024-07-23,12:00:41 [INFO] Epoch: 26/30 -- Train Loss: 1.182 -- Validation Loss: 1.597 -- Validation ACC: 0.402 -- Validation F1: 0.358
2024-07-23,12:00:42 [INFO] Epoch: 27/30 -- Train Loss: 1.107 -- Validation Loss: 1.580 -- Validation ACC: 0.427 -- Validation F1: 0.382
2024-07-23,12:00:42 [INFO] Epoch: 28/30 -- Train Loss: 1.326 -- Validation Loss: 1.597 -- Validation ACC: 0.415 -- Validation F1: 0.369
2024-07-23,12:00:43 [INFO] Epoch: 29/30 -- Train Loss: 1.481 -- Validation Loss: 1.549 -- Validation ACC: 0.415 -- Validation F1: 0.370
2024-07-23,12:00:43 [INFO] Run 3/5: Average Over Last 6 epochs -- Valid ACC: 0.4186991869918699 -- Valid F1-score: 0.3728285680214564
2024-07-23,12:00:44 [INFO] Test Results of Run 3/5: -- Test Loss: 1.434 -- Test ACC: 0.481 -- Test F1: 0.439
2024-07-23,12:00:44 [INFO] Epoch: 0/30 -- Train Loss: 4.188 -- Validation Loss: 5.612 -- Validation ACC: 0.390 -- Validation F1: 0.353
2024-07-23,12:00:48 [INFO] Epoch: 10/30 -- Train Loss: 1.464 -- Validation Loss: 1.588 -- Validation ACC: 0.390 -- Validation F1: 0.350
2024-07-23,12:00:52 [INFO] Epoch: 20/30 -- Train Loss: 1.443 -- Validation Loss: 1.571 -- Validation ACC: 0.427 -- Validation F1: 0.374
2024-07-23,12:00:54 [INFO] Epoch: 24/30 -- Train Loss: 1.333 -- Validation Loss: 1.600 -- Validation ACC: 0.427 -- Validation F1: 0.375
2024-07-23,12:00:55 [INFO] Epoch: 25/30 -- Train Loss: 1.429 -- Validation Loss: 1.549 -- Validation ACC: 0.463 -- Validation F1: 0.411
2024-07-23,12:00:55 [INFO] Epoch: 26/30 -- Train Loss: 1.391 -- Validation Loss: 1.601 -- Validation ACC: 0.427 -- Validation F1: 0.378
2024-07-23,12:00:56 [INFO] Epoch: 27/30 -- Train Loss: 1.613 -- Validation Loss: 1.546 -- Validation ACC: 0.451 -- Validation F1: 0.402
2024-07-23,12:00:57 [INFO] Epoch: 28/30 -- Train Loss: 1.271 -- Validation Loss: 1.560 -- Validation ACC: 0.415 -- Validation F1: 0.364
2024-07-23,12:00:58 [INFO] Epoch: 29/30 -- Train Loss: 1.567 -- Validation Loss: 1.588 -- Validation ACC: 0.402 -- Validation F1: 0.359
2024-07-23,12:00:58 [INFO] Run 4/5: Average Over Last 6 epochs -- Valid ACC: 0.43089430894308944 -- Valid F1-score: 0.3816055655479431
2024-07-23,12:00:58 [INFO] Test Results of Run 4/5: -- Test Loss: 1.455 -- Test ACC: 0.478 -- Test F1: 0.431
2024-07-23,12:00:58 [INFO] Validation average after 5 runs -- ACC: 0.428 -- F1-score: 0.380
2024-07-23,12:00:58 [INFO] Test average after 5 runs -- ACC: 0.481 -- F1-score: 0.437
2024-07-23,12:00:58 [INFO] Finished round 4/10 of experiments!
2024-07-23,12:00:58 [INFO] Started round 5/10 of experiments!
2024-07-23,12:01:04 [INFO] Setting for pretraining: Model: {'gnn_type': 'gcn', 'in_channels': 3703, 'hidden_channels': 512, 'out_channels': 6, 'num_layers': 3, 'dropout': 0.4, 'with_bn': False, 'with_head': True} -- Optimizer: {'lr': 0.001, 'scheduler_step_size': 50, 'scheduler_gamma': 0.5, 'weight_decay': 0.0} -- Training: {'n_epochs': 100}
2024-07-23,12:01:04 [INFO] Loading previous pretrained model at ./pretrained/GCN_Pretrained_2024-07-07-16-54-26.pth
2024-07-23,12:01:04 [INFO] Total number of tokens: 50
2024-07-23,12:01:04 [INFO] Prompting method: all_in_one_original -- Setting: Prompting function: gpf_plus -- Target Dataset: CiteSeer
2024-07-23,12:01:04 [INFO] Setting for prompt tuning: Prompt: {'token_dim': 3703, 'token_num': 50, 'cross_prune': 0.8, 'inner_prune': 0.3} -- Pretrained Model: {'gnn_type': 'gcn', 'in_channels': 3703, 'hidden_channels': 512, 'out_channels': 6, 'num_layers': 3, 'dropout': 0.4, 'with_bn': False, 'with_head': True} -- Optimizer: {'lr': 0.001, 'scheduler_step_size': 50, 'scheduler_gamma': 0.5, 'weight_decay': 0.0} -- Training: {'n_epochs': 30, 'r_reg': 0.0, 'num_classes': 6, 'cut_off': 0.5}
2024-07-23,12:01:04 [INFO] Prompt tuning started: Num runs: 5 -- Eval step: 10
2024-07-23,12:01:04 [INFO] Pretrained GNN on Source Dataset -- Test Loss: 3.966 -- Test ACC: 0.625 -- Test F1-score: 0.587
2024-07-23,12:01:05 [INFO] Pretrained GNN on Target Dataset Without Prompting: -- Validation Loss: 3.482 -- Validation ACC: 0.500 -- Validation F1-score: 0.474 -- Test Loss: 4.904 -- Test ACC: 0.485 -- Test F1-score: 0.444
2024-07-23,12:01:05 [INFO] Epoch: 0/30 -- Train Loss: 4.474 -- Validation Loss: 3.133 -- Validation ACC: 0.500 -- Validation F1: 0.482
2024-07-23,12:01:09 [INFO] Epoch: 10/30 -- Train Loss: 1.356 -- Validation Loss: 1.535 -- Validation ACC: 0.500 -- Validation F1: 0.433
2024-07-23,12:01:13 [INFO] Epoch: 20/30 -- Train Loss: 1.535 -- Validation Loss: 1.539 -- Validation ACC: 0.537 -- Validation F1: 0.475
2024-07-23,12:01:15 [INFO] Epoch: 24/30 -- Train Loss: 1.369 -- Validation Loss: 1.555 -- Validation ACC: 0.561 -- Validation F1: 0.497
2024-07-23,12:01:15 [INFO] Epoch: 25/30 -- Train Loss: 1.284 -- Validation Loss: 1.523 -- Validation ACC: 0.524 -- Validation F1: 0.462
2024-07-23,12:01:16 [INFO] Epoch: 26/30 -- Train Loss: 1.213 -- Validation Loss: 1.504 -- Validation ACC: 0.524 -- Validation F1: 0.457
2024-07-23,12:01:17 [INFO] Epoch: 27/30 -- Train Loss: 1.368 -- Validation Loss: 1.530 -- Validation ACC: 0.549 -- Validation F1: 0.479
2024-07-23,12:01:17 [INFO] Epoch: 28/30 -- Train Loss: 1.242 -- Validation Loss: 1.489 -- Validation ACC: 0.561 -- Validation F1: 0.498
2024-07-23,12:01:18 [INFO] Epoch: 29/30 -- Train Loss: 1.373 -- Validation Loss: 1.516 -- Validation ACC: 0.561 -- Validation F1: 0.498
2024-07-23,12:01:18 [INFO] Run 0/5: Average Over Last 6 epochs -- Valid ACC: 0.5467479674796748 -- Valid F1-score: 0.48184337218602497
2024-07-23,12:01:18 [INFO] Test Results of Run 0/5: -- Test Loss: 1.501 -- Test ACC: 0.497 -- Test F1: 0.426
2024-07-23,12:01:19 [INFO] Epoch: 0/30 -- Train Loss: 3.069 -- Validation Loss: 3.013 -- Validation ACC: 0.488 -- Validation F1: 0.461
2024-07-23,12:01:24 [INFO] Epoch: 10/30 -- Train Loss: 1.297 -- Validation Loss: 1.579 -- Validation ACC: 0.476 -- Validation F1: 0.411
2024-07-23,12:01:28 [INFO] Epoch: 20/30 -- Train Loss: 1.499 -- Validation Loss: 1.520 -- Validation ACC: 0.524 -- Validation F1: 0.462
2024-07-23,12:01:30 [INFO] Epoch: 24/30 -- Train Loss: 1.290 -- Validation Loss: 1.503 -- Validation ACC: 0.524 -- Validation F1: 0.463
2024-07-23,12:01:31 [INFO] Epoch: 25/30 -- Train Loss: 1.164 -- Validation Loss: 1.516 -- Validation ACC: 0.549 -- Validation F1: 0.488
2024-07-23,12:01:31 [INFO] Epoch: 26/30 -- Train Loss: 1.558 -- Validation Loss: 1.536 -- Validation ACC: 0.537 -- Validation F1: 0.472
2024-07-23,12:01:32 [INFO] Epoch: 27/30 -- Train Loss: 1.362 -- Validation Loss: 1.517 -- Validation ACC: 0.537 -- Validation F1: 0.478
2024-07-23,12:01:33 [INFO] Epoch: 28/30 -- Train Loss: 1.314 -- Validation Loss: 1.580 -- Validation ACC: 0.537 -- Validation F1: 0.475
2024-07-23,12:01:33 [INFO] Epoch: 29/30 -- Train Loss: 1.506 -- Validation Loss: 1.519 -- Validation ACC: 0.500 -- Validation F1: 0.444
2024-07-23,12:01:33 [INFO] Run 1/5: Average Over Last 6 epochs -- Valid ACC: 0.5304878048780488 -- Valid F1-score: 0.4698564112186432
2024-07-23,12:01:34 [INFO] Test Results of Run 1/5: -- Test Loss: 1.514 -- Test ACC: 0.492 -- Test F1: 0.418
2024-07-23,12:01:35 [INFO] Epoch: 0/30 -- Train Loss: 4.235 -- Validation Loss: 3.029 -- Validation ACC: 0.512 -- Validation F1: 0.489
2024-07-23,12:01:40 [INFO] Epoch: 10/30 -- Train Loss: 1.302 -- Validation Loss: 1.544 -- Validation ACC: 0.500 -- Validation F1: 0.443
2024-07-23,12:01:45 [INFO] Epoch: 20/30 -- Train Loss: 1.501 -- Validation Loss: 1.509 -- Validation ACC: 0.549 -- Validation F1: 0.481
2024-07-23,12:01:47 [INFO] Epoch: 24/30 -- Train Loss: 1.291 -- Validation Loss: 1.496 -- Validation ACC: 0.524 -- Validation F1: 0.462
2024-07-23,12:01:47 [INFO] Epoch: 25/30 -- Train Loss: 1.336 -- Validation Loss: 1.521 -- Validation ACC: 0.561 -- Validation F1: 0.494
2024-07-23,12:01:48 [INFO] Epoch: 26/30 -- Train Loss: 1.484 -- Validation Loss: 1.513 -- Validation ACC: 0.549 -- Validation F1: 0.487
2024-07-23,12:01:49 [INFO] Epoch: 27/30 -- Train Loss: 1.397 -- Validation Loss: 1.499 -- Validation ACC: 0.561 -- Validation F1: 0.495
2024-07-23,12:01:49 [INFO] Epoch: 28/30 -- Train Loss: 1.448 -- Validation Loss: 1.509 -- Validation ACC: 0.549 -- Validation F1: 0.481
2024-07-23,12:01:50 [INFO] Epoch: 29/30 -- Train Loss: 1.347 -- Validation Loss: 1.540 -- Validation ACC: 0.573 -- Validation F1: 0.508
2024-07-23,12:01:50 [INFO] Run 2/5: Average Over Last 6 epochs -- Valid ACC: 0.5528455284552846 -- Valid F1-score: 0.48786431054274243
2024-07-23,12:01:50 [INFO] Test Results of Run 2/5: -- Test Loss: 1.503 -- Test ACC: 0.501 -- Test F1: 0.430
2024-07-23,12:01:51 [INFO] Epoch: 0/30 -- Train Loss: 3.184 -- Validation Loss: 3.086 -- Validation ACC: 0.512 -- Validation F1: 0.494
2024-07-23,12:01:55 [INFO] Epoch: 10/30 -- Train Loss: 1.481 -- Validation Loss: 1.525 -- Validation ACC: 0.488 -- Validation F1: 0.428
2024-07-23,12:01:59 [INFO] Epoch: 20/30 -- Train Loss: 1.675 -- Validation Loss: 1.517 -- Validation ACC: 0.549 -- Validation F1: 0.486
2024-07-23,12:02:00 [INFO] Epoch: 24/30 -- Train Loss: 1.410 -- Validation Loss: 1.518 -- Validation ACC: 0.537 -- Validation F1: 0.474
2024-07-23,12:02:01 [INFO] Epoch: 25/30 -- Train Loss: 1.427 -- Validation Loss: 1.529 -- Validation ACC: 0.573 -- Validation F1: 0.510
2024-07-23,12:02:02 [INFO] Epoch: 26/30 -- Train Loss: 1.277 -- Validation Loss: 1.496 -- Validation ACC: 0.537 -- Validation F1: 0.474
2024-07-23,12:02:02 [INFO] Epoch: 27/30 -- Train Loss: 1.207 -- Validation Loss: 1.512 -- Validation ACC: 0.549 -- Validation F1: 0.486
2024-07-23,12:02:03 [INFO] Epoch: 28/30 -- Train Loss: 1.333 -- Validation Loss: 1.535 -- Validation ACC: 0.573 -- Validation F1: 0.508
2024-07-23,12:02:04 [INFO] Epoch: 29/30 -- Train Loss: 1.426 -- Validation Loss: 1.538 -- Validation ACC: 0.573 -- Validation F1: 0.509
2024-07-23,12:02:04 [INFO] Run 3/5: Average Over Last 6 epochs -- Valid ACC: 0.5569105691056911 -- Valid F1-score: 0.4933931877215703
2024-07-23,12:02:04 [INFO] Test Results of Run 3/5: -- Test Loss: 1.517 -- Test ACC: 0.490 -- Test F1: 0.419
2024-07-23,12:02:05 [INFO] Epoch: 0/30 -- Train Loss: 4.041 -- Validation Loss: 3.089 -- Validation ACC: 0.500 -- Validation F1: 0.473
2024-07-23,12:02:08 [INFO] Epoch: 10/30 -- Train Loss: 1.472 -- Validation Loss: 1.556 -- Validation ACC: 0.500 -- Validation F1: 0.436
2024-07-23,12:02:12 [INFO] Epoch: 20/30 -- Train Loss: 1.436 -- Validation Loss: 1.533 -- Validation ACC: 0.549 -- Validation F1: 0.483
2024-07-23,12:02:14 [INFO] Epoch: 24/30 -- Train Loss: 1.637 -- Validation Loss: 1.508 -- Validation ACC: 0.500 -- Validation F1: 0.438
2024-07-23,12:02:14 [INFO] Epoch: 25/30 -- Train Loss: 1.301 -- Validation Loss: 1.531 -- Validation ACC: 0.561 -- Validation F1: 0.494
2024-07-23,12:02:15 [INFO] Epoch: 26/30 -- Train Loss: 1.224 -- Validation Loss: 1.516 -- Validation ACC: 0.524 -- Validation F1: 0.463
2024-07-23,12:02:16 [INFO] Epoch: 27/30 -- Train Loss: 1.310 -- Validation Loss: 1.514 -- Validation ACC: 0.561 -- Validation F1: 0.501
2024-07-23,12:02:16 [INFO] Epoch: 28/30 -- Train Loss: 1.393 -- Validation Loss: 1.540 -- Validation ACC: 0.537 -- Validation F1: 0.473
2024-07-23,12:02:17 [INFO] Epoch: 29/30 -- Train Loss: 1.414 -- Validation Loss: 1.515 -- Validation ACC: 0.524 -- Validation F1: 0.462
2024-07-23,12:02:17 [INFO] Run 4/5: Average Over Last 6 epochs -- Valid ACC: 0.5345528455284553 -- Valid F1-score: 0.47185468177000683
2024-07-23,12:02:17 [INFO] Test Results of Run 4/5: -- Test Loss: 1.514 -- Test ACC: 0.491 -- Test F1: 0.416
2024-07-23,12:02:17 [INFO] Validation average after 5 runs -- ACC: 0.544 -- F1-score: 0.481
2024-07-23,12:02:17 [INFO] Test average after 5 runs -- ACC: 0.494 -- F1-score: 0.422
2024-07-23,12:02:17 [INFO] Finished round 5/10 of experiments!
2024-07-23,12:02:17 [INFO] Started round 6/10 of experiments!
2024-07-23,12:02:24 [INFO] Loading previous pretrained model at ./pretrained/GCN_Pretrained_2024-07-07-16-58-05.pth
2024-07-23,12:02:24 [INFO] Total number of tokens: 50
2024-07-23,12:02:25 [INFO] Pretrained GNN on Source Dataset -- Test Loss: 3.970 -- Test ACC: 0.605 -- Test F1-score: 0.558
2024-07-23,12:02:26 [INFO] Pretrained GNN on Target Dataset Without Prompting: -- Validation Loss: 4.182 -- Validation ACC: 0.500 -- Validation F1-score: 0.457 -- Test Loss: 5.328 -- Test ACC: 0.462 -- Test F1-score: 0.437
2024-07-23,12:02:26 [INFO] Epoch: 0/30 -- Train Loss: 5.745 -- Validation Loss: 3.805 -- Validation ACC: 0.537 -- Validation F1: 0.469
2024-07-23,12:02:31 [INFO] Epoch: 10/30 -- Train Loss: 1.342 -- Validation Loss: 1.484 -- Validation ACC: 0.500 -- Validation F1: 0.428
2024-07-23,12:02:35 [INFO] Epoch: 20/30 -- Train Loss: 1.525 -- Validation Loss: 1.396 -- Validation ACC: 0.488 -- Validation F1: 0.422
2024-07-23,12:02:37 [INFO] Epoch: 24/30 -- Train Loss: 1.386 -- Validation Loss: 1.381 -- Validation ACC: 0.512 -- Validation F1: 0.443
2024-07-23,12:02:38 [INFO] Epoch: 25/30 -- Train Loss: 1.281 -- Validation Loss: 1.386 -- Validation ACC: 0.488 -- Validation F1: 0.422
2024-07-23,12:02:39 [INFO] Epoch: 26/30 -- Train Loss: 1.306 -- Validation Loss: 1.381 -- Validation ACC: 0.500 -- Validation F1: 0.432
2024-07-23,12:02:39 [INFO] Epoch: 27/30 -- Train Loss: 1.405 -- Validation Loss: 1.381 -- Validation ACC: 0.488 -- Validation F1: 0.418
2024-07-23,12:02:40 [INFO] Epoch: 28/30 -- Train Loss: 1.460 -- Validation Loss: 1.389 -- Validation ACC: 0.500 -- Validation F1: 0.437
2024-07-23,12:02:41 [INFO] Epoch: 29/30 -- Train Loss: 1.122 -- Validation Loss: 1.388 -- Validation ACC: 0.500 -- Validation F1: 0.428
2024-07-23,12:02:41 [INFO] Run 0/5: Average Over Last 6 epochs -- Valid ACC: 0.49796747967479676 -- Valid F1-score: 0.43023350834846497
2024-07-23,12:02:41 [INFO] Test Results of Run 0/5: -- Test Loss: 1.464 -- Test ACC: 0.477 -- Test F1: 0.422
2024-07-23,12:02:42 [INFO] Epoch: 0/30 -- Train Loss: 5.380 -- Validation Loss: 3.912 -- Validation ACC: 0.537 -- Validation F1: 0.495
2024-07-23,12:02:46 [INFO] Epoch: 10/30 -- Train Loss: 1.525 -- Validation Loss: 1.524 -- Validation ACC: 0.488 -- Validation F1: 0.418
2024-07-23,12:02:50 [INFO] Epoch: 20/30 -- Train Loss: 1.230 -- Validation Loss: 1.379 -- Validation ACC: 0.500 -- Validation F1: 0.432
2024-07-23,12:02:52 [INFO] Epoch: 24/30 -- Train Loss: 1.454 -- Validation Loss: 1.389 -- Validation ACC: 0.500 -- Validation F1: 0.434
2024-07-23,12:02:53 [INFO] Epoch: 25/30 -- Train Loss: 1.355 -- Validation Loss: 1.398 -- Validation ACC: 0.500 -- Validation F1: 0.434
2024-07-23,12:02:54 [INFO] Epoch: 26/30 -- Train Loss: 1.629 -- Validation Loss: 1.410 -- Validation ACC: 0.488 -- Validation F1: 0.424
2024-07-23,12:02:54 [INFO] Epoch: 27/30 -- Train Loss: 1.521 -- Validation Loss: 1.381 -- Validation ACC: 0.500 -- Validation F1: 0.430
2024-07-23,12:02:55 [INFO] Epoch: 28/30 -- Train Loss: 1.270 -- Validation Loss: 1.388 -- Validation ACC: 0.488 -- Validation F1: 0.423
2024-07-23,12:02:56 [INFO] Epoch: 29/30 -- Train Loss: 1.415 -- Validation Loss: 1.378 -- Validation ACC: 0.500 -- Validation F1: 0.427
2024-07-23,12:02:56 [INFO] Run 1/5: Average Over Last 6 epochs -- Valid ACC: 0.4959349593495935 -- Valid F1-score: 0.4287014901638031
2024-07-23,12:02:56 [INFO] Test Results of Run 1/5: -- Test Loss: 1.462 -- Test ACC: 0.482 -- Test F1: 0.424
2024-07-23,12:02:57 [INFO] Epoch: 0/30 -- Train Loss: 3.919 -- Validation Loss: 3.837 -- Validation ACC: 0.524 -- Validation F1: 0.456
2024-07-23,12:03:01 [INFO] Epoch: 10/30 -- Train Loss: 1.410 -- Validation Loss: 1.485 -- Validation ACC: 0.488 -- Validation F1: 0.422
2024-07-23,12:03:05 [INFO] Epoch: 20/30 -- Train Loss: 1.497 -- Validation Loss: 1.391 -- Validation ACC: 0.500 -- Validation F1: 0.427
2024-07-23,12:03:07 [INFO] Epoch: 24/30 -- Train Loss: 1.301 -- Validation Loss: 1.389 -- Validation ACC: 0.500 -- Validation F1: 0.428
2024-07-23,12:03:08 [INFO] Epoch: 25/30 -- Train Loss: 1.328 -- Validation Loss: 1.411 -- Validation ACC: 0.488 -- Validation F1: 0.421
2024-07-23,12:03:08 [INFO] Epoch: 26/30 -- Train Loss: 1.397 -- Validation Loss: 1.382 -- Validation ACC: 0.488 -- Validation F1: 0.425
2024-07-23,12:03:09 [INFO] Epoch: 27/30 -- Train Loss: 1.506 -- Validation Loss: 1.386 -- Validation ACC: 0.488 -- Validation F1: 0.422
2024-07-23,12:03:10 [INFO] Epoch: 28/30 -- Train Loss: 1.589 -- Validation Loss: 1.385 -- Validation ACC: 0.476 -- Validation F1: 0.409
2024-07-23,12:03:10 [INFO] Epoch: 29/30 -- Train Loss: 1.558 -- Validation Loss: 1.391 -- Validation ACC: 0.524 -- Validation F1: 0.454
2024-07-23,12:03:10 [INFO] Run 2/5: Average Over Last 6 epochs -- Valid ACC: 0.49390243902439024 -- Valid F1-score: 0.42664648095766705
2024-07-23,12:03:11 [INFO] Test Results of Run 2/5: -- Test Loss: 1.474 -- Test ACC: 0.473 -- Test F1: 0.425
2024-07-23,12:03:12 [INFO] Epoch: 0/30 -- Train Loss: 3.775 -- Validation Loss: 3.925 -- Validation ACC: 0.524 -- Validation F1: 0.456
2024-07-23,12:03:16 [INFO] Epoch: 10/30 -- Train Loss: 1.610 -- Validation Loss: 1.489 -- Validation ACC: 0.488 -- Validation F1: 0.424
2024-07-23,12:03:21 [INFO] Epoch: 20/30 -- Train Loss: 1.526 -- Validation Loss: 1.394 -- Validation ACC: 0.500 -- Validation F1: 0.430
2024-07-23,12:03:23 [INFO] Epoch: 24/30 -- Train Loss: 1.348 -- Validation Loss: 1.376 -- Validation ACC: 0.488 -- Validation F1: 0.420
2024-07-23,12:03:24 [INFO] Epoch: 25/30 -- Train Loss: 1.422 -- Validation Loss: 1.405 -- Validation ACC: 0.537 -- Validation F1: 0.468
2024-07-23,12:03:25 [INFO] Epoch: 26/30 -- Train Loss: 1.460 -- Validation Loss: 1.402 -- Validation ACC: 0.500 -- Validation F1: 0.431
2024-07-23,12:03:25 [INFO] Epoch: 27/30 -- Train Loss: 1.445 -- Validation Loss: 1.374 -- Validation ACC: 0.524 -- Validation F1: 0.457
2024-07-23,12:03:26 [INFO] Epoch: 28/30 -- Train Loss: 1.277 -- Validation Loss: 1.379 -- Validation ACC: 0.512 -- Validation F1: 0.442
2024-07-23,12:03:27 [INFO] Epoch: 29/30 -- Train Loss: 1.224 -- Validation Loss: 1.363 -- Validation ACC: 0.500 -- Validation F1: 0.437
2024-07-23,12:03:27 [INFO] Run 3/5: Average Over Last 6 epochs -- Valid ACC: 0.5101626016260162 -- Valid F1-score: 0.4424409617980321
2024-07-23,12:03:27 [INFO] Test Results of Run 3/5: -- Test Loss: 1.462 -- Test ACC: 0.478 -- Test F1: 0.426
2024-07-23,12:03:28 [INFO] Epoch: 0/30 -- Train Loss: 4.267 -- Validation Loss: 3.791 -- Validation ACC: 0.537 -- Validation F1: 0.472
2024-07-23,12:03:31 [INFO] Epoch: 10/30 -- Train Loss: 1.400 -- Validation Loss: 1.506 -- Validation ACC: 0.500 -- Validation F1: 0.431
2024-07-23,12:03:35 [INFO] Epoch: 20/30 -- Train Loss: 1.586 -- Validation Loss: 1.397 -- Validation ACC: 0.463 -- Validation F1: 0.398
2024-07-23,12:03:37 [INFO] Epoch: 24/30 -- Train Loss: 1.729 -- Validation Loss: 1.372 -- Validation ACC: 0.476 -- Validation F1: 0.412
2024-07-23,12:03:38 [INFO] Epoch: 25/30 -- Train Loss: 1.276 -- Validation Loss: 1.400 -- Validation ACC: 0.488 -- Validation F1: 0.419
2024-07-23,12:03:38 [INFO] Epoch: 26/30 -- Train Loss: 1.501 -- Validation Loss: 1.405 -- Validation ACC: 0.512 -- Validation F1: 0.442
2024-07-23,12:03:39 [INFO] Epoch: 27/30 -- Train Loss: 1.447 -- Validation Loss: 1.394 -- Validation ACC: 0.451 -- Validation F1: 0.388
2024-07-23,12:03:40 [INFO] Epoch: 28/30 -- Train Loss: 1.359 -- Validation Loss: 1.385 -- Validation ACC: 0.488 -- Validation F1: 0.425
2024-07-23,12:03:40 [INFO] Epoch: 29/30 -- Train Loss: 1.397 -- Validation Loss: 1.421 -- Validation ACC: 0.488 -- Validation F1: 0.424
2024-07-23,12:03:40 [INFO] Run 4/5: Average Over Last 6 epochs -- Valid ACC: 0.48373983739837395 -- Valid F1-score: 0.4184819161891937
2024-07-23,12:03:41 [INFO] Test Results of Run 4/5: -- Test Loss: 1.478 -- Test ACC: 0.469 -- Test F1: 0.419
2024-07-23,12:03:41 [INFO] Validation average after 5 runs -- ACC: 0.496 -- F1-score: 0.429
2024-07-23,12:03:41 [INFO] Test average after 5 runs -- ACC: 0.476 -- F1-score: 0.423
2024-07-23,12:03:41 [INFO] Finished round 6/10 of experiments!
2024-07-23,12:03:41 [INFO] Started round 7/10 of experiments!
2024-07-23,12:03:45 [INFO] Loading previous pretrained model at ./pretrained/GCN_Pretrained_2024-07-07-17-01-41.pth
2024-07-23,12:03:45 [INFO] Total number of tokens: 50
2024-07-23,12:03:46 [INFO] Pretrained GNN on Source Dataset -- Test Loss: 3.479 -- Test ACC: 0.597 -- Test F1-score: 0.571
2024-07-23,12:03:47 [INFO] Pretrained GNN on Target Dataset Without Prompting: -- Validation Loss: 4.356 -- Validation ACC: 0.512 -- Validation F1-score: 0.483 -- Test Loss: 4.375 -- Test ACC: 0.488 -- Test F1-score: 0.457
2024-07-23,12:03:47 [INFO] Epoch: 0/30 -- Train Loss: 2.960 -- Validation Loss: 3.926 -- Validation ACC: 0.512 -- Validation F1: 0.495
2024-07-23,12:03:51 [INFO] Epoch: 10/30 -- Train Loss: 1.544 -- Validation Loss: 1.458 -- Validation ACC: 0.488 -- Validation F1: 0.442
2024-07-23,12:03:56 [INFO] Epoch: 20/30 -- Train Loss: 1.245 -- Validation Loss: 1.474 -- Validation ACC: 0.476 -- Validation F1: 0.443
2024-07-23,12:03:58 [INFO] Epoch: 24/30 -- Train Loss: 1.419 -- Validation Loss: 1.510 -- Validation ACC: 0.500 -- Validation F1: 0.459
2024-07-23,12:03:59 [INFO] Epoch: 25/30 -- Train Loss: 1.139 -- Validation Loss: 1.465 -- Validation ACC: 0.500 -- Validation F1: 0.440
2024-07-23,12:03:59 [INFO] Epoch: 26/30 -- Train Loss: 1.416 -- Validation Loss: 1.491 -- Validation ACC: 0.500 -- Validation F1: 0.463
2024-07-23,12:04:00 [INFO] Epoch: 27/30 -- Train Loss: 1.357 -- Validation Loss: 1.473 -- Validation ACC: 0.512 -- Validation F1: 0.473
2024-07-23,12:04:01 [INFO] Epoch: 28/30 -- Train Loss: 1.608 -- Validation Loss: 1.441 -- Validation ACC: 0.488 -- Validation F1: 0.437
2024-07-23,12:04:01 [INFO] Epoch: 29/30 -- Train Loss: 1.170 -- Validation Loss: 1.496 -- Validation ACC: 0.500 -- Validation F1: 0.439
2024-07-23,12:04:01 [INFO] Run 0/5: Average Over Last 6 epochs -- Valid ACC: 0.5 -- Valid F1-score: 0.4518255094687144
2024-07-23,12:04:02 [INFO] Test Results of Run 0/5: -- Test Loss: 1.445 -- Test ACC: 0.503 -- Test F1: 0.443
2024-07-23,12:04:02 [INFO] Epoch: 0/30 -- Train Loss: 3.513 -- Validation Loss: 3.896 -- Validation ACC: 0.512 -- Validation F1: 0.495
2024-07-23,12:04:06 [INFO] Epoch: 10/30 -- Train Loss: 1.344 -- Validation Loss: 1.441 -- Validation ACC: 0.476 -- Validation F1: 0.426
2024-07-23,12:04:10 [INFO] Epoch: 20/30 -- Train Loss: 1.623 -- Validation Loss: 1.457 -- Validation ACC: 0.500 -- Validation F1: 0.450
2024-07-23,12:04:11 [INFO] Epoch: 24/30 -- Train Loss: 1.406 -- Validation Loss: 1.473 -- Validation ACC: 0.524 -- Validation F1: 0.486
2024-07-23,12:04:12 [INFO] Epoch: 25/30 -- Train Loss: 1.696 -- Validation Loss: 1.452 -- Validation ACC: 0.524 -- Validation F1: 0.492
2024-07-23,12:04:13 [INFO] Epoch: 26/30 -- Train Loss: 1.441 -- Validation Loss: 1.466 -- Validation ACC: 0.500 -- Validation F1: 0.470
2024-07-23,12:04:13 [INFO] Epoch: 27/30 -- Train Loss: 1.298 -- Validation Loss: 1.485 -- Validation ACC: 0.476 -- Validation F1: 0.427
2024-07-23,12:04:14 [INFO] Epoch: 28/30 -- Train Loss: 1.349 -- Validation Loss: 1.447 -- Validation ACC: 0.524 -- Validation F1: 0.483
2024-07-23,12:04:15 [INFO] Epoch: 29/30 -- Train Loss: 1.341 -- Validation Loss: 1.479 -- Validation ACC: 0.488 -- Validation F1: 0.453
2024-07-23,12:04:15 [INFO] Run 1/5: Average Over Last 6 epochs -- Valid ACC: 0.5060975609756098 -- Valid F1-score: 0.4684685568014781
2024-07-23,12:04:15 [INFO] Test Results of Run 1/5: -- Test Loss: 1.451 -- Test ACC: 0.506 -- Test F1: 0.460
2024-07-23,12:04:16 [INFO] Epoch: 0/30 -- Train Loss: 3.618 -- Validation Loss: 3.952 -- Validation ACC: 0.500 -- Validation F1: 0.482
2024-07-23,12:04:21 [INFO] Epoch: 10/30 -- Train Loss: 1.229 -- Validation Loss: 1.462 -- Validation ACC: 0.488 -- Validation F1: 0.453
2024-07-23,12:04:25 [INFO] Epoch: 20/30 -- Train Loss: 1.199 -- Validation Loss: 1.447 -- Validation ACC: 0.488 -- Validation F1: 0.437
2024-07-23,12:04:27 [INFO] Epoch: 24/30 -- Train Loss: 1.191 -- Validation Loss: 1.455 -- Validation ACC: 0.500 -- Validation F1: 0.442
2024-07-23,12:04:28 [INFO] Epoch: 25/30 -- Train Loss: 1.387 -- Validation Loss: 1.488 -- Validation ACC: 0.488 -- Validation F1: 0.434
2024-07-23,12:04:28 [INFO] Epoch: 26/30 -- Train Loss: 1.358 -- Validation Loss: 1.478 -- Validation ACC: 0.488 -- Validation F1: 0.453
2024-07-23,12:04:29 [INFO] Epoch: 27/30 -- Train Loss: 1.370 -- Validation Loss: 1.476 -- Validation ACC: 0.512 -- Validation F1: 0.479
2024-07-23,12:04:30 [INFO] Epoch: 28/30 -- Train Loss: 1.320 -- Validation Loss: 1.483 -- Validation ACC: 0.500 -- Validation F1: 0.459
2024-07-23,12:04:30 [INFO] Epoch: 29/30 -- Train Loss: 1.213 -- Validation Loss: 1.500 -- Validation ACC: 0.488 -- Validation F1: 0.449
2024-07-23,12:04:30 [INFO] Run 2/5: Average Over Last 6 epochs -- Valid ACC: 0.4959349593495935 -- Valid F1-score: 0.45261355737845105
2024-07-23,12:04:31 [INFO] Test Results of Run 2/5: -- Test Loss: 1.454 -- Test ACC: 0.492 -- Test F1: 0.433
2024-07-23,12:04:31 [INFO] Epoch: 0/30 -- Train Loss: 4.108 -- Validation Loss: 3.886 -- Validation ACC: 0.512 -- Validation F1: 0.495
2024-07-23,12:04:35 [INFO] Epoch: 10/30 -- Train Loss: 1.707 -- Validation Loss: 1.429 -- Validation ACC: 0.488 -- Validation F1: 0.434
2024-07-23,12:04:38 [INFO] Epoch: 20/30 -- Train Loss: 1.430 -- Validation Loss: 1.458 -- Validation ACC: 0.488 -- Validation F1: 0.431
2024-07-23,12:04:40 [INFO] Epoch: 24/30 -- Train Loss: 1.377 -- Validation Loss: 1.495 -- Validation ACC: 0.524 -- Validation F1: 0.463
2024-07-23,12:04:41 [INFO] Epoch: 25/30 -- Train Loss: 1.417 -- Validation Loss: 1.477 -- Validation ACC: 0.476 -- Validation F1: 0.450
2024-07-23,12:04:41 [INFO] Epoch: 26/30 -- Train Loss: 1.260 -- Validation Loss: 1.485 -- Validation ACC: 0.500 -- Validation F1: 0.443
2024-07-23,12:04:42 [INFO] Epoch: 27/30 -- Train Loss: 1.266 -- Validation Loss: 1.511 -- Validation ACC: 0.476 -- Validation F1: 0.445
2024-07-23,12:04:43 [INFO] Epoch: 28/30 -- Train Loss: 1.387 -- Validation Loss: 1.485 -- Validation ACC: 0.512 -- Validation F1: 0.479
2024-07-23,12:04:43 [INFO] Epoch: 29/30 -- Train Loss: 1.471 -- Validation Loss: 1.524 -- Validation ACC: 0.500 -- Validation F1: 0.444
2024-07-23,12:04:43 [INFO] Run 3/5: Average Over Last 6 epochs -- Valid ACC: 0.49796747967479676 -- Valid F1-score: 0.4538254290819168
2024-07-23,12:04:44 [INFO] Test Results of Run 3/5: -- Test Loss: 1.443 -- Test ACC: 0.492 -- Test F1: 0.434
2024-07-23,12:04:45 [INFO] Epoch: 0/30 -- Train Loss: 4.788 -- Validation Loss: 3.854 -- Validation ACC: 0.524 -- Validation F1: 0.507
2024-07-23,12:04:49 [INFO] Epoch: 10/30 -- Train Loss: 1.385 -- Validation Loss: 1.463 -- Validation ACC: 0.463 -- Validation F1: 0.431
2024-07-23,12:04:54 [INFO] Epoch: 20/30 -- Train Loss: 1.266 -- Validation Loss: 1.463 -- Validation ACC: 0.488 -- Validation F1: 0.431
2024-07-23,12:04:57 [INFO] Epoch: 24/30 -- Train Loss: 1.353 -- Validation Loss: 1.464 -- Validation ACC: 0.476 -- Validation F1: 0.427
2024-07-23,12:04:57 [INFO] Epoch: 25/30 -- Train Loss: 1.351 -- Validation Loss: 1.494 -- Validation ACC: 0.488 -- Validation F1: 0.454
2024-07-23,12:04:58 [INFO] Epoch: 26/30 -- Train Loss: 1.345 -- Validation Loss: 1.514 -- Validation ACC: 0.500 -- Validation F1: 0.467
2024-07-23,12:04:59 [INFO] Epoch: 27/30 -- Train Loss: 1.367 -- Validation Loss: 1.449 -- Validation ACC: 0.500 -- Validation F1: 0.466
2024-07-23,12:05:00 [INFO] Epoch: 28/30 -- Train Loss: 1.376 -- Validation Loss: 1.516 -- Validation ACC: 0.500 -- Validation F1: 0.464
2024-07-23,12:05:01 [INFO] Epoch: 29/30 -- Train Loss: 1.509 -- Validation Loss: 1.516 -- Validation ACC: 0.524 -- Validation F1: 0.482
2024-07-23,12:05:01 [INFO] Run 4/5: Average Over Last 6 epochs -- Valid ACC: 0.49796747967479676 -- Valid F1-score: 0.4599098215500514
2024-07-23,12:05:01 [INFO] Test Results of Run 4/5: -- Test Loss: 1.448 -- Test ACC: 0.500 -- Test F1: 0.453
2024-07-23,12:05:01 [INFO] Validation average after 5 runs -- ACC: 0.500 -- F1-score: 0.457
2024-07-23,12:05:01 [INFO] Test average after 5 runs -- ACC: 0.498 -- F1-score: 0.444
2024-07-23,12:05:01 [INFO] Finished round 7/10 of experiments!
2024-07-23,12:05:01 [INFO] Started round 8/10 of experiments!
2024-07-23,12:05:05 [INFO] Loading previous pretrained model at ./pretrained/GCN_Pretrained_2024-07-07-17-05-20.pth
2024-07-23,12:05:05 [INFO] Total number of tokens: 50
2024-07-23,12:05:06 [INFO] Pretrained GNN on Source Dataset -- Test Loss: 3.375 -- Test ACC: 0.634 -- Test F1-score: 0.602
2024-07-23,12:05:07 [INFO] Pretrained GNN on Target Dataset Without Prompting: -- Validation Loss: 4.173 -- Validation ACC: 0.512 -- Validation F1-score: 0.440 -- Test Loss: 4.120 -- Test ACC: 0.474 -- Test F1-score: 0.439
2024-07-23,12:05:08 [INFO] Epoch: 0/30 -- Train Loss: 3.269 -- Validation Loss: 3.415 -- Validation ACC: 0.524 -- Validation F1: 0.451
2024-07-23,12:05:12 [INFO] Epoch: 10/30 -- Train Loss: 1.618 -- Validation Loss: 1.483 -- Validation ACC: 0.512 -- Validation F1: 0.429
2024-07-23,12:05:16 [INFO] Epoch: 20/30 -- Train Loss: 1.355 -- Validation Loss: 1.396 -- Validation ACC: 0.537 -- Validation F1: 0.454
2024-07-23,12:05:18 [INFO] Epoch: 24/30 -- Train Loss: 1.391 -- Validation Loss: 1.407 -- Validation ACC: 0.537 -- Validation F1: 0.453
2024-07-23,12:05:19 [INFO] Epoch: 25/30 -- Train Loss: 1.259 -- Validation Loss: 1.386 -- Validation ACC: 0.549 -- Validation F1: 0.462
2024-07-23,12:05:19 [INFO] Epoch: 26/30 -- Train Loss: 1.224 -- Validation Loss: 1.433 -- Validation ACC: 0.524 -- Validation F1: 0.446
2024-07-23,12:05:20 [INFO] Epoch: 27/30 -- Train Loss: 1.173 -- Validation Loss: 1.398 -- Validation ACC: 0.549 -- Validation F1: 0.462
2024-07-23,12:05:21 [INFO] Epoch: 28/30 -- Train Loss: 1.436 -- Validation Loss: 1.385 -- Validation ACC: 0.537 -- Validation F1: 0.456
2024-07-23,12:05:22 [INFO] Epoch: 29/30 -- Train Loss: 1.159 -- Validation Loss: 1.422 -- Validation ACC: 0.512 -- Validation F1: 0.435
2024-07-23,12:05:22 [INFO] Run 0/5: Average Over Last 6 epochs -- Valid ACC: 0.5345528455284553 -- Valid F1-score: 0.45229101677735645
2024-07-23,12:05:22 [INFO] Test Results of Run 0/5: -- Test Loss: 1.373 -- Test ACC: 0.504 -- Test F1: 0.432
2024-07-23,12:05:23 [INFO] Epoch: 0/30 -- Train Loss: 3.217 -- Validation Loss: 3.425 -- Validation ACC: 0.549 -- Validation F1: 0.470
2024-07-23,12:05:27 [INFO] Epoch: 10/30 -- Train Loss: 1.457 -- Validation Loss: 1.481 -- Validation ACC: 0.512 -- Validation F1: 0.433
2024-07-23,12:05:31 [INFO] Epoch: 20/30 -- Train Loss: 1.223 -- Validation Loss: 1.473 -- Validation ACC: 0.512 -- Validation F1: 0.434
2024-07-23,12:05:32 [INFO] Epoch: 24/30 -- Train Loss: 1.344 -- Validation Loss: 1.378 -- Validation ACC: 0.537 -- Validation F1: 0.453
2024-07-23,12:05:33 [INFO] Epoch: 25/30 -- Train Loss: 1.469 -- Validation Loss: 1.410 -- Validation ACC: 0.512 -- Validation F1: 0.434
2024-07-23,12:05:33 [INFO] Epoch: 26/30 -- Train Loss: 1.438 -- Validation Loss: 1.423 -- Validation ACC: 0.524 -- Validation F1: 0.446
2024-07-23,12:05:34 [INFO] Epoch: 27/30 -- Train Loss: 1.340 -- Validation Loss: 1.375 -- Validation ACC: 0.524 -- Validation F1: 0.444
2024-07-23,12:05:35 [INFO] Epoch: 28/30 -- Train Loss: 1.483 -- Validation Loss: 1.428 -- Validation ACC: 0.500 -- Validation F1: 0.423
2024-07-23,12:05:35 [INFO] Epoch: 29/30 -- Train Loss: 1.124 -- Validation Loss: 1.384 -- Validation ACC: 0.537 -- Validation F1: 0.457
2024-07-23,12:05:35 [INFO] Run 1/5: Average Over Last 6 epochs -- Valid ACC: 0.5223577235772358 -- Valid F1-score: 0.44285671412944794
2024-07-23,12:05:36 [INFO] Test Results of Run 1/5: -- Test Loss: 1.364 -- Test ACC: 0.510 -- Test F1: 0.437
2024-07-23,12:05:37 [INFO] Epoch: 0/30 -- Train Loss: 2.475 -- Validation Loss: 3.476 -- Validation ACC: 0.549 -- Validation F1: 0.471
2024-07-23,12:05:41 [INFO] Epoch: 10/30 -- Train Loss: 1.662 -- Validation Loss: 1.449 -- Validation ACC: 0.512 -- Validation F1: 0.433
2024-07-23,12:05:44 [INFO] Epoch: 20/30 -- Train Loss: 1.250 -- Validation Loss: 1.462 -- Validation ACC: 0.537 -- Validation F1: 0.452
2024-07-23,12:05:46 [INFO] Epoch: 24/30 -- Train Loss: 1.583 -- Validation Loss: 1.424 -- Validation ACC: 0.512 -- Validation F1: 0.433
2024-07-23,12:05:46 [INFO] Epoch: 25/30 -- Train Loss: 1.373 -- Validation Loss: 1.389 -- Validation ACC: 0.561 -- Validation F1: 0.480
2024-07-23,12:05:47 [INFO] Epoch: 26/30 -- Train Loss: 1.296 -- Validation Loss: 1.414 -- Validation ACC: 0.512 -- Validation F1: 0.434
2024-07-23,12:05:48 [INFO] Epoch: 27/30 -- Train Loss: 1.397 -- Validation Loss: 1.421 -- Validation ACC: 0.512 -- Validation F1: 0.434
2024-07-23,12:05:48 [INFO] Epoch: 28/30 -- Train Loss: 1.463 -- Validation Loss: 1.385 -- Validation ACC: 0.524 -- Validation F1: 0.445
2024-07-23,12:05:49 [INFO] Epoch: 29/30 -- Train Loss: 1.489 -- Validation Loss: 1.424 -- Validation ACC: 0.512 -- Validation F1: 0.435
2024-07-23,12:05:49 [INFO] Run 2/5: Average Over Last 6 epochs -- Valid ACC: 0.5223577235772358 -- Valid F1-score: 0.4432002902030945
2024-07-23,12:05:49 [INFO] Test Results of Run 2/5: -- Test Loss: 1.384 -- Test ACC: 0.505 -- Test F1: 0.431
2024-07-23,12:05:50 [INFO] Epoch: 0/30 -- Train Loss: 3.809 -- Validation Loss: 3.386 -- Validation ACC: 0.512 -- Validation F1: 0.440
2024-07-23,12:05:54 [INFO] Epoch: 10/30 -- Train Loss: 1.471 -- Validation Loss: 1.452 -- Validation ACC: 0.500 -- Validation F1: 0.423
2024-07-23,12:05:58 [INFO] Epoch: 20/30 -- Train Loss: 1.504 -- Validation Loss: 1.421 -- Validation ACC: 0.537 -- Validation F1: 0.453
2024-07-23,12:05:59 [INFO] Epoch: 24/30 -- Train Loss: 1.299 -- Validation Loss: 1.388 -- Validation ACC: 0.537 -- Validation F1: 0.455
2024-07-23,12:06:00 [INFO] Epoch: 25/30 -- Train Loss: 1.288 -- Validation Loss: 1.378 -- Validation ACC: 0.524 -- Validation F1: 0.444
2024-07-23,12:06:01 [INFO] Epoch: 26/30 -- Train Loss: 1.245 -- Validation Loss: 1.410 -- Validation ACC: 0.524 -- Validation F1: 0.443
2024-07-23,12:06:01 [INFO] Epoch: 27/30 -- Train Loss: 1.180 -- Validation Loss: 1.422 -- Validation ACC: 0.512 -- Validation F1: 0.434
2024-07-23,12:06:02 [INFO] Epoch: 28/30 -- Train Loss: 1.291 -- Validation Loss: 1.382 -- Validation ACC: 0.549 -- Validation F1: 0.463
2024-07-23,12:06:02 [INFO] Epoch: 29/30 -- Train Loss: 1.224 -- Validation Loss: 1.420 -- Validation ACC: 0.512 -- Validation F1: 0.431
2024-07-23,12:06:02 [INFO] Run 3/5: Average Over Last 6 epochs -- Valid ACC: 0.5264227642276423 -- Valid F1-score: 0.4449094881614049
2024-07-23,12:06:03 [INFO] Test Results of Run 3/5: -- Test Loss: 1.388 -- Test ACC: 0.500 -- Test F1: 0.427
2024-07-23,12:06:03 [INFO] Epoch: 0/30 -- Train Loss: 3.144 -- Validation Loss: 3.488 -- Validation ACC: 0.537 -- Validation F1: 0.461
2024-07-23,12:06:07 [INFO] Epoch: 10/30 -- Train Loss: 1.379 -- Validation Loss: 1.440 -- Validation ACC: 0.549 -- Validation F1: 0.461
2024-07-23,12:06:11 [INFO] Epoch: 20/30 -- Train Loss: 1.479 -- Validation Loss: 1.423 -- Validation ACC: 0.524 -- Validation F1: 0.442
2024-07-23,12:06:12 [INFO] Epoch: 24/30 -- Train Loss: 1.090 -- Validation Loss: 1.408 -- Validation ACC: 0.537 -- Validation F1: 0.452
2024-07-23,12:06:13 [INFO] Epoch: 25/30 -- Train Loss: 1.470 -- Validation Loss: 1.434 -- Validation ACC: 0.549 -- Validation F1: 0.464
2024-07-23,12:06:14 [INFO] Epoch: 26/30 -- Train Loss: 1.380 -- Validation Loss: 1.409 -- Validation ACC: 0.549 -- Validation F1: 0.463
2024-07-23,12:06:14 [INFO] Epoch: 27/30 -- Train Loss: 1.421 -- Validation Loss: 1.406 -- Validation ACC: 0.537 -- Validation F1: 0.451
2024-07-23,12:06:15 [INFO] Epoch: 28/30 -- Train Loss: 1.208 -- Validation Loss: 1.423 -- Validation ACC: 0.537 -- Validation F1: 0.454
2024-07-23,12:06:15 [INFO] Epoch: 29/30 -- Train Loss: 1.081 -- Validation Loss: 1.402 -- Validation ACC: 0.549 -- Validation F1: 0.466
2024-07-23,12:06:15 [INFO] Run 4/5: Average Over Last 6 epochs -- Valid ACC: 0.5426829268292683 -- Valid F1-score: 0.4582715580860774
2024-07-23,12:06:16 [INFO] Test Results of Run 4/5: -- Test Loss: 1.377 -- Test ACC: 0.501 -- Test F1: 0.430
2024-07-23,12:06:16 [INFO] Validation average after 5 runs -- ACC: 0.530 -- F1-score: 0.448
2024-07-23,12:06:16 [INFO] Test average after 5 runs -- ACC: 0.504 -- F1-score: 0.432
2024-07-23,12:06:16 [INFO] Finished round 8/10 of experiments!
2024-07-23,12:06:16 [INFO] Started round 9/10 of experiments!
2024-07-23,12:06:22 [INFO] Loading previous pretrained model at ./pretrained/GCN_Pretrained_2024-07-07-17-08-59.pth
2024-07-23,12:06:22 [INFO] Total number of tokens: 50
2024-07-23,12:06:23 [INFO] Pretrained GNN on Source Dataset -- Test Loss: 3.438 -- Test ACC: 0.628 -- Test F1-score: 0.594
2024-07-23,12:06:24 [INFO] Pretrained GNN on Target Dataset Without Prompting: -- Validation Loss: 4.357 -- Validation ACC: 0.451 -- Validation F1-score: 0.379 -- Test Loss: 4.251 -- Test ACC: 0.467 -- Test F1-score: 0.431
2024-07-23,12:06:25 [INFO] Epoch: 0/30 -- Train Loss: 2.976 -- Validation Loss: 3.784 -- Validation ACC: 0.463 -- Validation F1: 0.402
2024-07-23,12:06:29 [INFO] Epoch: 10/30 -- Train Loss: 1.397 -- Validation Loss: 1.585 -- Validation ACC: 0.451 -- Validation F1: 0.394
2024-07-23,12:06:32 [INFO] Epoch: 20/30 -- Train Loss: 1.209 -- Validation Loss: 1.555 -- Validation ACC: 0.500 -- Validation F1: 0.427
2024-07-23,12:06:34 [INFO] Epoch: 24/30 -- Train Loss: 1.295 -- Validation Loss: 1.533 -- Validation ACC: 0.476 -- Validation F1: 0.400
2024-07-23,12:06:35 [INFO] Epoch: 25/30 -- Train Loss: 1.225 -- Validation Loss: 1.526 -- Validation ACC: 0.476 -- Validation F1: 0.401
2024-07-23,12:06:35 [INFO] Epoch: 26/30 -- Train Loss: 1.373 -- Validation Loss: 1.538 -- Validation ACC: 0.512 -- Validation F1: 0.433
2024-07-23,12:06:36 [INFO] Epoch: 27/30 -- Train Loss: 1.251 -- Validation Loss: 1.549 -- Validation ACC: 0.476 -- Validation F1: 0.398
2024-07-23,12:06:37 [INFO] Epoch: 28/30 -- Train Loss: 1.570 -- Validation Loss: 1.541 -- Validation ACC: 0.488 -- Validation F1: 0.411
2024-07-23,12:06:37 [INFO] Epoch: 29/30 -- Train Loss: 1.174 -- Validation Loss: 1.581 -- Validation ACC: 0.439 -- Validation F1: 0.377
2024-07-23,12:06:37 [INFO] Run 0/5: Average Over Last 6 epochs -- Valid ACC: 0.4776422764227642 -- Valid F1-score: 0.4035669267177582
2024-07-23,12:06:38 [INFO] Test Results of Run 0/5: -- Test Loss: 1.499 -- Test ACC: 0.491 -- Test F1: 0.438
2024-07-23,12:06:38 [INFO] Epoch: 0/30 -- Train Loss: 2.290 -- Validation Loss: 3.861 -- Validation ACC: 0.463 -- Validation F1: 0.402
2024-07-23,12:06:42 [INFO] Epoch: 10/30 -- Train Loss: 1.352 -- Validation Loss: 1.579 -- Validation ACC: 0.488 -- Validation F1: 0.416
2024-07-23,12:06:46 [INFO] Epoch: 20/30 -- Train Loss: 1.372 -- Validation Loss: 1.557 -- Validation ACC: 0.488 -- Validation F1: 0.411
2024-07-23,12:06:48 [INFO] Epoch: 24/30 -- Train Loss: 1.145 -- Validation Loss: 1.566 -- Validation ACC: 0.451 -- Validation F1: 0.392
2024-07-23,12:06:48 [INFO] Epoch: 25/30 -- Train Loss: 1.500 -- Validation Loss: 1.543 -- Validation ACC: 0.500 -- Validation F1: 0.419
2024-07-23,12:06:49 [INFO] Epoch: 26/30 -- Train Loss: 1.288 -- Validation Loss: 1.536 -- Validation ACC: 0.524 -- Validation F1: 0.440
2024-07-23,12:06:50 [INFO] Epoch: 27/30 -- Train Loss: 1.417 -- Validation Loss: 1.541 -- Validation ACC: 0.476 -- Validation F1: 0.397
2024-07-23,12:06:50 [INFO] Epoch: 28/30 -- Train Loss: 1.304 -- Validation Loss: 1.547 -- Validation ACC: 0.488 -- Validation F1: 0.417
2024-07-23,12:06:51 [INFO] Epoch: 29/30 -- Train Loss: 1.416 -- Validation Loss: 1.537 -- Validation ACC: 0.500 -- Validation F1: 0.419
2024-07-23,12:06:51 [INFO] Run 1/5: Average Over Last 6 epochs -- Valid ACC: 0.4898373983739837 -- Valid F1-score: 0.414171243707339
2024-07-23,12:06:51 [INFO] Test Results of Run 1/5: -- Test Loss: 1.470 -- Test ACC: 0.497 -- Test F1: 0.443
2024-07-23,12:06:52 [INFO] Epoch: 0/30 -- Train Loss: 3.514 -- Validation Loss: 3.814 -- Validation ACC: 0.463 -- Validation F1: 0.401
2024-07-23,12:06:57 [INFO] Epoch: 10/30 -- Train Loss: 1.593 -- Validation Loss: 1.556 -- Validation ACC: 0.500 -- Validation F1: 0.428
2024-07-23,12:07:01 [INFO] Epoch: 20/30 -- Train Loss: 1.403 -- Validation Loss: 1.548 -- Validation ACC: 0.488 -- Validation F1: 0.413
2024-07-23,12:07:03 [INFO] Epoch: 24/30 -- Train Loss: 1.277 -- Validation Loss: 1.525 -- Validation ACC: 0.488 -- Validation F1: 0.414
2024-07-23,12:07:04 [INFO] Epoch: 25/30 -- Train Loss: 1.445 -- Validation Loss: 1.537 -- Validation ACC: 0.476 -- Validation F1: 0.403
2024-07-23,12:07:04 [INFO] Epoch: 26/30 -- Train Loss: 1.318 -- Validation Loss: 1.532 -- Validation ACC: 0.500 -- Validation F1: 0.422
2024-07-23,12:07:05 [INFO] Epoch: 27/30 -- Train Loss: 1.150 -- Validation Loss: 1.537 -- Validation ACC: 0.476 -- Validation F1: 0.403
2024-07-23,12:07:05 [INFO] Epoch: 28/30 -- Train Loss: 1.378 -- Validation Loss: 1.538 -- Validation ACC: 0.476 -- Validation F1: 0.401
2024-07-23,12:07:06 [INFO] Epoch: 29/30 -- Train Loss: 1.498 -- Validation Loss: 1.527 -- Validation ACC: 0.476 -- Validation F1: 0.403
2024-07-23,12:07:06 [INFO] Run 2/5: Average Over Last 6 epochs -- Valid ACC: 0.4817073170731707 -- Valid F1-score: 0.40752386053403217
2024-07-23,12:07:07 [INFO] Test Results of Run 2/5: -- Test Loss: 1.477 -- Test ACC: 0.492 -- Test F1: 0.446
2024-07-23,12:07:07 [INFO] Epoch: 0/30 -- Train Loss: 3.615 -- Validation Loss: 3.781 -- Validation ACC: 0.451 -- Validation F1: 0.393
2024-07-23,12:07:11 [INFO] Epoch: 10/30 -- Train Loss: 1.517 -- Validation Loss: 1.557 -- Validation ACC: 0.463 -- Validation F1: 0.401
2024-07-23,12:07:15 [INFO] Epoch: 20/30 -- Train Loss: 1.334 -- Validation Loss: 1.537 -- Validation ACC: 0.500 -- Validation F1: 0.426
2024-07-23,12:07:17 [INFO] Epoch: 24/30 -- Train Loss: 1.372 -- Validation Loss: 1.541 -- Validation ACC: 0.488 -- Validation F1: 0.420
2024-07-23,12:07:18 [INFO] Epoch: 25/30 -- Train Loss: 1.353 -- Validation Loss: 1.531 -- Validation ACC: 0.476 -- Validation F1: 0.403
2024-07-23,12:07:19 [INFO] Epoch: 26/30 -- Train Loss: 1.191 -- Validation Loss: 1.534 -- Validation ACC: 0.500 -- Validation F1: 0.427
2024-07-23,12:07:19 [INFO] Epoch: 27/30 -- Train Loss: 1.153 -- Validation Loss: 1.547 -- Validation ACC: 0.488 -- Validation F1: 0.419
2024-07-23,12:07:20 [INFO] Epoch: 28/30 -- Train Loss: 1.373 -- Validation Loss: 1.541 -- Validation ACC: 0.524 -- Validation F1: 0.440
2024-07-23,12:07:20 [INFO] Epoch: 29/30 -- Train Loss: 1.099 -- Validation Loss: 1.561 -- Validation ACC: 0.476 -- Validation F1: 0.405
2024-07-23,12:07:20 [INFO] Run 3/5: Average Over Last 6 epochs -- Valid ACC: 0.491869918699187 -- Valid F1-score: 0.4187896052996318
2024-07-23,12:07:21 [INFO] Test Results of Run 3/5: -- Test Loss: 1.477 -- Test ACC: 0.480 -- Test F1: 0.433
2024-07-23,12:07:22 [INFO] Epoch: 0/30 -- Train Loss: 2.747 -- Validation Loss: 3.771 -- Validation ACC: 0.463 -- Validation F1: 0.402
2024-07-23,12:07:26 [INFO] Epoch: 10/30 -- Train Loss: 1.486 -- Validation Loss: 1.579 -- Validation ACC: 0.463 -- Validation F1: 0.390
2024-07-23,12:07:29 [INFO] Epoch: 20/30 -- Train Loss: 1.362 -- Validation Loss: 1.560 -- Validation ACC: 0.488 -- Validation F1: 0.412
2024-07-23,12:07:31 [INFO] Epoch: 24/30 -- Train Loss: 1.268 -- Validation Loss: 1.538 -- Validation ACC: 0.476 -- Validation F1: 0.396
2024-07-23,12:07:32 [INFO] Epoch: 25/30 -- Train Loss: 1.331 -- Validation Loss: 1.549 -- Validation ACC: 0.476 -- Validation F1: 0.403
2024-07-23,12:07:32 [INFO] Epoch: 26/30 -- Train Loss: 1.494 -- Validation Loss: 1.544 -- Validation ACC: 0.476 -- Validation F1: 0.403
2024-07-23,12:07:33 [INFO] Epoch: 27/30 -- Train Loss: 1.484 -- Validation Loss: 1.542 -- Validation ACC: 0.463 -- Validation F1: 0.386
2024-07-23,12:07:34 [INFO] Epoch: 28/30 -- Train Loss: 1.258 -- Validation Loss: 1.554 -- Validation ACC: 0.476 -- Validation F1: 0.411
2024-07-23,12:07:35 [INFO] Epoch: 29/30 -- Train Loss: 1.374 -- Validation Loss: 1.512 -- Validation ACC: 0.500 -- Validation F1: 0.421
2024-07-23,12:07:35 [INFO] Run 4/5: Average Over Last 6 epochs -- Valid ACC: 0.4776422764227642 -- Valid F1-score: 0.4031487504641215
2024-07-23,12:07:36 [INFO] Test Results of Run 4/5: -- Test Loss: 1.463 -- Test ACC: 0.493 -- Test F1: 0.442
2024-07-23,12:07:36 [INFO] Validation average after 5 runs -- ACC: 0.484 -- F1-score: 0.409
2024-07-23,12:07:36 [INFO] Test average after 5 runs -- ACC: 0.491 -- F1-score: 0.441
2024-07-23,12:07:36 [INFO] Finished round 9/10 of experiments!
2024-07-23,12:07:36 [INFO] Final results: -- Source Test Acc: 0.619 -- Source Test F1: 0.583 -- Target Valid Acc: 0.473 -- Target Valid F1: 0.427 -- Target Test Acc: 0.478 -- Target Test F1: 0.444 -- Prompt Test Acc: 0.497 -- Prompt Valid Acc: 0.482 -- Prompt Test F1: 0.436 -- Prompt Valid F1: 0.415
2024-07-23,12:07:36 [INFO] List of important configs: 
2024-07-23,12:07:36 [INFO] prompt_method: all_in_one_original
2024-07-23,12:07:36 [INFO] shift_type: structural
2024-07-23,12:07:36 [INFO] attn_with_param: False
2024-07-23,12:07:36 [INFO] w_entropy_loss: 0.0
2024-07-23,12:07:36 [INFO] w_softmax_loss: 0.0
2024-07-23,12:07:36 [INFO] w_domain_loss: 0.0
2024-07-23,12:07:36 [INFO] weight_decay: 0.0
2024-07-23,12:07:36 [INFO] n_epochs: 30
2024-07-23,12:07:36 [INFO] lr: 0.001
2024-07-23,12:07:36 [INFO] batch_size: 64
2024-07-23,12:07:36 [INFO] num_tokens: 50
2024-07-23,12:07:36 [INFO] dropout: 0.3
2024-07-23,12:07:36 [INFO] cut_off: 0.5
2024-07-23,12:07:36 [INFO] light_aug_prob: 0.1
2024-07-23,12:07:36 [INFO] light_aug_mode: mask
2024-07-23,12:07:36 [INFO] pos_aug_mode: mask
2024-07-23,12:07:36 [INFO] noise_shift_mode: homophily
2024-07-23,12:07:36 [INFO] p_raug: 0.15
2024-07-23,12:07:36 [INFO] label_reduction: 0.0
2024-07-23,12:07:36 [INFO] Pretrained modela are saved to: ./pretrained/GCN_Pretrained_2024-07-07-16-36-16.pth ./pretrained/GCN_Pretrained_2024-07-07-16-39-48.pth ./pretrained/GCN_Pretrained_2024-07-07-16-43-27.pth ./pretrained/GCN_Pretrained_2024-07-07-16-47-07.pth ./pretrained/GCN_Pretrained_2024-07-07-16-50-48.pth ./pretrained/GCN_Pretrained_2024-07-07-16-54-26.pth ./pretrained/GCN_Pretrained_2024-07-07-16-58-05.pth ./pretrained/GCN_Pretrained_2024-07-07-17-01-41.pth ./pretrained/GCN_Pretrained_2024-07-07-17-05-20.pth ./pretrained/GCN_Pretrained_2024-07-07-17-08-59.pth
