2024-07-17,04:18:14 [INFO] Logging to: ./log/2024-07-17-04-18-14.log
2024-07-17,04:18:14 [INFO] Reading config from: ./config/dhfr.yaml
2024-07-17,04:18:14 [INFO] Namespace(total_iters=10, prompt_method='flex_match', s_dataset='DHFR', t_dataset='DHFR', prompt_fn='gpf_plus', shift_type='structural', p_shift_intra=0.0, p_shift_inter=0.0, pretrain=True, save_pretrained=False, soft_label=False, add_link_loss=False, attn_with_param=False, empty_pretrained_dir=False, iterative_clustering=False, clutering_iters=3, entropy_div_ratio=3, w_entropy_loss=0.0, w_softmax_loss=0.0, w_domain_loss=0.0, r_reg=0.0, gnn_weight_decay=0.0, weight_decay=0.1, gnn_type='gcn', gnn_num_layers=3, pretrained_path=['./pretrained/GCN_Pretrained_2024-07-01-14-54-05.pth', './pretrained/GCN_Pretrained_2024-07-01-14-56-23.pth', './pretrained/GCN_Pretrained_2024-07-01-14-58-41.pth', './pretrained/GCN_Pretrained_2024-07-01-15-00-59.pth', './pretrained/GCN_Pretrained_2024-07-01-15-03-17.pth', './pretrained/GCN_Pretrained_2024-07-01-15-05-37.pth', './pretrained/GCN_Pretrained_2024-07-01-15-07-56.pth', './pretrained/GCN_Pretrained_2024-07-01-15-10-20.pth', './pretrained/GCN_Pretrained_2024-07-01-15-12-47.pth', './pretrained/GCN_Pretrained_2024-07-01-15-15-13.pth'], gnn_n_epochs=100, gnn_eval_step=10, gnn_h_dim=512, gnn_lr=0.01, gnn_step_size=50, gnn_gamma=0.5, gnn_batch_size=64, gnn_dropout=0.4, n_epochs=30, eval_step=10, h_dim=512, lr=0.01, step_size=50, gamma=0.5, batch_size=64, num_tokens=50, src_ratio=0.5, dropout=0.3, cut_off=0.5, aug_type='feature', light_aug_prob=0.1, light_aug_mode='mask', pos_aug_mode='mask', neg_aug_mode='arbitrary', noise_cov_scale=1.0, noise_mean_shift=1.0, noise_shift_mode='homophily', noise_select_mode='soft', cross_prune=0.8, inner_prune=0.3, num_runs=5, p_raug=0.15, n_raug=0.15, s_split=[0.65, 0.3], t_split=[0.65, 0.3], seed=[1676, 3733, 3589, 4867, 2980, 1142, 3035, 4432, 4672, 4010], config_from_file='./config/dhfr.yaml', config_to_file='', label_reduction=0.0)
2024-07-17,04:18:14 [INFO] ####################################################################################################
2024-07-17,04:18:14 [INFO] Args seeds: [1676, 3733, 3589, 4867, 2980, 1142, 3035, 4432, 4672, 4010]
2024-07-17,04:18:14 [INFO] Source Dataset: DHFR, Target Dataset: DHFR. Training, Test: Source: [0.65, 0.3], Target: [0.65, 0.3] -- Batch size: 64
2024-07-17,04:18:14 [INFO] All input pretrained paths: ['./pretrained/GCN_Pretrained_2024-07-01-14-54-05.pth', './pretrained/GCN_Pretrained_2024-07-01-14-56-23.pth', './pretrained/GCN_Pretrained_2024-07-01-14-58-41.pth', './pretrained/GCN_Pretrained_2024-07-01-15-00-59.pth', './pretrained/GCN_Pretrained_2024-07-01-15-03-17.pth', './pretrained/GCN_Pretrained_2024-07-01-15-05-37.pth', './pretrained/GCN_Pretrained_2024-07-01-15-07-56.pth', './pretrained/GCN_Pretrained_2024-07-01-15-10-20.pth', './pretrained/GCN_Pretrained_2024-07-01-15-12-47.pth', './pretrained/GCN_Pretrained_2024-07-01-15-15-13.pth']
2024-07-17,04:18:14 [INFO] Started round 0/10 of experiments!
2024-07-17,04:18:15 [INFO] Setting for pretraining: Model: {'gnn_type': 'gcn', 'in_channels': 56, 'hidden_channels': 512, 'out_channels': 2, 'num_layers': 3, 'dropout': 0.4, 'with_bn': False, 'with_head': True} -- Optimizer: {'lr': 0.01, 'scheduler_step_size': 50, 'scheduler_gamma': 0.5, 'weight_decay': 0.0} -- Training: {'n_epochs': 100}
2024-07-17,04:18:15 [INFO] Loading previous pretrained model at ./pretrained/GCN_Pretrained_2024-07-01-14-54-05.pth
2024-07-17,04:18:15 [INFO] Prompting method: flex_match -- Setting: Prompting function: gpf_plus -- Target Dataset: DHFR
2024-07-17,04:18:15 [INFO] Setting for prompt tuning: Prompt: {'emb_dim': 56, 'h_dim': 512, 'output_dim': 56, 'prompt_fn': 'gpf_plus', 'token_num': 50, 'cross_prune': 0.8, 'inner_prune': 0.3, 'attn_with_param': False} -- Pretrained Model: {'gnn_type': 'gcn', 'in_channels': 56, 'hidden_channels': 512, 'out_channels': 2, 'num_layers': 3, 'dropout': 0.4, 'with_bn': False, 'with_head': True} -- Optimizer: {'lr': 0.01, 'scheduler_step_size': 50, 'scheduler_gamma': 0.5, 'weight_decay': 0.1} -- Training: {'aug_type': 'feature', 'pos_aug_mode': 'mask', 'p_raug': 0.15, 'n_epochs': 30, 'r_reg': 0.0, 'soft_label': False, 'clutering_iters': 3, 'iterative_clustering': False, 'entropy_div_ratio': 3, 'w_entropy_loss': 0.0, 'w_softmax_loss': 0.0, 'w_domain_loss': 0.0, 'light_aug_prob': 0.1, 'light_aug_mode': 'mask', 'num_classes': 2, 'cut_off': 0.5}
2024-07-17,04:18:15 [INFO] Prompt tuning started: Num runs: 5 -- Eval step: 10
2024-07-17,04:18:15 [INFO] Pretrained GNN on Source Dataset -- Test Loss: 0.863 -- Test ACC: 0.661 -- Test F1-score: 0.702
2024-07-17,04:18:16 [INFO] Pretrained GNN on Target Dataset Without Prompting: -- Validation Loss: 0.762 -- Validation ACC: 0.611 -- Validation F1-score: 0.667 -- Test Loss: 0.711 -- Test ACC: 0.774 -- Test F1-score: 0.803
2024-07-17,04:18:17 [INFO] Epoch: 0/30 -- Train Loss: 0.977 -- Validation Loss: 0.680 -- Validation ACC: 0.611 -- Validation F1: 0.696
2024-07-17,04:18:21 [INFO] Epoch: 10/30 -- Train Loss: 0.431 -- Validation Loss: 0.805 -- Validation ACC: 0.556 -- Validation F1: 0.600
2024-07-17,04:18:26 [INFO] Epoch: 20/30 -- Train Loss: 0.121 -- Validation Loss: 0.671 -- Validation ACC: 0.722 -- Validation F1: 0.783
2024-07-17,04:18:28 [INFO] Epoch: 24/30 -- Train Loss: 0.372 -- Validation Loss: 0.639 -- Validation ACC: 0.722 -- Validation F1: 0.783
2024-07-17,04:18:29 [INFO] Epoch: 25/30 -- Train Loss: 0.121 -- Validation Loss: 0.776 -- Validation ACC: 0.611 -- Validation F1: 0.667
2024-07-17,04:18:30 [INFO] Epoch: 26/30 -- Train Loss: 0.084 -- Validation Loss: 0.966 -- Validation ACC: 0.444 -- Validation F1: 0.444
2024-07-17,04:18:31 [INFO] Epoch: 27/30 -- Train Loss: 1.005 -- Validation Loss: 1.005 -- Validation ACC: 0.444 -- Validation F1: 0.444
2024-07-17,04:18:32 [INFO] Epoch: 28/30 -- Train Loss: 0.024 -- Validation Loss: 0.923 -- Validation ACC: 0.444 -- Validation F1: 0.444
2024-07-17,04:18:33 [INFO] Epoch: 29/30 -- Train Loss: 0.508 -- Validation Loss: 0.837 -- Validation ACC: 0.556 -- Validation F1: 0.600
2024-07-17,04:18:33 [INFO] Run 0/5: Average Over Last 6 epochs -- Valid ACC: 0.5370370370370371 -- Valid F1-score: 0.5637681235869726
2024-07-17,04:18:33 [INFO] Test Results of Run 0/5: -- Test Loss: 0.766 -- Test ACC: 0.774 -- Test F1: 0.803
2024-07-17,04:18:34 [INFO] Epoch: 0/30 -- Train Loss: 0.200 -- Validation Loss: 0.869 -- Validation ACC: 0.500 -- Validation F1: 0.526
2024-07-17,04:18:41 [INFO] Epoch: 10/30 -- Train Loss: 0.010 -- Validation Loss: 0.627 -- Validation ACC: 0.556 -- Validation F1: 0.636
2024-07-17,04:18:47 [INFO] Epoch: 20/30 -- Train Loss: 0.105 -- Validation Loss: 0.741 -- Validation ACC: 0.611 -- Validation F1: 0.667
2024-07-17,04:18:50 [INFO] Epoch: 24/30 -- Train Loss: 0.723 -- Validation Loss: 0.543 -- Validation ACC: 0.667 -- Validation F1: 0.750
2024-07-17,04:18:51 [INFO] Epoch: 25/30 -- Train Loss: 0.316 -- Validation Loss: 0.590 -- Validation ACC: 0.556 -- Validation F1: 0.636
2024-07-17,04:18:52 [INFO] Epoch: 26/30 -- Train Loss: 0.380 -- Validation Loss: 0.686 -- Validation ACC: 0.611 -- Validation F1: 0.667
2024-07-17,04:18:53 [INFO] Epoch: 27/30 -- Train Loss: 0.253 -- Validation Loss: 0.784 -- Validation ACC: 0.556 -- Validation F1: 0.600
2024-07-17,04:18:54 [INFO] Epoch: 28/30 -- Train Loss: 0.534 -- Validation Loss: 0.901 -- Validation ACC: 0.500 -- Validation F1: 0.526
2024-07-17,04:18:55 [INFO] Epoch: 29/30 -- Train Loss: 0.076 -- Validation Loss: 0.961 -- Validation ACC: 0.500 -- Validation F1: 0.526
2024-07-17,04:18:55 [INFO] Run 1/5: Average Over Last 6 epochs -- Valid ACC: 0.5648148148148149 -- Valid F1-score: 0.6176103254159292
2024-07-17,04:18:55 [INFO] Test Results of Run 1/5: -- Test Loss: 0.799 -- Test ACC: 0.748 -- Test F1: 0.775
2024-07-17,04:18:56 [INFO] Epoch: 0/30 -- Train Loss: 0.024 -- Validation Loss: 0.542 -- Validation ACC: 0.667 -- Validation F1: 0.750
2024-07-17,04:19:03 [INFO] Epoch: 10/30 -- Train Loss: 0.176 -- Validation Loss: 0.707 -- Validation ACC: 0.611 -- Validation F1: 0.667
2024-07-17,04:19:10 [INFO] Epoch: 20/30 -- Train Loss: 0.046 -- Validation Loss: 0.972 -- Validation ACC: 0.444 -- Validation F1: 0.444
2024-07-17,04:19:13 [INFO] Epoch: 24/30 -- Train Loss: 0.046 -- Validation Loss: 1.063 -- Validation ACC: 0.444 -- Validation F1: 0.444
2024-07-17,04:19:14 [INFO] Epoch: 25/30 -- Train Loss: 0.179 -- Validation Loss: 0.920 -- Validation ACC: 0.500 -- Validation F1: 0.526
2024-07-17,04:19:15 [INFO] Epoch: 26/30 -- Train Loss: 0.248 -- Validation Loss: 0.746 -- Validation ACC: 0.556 -- Validation F1: 0.600
2024-07-17,04:19:16 [INFO] Epoch: 27/30 -- Train Loss: 0.401 -- Validation Loss: 0.764 -- Validation ACC: 0.556 -- Validation F1: 0.600
2024-07-17,04:19:17 [INFO] Epoch: 28/30 -- Train Loss: 0.112 -- Validation Loss: 0.872 -- Validation ACC: 0.500 -- Validation F1: 0.526
2024-07-17,04:19:18 [INFO] Epoch: 29/30 -- Train Loss: 0.002 -- Validation Loss: 1.027 -- Validation ACC: 0.444 -- Validation F1: 0.444
2024-07-17,04:19:18 [INFO] Run 2/5: Average Over Last 6 epochs -- Valid ACC: 0.5 -- Valid F1-score: 0.523586759964625
2024-07-17,04:19:18 [INFO] Test Results of Run 2/5: -- Test Loss: 0.833 -- Test ACC: 0.730 -- Test F1: 0.756
2024-07-17,04:19:19 [INFO] Epoch: 0/30 -- Train Loss: 0.710 -- Validation Loss: 0.846 -- Validation ACC: 0.667 -- Validation F1: 0.727
2024-07-17,04:19:26 [INFO] Epoch: 10/30 -- Train Loss: 0.095 -- Validation Loss: 0.565 -- Validation ACC: 0.722 -- Validation F1: 0.783
2024-07-17,04:19:33 [INFO] Epoch: 20/30 -- Train Loss: 0.179 -- Validation Loss: 0.730 -- Validation ACC: 0.556 -- Validation F1: 0.600
2024-07-17,04:19:36 [INFO] Epoch: 24/30 -- Train Loss: 0.094 -- Validation Loss: 0.705 -- Validation ACC: 0.556 -- Validation F1: 0.600
2024-07-17,04:19:37 [INFO] Epoch: 25/30 -- Train Loss: 0.579 -- Validation Loss: 0.636 -- Validation ACC: 0.556 -- Validation F1: 0.600
2024-07-17,04:19:38 [INFO] Epoch: 26/30 -- Train Loss: 0.283 -- Validation Loss: 0.597 -- Validation ACC: 0.611 -- Validation F1: 0.667
2024-07-17,04:19:39 [INFO] Epoch: 27/30 -- Train Loss: 0.050 -- Validation Loss: 0.520 -- Validation ACC: 0.667 -- Validation F1: 0.750
2024-07-17,04:19:40 [INFO] Epoch: 28/30 -- Train Loss: 0.081 -- Validation Loss: 0.502 -- Validation ACC: 0.667 -- Validation F1: 0.750
2024-07-17,04:19:41 [INFO] Epoch: 29/30 -- Train Loss: 0.043 -- Validation Loss: 0.508 -- Validation ACC: 0.722 -- Validation F1: 0.783
2024-07-17,04:19:41 [INFO] Run 3/5: Average Over Last 6 epochs -- Valid ACC: 0.6296296296296297 -- Valid F1-score: 0.6915459036827087
2024-07-17,04:19:41 [INFO] Test Results of Run 3/5: -- Test Loss: 0.632 -- Test ACC: 0.783 -- Test F1: 0.823
2024-07-17,04:19:42 [INFO] Epoch: 0/30 -- Train Loss: 0.384 -- Validation Loss: 0.708 -- Validation ACC: 0.611 -- Validation F1: 0.667
2024-07-17,04:19:48 [INFO] Epoch: 10/30 -- Train Loss: 0.719 -- Validation Loss: 1.139 -- Validation ACC: 0.389 -- Validation F1: 0.353
2024-07-17,04:19:55 [INFO] Epoch: 20/30 -- Train Loss: 0.325 -- Validation Loss: 0.611 -- Validation ACC: 0.722 -- Validation F1: 0.783
2024-07-17,04:19:58 [INFO] Epoch: 24/30 -- Train Loss: 0.811 -- Validation Loss: 1.025 -- Validation ACC: 0.444 -- Validation F1: 0.444
2024-07-17,04:19:59 [INFO] Epoch: 25/30 -- Train Loss: 0.408 -- Validation Loss: 1.126 -- Validation ACC: 0.389 -- Validation F1: 0.353
2024-07-17,04:20:00 [INFO] Epoch: 26/30 -- Train Loss: 1.226 -- Validation Loss: 1.057 -- Validation ACC: 0.389 -- Validation F1: 0.353
2024-07-17,04:20:01 [INFO] Epoch: 27/30 -- Train Loss: 0.541 -- Validation Loss: 0.863 -- Validation ACC: 0.444 -- Validation F1: 0.444
2024-07-17,04:20:02 [INFO] Epoch: 28/30 -- Train Loss: 0.362 -- Validation Loss: 0.796 -- Validation ACC: 0.556 -- Validation F1: 0.600
2024-07-17,04:20:03 [INFO] Epoch: 29/30 -- Train Loss: 0.671 -- Validation Loss: 0.770 -- Validation ACC: 0.611 -- Validation F1: 0.667
2024-07-17,04:20:03 [INFO] Run 4/5: Average Over Last 6 epochs -- Valid ACC: 0.47222222222222227 -- Valid F1-score: 0.47690632939338684
2024-07-17,04:20:03 [INFO] Test Results of Run 4/5: -- Test Loss: 0.737 -- Test ACC: 0.774 -- Test F1: 0.803
2024-07-17,04:20:03 [INFO] Validation average after 5 runs -- ACC: 0.541 -- F1-score: 0.575
2024-07-17,04:20:03 [INFO] Test average after 5 runs -- ACC: 0.762 -- F1-score: 0.792
2024-07-17,04:20:03 [INFO] Finished round 0/10 of experiments!
2024-07-17,04:20:03 [INFO] Started round 1/10 of experiments!
2024-07-17,04:20:04 [INFO] Loading previous pretrained model at ./pretrained/GCN_Pretrained_2024-07-01-14-56-23.pth
2024-07-17,04:20:04 [INFO] Pretrained GNN on Source Dataset -- Test Loss: 0.964 -- Test ACC: 0.739 -- Test F1-score: 0.758
2024-07-17,04:20:05 [INFO] Pretrained GNN on Target Dataset Without Prompting: -- Validation Loss: 1.277 -- Validation ACC: 0.667 -- Validation F1-score: 0.769 -- Test Loss: 1.529 -- Test ACC: 0.643 -- Test F1-score: 0.713
2024-07-17,04:20:05 [INFO] Epoch: 0/30 -- Train Loss: 0.079 -- Validation Loss: 1.676 -- Validation ACC: 0.667 -- Validation F1: 0.800
2024-07-17,04:20:13 [INFO] Epoch: 10/30 -- Train Loss: 1.418 -- Validation Loss: 1.293 -- Validation ACC: 0.667 -- Validation F1: 0.769
2024-07-17,04:20:20 [INFO] Epoch: 20/30 -- Train Loss: 0.333 -- Validation Loss: 1.214 -- Validation ACC: 0.667 -- Validation F1: 0.769
2024-07-17,04:20:23 [INFO] Epoch: 24/30 -- Train Loss: 0.011 -- Validation Loss: 1.284 -- Validation ACC: 0.667 -- Validation F1: 0.769
2024-07-17,04:20:24 [INFO] Epoch: 25/30 -- Train Loss: 0.723 -- Validation Loss: 1.308 -- Validation ACC: 0.667 -- Validation F1: 0.769
2024-07-17,04:20:25 [INFO] Epoch: 26/30 -- Train Loss: 0.238 -- Validation Loss: 1.337 -- Validation ACC: 0.667 -- Validation F1: 0.786
2024-07-17,04:20:26 [INFO] Epoch: 27/30 -- Train Loss: 0.041 -- Validation Loss: 1.356 -- Validation ACC: 0.667 -- Validation F1: 0.786
2024-07-17,04:20:27 [INFO] Epoch: 28/30 -- Train Loss: 0.398 -- Validation Loss: 1.361 -- Validation ACC: 0.667 -- Validation F1: 0.786
2024-07-17,04:20:28 [INFO] Epoch: 29/30 -- Train Loss: 0.030 -- Validation Loss: 1.355 -- Validation ACC: 0.667 -- Validation F1: 0.786
2024-07-17,04:20:28 [INFO] Run 0/5: Average Over Last 6 epochs -- Valid ACC: 0.6666666666666666 -- Valid F1-score: 0.7802197734514872
2024-07-17,04:20:28 [INFO] Test Results of Run 0/5: -- Test Loss: 1.542 -- Test ACC: 0.670 -- Test F1: 0.747
2024-07-17,04:20:29 [INFO] Epoch: 0/30 -- Train Loss: 0.336 -- Validation Loss: 1.343 -- Validation ACC: 0.667 -- Validation F1: 0.769
2024-07-17,04:20:37 [INFO] Epoch: 10/30 -- Train Loss: 0.031 -- Validation Loss: 1.393 -- Validation ACC: 0.667 -- Validation F1: 0.800
2024-07-17,04:20:44 [INFO] Epoch: 20/30 -- Train Loss: 0.019 -- Validation Loss: 1.208 -- Validation ACC: 0.778 -- Validation F1: 0.867
2024-07-17,04:20:47 [INFO] Epoch: 24/30 -- Train Loss: 0.278 -- Validation Loss: 1.159 -- Validation ACC: 0.667 -- Validation F1: 0.769
2024-07-17,04:20:48 [INFO] Epoch: 25/30 -- Train Loss: 0.114 -- Validation Loss: 1.151 -- Validation ACC: 0.667 -- Validation F1: 0.769
2024-07-17,04:20:49 [INFO] Epoch: 26/30 -- Train Loss: 0.239 -- Validation Loss: 1.160 -- Validation ACC: 0.667 -- Validation F1: 0.769
2024-07-17,04:20:50 [INFO] Epoch: 27/30 -- Train Loss: 0.167 -- Validation Loss: 1.193 -- Validation ACC: 0.722 -- Validation F1: 0.815
2024-07-17,04:20:51 [INFO] Epoch: 28/30 -- Train Loss: 0.151 -- Validation Loss: 1.238 -- Validation ACC: 0.722 -- Validation F1: 0.828
2024-07-17,04:20:52 [INFO] Epoch: 29/30 -- Train Loss: 0.203 -- Validation Loss: 1.279 -- Validation ACC: 0.722 -- Validation F1: 0.828
2024-07-17,04:20:52 [INFO] Run 1/5: Average Over Last 6 epochs -- Valid ACC: 0.6944444444444445 -- Valid F1-score: 0.7962799370288849
2024-07-17,04:20:52 [INFO] Test Results of Run 1/5: -- Test Loss: 1.651 -- Test ACC: 0.670 -- Test F1: 0.762
2024-07-17,04:20:53 [INFO] Epoch: 0/30 -- Train Loss: 0.025 -- Validation Loss: 1.343 -- Validation ACC: 0.667 -- Validation F1: 0.786
2024-07-17,04:21:00 [INFO] Epoch: 10/30 -- Train Loss: 0.021 -- Validation Loss: 1.305 -- Validation ACC: 0.722 -- Validation F1: 0.828
2024-07-17,04:21:08 [INFO] Epoch: 20/30 -- Train Loss: 0.071 -- Validation Loss: 1.301 -- Validation ACC: 0.667 -- Validation F1: 0.769
2024-07-17,04:21:11 [INFO] Epoch: 24/30 -- Train Loss: 0.252 -- Validation Loss: 1.285 -- Validation ACC: 0.667 -- Validation F1: 0.800
2024-07-17,04:21:12 [INFO] Epoch: 25/30 -- Train Loss: 0.171 -- Validation Loss: 1.321 -- Validation ACC: 0.667 -- Validation F1: 0.800
2024-07-17,04:21:13 [INFO] Epoch: 26/30 -- Train Loss: 1.026 -- Validation Loss: 1.344 -- Validation ACC: 0.667 -- Validation F1: 0.800
2024-07-17,04:21:14 [INFO] Epoch: 27/30 -- Train Loss: 0.552 -- Validation Loss: 1.294 -- Validation ACC: 0.667 -- Validation F1: 0.800
2024-07-17,04:21:15 [INFO] Epoch: 28/30 -- Train Loss: 0.519 -- Validation Loss: 1.239 -- Validation ACC: 0.722 -- Validation F1: 0.815
2024-07-17,04:21:15 [INFO] Epoch: 29/30 -- Train Loss: 0.139 -- Validation Loss: 1.253 -- Validation ACC: 0.611 -- Validation F1: 0.759
2024-07-17,04:21:15 [INFO] Run 2/5: Average Over Last 6 epochs -- Valid ACC: 0.6666666666666666 -- Valid F1-score: 0.7955725888411204
2024-07-17,04:21:16 [INFO] Test Results of Run 2/5: -- Test Loss: 1.580 -- Test ACC: 0.670 -- Test F1: 0.747
2024-07-17,04:21:17 [INFO] Epoch: 0/30 -- Train Loss: 0.005 -- Validation Loss: 1.466 -- Validation ACC: 0.667 -- Validation F1: 0.800
2024-07-17,04:21:23 [INFO] Epoch: 10/30 -- Train Loss: 0.048 -- Validation Loss: 1.276 -- Validation ACC: 0.667 -- Validation F1: 0.769
2024-07-17,04:21:30 [INFO] Epoch: 20/30 -- Train Loss: 0.751 -- Validation Loss: 1.300 -- Validation ACC: 0.667 -- Validation F1: 0.769
2024-07-17,04:21:33 [INFO] Epoch: 24/30 -- Train Loss: 1.503 -- Validation Loss: 1.270 -- Validation ACC: 0.667 -- Validation F1: 0.786
2024-07-17,04:21:34 [INFO] Epoch: 25/30 -- Train Loss: 0.660 -- Validation Loss: 1.286 -- Validation ACC: 0.667 -- Validation F1: 0.786
2024-07-17,04:21:35 [INFO] Epoch: 26/30 -- Train Loss: 0.049 -- Validation Loss: 1.284 -- Validation ACC: 0.667 -- Validation F1: 0.786
2024-07-17,04:21:36 [INFO] Epoch: 27/30 -- Train Loss: 0.772 -- Validation Loss: 1.267 -- Validation ACC: 0.611 -- Validation F1: 0.759
2024-07-17,04:21:37 [INFO] Epoch: 28/30 -- Train Loss: 0.271 -- Validation Loss: 1.319 -- Validation ACC: 0.667 -- Validation F1: 0.800
2024-07-17,04:21:38 [INFO] Epoch: 29/30 -- Train Loss: 0.095 -- Validation Loss: 1.389 -- Validation ACC: 0.667 -- Validation F1: 0.800
2024-07-17,04:21:38 [INFO] Run 3/5: Average Over Last 6 epochs -- Valid ACC: 0.6574074074074073 -- Valid F1-score: 0.7859605848789215
2024-07-17,04:21:38 [INFO] Test Results of Run 3/5: -- Test Loss: 1.673 -- Test ACC: 0.678 -- Test F1: 0.770
2024-07-17,04:21:39 [INFO] Epoch: 0/30 -- Train Loss: 0.335 -- Validation Loss: 1.377 -- Validation ACC: 0.667 -- Validation F1: 0.769
2024-07-17,04:21:46 [INFO] Epoch: 10/30 -- Train Loss: 1.531 -- Validation Loss: 1.318 -- Validation ACC: 0.667 -- Validation F1: 0.769
2024-07-17,04:21:53 [INFO] Epoch: 20/30 -- Train Loss: 0.087 -- Validation Loss: 1.249 -- Validation ACC: 0.778 -- Validation F1: 0.857
2024-07-17,04:21:56 [INFO] Epoch: 24/30 -- Train Loss: 0.028 -- Validation Loss: 1.459 -- Validation ACC: 0.667 -- Validation F1: 0.800
2024-07-17,04:21:57 [INFO] Epoch: 25/30 -- Train Loss: 0.042 -- Validation Loss: 1.379 -- Validation ACC: 0.667 -- Validation F1: 0.800
2024-07-17,04:21:59 [INFO] Epoch: 26/30 -- Train Loss: 0.020 -- Validation Loss: 1.270 -- Validation ACC: 0.667 -- Validation F1: 0.800
2024-07-17,04:21:59 [INFO] Epoch: 27/30 -- Train Loss: 0.442 -- Validation Loss: 1.231 -- Validation ACC: 0.667 -- Validation F1: 0.786
2024-07-17,04:22:01 [INFO] Epoch: 28/30 -- Train Loss: 0.555 -- Validation Loss: 1.204 -- Validation ACC: 0.722 -- Validation F1: 0.815
2024-07-17,04:22:01 [INFO] Epoch: 29/30 -- Train Loss: 0.028 -- Validation Loss: 1.204 -- Validation ACC: 0.667 -- Validation F1: 0.769
2024-07-17,04:22:01 [INFO] Run 4/5: Average Over Last 6 epochs -- Valid ACC: 0.6759259259259259 -- Valid F1-score: 0.7949599822362264
2024-07-17,04:22:02 [INFO] Test Results of Run 4/5: -- Test Loss: 1.548 -- Test ACC: 0.652 -- Test F1: 0.730
2024-07-17,04:22:02 [INFO] Validation average after 5 runs -- ACC: 0.672 -- F1-score: 0.791
2024-07-17,04:22:02 [INFO] Test average after 5 runs -- ACC: 0.668 -- F1-score: 0.751
2024-07-17,04:22:02 [INFO] Finished round 1/10 of experiments!
2024-07-17,04:22:02 [INFO] Started round 2/10 of experiments!
2024-07-17,04:22:02 [INFO] Loading previous pretrained model at ./pretrained/GCN_Pretrained_2024-07-01-14-58-41.pth
2024-07-17,04:22:02 [INFO] Pretrained GNN on Source Dataset -- Test Loss: 1.173 -- Test ACC: 0.757 -- Test F1-score: 0.813
2024-07-17,04:22:03 [INFO] Pretrained GNN on Target Dataset Without Prompting: -- Validation Loss: 0.928 -- Validation ACC: 0.667 -- Validation F1-score: 0.769 -- Test Loss: 0.858 -- Test ACC: 0.687 -- Test F1-score: 0.735
2024-07-17,04:22:04 [INFO] Epoch: 0/30 -- Train Loss: 0.808 -- Validation Loss: 0.951 -- Validation ACC: 0.667 -- Validation F1: 0.769
2024-07-17,04:22:11 [INFO] Epoch: 10/30 -- Train Loss: 0.167 -- Validation Loss: 0.923 -- Validation ACC: 0.667 -- Validation F1: 0.769
2024-07-17,04:22:18 [INFO] Epoch: 20/30 -- Train Loss: 0.394 -- Validation Loss: 0.886 -- Validation ACC: 0.611 -- Validation F1: 0.720
2024-07-17,04:22:21 [INFO] Epoch: 24/30 -- Train Loss: 0.398 -- Validation Loss: 0.919 -- Validation ACC: 0.667 -- Validation F1: 0.769
2024-07-17,04:22:22 [INFO] Epoch: 25/30 -- Train Loss: 0.511 -- Validation Loss: 0.923 -- Validation ACC: 0.667 -- Validation F1: 0.769
2024-07-17,04:22:23 [INFO] Epoch: 26/30 -- Train Loss: 0.411 -- Validation Loss: 0.933 -- Validation ACC: 0.667 -- Validation F1: 0.769
2024-07-17,04:22:24 [INFO] Epoch: 27/30 -- Train Loss: 0.422 -- Validation Loss: 0.946 -- Validation ACC: 0.667 -- Validation F1: 0.769
2024-07-17,04:22:25 [INFO] Epoch: 28/30 -- Train Loss: 0.312 -- Validation Loss: 0.926 -- Validation ACC: 0.667 -- Validation F1: 0.769
2024-07-17,04:22:26 [INFO] Epoch: 29/30 -- Train Loss: 0.075 -- Validation Loss: 0.915 -- Validation ACC: 0.667 -- Validation F1: 0.769
2024-07-17,04:22:26 [INFO] Run 0/5: Average Over Last 6 epochs -- Valid ACC: 0.6666666666666666 -- Valid F1-score: 0.7692307829856873
2024-07-17,04:22:26 [INFO] Test Results of Run 0/5: -- Test Loss: 0.825 -- Test ACC: 0.704 -- Test F1: 0.738
2024-07-17,04:22:27 [INFO] Epoch: 0/30 -- Train Loss: 0.687 -- Validation Loss: 0.938 -- Validation ACC: 0.667 -- Validation F1: 0.769
2024-07-17,04:22:34 [INFO] Epoch: 10/30 -- Train Loss: 0.306 -- Validation Loss: 0.944 -- Validation ACC: 0.667 -- Validation F1: 0.769
2024-07-17,04:22:41 [INFO] Epoch: 20/30 -- Train Loss: 0.080 -- Validation Loss: 0.856 -- Validation ACC: 0.611 -- Validation F1: 0.720
2024-07-17,04:22:44 [INFO] Epoch: 24/30 -- Train Loss: 0.259 -- Validation Loss: 0.964 -- Validation ACC: 0.667 -- Validation F1: 0.769
2024-07-17,04:22:45 [INFO] Epoch: 25/30 -- Train Loss: 0.289 -- Validation Loss: 1.030 -- Validation ACC: 0.667 -- Validation F1: 0.769
2024-07-17,04:22:46 [INFO] Epoch: 26/30 -- Train Loss: 0.343 -- Validation Loss: 1.085 -- Validation ACC: 0.667 -- Validation F1: 0.769
2024-07-17,04:22:47 [INFO] Epoch: 27/30 -- Train Loss: 0.815 -- Validation Loss: 1.103 -- Validation ACC: 0.722 -- Validation F1: 0.815
2024-07-17,04:22:48 [INFO] Epoch: 28/30 -- Train Loss: 1.116 -- Validation Loss: 1.088 -- Validation ACC: 0.722 -- Validation F1: 0.815
2024-07-17,04:22:49 [INFO] Epoch: 29/30 -- Train Loss: 0.748 -- Validation Loss: 1.043 -- Validation ACC: 0.667 -- Validation F1: 0.769
2024-07-17,04:22:49 [INFO] Run 1/5: Average Over Last 6 epochs -- Valid ACC: 0.6851851851851852 -- Valid F1-score: 0.7844254573186239
2024-07-17,04:22:49 [INFO] Test Results of Run 1/5: -- Test Loss: 0.981 -- Test ACC: 0.678 -- Test F1: 0.734
2024-07-17,04:22:50 [INFO] Epoch: 0/30 -- Train Loss: 0.325 -- Validation Loss: 0.928 -- Validation ACC: 0.667 -- Validation F1: 0.769
2024-07-17,04:22:57 [INFO] Epoch: 10/30 -- Train Loss: 0.592 -- Validation Loss: 0.926 -- Validation ACC: 0.611 -- Validation F1: 0.720
2024-07-17,04:23:04 [INFO] Epoch: 20/30 -- Train Loss: 0.187 -- Validation Loss: 0.855 -- Validation ACC: 0.667 -- Validation F1: 0.769
2024-07-17,04:23:07 [INFO] Epoch: 24/30 -- Train Loss: 0.077 -- Validation Loss: 0.916 -- Validation ACC: 0.667 -- Validation F1: 0.769
2024-07-17,04:23:08 [INFO] Epoch: 25/30 -- Train Loss: 0.005 -- Validation Loss: 0.918 -- Validation ACC: 0.667 -- Validation F1: 0.769
2024-07-17,04:23:09 [INFO] Epoch: 26/30 -- Train Loss: 0.024 -- Validation Loss: 0.923 -- Validation ACC: 0.667 -- Validation F1: 0.769
2024-07-17,04:23:10 [INFO] Epoch: 27/30 -- Train Loss: 0.079 -- Validation Loss: 0.938 -- Validation ACC: 0.667 -- Validation F1: 0.769
2024-07-17,04:23:11 [INFO] Epoch: 28/30 -- Train Loss: 0.604 -- Validation Loss: 0.929 -- Validation ACC: 0.667 -- Validation F1: 0.769
2024-07-17,04:23:12 [INFO] Epoch: 29/30 -- Train Loss: 0.271 -- Validation Loss: 0.920 -- Validation ACC: 0.667 -- Validation F1: 0.769
2024-07-17,04:23:12 [INFO] Run 2/5: Average Over Last 6 epochs -- Valid ACC: 0.6666666666666666 -- Valid F1-score: 0.7692307829856873
2024-07-17,04:23:12 [INFO] Test Results of Run 2/5: -- Test Loss: 0.853 -- Test ACC: 0.704 -- Test F1: 0.742
2024-07-17,04:23:13 [INFO] Epoch: 0/30 -- Train Loss: 1.998 -- Validation Loss: 0.988 -- Validation ACC: 0.667 -- Validation F1: 0.769
2024-07-17,04:23:20 [INFO] Epoch: 10/30 -- Train Loss: 0.319 -- Validation Loss: 0.922 -- Validation ACC: 0.667 -- Validation F1: 0.769
2024-07-17,04:23:28 [INFO] Epoch: 20/30 -- Train Loss: 0.317 -- Validation Loss: 0.967 -- Validation ACC: 0.667 -- Validation F1: 0.769
2024-07-17,04:23:31 [INFO] Epoch: 24/30 -- Train Loss: 0.030 -- Validation Loss: 1.020 -- Validation ACC: 0.667 -- Validation F1: 0.769
2024-07-17,04:23:32 [INFO] Epoch: 25/30 -- Train Loss: 0.201 -- Validation Loss: 0.967 -- Validation ACC: 0.667 -- Validation F1: 0.769
2024-07-17,04:23:32 [INFO] Epoch: 26/30 -- Train Loss: 0.524 -- Validation Loss: 0.951 -- Validation ACC: 0.667 -- Validation F1: 0.769
2024-07-17,04:23:34 [INFO] Epoch: 27/30 -- Train Loss: 0.449 -- Validation Loss: 0.954 -- Validation ACC: 0.667 -- Validation F1: 0.769
2024-07-17,04:23:34 [INFO] Epoch: 28/30 -- Train Loss: 0.195 -- Validation Loss: 0.958 -- Validation ACC: 0.667 -- Validation F1: 0.769
2024-07-17,04:23:35 [INFO] Epoch: 29/30 -- Train Loss: 0.483 -- Validation Loss: 0.950 -- Validation ACC: 0.667 -- Validation F1: 0.769
2024-07-17,04:23:35 [INFO] Run 3/5: Average Over Last 6 epochs -- Valid ACC: 0.6666666666666666 -- Valid F1-score: 0.7692307829856873
2024-07-17,04:23:36 [INFO] Test Results of Run 3/5: -- Test Loss: 0.886 -- Test ACC: 0.687 -- Test F1: 0.735
2024-07-17,04:23:37 [INFO] Epoch: 0/30 -- Train Loss: 0.139 -- Validation Loss: 0.927 -- Validation ACC: 0.667 -- Validation F1: 0.769
2024-07-17,04:23:43 [INFO] Epoch: 10/30 -- Train Loss: 1.161 -- Validation Loss: 0.891 -- Validation ACC: 0.667 -- Validation F1: 0.769
2024-07-17,04:23:50 [INFO] Epoch: 20/30 -- Train Loss: 0.065 -- Validation Loss: 0.898 -- Validation ACC: 0.611 -- Validation F1: 0.720
2024-07-17,04:23:53 [INFO] Epoch: 24/30 -- Train Loss: 0.074 -- Validation Loss: 0.873 -- Validation ACC: 0.611 -- Validation F1: 0.720
2024-07-17,04:23:54 [INFO] Epoch: 25/30 -- Train Loss: 0.120 -- Validation Loss: 0.884 -- Validation ACC: 0.611 -- Validation F1: 0.720
2024-07-17,04:23:55 [INFO] Epoch: 26/30 -- Train Loss: 0.238 -- Validation Loss: 0.893 -- Validation ACC: 0.611 -- Validation F1: 0.720
2024-07-17,04:23:56 [INFO] Epoch: 27/30 -- Train Loss: 0.347 -- Validation Loss: 0.906 -- Validation ACC: 0.667 -- Validation F1: 0.769
2024-07-17,04:23:57 [INFO] Epoch: 28/30 -- Train Loss: 0.196 -- Validation Loss: 0.932 -- Validation ACC: 0.667 -- Validation F1: 0.769
2024-07-17,04:23:57 [INFO] Epoch: 29/30 -- Train Loss: 0.617 -- Validation Loss: 0.961 -- Validation ACC: 0.667 -- Validation F1: 0.769
2024-07-17,04:23:57 [INFO] Run 4/5: Average Over Last 6 epochs -- Valid ACC: 0.6388888888888888 -- Valid F1-score: 0.7446154057979584
2024-07-17,04:23:58 [INFO] Test Results of Run 4/5: -- Test Loss: 0.881 -- Test ACC: 0.687 -- Test F1: 0.735
2024-07-17,04:23:58 [INFO] Validation average after 5 runs -- ACC: 0.665 -- F1-score: 0.767
2024-07-17,04:23:58 [INFO] Test average after 5 runs -- ACC: 0.692 -- F1-score: 0.737
2024-07-17,04:23:58 [INFO] Finished round 2/10 of experiments!
2024-07-17,04:23:58 [INFO] Started round 3/10 of experiments!
2024-07-17,04:23:59 [INFO] Loading previous pretrained model at ./pretrained/GCN_Pretrained_2024-07-01-15-00-59.pth
2024-07-17,04:23:59 [INFO] Pretrained GNN on Source Dataset -- Test Loss: 0.746 -- Test ACC: 0.739 -- Test F1-score: 0.786
2024-07-17,04:23:59 [INFO] Pretrained GNN on Target Dataset Without Prompting: -- Validation Loss: 0.769 -- Validation ACC: 0.722 -- Validation F1-score: 0.706 -- Test Loss: 0.897 -- Test ACC: 0.748 -- Test F1-score: 0.810
2024-07-17,04:24:00 [INFO] Epoch: 0/30 -- Train Loss: 0.000 -- Validation Loss: 0.774 -- Validation ACC: 0.722 -- Validation F1: 0.706
2024-07-17,04:24:06 [INFO] Epoch: 10/30 -- Train Loss: 0.320 -- Validation Loss: 0.744 -- Validation ACC: 0.778 -- Validation F1: 0.750
2024-07-17,04:24:13 [INFO] Epoch: 20/30 -- Train Loss: 0.918 -- Validation Loss: 0.893 -- Validation ACC: 0.722 -- Validation F1: 0.737
2024-07-17,04:24:16 [INFO] Epoch: 24/30 -- Train Loss: 0.000 -- Validation Loss: 0.816 -- Validation ACC: 0.778 -- Validation F1: 0.778
2024-07-17,04:24:17 [INFO] Epoch: 25/30 -- Train Loss: 1.562 -- Validation Loss: 0.734 -- Validation ACC: 0.778 -- Validation F1: 0.778
2024-07-17,04:24:18 [INFO] Epoch: 26/30 -- Train Loss: 0.087 -- Validation Loss: 0.721 -- Validation ACC: 0.778 -- Validation F1: 0.750
2024-07-17,04:24:19 [INFO] Epoch: 27/30 -- Train Loss: 0.361 -- Validation Loss: 0.747 -- Validation ACC: 0.722 -- Validation F1: 0.667
2024-07-17,04:24:20 [INFO] Epoch: 28/30 -- Train Loss: 0.559 -- Validation Loss: 0.760 -- Validation ACC: 0.722 -- Validation F1: 0.667
2024-07-17,04:24:21 [INFO] Epoch: 29/30 -- Train Loss: 0.335 -- Validation Loss: 0.722 -- Validation ACC: 0.722 -- Validation F1: 0.667
2024-07-17,04:24:21 [INFO] Run 0/5: Average Over Last 6 epochs -- Valid ACC: 0.75 -- Valid F1-score: 0.7175926069418589
2024-07-17,04:24:21 [INFO] Test Results of Run 0/5: -- Test Loss: 0.899 -- Test ACC: 0.704 -- Test F1: 0.770
2024-07-17,04:24:22 [INFO] Epoch: 0/30 -- Train Loss: 0.005 -- Validation Loss: 0.744 -- Validation ACC: 0.722 -- Validation F1: 0.706
2024-07-17,04:24:30 [INFO] Epoch: 10/30 -- Train Loss: 0.004 -- Validation Loss: 0.782 -- Validation ACC: 0.778 -- Validation F1: 0.750
2024-07-17,04:24:37 [INFO] Epoch: 20/30 -- Train Loss: 0.004 -- Validation Loss: 0.774 -- Validation ACC: 0.778 -- Validation F1: 0.778
2024-07-17,04:24:40 [INFO] Epoch: 24/30 -- Train Loss: 0.108 -- Validation Loss: 0.843 -- Validation ACC: 0.778 -- Validation F1: 0.778
2024-07-17,04:24:41 [INFO] Epoch: 25/30 -- Train Loss: 0.098 -- Validation Loss: 0.842 -- Validation ACC: 0.778 -- Validation F1: 0.778
2024-07-17,04:24:42 [INFO] Epoch: 26/30 -- Train Loss: 0.551 -- Validation Loss: 0.821 -- Validation ACC: 0.778 -- Validation F1: 0.778
2024-07-17,04:24:42 [INFO] Epoch: 27/30 -- Train Loss: 0.122 -- Validation Loss: 0.811 -- Validation ACC: 0.778 -- Validation F1: 0.778
2024-07-17,04:24:43 [INFO] Epoch: 28/30 -- Train Loss: 0.332 -- Validation Loss: 0.843 -- Validation ACC: 0.778 -- Validation F1: 0.778
2024-07-17,04:24:44 [INFO] Epoch: 29/30 -- Train Loss: 0.193 -- Validation Loss: 0.904 -- Validation ACC: 0.722 -- Validation F1: 0.737
2024-07-17,04:24:44 [INFO] Run 1/5: Average Over Last 6 epochs -- Valid ACC: 0.7685185185185185 -- Valid F1-score: 0.7709551751613617
2024-07-17,04:24:45 [INFO] Test Results of Run 1/5: -- Test Loss: 0.989 -- Test ACC: 0.765 -- Test F1: 0.834
2024-07-17,04:24:46 [INFO] Epoch: 0/30 -- Train Loss: 0.005 -- Validation Loss: 0.875 -- Validation ACC: 0.778 -- Validation F1: 0.778
2024-07-17,04:24:53 [INFO] Epoch: 10/30 -- Train Loss: 0.261 -- Validation Loss: 0.774 -- Validation ACC: 0.778 -- Validation F1: 0.750
2024-07-17,04:24:59 [INFO] Epoch: 20/30 -- Train Loss: 0.004 -- Validation Loss: 0.839 -- Validation ACC: 0.778 -- Validation F1: 0.778
2024-07-17,04:25:02 [INFO] Epoch: 24/30 -- Train Loss: 2.299 -- Validation Loss: 0.933 -- Validation ACC: 0.722 -- Validation F1: 0.737
2024-07-17,04:25:03 [INFO] Epoch: 25/30 -- Train Loss: 0.445 -- Validation Loss: 0.833 -- Validation ACC: 0.722 -- Validation F1: 0.706
2024-07-17,04:25:04 [INFO] Epoch: 26/30 -- Train Loss: 0.354 -- Validation Loss: 0.782 -- Validation ACC: 0.722 -- Validation F1: 0.706
2024-07-17,04:25:05 [INFO] Epoch: 27/30 -- Train Loss: 0.301 -- Validation Loss: 0.750 -- Validation ACC: 0.778 -- Validation F1: 0.750
2024-07-17,04:25:06 [INFO] Epoch: 28/30 -- Train Loss: 0.211 -- Validation Loss: 0.733 -- Validation ACC: 0.778 -- Validation F1: 0.750
2024-07-17,04:25:07 [INFO] Epoch: 29/30 -- Train Loss: 0.408 -- Validation Loss: 0.731 -- Validation ACC: 0.778 -- Validation F1: 0.750
2024-07-17,04:25:07 [INFO] Run 2/5: Average Over Last 6 epochs -- Valid ACC: 0.75 -- Valid F1-score: 0.7331011394659678
2024-07-17,04:25:07 [INFO] Test Results of Run 2/5: -- Test Loss: 0.897 -- Test ACC: 0.739 -- Test F1: 0.803
2024-07-17,04:25:08 [INFO] Epoch: 0/30 -- Train Loss: 0.707 -- Validation Loss: 0.763 -- Validation ACC: 0.778 -- Validation F1: 0.778
2024-07-17,04:25:15 [INFO] Epoch: 10/30 -- Train Loss: 0.263 -- Validation Loss: 0.836 -- Validation ACC: 0.722 -- Validation F1: 0.706
2024-07-17,04:25:22 [INFO] Epoch: 20/30 -- Train Loss: 1.081 -- Validation Loss: 0.708 -- Validation ACC: 0.778 -- Validation F1: 0.750
2024-07-17,04:25:25 [INFO] Epoch: 24/30 -- Train Loss: 1.018 -- Validation Loss: 0.721 -- Validation ACC: 0.778 -- Validation F1: 0.750
2024-07-17,04:25:26 [INFO] Epoch: 25/30 -- Train Loss: 0.581 -- Validation Loss: 0.720 -- Validation ACC: 0.833 -- Validation F1: 0.824
2024-07-17,04:25:27 [INFO] Epoch: 26/30 -- Train Loss: 0.256 -- Validation Loss: 0.754 -- Validation ACC: 0.778 -- Validation F1: 0.778
2024-07-17,04:25:28 [INFO] Epoch: 27/30 -- Train Loss: 0.243 -- Validation Loss: 0.808 -- Validation ACC: 0.778 -- Validation F1: 0.778
2024-07-17,04:25:29 [INFO] Epoch: 28/30 -- Train Loss: 0.003 -- Validation Loss: 0.789 -- Validation ACC: 0.778 -- Validation F1: 0.778
2024-07-17,04:25:30 [INFO] Epoch: 29/30 -- Train Loss: 1.111 -- Validation Loss: 0.757 -- Validation ACC: 0.778 -- Validation F1: 0.778
2024-07-17,04:25:30 [INFO] Run 3/5: Average Over Last 6 epochs -- Valid ACC: 0.7870370370370371 -- Valid F1-score: 0.7807734310626984
2024-07-17,04:25:31 [INFO] Test Results of Run 3/5: -- Test Loss: 0.937 -- Test ACC: 0.748 -- Test F1: 0.810
2024-07-17,04:25:32 [INFO] Epoch: 0/30 -- Train Loss: 0.542 -- Validation Loss: 0.796 -- Validation ACC: 0.722 -- Validation F1: 0.706
2024-07-17,04:25:38 [INFO] Epoch: 10/30 -- Train Loss: 0.393 -- Validation Loss: 0.766 -- Validation ACC: 0.722 -- Validation F1: 0.706
2024-07-17,04:25:45 [INFO] Epoch: 20/30 -- Train Loss: 0.788 -- Validation Loss: 0.795 -- Validation ACC: 0.778 -- Validation F1: 0.750
2024-07-17,04:25:47 [INFO] Epoch: 24/30 -- Train Loss: 0.315 -- Validation Loss: 0.839 -- Validation ACC: 0.722 -- Validation F1: 0.706
2024-07-17,04:25:48 [INFO] Epoch: 25/30 -- Train Loss: 0.012 -- Validation Loss: 0.813 -- Validation ACC: 0.722 -- Validation F1: 0.706
2024-07-17,04:25:50 [INFO] Epoch: 26/30 -- Train Loss: 0.001 -- Validation Loss: 0.788 -- Validation ACC: 0.722 -- Validation F1: 0.706
2024-07-17,04:25:50 [INFO] Epoch: 27/30 -- Train Loss: 0.618 -- Validation Loss: 0.797 -- Validation ACC: 0.778 -- Validation F1: 0.778
2024-07-17,04:25:51 [INFO] Epoch: 28/30 -- Train Loss: 0.069 -- Validation Loss: 0.874 -- Validation ACC: 0.722 -- Validation F1: 0.737
2024-07-17,04:25:52 [INFO] Epoch: 29/30 -- Train Loss: 0.344 -- Validation Loss: 0.856 -- Validation ACC: 0.778 -- Validation F1: 0.778
2024-07-17,04:25:52 [INFO] Run 4/5: Average Over Last 6 epochs -- Valid ACC: 0.7407407407407408 -- Valid F1-score: 0.7350074648857117
2024-07-17,04:25:53 [INFO] Test Results of Run 4/5: -- Test Loss: 0.970 -- Test ACC: 0.765 -- Test F1: 0.830
2024-07-17,04:25:53 [INFO] Validation average after 5 runs -- ACC: 0.759 -- F1-score: 0.747
2024-07-17,04:25:53 [INFO] Test average after 5 runs -- ACC: 0.744 -- F1-score: 0.810
2024-07-17,04:25:53 [INFO] Finished round 3/10 of experiments!
2024-07-17,04:25:53 [INFO] Started round 4/10 of experiments!
2024-07-17,04:25:53 [INFO] Loading previous pretrained model at ./pretrained/GCN_Pretrained_2024-07-01-15-03-17.pth
2024-07-17,04:25:54 [INFO] Pretrained GNN on Source Dataset -- Test Loss: 1.048 -- Test ACC: 0.696 -- Test F1-score: 0.759
2024-07-17,04:25:54 [INFO] Pretrained GNN on Target Dataset Without Prompting: -- Validation Loss: 0.854 -- Validation ACC: 0.500 -- Validation F1-score: 0.571 -- Test Loss: 0.781 -- Test ACC: 0.713 -- Test F1-score: 0.784
2024-07-17,04:25:55 [INFO] Epoch: 0/30 -- Train Loss: 0.431 -- Validation Loss: 0.964 -- Validation ACC: 0.500 -- Validation F1: 0.571
2024-07-17,04:26:02 [INFO] Epoch: 10/30 -- Train Loss: 1.514 -- Validation Loss: 1.178 -- Validation ACC: 0.500 -- Validation F1: 0.571
2024-07-17,04:26:09 [INFO] Epoch: 20/30 -- Train Loss: 1.070 -- Validation Loss: 0.936 -- Validation ACC: 0.556 -- Validation F1: 0.600
2024-07-17,04:26:12 [INFO] Epoch: 24/30 -- Train Loss: 0.053 -- Validation Loss: 0.974 -- Validation ACC: 0.611 -- Validation F1: 0.632
2024-07-17,04:26:13 [INFO] Epoch: 25/30 -- Train Loss: 0.086 -- Validation Loss: 0.990 -- Validation ACC: 0.611 -- Validation F1: 0.632
2024-07-17,04:26:14 [INFO] Epoch: 26/30 -- Train Loss: 0.144 -- Validation Loss: 1.071 -- Validation ACC: 0.556 -- Validation F1: 0.600
2024-07-17,04:26:15 [INFO] Epoch: 27/30 -- Train Loss: 0.239 -- Validation Loss: 1.157 -- Validation ACC: 0.500 -- Validation F1: 0.571
2024-07-17,04:26:16 [INFO] Epoch: 28/30 -- Train Loss: 0.735 -- Validation Loss: 1.226 -- Validation ACC: 0.500 -- Validation F1: 0.571
2024-07-17,04:26:17 [INFO] Epoch: 29/30 -- Train Loss: 0.566 -- Validation Loss: 1.191 -- Validation ACC: 0.500 -- Validation F1: 0.571
2024-07-17,04:26:17 [INFO] Run 0/5: Average Over Last 6 epochs -- Valid ACC: 0.5462962962962963 -- Valid F1-score: 0.5962406098842621
2024-07-17,04:26:17 [INFO] Test Results of Run 0/5: -- Test Loss: 0.877 -- Test ACC: 0.722 -- Test F1: 0.800
2024-07-17,04:26:18 [INFO] Epoch: 0/30 -- Train Loss: 1.086 -- Validation Loss: 0.716 -- Validation ACC: 0.611 -- Validation F1: 0.632
2024-07-17,04:26:25 [INFO] Epoch: 10/30 -- Train Loss: 0.256 -- Validation Loss: 1.109 -- Validation ACC: 0.500 -- Validation F1: 0.571
2024-07-17,04:26:32 [INFO] Epoch: 20/30 -- Train Loss: 0.117 -- Validation Loss: 0.890 -- Validation ACC: 0.611 -- Validation F1: 0.632
2024-07-17,04:26:35 [INFO] Epoch: 24/30 -- Train Loss: 0.433 -- Validation Loss: 0.837 -- Validation ACC: 0.667 -- Validation F1: 0.667
2024-07-17,04:26:36 [INFO] Epoch: 25/30 -- Train Loss: 0.143 -- Validation Loss: 1.046 -- Validation ACC: 0.500 -- Validation F1: 0.571
2024-07-17,04:26:37 [INFO] Epoch: 26/30 -- Train Loss: 0.173 -- Validation Loss: 1.332 -- Validation ACC: 0.500 -- Validation F1: 0.571
2024-07-17,04:26:38 [INFO] Epoch: 27/30 -- Train Loss: 0.015 -- Validation Loss: 1.500 -- Validation ACC: 0.500 -- Validation F1: 0.571
2024-07-17,04:26:39 [INFO] Epoch: 28/30 -- Train Loss: 0.081 -- Validation Loss: 1.676 -- Validation ACC: 0.444 -- Validation F1: 0.545
2024-07-17,04:26:40 [INFO] Epoch: 29/30 -- Train Loss: 0.058 -- Validation Loss: 1.779 -- Validation ACC: 0.444 -- Validation F1: 0.545
2024-07-17,04:26:40 [INFO] Run 1/5: Average Over Last 6 epochs -- Valid ACC: 0.5092592592592592 -- Valid F1-score: 0.5786436001459757
2024-07-17,04:26:41 [INFO] Test Results of Run 1/5: -- Test Loss: 1.197 -- Test ACC: 0.687 -- Test F1: 0.795
2024-07-17,04:26:41 [INFO] Epoch: 0/30 -- Train Loss: 0.309 -- Validation Loss: 1.120 -- Validation ACC: 0.500 -- Validation F1: 0.571
2024-07-17,04:26:48 [INFO] Epoch: 10/30 -- Train Loss: 0.408 -- Validation Loss: 0.740 -- Validation ACC: 0.611 -- Validation F1: 0.632
2024-07-17,04:26:56 [INFO] Epoch: 20/30 -- Train Loss: 0.016 -- Validation Loss: 1.052 -- Validation ACC: 0.500 -- Validation F1: 0.571
2024-07-17,04:26:58 [INFO] Epoch: 24/30 -- Train Loss: 1.003 -- Validation Loss: 1.094 -- Validation ACC: 0.500 -- Validation F1: 0.571
2024-07-17,04:26:59 [INFO] Epoch: 25/30 -- Train Loss: 0.300 -- Validation Loss: 1.025 -- Validation ACC: 0.500 -- Validation F1: 0.571
2024-07-17,04:27:00 [INFO] Epoch: 26/30 -- Train Loss: 0.047 -- Validation Loss: 0.970 -- Validation ACC: 0.500 -- Validation F1: 0.571
2024-07-17,04:27:01 [INFO] Epoch: 27/30 -- Train Loss: 0.163 -- Validation Loss: 0.949 -- Validation ACC: 0.500 -- Validation F1: 0.571
2024-07-17,04:27:02 [INFO] Epoch: 28/30 -- Train Loss: 0.001 -- Validation Loss: 0.871 -- Validation ACC: 0.611 -- Validation F1: 0.632
2024-07-17,04:27:03 [INFO] Epoch: 29/30 -- Train Loss: 0.846 -- Validation Loss: 0.785 -- Validation ACC: 0.667 -- Validation F1: 0.667
2024-07-17,04:27:03 [INFO] Run 2/5: Average Over Last 6 epochs -- Valid ACC: 0.5462962962962963 -- Valid F1-score: 0.5973266661167145
2024-07-17,04:27:03 [INFO] Test Results of Run 2/5: -- Test Loss: 0.766 -- Test ACC: 0.696 -- Test F1: 0.765
2024-07-17,04:27:05 [INFO] Epoch: 0/30 -- Train Loss: 0.122 -- Validation Loss: 0.625 -- Validation ACC: 0.611 -- Validation F1: 0.588
2024-07-17,04:27:12 [INFO] Epoch: 10/30 -- Train Loss: 0.148 -- Validation Loss: 1.048 -- Validation ACC: 0.500 -- Validation F1: 0.571
2024-07-17,04:27:19 [INFO] Epoch: 20/30 -- Train Loss: 0.631 -- Validation Loss: 0.949 -- Validation ACC: 0.556 -- Validation F1: 0.600
2024-07-17,04:27:22 [INFO] Epoch: 24/30 -- Train Loss: 0.352 -- Validation Loss: 1.149 -- Validation ACC: 0.500 -- Validation F1: 0.571
2024-07-17,04:27:23 [INFO] Epoch: 25/30 -- Train Loss: 0.350 -- Validation Loss: 1.175 -- Validation ACC: 0.500 -- Validation F1: 0.571
2024-07-17,04:27:24 [INFO] Epoch: 26/30 -- Train Loss: 1.263 -- Validation Loss: 1.055 -- Validation ACC: 0.500 -- Validation F1: 0.571
2024-07-17,04:27:25 [INFO] Epoch: 27/30 -- Train Loss: 0.033 -- Validation Loss: 0.861 -- Validation ACC: 0.556 -- Validation F1: 0.600
2024-07-17,04:27:25 [INFO] Epoch: 28/30 -- Train Loss: 1.316 -- Validation Loss: 0.857 -- Validation ACC: 0.556 -- Validation F1: 0.600
2024-07-17,04:27:27 [INFO] Epoch: 29/30 -- Train Loss: 0.540 -- Validation Loss: 0.836 -- Validation ACC: 0.556 -- Validation F1: 0.600
2024-07-17,04:27:27 [INFO] Run 3/5: Average Over Last 6 epochs -- Valid ACC: 0.5277777777777777 -- Valid F1-score: 0.5857143104076385
2024-07-17,04:27:27 [INFO] Test Results of Run 3/5: -- Test Loss: 0.780 -- Test ACC: 0.704 -- Test F1: 0.776
2024-07-17,04:27:28 [INFO] Epoch: 0/30 -- Train Loss: 0.153 -- Validation Loss: 0.826 -- Validation ACC: 0.667 -- Validation F1: 0.667
2024-07-17,04:27:35 [INFO] Epoch: 10/30 -- Train Loss: 0.007 -- Validation Loss: 1.258 -- Validation ACC: 0.500 -- Validation F1: 0.571
2024-07-17,04:27:41 [INFO] Epoch: 20/30 -- Train Loss: 0.836 -- Validation Loss: 0.714 -- Validation ACC: 0.611 -- Validation F1: 0.632
2024-07-17,04:27:45 [INFO] Epoch: 24/30 -- Train Loss: 0.366 -- Validation Loss: 0.924 -- Validation ACC: 0.500 -- Validation F1: 0.571
2024-07-17,04:27:45 [INFO] Epoch: 25/30 -- Train Loss: 0.042 -- Validation Loss: 1.051 -- Validation ACC: 0.500 -- Validation F1: 0.571
2024-07-17,04:27:46 [INFO] Epoch: 26/30 -- Train Loss: 0.034 -- Validation Loss: 1.346 -- Validation ACC: 0.444 -- Validation F1: 0.545
2024-07-17,04:27:47 [INFO] Epoch: 27/30 -- Train Loss: 0.050 -- Validation Loss: 1.556 -- Validation ACC: 0.444 -- Validation F1: 0.545
2024-07-17,04:27:48 [INFO] Epoch: 28/30 -- Train Loss: 0.146 -- Validation Loss: 1.528 -- Validation ACC: 0.444 -- Validation F1: 0.545
2024-07-17,04:27:49 [INFO] Epoch: 29/30 -- Train Loss: 0.225 -- Validation Loss: 1.397 -- Validation ACC: 0.444 -- Validation F1: 0.545
2024-07-17,04:27:49 [INFO] Run 4/5: Average Over Last 6 epochs -- Valid ACC: 0.46296296296296297 -- Valid F1-score: 0.5541125734647115
2024-07-17,04:27:49 [INFO] Test Results of Run 4/5: -- Test Loss: 1.013 -- Test ACC: 0.722 -- Test F1: 0.812
2024-07-17,04:27:49 [INFO] Validation average after 5 runs -- ACC: 0.519 -- F1-score: 0.582
2024-07-17,04:27:49 [INFO] Test average after 5 runs -- ACC: 0.706 -- F1-score: 0.790
2024-07-17,04:27:49 [INFO] Finished round 4/10 of experiments!
2024-07-17,04:27:49 [INFO] Started round 5/10 of experiments!
2024-07-17,04:27:50 [INFO] Setting for pretraining: Model: {'gnn_type': 'gcn', 'in_channels': 56, 'hidden_channels': 512, 'out_channels': 2, 'num_layers': 3, 'dropout': 0.4, 'with_bn': False, 'with_head': True} -- Optimizer: {'lr': 0.01, 'scheduler_step_size': 50, 'scheduler_gamma': 0.5, 'weight_decay': 0.0} -- Training: {'n_epochs': 100}
2024-07-17,04:27:50 [INFO] Loading previous pretrained model at ./pretrained/GCN_Pretrained_2024-07-01-15-05-37.pth
2024-07-17,04:27:50 [INFO] Prompting method: flex_match -- Setting: Prompting function: gpf_plus -- Target Dataset: DHFR
2024-07-17,04:27:50 [INFO] Setting for prompt tuning: Prompt: {'emb_dim': 56, 'h_dim': 512, 'output_dim': 56, 'prompt_fn': 'gpf_plus', 'token_num': 50, 'cross_prune': 0.8, 'inner_prune': 0.3, 'attn_with_param': False} -- Pretrained Model: {'gnn_type': 'gcn', 'in_channels': 56, 'hidden_channels': 512, 'out_channels': 2, 'num_layers': 3, 'dropout': 0.4, 'with_bn': False, 'with_head': True} -- Optimizer: {'lr': 0.01, 'scheduler_step_size': 50, 'scheduler_gamma': 0.5, 'weight_decay': 0.1} -- Training: {'aug_type': 'feature', 'pos_aug_mode': 'mask', 'p_raug': 0.15, 'n_epochs': 30, 'r_reg': 0.0, 'soft_label': False, 'clutering_iters': 3, 'iterative_clustering': False, 'entropy_div_ratio': 3, 'w_entropy_loss': 0.0, 'w_softmax_loss': 0.0, 'w_domain_loss': 0.0, 'light_aug_prob': 0.1, 'light_aug_mode': 'mask', 'num_classes': 2, 'cut_off': 0.5}
2024-07-17,04:27:50 [INFO] Prompt tuning started: Num runs: 5 -- Eval step: 10
2024-07-17,04:27:50 [INFO] Pretrained GNN on Source Dataset -- Test Loss: 0.768 -- Test ACC: 0.687 -- Test F1-score: 0.684
2024-07-17,04:27:51 [INFO] Pretrained GNN on Target Dataset Without Prompting: -- Validation Loss: 0.232 -- Validation ACC: 0.889 -- Validation F1-score: 0.900 -- Test Loss: 0.871 -- Test ACC: 0.722 -- Test F1-score: 0.754
2024-07-17,04:27:51 [INFO] Epoch: 0/30 -- Train Loss: 0.020 -- Validation Loss: 0.278 -- Validation ACC: 0.889 -- Validation F1: 0.909
2024-07-17,04:27:58 [INFO] Epoch: 10/30 -- Train Loss: 0.351 -- Validation Loss: 0.252 -- Validation ACC: 0.833 -- Validation F1: 0.842
2024-07-17,04:28:05 [INFO] Epoch: 20/30 -- Train Loss: 0.012 -- Validation Loss: 0.256 -- Validation ACC: 0.833 -- Validation F1: 0.824
2024-07-17,04:28:08 [INFO] Epoch: 24/30 -- Train Loss: 0.047 -- Validation Loss: 0.257 -- Validation ACC: 0.833 -- Validation F1: 0.824
2024-07-17,04:28:09 [INFO] Epoch: 25/30 -- Train Loss: 0.545 -- Validation Loss: 0.231 -- Validation ACC: 0.889 -- Validation F1: 0.900
2024-07-17,04:28:10 [INFO] Epoch: 26/30 -- Train Loss: 0.676 -- Validation Loss: 0.229 -- Validation ACC: 0.889 -- Validation F1: 0.900
2024-07-17,04:28:11 [INFO] Epoch: 27/30 -- Train Loss: 0.085 -- Validation Loss: 0.230 -- Validation ACC: 0.889 -- Validation F1: 0.900
2024-07-17,04:28:12 [INFO] Epoch: 28/30 -- Train Loss: 0.035 -- Validation Loss: 0.237 -- Validation ACC: 0.889 -- Validation F1: 0.900
2024-07-17,04:28:13 [INFO] Epoch: 29/30 -- Train Loss: 0.374 -- Validation Loss: 0.239 -- Validation ACC: 0.889 -- Validation F1: 0.900
2024-07-17,04:28:13 [INFO] Run 0/5: Average Over Last 6 epochs -- Valid ACC: 0.8796296296296298 -- Valid F1-score: 0.8872548838456472
2024-07-17,04:28:13 [INFO] Test Results of Run 0/5: -- Test Loss: 0.898 -- Test ACC: 0.713 -- Test F1: 0.756
2024-07-17,04:28:14 [INFO] Epoch: 0/30 -- Train Loss: 0.366 -- Validation Loss: 0.238 -- Validation ACC: 0.889 -- Validation F1: 0.900
2024-07-17,04:28:21 [INFO] Epoch: 10/30 -- Train Loss: 0.614 -- Validation Loss: 0.237 -- Validation ACC: 0.889 -- Validation F1: 0.900
2024-07-17,04:28:28 [INFO] Epoch: 20/30 -- Train Loss: 0.006 -- Validation Loss: 0.301 -- Validation ACC: 0.778 -- Validation F1: 0.750
2024-07-17,04:28:31 [INFO] Epoch: 24/30 -- Train Loss: 0.295 -- Validation Loss: 0.264 -- Validation ACC: 0.833 -- Validation F1: 0.824
2024-07-17,04:28:32 [INFO] Epoch: 25/30 -- Train Loss: 0.313 -- Validation Loss: 0.256 -- Validation ACC: 0.778 -- Validation F1: 0.778
2024-07-17,04:28:33 [INFO] Epoch: 26/30 -- Train Loss: 0.398 -- Validation Loss: 0.257 -- Validation ACC: 0.778 -- Validation F1: 0.778
2024-07-17,04:28:34 [INFO] Epoch: 27/30 -- Train Loss: 0.157 -- Validation Loss: 0.284 -- Validation ACC: 0.778 -- Validation F1: 0.750
2024-07-17,04:28:35 [INFO] Epoch: 28/30 -- Train Loss: 0.525 -- Validation Loss: 0.302 -- Validation ACC: 0.778 -- Validation F1: 0.750
2024-07-17,04:28:36 [INFO] Epoch: 29/30 -- Train Loss: 0.294 -- Validation Loss: 0.307 -- Validation ACC: 0.778 -- Validation F1: 0.750
2024-07-17,04:28:36 [INFO] Run 1/5: Average Over Last 6 epochs -- Valid ACC: 0.7870370370370371 -- Valid F1-score: 0.7715141673882803
2024-07-17,04:28:37 [INFO] Test Results of Run 1/5: -- Test Loss: 0.870 -- Test ACC: 0.678 -- Test F1: 0.694
2024-07-17,04:28:37 [INFO] Epoch: 0/30 -- Train Loss: 0.209 -- Validation Loss: 0.257 -- Validation ACC: 0.833 -- Validation F1: 0.824
2024-07-17,04:28:44 [INFO] Epoch: 10/30 -- Train Loss: 0.440 -- Validation Loss: 0.250 -- Validation ACC: 0.833 -- Validation F1: 0.842
2024-07-17,04:28:51 [INFO] Epoch: 20/30 -- Train Loss: 0.041 -- Validation Loss: 0.232 -- Validation ACC: 0.889 -- Validation F1: 0.900
2024-07-17,04:28:54 [INFO] Epoch: 24/30 -- Train Loss: 1.265 -- Validation Loss: 0.240 -- Validation ACC: 0.889 -- Validation F1: 0.900
2024-07-17,04:28:55 [INFO] Epoch: 25/30 -- Train Loss: 0.056 -- Validation Loss: 0.229 -- Validation ACC: 0.889 -- Validation F1: 0.900
2024-07-17,04:28:56 [INFO] Epoch: 26/30 -- Train Loss: 0.238 -- Validation Loss: 0.227 -- Validation ACC: 0.889 -- Validation F1: 0.900
2024-07-17,04:28:57 [INFO] Epoch: 27/30 -- Train Loss: 0.200 -- Validation Loss: 0.227 -- Validation ACC: 0.889 -- Validation F1: 0.900
2024-07-17,04:28:58 [INFO] Epoch: 28/30 -- Train Loss: 0.349 -- Validation Loss: 0.231 -- Validation ACC: 0.889 -- Validation F1: 0.900
2024-07-17,04:28:59 [INFO] Epoch: 29/30 -- Train Loss: 0.000 -- Validation Loss: 0.243 -- Validation ACC: 0.889 -- Validation F1: 0.900
2024-07-17,04:28:59 [INFO] Run 2/5: Average Over Last 6 epochs -- Valid ACC: 0.888888888888889 -- Valid F1-score: 0.8999999761581421
2024-07-17,04:28:59 [INFO] Test Results of Run 2/5: -- Test Loss: 0.878 -- Test ACC: 0.713 -- Test F1: 0.744
2024-07-17,04:29:00 [INFO] Epoch: 0/30 -- Train Loss: 0.805 -- Validation Loss: 0.231 -- Validation ACC: 0.889 -- Validation F1: 0.900
2024-07-17,04:29:08 [INFO] Epoch: 10/30 -- Train Loss: 0.097 -- Validation Loss: 0.255 -- Validation ACC: 0.833 -- Validation F1: 0.824
2024-07-17,04:29:15 [INFO] Epoch: 20/30 -- Train Loss: 0.107 -- Validation Loss: 0.247 -- Validation ACC: 0.889 -- Validation F1: 0.889
2024-07-17,04:29:17 [INFO] Epoch: 24/30 -- Train Loss: 0.403 -- Validation Loss: 0.241 -- Validation ACC: 0.833 -- Validation F1: 0.842
2024-07-17,04:29:19 [INFO] Epoch: 25/30 -- Train Loss: 0.001 -- Validation Loss: 0.239 -- Validation ACC: 0.889 -- Validation F1: 0.900
2024-07-17,04:29:20 [INFO] Epoch: 26/30 -- Train Loss: 0.568 -- Validation Loss: 0.237 -- Validation ACC: 0.889 -- Validation F1: 0.900
2024-07-17,04:29:20 [INFO] Epoch: 27/30 -- Train Loss: 0.026 -- Validation Loss: 0.237 -- Validation ACC: 0.889 -- Validation F1: 0.900
2024-07-17,04:29:21 [INFO] Epoch: 28/30 -- Train Loss: 0.236 -- Validation Loss: 0.241 -- Validation ACC: 0.889 -- Validation F1: 0.900
2024-07-17,04:29:22 [INFO] Epoch: 29/30 -- Train Loss: 0.306 -- Validation Loss: 0.250 -- Validation ACC: 0.889 -- Validation F1: 0.900
2024-07-17,04:29:22 [INFO] Run 3/5: Average Over Last 6 epochs -- Valid ACC: 0.8796296296296298 -- Valid F1-score: 0.890350858370463
2024-07-17,04:29:23 [INFO] Test Results of Run 3/5: -- Test Loss: 0.905 -- Test ACC: 0.722 -- Test F1: 0.768
2024-07-17,04:29:24 [INFO] Epoch: 0/30 -- Train Loss: 0.672 -- Validation Loss: 0.269 -- Validation ACC: 0.778 -- Validation F1: 0.750
2024-07-17,04:29:31 [INFO] Epoch: 10/30 -- Train Loss: 1.141 -- Validation Loss: 0.256 -- Validation ACC: 0.833 -- Validation F1: 0.842
2024-07-17,04:29:38 [INFO] Epoch: 20/30 -- Train Loss: 0.297 -- Validation Loss: 0.247 -- Validation ACC: 0.889 -- Validation F1: 0.900
2024-07-17,04:29:41 [INFO] Epoch: 24/30 -- Train Loss: 0.089 -- Validation Loss: 0.246 -- Validation ACC: 0.889 -- Validation F1: 0.900
2024-07-17,04:29:42 [INFO] Epoch: 25/30 -- Train Loss: 0.450 -- Validation Loss: 0.243 -- Validation ACC: 0.889 -- Validation F1: 0.900
2024-07-17,04:29:43 [INFO] Epoch: 26/30 -- Train Loss: 0.287 -- Validation Loss: 0.238 -- Validation ACC: 0.889 -- Validation F1: 0.900
2024-07-17,04:29:44 [INFO] Epoch: 27/30 -- Train Loss: 1.009 -- Validation Loss: 0.268 -- Validation ACC: 0.833 -- Validation F1: 0.824
2024-07-17,04:29:45 [INFO] Epoch: 28/30 -- Train Loss: 0.315 -- Validation Loss: 0.277 -- Validation ACC: 0.778 -- Validation F1: 0.750
2024-07-17,04:29:46 [INFO] Epoch: 29/30 -- Train Loss: 0.541 -- Validation Loss: 0.266 -- Validation ACC: 0.833 -- Validation F1: 0.824
2024-07-17,04:29:46 [INFO] Run 4/5: Average Over Last 6 epochs -- Valid ACC: 0.8518518518518517 -- Valid F1-score: 0.8495097955067953
2024-07-17,04:29:46 [INFO] Test Results of Run 4/5: -- Test Loss: 0.868 -- Test ACC: 0.670 -- Test F1: 0.694
2024-07-17,04:29:46 [INFO] Validation average after 5 runs -- ACC: 0.857 -- F1-score: 0.860
2024-07-17,04:29:46 [INFO] Test average after 5 runs -- ACC: 0.699 -- F1-score: 0.731
2024-07-17,04:29:46 [INFO] Finished round 5/10 of experiments!
2024-07-17,04:29:46 [INFO] Started round 6/10 of experiments!
2024-07-17,04:29:46 [INFO] Loading previous pretrained model at ./pretrained/GCN_Pretrained_2024-07-01-15-07-56.pth
2024-07-17,04:29:47 [INFO] Pretrained GNN on Source Dataset -- Test Loss: 0.661 -- Test ACC: 0.626 -- Test F1-score: 0.770
2024-07-17,04:29:47 [INFO] Pretrained GNN on Target Dataset Without Prompting: -- Validation Loss: 0.641 -- Validation ACC: 0.667 -- Validation F1-score: 0.800 -- Test Loss: 0.687 -- Test ACC: 0.574 -- Test F1-score: 0.729
2024-07-17,04:29:48 [INFO] Epoch: 0/30 -- Train Loss: 0.579 -- Validation Loss: 0.641 -- Validation ACC: 0.667 -- Validation F1: 0.800
2024-07-17,04:29:55 [INFO] Epoch: 10/30 -- Train Loss: 0.579 -- Validation Loss: 0.641 -- Validation ACC: 0.667 -- Validation F1: 0.800
2024-07-17,04:30:02 [INFO] Epoch: 20/30 -- Train Loss: 0.579 -- Validation Loss: 0.641 -- Validation ACC: 0.667 -- Validation F1: 0.800
2024-07-17,04:30:05 [INFO] Epoch: 24/30 -- Train Loss: 0.579 -- Validation Loss: 0.641 -- Validation ACC: 0.667 -- Validation F1: 0.800
2024-07-17,04:30:06 [INFO] Epoch: 25/30 -- Train Loss: 0.579 -- Validation Loss: 0.641 -- Validation ACC: 0.667 -- Validation F1: 0.800
2024-07-17,04:30:07 [INFO] Epoch: 26/30 -- Train Loss: 0.579 -- Validation Loss: 0.641 -- Validation ACC: 0.667 -- Validation F1: 0.800
2024-07-17,04:30:07 [INFO] Epoch: 27/30 -- Train Loss: 0.579 -- Validation Loss: 0.641 -- Validation ACC: 0.667 -- Validation F1: 0.800
2024-07-17,04:30:08 [INFO] Epoch: 28/30 -- Train Loss: 0.579 -- Validation Loss: 0.641 -- Validation ACC: 0.667 -- Validation F1: 0.800
2024-07-17,04:30:09 [INFO] Epoch: 29/30 -- Train Loss: 0.579 -- Validation Loss: 0.641 -- Validation ACC: 0.667 -- Validation F1: 0.800
2024-07-17,04:30:09 [INFO] Run 0/5: Average Over Last 6 epochs -- Valid ACC: 0.6666666666666666 -- Valid F1-score: 0.800000011920929
2024-07-17,04:30:09 [INFO] Test Results of Run 0/5: -- Test Loss: 0.687 -- Test ACC: 0.574 -- Test F1: 0.729
2024-07-17,04:30:10 [INFO] Epoch: 0/30 -- Train Loss: 0.579 -- Validation Loss: 0.641 -- Validation ACC: 0.667 -- Validation F1: 0.800
2024-07-17,04:30:17 [INFO] Epoch: 10/30 -- Train Loss: 0.579 -- Validation Loss: 0.641 -- Validation ACC: 0.667 -- Validation F1: 0.800
2024-07-17,04:30:25 [INFO] Epoch: 20/30 -- Train Loss: 0.579 -- Validation Loss: 0.641 -- Validation ACC: 0.667 -- Validation F1: 0.800
2024-07-17,04:30:28 [INFO] Epoch: 24/30 -- Train Loss: 0.579 -- Validation Loss: 0.641 -- Validation ACC: 0.667 -- Validation F1: 0.800
2024-07-17,04:30:29 [INFO] Epoch: 25/30 -- Train Loss: 0.579 -- Validation Loss: 0.641 -- Validation ACC: 0.667 -- Validation F1: 0.800
2024-07-17,04:30:29 [INFO] Epoch: 26/30 -- Train Loss: 0.579 -- Validation Loss: 0.641 -- Validation ACC: 0.667 -- Validation F1: 0.800
2024-07-17,04:30:31 [INFO] Epoch: 27/30 -- Train Loss: 0.579 -- Validation Loss: 0.641 -- Validation ACC: 0.667 -- Validation F1: 0.800
2024-07-17,04:30:31 [INFO] Epoch: 28/30 -- Train Loss: 0.579 -- Validation Loss: 0.641 -- Validation ACC: 0.667 -- Validation F1: 0.800
2024-07-17,04:30:33 [INFO] Epoch: 29/30 -- Train Loss: 0.579 -- Validation Loss: 0.641 -- Validation ACC: 0.667 -- Validation F1: 0.800
2024-07-17,04:30:33 [INFO] Run 1/5: Average Over Last 6 epochs -- Valid ACC: 0.6666666666666666 -- Valid F1-score: 0.800000011920929
2024-07-17,04:30:33 [INFO] Test Results of Run 1/5: -- Test Loss: 0.687 -- Test ACC: 0.574 -- Test F1: 0.729
2024-07-17,04:30:34 [INFO] Epoch: 0/30 -- Train Loss: 0.579 -- Validation Loss: 0.641 -- Validation ACC: 0.667 -- Validation F1: 0.800
2024-07-17,04:30:41 [INFO] Epoch: 10/30 -- Train Loss: 0.579 -- Validation Loss: 0.641 -- Validation ACC: 0.667 -- Validation F1: 0.800
2024-07-17,04:30:48 [INFO] Epoch: 20/30 -- Train Loss: 0.579 -- Validation Loss: 0.641 -- Validation ACC: 0.667 -- Validation F1: 0.800
2024-07-17,04:30:51 [INFO] Epoch: 24/30 -- Train Loss: 0.579 -- Validation Loss: 0.641 -- Validation ACC: 0.667 -- Validation F1: 0.800
2024-07-17,04:30:52 [INFO] Epoch: 25/30 -- Train Loss: 0.579 -- Validation Loss: 0.641 -- Validation ACC: 0.667 -- Validation F1: 0.800
2024-07-17,04:30:53 [INFO] Epoch: 26/30 -- Train Loss: 0.579 -- Validation Loss: 0.641 -- Validation ACC: 0.667 -- Validation F1: 0.800
2024-07-17,04:30:54 [INFO] Epoch: 27/30 -- Train Loss: 0.579 -- Validation Loss: 0.641 -- Validation ACC: 0.667 -- Validation F1: 0.800
2024-07-17,04:30:55 [INFO] Epoch: 28/30 -- Train Loss: 0.579 -- Validation Loss: 0.641 -- Validation ACC: 0.667 -- Validation F1: 0.800
2024-07-17,04:30:56 [INFO] Epoch: 29/30 -- Train Loss: 0.579 -- Validation Loss: 0.641 -- Validation ACC: 0.667 -- Validation F1: 0.800
2024-07-17,04:30:56 [INFO] Run 2/5: Average Over Last 6 epochs -- Valid ACC: 0.6666666666666666 -- Valid F1-score: 0.800000011920929
2024-07-17,04:30:56 [INFO] Test Results of Run 2/5: -- Test Loss: 0.687 -- Test ACC: 0.574 -- Test F1: 0.729
2024-07-17,04:30:57 [INFO] Epoch: 0/30 -- Train Loss: 0.579 -- Validation Loss: 0.641 -- Validation ACC: 0.667 -- Validation F1: 0.800
2024-07-17,04:31:04 [INFO] Epoch: 10/30 -- Train Loss: 0.579 -- Validation Loss: 0.641 -- Validation ACC: 0.667 -- Validation F1: 0.800
2024-07-17,04:31:11 [INFO] Epoch: 20/30 -- Train Loss: 0.579 -- Validation Loss: 0.641 -- Validation ACC: 0.667 -- Validation F1: 0.800
2024-07-17,04:31:14 [INFO] Epoch: 24/30 -- Train Loss: 0.579 -- Validation Loss: 0.641 -- Validation ACC: 0.667 -- Validation F1: 0.800
2024-07-17,04:31:15 [INFO] Epoch: 25/30 -- Train Loss: 0.579 -- Validation Loss: 0.641 -- Validation ACC: 0.667 -- Validation F1: 0.800
2024-07-17,04:31:16 [INFO] Epoch: 26/30 -- Train Loss: 0.579 -- Validation Loss: 0.641 -- Validation ACC: 0.667 -- Validation F1: 0.800
2024-07-17,04:31:17 [INFO] Epoch: 27/30 -- Train Loss: 0.579 -- Validation Loss: 0.641 -- Validation ACC: 0.667 -- Validation F1: 0.800
2024-07-17,04:31:18 [INFO] Epoch: 28/30 -- Train Loss: 0.579 -- Validation Loss: 0.641 -- Validation ACC: 0.667 -- Validation F1: 0.800
2024-07-17,04:31:19 [INFO] Epoch: 29/30 -- Train Loss: 0.579 -- Validation Loss: 0.641 -- Validation ACC: 0.667 -- Validation F1: 0.800
2024-07-17,04:31:19 [INFO] Run 3/5: Average Over Last 6 epochs -- Valid ACC: 0.6666666666666666 -- Valid F1-score: 0.800000011920929
2024-07-17,04:31:20 [INFO] Test Results of Run 3/5: -- Test Loss: 0.687 -- Test ACC: 0.574 -- Test F1: 0.729
2024-07-17,04:31:20 [INFO] Epoch: 0/30 -- Train Loss: 0.579 -- Validation Loss: 0.641 -- Validation ACC: 0.667 -- Validation F1: 0.800
2024-07-17,04:31:27 [INFO] Epoch: 10/30 -- Train Loss: 0.579 -- Validation Loss: 0.641 -- Validation ACC: 0.667 -- Validation F1: 0.800
2024-07-17,04:31:34 [INFO] Epoch: 20/30 -- Train Loss: 0.579 -- Validation Loss: 0.641 -- Validation ACC: 0.667 -- Validation F1: 0.800
2024-07-17,04:31:38 [INFO] Epoch: 24/30 -- Train Loss: 0.579 -- Validation Loss: 0.641 -- Validation ACC: 0.667 -- Validation F1: 0.800
2024-07-17,04:31:38 [INFO] Epoch: 25/30 -- Train Loss: 0.579 -- Validation Loss: 0.641 -- Validation ACC: 0.667 -- Validation F1: 0.800
2024-07-17,04:31:39 [INFO] Epoch: 26/30 -- Train Loss: 0.579 -- Validation Loss: 0.641 -- Validation ACC: 0.667 -- Validation F1: 0.800
2024-07-17,04:31:40 [INFO] Epoch: 27/30 -- Train Loss: 0.579 -- Validation Loss: 0.641 -- Validation ACC: 0.667 -- Validation F1: 0.800
2024-07-17,04:31:41 [INFO] Epoch: 28/30 -- Train Loss: 0.579 -- Validation Loss: 0.641 -- Validation ACC: 0.667 -- Validation F1: 0.800
2024-07-17,04:31:42 [INFO] Epoch: 29/30 -- Train Loss: 0.579 -- Validation Loss: 0.641 -- Validation ACC: 0.667 -- Validation F1: 0.800
2024-07-17,04:31:42 [INFO] Run 4/5: Average Over Last 6 epochs -- Valid ACC: 0.6666666666666666 -- Valid F1-score: 0.800000011920929
2024-07-17,04:31:43 [INFO] Test Results of Run 4/5: -- Test Loss: 0.687 -- Test ACC: 0.574 -- Test F1: 0.729
2024-07-17,04:31:43 [INFO] Validation average after 5 runs -- ACC: 0.667 -- F1-score: 0.800
2024-07-17,04:31:43 [INFO] Test average after 5 runs -- ACC: 0.574 -- F1-score: 0.729
2024-07-17,04:31:43 [INFO] Finished round 6/10 of experiments!
2024-07-17,04:31:43 [INFO] Started round 7/10 of experiments!
2024-07-17,04:31:43 [INFO] Loading previous pretrained model at ./pretrained/GCN_Pretrained_2024-07-01-15-10-20.pth
2024-07-17,04:31:43 [INFO] Pretrained GNN on Source Dataset -- Test Loss: 0.642 -- Test ACC: 0.670 -- Test F1-score: 0.708
2024-07-17,04:31:44 [INFO] Pretrained GNN on Target Dataset Without Prompting: -- Validation Loss: 0.357 -- Validation ACC: 0.833 -- Validation F1-score: 0.870 -- Test Loss: 0.708 -- Test ACC: 0.609 -- Test F1-score: 0.640
2024-07-17,04:31:45 [INFO] Epoch: 0/30 -- Train Loss: 0.452 -- Validation Loss: 0.351 -- Validation ACC: 0.833 -- Validation F1: 0.870
2024-07-17,04:31:52 [INFO] Epoch: 10/30 -- Train Loss: 0.546 -- Validation Loss: 0.323 -- Validation ACC: 0.833 -- Validation F1: 0.870
2024-07-17,04:31:59 [INFO] Epoch: 20/30 -- Train Loss: 0.429 -- Validation Loss: 0.336 -- Validation ACC: 0.833 -- Validation F1: 0.870
2024-07-17,04:32:02 [INFO] Epoch: 24/30 -- Train Loss: 0.149 -- Validation Loss: 0.325 -- Validation ACC: 0.833 -- Validation F1: 0.870
2024-07-17,04:32:03 [INFO] Epoch: 25/30 -- Train Loss: 0.249 -- Validation Loss: 0.289 -- Validation ACC: 0.833 -- Validation F1: 0.880
2024-07-17,04:32:04 [INFO] Epoch: 26/30 -- Train Loss: 1.129 -- Validation Loss: 0.288 -- Validation ACC: 0.833 -- Validation F1: 0.880
2024-07-17,04:32:05 [INFO] Epoch: 27/30 -- Train Loss: 0.197 -- Validation Loss: 0.292 -- Validation ACC: 0.833 -- Validation F1: 0.880
2024-07-17,04:32:06 [INFO] Epoch: 28/30 -- Train Loss: 0.561 -- Validation Loss: 0.310 -- Validation ACC: 0.833 -- Validation F1: 0.870
2024-07-17,04:32:06 [INFO] Epoch: 29/30 -- Train Loss: 0.401 -- Validation Loss: 0.321 -- Validation ACC: 0.833 -- Validation F1: 0.870
2024-07-17,04:32:06 [INFO] Run 0/5: Average Over Last 6 epochs -- Valid ACC: 0.8333333333333334 -- Valid F1-score: 0.8747825920581818
2024-07-17,04:32:07 [INFO] Test Results of Run 0/5: -- Test Loss: 0.709 -- Test ACC: 0.626 -- Test F1: 0.667
2024-07-17,04:32:08 [INFO] Epoch: 0/30 -- Train Loss: 0.702 -- Validation Loss: 0.316 -- Validation ACC: 0.833 -- Validation F1: 0.870
2024-07-17,04:32:15 [INFO] Epoch: 10/30 -- Train Loss: 0.032 -- Validation Loss: 0.385 -- Validation ACC: 0.778 -- Validation F1: 0.818
2024-07-17,04:32:21 [INFO] Epoch: 20/30 -- Train Loss: 0.058 -- Validation Loss: 0.288 -- Validation ACC: 0.833 -- Validation F1: 0.880
2024-07-17,04:32:24 [INFO] Epoch: 24/30 -- Train Loss: 0.241 -- Validation Loss: 0.294 -- Validation ACC: 0.833 -- Validation F1: 0.870
2024-07-17,04:32:25 [INFO] Epoch: 25/30 -- Train Loss: 0.682 -- Validation Loss: 0.295 -- Validation ACC: 0.833 -- Validation F1: 0.870
2024-07-17,04:32:26 [INFO] Epoch: 26/30 -- Train Loss: 0.999 -- Validation Loss: 0.321 -- Validation ACC: 0.833 -- Validation F1: 0.870
2024-07-17,04:32:27 [INFO] Epoch: 27/30 -- Train Loss: 0.700 -- Validation Loss: 0.364 -- Validation ACC: 0.833 -- Validation F1: 0.870
2024-07-17,04:32:28 [INFO] Epoch: 28/30 -- Train Loss: 0.362 -- Validation Loss: 0.366 -- Validation ACC: 0.833 -- Validation F1: 0.870
2024-07-17,04:32:29 [INFO] Epoch: 29/30 -- Train Loss: 0.805 -- Validation Loss: 0.342 -- Validation ACC: 0.833 -- Validation F1: 0.870
2024-07-17,04:32:29 [INFO] Run 1/5: Average Over Last 6 epochs -- Valid ACC: 0.8333333333333334 -- Valid F1-score: 0.8695651888847351
2024-07-17,04:32:29 [INFO] Test Results of Run 1/5: -- Test Loss: 0.703 -- Test ACC: 0.609 -- Test F1: 0.640
2024-07-17,04:32:30 [INFO] Epoch: 0/30 -- Train Loss: 0.281 -- Validation Loss: 0.339 -- Validation ACC: 0.778 -- Validation F1: 0.833
2024-07-17,04:32:37 [INFO] Epoch: 10/30 -- Train Loss: 0.456 -- Validation Loss: 0.351 -- Validation ACC: 0.833 -- Validation F1: 0.870
2024-07-17,04:32:44 [INFO] Epoch: 20/30 -- Train Loss: 0.459 -- Validation Loss: 0.372 -- Validation ACC: 0.778 -- Validation F1: 0.818
2024-07-17,04:32:46 [INFO] Epoch: 24/30 -- Train Loss: 0.029 -- Validation Loss: 0.289 -- Validation ACC: 0.833 -- Validation F1: 0.880
2024-07-17,04:32:47 [INFO] Epoch: 25/30 -- Train Loss: 0.119 -- Validation Loss: 0.288 -- Validation ACC: 0.833 -- Validation F1: 0.880
2024-07-17,04:32:48 [INFO] Epoch: 26/30 -- Train Loss: 0.611 -- Validation Loss: 0.284 -- Validation ACC: 0.833 -- Validation F1: 0.880
2024-07-17,04:32:49 [INFO] Epoch: 27/30 -- Train Loss: 0.534 -- Validation Loss: 0.281 -- Validation ACC: 0.833 -- Validation F1: 0.880
2024-07-17,04:32:50 [INFO] Epoch: 28/30 -- Train Loss: 0.257 -- Validation Loss: 0.277 -- Validation ACC: 0.833 -- Validation F1: 0.880
2024-07-17,04:32:51 [INFO] Epoch: 29/30 -- Train Loss: 0.829 -- Validation Loss: 0.276 -- Validation ACC: 0.889 -- Validation F1: 0.923
2024-07-17,04:32:51 [INFO] Run 2/5: Average Over Last 6 epochs -- Valid ACC: 0.8425925925925926 -- Valid F1-score: 0.8871794839700063
2024-07-17,04:32:52 [INFO] Test Results of Run 2/5: -- Test Loss: 0.781 -- Test ACC: 0.583 -- Test F1: 0.671
2024-07-17,04:32:53 [INFO] Epoch: 0/30 -- Train Loss: 0.433 -- Validation Loss: 0.419 -- Validation ACC: 0.778 -- Validation F1: 0.818
2024-07-17,04:33:00 [INFO] Epoch: 10/30 -- Train Loss: 0.603 -- Validation Loss: 0.274 -- Validation ACC: 0.889 -- Validation F1: 0.923
2024-07-17,04:33:07 [INFO] Epoch: 20/30 -- Train Loss: 0.314 -- Validation Loss: 0.281 -- Validation ACC: 0.833 -- Validation F1: 0.880
2024-07-17,04:33:10 [INFO] Epoch: 24/30 -- Train Loss: 0.101 -- Validation Loss: 0.335 -- Validation ACC: 0.833 -- Validation F1: 0.870
2024-07-17,04:33:11 [INFO] Epoch: 25/30 -- Train Loss: 0.213 -- Validation Loss: 0.338 -- Validation ACC: 0.833 -- Validation F1: 0.870
2024-07-17,04:33:12 [INFO] Epoch: 26/30 -- Train Loss: 0.450 -- Validation Loss: 0.359 -- Validation ACC: 0.778 -- Validation F1: 0.818
2024-07-17,04:33:13 [INFO] Epoch: 27/30 -- Train Loss: 0.511 -- Validation Loss: 0.364 -- Validation ACC: 0.778 -- Validation F1: 0.818
2024-07-17,04:33:14 [INFO] Epoch: 28/30 -- Train Loss: 0.822 -- Validation Loss: 0.356 -- Validation ACC: 0.833 -- Validation F1: 0.870
2024-07-17,04:33:15 [INFO] Epoch: 29/30 -- Train Loss: 0.639 -- Validation Loss: 0.357 -- Validation ACC: 0.833 -- Validation F1: 0.870
2024-07-17,04:33:15 [INFO] Run 3/5: Average Over Last 6 epochs -- Valid ACC: 0.8148148148148148 -- Valid F1-score: 0.8524373968442281
2024-07-17,04:33:15 [INFO] Test Results of Run 3/5: -- Test Loss: 0.707 -- Test ACC: 0.626 -- Test F1: 0.661
2024-07-17,04:33:16 [INFO] Epoch: 0/30 -- Train Loss: 0.758 -- Validation Loss: 0.343 -- Validation ACC: 0.833 -- Validation F1: 0.870
2024-07-17,04:33:23 [INFO] Epoch: 10/30 -- Train Loss: 0.912 -- Validation Loss: 0.279 -- Validation ACC: 0.833 -- Validation F1: 0.880
2024-07-17,04:33:29 [INFO] Epoch: 20/30 -- Train Loss: 0.425 -- Validation Loss: 0.303 -- Validation ACC: 0.889 -- Validation F1: 0.917
2024-07-17,04:33:32 [INFO] Epoch: 24/30 -- Train Loss: 0.564 -- Validation Loss: 0.312 -- Validation ACC: 0.833 -- Validation F1: 0.870
2024-07-17,04:33:33 [INFO] Epoch: 25/30 -- Train Loss: 0.429 -- Validation Loss: 0.329 -- Validation ACC: 0.833 -- Validation F1: 0.870
2024-07-17,04:33:34 [INFO] Epoch: 26/30 -- Train Loss: 0.597 -- Validation Loss: 0.348 -- Validation ACC: 0.833 -- Validation F1: 0.870
2024-07-17,04:33:35 [INFO] Epoch: 27/30 -- Train Loss: 0.523 -- Validation Loss: 0.353 -- Validation ACC: 0.833 -- Validation F1: 0.870
2024-07-17,04:33:35 [INFO] Epoch: 28/30 -- Train Loss: 0.556 -- Validation Loss: 0.360 -- Validation ACC: 0.833 -- Validation F1: 0.870
2024-07-17,04:33:36 [INFO] Epoch: 29/30 -- Train Loss: 0.433 -- Validation Loss: 0.357 -- Validation ACC: 0.833 -- Validation F1: 0.870
2024-07-17,04:33:36 [INFO] Run 4/5: Average Over Last 6 epochs -- Valid ACC: 0.8333333333333334 -- Valid F1-score: 0.8695651888847351
2024-07-17,04:33:37 [INFO] Test Results of Run 4/5: -- Test Loss: 0.703 -- Test ACC: 0.626 -- Test F1: 0.661
2024-07-17,04:33:37 [INFO] Validation average after 5 runs -- ACC: 0.831 -- F1-score: 0.871
2024-07-17,04:33:37 [INFO] Test average after 5 runs -- ACC: 0.614 -- F1-score: 0.660
2024-07-17,04:33:37 [INFO] Finished round 7/10 of experiments!
2024-07-17,04:33:37 [INFO] Started round 8/10 of experiments!
2024-07-17,04:33:37 [INFO] Loading previous pretrained model at ./pretrained/GCN_Pretrained_2024-07-01-15-12-47.pth
2024-07-17,04:33:38 [INFO] Pretrained GNN on Source Dataset -- Test Loss: 0.883 -- Test ACC: 0.696 -- Test F1-score: 0.733
2024-07-17,04:33:38 [INFO] Pretrained GNN on Target Dataset Without Prompting: -- Validation Loss: 0.933 -- Validation ACC: 0.833 -- Validation F1-score: 0.889 -- Test Loss: 1.174 -- Test ACC: 0.652 -- Test F1-score: 0.714
2024-07-17,04:33:39 [INFO] Epoch: 0/30 -- Train Loss: 0.851 -- Validation Loss: 0.990 -- Validation ACC: 0.778 -- Validation F1: 0.846
2024-07-17,04:33:46 [INFO] Epoch: 10/30 -- Train Loss: 0.609 -- Validation Loss: 0.938 -- Validation ACC: 0.833 -- Validation F1: 0.889
2024-07-17,04:33:53 [INFO] Epoch: 20/30 -- Train Loss: 0.557 -- Validation Loss: 0.984 -- Validation ACC: 0.778 -- Validation F1: 0.833
2024-07-17,04:33:56 [INFO] Epoch: 24/30 -- Train Loss: 0.664 -- Validation Loss: 0.954 -- Validation ACC: 0.778 -- Validation F1: 0.833
2024-07-17,04:33:56 [INFO] Epoch: 25/30 -- Train Loss: 0.649 -- Validation Loss: 0.952 -- Validation ACC: 0.778 -- Validation F1: 0.833
2024-07-17,04:33:57 [INFO] Epoch: 26/30 -- Train Loss: 0.459 -- Validation Loss: 0.957 -- Validation ACC: 0.778 -- Validation F1: 0.846
2024-07-17,04:33:58 [INFO] Epoch: 27/30 -- Train Loss: 0.314 -- Validation Loss: 0.962 -- Validation ACC: 0.778 -- Validation F1: 0.846
2024-07-17,04:33:59 [INFO] Epoch: 28/30 -- Train Loss: 0.389 -- Validation Loss: 0.965 -- Validation ACC: 0.722 -- Validation F1: 0.800
2024-07-17,04:34:00 [INFO] Epoch: 29/30 -- Train Loss: 0.265 -- Validation Loss: 0.970 -- Validation ACC: 0.833 -- Validation F1: 0.889
2024-07-17,04:34:00 [INFO] Run 0/5: Average Over Last 6 epochs -- Valid ACC: 0.7777777777777778 -- Valid F1-score: 0.8413105408350626
2024-07-17,04:34:00 [INFO] Test Results of Run 0/5: -- Test Loss: 1.159 -- Test ACC: 0.661 -- Test F1: 0.715
2024-07-17,04:34:01 [INFO] Epoch: 0/30 -- Train Loss: 0.073 -- Validation Loss: 0.951 -- Validation ACC: 0.778 -- Validation F1: 0.846
2024-07-17,04:34:09 [INFO] Epoch: 10/30 -- Train Loss: 0.550 -- Validation Loss: 1.002 -- Validation ACC: 0.833 -- Validation F1: 0.889
2024-07-17,04:34:15 [INFO] Epoch: 20/30 -- Train Loss: 0.139 -- Validation Loss: 0.924 -- Validation ACC: 0.778 -- Validation F1: 0.833
2024-07-17,04:34:17 [INFO] Epoch: 24/30 -- Train Loss: 0.163 -- Validation Loss: 0.908 -- Validation ACC: 0.833 -- Validation F1: 0.889
2024-07-17,04:34:18 [INFO] Epoch: 25/30 -- Train Loss: 0.442 -- Validation Loss: 0.912 -- Validation ACC: 0.833 -- Validation F1: 0.889
2024-07-17,04:34:19 [INFO] Epoch: 26/30 -- Train Loss: 0.020 -- Validation Loss: 0.918 -- Validation ACC: 0.778 -- Validation F1: 0.857
2024-07-17,04:34:20 [INFO] Epoch: 27/30 -- Train Loss: 0.116 -- Validation Loss: 0.922 -- Validation ACC: 0.778 -- Validation F1: 0.857
2024-07-17,04:34:21 [INFO] Epoch: 28/30 -- Train Loss: 0.380 -- Validation Loss: 0.915 -- Validation ACC: 0.833 -- Validation F1: 0.889
2024-07-17,04:34:22 [INFO] Epoch: 29/30 -- Train Loss: 0.135 -- Validation Loss: 0.912 -- Validation ACC: 0.833 -- Validation F1: 0.889
2024-07-17,04:34:22 [INFO] Run 1/5: Average Over Last 6 epochs -- Valid ACC: 0.8148148148148148 -- Valid F1-score: 0.8783068855603536
2024-07-17,04:34:22 [INFO] Test Results of Run 1/5: -- Test Loss: 1.195 -- Test ACC: 0.661 -- Test F1: 0.727
2024-07-17,04:34:23 [INFO] Epoch: 0/30 -- Train Loss: 0.451 -- Validation Loss: 0.970 -- Validation ACC: 0.833 -- Validation F1: 0.880
2024-07-17,04:34:30 [INFO] Epoch: 10/30 -- Train Loss: 0.070 -- Validation Loss: 0.931 -- Validation ACC: 0.778 -- Validation F1: 0.846
2024-07-17,04:34:37 [INFO] Epoch: 20/30 -- Train Loss: 0.088 -- Validation Loss: 0.931 -- Validation ACC: 0.778 -- Validation F1: 0.846
2024-07-17,04:34:40 [INFO] Epoch: 24/30 -- Train Loss: 0.001 -- Validation Loss: 1.042 -- Validation ACC: 0.778 -- Validation F1: 0.857
2024-07-17,04:34:41 [INFO] Epoch: 25/30 -- Train Loss: 0.423 -- Validation Loss: 1.024 -- Validation ACC: 0.778 -- Validation F1: 0.857
2024-07-17,04:34:42 [INFO] Epoch: 26/30 -- Train Loss: 0.587 -- Validation Loss: 1.012 -- Validation ACC: 0.778 -- Validation F1: 0.857
2024-07-17,04:34:43 [INFO] Epoch: 27/30 -- Train Loss: 0.642 -- Validation Loss: 0.996 -- Validation ACC: 0.778 -- Validation F1: 0.857
2024-07-17,04:34:44 [INFO] Epoch: 28/30 -- Train Loss: 0.654 -- Validation Loss: 0.982 -- Validation ACC: 0.778 -- Validation F1: 0.857
2024-07-17,04:34:45 [INFO] Epoch: 29/30 -- Train Loss: 0.929 -- Validation Loss: 0.971 -- Validation ACC: 0.778 -- Validation F1: 0.857
2024-07-17,04:34:45 [INFO] Run 2/5: Average Over Last 6 epochs -- Valid ACC: 0.7777777777777778 -- Valid F1-score: 0.8571428656578064
2024-07-17,04:34:45 [INFO] Test Results of Run 2/5: -- Test Loss: 1.163 -- Test ACC: 0.652 -- Test F1: 0.714
2024-07-17,04:34:46 [INFO] Epoch: 0/30 -- Train Loss: 0.241 -- Validation Loss: 0.992 -- Validation ACC: 0.833 -- Validation F1: 0.889
2024-07-17,04:34:53 [INFO] Epoch: 10/30 -- Train Loss: 0.303 -- Validation Loss: 0.916 -- Validation ACC: 0.833 -- Validation F1: 0.889
2024-07-17,04:34:59 [INFO] Epoch: 20/30 -- Train Loss: 0.530 -- Validation Loss: 0.921 -- Validation ACC: 0.833 -- Validation F1: 0.889
2024-07-17,04:35:02 [INFO] Epoch: 24/30 -- Train Loss: 0.100 -- Validation Loss: 0.925 -- Validation ACC: 0.778 -- Validation F1: 0.857
2024-07-17,04:35:03 [INFO] Epoch: 25/30 -- Train Loss: 0.620 -- Validation Loss: 0.934 -- Validation ACC: 0.778 -- Validation F1: 0.857
2024-07-17,04:35:04 [INFO] Epoch: 26/30 -- Train Loss: 0.375 -- Validation Loss: 0.933 -- Validation ACC: 0.778 -- Validation F1: 0.857
2024-07-17,04:35:05 [INFO] Epoch: 27/30 -- Train Loss: 0.500 -- Validation Loss: 0.919 -- Validation ACC: 0.833 -- Validation F1: 0.889
2024-07-17,04:35:06 [INFO] Epoch: 28/30 -- Train Loss: 0.011 -- Validation Loss: 0.913 -- Validation ACC: 0.833 -- Validation F1: 0.889
2024-07-17,04:35:07 [INFO] Epoch: 29/30 -- Train Loss: 0.240 -- Validation Loss: 0.925 -- Validation ACC: 0.833 -- Validation F1: 0.889
2024-07-17,04:35:07 [INFO] Run 3/5: Average Over Last 6 epochs -- Valid ACC: 0.8055555555555555 -- Valid F1-score: 0.8730158805847168
2024-07-17,04:35:07 [INFO] Test Results of Run 3/5: -- Test Loss: 1.153 -- Test ACC: 0.643 -- Test F1: 0.705
2024-07-17,04:35:08 [INFO] Epoch: 0/30 -- Train Loss: 0.202 -- Validation Loss: 0.966 -- Validation ACC: 0.833 -- Validation F1: 0.880
2024-07-17,04:35:15 [INFO] Epoch: 10/30 -- Train Loss: 0.522 -- Validation Loss: 0.946 -- Validation ACC: 0.778 -- Validation F1: 0.846
2024-07-17,04:35:21 [INFO] Epoch: 20/30 -- Train Loss: 0.028 -- Validation Loss: 0.984 -- Validation ACC: 0.833 -- Validation F1: 0.889
2024-07-17,04:35:24 [INFO] Epoch: 24/30 -- Train Loss: 0.587 -- Validation Loss: 0.930 -- Validation ACC: 0.833 -- Validation F1: 0.889
2024-07-17,04:35:25 [INFO] Epoch: 25/30 -- Train Loss: 0.158 -- Validation Loss: 0.924 -- Validation ACC: 0.722 -- Validation F1: 0.800
2024-07-17,04:35:26 [INFO] Epoch: 26/30 -- Train Loss: 0.349 -- Validation Loss: 0.925 -- Validation ACC: 0.778 -- Validation F1: 0.833
2024-07-17,04:35:27 [INFO] Epoch: 27/30 -- Train Loss: 0.453 -- Validation Loss: 0.932 -- Validation ACC: 0.778 -- Validation F1: 0.833
2024-07-17,04:35:28 [INFO] Epoch: 28/30 -- Train Loss: 0.182 -- Validation Loss: 0.932 -- Validation ACC: 0.778 -- Validation F1: 0.833
2024-07-17,04:35:29 [INFO] Epoch: 29/30 -- Train Loss: 0.573 -- Validation Loss: 0.926 -- Validation ACC: 0.833 -- Validation F1: 0.880
2024-07-17,04:35:29 [INFO] Run 4/5: Average Over Last 6 epochs -- Valid ACC: 0.7870370370370371 -- Valid F1-score: 0.84481480717659
2024-07-17,04:35:29 [INFO] Test Results of Run 4/5: -- Test Loss: 1.216 -- Test ACC: 0.652 -- Test F1: 0.710
2024-07-17,04:35:29 [INFO] Validation average after 5 runs -- ACC: 0.793 -- F1-score: 0.859
2024-07-17,04:35:29 [INFO] Test average after 5 runs -- ACC: 0.654 -- F1-score: 0.714
2024-07-17,04:35:29 [INFO] Finished round 8/10 of experiments!
2024-07-17,04:35:29 [INFO] Started round 9/10 of experiments!
2024-07-17,04:35:30 [INFO] Loading previous pretrained model at ./pretrained/GCN_Pretrained_2024-07-01-15-15-13.pth
2024-07-17,04:35:30 [INFO] Pretrained GNN on Source Dataset -- Test Loss: 0.947 -- Test ACC: 0.757 -- Test F1-score: 0.785
2024-07-17,04:35:31 [INFO] Pretrained GNN on Target Dataset Without Prompting: -- Validation Loss: 0.804 -- Validation ACC: 0.722 -- Validation F1-score: 0.762 -- Test Loss: 0.876 -- Test ACC: 0.739 -- Test F1-score: 0.789
2024-07-17,04:35:32 [INFO] Epoch: 0/30 -- Train Loss: 0.613 -- Validation Loss: 0.773 -- Validation ACC: 0.722 -- Validation F1: 0.762
2024-07-17,04:35:39 [INFO] Epoch: 10/30 -- Train Loss: 0.095 -- Validation Loss: 0.780 -- Validation ACC: 0.722 -- Validation F1: 0.762
2024-07-17,04:35:46 [INFO] Epoch: 20/30 -- Train Loss: 0.729 -- Validation Loss: 0.815 -- Validation ACC: 0.722 -- Validation F1: 0.762
2024-07-17,04:35:49 [INFO] Epoch: 24/30 -- Train Loss: 0.202 -- Validation Loss: 0.965 -- Validation ACC: 0.722 -- Validation F1: 0.762
2024-07-17,04:35:50 [INFO] Epoch: 25/30 -- Train Loss: 2.097 -- Validation Loss: 0.933 -- Validation ACC: 0.722 -- Validation F1: 0.762
2024-07-17,04:35:51 [INFO] Epoch: 26/30 -- Train Loss: 0.157 -- Validation Loss: 0.898 -- Validation ACC: 0.722 -- Validation F1: 0.762
2024-07-17,04:35:51 [INFO] Epoch: 27/30 -- Train Loss: 0.001 -- Validation Loss: 0.849 -- Validation ACC: 0.722 -- Validation F1: 0.762
2024-07-17,04:35:53 [INFO] Epoch: 28/30 -- Train Loss: 0.560 -- Validation Loss: 0.793 -- Validation ACC: 0.722 -- Validation F1: 0.762
2024-07-17,04:35:54 [INFO] Epoch: 29/30 -- Train Loss: 0.107 -- Validation Loss: 0.752 -- Validation ACC: 0.722 -- Validation F1: 0.762
2024-07-17,04:35:54 [INFO] Run 0/5: Average Over Last 6 epochs -- Valid ACC: 0.7222222222222222 -- Valid F1-score: 0.761904776096344
2024-07-17,04:35:54 [INFO] Test Results of Run 0/5: -- Test Loss: 0.869 -- Test ACC: 0.765 -- Test F1: 0.816
2024-07-17,04:35:55 [INFO] Epoch: 0/30 -- Train Loss: 0.063 -- Validation Loss: 0.827 -- Validation ACC: 0.722 -- Validation F1: 0.762
2024-07-17,04:36:02 [INFO] Epoch: 10/30 -- Train Loss: 0.162 -- Validation Loss: 0.652 -- Validation ACC: 0.778 -- Validation F1: 0.818
2024-07-17,04:36:08 [INFO] Epoch: 20/30 -- Train Loss: 0.114 -- Validation Loss: 0.704 -- Validation ACC: 0.778 -- Validation F1: 0.818
2024-07-17,04:36:12 [INFO] Epoch: 24/30 -- Train Loss: 1.424 -- Validation Loss: 0.847 -- Validation ACC: 0.722 -- Validation F1: 0.762
2024-07-17,04:36:13 [INFO] Epoch: 25/30 -- Train Loss: 0.691 -- Validation Loss: 0.859 -- Validation ACC: 0.722 -- Validation F1: 0.762
2024-07-17,04:36:14 [INFO] Epoch: 26/30 -- Train Loss: 0.672 -- Validation Loss: 0.827 -- Validation ACC: 0.722 -- Validation F1: 0.762
2024-07-17,04:36:14 [INFO] Epoch: 27/30 -- Train Loss: 0.112 -- Validation Loss: 0.804 -- Validation ACC: 0.722 -- Validation F1: 0.762
2024-07-17,04:36:16 [INFO] Epoch: 28/30 -- Train Loss: 0.369 -- Validation Loss: 0.802 -- Validation ACC: 0.722 -- Validation F1: 0.762
2024-07-17,04:36:17 [INFO] Epoch: 29/30 -- Train Loss: 0.140 -- Validation Loss: 0.792 -- Validation ACC: 0.722 -- Validation F1: 0.762
2024-07-17,04:36:17 [INFO] Run 1/5: Average Over Last 6 epochs -- Valid ACC: 0.7222222222222222 -- Valid F1-score: 0.761904776096344
2024-07-17,04:36:17 [INFO] Test Results of Run 1/5: -- Test Loss: 0.889 -- Test ACC: 0.783 -- Test F1: 0.834
2024-07-17,04:36:18 [INFO] Epoch: 0/30 -- Train Loss: 0.876 -- Validation Loss: 0.873 -- Validation ACC: 0.722 -- Validation F1: 0.762
2024-07-17,04:36:25 [INFO] Epoch: 10/30 -- Train Loss: 0.210 -- Validation Loss: 0.822 -- Validation ACC: 0.722 -- Validation F1: 0.762
2024-07-17,04:36:33 [INFO] Epoch: 20/30 -- Train Loss: 1.566 -- Validation Loss: 0.760 -- Validation ACC: 0.778 -- Validation F1: 0.818
2024-07-17,04:36:36 [INFO] Epoch: 24/30 -- Train Loss: 0.017 -- Validation Loss: 0.912 -- Validation ACC: 0.722 -- Validation F1: 0.762
2024-07-17,04:36:37 [INFO] Epoch: 25/30 -- Train Loss: 0.000 -- Validation Loss: 0.966 -- Validation ACC: 0.722 -- Validation F1: 0.762
2024-07-17,04:36:38 [INFO] Epoch: 26/30 -- Train Loss: 0.416 -- Validation Loss: 1.032 -- Validation ACC: 0.722 -- Validation F1: 0.762
2024-07-17,04:36:39 [INFO] Epoch: 27/30 -- Train Loss: 1.546 -- Validation Loss: 1.055 -- Validation ACC: 0.667 -- Validation F1: 0.700
2024-07-17,04:36:40 [INFO] Epoch: 28/30 -- Train Loss: 0.521 -- Validation Loss: 1.007 -- Validation ACC: 0.722 -- Validation F1: 0.762
2024-07-17,04:36:41 [INFO] Epoch: 29/30 -- Train Loss: 0.006 -- Validation Loss: 0.957 -- Validation ACC: 0.722 -- Validation F1: 0.762
2024-07-17,04:36:41 [INFO] Run 2/5: Average Over Last 6 epochs -- Valid ACC: 0.7129629629629629 -- Valid F1-score: 0.7515873114267985
2024-07-17,04:36:41 [INFO] Test Results of Run 2/5: -- Test Loss: 0.957 -- Test ACC: 0.704 -- Test F1: 0.742
2024-07-17,04:36:42 [INFO] Epoch: 0/30 -- Train Loss: 0.592 -- Validation Loss: 0.864 -- Validation ACC: 0.722 -- Validation F1: 0.762
2024-07-17,04:36:50 [INFO] Epoch: 10/30 -- Train Loss: 0.229 -- Validation Loss: 0.853 -- Validation ACC: 0.722 -- Validation F1: 0.762
2024-07-17,04:36:57 [INFO] Epoch: 20/30 -- Train Loss: 0.405 -- Validation Loss: 0.765 -- Validation ACC: 0.722 -- Validation F1: 0.762
2024-07-17,04:37:00 [INFO] Epoch: 24/30 -- Train Loss: 0.470 -- Validation Loss: 0.753 -- Validation ACC: 0.722 -- Validation F1: 0.762
2024-07-17,04:37:01 [INFO] Epoch: 25/30 -- Train Loss: 0.041 -- Validation Loss: 0.813 -- Validation ACC: 0.722 -- Validation F1: 0.762
2024-07-17,04:37:02 [INFO] Epoch: 26/30 -- Train Loss: 0.071 -- Validation Loss: 0.837 -- Validation ACC: 0.722 -- Validation F1: 0.762
2024-07-17,04:37:03 [INFO] Epoch: 27/30 -- Train Loss: 0.009 -- Validation Loss: 0.809 -- Validation ACC: 0.722 -- Validation F1: 0.762
2024-07-17,04:37:04 [INFO] Epoch: 28/30 -- Train Loss: 0.127 -- Validation Loss: 0.752 -- Validation ACC: 0.722 -- Validation F1: 0.762
2024-07-17,04:37:05 [INFO] Epoch: 29/30 -- Train Loss: 0.012 -- Validation Loss: 0.713 -- Validation ACC: 0.722 -- Validation F1: 0.762
2024-07-17,04:37:05 [INFO] Run 3/5: Average Over Last 6 epochs -- Valid ACC: 0.7222222222222222 -- Valid F1-score: 0.761904776096344
2024-07-17,04:37:05 [INFO] Test Results of Run 3/5: -- Test Loss: 0.887 -- Test ACC: 0.757 -- Test F1: 0.806
2024-07-17,04:37:06 [INFO] Epoch: 0/30 -- Train Loss: 0.000 -- Validation Loss: 0.893 -- Validation ACC: 0.722 -- Validation F1: 0.762
2024-07-17,04:37:13 [INFO] Epoch: 10/30 -- Train Loss: 0.138 -- Validation Loss: 0.849 -- Validation ACC: 0.722 -- Validation F1: 0.762
2024-07-17,04:37:20 [INFO] Epoch: 20/30 -- Train Loss: 0.049 -- Validation Loss: 0.798 -- Validation ACC: 0.722 -- Validation F1: 0.762
2024-07-17,04:37:23 [INFO] Epoch: 24/30 -- Train Loss: 0.021 -- Validation Loss: 0.740 -- Validation ACC: 0.778 -- Validation F1: 0.818
2024-07-17,04:37:24 [INFO] Epoch: 25/30 -- Train Loss: 0.201 -- Validation Loss: 0.743 -- Validation ACC: 0.778 -- Validation F1: 0.818
2024-07-17,04:37:25 [INFO] Epoch: 26/30 -- Train Loss: 0.019 -- Validation Loss: 0.728 -- Validation ACC: 0.722 -- Validation F1: 0.762
2024-07-17,04:37:26 [INFO] Epoch: 27/30 -- Train Loss: 0.648 -- Validation Loss: 0.696 -- Validation ACC: 0.778 -- Validation F1: 0.818
2024-07-17,04:37:27 [INFO] Epoch: 28/30 -- Train Loss: 0.012 -- Validation Loss: 0.729 -- Validation ACC: 0.722 -- Validation F1: 0.762
2024-07-17,04:37:28 [INFO] Epoch: 29/30 -- Train Loss: 0.144 -- Validation Loss: 0.785 -- Validation ACC: 0.722 -- Validation F1: 0.762
2024-07-17,04:37:28 [INFO] Run 4/5: Average Over Last 6 epochs -- Valid ACC: 0.75 -- Valid F1-score: 0.790043294429779
2024-07-17,04:37:28 [INFO] Test Results of Run 4/5: -- Test Loss: 0.943 -- Test ACC: 0.713 -- Test F1: 0.756
2024-07-17,04:37:28 [INFO] Validation average after 5 runs -- ACC: 0.726 -- F1-score: 0.765
2024-07-17,04:37:28 [INFO] Test average after 5 runs -- ACC: 0.744 -- F1-score: 0.791
2024-07-17,04:37:28 [INFO] Finished round 9/10 of experiments!
2024-07-17,04:37:28 [INFO] Final results: -- Source Test Acc: 0.703 -- Source Test F1: 0.750 -- Target Valid Acc: 0.711 -- Target Valid F1: 0.770 -- Target Test Acc: 0.686 -- Target Test F1: 0.747 -- Prompt Test Acc: 0.686 -- Prompt Valid Acc: 0.703 -- Prompt Test F1: 0.751 -- Prompt Valid F1: 0.762
2024-07-17,04:37:28 [INFO] Pretrained modela are saved to: ./pretrained/GCN_Pretrained_2024-07-01-14-54-05.pth ./pretrained/GCN_Pretrained_2024-07-01-14-56-23.pth ./pretrained/GCN_Pretrained_2024-07-01-14-58-41.pth ./pretrained/GCN_Pretrained_2024-07-01-15-00-59.pth ./pretrained/GCN_Pretrained_2024-07-01-15-03-17.pth ./pretrained/GCN_Pretrained_2024-07-01-15-05-37.pth ./pretrained/GCN_Pretrained_2024-07-01-15-07-56.pth ./pretrained/GCN_Pretrained_2024-07-01-15-10-20.pth ./pretrained/GCN_Pretrained_2024-07-01-15-12-47.pth ./pretrained/GCN_Pretrained_2024-07-01-15-15-13.pth
