2024-07-22,14:07:45 [INFO] Logging to: ./log/2024-07-22-14-07-45.log
2024-07-22,14:07:45 [INFO] Reading config from: ./config/dhfr.yaml
2024-07-22,14:07:45 [INFO] Namespace(total_iters=10, prompt_method='all_in_one_original', s_dataset='DHFR', t_dataset='DHFR', prompt_fn='gpf_plus', shift_type='structural', p_shift_intra=0.0, p_shift_inter=0.0, pretrain=True, save_pretrained=False, soft_label=False, add_link_loss=False, attn_with_param=False, empty_pretrained_dir=False, iterative_clustering=False, clutering_iters=3, entropy_div_ratio=3, w_entropy_loss=0.0, w_softmax_loss=0.0, w_domain_loss=0.0, r_reg=0.0, gnn_weight_decay=0.0, weight_decay=0.0, gnn_type='gcn', gnn_num_layers=3, pretrained_path=['./pretrained/GCN_Pretrained_2024-07-01-14-54-05.pth', './pretrained/GCN_Pretrained_2024-07-01-14-56-23.pth', './pretrained/GCN_Pretrained_2024-07-01-14-58-41.pth', './pretrained/GCN_Pretrained_2024-07-01-15-00-59.pth', './pretrained/GCN_Pretrained_2024-07-01-15-03-17.pth', './pretrained/GCN_Pretrained_2024-07-01-15-05-37.pth', './pretrained/GCN_Pretrained_2024-07-01-15-07-56.pth', './pretrained/GCN_Pretrained_2024-07-01-15-10-20.pth', './pretrained/GCN_Pretrained_2024-07-01-15-12-47.pth', './pretrained/GCN_Pretrained_2024-07-01-15-15-13.pth'], gnn_n_epochs=100, gnn_eval_step=10, gnn_h_dim=512, gnn_lr=0.01, gnn_step_size=50, gnn_gamma=0.5, gnn_batch_size=64, gnn_dropout=0.4, n_epochs=30, eval_step=10, h_dim=512, lr=0.001, step_size=50, gamma=0.5, batch_size=64, num_tokens=50, src_ratio=0.5, dropout=0.3, cut_off=0.5, aug_type='feature', light_aug_prob=0.1, light_aug_mode='mask', pos_aug_mode='mask', neg_aug_mode='arbitrary', noise_cov_scale=1.0, noise_mean_shift=1.0, noise_shift_mode='homophily', noise_select_mode='soft', cross_prune=0.8, inner_prune=0.3, num_runs=5, p_raug=0.15, n_raug=0.15, s_split=[0.65, 0.3], t_split=[0.65, 0.3], seed=[1676, 3733, 3589, 4867, 2980, 1142, 3035, 4432, 4672, 4010], config_from_file='./config/dhfr.yaml', config_to_file='', label_reduction=0.5)
2024-07-22,14:07:45 [INFO] ####################################################################################################
2024-07-22,14:07:45 [INFO] Args seeds: [1676, 3733, 3589, 4867, 2980, 1142, 3035, 4432, 4672, 4010]
2024-07-22,14:07:45 [INFO] Source Dataset: DHFR, Target Dataset: DHFR. Training, Test: Source: [0.65, 0.3], Target: [0.65, 0.3] -- Batch size: 64
2024-07-22,14:07:45 [INFO] All input pretrained paths: ['./pretrained/GCN_Pretrained_2024-07-01-14-54-05.pth', './pretrained/GCN_Pretrained_2024-07-01-14-56-23.pth', './pretrained/GCN_Pretrained_2024-07-01-14-58-41.pth', './pretrained/GCN_Pretrained_2024-07-01-15-00-59.pth', './pretrained/GCN_Pretrained_2024-07-01-15-03-17.pth', './pretrained/GCN_Pretrained_2024-07-01-15-05-37.pth', './pretrained/GCN_Pretrained_2024-07-01-15-07-56.pth', './pretrained/GCN_Pretrained_2024-07-01-15-10-20.pth', './pretrained/GCN_Pretrained_2024-07-01-15-12-47.pth', './pretrained/GCN_Pretrained_2024-07-01-15-15-13.pth']
2024-07-22,14:07:45 [INFO] Started round 0/10 of experiments!
2024-07-22,14:07:45 [INFO] Setting for pretraining: Model: {'gnn_type': 'gcn', 'in_channels': 56, 'hidden_channels': 512, 'out_channels': 2, 'num_layers': 3, 'dropout': 0.4, 'with_bn': False, 'with_head': True} -- Optimizer: {'lr': 0.01, 'scheduler_step_size': 50, 'scheduler_gamma': 0.5, 'weight_decay': 0.0} -- Training: {'n_epochs': 100}
2024-07-22,14:07:45 [INFO] Loading previous pretrained model at ./pretrained/GCN_Pretrained_2024-07-01-14-54-05.pth
2024-07-22,14:07:45 [INFO] Total number of tokens: 50
2024-07-22,14:07:45 [INFO] Prompting method: all_in_one_original -- Setting: Prompting function: gpf_plus -- Target Dataset: DHFR
2024-07-22,14:07:45 [INFO] Setting for prompt tuning: Prompt: {'token_dim': 56, 'token_num': 50, 'cross_prune': 0.8, 'inner_prune': 0.3} -- Pretrained Model: {'gnn_type': 'gcn', 'in_channels': 56, 'hidden_channels': 512, 'out_channels': 2, 'num_layers': 3, 'dropout': 0.4, 'with_bn': False, 'with_head': True} -- Optimizer: {'lr': 0.001, 'scheduler_step_size': 50, 'scheduler_gamma': 0.5, 'weight_decay': 0.0} -- Training: {'n_epochs': 30, 'r_reg': 0.0, 'num_classes': 2, 'cut_off': 0.5}
2024-07-22,14:07:45 [INFO] Prompt tuning started: Num runs: 5 -- Eval step: 10
2024-07-22,14:07:47 [INFO] Pretrained GNN on Source Dataset -- Test Loss: 0.863 -- Test ACC: 0.661 -- Test F1-score: 0.702
2024-07-22,14:07:47 [INFO] Pretrained GNN on Target Dataset Without Prompting: -- Validation Loss: 0.762 -- Validation ACC: 0.611 -- Validation F1-score: 0.667 -- Test Loss: 0.711 -- Test ACC: 0.774 -- Test F1-score: 0.803
2024-07-22,14:07:49 [INFO] Epoch: 0/30 -- Train Loss: 1.175 -- Validation Loss: 0.912 -- Validation ACC: 0.722 -- Validation F1: 0.839
2024-07-22,14:07:56 [INFO] Epoch: 10/30 -- Train Loss: 0.976 -- Validation Loss: 0.768 -- Validation ACC: 0.778 -- Validation F1: 0.867
2024-07-22,14:08:02 [INFO] Epoch: 20/30 -- Train Loss: 0.854 -- Validation Loss: 0.707 -- Validation ACC: 0.778 -- Validation F1: 0.867
2024-07-22,14:08:06 [INFO] Epoch: 24/30 -- Train Loss: 0.640 -- Validation Loss: 0.696 -- Validation ACC: 0.833 -- Validation F1: 0.897
2024-07-22,14:08:07 [INFO] Epoch: 25/30 -- Train Loss: 0.650 -- Validation Loss: 0.694 -- Validation ACC: 0.833 -- Validation F1: 0.897
2024-07-22,14:08:08 [INFO] Epoch: 26/30 -- Train Loss: 0.733 -- Validation Loss: 0.693 -- Validation ACC: 0.833 -- Validation F1: 0.897
2024-07-22,14:08:09 [INFO] Epoch: 27/30 -- Train Loss: 0.870 -- Validation Loss: 0.691 -- Validation ACC: 0.833 -- Validation F1: 0.897
2024-07-22,14:08:10 [INFO] Epoch: 28/30 -- Train Loss: 0.861 -- Validation Loss: 0.689 -- Validation ACC: 0.833 -- Validation F1: 0.897
2024-07-22,14:08:12 [INFO] Epoch: 29/30 -- Train Loss: 0.703 -- Validation Loss: 0.689 -- Validation ACC: 0.833 -- Validation F1: 0.897
2024-07-22,14:08:12 [INFO] Run 0/5: Average Over Last 6 epochs -- Valid ACC: 0.8333333333333334 -- Valid F1-score: 0.8965517282485962
2024-07-22,14:08:12 [INFO] Test Results of Run 0/5: -- Test Loss: 0.623 -- Test ACC: 0.678 -- Test F1: 0.786
2024-07-22,14:08:13 [INFO] Epoch: 0/30 -- Train Loss: 1.132 -- Validation Loss: 0.851 -- Validation ACC: 0.778 -- Validation F1: 0.867
2024-07-22,14:08:21 [INFO] Epoch: 10/30 -- Train Loss: 0.775 -- Validation Loss: 0.734 -- Validation ACC: 0.778 -- Validation F1: 0.867
2024-07-22,14:08:30 [INFO] Epoch: 20/30 -- Train Loss: 0.679 -- Validation Loss: 0.687 -- Validation ACC: 0.778 -- Validation F1: 0.867
2024-07-22,14:08:33 [INFO] Epoch: 24/30 -- Train Loss: 0.635 -- Validation Loss: 0.677 -- Validation ACC: 0.833 -- Validation F1: 0.897
2024-07-22,14:08:34 [INFO] Epoch: 25/30 -- Train Loss: 0.798 -- Validation Loss: 0.675 -- Validation ACC: 0.833 -- Validation F1: 0.897
2024-07-22,14:08:36 [INFO] Epoch: 26/30 -- Train Loss: 0.770 -- Validation Loss: 0.673 -- Validation ACC: 0.833 -- Validation F1: 0.897
2024-07-22,14:08:37 [INFO] Epoch: 27/30 -- Train Loss: 0.456 -- Validation Loss: 0.672 -- Validation ACC: 0.833 -- Validation F1: 0.897
2024-07-22,14:08:38 [INFO] Epoch: 28/30 -- Train Loss: 0.953 -- Validation Loss: 0.672 -- Validation ACC: 0.833 -- Validation F1: 0.897
2024-07-22,14:08:40 [INFO] Epoch: 29/30 -- Train Loss: 0.845 -- Validation Loss: 0.670 -- Validation ACC: 0.833 -- Validation F1: 0.897
2024-07-22,14:08:40 [INFO] Run 1/5: Average Over Last 6 epochs -- Valid ACC: 0.8333333333333334 -- Valid F1-score: 0.8965517282485962
2024-07-22,14:08:40 [INFO] Test Results of Run 1/5: -- Test Loss: 0.625 -- Test ACC: 0.678 -- Test F1: 0.784
2024-07-22,14:08:42 [INFO] Epoch: 0/30 -- Train Loss: 1.010 -- Validation Loss: 0.890 -- Validation ACC: 0.722 -- Validation F1: 0.839
2024-07-22,14:08:49 [INFO] Epoch: 10/30 -- Train Loss: 0.758 -- Validation Loss: 0.754 -- Validation ACC: 0.778 -- Validation F1: 0.867
2024-07-22,14:08:57 [INFO] Epoch: 20/30 -- Train Loss: 0.683 -- Validation Loss: 0.723 -- Validation ACC: 0.778 -- Validation F1: 0.867
2024-07-22,14:09:01 [INFO] Epoch: 24/30 -- Train Loss: 0.783 -- Validation Loss: 0.712 -- Validation ACC: 0.778 -- Validation F1: 0.867
2024-07-22,14:09:02 [INFO] Epoch: 25/30 -- Train Loss: 0.538 -- Validation Loss: 0.710 -- Validation ACC: 0.778 -- Validation F1: 0.867
2024-07-22,14:09:03 [INFO] Epoch: 26/30 -- Train Loss: 0.774 -- Validation Loss: 0.708 -- Validation ACC: 0.778 -- Validation F1: 0.867
2024-07-22,14:09:04 [INFO] Epoch: 27/30 -- Train Loss: 0.713 -- Validation Loss: 0.708 -- Validation ACC: 0.778 -- Validation F1: 0.867
2024-07-22,14:09:05 [INFO] Epoch: 28/30 -- Train Loss: 0.758 -- Validation Loss: 0.707 -- Validation ACC: 0.778 -- Validation F1: 0.867
2024-07-22,14:09:07 [INFO] Epoch: 29/30 -- Train Loss: 0.758 -- Validation Loss: 0.704 -- Validation ACC: 0.778 -- Validation F1: 0.867
2024-07-22,14:09:07 [INFO] Run 2/5: Average Over Last 6 epochs -- Valid ACC: 0.7777777777777778 -- Valid F1-score: 0.8666666746139526
2024-07-22,14:09:08 [INFO] Test Results of Run 2/5: -- Test Loss: 0.665 -- Test ACC: 0.678 -- Test F1: 0.789
2024-07-22,14:09:10 [INFO] Epoch: 0/30 -- Train Loss: 1.399 -- Validation Loss: 1.039 -- Validation ACC: 0.722 -- Validation F1: 0.839
2024-07-22,14:09:18 [INFO] Epoch: 10/30 -- Train Loss: 0.961 -- Validation Loss: 0.807 -- Validation ACC: 0.722 -- Validation F1: 0.839
2024-07-22,14:09:26 [INFO] Epoch: 20/30 -- Train Loss: 0.620 -- Validation Loss: 0.703 -- Validation ACC: 0.778 -- Validation F1: 0.867
2024-07-22,14:09:30 [INFO] Epoch: 24/30 -- Train Loss: 0.556 -- Validation Loss: 0.677 -- Validation ACC: 0.778 -- Validation F1: 0.867
2024-07-22,14:09:31 [INFO] Epoch: 25/30 -- Train Loss: 0.724 -- Validation Loss: 0.673 -- Validation ACC: 0.833 -- Validation F1: 0.897
2024-07-22,14:09:33 [INFO] Epoch: 26/30 -- Train Loss: 0.647 -- Validation Loss: 0.664 -- Validation ACC: 0.833 -- Validation F1: 0.897
2024-07-22,14:09:34 [INFO] Epoch: 27/30 -- Train Loss: 0.616 -- Validation Loss: 0.658 -- Validation ACC: 0.833 -- Validation F1: 0.897
2024-07-22,14:09:35 [INFO] Epoch: 28/30 -- Train Loss: 0.683 -- Validation Loss: 0.655 -- Validation ACC: 0.833 -- Validation F1: 0.897
2024-07-22,14:09:36 [INFO] Epoch: 29/30 -- Train Loss: 0.601 -- Validation Loss: 0.654 -- Validation ACC: 0.833 -- Validation F1: 0.897
2024-07-22,14:09:36 [INFO] Run 3/5: Average Over Last 6 epochs -- Valid ACC: 0.8240740740740741 -- Valid F1-score: 0.8915708859761556
2024-07-22,14:09:37 [INFO] Test Results of Run 3/5: -- Test Loss: 0.609 -- Test ACC: 0.687 -- Test F1: 0.791
2024-07-22,14:09:39 [INFO] Epoch: 0/30 -- Train Loss: 0.805 -- Validation Loss: 0.837 -- Validation ACC: 0.778 -- Validation F1: 0.867
2024-07-22,14:09:47 [INFO] Epoch: 10/30 -- Train Loss: 0.865 -- Validation Loss: 0.735 -- Validation ACC: 0.778 -- Validation F1: 0.867
2024-07-22,14:09:55 [INFO] Epoch: 20/30 -- Train Loss: 0.726 -- Validation Loss: 0.691 -- Validation ACC: 0.833 -- Validation F1: 0.897
2024-07-22,14:09:58 [INFO] Epoch: 24/30 -- Train Loss: 0.788 -- Validation Loss: 0.684 -- Validation ACC: 0.833 -- Validation F1: 0.897
2024-07-22,14:09:59 [INFO] Epoch: 25/30 -- Train Loss: 0.812 -- Validation Loss: 0.682 -- Validation ACC: 0.833 -- Validation F1: 0.897
2024-07-22,14:10:01 [INFO] Epoch: 26/30 -- Train Loss: 0.556 -- Validation Loss: 0.681 -- Validation ACC: 0.833 -- Validation F1: 0.897
2024-07-22,14:10:02 [INFO] Epoch: 27/30 -- Train Loss: 0.798 -- Validation Loss: 0.679 -- Validation ACC: 0.833 -- Validation F1: 0.897
2024-07-22,14:10:03 [INFO] Epoch: 28/30 -- Train Loss: 0.704 -- Validation Loss: 0.678 -- Validation ACC: 0.833 -- Validation F1: 0.897
2024-07-22,14:10:04 [INFO] Epoch: 29/30 -- Train Loss: 0.793 -- Validation Loss: 0.676 -- Validation ACC: 0.833 -- Validation F1: 0.897
2024-07-22,14:10:04 [INFO] Run 4/5: Average Over Last 6 epochs -- Valid ACC: 0.8333333333333334 -- Valid F1-score: 0.8965517282485962
2024-07-22,14:10:05 [INFO] Test Results of Run 4/5: -- Test Loss: 0.631 -- Test ACC: 0.678 -- Test F1: 0.784
2024-07-22,14:10:05 [INFO] Validation average after 5 runs -- ACC: 0.820 -- F1-score: 0.890
2024-07-22,14:10:05 [INFO] Test average after 5 runs -- ACC: 0.680 -- F1-score: 0.787
2024-07-22,14:10:05 [INFO] Finished round 0/10 of experiments!
2024-07-22,14:10:05 [INFO] Started round 1/10 of experiments!
2024-07-22,14:10:06 [INFO] Loading previous pretrained model at ./pretrained/GCN_Pretrained_2024-07-01-14-56-23.pth
2024-07-22,14:10:06 [INFO] Total number of tokens: 50
2024-07-22,14:10:06 [INFO] Pretrained GNN on Source Dataset -- Test Loss: 0.964 -- Test ACC: 0.739 -- Test F1-score: 0.758
2024-07-22,14:10:07 [INFO] Pretrained GNN on Target Dataset Without Prompting: -- Validation Loss: 1.277 -- Validation ACC: 0.667 -- Validation F1-score: 0.769 -- Test Loss: 1.529 -- Test ACC: 0.643 -- Test F1-score: 0.713
2024-07-22,14:10:09 [INFO] Epoch: 0/30 -- Train Loss: 0.847 -- Validation Loss: 0.774 -- Validation ACC: 0.556 -- Validation F1: 0.636
2024-07-22,14:10:17 [INFO] Epoch: 10/30 -- Train Loss: 0.740 -- Validation Loss: 0.770 -- Validation ACC: 0.556 -- Validation F1: 0.636
2024-07-22,14:10:25 [INFO] Epoch: 20/30 -- Train Loss: 0.743 -- Validation Loss: 0.757 -- Validation ACC: 0.556 -- Validation F1: 0.636
2024-07-22,14:10:28 [INFO] Epoch: 24/30 -- Train Loss: 0.768 -- Validation Loss: 0.710 -- Validation ACC: 0.667 -- Validation F1: 0.750
2024-07-22,14:10:30 [INFO] Epoch: 25/30 -- Train Loss: 0.749 -- Validation Loss: 0.701 -- Validation ACC: 0.722 -- Validation F1: 0.800
2024-07-22,14:10:31 [INFO] Epoch: 26/30 -- Train Loss: 0.635 -- Validation Loss: 0.693 -- Validation ACC: 0.778 -- Validation F1: 0.846
2024-07-22,14:10:32 [INFO] Epoch: 27/30 -- Train Loss: 0.626 -- Validation Loss: 0.682 -- Validation ACC: 0.778 -- Validation F1: 0.846
2024-07-22,14:10:34 [INFO] Epoch: 28/30 -- Train Loss: 0.855 -- Validation Loss: 0.676 -- Validation ACC: 0.833 -- Validation F1: 0.889
2024-07-22,14:10:35 [INFO] Epoch: 29/30 -- Train Loss: 0.825 -- Validation Loss: 0.664 -- Validation ACC: 0.778 -- Validation F1: 0.857
2024-07-22,14:10:35 [INFO] Run 0/5: Average Over Last 6 epochs -- Valid ACC: 0.7592592592592592 -- Valid F1-score: 0.8313899139563242
2024-07-22,14:10:36 [INFO] Test Results of Run 0/5: -- Test Loss: 0.666 -- Test ACC: 0.652 -- Test F1: 0.714
2024-07-22,14:10:38 [INFO] Epoch: 0/30 -- Train Loss: 0.936 -- Validation Loss: 0.853 -- Validation ACC: 0.556 -- Validation F1: 0.636
2024-07-22,14:10:46 [INFO] Epoch: 10/30 -- Train Loss: 0.686 -- Validation Loss: 0.843 -- Validation ACC: 0.556 -- Validation F1: 0.636
2024-07-22,14:10:55 [INFO] Epoch: 20/30 -- Train Loss: 0.870 -- Validation Loss: 0.839 -- Validation ACC: 0.611 -- Validation F1: 0.696
2024-07-22,14:10:58 [INFO] Epoch: 24/30 -- Train Loss: 0.815 -- Validation Loss: 0.853 -- Validation ACC: 0.611 -- Validation F1: 0.696
2024-07-22,14:11:00 [INFO] Epoch: 25/30 -- Train Loss: 0.929 -- Validation Loss: 0.850 -- Validation ACC: 0.611 -- Validation F1: 0.696
2024-07-22,14:11:01 [INFO] Epoch: 26/30 -- Train Loss: 0.927 -- Validation Loss: 0.851 -- Validation ACC: 0.611 -- Validation F1: 0.696
2024-07-22,14:11:03 [INFO] Epoch: 27/30 -- Train Loss: 0.702 -- Validation Loss: 0.863 -- Validation ACC: 0.611 -- Validation F1: 0.696
2024-07-22,14:11:04 [INFO] Epoch: 28/30 -- Train Loss: 0.927 -- Validation Loss: 0.864 -- Validation ACC: 0.611 -- Validation F1: 0.696
2024-07-22,14:11:06 [INFO] Epoch: 29/30 -- Train Loss: 0.909 -- Validation Loss: 0.883 -- Validation ACC: 0.611 -- Validation F1: 0.696
2024-07-22,14:11:06 [INFO] Run 1/5: Average Over Last 6 epochs -- Valid ACC: 0.6111111111111112 -- Valid F1-score: 0.695652186870575
2024-07-22,14:11:06 [INFO] Test Results of Run 1/5: -- Test Loss: 0.857 -- Test ACC: 0.574 -- Test F1: 0.550
2024-07-22,14:11:08 [INFO] Epoch: 0/30 -- Train Loss: 0.715 -- Validation Loss: 0.804 -- Validation ACC: 0.500 -- Validation F1: 0.571
2024-07-22,14:11:16 [INFO] Epoch: 10/30 -- Train Loss: 0.838 -- Validation Loss: 0.938 -- Validation ACC: 0.500 -- Validation F1: 0.571
2024-07-22,14:11:24 [INFO] Epoch: 20/30 -- Train Loss: 0.927 -- Validation Loss: 0.955 -- Validation ACC: 0.500 -- Validation F1: 0.571
2024-07-22,14:11:28 [INFO] Epoch: 24/30 -- Train Loss: 1.004 -- Validation Loss: 0.947 -- Validation ACC: 0.500 -- Validation F1: 0.571
2024-07-22,14:11:29 [INFO] Epoch: 25/30 -- Train Loss: 0.736 -- Validation Loss: 0.948 -- Validation ACC: 0.500 -- Validation F1: 0.571
2024-07-22,14:11:30 [INFO] Epoch: 26/30 -- Train Loss: 0.935 -- Validation Loss: 0.942 -- Validation ACC: 0.500 -- Validation F1: 0.571
2024-07-22,14:11:32 [INFO] Epoch: 27/30 -- Train Loss: 0.923 -- Validation Loss: 0.932 -- Validation ACC: 0.500 -- Validation F1: 0.571
2024-07-22,14:11:33 [INFO] Epoch: 28/30 -- Train Loss: 0.966 -- Validation Loss: 0.932 -- Validation ACC: 0.500 -- Validation F1: 0.571
2024-07-22,14:11:34 [INFO] Epoch: 29/30 -- Train Loss: 0.902 -- Validation Loss: 0.931 -- Validation ACC: 0.500 -- Validation F1: 0.571
2024-07-22,14:11:34 [INFO] Run 2/5: Average Over Last 6 epochs -- Valid ACC: 0.5 -- Valid F1-score: 0.5714285969734192
2024-07-22,14:11:35 [INFO] Test Results of Run 2/5: -- Test Loss: 0.830 -- Test ACC: 0.583 -- Test F1: 0.564
2024-07-22,14:11:36 [INFO] Epoch: 0/30 -- Train Loss: 0.763 -- Validation Loss: 0.825 -- Validation ACC: 0.611 -- Validation F1: 0.696
2024-07-22,14:11:44 [INFO] Epoch: 10/30 -- Train Loss: 0.845 -- Validation Loss: 0.843 -- Validation ACC: 0.611 -- Validation F1: 0.696
2024-07-22,14:11:52 [INFO] Epoch: 20/30 -- Train Loss: 0.859 -- Validation Loss: 0.822 -- Validation ACC: 0.611 -- Validation F1: 0.696
2024-07-22,14:11:56 [INFO] Epoch: 24/30 -- Train Loss: 0.958 -- Validation Loss: 0.810 -- Validation ACC: 0.667 -- Validation F1: 0.750
2024-07-22,14:11:58 [INFO] Epoch: 25/30 -- Train Loss: 0.762 -- Validation Loss: 0.804 -- Validation ACC: 0.667 -- Validation F1: 0.750
2024-07-22,14:11:59 [INFO] Epoch: 26/30 -- Train Loss: 0.717 -- Validation Loss: 0.800 -- Validation ACC: 0.667 -- Validation F1: 0.750
2024-07-22,14:12:00 [INFO] Epoch: 27/30 -- Train Loss: 0.796 -- Validation Loss: 0.795 -- Validation ACC: 0.667 -- Validation F1: 0.750
2024-07-22,14:12:01 [INFO] Epoch: 28/30 -- Train Loss: 0.817 -- Validation Loss: 0.784 -- Validation ACC: 0.667 -- Validation F1: 0.750
2024-07-22,14:12:02 [INFO] Epoch: 29/30 -- Train Loss: 0.680 -- Validation Loss: 0.787 -- Validation ACC: 0.611 -- Validation F1: 0.720
2024-07-22,14:12:02 [INFO] Run 3/5: Average Over Last 6 epochs -- Valid ACC: 0.6574074074074073 -- Valid F1-score: 0.7450000047683716
2024-07-22,14:12:03 [INFO] Test Results of Run 3/5: -- Test Loss: 0.707 -- Test ACC: 0.617 -- Test F1: 0.651
2024-07-22,14:12:05 [INFO] Epoch: 0/30 -- Train Loss: 0.772 -- Validation Loss: 0.718 -- Validation ACC: 0.556 -- Validation F1: 0.636
2024-07-22,14:12:12 [INFO] Epoch: 10/30 -- Train Loss: 0.874 -- Validation Loss: 0.758 -- Validation ACC: 0.556 -- Validation F1: 0.636
2024-07-22,14:12:20 [INFO] Epoch: 20/30 -- Train Loss: 0.891 -- Validation Loss: 0.712 -- Validation ACC: 0.611 -- Validation F1: 0.696
2024-07-22,14:12:24 [INFO] Epoch: 24/30 -- Train Loss: 0.664 -- Validation Loss: 0.669 -- Validation ACC: 0.778 -- Validation F1: 0.846
2024-07-22,14:12:26 [INFO] Epoch: 25/30 -- Train Loss: 0.653 -- Validation Loss: 0.660 -- Validation ACC: 0.778 -- Validation F1: 0.846
2024-07-22,14:12:27 [INFO] Epoch: 26/30 -- Train Loss: 0.669 -- Validation Loss: 0.659 -- Validation ACC: 0.778 -- Validation F1: 0.846
2024-07-22,14:12:28 [INFO] Epoch: 27/30 -- Train Loss: 0.704 -- Validation Loss: 0.662 -- Validation ACC: 0.778 -- Validation F1: 0.846
2024-07-22,14:12:29 [INFO] Epoch: 28/30 -- Train Loss: 0.624 -- Validation Loss: 0.654 -- Validation ACC: 0.833 -- Validation F1: 0.889
2024-07-22,14:12:31 [INFO] Epoch: 29/30 -- Train Loss: 0.680 -- Validation Loss: 0.655 -- Validation ACC: 0.778 -- Validation F1: 0.857
2024-07-22,14:12:31 [INFO] Run 4/5: Average Over Last 6 epochs -- Valid ACC: 0.7870370370370371 -- Valid F1-score: 0.8551078637441
2024-07-22,14:12:31 [INFO] Test Results of Run 4/5: -- Test Loss: 0.635 -- Test ACC: 0.696 -- Test F1: 0.755
2024-07-22,14:12:31 [INFO] Validation average after 5 runs -- ACC: 0.663 -- F1-score: 0.740
2024-07-22,14:12:31 [INFO] Test average after 5 runs -- ACC: 0.624 -- F1-score: 0.647
2024-07-22,14:12:31 [INFO] Finished round 1/10 of experiments!
2024-07-22,14:12:31 [INFO] Started round 2/10 of experiments!
2024-07-22,14:12:32 [INFO] Loading previous pretrained model at ./pretrained/GCN_Pretrained_2024-07-01-14-58-41.pth
2024-07-22,14:12:32 [INFO] Total number of tokens: 50
2024-07-22,14:12:32 [INFO] Pretrained GNN on Source Dataset -- Test Loss: 1.173 -- Test ACC: 0.757 -- Test F1-score: 0.813
2024-07-22,14:12:33 [INFO] Pretrained GNN on Target Dataset Without Prompting: -- Validation Loss: 0.928 -- Validation ACC: 0.667 -- Validation F1-score: 0.769 -- Test Loss: 0.858 -- Test ACC: 0.687 -- Test F1-score: 0.735
2024-07-22,14:12:35 [INFO] Epoch: 0/30 -- Train Loss: 1.087 -- Validation Loss: 0.948 -- Validation ACC: 0.722 -- Validation F1: 0.839
2024-07-22,14:12:43 [INFO] Epoch: 10/30 -- Train Loss: 0.892 -- Validation Loss: 0.814 -- Validation ACC: 0.722 -- Validation F1: 0.839
2024-07-22,14:12:51 [INFO] Epoch: 20/30 -- Train Loss: 0.832 -- Validation Loss: 0.760 -- Validation ACC: 0.722 -- Validation F1: 0.839
2024-07-22,14:12:55 [INFO] Epoch: 24/30 -- Train Loss: 0.678 -- Validation Loss: 0.748 -- Validation ACC: 0.722 -- Validation F1: 0.839
2024-07-22,14:12:56 [INFO] Epoch: 25/30 -- Train Loss: 0.752 -- Validation Loss: 0.738 -- Validation ACC: 0.722 -- Validation F1: 0.839
2024-07-22,14:12:57 [INFO] Epoch: 26/30 -- Train Loss: 0.587 -- Validation Loss: 0.732 -- Validation ACC: 0.722 -- Validation F1: 0.839
2024-07-22,14:12:59 [INFO] Epoch: 27/30 -- Train Loss: 0.768 -- Validation Loss: 0.726 -- Validation ACC: 0.722 -- Validation F1: 0.839
2024-07-22,14:13:00 [INFO] Epoch: 28/30 -- Train Loss: 0.680 -- Validation Loss: 0.720 -- Validation ACC: 0.722 -- Validation F1: 0.839
2024-07-22,14:13:01 [INFO] Epoch: 29/30 -- Train Loss: 0.657 -- Validation Loss: 0.714 -- Validation ACC: 0.722 -- Validation F1: 0.839
2024-07-22,14:13:01 [INFO] Run 0/5: Average Over Last 6 epochs -- Valid ACC: 0.7222222222222222 -- Valid F1-score: 0.8387096524238586
2024-07-22,14:13:02 [INFO] Test Results of Run 0/5: -- Test Loss: 0.842 -- Test ACC: 0.574 -- Test F1: 0.720
2024-07-22,14:13:03 [INFO] Epoch: 0/30 -- Train Loss: 1.020 -- Validation Loss: 0.871 -- Validation ACC: 0.722 -- Validation F1: 0.839
2024-07-22,14:13:11 [INFO] Epoch: 10/30 -- Train Loss: 0.721 -- Validation Loss: 0.709 -- Validation ACC: 0.722 -- Validation F1: 0.839
2024-07-22,14:13:18 [INFO] Epoch: 20/30 -- Train Loss: 0.463 -- Validation Loss: 0.654 -- Validation ACC: 0.611 -- Validation F1: 0.720
2024-07-22,14:13:21 [INFO] Epoch: 24/30 -- Train Loss: 0.518 -- Validation Loss: 0.665 -- Validation ACC: 0.611 -- Validation F1: 0.720
2024-07-22,14:13:22 [INFO] Epoch: 25/30 -- Train Loss: 0.561 -- Validation Loss: 0.660 -- Validation ACC: 0.611 -- Validation F1: 0.720
2024-07-22,14:13:24 [INFO] Epoch: 26/30 -- Train Loss: 0.641 -- Validation Loss: 0.653 -- Validation ACC: 0.611 -- Validation F1: 0.720
2024-07-22,14:13:25 [INFO] Epoch: 27/30 -- Train Loss: 0.534 -- Validation Loss: 0.649 -- Validation ACC: 0.611 -- Validation F1: 0.720
2024-07-22,14:13:26 [INFO] Epoch: 28/30 -- Train Loss: 0.620 -- Validation Loss: 0.647 -- Validation ACC: 0.611 -- Validation F1: 0.720
2024-07-22,14:13:27 [INFO] Epoch: 29/30 -- Train Loss: 0.548 -- Validation Loss: 0.645 -- Validation ACC: 0.611 -- Validation F1: 0.720
2024-07-22,14:13:27 [INFO] Run 1/5: Average Over Last 6 epochs -- Valid ACC: 0.6111111111111112 -- Valid F1-score: 0.7200000286102295
2024-07-22,14:13:28 [INFO] Test Results of Run 1/5: -- Test Loss: 0.615 -- Test ACC: 0.696 -- Test F1: 0.737
2024-07-22,14:13:29 [INFO] Epoch: 0/30 -- Train Loss: 0.919 -- Validation Loss: 0.859 -- Validation ACC: 0.722 -- Validation F1: 0.839
2024-07-22,14:13:36 [INFO] Epoch: 10/30 -- Train Loss: 0.668 -- Validation Loss: 0.737 -- Validation ACC: 0.722 -- Validation F1: 0.839
2024-07-22,14:13:43 [INFO] Epoch: 20/30 -- Train Loss: 0.545 -- Validation Loss: 0.660 -- Validation ACC: 0.667 -- Validation F1: 0.769
2024-07-22,14:13:46 [INFO] Epoch: 24/30 -- Train Loss: 0.530 -- Validation Loss: 0.675 -- Validation ACC: 0.556 -- Validation F1: 0.667
2024-07-22,14:13:47 [INFO] Epoch: 25/30 -- Train Loss: 0.534 -- Validation Loss: 0.678 -- Validation ACC: 0.556 -- Validation F1: 0.667
2024-07-22,14:13:49 [INFO] Epoch: 26/30 -- Train Loss: 0.551 -- Validation Loss: 0.678 -- Validation ACC: 0.556 -- Validation F1: 0.667
2024-07-22,14:13:49 [INFO] Epoch: 27/30 -- Train Loss: 0.566 -- Validation Loss: 0.678 -- Validation ACC: 0.556 -- Validation F1: 0.667
2024-07-22,14:13:51 [INFO] Epoch: 28/30 -- Train Loss: 0.523 -- Validation Loss: 0.677 -- Validation ACC: 0.556 -- Validation F1: 0.667
2024-07-22,14:13:52 [INFO] Epoch: 29/30 -- Train Loss: 0.495 -- Validation Loss: 0.675 -- Validation ACC: 0.556 -- Validation F1: 0.667
2024-07-22,14:13:52 [INFO] Run 2/5: Average Over Last 6 epochs -- Valid ACC: 0.5555555555555555 -- Valid F1-score: 0.6666666865348816
2024-07-22,14:13:52 [INFO] Test Results of Run 2/5: -- Test Loss: 0.619 -- Test ACC: 0.696 -- Test F1: 0.720
2024-07-22,14:13:54 [INFO] Epoch: 0/30 -- Train Loss: 0.826 -- Validation Loss: 0.795 -- Validation ACC: 0.722 -- Validation F1: 0.839
2024-07-22,14:14:02 [INFO] Epoch: 10/30 -- Train Loss: 0.580 -- Validation Loss: 0.684 -- Validation ACC: 0.722 -- Validation F1: 0.839
2024-07-22,14:14:09 [INFO] Epoch: 20/30 -- Train Loss: 0.574 -- Validation Loss: 0.661 -- Validation ACC: 0.611 -- Validation F1: 0.720
2024-07-22,14:14:13 [INFO] Epoch: 24/30 -- Train Loss: 0.548 -- Validation Loss: 0.681 -- Validation ACC: 0.611 -- Validation F1: 0.720
2024-07-22,14:14:14 [INFO] Epoch: 25/30 -- Train Loss: 0.630 -- Validation Loss: 0.679 -- Validation ACC: 0.611 -- Validation F1: 0.720
2024-07-22,14:14:15 [INFO] Epoch: 26/30 -- Train Loss: 0.530 -- Validation Loss: 0.679 -- Validation ACC: 0.611 -- Validation F1: 0.720
2024-07-22,14:14:17 [INFO] Epoch: 27/30 -- Train Loss: 0.482 -- Validation Loss: 0.678 -- Validation ACC: 0.611 -- Validation F1: 0.720
2024-07-22,14:14:18 [INFO] Epoch: 28/30 -- Train Loss: 0.586 -- Validation Loss: 0.676 -- Validation ACC: 0.611 -- Validation F1: 0.720
2024-07-22,14:14:20 [INFO] Epoch: 29/30 -- Train Loss: 0.567 -- Validation Loss: 0.674 -- Validation ACC: 0.611 -- Validation F1: 0.720
2024-07-22,14:14:20 [INFO] Run 3/5: Average Over Last 6 epochs -- Valid ACC: 0.6111111111111112 -- Valid F1-score: 0.7200000286102295
2024-07-22,14:14:21 [INFO] Test Results of Run 3/5: -- Test Loss: 0.614 -- Test ACC: 0.704 -- Test F1: 0.742
2024-07-22,14:14:22 [INFO] Epoch: 0/30 -- Train Loss: 1.101 -- Validation Loss: 0.983 -- Validation ACC: 0.722 -- Validation F1: 0.839
2024-07-22,14:14:30 [INFO] Epoch: 10/30 -- Train Loss: 0.820 -- Validation Loss: 0.838 -- Validation ACC: 0.722 -- Validation F1: 0.839
2024-07-22,14:14:38 [INFO] Epoch: 20/30 -- Train Loss: 0.747 -- Validation Loss: 0.747 -- Validation ACC: 0.722 -- Validation F1: 0.839
2024-07-22,14:14:41 [INFO] Epoch: 24/30 -- Train Loss: 0.583 -- Validation Loss: 0.730 -- Validation ACC: 0.722 -- Validation F1: 0.839
2024-07-22,14:14:43 [INFO] Epoch: 25/30 -- Train Loss: 0.770 -- Validation Loss: 0.728 -- Validation ACC: 0.722 -- Validation F1: 0.839
2024-07-22,14:14:44 [INFO] Epoch: 26/30 -- Train Loss: 0.593 -- Validation Loss: 0.725 -- Validation ACC: 0.722 -- Validation F1: 0.839
2024-07-22,14:14:46 [INFO] Epoch: 27/30 -- Train Loss: 0.666 -- Validation Loss: 0.725 -- Validation ACC: 0.722 -- Validation F1: 0.839
2024-07-22,14:14:47 [INFO] Epoch: 28/30 -- Train Loss: 0.599 -- Validation Loss: 0.724 -- Validation ACC: 0.722 -- Validation F1: 0.839
2024-07-22,14:14:48 [INFO] Epoch: 29/30 -- Train Loss: 0.640 -- Validation Loss: 0.719 -- Validation ACC: 0.722 -- Validation F1: 0.839
2024-07-22,14:14:48 [INFO] Run 4/5: Average Over Last 6 epochs -- Valid ACC: 0.7222222222222222 -- Valid F1-score: 0.8387096524238586
2024-07-22,14:14:49 [INFO] Test Results of Run 4/5: -- Test Loss: 0.863 -- Test ACC: 0.565 -- Test F1: 0.716
2024-07-22,14:14:49 [INFO] Validation average after 5 runs -- ACC: 0.644 -- F1-score: 0.757
2024-07-22,14:14:49 [INFO] Test average after 5 runs -- ACC: 0.647 -- F1-score: 0.727
2024-07-22,14:14:49 [INFO] Finished round 2/10 of experiments!
2024-07-22,14:14:49 [INFO] Started round 3/10 of experiments!
2024-07-22,14:14:50 [INFO] Loading previous pretrained model at ./pretrained/GCN_Pretrained_2024-07-01-15-00-59.pth
2024-07-22,14:14:50 [INFO] Total number of tokens: 50
2024-07-22,14:14:50 [INFO] Pretrained GNN on Source Dataset -- Test Loss: 0.746 -- Test ACC: 0.739 -- Test F1-score: 0.786
2024-07-22,14:14:52 [INFO] Pretrained GNN on Target Dataset Without Prompting: -- Validation Loss: 0.769 -- Validation ACC: 0.722 -- Validation F1-score: 0.706 -- Test Loss: 0.897 -- Test ACC: 0.748 -- Test F1-score: 0.810
2024-07-22,14:14:53 [INFO] Epoch: 0/30 -- Train Loss: 1.003 -- Validation Loss: 0.660 -- Validation ACC: 0.722 -- Validation F1: 0.667
2024-07-22,14:15:01 [INFO] Epoch: 10/30 -- Train Loss: 0.861 -- Validation Loss: 0.637 -- Validation ACC: 0.778 -- Validation F1: 0.750
2024-07-22,14:15:09 [INFO] Epoch: 20/30 -- Train Loss: 0.612 -- Validation Loss: 0.710 -- Validation ACC: 0.556 -- Validation F1: 0.636
2024-07-22,14:15:12 [INFO] Epoch: 24/30 -- Train Loss: 0.742 -- Validation Loss: 0.767 -- Validation ACC: 0.556 -- Validation F1: 0.636
2024-07-22,14:15:13 [INFO] Epoch: 25/30 -- Train Loss: 0.587 -- Validation Loss: 0.762 -- Validation ACC: 0.556 -- Validation F1: 0.636
2024-07-22,14:15:15 [INFO] Epoch: 26/30 -- Train Loss: 0.543 -- Validation Loss: 0.754 -- Validation ACC: 0.556 -- Validation F1: 0.636
2024-07-22,14:15:16 [INFO] Epoch: 27/30 -- Train Loss: 0.625 -- Validation Loss: 0.743 -- Validation ACC: 0.556 -- Validation F1: 0.636
2024-07-22,14:15:18 [INFO] Epoch: 28/30 -- Train Loss: 0.706 -- Validation Loss: 0.730 -- Validation ACC: 0.556 -- Validation F1: 0.636
2024-07-22,14:15:19 [INFO] Epoch: 29/30 -- Train Loss: 0.742 -- Validation Loss: 0.717 -- Validation ACC: 0.556 -- Validation F1: 0.636
2024-07-22,14:15:19 [INFO] Run 0/5: Average Over Last 6 epochs -- Valid ACC: 0.5555555555555555 -- Valid F1-score: 0.6363636255264282
2024-07-22,14:15:20 [INFO] Test Results of Run 0/5: -- Test Loss: 0.563 -- Test ACC: 0.730 -- Test F1: 0.817
2024-07-22,14:15:21 [INFO] Epoch: 0/30 -- Train Loss: 0.903 -- Validation Loss: 0.632 -- Validation ACC: 0.778 -- Validation F1: 0.750
2024-07-22,14:15:30 [INFO] Epoch: 10/30 -- Train Loss: 0.728 -- Validation Loss: 0.616 -- Validation ACC: 0.833 -- Validation F1: 0.824
2024-07-22,14:15:36 [INFO] Epoch: 20/30 -- Train Loss: 0.628 -- Validation Loss: 0.734 -- Validation ACC: 0.556 -- Validation F1: 0.636
2024-07-22,14:15:40 [INFO] Epoch: 24/30 -- Train Loss: 0.689 -- Validation Loss: 0.721 -- Validation ACC: 0.556 -- Validation F1: 0.636
2024-07-22,14:15:41 [INFO] Epoch: 25/30 -- Train Loss: 0.601 -- Validation Loss: 0.714 -- Validation ACC: 0.556 -- Validation F1: 0.636
2024-07-22,14:15:42 [INFO] Epoch: 26/30 -- Train Loss: 0.562 -- Validation Loss: 0.707 -- Validation ACC: 0.556 -- Validation F1: 0.636
2024-07-22,14:15:44 [INFO] Epoch: 27/30 -- Train Loss: 0.536 -- Validation Loss: 0.702 -- Validation ACC: 0.556 -- Validation F1: 0.636
2024-07-22,14:15:45 [INFO] Epoch: 28/30 -- Train Loss: 0.510 -- Validation Loss: 0.696 -- Validation ACC: 0.556 -- Validation F1: 0.636
2024-07-22,14:15:46 [INFO] Epoch: 29/30 -- Train Loss: 0.616 -- Validation Loss: 0.691 -- Validation ACC: 0.556 -- Validation F1: 0.636
2024-07-22,14:15:46 [INFO] Run 1/5: Average Over Last 6 epochs -- Valid ACC: 0.5555555555555555 -- Valid F1-score: 0.6363636255264282
2024-07-22,14:15:47 [INFO] Test Results of Run 1/5: -- Test Loss: 0.582 -- Test ACC: 0.713 -- Test F1: 0.800
2024-07-22,14:15:49 [INFO] Epoch: 0/30 -- Train Loss: 0.894 -- Validation Loss: 0.647 -- Validation ACC: 0.778 -- Validation F1: 0.750
2024-07-22,14:15:57 [INFO] Epoch: 10/30 -- Train Loss: 0.946 -- Validation Loss: 0.627 -- Validation ACC: 0.778 -- Validation F1: 0.750
2024-07-22,14:16:04 [INFO] Epoch: 20/30 -- Train Loss: 0.805 -- Validation Loss: 0.682 -- Validation ACC: 0.556 -- Validation F1: 0.636
2024-07-22,14:16:07 [INFO] Epoch: 24/30 -- Train Loss: 0.779 -- Validation Loss: 0.745 -- Validation ACC: 0.556 -- Validation F1: 0.636
2024-07-22,14:16:08 [INFO] Epoch: 25/30 -- Train Loss: 0.624 -- Validation Loss: 0.745 -- Validation ACC: 0.556 -- Validation F1: 0.636
2024-07-22,14:16:10 [INFO] Epoch: 26/30 -- Train Loss: 0.517 -- Validation Loss: 0.740 -- Validation ACC: 0.556 -- Validation F1: 0.636
2024-07-22,14:16:11 [INFO] Epoch: 27/30 -- Train Loss: 0.700 -- Validation Loss: 0.734 -- Validation ACC: 0.556 -- Validation F1: 0.636
2024-07-22,14:16:13 [INFO] Epoch: 28/30 -- Train Loss: 0.563 -- Validation Loss: 0.726 -- Validation ACC: 0.556 -- Validation F1: 0.636
2024-07-22,14:16:14 [INFO] Epoch: 29/30 -- Train Loss: 0.644 -- Validation Loss: 0.718 -- Validation ACC: 0.556 -- Validation F1: 0.636
2024-07-22,14:16:14 [INFO] Run 2/5: Average Over Last 6 epochs -- Valid ACC: 0.5555555555555555 -- Valid F1-score: 0.6363636255264282
2024-07-22,14:16:15 [INFO] Test Results of Run 2/5: -- Test Loss: 0.579 -- Test ACC: 0.730 -- Test F1: 0.817
2024-07-22,14:16:16 [INFO] Epoch: 0/30 -- Train Loss: 0.997 -- Validation Loss: 0.648 -- Validation ACC: 0.778 -- Validation F1: 0.750
2024-07-22,14:16:25 [INFO] Epoch: 10/30 -- Train Loss: 1.051 -- Validation Loss: 0.644 -- Validation ACC: 0.778 -- Validation F1: 0.750
2024-07-22,14:16:33 [INFO] Epoch: 20/30 -- Train Loss: 0.684 -- Validation Loss: 0.619 -- Validation ACC: 0.833 -- Validation F1: 0.824
2024-07-22,14:16:37 [INFO] Epoch: 24/30 -- Train Loss: 0.596 -- Validation Loss: 0.662 -- Validation ACC: 0.611 -- Validation F1: 0.667
2024-07-22,14:16:38 [INFO] Epoch: 25/30 -- Train Loss: 0.499 -- Validation Loss: 0.686 -- Validation ACC: 0.611 -- Validation F1: 0.667
2024-07-22,14:16:39 [INFO] Epoch: 26/30 -- Train Loss: 0.713 -- Validation Loss: 0.714 -- Validation ACC: 0.556 -- Validation F1: 0.636
2024-07-22,14:16:41 [INFO] Epoch: 27/30 -- Train Loss: 0.782 -- Validation Loss: 0.740 -- Validation ACC: 0.556 -- Validation F1: 0.636
2024-07-22,14:16:42 [INFO] Epoch: 28/30 -- Train Loss: 0.559 -- Validation Loss: 0.758 -- Validation ACC: 0.556 -- Validation F1: 0.636
2024-07-22,14:16:43 [INFO] Epoch: 29/30 -- Train Loss: 0.656 -- Validation Loss: 0.768 -- Validation ACC: 0.556 -- Validation F1: 0.636
2024-07-22,14:16:43 [INFO] Run 3/5: Average Over Last 6 epochs -- Valid ACC: 0.5740740740740741 -- Valid F1-score: 0.6464646458625793
2024-07-22,14:16:44 [INFO] Test Results of Run 3/5: -- Test Loss: 0.587 -- Test ACC: 0.713 -- Test F1: 0.811
2024-07-22,14:16:45 [INFO] Epoch: 0/30 -- Train Loss: 0.801 -- Validation Loss: 0.598 -- Validation ACC: 0.778 -- Validation F1: 0.750
2024-07-22,14:16:53 [INFO] Epoch: 10/30 -- Train Loss: 0.704 -- Validation Loss: 0.602 -- Validation ACC: 0.778 -- Validation F1: 0.750
2024-07-22,14:17:02 [INFO] Epoch: 20/30 -- Train Loss: 0.639 -- Validation Loss: 0.574 -- Validation ACC: 0.833 -- Validation F1: 0.824
2024-07-22,14:17:05 [INFO] Epoch: 24/30 -- Train Loss: 0.577 -- Validation Loss: 0.601 -- Validation ACC: 0.667 -- Validation F1: 0.700
2024-07-22,14:17:06 [INFO] Epoch: 25/30 -- Train Loss: 0.589 -- Validation Loss: 0.611 -- Validation ACC: 0.667 -- Validation F1: 0.700
2024-07-22,14:17:08 [INFO] Epoch: 26/30 -- Train Loss: 0.717 -- Validation Loss: 0.632 -- Validation ACC: 0.667 -- Validation F1: 0.700
2024-07-22,14:17:09 [INFO] Epoch: 27/30 -- Train Loss: 0.673 -- Validation Loss: 0.654 -- Validation ACC: 0.667 -- Validation F1: 0.700
2024-07-22,14:17:11 [INFO] Epoch: 28/30 -- Train Loss: 0.719 -- Validation Loss: 0.673 -- Validation ACC: 0.556 -- Validation F1: 0.636
2024-07-22,14:17:12 [INFO] Epoch: 29/30 -- Train Loss: 0.548 -- Validation Loss: 0.688 -- Validation ACC: 0.556 -- Validation F1: 0.636
2024-07-22,14:17:12 [INFO] Run 4/5: Average Over Last 6 epochs -- Valid ACC: 0.6296296296296297 -- Valid F1-score: 0.6787878672281901
2024-07-22,14:17:13 [INFO] Test Results of Run 4/5: -- Test Loss: 0.589 -- Test ACC: 0.713 -- Test F1: 0.809
2024-07-22,14:17:13 [INFO] Validation average after 5 runs -- ACC: 0.574 -- F1-score: 0.647
2024-07-22,14:17:13 [INFO] Test average after 5 runs -- ACC: 0.720 -- F1-score: 0.811
2024-07-22,14:17:13 [INFO] Finished round 3/10 of experiments!
2024-07-22,14:17:13 [INFO] Started round 4/10 of experiments!
2024-07-22,14:17:13 [INFO] Loading previous pretrained model at ./pretrained/GCN_Pretrained_2024-07-01-15-03-17.pth
2024-07-22,14:17:13 [INFO] Total number of tokens: 50
2024-07-22,14:17:14 [INFO] Pretrained GNN on Source Dataset -- Test Loss: 1.048 -- Test ACC: 0.696 -- Test F1-score: 0.759
2024-07-22,14:17:15 [INFO] Pretrained GNN on Target Dataset Without Prompting: -- Validation Loss: 0.854 -- Validation ACC: 0.500 -- Validation F1-score: 0.571 -- Test Loss: 0.781 -- Test ACC: 0.713 -- Test F1-score: 0.784
2024-07-22,14:17:16 [INFO] Epoch: 0/30 -- Train Loss: 1.105 -- Validation Loss: 1.749 -- Validation ACC: 0.389 -- Validation F1: 0.560
2024-07-22,14:17:24 [INFO] Epoch: 10/30 -- Train Loss: 1.117 -- Validation Loss: 1.636 -- Validation ACC: 0.444 -- Validation F1: 0.583
2024-07-22,14:17:31 [INFO] Epoch: 20/30 -- Train Loss: 1.127 -- Validation Loss: 1.567 -- Validation ACC: 0.444 -- Validation F1: 0.583
2024-07-22,14:17:35 [INFO] Epoch: 24/30 -- Train Loss: 0.965 -- Validation Loss: 1.540 -- Validation ACC: 0.444 -- Validation F1: 0.583
2024-07-22,14:17:36 [INFO] Epoch: 25/30 -- Train Loss: 0.867 -- Validation Loss: 1.534 -- Validation ACC: 0.444 -- Validation F1: 0.583
2024-07-22,14:17:37 [INFO] Epoch: 26/30 -- Train Loss: 1.040 -- Validation Loss: 1.530 -- Validation ACC: 0.444 -- Validation F1: 0.583
2024-07-22,14:17:38 [INFO] Epoch: 27/30 -- Train Loss: 0.904 -- Validation Loss: 1.525 -- Validation ACC: 0.444 -- Validation F1: 0.583
2024-07-22,14:17:40 [INFO] Epoch: 28/30 -- Train Loss: 0.848 -- Validation Loss: 1.521 -- Validation ACC: 0.444 -- Validation F1: 0.583
2024-07-22,14:17:41 [INFO] Epoch: 29/30 -- Train Loss: 1.001 -- Validation Loss: 1.518 -- Validation ACC: 0.444 -- Validation F1: 0.583
2024-07-22,14:17:41 [INFO] Run 0/5: Average Over Last 6 epochs -- Valid ACC: 0.4444444444444445 -- Valid F1-score: 0.5833333134651184
2024-07-22,14:17:41 [INFO] Test Results of Run 0/5: -- Test Loss: 0.907 -- Test ACC: 0.687 -- Test F1: 0.798
2024-07-22,14:17:42 [INFO] Epoch: 0/30 -- Train Loss: 1.085 -- Validation Loss: 1.801 -- Validation ACC: 0.389 -- Validation F1: 0.560
2024-07-22,14:17:50 [INFO] Epoch: 10/30 -- Train Loss: 1.088 -- Validation Loss: 1.575 -- Validation ACC: 0.444 -- Validation F1: 0.583
2024-07-22,14:17:58 [INFO] Epoch: 20/30 -- Train Loss: 1.057 -- Validation Loss: 1.503 -- Validation ACC: 0.444 -- Validation F1: 0.583
2024-07-22,14:18:02 [INFO] Epoch: 24/30 -- Train Loss: 0.894 -- Validation Loss: 1.473 -- Validation ACC: 0.444 -- Validation F1: 0.583
2024-07-22,14:18:03 [INFO] Epoch: 25/30 -- Train Loss: 0.741 -- Validation Loss: 1.467 -- Validation ACC: 0.444 -- Validation F1: 0.583
2024-07-22,14:18:05 [INFO] Epoch: 26/30 -- Train Loss: 0.902 -- Validation Loss: 1.461 -- Validation ACC: 0.444 -- Validation F1: 0.583
2024-07-22,14:18:06 [INFO] Epoch: 27/30 -- Train Loss: 0.754 -- Validation Loss: 1.455 -- Validation ACC: 0.444 -- Validation F1: 0.583
2024-07-22,14:18:08 [INFO] Epoch: 28/30 -- Train Loss: 0.912 -- Validation Loss: 1.450 -- Validation ACC: 0.444 -- Validation F1: 0.583
2024-07-22,14:18:09 [INFO] Epoch: 29/30 -- Train Loss: 0.891 -- Validation Loss: 1.439 -- Validation ACC: 0.444 -- Validation F1: 0.583
2024-07-22,14:18:09 [INFO] Run 1/5: Average Over Last 6 epochs -- Valid ACC: 0.4444444444444445 -- Valid F1-score: 0.5833333134651184
2024-07-22,14:18:10 [INFO] Test Results of Run 1/5: -- Test Loss: 0.914 -- Test ACC: 0.687 -- Test F1: 0.798
2024-07-22,14:18:12 [INFO] Epoch: 0/30 -- Train Loss: 1.376 -- Validation Loss: 1.926 -- Validation ACC: 0.389 -- Validation F1: 0.560
2024-07-22,14:18:19 [INFO] Epoch: 10/30 -- Train Loss: 1.201 -- Validation Loss: 1.582 -- Validation ACC: 0.444 -- Validation F1: 0.583
2024-07-22,14:18:27 [INFO] Epoch: 20/30 -- Train Loss: 0.923 -- Validation Loss: 1.397 -- Validation ACC: 0.444 -- Validation F1: 0.583
2024-07-22,14:18:30 [INFO] Epoch: 24/30 -- Train Loss: 0.804 -- Validation Loss: 1.333 -- Validation ACC: 0.444 -- Validation F1: 0.583
2024-07-22,14:18:31 [INFO] Epoch: 25/30 -- Train Loss: 0.857 -- Validation Loss: 1.312 -- Validation ACC: 0.444 -- Validation F1: 0.583
2024-07-22,14:18:32 [INFO] Epoch: 26/30 -- Train Loss: 0.809 -- Validation Loss: 1.294 -- Validation ACC: 0.444 -- Validation F1: 0.583
2024-07-22,14:18:34 [INFO] Epoch: 27/30 -- Train Loss: 0.858 -- Validation Loss: 1.275 -- Validation ACC: 0.444 -- Validation F1: 0.583
2024-07-22,14:18:35 [INFO] Epoch: 28/30 -- Train Loss: 0.973 -- Validation Loss: 1.260 -- Validation ACC: 0.444 -- Validation F1: 0.583
2024-07-22,14:18:37 [INFO] Epoch: 29/30 -- Train Loss: 0.791 -- Validation Loss: 1.251 -- Validation ACC: 0.444 -- Validation F1: 0.583
2024-07-22,14:18:37 [INFO] Run 2/5: Average Over Last 6 epochs -- Valid ACC: 0.4444444444444445 -- Valid F1-score: 0.5833333134651184
2024-07-22,14:18:38 [INFO] Test Results of Run 2/5: -- Test Loss: 0.752 -- Test ACC: 0.696 -- Test F1: 0.802
2024-07-22,14:18:39 [INFO] Epoch: 0/30 -- Train Loss: 1.408 -- Validation Loss: 1.830 -- Validation ACC: 0.389 -- Validation F1: 0.560
2024-07-22,14:18:48 [INFO] Epoch: 10/30 -- Train Loss: 1.370 -- Validation Loss: 1.692 -- Validation ACC: 0.389 -- Validation F1: 0.560
2024-07-22,14:18:57 [INFO] Epoch: 20/30 -- Train Loss: 0.905 -- Validation Loss: 1.599 -- Validation ACC: 0.444 -- Validation F1: 0.583
2024-07-22,14:19:00 [INFO] Epoch: 24/30 -- Train Loss: 1.005 -- Validation Loss: 1.571 -- Validation ACC: 0.444 -- Validation F1: 0.583
2024-07-22,14:19:01 [INFO] Epoch: 25/30 -- Train Loss: 1.082 -- Validation Loss: 1.565 -- Validation ACC: 0.444 -- Validation F1: 0.583
2024-07-22,14:19:02 [INFO] Epoch: 26/30 -- Train Loss: 0.746 -- Validation Loss: 1.561 -- Validation ACC: 0.444 -- Validation F1: 0.583
2024-07-22,14:19:03 [INFO] Epoch: 27/30 -- Train Loss: 1.121 -- Validation Loss: 1.546 -- Validation ACC: 0.444 -- Validation F1: 0.583
2024-07-22,14:19:05 [INFO] Epoch: 28/30 -- Train Loss: 0.805 -- Validation Loss: 1.540 -- Validation ACC: 0.444 -- Validation F1: 0.583
2024-07-22,14:19:06 [INFO] Epoch: 29/30 -- Train Loss: 0.912 -- Validation Loss: 1.535 -- Validation ACC: 0.444 -- Validation F1: 0.583
2024-07-22,14:19:06 [INFO] Run 3/5: Average Over Last 6 epochs -- Valid ACC: 0.4444444444444445 -- Valid F1-score: 0.5833333134651184
2024-07-22,14:19:06 [INFO] Test Results of Run 3/5: -- Test Loss: 0.943 -- Test ACC: 0.678 -- Test F1: 0.793
2024-07-22,14:19:08 [INFO] Epoch: 0/30 -- Train Loss: 1.074 -- Validation Loss: 1.954 -- Validation ACC: 0.389 -- Validation F1: 0.560
2024-07-22,14:19:17 [INFO] Epoch: 10/30 -- Train Loss: 0.999 -- Validation Loss: 1.741 -- Validation ACC: 0.444 -- Validation F1: 0.583
2024-07-22,14:19:25 [INFO] Epoch: 20/30 -- Train Loss: 1.264 -- Validation Loss: 1.612 -- Validation ACC: 0.444 -- Validation F1: 0.583
2024-07-22,14:19:28 [INFO] Epoch: 24/30 -- Train Loss: 1.114 -- Validation Loss: 1.576 -- Validation ACC: 0.444 -- Validation F1: 0.583
2024-07-22,14:19:30 [INFO] Epoch: 25/30 -- Train Loss: 1.040 -- Validation Loss: 1.576 -- Validation ACC: 0.444 -- Validation F1: 0.583
2024-07-22,14:19:31 [INFO] Epoch: 26/30 -- Train Loss: 0.898 -- Validation Loss: 1.562 -- Validation ACC: 0.444 -- Validation F1: 0.583
2024-07-22,14:19:32 [INFO] Epoch: 27/30 -- Train Loss: 1.252 -- Validation Loss: 1.546 -- Validation ACC: 0.444 -- Validation F1: 0.583
2024-07-22,14:19:33 [INFO] Epoch: 28/30 -- Train Loss: 1.086 -- Validation Loss: 1.528 -- Validation ACC: 0.444 -- Validation F1: 0.583
2024-07-22,14:19:34 [INFO] Epoch: 29/30 -- Train Loss: 1.054 -- Validation Loss: 1.506 -- Validation ACC: 0.444 -- Validation F1: 0.583
2024-07-22,14:19:34 [INFO] Run 4/5: Average Over Last 6 epochs -- Valid ACC: 0.4444444444444445 -- Valid F1-score: 0.5833333134651184
2024-07-22,14:19:35 [INFO] Test Results of Run 4/5: -- Test Loss: 0.906 -- Test ACC: 0.670 -- Test F1: 0.789
2024-07-22,14:19:35 [INFO] Validation average after 5 runs -- ACC: 0.444 -- F1-score: 0.583
2024-07-22,14:19:35 [INFO] Test average after 5 runs -- ACC: 0.683 -- F1-score: 0.796
2024-07-22,14:19:35 [INFO] Finished round 4/10 of experiments!
2024-07-22,14:19:35 [INFO] Started round 5/10 of experiments!
2024-07-22,14:19:35 [INFO] Setting for pretraining: Model: {'gnn_type': 'gcn', 'in_channels': 56, 'hidden_channels': 512, 'out_channels': 2, 'num_layers': 3, 'dropout': 0.4, 'with_bn': False, 'with_head': True} -- Optimizer: {'lr': 0.01, 'scheduler_step_size': 50, 'scheduler_gamma': 0.5, 'weight_decay': 0.0} -- Training: {'n_epochs': 100}
2024-07-22,14:19:35 [INFO] Loading previous pretrained model at ./pretrained/GCN_Pretrained_2024-07-01-15-05-37.pth
2024-07-22,14:19:35 [INFO] Total number of tokens: 50
2024-07-22,14:19:35 [INFO] Prompting method: all_in_one_original -- Setting: Prompting function: gpf_plus -- Target Dataset: DHFR
2024-07-22,14:19:35 [INFO] Setting for prompt tuning: Prompt: {'token_dim': 56, 'token_num': 50, 'cross_prune': 0.8, 'inner_prune': 0.3} -- Pretrained Model: {'gnn_type': 'gcn', 'in_channels': 56, 'hidden_channels': 512, 'out_channels': 2, 'num_layers': 3, 'dropout': 0.4, 'with_bn': False, 'with_head': True} -- Optimizer: {'lr': 0.001, 'scheduler_step_size': 50, 'scheduler_gamma': 0.5, 'weight_decay': 0.0} -- Training: {'n_epochs': 30, 'r_reg': 0.0, 'num_classes': 2, 'cut_off': 0.5}
2024-07-22,14:19:35 [INFO] Prompt tuning started: Num runs: 5 -- Eval step: 10
2024-07-22,14:19:36 [INFO] Pretrained GNN on Source Dataset -- Test Loss: 0.768 -- Test ACC: 0.687 -- Test F1-score: 0.684
2024-07-22,14:19:37 [INFO] Pretrained GNN on Target Dataset Without Prompting: -- Validation Loss: 0.232 -- Validation ACC: 0.889 -- Validation F1-score: 0.900 -- Test Loss: 0.871 -- Test ACC: 0.722 -- Test F1-score: 0.754
2024-07-22,14:19:38 [INFO] Epoch: 0/30 -- Train Loss: 1.219 -- Validation Loss: 1.550 -- Validation ACC: 0.556 -- Validation F1: 0.714
2024-07-22,14:19:46 [INFO] Epoch: 10/30 -- Train Loss: 0.700 -- Validation Loss: 0.567 -- Validation ACC: 0.556 -- Validation F1: 0.714
2024-07-22,14:19:55 [INFO] Epoch: 20/30 -- Train Loss: 0.654 -- Validation Loss: 0.431 -- Validation ACC: 0.778 -- Validation F1: 0.833
2024-07-22,14:19:58 [INFO] Epoch: 24/30 -- Train Loss: 0.687 -- Validation Loss: 0.435 -- Validation ACC: 0.722 -- Validation F1: 0.800
2024-07-22,14:20:00 [INFO] Epoch: 25/30 -- Train Loss: 0.641 -- Validation Loss: 0.437 -- Validation ACC: 0.722 -- Validation F1: 0.800
2024-07-22,14:20:01 [INFO] Epoch: 26/30 -- Train Loss: 0.645 -- Validation Loss: 0.440 -- Validation ACC: 0.722 -- Validation F1: 0.800
2024-07-22,14:20:02 [INFO] Epoch: 27/30 -- Train Loss: 0.595 -- Validation Loss: 0.444 -- Validation ACC: 0.667 -- Validation F1: 0.769
2024-07-22,14:20:03 [INFO] Epoch: 28/30 -- Train Loss: 0.590 -- Validation Loss: 0.446 -- Validation ACC: 0.667 -- Validation F1: 0.769
2024-07-22,14:20:04 [INFO] Epoch: 29/30 -- Train Loss: 0.600 -- Validation Loss: 0.450 -- Validation ACC: 0.667 -- Validation F1: 0.769
2024-07-22,14:20:04 [INFO] Run 0/5: Average Over Last 6 epochs -- Valid ACC: 0.6944444444444443 -- Valid F1-score: 0.7846153974533081
2024-07-22,14:20:05 [INFO] Test Results of Run 0/5: -- Test Loss: 0.653 -- Test ACC: 0.661 -- Test F1: 0.748
2024-07-22,14:20:06 [INFO] Epoch: 0/30 -- Train Loss: 1.569 -- Validation Loss: 2.227 -- Validation ACC: 0.556 -- Validation F1: 0.714
2024-07-22,14:20:13 [INFO] Epoch: 10/30 -- Train Loss: 0.930 -- Validation Loss: 0.958 -- Validation ACC: 0.556 -- Validation F1: 0.714
2024-07-22,14:20:20 [INFO] Epoch: 20/30 -- Train Loss: 0.583 -- Validation Loss: 0.509 -- Validation ACC: 0.556 -- Validation F1: 0.714
2024-07-22,14:20:23 [INFO] Epoch: 24/30 -- Train Loss: 0.554 -- Validation Loss: 0.460 -- Validation ACC: 0.667 -- Validation F1: 0.769
2024-07-22,14:20:25 [INFO] Epoch: 25/30 -- Train Loss: 0.601 -- Validation Loss: 0.452 -- Validation ACC: 0.667 -- Validation F1: 0.769
2024-07-22,14:20:26 [INFO] Epoch: 26/30 -- Train Loss: 0.639 -- Validation Loss: 0.448 -- Validation ACC: 0.667 -- Validation F1: 0.769
2024-07-22,14:20:27 [INFO] Epoch: 27/30 -- Train Loss: 0.555 -- Validation Loss: 0.444 -- Validation ACC: 0.667 -- Validation F1: 0.769
2024-07-22,14:20:28 [INFO] Epoch: 28/30 -- Train Loss: 0.550 -- Validation Loss: 0.442 -- Validation ACC: 0.667 -- Validation F1: 0.769
2024-07-22,14:20:29 [INFO] Epoch: 29/30 -- Train Loss: 0.619 -- Validation Loss: 0.441 -- Validation ACC: 0.667 -- Validation F1: 0.769
2024-07-22,14:20:29 [INFO] Run 1/5: Average Over Last 6 epochs -- Valid ACC: 0.6666666666666666 -- Valid F1-score: 0.7692307829856873
2024-07-22,14:20:30 [INFO] Test Results of Run 1/5: -- Test Loss: 0.653 -- Test ACC: 0.661 -- Test F1: 0.745
2024-07-22,14:20:31 [INFO] Epoch: 0/30 -- Train Loss: 2.332 -- Validation Loss: 2.637 -- Validation ACC: 0.556 -- Validation F1: 0.714
2024-07-22,14:20:38 [INFO] Epoch: 10/30 -- Train Loss: 1.082 -- Validation Loss: 1.406 -- Validation ACC: 0.556 -- Validation F1: 0.714
2024-07-22,14:20:45 [INFO] Epoch: 20/30 -- Train Loss: 0.694 -- Validation Loss: 0.506 -- Validation ACC: 0.556 -- Validation F1: 0.714
2024-07-22,14:20:48 [INFO] Epoch: 24/30 -- Train Loss: 0.618 -- Validation Loss: 0.441 -- Validation ACC: 0.722 -- Validation F1: 0.800
2024-07-22,14:20:50 [INFO] Epoch: 25/30 -- Train Loss: 0.598 -- Validation Loss: 0.433 -- Validation ACC: 0.778 -- Validation F1: 0.833
2024-07-22,14:20:51 [INFO] Epoch: 26/30 -- Train Loss: 0.590 -- Validation Loss: 0.427 -- Validation ACC: 0.778 -- Validation F1: 0.833
2024-07-22,14:20:52 [INFO] Epoch: 27/30 -- Train Loss: 0.692 -- Validation Loss: 0.423 -- Validation ACC: 0.778 -- Validation F1: 0.833
2024-07-22,14:20:53 [INFO] Epoch: 28/30 -- Train Loss: 0.496 -- Validation Loss: 0.421 -- Validation ACC: 0.778 -- Validation F1: 0.833
2024-07-22,14:20:54 [INFO] Epoch: 29/30 -- Train Loss: 0.608 -- Validation Loss: 0.421 -- Validation ACC: 0.778 -- Validation F1: 0.833
2024-07-22,14:20:54 [INFO] Run 2/5: Average Over Last 6 epochs -- Valid ACC: 0.7685185185185185 -- Valid F1-score: 0.8277777632077535
2024-07-22,14:20:55 [INFO] Test Results of Run 2/5: -- Test Loss: 0.633 -- Test ACC: 0.687 -- Test F1: 0.757
2024-07-22,14:20:56 [INFO] Epoch: 0/30 -- Train Loss: 1.047 -- Validation Loss: 1.233 -- Validation ACC: 0.556 -- Validation F1: 0.714
2024-07-22,14:21:04 [INFO] Epoch: 10/30 -- Train Loss: 0.631 -- Validation Loss: 0.442 -- Validation ACC: 0.778 -- Validation F1: 0.833
2024-07-22,14:21:11 [INFO] Epoch: 20/30 -- Train Loss: 0.633 -- Validation Loss: 0.479 -- Validation ACC: 0.667 -- Validation F1: 0.769
2024-07-22,14:21:14 [INFO] Epoch: 24/30 -- Train Loss: 0.619 -- Validation Loss: 0.505 -- Validation ACC: 0.611 -- Validation F1: 0.741
2024-07-22,14:21:15 [INFO] Epoch: 25/30 -- Train Loss: 0.499 -- Validation Loss: 0.508 -- Validation ACC: 0.611 -- Validation F1: 0.741
2024-07-22,14:21:16 [INFO] Epoch: 26/30 -- Train Loss: 0.509 -- Validation Loss: 0.508 -- Validation ACC: 0.611 -- Validation F1: 0.741
2024-07-22,14:21:17 [INFO] Epoch: 27/30 -- Train Loss: 0.536 -- Validation Loss: 0.508 -- Validation ACC: 0.611 -- Validation F1: 0.741
2024-07-22,14:21:19 [INFO] Epoch: 28/30 -- Train Loss: 0.648 -- Validation Loss: 0.506 -- Validation ACC: 0.611 -- Validation F1: 0.741
2024-07-22,14:21:20 [INFO] Epoch: 29/30 -- Train Loss: 0.591 -- Validation Loss: 0.503 -- Validation ACC: 0.611 -- Validation F1: 0.741
2024-07-22,14:21:20 [INFO] Run 3/5: Average Over Last 6 epochs -- Valid ACC: 0.6111111111111112 -- Valid F1-score: 0.7407407164573669
2024-07-22,14:21:20 [INFO] Test Results of Run 3/5: -- Test Loss: 0.684 -- Test ACC: 0.617 -- Test F1: 0.735
2024-07-22,14:21:21 [INFO] Epoch: 0/30 -- Train Loss: 1.396 -- Validation Loss: 1.515 -- Validation ACC: 0.556 -- Validation F1: 0.714
2024-07-22,14:21:29 [INFO] Epoch: 10/30 -- Train Loss: 0.768 -- Validation Loss: 0.671 -- Validation ACC: 0.556 -- Validation F1: 0.714
2024-07-22,14:21:36 [INFO] Epoch: 20/30 -- Train Loss: 0.657 -- Validation Loss: 0.434 -- Validation ACC: 0.778 -- Validation F1: 0.833
2024-07-22,14:21:39 [INFO] Epoch: 24/30 -- Train Loss: 0.649 -- Validation Loss: 0.437 -- Validation ACC: 0.778 -- Validation F1: 0.833
2024-07-22,14:21:40 [INFO] Epoch: 25/30 -- Train Loss: 0.591 -- Validation Loss: 0.440 -- Validation ACC: 0.778 -- Validation F1: 0.833
2024-07-22,14:21:41 [INFO] Epoch: 26/30 -- Train Loss: 0.601 -- Validation Loss: 0.445 -- Validation ACC: 0.722 -- Validation F1: 0.800
2024-07-22,14:21:42 [INFO] Epoch: 27/30 -- Train Loss: 0.645 -- Validation Loss: 0.450 -- Validation ACC: 0.722 -- Validation F1: 0.800
2024-07-22,14:21:43 [INFO] Epoch: 28/30 -- Train Loss: 0.620 -- Validation Loss: 0.453 -- Validation ACC: 0.667 -- Validation F1: 0.769
2024-07-22,14:21:45 [INFO] Epoch: 29/30 -- Train Loss: 0.712 -- Validation Loss: 0.457 -- Validation ACC: 0.667 -- Validation F1: 0.769
2024-07-22,14:21:45 [INFO] Run 4/5: Average Over Last 6 epochs -- Valid ACC: 0.7222222222222222 -- Valid F1-score: 0.8008547027905782
2024-07-22,14:21:45 [INFO] Test Results of Run 4/5: -- Test Loss: 0.656 -- Test ACC: 0.661 -- Test F1: 0.748
2024-07-22,14:21:45 [INFO] Validation average after 5 runs -- ACC: 0.693 -- F1-score: 0.785
2024-07-22,14:21:45 [INFO] Test average after 5 runs -- ACC: 0.657 -- F1-score: 0.747
2024-07-22,14:21:45 [INFO] Finished round 5/10 of experiments!
2024-07-22,14:21:45 [INFO] Started round 6/10 of experiments!
2024-07-22,14:21:46 [INFO] Loading previous pretrained model at ./pretrained/GCN_Pretrained_2024-07-01-15-07-56.pth
2024-07-22,14:21:46 [INFO] Total number of tokens: 50
2024-07-22,14:21:46 [INFO] Pretrained GNN on Source Dataset -- Test Loss: 0.661 -- Test ACC: 0.626 -- Test F1-score: 0.770
2024-07-22,14:21:47 [INFO] Pretrained GNN on Target Dataset Without Prompting: -- Validation Loss: 0.641 -- Validation ACC: 0.667 -- Validation F1-score: 0.800 -- Test Loss: 0.687 -- Test ACC: 0.574 -- Test F1-score: 0.729
2024-07-22,14:21:48 [INFO] Epoch: 0/30 -- Train Loss: 0.647 -- Validation Loss: 0.641 -- Validation ACC: 0.667 -- Validation F1: 0.800
2024-07-22,14:21:55 [INFO] Epoch: 10/30 -- Train Loss: 0.681 -- Validation Loss: 0.641 -- Validation ACC: 0.667 -- Validation F1: 0.800
2024-07-22,14:22:02 [INFO] Epoch: 20/30 -- Train Loss: 0.722 -- Validation Loss: 0.641 -- Validation ACC: 0.667 -- Validation F1: 0.800
2024-07-22,14:22:05 [INFO] Epoch: 24/30 -- Train Loss: 0.672 -- Validation Loss: 0.641 -- Validation ACC: 0.667 -- Validation F1: 0.800
2024-07-22,14:22:07 [INFO] Epoch: 25/30 -- Train Loss: 0.689 -- Validation Loss: 0.641 -- Validation ACC: 0.667 -- Validation F1: 0.800
2024-07-22,14:22:08 [INFO] Epoch: 26/30 -- Train Loss: 0.689 -- Validation Loss: 0.641 -- Validation ACC: 0.667 -- Validation F1: 0.800
2024-07-22,14:22:09 [INFO] Epoch: 27/30 -- Train Loss: 0.689 -- Validation Loss: 0.641 -- Validation ACC: 0.667 -- Validation F1: 0.800
2024-07-22,14:22:11 [INFO] Epoch: 28/30 -- Train Loss: 0.664 -- Validation Loss: 0.641 -- Validation ACC: 0.667 -- Validation F1: 0.800
2024-07-22,14:22:12 [INFO] Epoch: 29/30 -- Train Loss: 0.647 -- Validation Loss: 0.641 -- Validation ACC: 0.667 -- Validation F1: 0.800
2024-07-22,14:22:12 [INFO] Run 0/5: Average Over Last 6 epochs -- Valid ACC: 0.6666666666666666 -- Valid F1-score: 0.800000011920929
2024-07-22,14:22:12 [INFO] Test Results of Run 0/5: -- Test Loss: 0.687 -- Test ACC: 0.574 -- Test F1: 0.729
2024-07-22,14:22:13 [INFO] Epoch: 0/30 -- Train Loss: 0.689 -- Validation Loss: 0.641 -- Validation ACC: 0.667 -- Validation F1: 0.800
2024-07-22,14:22:20 [INFO] Epoch: 10/30 -- Train Loss: 0.664 -- Validation Loss: 0.641 -- Validation ACC: 0.667 -- Validation F1: 0.800
2024-07-22,14:22:27 [INFO] Epoch: 20/30 -- Train Loss: 0.664 -- Validation Loss: 0.641 -- Validation ACC: 0.667 -- Validation F1: 0.800
2024-07-22,14:22:30 [INFO] Epoch: 24/30 -- Train Loss: 0.647 -- Validation Loss: 0.641 -- Validation ACC: 0.667 -- Validation F1: 0.800
2024-07-22,14:22:31 [INFO] Epoch: 25/30 -- Train Loss: 0.647 -- Validation Loss: 0.641 -- Validation ACC: 0.667 -- Validation F1: 0.800
2024-07-22,14:22:33 [INFO] Epoch: 26/30 -- Train Loss: 0.689 -- Validation Loss: 0.641 -- Validation ACC: 0.667 -- Validation F1: 0.800
2024-07-22,14:22:34 [INFO] Epoch: 27/30 -- Train Loss: 0.672 -- Validation Loss: 0.641 -- Validation ACC: 0.667 -- Validation F1: 0.800
2024-07-22,14:22:35 [INFO] Epoch: 28/30 -- Train Loss: 0.647 -- Validation Loss: 0.641 -- Validation ACC: 0.667 -- Validation F1: 0.800
2024-07-22,14:22:36 [INFO] Epoch: 29/30 -- Train Loss: 0.681 -- Validation Loss: 0.641 -- Validation ACC: 0.667 -- Validation F1: 0.800
2024-07-22,14:22:36 [INFO] Run 1/5: Average Over Last 6 epochs -- Valid ACC: 0.6666666666666666 -- Valid F1-score: 0.800000011920929
2024-07-22,14:22:37 [INFO] Test Results of Run 1/5: -- Test Loss: 0.687 -- Test ACC: 0.574 -- Test F1: 0.729
2024-07-22,14:22:38 [INFO] Epoch: 0/30 -- Train Loss: 0.664 -- Validation Loss: 0.641 -- Validation ACC: 0.667 -- Validation F1: 0.800
2024-07-22,14:22:45 [INFO] Epoch: 10/30 -- Train Loss: 0.697 -- Validation Loss: 0.641 -- Validation ACC: 0.667 -- Validation F1: 0.800
2024-07-22,14:22:52 [INFO] Epoch: 20/30 -- Train Loss: 0.622 -- Validation Loss: 0.641 -- Validation ACC: 0.667 -- Validation F1: 0.800
2024-07-22,14:22:55 [INFO] Epoch: 24/30 -- Train Loss: 0.655 -- Validation Loss: 0.641 -- Validation ACC: 0.667 -- Validation F1: 0.800
2024-07-22,14:22:56 [INFO] Epoch: 25/30 -- Train Loss: 0.681 -- Validation Loss: 0.641 -- Validation ACC: 0.667 -- Validation F1: 0.800
2024-07-22,14:22:57 [INFO] Epoch: 26/30 -- Train Loss: 0.689 -- Validation Loss: 0.641 -- Validation ACC: 0.667 -- Validation F1: 0.800
2024-07-22,14:22:58 [INFO] Epoch: 27/30 -- Train Loss: 0.655 -- Validation Loss: 0.641 -- Validation ACC: 0.667 -- Validation F1: 0.800
2024-07-22,14:22:59 [INFO] Epoch: 28/30 -- Train Loss: 0.664 -- Validation Loss: 0.641 -- Validation ACC: 0.667 -- Validation F1: 0.800
2024-07-22,14:23:00 [INFO] Epoch: 29/30 -- Train Loss: 0.622 -- Validation Loss: 0.641 -- Validation ACC: 0.667 -- Validation F1: 0.800
2024-07-22,14:23:00 [INFO] Run 2/5: Average Over Last 6 epochs -- Valid ACC: 0.6666666666666666 -- Valid F1-score: 0.800000011920929
2024-07-22,14:23:01 [INFO] Test Results of Run 2/5: -- Test Loss: 0.687 -- Test ACC: 0.574 -- Test F1: 0.729
2024-07-22,14:23:02 [INFO] Epoch: 0/30 -- Train Loss: 0.647 -- Validation Loss: 0.641 -- Validation ACC: 0.667 -- Validation F1: 0.800
2024-07-22,14:23:10 [INFO] Epoch: 10/30 -- Train Loss: 0.664 -- Validation Loss: 0.641 -- Validation ACC: 0.667 -- Validation F1: 0.800
2024-07-22,14:23:16 [INFO] Epoch: 20/30 -- Train Loss: 0.681 -- Validation Loss: 0.641 -- Validation ACC: 0.667 -- Validation F1: 0.800
2024-07-22,14:23:19 [INFO] Epoch: 24/30 -- Train Loss: 0.647 -- Validation Loss: 0.641 -- Validation ACC: 0.667 -- Validation F1: 0.800
2024-07-22,14:23:21 [INFO] Epoch: 25/30 -- Train Loss: 0.689 -- Validation Loss: 0.641 -- Validation ACC: 0.667 -- Validation F1: 0.800
2024-07-22,14:23:22 [INFO] Epoch: 26/30 -- Train Loss: 0.655 -- Validation Loss: 0.641 -- Validation ACC: 0.667 -- Validation F1: 0.800
2024-07-22,14:23:23 [INFO] Epoch: 27/30 -- Train Loss: 0.639 -- Validation Loss: 0.641 -- Validation ACC: 0.667 -- Validation F1: 0.800
2024-07-22,14:23:24 [INFO] Epoch: 28/30 -- Train Loss: 0.664 -- Validation Loss: 0.641 -- Validation ACC: 0.667 -- Validation F1: 0.800
2024-07-22,14:23:25 [INFO] Epoch: 29/30 -- Train Loss: 0.689 -- Validation Loss: 0.641 -- Validation ACC: 0.667 -- Validation F1: 0.800
2024-07-22,14:23:25 [INFO] Run 3/5: Average Over Last 6 epochs -- Valid ACC: 0.6666666666666666 -- Valid F1-score: 0.800000011920929
2024-07-22,14:23:26 [INFO] Test Results of Run 3/5: -- Test Loss: 0.687 -- Test ACC: 0.574 -- Test F1: 0.729
2024-07-22,14:23:26 [INFO] Epoch: 0/30 -- Train Loss: 0.689 -- Validation Loss: 0.641 -- Validation ACC: 0.667 -- Validation F1: 0.800
2024-07-22,14:23:33 [INFO] Epoch: 10/30 -- Train Loss: 0.681 -- Validation Loss: 0.641 -- Validation ACC: 0.667 -- Validation F1: 0.800
2024-07-22,14:23:41 [INFO] Epoch: 20/30 -- Train Loss: 0.681 -- Validation Loss: 0.641 -- Validation ACC: 0.667 -- Validation F1: 0.800
2024-07-22,14:23:44 [INFO] Epoch: 24/30 -- Train Loss: 0.647 -- Validation Loss: 0.641 -- Validation ACC: 0.667 -- Validation F1: 0.800
2024-07-22,14:23:45 [INFO] Epoch: 25/30 -- Train Loss: 0.664 -- Validation Loss: 0.641 -- Validation ACC: 0.667 -- Validation F1: 0.800
2024-07-22,14:23:46 [INFO] Epoch: 26/30 -- Train Loss: 0.672 -- Validation Loss: 0.641 -- Validation ACC: 0.667 -- Validation F1: 0.800
2024-07-22,14:23:47 [INFO] Epoch: 27/30 -- Train Loss: 0.647 -- Validation Loss: 0.641 -- Validation ACC: 0.667 -- Validation F1: 0.800
2024-07-22,14:23:48 [INFO] Epoch: 28/30 -- Train Loss: 0.672 -- Validation Loss: 0.641 -- Validation ACC: 0.667 -- Validation F1: 0.800
2024-07-22,14:23:50 [INFO] Epoch: 29/30 -- Train Loss: 0.655 -- Validation Loss: 0.641 -- Validation ACC: 0.667 -- Validation F1: 0.800
2024-07-22,14:23:50 [INFO] Run 4/5: Average Over Last 6 epochs -- Valid ACC: 0.6666666666666666 -- Valid F1-score: 0.800000011920929
2024-07-22,14:23:50 [INFO] Test Results of Run 4/5: -- Test Loss: 0.687 -- Test ACC: 0.574 -- Test F1: 0.729
2024-07-22,14:23:50 [INFO] Validation average after 5 runs -- ACC: 0.667 -- F1-score: 0.800
2024-07-22,14:23:50 [INFO] Test average after 5 runs -- ACC: 0.574 -- F1-score: 0.729
2024-07-22,14:23:50 [INFO] Finished round 6/10 of experiments!
2024-07-22,14:23:50 [INFO] Started round 7/10 of experiments!
2024-07-22,14:23:51 [INFO] Loading previous pretrained model at ./pretrained/GCN_Pretrained_2024-07-01-15-10-20.pth
2024-07-22,14:23:51 [INFO] Total number of tokens: 50
2024-07-22,14:23:51 [INFO] Pretrained GNN on Source Dataset -- Test Loss: 0.642 -- Test ACC: 0.670 -- Test F1-score: 0.708
2024-07-22,14:23:52 [INFO] Pretrained GNN on Target Dataset Without Prompting: -- Validation Loss: 0.357 -- Validation ACC: 0.833 -- Validation F1-score: 0.870 -- Test Loss: 0.708 -- Test ACC: 0.609 -- Test F1-score: 0.640
2024-07-22,14:23:54 [INFO] Epoch: 0/30 -- Train Loss: 0.774 -- Validation Loss: 0.511 -- Validation ACC: 0.722 -- Validation F1: 0.839
2024-07-22,14:24:00 [INFO] Epoch: 10/30 -- Train Loss: 0.637 -- Validation Loss: 0.454 -- Validation ACC: 0.722 -- Validation F1: 0.839
2024-07-22,14:24:07 [INFO] Epoch: 20/30 -- Train Loss: 0.561 -- Validation Loss: 0.455 -- Validation ACC: 0.778 -- Validation F1: 0.867
2024-07-22,14:24:10 [INFO] Epoch: 24/30 -- Train Loss: 0.574 -- Validation Loss: 0.457 -- Validation ACC: 0.778 -- Validation F1: 0.867
2024-07-22,14:24:11 [INFO] Epoch: 25/30 -- Train Loss: 0.672 -- Validation Loss: 0.458 -- Validation ACC: 0.778 -- Validation F1: 0.867
2024-07-22,14:24:12 [INFO] Epoch: 26/30 -- Train Loss: 0.559 -- Validation Loss: 0.458 -- Validation ACC: 0.778 -- Validation F1: 0.867
2024-07-22,14:24:13 [INFO] Epoch: 27/30 -- Train Loss: 0.661 -- Validation Loss: 0.459 -- Validation ACC: 0.778 -- Validation F1: 0.867
2024-07-22,14:24:14 [INFO] Epoch: 28/30 -- Train Loss: 0.597 -- Validation Loss: 0.459 -- Validation ACC: 0.778 -- Validation F1: 0.867
2024-07-22,14:24:15 [INFO] Epoch: 29/30 -- Train Loss: 0.614 -- Validation Loss: 0.460 -- Validation ACC: 0.778 -- Validation F1: 0.867
2024-07-22,14:24:15 [INFO] Run 0/5: Average Over Last 6 epochs -- Valid ACC: 0.7777777777777778 -- Valid F1-score: 0.8666666746139526
2024-07-22,14:24:16 [INFO] Test Results of Run 0/5: -- Test Loss: 0.613 -- Test ACC: 0.591 -- Test F1: 0.719
2024-07-22,14:24:17 [INFO] Epoch: 0/30 -- Train Loss: 0.698 -- Validation Loss: 0.467 -- Validation ACC: 0.722 -- Validation F1: 0.839
2024-07-22,14:24:24 [INFO] Epoch: 10/30 -- Train Loss: 0.717 -- Validation Loss: 0.459 -- Validation ACC: 0.778 -- Validation F1: 0.867
2024-07-22,14:24:31 [INFO] Epoch: 20/30 -- Train Loss: 0.650 -- Validation Loss: 0.470 -- Validation ACC: 0.722 -- Validation F1: 0.815
2024-07-22,14:24:34 [INFO] Epoch: 24/30 -- Train Loss: 0.645 -- Validation Loss: 0.472 -- Validation ACC: 0.778 -- Validation F1: 0.846
2024-07-22,14:24:35 [INFO] Epoch: 25/30 -- Train Loss: 0.651 -- Validation Loss: 0.473 -- Validation ACC: 0.778 -- Validation F1: 0.846
2024-07-22,14:24:36 [INFO] Epoch: 26/30 -- Train Loss: 0.590 -- Validation Loss: 0.473 -- Validation ACC: 0.778 -- Validation F1: 0.846
2024-07-22,14:24:38 [INFO] Epoch: 27/30 -- Train Loss: 0.547 -- Validation Loss: 0.474 -- Validation ACC: 0.833 -- Validation F1: 0.880
2024-07-22,14:24:39 [INFO] Epoch: 28/30 -- Train Loss: 0.597 -- Validation Loss: 0.474 -- Validation ACC: 0.833 -- Validation F1: 0.880
2024-07-22,14:24:40 [INFO] Epoch: 29/30 -- Train Loss: 0.567 -- Validation Loss: 0.474 -- Validation ACC: 0.833 -- Validation F1: 0.880
2024-07-22,14:24:40 [INFO] Run 1/5: Average Over Last 6 epochs -- Valid ACC: 0.8055555555555555 -- Valid F1-score: 0.86307692527771
2024-07-22,14:24:40 [INFO] Test Results of Run 1/5: -- Test Loss: 0.619 -- Test ACC: 0.626 -- Test F1: 0.711
2024-07-22,14:24:42 [INFO] Epoch: 0/30 -- Train Loss: 0.830 -- Validation Loss: 0.467 -- Validation ACC: 0.722 -- Validation F1: 0.839
2024-07-22,14:24:49 [INFO] Epoch: 10/30 -- Train Loss: 0.660 -- Validation Loss: 0.448 -- Validation ACC: 0.778 -- Validation F1: 0.867
2024-07-22,14:24:56 [INFO] Epoch: 20/30 -- Train Loss: 0.523 -- Validation Loss: 0.453 -- Validation ACC: 0.833 -- Validation F1: 0.897
2024-07-22,14:24:58 [INFO] Epoch: 24/30 -- Train Loss: 0.571 -- Validation Loss: 0.454 -- Validation ACC: 0.889 -- Validation F1: 0.929
2024-07-22,14:25:00 [INFO] Epoch: 25/30 -- Train Loss: 0.608 -- Validation Loss: 0.454 -- Validation ACC: 0.833 -- Validation F1: 0.889
2024-07-22,14:25:01 [INFO] Epoch: 26/30 -- Train Loss: 0.538 -- Validation Loss: 0.454 -- Validation ACC: 0.833 -- Validation F1: 0.889
2024-07-22,14:25:02 [INFO] Epoch: 27/30 -- Train Loss: 0.624 -- Validation Loss: 0.454 -- Validation ACC: 0.889 -- Validation F1: 0.923
2024-07-22,14:25:03 [INFO] Epoch: 28/30 -- Train Loss: 0.670 -- Validation Loss: 0.454 -- Validation ACC: 0.833 -- Validation F1: 0.880
2024-07-22,14:25:04 [INFO] Epoch: 29/30 -- Train Loss: 0.560 -- Validation Loss: 0.454 -- Validation ACC: 0.833 -- Validation F1: 0.880
2024-07-22,14:25:04 [INFO] Run 2/5: Average Over Last 6 epochs -- Valid ACC: 0.8518518518518517 -- Valid F1-score: 0.8982376853624979
2024-07-22,14:25:05 [INFO] Test Results of Run 2/5: -- Test Loss: 0.614 -- Test ACC: 0.643 -- Test F1: 0.732
2024-07-22,14:25:06 [INFO] Epoch: 0/30 -- Train Loss: 0.606 -- Validation Loss: 0.488 -- Validation ACC: 0.722 -- Validation F1: 0.839
2024-07-22,14:25:13 [INFO] Epoch: 10/30 -- Train Loss: 0.608 -- Validation Loss: 0.453 -- Validation ACC: 0.722 -- Validation F1: 0.839
2024-07-22,14:25:19 [INFO] Epoch: 20/30 -- Train Loss: 0.572 -- Validation Loss: 0.458 -- Validation ACC: 0.778 -- Validation F1: 0.867
2024-07-22,14:25:22 [INFO] Epoch: 24/30 -- Train Loss: 0.620 -- Validation Loss: 0.463 -- Validation ACC: 0.833 -- Validation F1: 0.897
2024-07-22,14:25:24 [INFO] Epoch: 25/30 -- Train Loss: 0.583 -- Validation Loss: 0.464 -- Validation ACC: 0.778 -- Validation F1: 0.857
2024-07-22,14:25:25 [INFO] Epoch: 26/30 -- Train Loss: 0.633 -- Validation Loss: 0.465 -- Validation ACC: 0.778 -- Validation F1: 0.857
2024-07-22,14:25:26 [INFO] Epoch: 27/30 -- Train Loss: 0.630 -- Validation Loss: 0.466 -- Validation ACC: 0.778 -- Validation F1: 0.857
2024-07-22,14:25:27 [INFO] Epoch: 28/30 -- Train Loss: 0.581 -- Validation Loss: 0.466 -- Validation ACC: 0.778 -- Validation F1: 0.857
2024-07-22,14:25:28 [INFO] Epoch: 29/30 -- Train Loss: 0.586 -- Validation Loss: 0.467 -- Validation ACC: 0.722 -- Validation F1: 0.815
2024-07-22,14:25:28 [INFO] Run 3/5: Average Over Last 6 epochs -- Valid ACC: 0.7777777777777777 -- Valid F1-score: 0.8566563328107198
2024-07-22,14:25:29 [INFO] Test Results of Run 3/5: -- Test Loss: 0.614 -- Test ACC: 0.661 -- Test F1: 0.752
2024-07-22,14:25:30 [INFO] Epoch: 0/30 -- Train Loss: 0.791 -- Validation Loss: 0.501 -- Validation ACC: 0.722 -- Validation F1: 0.839
2024-07-22,14:25:37 [INFO] Epoch: 10/30 -- Train Loss: 0.620 -- Validation Loss: 0.445 -- Validation ACC: 0.722 -- Validation F1: 0.839
2024-07-22,14:25:44 [INFO] Epoch: 20/30 -- Train Loss: 0.561 -- Validation Loss: 0.454 -- Validation ACC: 0.778 -- Validation F1: 0.857
2024-07-22,14:25:47 [INFO] Epoch: 24/30 -- Train Loss: 0.683 -- Validation Loss: 0.457 -- Validation ACC: 0.889 -- Validation F1: 0.923
2024-07-22,14:25:49 [INFO] Epoch: 25/30 -- Train Loss: 0.662 -- Validation Loss: 0.458 -- Validation ACC: 0.833 -- Validation F1: 0.880
2024-07-22,14:25:50 [INFO] Epoch: 26/30 -- Train Loss: 0.657 -- Validation Loss: 0.458 -- Validation ACC: 0.833 -- Validation F1: 0.880
2024-07-22,14:25:51 [INFO] Epoch: 27/30 -- Train Loss: 0.658 -- Validation Loss: 0.459 -- Validation ACC: 0.833 -- Validation F1: 0.880
2024-07-22,14:25:52 [INFO] Epoch: 28/30 -- Train Loss: 0.603 -- Validation Loss: 0.460 -- Validation ACC: 0.833 -- Validation F1: 0.880
2024-07-22,14:25:53 [INFO] Epoch: 29/30 -- Train Loss: 0.633 -- Validation Loss: 0.460 -- Validation ACC: 0.833 -- Validation F1: 0.880
2024-07-22,14:25:53 [INFO] Run 4/5: Average Over Last 6 epochs -- Valid ACC: 0.8425925925925926 -- Valid F1-score: 0.8871794839700063
2024-07-22,14:25:54 [INFO] Test Results of Run 4/5: -- Test Loss: 0.617 -- Test ACC: 0.617 -- Test F1: 0.694
2024-07-22,14:25:54 [INFO] Validation average after 5 runs -- ACC: 0.811 -- F1-score: 0.874
2024-07-22,14:25:54 [INFO] Test average after 5 runs -- ACC: 0.628 -- F1-score: 0.722
2024-07-22,14:25:54 [INFO] Finished round 7/10 of experiments!
2024-07-22,14:25:54 [INFO] Started round 8/10 of experiments!
2024-07-22,14:25:54 [INFO] Loading previous pretrained model at ./pretrained/GCN_Pretrained_2024-07-01-15-12-47.pth
2024-07-22,14:25:54 [INFO] Total number of tokens: 50
2024-07-22,14:25:55 [INFO] Pretrained GNN on Source Dataset -- Test Loss: 0.883 -- Test ACC: 0.696 -- Test F1-score: 0.733
2024-07-22,14:25:56 [INFO] Pretrained GNN on Target Dataset Without Prompting: -- Validation Loss: 0.933 -- Validation ACC: 0.833 -- Validation F1-score: 0.889 -- Test Loss: 1.174 -- Test ACC: 0.652 -- Test F1-score: 0.714
2024-07-22,14:25:57 [INFO] Epoch: 0/30 -- Train Loss: 0.595 -- Validation Loss: 0.628 -- Validation ACC: 0.667 -- Validation F1: 0.786
2024-07-22,14:26:03 [INFO] Epoch: 10/30 -- Train Loss: 0.598 -- Validation Loss: 0.632 -- Validation ACC: 0.667 -- Validation F1: 0.786
2024-07-22,14:26:10 [INFO] Epoch: 20/30 -- Train Loss: 0.612 -- Validation Loss: 0.622 -- Validation ACC: 0.667 -- Validation F1: 0.786
2024-07-22,14:26:14 [INFO] Epoch: 24/30 -- Train Loss: 0.633 -- Validation Loss: 0.615 -- Validation ACC: 0.667 -- Validation F1: 0.786
2024-07-22,14:26:15 [INFO] Epoch: 25/30 -- Train Loss: 0.608 -- Validation Loss: 0.616 -- Validation ACC: 0.667 -- Validation F1: 0.786
2024-07-22,14:26:16 [INFO] Epoch: 26/30 -- Train Loss: 0.545 -- Validation Loss: 0.616 -- Validation ACC: 0.667 -- Validation F1: 0.786
2024-07-22,14:26:17 [INFO] Epoch: 27/30 -- Train Loss: 0.627 -- Validation Loss: 0.624 -- Validation ACC: 0.667 -- Validation F1: 0.786
2024-07-22,14:26:18 [INFO] Epoch: 28/30 -- Train Loss: 0.521 -- Validation Loss: 0.624 -- Validation ACC: 0.667 -- Validation F1: 0.786
2024-07-22,14:26:19 [INFO] Epoch: 29/30 -- Train Loss: 0.611 -- Validation Loss: 0.624 -- Validation ACC: 0.667 -- Validation F1: 0.786
2024-07-22,14:26:19 [INFO] Run 0/5: Average Over Last 6 epochs -- Valid ACC: 0.6666666666666666 -- Valid F1-score: 0.7857142686843872
2024-07-22,14:26:20 [INFO] Test Results of Run 0/5: -- Test Loss: 0.796 -- Test ACC: 0.643 -- Test F1: 0.735
2024-07-22,14:26:21 [INFO] Epoch: 0/30 -- Train Loss: 0.838 -- Validation Loss: 0.702 -- Validation ACC: 0.611 -- Validation F1: 0.759
2024-07-22,14:26:28 [INFO] Epoch: 10/30 -- Train Loss: 0.572 -- Validation Loss: 0.677 -- Validation ACC: 0.611 -- Validation F1: 0.759
2024-07-22,14:26:36 [INFO] Epoch: 20/30 -- Train Loss: 0.633 -- Validation Loss: 0.691 -- Validation ACC: 0.778 -- Validation F1: 0.846
2024-07-22,14:26:39 [INFO] Epoch: 24/30 -- Train Loss: 0.578 -- Validation Loss: 0.693 -- Validation ACC: 0.778 -- Validation F1: 0.846
2024-07-22,14:26:40 [INFO] Epoch: 25/30 -- Train Loss: 0.665 -- Validation Loss: 0.693 -- Validation ACC: 0.778 -- Validation F1: 0.846
2024-07-22,14:26:42 [INFO] Epoch: 26/30 -- Train Loss: 0.652 -- Validation Loss: 0.693 -- Validation ACC: 0.778 -- Validation F1: 0.846
2024-07-22,14:26:43 [INFO] Epoch: 27/30 -- Train Loss: 0.543 -- Validation Loss: 0.693 -- Validation ACC: 0.778 -- Validation F1: 0.846
2024-07-22,14:26:44 [INFO] Epoch: 28/30 -- Train Loss: 0.618 -- Validation Loss: 0.702 -- Validation ACC: 0.778 -- Validation F1: 0.846
2024-07-22,14:26:45 [INFO] Epoch: 29/30 -- Train Loss: 0.576 -- Validation Loss: 0.702 -- Validation ACC: 0.778 -- Validation F1: 0.846
2024-07-22,14:26:45 [INFO] Run 1/5: Average Over Last 6 epochs -- Valid ACC: 0.7777777777777778 -- Valid F1-score: 0.8461538553237915
2024-07-22,14:26:46 [INFO] Test Results of Run 1/5: -- Test Loss: 0.764 -- Test ACC: 0.661 -- Test F1: 0.745
2024-07-22,14:26:47 [INFO] Epoch: 0/30 -- Train Loss: 0.763 -- Validation Loss: 0.724 -- Validation ACC: 0.611 -- Validation F1: 0.759
2024-07-22,14:26:55 [INFO] Epoch: 10/30 -- Train Loss: 0.565 -- Validation Loss: 0.727 -- Validation ACC: 0.667 -- Validation F1: 0.786
2024-07-22,14:27:01 [INFO] Epoch: 20/30 -- Train Loss: 0.653 -- Validation Loss: 0.743 -- Validation ACC: 0.667 -- Validation F1: 0.786
2024-07-22,14:27:04 [INFO] Epoch: 24/30 -- Train Loss: 0.773 -- Validation Loss: 0.744 -- Validation ACC: 0.667 -- Validation F1: 0.786
2024-07-22,14:27:05 [INFO] Epoch: 25/30 -- Train Loss: 0.616 -- Validation Loss: 0.744 -- Validation ACC: 0.667 -- Validation F1: 0.786
2024-07-22,14:27:07 [INFO] Epoch: 26/30 -- Train Loss: 0.604 -- Validation Loss: 0.750 -- Validation ACC: 0.667 -- Validation F1: 0.786
2024-07-22,14:27:08 [INFO] Epoch: 27/30 -- Train Loss: 0.552 -- Validation Loss: 0.750 -- Validation ACC: 0.667 -- Validation F1: 0.786
2024-07-22,14:27:09 [INFO] Epoch: 28/30 -- Train Loss: 0.550 -- Validation Loss: 0.748 -- Validation ACC: 0.667 -- Validation F1: 0.786
2024-07-22,14:27:10 [INFO] Epoch: 29/30 -- Train Loss: 0.589 -- Validation Loss: 0.748 -- Validation ACC: 0.667 -- Validation F1: 0.786
2024-07-22,14:27:10 [INFO] Run 2/5: Average Over Last 6 epochs -- Valid ACC: 0.6666666666666666 -- Valid F1-score: 0.7857142686843872
2024-07-22,14:27:10 [INFO] Test Results of Run 2/5: -- Test Loss: 0.781 -- Test ACC: 0.635 -- Test F1: 0.727
2024-07-22,14:27:11 [INFO] Epoch: 0/30 -- Train Loss: 0.596 -- Validation Loss: 0.703 -- Validation ACC: 0.611 -- Validation F1: 0.759
2024-07-22,14:27:18 [INFO] Epoch: 10/30 -- Train Loss: 0.638 -- Validation Loss: 0.707 -- Validation ACC: 0.778 -- Validation F1: 0.846
2024-07-22,14:27:25 [INFO] Epoch: 20/30 -- Train Loss: 0.546 -- Validation Loss: 0.710 -- Validation ACC: 0.778 -- Validation F1: 0.846
2024-07-22,14:27:28 [INFO] Epoch: 24/30 -- Train Loss: 0.719 -- Validation Loss: 0.710 -- Validation ACC: 0.778 -- Validation F1: 0.846
2024-07-22,14:27:29 [INFO] Epoch: 25/30 -- Train Loss: 0.653 -- Validation Loss: 0.710 -- Validation ACC: 0.778 -- Validation F1: 0.846
2024-07-22,14:27:30 [INFO] Epoch: 26/30 -- Train Loss: 0.642 -- Validation Loss: 0.710 -- Validation ACC: 0.778 -- Validation F1: 0.846
2024-07-22,14:27:32 [INFO] Epoch: 27/30 -- Train Loss: 0.663 -- Validation Loss: 0.710 -- Validation ACC: 0.778 -- Validation F1: 0.846
2024-07-22,14:27:33 [INFO] Epoch: 28/30 -- Train Loss: 0.652 -- Validation Loss: 0.710 -- Validation ACC: 0.778 -- Validation F1: 0.846
2024-07-22,14:27:34 [INFO] Epoch: 29/30 -- Train Loss: 0.583 -- Validation Loss: 0.710 -- Validation ACC: 0.778 -- Validation F1: 0.846
2024-07-22,14:27:34 [INFO] Run 3/5: Average Over Last 6 epochs -- Valid ACC: 0.7777777777777778 -- Valid F1-score: 0.8461538553237915
2024-07-22,14:27:35 [INFO] Test Results of Run 3/5: -- Test Loss: 0.812 -- Test ACC: 0.635 -- Test F1: 0.727
2024-07-22,14:27:36 [INFO] Epoch: 0/30 -- Train Loss: 0.655 -- Validation Loss: 0.721 -- Validation ACC: 0.611 -- Validation F1: 0.759
2024-07-22,14:27:44 [INFO] Epoch: 10/30 -- Train Loss: 0.714 -- Validation Loss: 0.725 -- Validation ACC: 0.667 -- Validation F1: 0.786
2024-07-22,14:27:50 [INFO] Epoch: 20/30 -- Train Loss: 0.633 -- Validation Loss: 0.727 -- Validation ACC: 0.778 -- Validation F1: 0.846
2024-07-22,14:27:53 [INFO] Epoch: 24/30 -- Train Loss: 0.602 -- Validation Loss: 0.725 -- Validation ACC: 0.778 -- Validation F1: 0.846
2024-07-22,14:27:55 [INFO] Epoch: 25/30 -- Train Loss: 0.661 -- Validation Loss: 0.725 -- Validation ACC: 0.778 -- Validation F1: 0.846
2024-07-22,14:27:56 [INFO] Epoch: 26/30 -- Train Loss: 0.659 -- Validation Loss: 0.725 -- Validation ACC: 0.778 -- Validation F1: 0.846
2024-07-22,14:27:57 [INFO] Epoch: 27/30 -- Train Loss: 0.773 -- Validation Loss: 0.725 -- Validation ACC: 0.778 -- Validation F1: 0.846
2024-07-22,14:27:58 [INFO] Epoch: 28/30 -- Train Loss: 0.662 -- Validation Loss: 0.725 -- Validation ACC: 0.778 -- Validation F1: 0.846
2024-07-22,14:27:59 [INFO] Epoch: 29/30 -- Train Loss: 0.517 -- Validation Loss: 0.725 -- Validation ACC: 0.778 -- Validation F1: 0.846
2024-07-22,14:27:59 [INFO] Run 4/5: Average Over Last 6 epochs -- Valid ACC: 0.7777777777777778 -- Valid F1-score: 0.8461538553237915
2024-07-22,14:28:00 [INFO] Test Results of Run 4/5: -- Test Loss: 0.777 -- Test ACC: 0.635 -- Test F1: 0.720
2024-07-22,14:28:00 [INFO] Validation average after 5 runs -- ACC: 0.733 -- F1-score: 0.822
2024-07-22,14:28:00 [INFO] Test average after 5 runs -- ACC: 0.642 -- F1-score: 0.731
2024-07-22,14:28:00 [INFO] Finished round 8/10 of experiments!
2024-07-22,14:28:00 [INFO] Started round 9/10 of experiments!
2024-07-22,14:28:00 [INFO] Loading previous pretrained model at ./pretrained/GCN_Pretrained_2024-07-01-15-15-13.pth
2024-07-22,14:28:00 [INFO] Total number of tokens: 50
2024-07-22,14:28:01 [INFO] Pretrained GNN on Source Dataset -- Test Loss: 0.947 -- Test ACC: 0.757 -- Test F1-score: 0.785
2024-07-22,14:28:02 [INFO] Pretrained GNN on Target Dataset Without Prompting: -- Validation Loss: 0.804 -- Validation ACC: 0.722 -- Validation F1-score: 0.762 -- Test Loss: 0.876 -- Test ACC: 0.739 -- Test F1-score: 0.789
2024-07-22,14:28:03 [INFO] Epoch: 0/30 -- Train Loss: 0.386 -- Validation Loss: 0.477 -- Validation ACC: 0.667 -- Validation F1: 0.769
2024-07-22,14:28:10 [INFO] Epoch: 10/30 -- Train Loss: 0.414 -- Validation Loss: 0.477 -- Validation ACC: 0.667 -- Validation F1: 0.769
2024-07-22,14:28:17 [INFO] Epoch: 20/30 -- Train Loss: 0.398 -- Validation Loss: 0.476 -- Validation ACC: 0.667 -- Validation F1: 0.769
2024-07-22,14:28:20 [INFO] Epoch: 24/30 -- Train Loss: 0.448 -- Validation Loss: 0.476 -- Validation ACC: 0.667 -- Validation F1: 0.769
2024-07-22,14:28:21 [INFO] Epoch: 25/30 -- Train Loss: 0.544 -- Validation Loss: 0.475 -- Validation ACC: 0.667 -- Validation F1: 0.769
2024-07-22,14:28:21 [INFO] Epoch: 26/30 -- Train Loss: 0.441 -- Validation Loss: 0.475 -- Validation ACC: 0.667 -- Validation F1: 0.769
2024-07-22,14:28:22 [INFO] Epoch: 27/30 -- Train Loss: 0.415 -- Validation Loss: 0.473 -- Validation ACC: 0.667 -- Validation F1: 0.769
2024-07-22,14:28:24 [INFO] Epoch: 28/30 -- Train Loss: 0.381 -- Validation Loss: 0.473 -- Validation ACC: 0.667 -- Validation F1: 0.769
2024-07-22,14:28:25 [INFO] Epoch: 29/30 -- Train Loss: 0.421 -- Validation Loss: 0.473 -- Validation ACC: 0.667 -- Validation F1: 0.769
2024-07-22,14:28:25 [INFO] Run 0/5: Average Over Last 6 epochs -- Valid ACC: 0.6666666666666666 -- Valid F1-score: 0.7692307829856873
2024-07-22,14:28:25 [INFO] Test Results of Run 0/5: -- Test Loss: 0.627 -- Test ACC: 0.757 -- Test F1: 0.825
2024-07-22,14:28:26 [INFO] Epoch: 0/30 -- Train Loss: 0.483 -- Validation Loss: 0.502 -- Validation ACC: 0.667 -- Validation F1: 0.769
2024-07-22,14:28:32 [INFO] Epoch: 10/30 -- Train Loss: 0.487 -- Validation Loss: 0.485 -- Validation ACC: 0.667 -- Validation F1: 0.769
2024-07-22,14:28:38 [INFO] Epoch: 20/30 -- Train Loss: 0.410 -- Validation Loss: 0.485 -- Validation ACC: 0.667 -- Validation F1: 0.769
2024-07-22,14:28:41 [INFO] Epoch: 24/30 -- Train Loss: 0.429 -- Validation Loss: 0.486 -- Validation ACC: 0.667 -- Validation F1: 0.769
2024-07-22,14:28:42 [INFO] Epoch: 25/30 -- Train Loss: 0.379 -- Validation Loss: 0.486 -- Validation ACC: 0.667 -- Validation F1: 0.769
2024-07-22,14:28:43 [INFO] Epoch: 26/30 -- Train Loss: 0.368 -- Validation Loss: 0.485 -- Validation ACC: 0.667 -- Validation F1: 0.769
2024-07-22,14:28:44 [INFO] Epoch: 27/30 -- Train Loss: 0.384 -- Validation Loss: 0.481 -- Validation ACC: 0.667 -- Validation F1: 0.769
2024-07-22,14:28:45 [INFO] Epoch: 28/30 -- Train Loss: 0.518 -- Validation Loss: 0.481 -- Validation ACC: 0.667 -- Validation F1: 0.769
2024-07-22,14:28:46 [INFO] Epoch: 29/30 -- Train Loss: 0.447 -- Validation Loss: 0.481 -- Validation ACC: 0.667 -- Validation F1: 0.769
2024-07-22,14:28:46 [INFO] Run 1/5: Average Over Last 6 epochs -- Valid ACC: 0.6666666666666666 -- Valid F1-score: 0.7692307829856873
2024-07-22,14:28:46 [INFO] Test Results of Run 1/5: -- Test Loss: 0.616 -- Test ACC: 0.800 -- Test F1: 0.859
2024-07-22,14:28:47 [INFO] Epoch: 0/30 -- Train Loss: 0.509 -- Validation Loss: 0.521 -- Validation ACC: 0.667 -- Validation F1: 0.769
2024-07-22,14:28:53 [INFO] Epoch: 10/30 -- Train Loss: 0.415 -- Validation Loss: 0.512 -- Validation ACC: 0.667 -- Validation F1: 0.769
2024-07-22,14:28:59 [INFO] Epoch: 20/30 -- Train Loss: 0.509 -- Validation Loss: 0.509 -- Validation ACC: 0.611 -- Validation F1: 0.720
2024-07-22,14:29:01 [INFO] Epoch: 24/30 -- Train Loss: 0.467 -- Validation Loss: 0.508 -- Validation ACC: 0.611 -- Validation F1: 0.720
2024-07-22,14:29:02 [INFO] Epoch: 25/30 -- Train Loss: 0.437 -- Validation Loss: 0.508 -- Validation ACC: 0.611 -- Validation F1: 0.720
2024-07-22,14:29:03 [INFO] Epoch: 26/30 -- Train Loss: 0.404 -- Validation Loss: 0.508 -- Validation ACC: 0.611 -- Validation F1: 0.720
2024-07-22,14:29:04 [INFO] Epoch: 27/30 -- Train Loss: 0.418 -- Validation Loss: 0.508 -- Validation ACC: 0.611 -- Validation F1: 0.720
2024-07-22,14:29:04 [INFO] Epoch: 28/30 -- Train Loss: 0.464 -- Validation Loss: 0.508 -- Validation ACC: 0.611 -- Validation F1: 0.720
2024-07-22,14:29:05 [INFO] Epoch: 29/30 -- Train Loss: 0.412 -- Validation Loss: 0.508 -- Validation ACC: 0.611 -- Validation F1: 0.720
2024-07-22,14:29:05 [INFO] Run 2/5: Average Over Last 6 epochs -- Valid ACC: 0.6111111111111112 -- Valid F1-score: 0.7200000286102295
2024-07-22,14:29:06 [INFO] Test Results of Run 2/5: -- Test Loss: 0.605 -- Test ACC: 0.800 -- Test F1: 0.859
2024-07-22,14:29:07 [INFO] Epoch: 0/30 -- Train Loss: 0.432 -- Validation Loss: 0.525 -- Validation ACC: 0.667 -- Validation F1: 0.769
2024-07-22,14:29:12 [INFO] Epoch: 10/30 -- Train Loss: 0.443 -- Validation Loss: 0.510 -- Validation ACC: 0.611 -- Validation F1: 0.720
2024-07-22,14:29:17 [INFO] Epoch: 20/30 -- Train Loss: 0.405 -- Validation Loss: 0.508 -- Validation ACC: 0.611 -- Validation F1: 0.720
2024-07-22,14:29:20 [INFO] Epoch: 24/30 -- Train Loss: 0.486 -- Validation Loss: 0.507 -- Validation ACC: 0.611 -- Validation F1: 0.720
2024-07-22,14:29:21 [INFO] Epoch: 25/30 -- Train Loss: 0.459 -- Validation Loss: 0.507 -- Validation ACC: 0.611 -- Validation F1: 0.720
2024-07-22,14:29:21 [INFO] Epoch: 26/30 -- Train Loss: 0.443 -- Validation Loss: 0.507 -- Validation ACC: 0.611 -- Validation F1: 0.720
2024-07-22,14:29:22 [INFO] Epoch: 27/30 -- Train Loss: 0.439 -- Validation Loss: 0.507 -- Validation ACC: 0.611 -- Validation F1: 0.720
2024-07-22,14:29:23 [INFO] Epoch: 28/30 -- Train Loss: 0.489 -- Validation Loss: 0.506 -- Validation ACC: 0.611 -- Validation F1: 0.720
2024-07-22,14:29:24 [INFO] Epoch: 29/30 -- Train Loss: 0.396 -- Validation Loss: 0.506 -- Validation ACC: 0.611 -- Validation F1: 0.720
2024-07-22,14:29:24 [INFO] Run 3/5: Average Over Last 6 epochs -- Valid ACC: 0.6111111111111112 -- Valid F1-score: 0.7200000286102295
2024-07-22,14:29:25 [INFO] Test Results of Run 3/5: -- Test Loss: 0.589 -- Test ACC: 0.800 -- Test F1: 0.859
2024-07-22,14:29:26 [INFO] Epoch: 0/30 -- Train Loss: 0.393 -- Validation Loss: 0.478 -- Validation ACC: 0.667 -- Validation F1: 0.769
2024-07-22,14:29:31 [INFO] Epoch: 10/30 -- Train Loss: 0.460 -- Validation Loss: 0.470 -- Validation ACC: 0.611 -- Validation F1: 0.720
2024-07-22,14:29:37 [INFO] Epoch: 20/30 -- Train Loss: 0.386 -- Validation Loss: 0.470 -- Validation ACC: 0.611 -- Validation F1: 0.720
2024-07-22,14:29:40 [INFO] Epoch: 24/30 -- Train Loss: 0.397 -- Validation Loss: 0.470 -- Validation ACC: 0.611 -- Validation F1: 0.720
2024-07-22,14:29:41 [INFO] Epoch: 25/30 -- Train Loss: 0.412 -- Validation Loss: 0.470 -- Validation ACC: 0.611 -- Validation F1: 0.720
2024-07-22,14:29:42 [INFO] Epoch: 26/30 -- Train Loss: 0.504 -- Validation Loss: 0.471 -- Validation ACC: 0.611 -- Validation F1: 0.720
2024-07-22,14:29:42 [INFO] Epoch: 27/30 -- Train Loss: 0.412 -- Validation Loss: 0.472 -- Validation ACC: 0.611 -- Validation F1: 0.720
2024-07-22,14:29:43 [INFO] Epoch: 28/30 -- Train Loss: 0.489 -- Validation Loss: 0.472 -- Validation ACC: 0.611 -- Validation F1: 0.720
2024-07-22,14:29:44 [INFO] Epoch: 29/30 -- Train Loss: 0.577 -- Validation Loss: 0.472 -- Validation ACC: 0.611 -- Validation F1: 0.720
2024-07-22,14:29:44 [INFO] Run 4/5: Average Over Last 6 epochs -- Valid ACC: 0.6111111111111112 -- Valid F1-score: 0.7200000286102295
2024-07-22,14:29:45 [INFO] Test Results of Run 4/5: -- Test Loss: 0.636 -- Test ACC: 0.774 -- Test F1: 0.841
2024-07-22,14:29:45 [INFO] Validation average after 5 runs -- ACC: 0.633 -- F1-score: 0.740
2024-07-22,14:29:45 [INFO] Test average after 5 runs -- ACC: 0.786 -- F1-score: 0.849
2024-07-22,14:29:45 [INFO] Finished round 9/10 of experiments!
2024-07-22,14:29:45 [INFO] Final results: -- Source Test Acc: 0.703 -- Source Test F1: 0.750 -- Target Valid Acc: 0.711 -- Target Valid F1: 0.770 -- Target Test Acc: 0.686 -- Target Test F1: 0.747 -- Prompt Test Acc: 0.664 -- Prompt Valid Acc: 0.668 -- Prompt Test F1: 0.754 -- Prompt Valid F1: 0.764
2024-07-22,14:29:45 [INFO] List of important configs: 
2024-07-22,14:29:45 [INFO] shift_type: structural
2024-07-22,14:29:45 [INFO] attn_with_param: False
2024-07-22,14:29:45 [INFO] w_entropy_loss: 0.0
2024-07-22,14:29:45 [INFO] w_softmax_loss: 0.0
2024-07-22,14:29:45 [INFO] w_domain_loss: 0.0
2024-07-22,14:29:45 [INFO] weight_decay: 0.0
2024-07-22,14:29:45 [INFO] n_epochs: 30
2024-07-22,14:29:45 [INFO] lr: 0.001
2024-07-22,14:29:45 [INFO] batch_size: 64
2024-07-22,14:29:45 [INFO] dropout: 0.3
2024-07-22,14:29:45 [INFO] cut_off: 0.5
2024-07-22,14:29:45 [INFO] light_aug_prob: 0.1
2024-07-22,14:29:45 [INFO] light_aug_mode: mask
2024-07-22,14:29:45 [INFO] pos_aug_mode: mask
2024-07-22,14:29:45 [INFO] noise_shift_mode: homophily
2024-07-22,14:29:45 [INFO] p_raug: 0.15
2024-07-22,14:29:45 [INFO] label_reduction: 0.5
2024-07-22,14:29:45 [INFO] Pretrained modela are saved to: ./pretrained/GCN_Pretrained_2024-07-01-14-54-05.pth ./pretrained/GCN_Pretrained_2024-07-01-14-56-23.pth ./pretrained/GCN_Pretrained_2024-07-01-14-58-41.pth ./pretrained/GCN_Pretrained_2024-07-01-15-00-59.pth ./pretrained/GCN_Pretrained_2024-07-01-15-03-17.pth ./pretrained/GCN_Pretrained_2024-07-01-15-05-37.pth ./pretrained/GCN_Pretrained_2024-07-01-15-07-56.pth ./pretrained/GCN_Pretrained_2024-07-01-15-10-20.pth ./pretrained/GCN_Pretrained_2024-07-01-15-12-47.pth ./pretrained/GCN_Pretrained_2024-07-01-15-15-13.pth
