2024-07-17,04:18:27 [INFO] Logging to: ./log/2024-07-17-04-18-27.log
2024-07-17,04:18:27 [INFO] Reading config from: ./config/dhfr.yaml
2024-07-17,04:18:27 [INFO] Namespace(total_iters=10, prompt_method='flex_match', s_dataset='DHFR', t_dataset='DHFR', prompt_fn='gpf_plus', shift_type='structural', p_shift_intra=0.0, p_shift_inter=0.0, pretrain=True, save_pretrained=False, soft_label=False, add_link_loss=False, attn_with_param=False, empty_pretrained_dir=False, iterative_clustering=False, clutering_iters=3, entropy_div_ratio=3, w_entropy_loss=0.0, w_softmax_loss=0.5, w_domain_loss=0.0, r_reg=0.0, gnn_weight_decay=0.0, weight_decay=0.0, gnn_type='gcn', gnn_num_layers=3, pretrained_path=['./pretrained/GCN_Pretrained_2024-07-01-14-54-05.pth', './pretrained/GCN_Pretrained_2024-07-01-14-56-23.pth', './pretrained/GCN_Pretrained_2024-07-01-14-58-41.pth', './pretrained/GCN_Pretrained_2024-07-01-15-00-59.pth', './pretrained/GCN_Pretrained_2024-07-01-15-03-17.pth', './pretrained/GCN_Pretrained_2024-07-01-15-05-37.pth', './pretrained/GCN_Pretrained_2024-07-01-15-07-56.pth', './pretrained/GCN_Pretrained_2024-07-01-15-10-20.pth', './pretrained/GCN_Pretrained_2024-07-01-15-12-47.pth', './pretrained/GCN_Pretrained_2024-07-01-15-15-13.pth'], gnn_n_epochs=100, gnn_eval_step=10, gnn_h_dim=512, gnn_lr=0.01, gnn_step_size=50, gnn_gamma=0.5, gnn_batch_size=64, gnn_dropout=0.4, n_epochs=30, eval_step=10, h_dim=512, lr=0.01, step_size=50, gamma=0.5, batch_size=64, num_tokens=50, src_ratio=0.5, dropout=0.3, cut_off=0.5, aug_type='feature', light_aug_prob=0.1, light_aug_mode='mask', pos_aug_mode='mask', neg_aug_mode='arbitrary', noise_cov_scale=1.0, noise_mean_shift=1.0, noise_shift_mode='homophily', noise_select_mode='soft', cross_prune=0.8, inner_prune=0.3, num_runs=5, p_raug=0.15, n_raug=0.15, s_split=[0.65, 0.3], t_split=[0.65, 0.3], seed=[1676, 3733, 3589, 4867, 2980, 1142, 3035, 4432, 4672, 4010], config_from_file='./config/dhfr.yaml', config_to_file='', label_reduction=0.0)
2024-07-17,04:18:27 [INFO] ####################################################################################################
2024-07-17,04:18:27 [INFO] Args seeds: [1676, 3733, 3589, 4867, 2980, 1142, 3035, 4432, 4672, 4010]
2024-07-17,04:18:27 [INFO] Source Dataset: DHFR, Target Dataset: DHFR. Training, Test: Source: [0.65, 0.3], Target: [0.65, 0.3] -- Batch size: 64
2024-07-17,04:18:27 [INFO] All input pretrained paths: ['./pretrained/GCN_Pretrained_2024-07-01-14-54-05.pth', './pretrained/GCN_Pretrained_2024-07-01-14-56-23.pth', './pretrained/GCN_Pretrained_2024-07-01-14-58-41.pth', './pretrained/GCN_Pretrained_2024-07-01-15-00-59.pth', './pretrained/GCN_Pretrained_2024-07-01-15-03-17.pth', './pretrained/GCN_Pretrained_2024-07-01-15-05-37.pth', './pretrained/GCN_Pretrained_2024-07-01-15-07-56.pth', './pretrained/GCN_Pretrained_2024-07-01-15-10-20.pth', './pretrained/GCN_Pretrained_2024-07-01-15-12-47.pth', './pretrained/GCN_Pretrained_2024-07-01-15-15-13.pth']
2024-07-17,04:18:27 [INFO] Started round 0/10 of experiments!
2024-07-17,04:18:27 [INFO] Setting for pretraining: Model: {'gnn_type': 'gcn', 'in_channels': 56, 'hidden_channels': 512, 'out_channels': 2, 'num_layers': 3, 'dropout': 0.4, 'with_bn': False, 'with_head': True} -- Optimizer: {'lr': 0.01, 'scheduler_step_size': 50, 'scheduler_gamma': 0.5, 'weight_decay': 0.0} -- Training: {'n_epochs': 100}
2024-07-17,04:18:27 [INFO] Loading previous pretrained model at ./pretrained/GCN_Pretrained_2024-07-01-14-54-05.pth
2024-07-17,04:18:27 [INFO] Prompting method: flex_match -- Setting: Prompting function: gpf_plus -- Target Dataset: DHFR
2024-07-17,04:18:27 [INFO] Setting for prompt tuning: Prompt: {'emb_dim': 56, 'h_dim': 512, 'output_dim': 56, 'prompt_fn': 'gpf_plus', 'token_num': 50, 'cross_prune': 0.8, 'inner_prune': 0.3, 'attn_with_param': False} -- Pretrained Model: {'gnn_type': 'gcn', 'in_channels': 56, 'hidden_channels': 512, 'out_channels': 2, 'num_layers': 3, 'dropout': 0.4, 'with_bn': False, 'with_head': True} -- Optimizer: {'lr': 0.01, 'scheduler_step_size': 50, 'scheduler_gamma': 0.5, 'weight_decay': 0.0} -- Training: {'aug_type': 'feature', 'pos_aug_mode': 'mask', 'p_raug': 0.15, 'n_epochs': 30, 'r_reg': 0.0, 'soft_label': False, 'clutering_iters': 3, 'iterative_clustering': False, 'entropy_div_ratio': 3, 'w_entropy_loss': 0.0, 'w_softmax_loss': 0.5, 'w_domain_loss': 0.0, 'light_aug_prob': 0.1, 'light_aug_mode': 'mask', 'num_classes': 2, 'cut_off': 0.5}
2024-07-17,04:18:27 [INFO] Prompt tuning started: Num runs: 5 -- Eval step: 10
2024-07-17,04:18:28 [INFO] Pretrained GNN on Source Dataset -- Test Loss: 0.863 -- Test ACC: 0.661 -- Test F1-score: 0.702
2024-07-17,04:18:28 [INFO] Pretrained GNN on Target Dataset Without Prompting: -- Validation Loss: 0.762 -- Validation ACC: 0.611 -- Validation F1-score: 0.667 -- Test Loss: 0.711 -- Test ACC: 0.774 -- Test F1-score: 0.803
2024-07-17,04:18:30 [INFO] Epoch: 0/30 -- Train Loss: 0.966 -- Validation Loss: 0.619 -- Validation ACC: 0.667 -- Validation F1: 0.750
2024-07-17,04:18:37 [INFO] Epoch: 10/30 -- Train Loss: 0.316 -- Validation Loss: 0.896 -- Validation ACC: 0.500 -- Validation F1: 0.526
2024-07-17,04:18:43 [INFO] Epoch: 20/30 -- Train Loss: 0.099 -- Validation Loss: 0.651 -- Validation ACC: 0.611 -- Validation F1: 0.667
2024-07-17,04:18:46 [INFO] Epoch: 24/30 -- Train Loss: 0.134 -- Validation Loss: 0.602 -- Validation ACC: 0.722 -- Validation F1: 0.783
2024-07-17,04:18:47 [INFO] Epoch: 25/30 -- Train Loss: 0.071 -- Validation Loss: 0.683 -- Validation ACC: 0.611 -- Validation F1: 0.667
2024-07-17,04:18:48 [INFO] Epoch: 26/30 -- Train Loss: 0.058 -- Validation Loss: 0.940 -- Validation ACC: 0.556 -- Validation F1: 0.600
2024-07-17,04:18:49 [INFO] Epoch: 27/30 -- Train Loss: 0.762 -- Validation Loss: 1.082 -- Validation ACC: 0.444 -- Validation F1: 0.444
2024-07-17,04:18:50 [INFO] Epoch: 28/30 -- Train Loss: 0.025 -- Validation Loss: 1.007 -- Validation ACC: 0.500 -- Validation F1: 0.526
2024-07-17,04:18:50 [INFO] Epoch: 29/30 -- Train Loss: 0.099 -- Validation Loss: 0.910 -- Validation ACC: 0.556 -- Validation F1: 0.600
2024-07-17,04:18:50 [INFO] Run 0/5: Average Over Last 6 epochs -- Valid ACC: 0.5648148148148149 -- Valid F1-score: 0.6033392796913782
2024-07-17,04:18:51 [INFO] Test Results of Run 0/5: -- Test Loss: 0.803 -- Test ACC: 0.757 -- Test F1: 0.785
2024-07-17,04:18:52 [INFO] Epoch: 0/30 -- Train Loss: 0.091 -- Validation Loss: 1.105 -- Validation ACC: 0.444 -- Validation F1: 0.444
2024-07-17,04:18:59 [INFO] Epoch: 10/30 -- Train Loss: 0.016 -- Validation Loss: 0.680 -- Validation ACC: 0.667 -- Validation F1: 0.750
2024-07-17,04:19:06 [INFO] Epoch: 20/30 -- Train Loss: 0.120 -- Validation Loss: 1.101 -- Validation ACC: 0.333 -- Validation F1: 0.333
2024-07-17,04:19:09 [INFO] Epoch: 24/30 -- Train Loss: 0.155 -- Validation Loss: 0.708 -- Validation ACC: 0.611 -- Validation F1: 0.696
2024-07-17,04:19:10 [INFO] Epoch: 25/30 -- Train Loss: 0.185 -- Validation Loss: 0.730 -- Validation ACC: 0.556 -- Validation F1: 0.636
2024-07-17,04:19:11 [INFO] Epoch: 26/30 -- Train Loss: 0.138 -- Validation Loss: 0.775 -- Validation ACC: 0.500 -- Validation F1: 0.571
2024-07-17,04:19:12 [INFO] Epoch: 27/30 -- Train Loss: 0.161 -- Validation Loss: 0.814 -- Validation ACC: 0.500 -- Validation F1: 0.571
2024-07-17,04:19:13 [INFO] Epoch: 28/30 -- Train Loss: 0.224 -- Validation Loss: 0.878 -- Validation ACC: 0.389 -- Validation F1: 0.421
2024-07-17,04:19:14 [INFO] Epoch: 29/30 -- Train Loss: 0.058 -- Validation Loss: 0.934 -- Validation ACC: 0.389 -- Validation F1: 0.421
2024-07-17,04:19:14 [INFO] Run 1/5: Average Over Last 6 epochs -- Valid ACC: 0.49074074074074076 -- Valid F1-score: 0.5528297126293182
2024-07-17,04:19:14 [INFO] Test Results of Run 1/5: -- Test Loss: 0.765 -- Test ACC: 0.757 -- Test F1: 0.781
2024-07-17,04:19:15 [INFO] Epoch: 0/30 -- Train Loss: 0.018 -- Validation Loss: 0.451 -- Validation ACC: 0.833 -- Validation F1: 0.889
2024-07-17,04:19:22 [INFO] Epoch: 10/30 -- Train Loss: 0.074 -- Validation Loss: 1.063 -- Validation ACC: 0.444 -- Validation F1: 0.444
2024-07-17,04:19:29 [INFO] Epoch: 20/30 -- Train Loss: 0.029 -- Validation Loss: 0.859 -- Validation ACC: 0.611 -- Validation F1: 0.696
2024-07-17,04:19:32 [INFO] Epoch: 24/30 -- Train Loss: 0.073 -- Validation Loss: 1.354 -- Validation ACC: 0.444 -- Validation F1: 0.375
2024-07-17,04:19:33 [INFO] Epoch: 25/30 -- Train Loss: 0.119 -- Validation Loss: 1.209 -- Validation ACC: 0.444 -- Validation F1: 0.375
2024-07-17,04:19:34 [INFO] Epoch: 26/30 -- Train Loss: 0.087 -- Validation Loss: 1.035 -- Validation ACC: 0.444 -- Validation F1: 0.444
2024-07-17,04:19:34 [INFO] Epoch: 27/30 -- Train Loss: 0.106 -- Validation Loss: 0.957 -- Validation ACC: 0.500 -- Validation F1: 0.526
2024-07-17,04:19:35 [INFO] Epoch: 28/30 -- Train Loss: 0.068 -- Validation Loss: 0.955 -- Validation ACC: 0.500 -- Validation F1: 0.526
2024-07-17,04:19:36 [INFO] Epoch: 29/30 -- Train Loss: 0.003 -- Validation Loss: 1.012 -- Validation ACC: 0.444 -- Validation F1: 0.444
2024-07-17,04:19:36 [INFO] Run 2/5: Average Over Last 6 epochs -- Valid ACC: 0.46296296296296297 -- Valid F1-score: 0.44858675201733905
2024-07-17,04:19:37 [INFO] Test Results of Run 2/5: -- Test Loss: 0.744 -- Test ACC: 0.757 -- Test F1: 0.781
2024-07-17,04:19:38 [INFO] Epoch: 0/30 -- Train Loss: 0.716 -- Validation Loss: 0.676 -- Validation ACC: 0.667 -- Validation F1: 0.727
2024-07-17,04:19:45 [INFO] Epoch: 10/30 -- Train Loss: 0.069 -- Validation Loss: 0.657 -- Validation ACC: 0.667 -- Validation F1: 0.727
2024-07-17,04:19:51 [INFO] Epoch: 20/30 -- Train Loss: 0.114 -- Validation Loss: 0.719 -- Validation ACC: 0.500 -- Validation F1: 0.571
2024-07-17,04:19:53 [INFO] Epoch: 24/30 -- Train Loss: 0.079 -- Validation Loss: 0.652 -- Validation ACC: 0.556 -- Validation F1: 0.636
2024-07-17,04:19:54 [INFO] Epoch: 25/30 -- Train Loss: 0.389 -- Validation Loss: 0.614 -- Validation ACC: 0.556 -- Validation F1: 0.636
2024-07-17,04:19:55 [INFO] Epoch: 26/30 -- Train Loss: 0.118 -- Validation Loss: 0.587 -- Validation ACC: 0.556 -- Validation F1: 0.636
2024-07-17,04:19:55 [INFO] Epoch: 27/30 -- Train Loss: 0.106 -- Validation Loss: 0.553 -- Validation ACC: 0.667 -- Validation F1: 0.750
2024-07-17,04:19:56 [INFO] Epoch: 28/30 -- Train Loss: 0.055 -- Validation Loss: 0.569 -- Validation ACC: 0.667 -- Validation F1: 0.750
2024-07-17,04:19:57 [INFO] Epoch: 29/30 -- Train Loss: 0.044 -- Validation Loss: 0.601 -- Validation ACC: 0.556 -- Validation F1: 0.636
2024-07-17,04:19:57 [INFO] Run 3/5: Average Over Last 6 epochs -- Valid ACC: 0.5925925925925926 -- Valid F1-score: 0.6742424170176188
2024-07-17,04:19:58 [INFO] Test Results of Run 3/5: -- Test Loss: 0.491 -- Test ACC: 0.817 -- Test F1: 0.849
2024-07-17,04:19:58 [INFO] Epoch: 0/30 -- Train Loss: 0.174 -- Validation Loss: 0.834 -- Validation ACC: 0.500 -- Validation F1: 0.526
2024-07-17,04:20:06 [INFO] Epoch: 10/30 -- Train Loss: 0.614 -- Validation Loss: 1.294 -- Validation ACC: 0.444 -- Validation F1: 0.375
2024-07-17,04:20:13 [INFO] Epoch: 20/30 -- Train Loss: 0.122 -- Validation Loss: 0.625 -- Validation ACC: 0.722 -- Validation F1: 0.800
2024-07-17,04:20:16 [INFO] Epoch: 24/30 -- Train Loss: 0.571 -- Validation Loss: 1.200 -- Validation ACC: 0.444 -- Validation F1: 0.444
2024-07-17,04:20:17 [INFO] Epoch: 25/30 -- Train Loss: 0.191 -- Validation Loss: 1.402 -- Validation ACC: 0.389 -- Validation F1: 0.353
2024-07-17,04:20:18 [INFO] Epoch: 26/30 -- Train Loss: 1.992 -- Validation Loss: 1.442 -- Validation ACC: 0.389 -- Validation F1: 0.353
2024-07-17,04:20:19 [INFO] Epoch: 27/30 -- Train Loss: 0.722 -- Validation Loss: 1.125 -- Validation ACC: 0.444 -- Validation F1: 0.444
2024-07-17,04:20:20 [INFO] Epoch: 28/30 -- Train Loss: 0.151 -- Validation Loss: 0.883 -- Validation ACC: 0.444 -- Validation F1: 0.444
2024-07-17,04:20:21 [INFO] Epoch: 29/30 -- Train Loss: 0.208 -- Validation Loss: 0.748 -- Validation ACC: 0.611 -- Validation F1: 0.667
2024-07-17,04:20:21 [INFO] Run 4/5: Average Over Last 6 epochs -- Valid ACC: 0.45370370370370366 -- Valid F1-score: 0.45098040004571277
2024-07-17,04:20:21 [INFO] Test Results of Run 4/5: -- Test Loss: 0.688 -- Test ACC: 0.765 -- Test F1: 0.797
2024-07-17,04:20:21 [INFO] Validation average after 5 runs -- ACC: 0.513 -- F1-score: 0.546
2024-07-17,04:20:21 [INFO] Test average after 5 runs -- ACC: 0.770 -- F1-score: 0.799
2024-07-17,04:20:21 [INFO] Finished round 0/10 of experiments!
2024-07-17,04:20:21 [INFO] Started round 1/10 of experiments!
2024-07-17,04:20:22 [INFO] Loading previous pretrained model at ./pretrained/GCN_Pretrained_2024-07-01-14-56-23.pth
2024-07-17,04:20:22 [INFO] Pretrained GNN on Source Dataset -- Test Loss: 0.964 -- Test ACC: 0.739 -- Test F1-score: 0.758
2024-07-17,04:20:23 [INFO] Pretrained GNN on Target Dataset Without Prompting: -- Validation Loss: 1.277 -- Validation ACC: 0.667 -- Validation F1-score: 0.769 -- Test Loss: 1.529 -- Test ACC: 0.643 -- Test F1-score: 0.713
2024-07-17,04:20:24 [INFO] Epoch: 0/30 -- Train Loss: 0.052 -- Validation Loss: 1.792 -- Validation ACC: 0.667 -- Validation F1: 0.800
2024-07-17,04:20:31 [INFO] Epoch: 10/30 -- Train Loss: 0.788 -- Validation Loss: 1.279 -- Validation ACC: 0.667 -- Validation F1: 0.769
2024-07-17,04:20:38 [INFO] Epoch: 20/30 -- Train Loss: 0.125 -- Validation Loss: 1.135 -- Validation ACC: 0.667 -- Validation F1: 0.769
2024-07-17,04:20:41 [INFO] Epoch: 24/30 -- Train Loss: 0.043 -- Validation Loss: 1.201 -- Validation ACC: 0.722 -- Validation F1: 0.815
2024-07-17,04:20:42 [INFO] Epoch: 25/30 -- Train Loss: 0.158 -- Validation Loss: 1.250 -- Validation ACC: 0.722 -- Validation F1: 0.815
2024-07-17,04:20:43 [INFO] Epoch: 26/30 -- Train Loss: 0.117 -- Validation Loss: 1.300 -- Validation ACC: 0.722 -- Validation F1: 0.828
2024-07-17,04:20:44 [INFO] Epoch: 27/30 -- Train Loss: 0.032 -- Validation Loss: 1.306 -- Validation ACC: 0.722 -- Validation F1: 0.815
2024-07-17,04:20:45 [INFO] Epoch: 28/30 -- Train Loss: 0.307 -- Validation Loss: 1.313 -- Validation ACC: 0.722 -- Validation F1: 0.815
2024-07-17,04:20:46 [INFO] Epoch: 29/30 -- Train Loss: 0.027 -- Validation Loss: 1.317 -- Validation ACC: 0.667 -- Validation F1: 0.769
2024-07-17,04:20:46 [INFO] Run 0/5: Average Over Last 6 epochs -- Valid ACC: 0.7129629629629629 -- Valid F1-score: 0.8093460400899252
2024-07-17,04:20:47 [INFO] Test Results of Run 0/5: -- Test Loss: 1.572 -- Test ACC: 0.635 -- Test F1: 0.716
2024-07-17,04:20:48 [INFO] Epoch: 0/30 -- Train Loss: 0.095 -- Validation Loss: 1.470 -- Validation ACC: 0.722 -- Validation F1: 0.828
2024-07-17,04:20:54 [INFO] Epoch: 10/30 -- Train Loss: 0.019 -- Validation Loss: 1.535 -- Validation ACC: 0.722 -- Validation F1: 0.828
2024-07-17,04:21:01 [INFO] Epoch: 20/30 -- Train Loss: 0.023 -- Validation Loss: 1.334 -- Validation ACC: 0.722 -- Validation F1: 0.815
2024-07-17,04:21:04 [INFO] Epoch: 24/30 -- Train Loss: 0.180 -- Validation Loss: 1.219 -- Validation ACC: 0.667 -- Validation F1: 0.769
2024-07-17,04:21:05 [INFO] Epoch: 25/30 -- Train Loss: 0.108 -- Validation Loss: 1.211 -- Validation ACC: 0.667 -- Validation F1: 0.769
2024-07-17,04:21:06 [INFO] Epoch: 26/30 -- Train Loss: 0.127 -- Validation Loss: 1.208 -- Validation ACC: 0.667 -- Validation F1: 0.769
2024-07-17,04:21:07 [INFO] Epoch: 27/30 -- Train Loss: 0.097 -- Validation Loss: 1.198 -- Validation ACC: 0.667 -- Validation F1: 0.769
2024-07-17,04:21:08 [INFO] Epoch: 28/30 -- Train Loss: 0.407 -- Validation Loss: 1.195 -- Validation ACC: 0.667 -- Validation F1: 0.769
2024-07-17,04:21:08 [INFO] Epoch: 29/30 -- Train Loss: 0.176 -- Validation Loss: 1.186 -- Validation ACC: 0.667 -- Validation F1: 0.769
2024-07-17,04:21:08 [INFO] Run 1/5: Average Over Last 6 epochs -- Valid ACC: 0.6666666666666666 -- Valid F1-score: 0.7692307829856873
2024-07-17,04:21:09 [INFO] Test Results of Run 1/5: -- Test Loss: 1.599 -- Test ACC: 0.635 -- Test F1: 0.724
2024-07-17,04:21:10 [INFO] Epoch: 0/30 -- Train Loss: 0.043 -- Validation Loss: 1.406 -- Validation ACC: 0.722 -- Validation F1: 0.828
2024-07-17,04:21:16 [INFO] Epoch: 10/30 -- Train Loss: 0.017 -- Validation Loss: 1.318 -- Validation ACC: 0.778 -- Validation F1: 0.857
2024-07-17,04:21:23 [INFO] Epoch: 20/30 -- Train Loss: 0.054 -- Validation Loss: 1.319 -- Validation ACC: 0.667 -- Validation F1: 0.769
2024-07-17,04:21:26 [INFO] Epoch: 24/30 -- Train Loss: 0.105 -- Validation Loss: 1.232 -- Validation ACC: 0.722 -- Validation F1: 0.815
2024-07-17,04:21:27 [INFO] Epoch: 25/30 -- Train Loss: 0.195 -- Validation Loss: 1.243 -- Validation ACC: 0.778 -- Validation F1: 0.857
2024-07-17,04:21:28 [INFO] Epoch: 26/30 -- Train Loss: 1.452 -- Validation Loss: 1.260 -- Validation ACC: 0.778 -- Validation F1: 0.857
2024-07-17,04:21:29 [INFO] Epoch: 27/30 -- Train Loss: 0.250 -- Validation Loss: 1.215 -- Validation ACC: 0.778 -- Validation F1: 0.857
2024-07-17,04:21:30 [INFO] Epoch: 28/30 -- Train Loss: 0.355 -- Validation Loss: 1.195 -- Validation ACC: 0.667 -- Validation F1: 0.769
2024-07-17,04:21:31 [INFO] Epoch: 29/30 -- Train Loss: 0.074 -- Validation Loss: 1.225 -- Validation ACC: 0.778 -- Validation F1: 0.857
2024-07-17,04:21:31 [INFO] Run 2/5: Average Over Last 6 epochs -- Valid ACC: 0.75 -- Valid F1-score: 0.8354361752669016
2024-07-17,04:21:31 [INFO] Test Results of Run 2/5: -- Test Loss: 1.677 -- Test ACC: 0.678 -- Test F1: 0.761
2024-07-17,04:21:32 [INFO] Epoch: 0/30 -- Train Loss: 0.005 -- Validation Loss: 1.594 -- Validation ACC: 0.667 -- Validation F1: 0.800
2024-07-17,04:21:39 [INFO] Epoch: 10/30 -- Train Loss: 0.060 -- Validation Loss: 1.405 -- Validation ACC: 0.722 -- Validation F1: 0.815
2024-07-17,04:21:46 [INFO] Epoch: 20/30 -- Train Loss: 0.270 -- Validation Loss: 1.433 -- Validation ACC: 0.667 -- Validation F1: 0.769
2024-07-17,04:21:49 [INFO] Epoch: 24/30 -- Train Loss: 0.912 -- Validation Loss: 1.446 -- Validation ACC: 0.722 -- Validation F1: 0.828
2024-07-17,04:21:50 [INFO] Epoch: 25/30 -- Train Loss: 0.153 -- Validation Loss: 1.474 -- Validation ACC: 0.667 -- Validation F1: 0.800
2024-07-17,04:21:51 [INFO] Epoch: 26/30 -- Train Loss: 0.075 -- Validation Loss: 1.456 -- Validation ACC: 0.667 -- Validation F1: 0.800
2024-07-17,04:21:51 [INFO] Epoch: 27/30 -- Train Loss: 0.165 -- Validation Loss: 1.436 -- Validation ACC: 0.667 -- Validation F1: 0.800
2024-07-17,04:21:52 [INFO] Epoch: 28/30 -- Train Loss: 0.186 -- Validation Loss: 1.482 -- Validation ACC: 0.667 -- Validation F1: 0.800
2024-07-17,04:21:54 [INFO] Epoch: 29/30 -- Train Loss: 0.058 -- Validation Loss: 1.528 -- Validation ACC: 0.667 -- Validation F1: 0.800
2024-07-17,04:21:54 [INFO] Run 3/5: Average Over Last 6 epochs -- Valid ACC: 0.6759259259259259 -- Valid F1-score: 0.8045977155367533
2024-07-17,04:21:54 [INFO] Test Results of Run 3/5: -- Test Loss: 1.731 -- Test ACC: 0.670 -- Test F1: 0.765
2024-07-17,04:21:55 [INFO] Epoch: 0/30 -- Train Loss: 0.137 -- Validation Loss: 1.402 -- Validation ACC: 0.667 -- Validation F1: 0.769
2024-07-17,04:22:02 [INFO] Epoch: 10/30 -- Train Loss: 1.986 -- Validation Loss: 1.546 -- Validation ACC: 0.667 -- Validation F1: 0.769
2024-07-17,04:22:09 [INFO] Epoch: 20/30 -- Train Loss: 0.078 -- Validation Loss: 1.292 -- Validation ACC: 0.778 -- Validation F1: 0.857
2024-07-17,04:22:11 [INFO] Epoch: 24/30 -- Train Loss: 0.032 -- Validation Loss: 1.351 -- Validation ACC: 0.722 -- Validation F1: 0.839
2024-07-17,04:22:12 [INFO] Epoch: 25/30 -- Train Loss: 0.042 -- Validation Loss: 1.324 -- Validation ACC: 0.778 -- Validation F1: 0.867
2024-07-17,04:22:13 [INFO] Epoch: 26/30 -- Train Loss: 0.021 -- Validation Loss: 1.263 -- Validation ACC: 0.722 -- Validation F1: 0.828
2024-07-17,04:22:14 [INFO] Epoch: 27/30 -- Train Loss: 0.204 -- Validation Loss: 1.213 -- Validation ACC: 0.722 -- Validation F1: 0.815
2024-07-17,04:22:15 [INFO] Epoch: 28/30 -- Train Loss: 0.251 -- Validation Loss: 1.181 -- Validation ACC: 0.667 -- Validation F1: 0.769
2024-07-17,04:22:16 [INFO] Epoch: 29/30 -- Train Loss: 0.134 -- Validation Loss: 1.173 -- Validation ACC: 0.667 -- Validation F1: 0.769
2024-07-17,04:22:16 [INFO] Run 4/5: Average Over Last 6 epochs -- Valid ACC: 0.7129629629629629 -- Valid F1-score: 0.8143731554349264
2024-07-17,04:22:16 [INFO] Test Results of Run 4/5: -- Test Loss: 1.556 -- Test ACC: 0.643 -- Test F1: 0.725
2024-07-17,04:22:16 [INFO] Validation average after 5 runs -- ACC: 0.704 -- F1-score: 0.807
2024-07-17,04:22:16 [INFO] Test average after 5 runs -- ACC: 0.652 -- F1-score: 0.738
2024-07-17,04:22:16 [INFO] Finished round 1/10 of experiments!
2024-07-17,04:22:16 [INFO] Started round 2/10 of experiments!
2024-07-17,04:22:17 [INFO] Loading previous pretrained model at ./pretrained/GCN_Pretrained_2024-07-01-14-58-41.pth
2024-07-17,04:22:17 [INFO] Pretrained GNN on Source Dataset -- Test Loss: 1.173 -- Test ACC: 0.757 -- Test F1-score: 0.813
2024-07-17,04:22:18 [INFO] Pretrained GNN on Target Dataset Without Prompting: -- Validation Loss: 0.928 -- Validation ACC: 0.667 -- Validation F1-score: 0.769 -- Test Loss: 0.858 -- Test ACC: 0.687 -- Test F1-score: 0.735
2024-07-17,04:22:19 [INFO] Epoch: 0/30 -- Train Loss: 0.439 -- Validation Loss: 1.091 -- Validation ACC: 0.667 -- Validation F1: 0.769
2024-07-17,04:22:26 [INFO] Epoch: 10/30 -- Train Loss: 0.090 -- Validation Loss: 0.952 -- Validation ACC: 0.611 -- Validation F1: 0.720
2024-07-17,04:22:33 [INFO] Epoch: 20/30 -- Train Loss: 0.248 -- Validation Loss: 0.914 -- Validation ACC: 0.611 -- Validation F1: 0.720
2024-07-17,04:22:36 [INFO] Epoch: 24/30 -- Train Loss: 0.148 -- Validation Loss: 0.905 -- Validation ACC: 0.667 -- Validation F1: 0.769
2024-07-17,04:22:37 [INFO] Epoch: 25/30 -- Train Loss: 0.163 -- Validation Loss: 0.896 -- Validation ACC: 0.667 -- Validation F1: 0.769
2024-07-17,04:22:38 [INFO] Epoch: 26/30 -- Train Loss: 0.180 -- Validation Loss: 0.895 -- Validation ACC: 0.667 -- Validation F1: 0.769
2024-07-17,04:22:39 [INFO] Epoch: 27/30 -- Train Loss: 0.141 -- Validation Loss: 0.899 -- Validation ACC: 0.667 -- Validation F1: 0.769
2024-07-17,04:22:40 [INFO] Epoch: 28/30 -- Train Loss: 0.113 -- Validation Loss: 0.874 -- Validation ACC: 0.667 -- Validation F1: 0.769
2024-07-17,04:22:41 [INFO] Epoch: 29/30 -- Train Loss: 0.094 -- Validation Loss: 0.860 -- Validation ACC: 0.611 -- Validation F1: 0.720
2024-07-17,04:22:41 [INFO] Run 0/5: Average Over Last 6 epochs -- Valid ACC: 0.6574074074074073 -- Valid F1-score: 0.7610256572564443
2024-07-17,04:22:41 [INFO] Test Results of Run 0/5: -- Test Loss: 0.786 -- Test ACC: 0.704 -- Test F1: 0.738
2024-07-17,04:22:42 [INFO] Epoch: 0/30 -- Train Loss: 0.565 -- Validation Loss: 1.044 -- Validation ACC: 0.722 -- Validation F1: 0.815
2024-07-17,04:22:49 [INFO] Epoch: 10/30 -- Train Loss: 0.149 -- Validation Loss: 0.921 -- Validation ACC: 0.667 -- Validation F1: 0.769
2024-07-17,04:22:56 [INFO] Epoch: 20/30 -- Train Loss: 0.084 -- Validation Loss: 0.856 -- Validation ACC: 0.556 -- Validation F1: 0.667
2024-07-17,04:23:00 [INFO] Epoch: 24/30 -- Train Loss: 0.125 -- Validation Loss: 0.823 -- Validation ACC: 0.667 -- Validation F1: 0.769
2024-07-17,04:23:01 [INFO] Epoch: 25/30 -- Train Loss: 0.206 -- Validation Loss: 0.894 -- Validation ACC: 0.611 -- Validation F1: 0.741
2024-07-17,04:23:02 [INFO] Epoch: 26/30 -- Train Loss: 0.121 -- Validation Loss: 0.964 -- Validation ACC: 0.611 -- Validation F1: 0.741
2024-07-17,04:23:03 [INFO] Epoch: 27/30 -- Train Loss: 0.293 -- Validation Loss: 1.018 -- Validation ACC: 0.667 -- Validation F1: 0.786
2024-07-17,04:23:03 [INFO] Epoch: 28/30 -- Train Loss: 0.911 -- Validation Loss: 1.042 -- Validation ACC: 0.667 -- Validation F1: 0.786
2024-07-17,04:23:04 [INFO] Epoch: 29/30 -- Train Loss: 0.777 -- Validation Loss: 1.009 -- Validation ACC: 0.611 -- Validation F1: 0.741
2024-07-17,04:23:04 [INFO] Run 1/5: Average Over Last 6 epochs -- Valid ACC: 0.6388888888888888 -- Valid F1-score: 0.7604802449544271
2024-07-17,04:23:05 [INFO] Test Results of Run 1/5: -- Test Loss: 1.058 -- Test ACC: 0.670 -- Test F1: 0.750
2024-07-17,04:23:06 [INFO] Epoch: 0/30 -- Train Loss: 0.123 -- Validation Loss: 0.915 -- Validation ACC: 0.667 -- Validation F1: 0.769
2024-07-17,04:23:12 [INFO] Epoch: 10/30 -- Train Loss: 0.238 -- Validation Loss: 0.991 -- Validation ACC: 0.667 -- Validation F1: 0.769
2024-07-17,04:23:20 [INFO] Epoch: 20/30 -- Train Loss: 0.120 -- Validation Loss: 1.001 -- Validation ACC: 0.611 -- Validation F1: 0.720
2024-07-17,04:23:23 [INFO] Epoch: 24/30 -- Train Loss: 0.049 -- Validation Loss: 1.058 -- Validation ACC: 0.667 -- Validation F1: 0.769
2024-07-17,04:23:24 [INFO] Epoch: 25/30 -- Train Loss: 0.005 -- Validation Loss: 1.037 -- Validation ACC: 0.667 -- Validation F1: 0.769
2024-07-17,04:23:24 [INFO] Epoch: 26/30 -- Train Loss: 0.032 -- Validation Loss: 1.027 -- Validation ACC: 0.667 -- Validation F1: 0.769
2024-07-17,04:23:26 [INFO] Epoch: 27/30 -- Train Loss: 0.079 -- Validation Loss: 1.026 -- Validation ACC: 0.667 -- Validation F1: 0.769
2024-07-17,04:23:26 [INFO] Epoch: 28/30 -- Train Loss: 0.390 -- Validation Loss: 1.001 -- Validation ACC: 0.667 -- Validation F1: 0.769
2024-07-17,04:23:27 [INFO] Epoch: 29/30 -- Train Loss: 0.099 -- Validation Loss: 0.985 -- Validation ACC: 0.667 -- Validation F1: 0.769
2024-07-17,04:23:27 [INFO] Run 2/5: Average Over Last 6 epochs -- Valid ACC: 0.6666666666666666 -- Valid F1-score: 0.7692307829856873
2024-07-17,04:23:28 [INFO] Test Results of Run 2/5: -- Test Loss: 0.862 -- Test ACC: 0.713 -- Test F1: 0.748
2024-07-17,04:23:29 [INFO] Epoch: 0/30 -- Train Loss: 2.273 -- Validation Loss: 1.080 -- Validation ACC: 0.611 -- Validation F1: 0.741
2024-07-17,04:23:35 [INFO] Epoch: 10/30 -- Train Loss: 0.130 -- Validation Loss: 0.873 -- Validation ACC: 0.611 -- Validation F1: 0.720
2024-07-17,04:23:42 [INFO] Epoch: 20/30 -- Train Loss: 0.146 -- Validation Loss: 0.955 -- Validation ACC: 0.667 -- Validation F1: 0.769
2024-07-17,04:23:45 [INFO] Epoch: 24/30 -- Train Loss: 0.015 -- Validation Loss: 1.060 -- Validation ACC: 0.667 -- Validation F1: 0.769
2024-07-17,04:23:46 [INFO] Epoch: 25/30 -- Train Loss: 0.121 -- Validation Loss: 0.967 -- Validation ACC: 0.667 -- Validation F1: 0.769
2024-07-17,04:23:47 [INFO] Epoch: 26/30 -- Train Loss: 0.233 -- Validation Loss: 0.928 -- Validation ACC: 0.667 -- Validation F1: 0.769
2024-07-17,04:23:48 [INFO] Epoch: 27/30 -- Train Loss: 0.142 -- Validation Loss: 0.912 -- Validation ACC: 0.667 -- Validation F1: 0.769
2024-07-17,04:23:49 [INFO] Epoch: 28/30 -- Train Loss: 0.102 -- Validation Loss: 0.908 -- Validation ACC: 0.667 -- Validation F1: 0.769
2024-07-17,04:23:50 [INFO] Epoch: 29/30 -- Train Loss: 0.143 -- Validation Loss: 0.908 -- Validation ACC: 0.667 -- Validation F1: 0.769
2024-07-17,04:23:50 [INFO] Run 3/5: Average Over Last 6 epochs -- Valid ACC: 0.6666666666666666 -- Valid F1-score: 0.7692307829856873
2024-07-17,04:23:50 [INFO] Test Results of Run 3/5: -- Test Loss: 0.837 -- Test ACC: 0.704 -- Test F1: 0.726
2024-07-17,04:23:51 [INFO] Epoch: 0/30 -- Train Loss: 0.073 -- Validation Loss: 1.014 -- Validation ACC: 0.667 -- Validation F1: 0.769
2024-07-17,04:23:58 [INFO] Epoch: 10/30 -- Train Loss: 1.014 -- Validation Loss: 0.999 -- Validation ACC: 0.611 -- Validation F1: 0.720
2024-07-17,04:24:05 [INFO] Epoch: 20/30 -- Train Loss: 0.055 -- Validation Loss: 0.974 -- Validation ACC: 0.611 -- Validation F1: 0.720
2024-07-17,04:24:08 [INFO] Epoch: 24/30 -- Train Loss: 0.052 -- Validation Loss: 0.901 -- Validation ACC: 0.611 -- Validation F1: 0.720
2024-07-17,04:24:08 [INFO] Epoch: 25/30 -- Train Loss: 0.062 -- Validation Loss: 0.907 -- Validation ACC: 0.611 -- Validation F1: 0.720
2024-07-17,04:24:09 [INFO] Epoch: 26/30 -- Train Loss: 0.114 -- Validation Loss: 0.919 -- Validation ACC: 0.611 -- Validation F1: 0.720
2024-07-17,04:24:10 [INFO] Epoch: 27/30 -- Train Loss: 0.140 -- Validation Loss: 0.927 -- Validation ACC: 0.611 -- Validation F1: 0.720
2024-07-17,04:24:11 [INFO] Epoch: 28/30 -- Train Loss: 0.124 -- Validation Loss: 0.939 -- Validation ACC: 0.611 -- Validation F1: 0.720
2024-07-17,04:24:12 [INFO] Epoch: 29/30 -- Train Loss: 0.239 -- Validation Loss: 0.941 -- Validation ACC: 0.611 -- Validation F1: 0.720
2024-07-17,04:24:12 [INFO] Run 4/5: Average Over Last 6 epochs -- Valid ACC: 0.6111111111111112 -- Valid F1-score: 0.7200000286102295
2024-07-17,04:24:12 [INFO] Test Results of Run 4/5: -- Test Loss: 0.824 -- Test ACC: 0.687 -- Test F1: 0.739
2024-07-17,04:24:12 [INFO] Validation average after 5 runs -- ACC: 0.648 -- F1-score: 0.756
2024-07-17,04:24:12 [INFO] Test average after 5 runs -- ACC: 0.696 -- F1-score: 0.740
2024-07-17,04:24:12 [INFO] Finished round 2/10 of experiments!
2024-07-17,04:24:12 [INFO] Started round 3/10 of experiments!
2024-07-17,04:24:13 [INFO] Loading previous pretrained model at ./pretrained/GCN_Pretrained_2024-07-01-15-00-59.pth
2024-07-17,04:24:13 [INFO] Pretrained GNN on Source Dataset -- Test Loss: 0.746 -- Test ACC: 0.739 -- Test F1-score: 0.786
2024-07-17,04:24:14 [INFO] Pretrained GNN on Target Dataset Without Prompting: -- Validation Loss: 0.769 -- Validation ACC: 0.722 -- Validation F1-score: 0.706 -- Test Loss: 0.897 -- Test ACC: 0.748 -- Test F1-score: 0.810
2024-07-17,04:24:15 [INFO] Epoch: 0/30 -- Train Loss: 0.000 -- Validation Loss: 0.793 -- Validation ACC: 0.778 -- Validation F1: 0.778
2024-07-17,04:24:22 [INFO] Epoch: 10/30 -- Train Loss: 0.121 -- Validation Loss: 0.885 -- Validation ACC: 0.722 -- Validation F1: 0.667
2024-07-17,04:24:29 [INFO] Epoch: 20/30 -- Train Loss: 0.386 -- Validation Loss: 0.812 -- Validation ACC: 0.722 -- Validation F1: 0.737
2024-07-17,04:24:32 [INFO] Epoch: 24/30 -- Train Loss: 0.000 -- Validation Loss: 0.745 -- Validation ACC: 0.778 -- Validation F1: 0.778
2024-07-17,04:24:33 [INFO] Epoch: 25/30 -- Train Loss: 1.934 -- Validation Loss: 0.707 -- Validation ACC: 0.778 -- Validation F1: 0.778
2024-07-17,04:24:34 [INFO] Epoch: 26/30 -- Train Loss: 0.072 -- Validation Loss: 0.712 -- Validation ACC: 0.722 -- Validation F1: 0.667
2024-07-17,04:24:35 [INFO] Epoch: 27/30 -- Train Loss: 0.141 -- Validation Loss: 0.799 -- Validation ACC: 0.722 -- Validation F1: 0.667
2024-07-17,04:24:36 [INFO] Epoch: 28/30 -- Train Loss: 0.185 -- Validation Loss: 0.856 -- Validation ACC: 0.722 -- Validation F1: 0.667
2024-07-17,04:24:37 [INFO] Epoch: 29/30 -- Train Loss: 0.159 -- Validation Loss: 0.824 -- Validation ACC: 0.722 -- Validation F1: 0.667
2024-07-17,04:24:37 [INFO] Run 0/5: Average Over Last 6 epochs -- Valid ACC: 0.7407407407407408 -- Valid F1-score: 0.7037037213643392
2024-07-17,04:24:37 [INFO] Test Results of Run 0/5: -- Test Loss: 0.957 -- Test ACC: 0.661 -- Test F1: 0.723
2024-07-17,04:24:38 [INFO] Epoch: 0/30 -- Train Loss: 0.007 -- Validation Loss: 0.718 -- Validation ACC: 0.778 -- Validation F1: 0.750
2024-07-17,04:24:45 [INFO] Epoch: 10/30 -- Train Loss: 0.005 -- Validation Loss: 0.776 -- Validation ACC: 0.722 -- Validation F1: 0.706
2024-07-17,04:24:52 [INFO] Epoch: 20/30 -- Train Loss: 0.009 -- Validation Loss: 0.670 -- Validation ACC: 0.778 -- Validation F1: 0.778
2024-07-17,04:24:55 [INFO] Epoch: 24/30 -- Train Loss: 0.077 -- Validation Loss: 0.677 -- Validation ACC: 0.778 -- Validation F1: 0.778
2024-07-17,04:24:56 [INFO] Epoch: 25/30 -- Train Loss: 0.092 -- Validation Loss: 0.685 -- Validation ACC: 0.778 -- Validation F1: 0.778
2024-07-17,04:24:57 [INFO] Epoch: 26/30 -- Train Loss: 0.169 -- Validation Loss: 0.693 -- Validation ACC: 0.778 -- Validation F1: 0.778
2024-07-17,04:24:58 [INFO] Epoch: 27/30 -- Train Loss: 0.092 -- Validation Loss: 0.701 -- Validation ACC: 0.778 -- Validation F1: 0.778
2024-07-17,04:24:59 [INFO] Epoch: 28/30 -- Train Loss: 0.108 -- Validation Loss: 0.740 -- Validation ACC: 0.722 -- Validation F1: 0.737
2024-07-17,04:25:00 [INFO] Epoch: 29/30 -- Train Loss: 0.110 -- Validation Loss: 0.799 -- Validation ACC: 0.722 -- Validation F1: 0.737
2024-07-17,04:25:00 [INFO] Run 1/5: Average Over Last 6 epochs -- Valid ACC: 0.7592592592592592 -- Valid F1-score: 0.764132559299469
2024-07-17,04:25:00 [INFO] Test Results of Run 1/5: -- Test Loss: 1.012 -- Test ACC: 0.765 -- Test F1: 0.834
2024-07-17,04:25:01 [INFO] Epoch: 0/30 -- Train Loss: 0.002 -- Validation Loss: 1.124 -- Validation ACC: 0.667 -- Validation F1: 0.700
2024-07-17,04:25:08 [INFO] Epoch: 10/30 -- Train Loss: 0.116 -- Validation Loss: 0.727 -- Validation ACC: 0.778 -- Validation F1: 0.750
2024-07-17,04:25:15 [INFO] Epoch: 20/30 -- Train Loss: 0.004 -- Validation Loss: 0.797 -- Validation ACC: 0.722 -- Validation F1: 0.706
2024-07-17,04:25:18 [INFO] Epoch: 24/30 -- Train Loss: 2.228 -- Validation Loss: 0.946 -- Validation ACC: 0.722 -- Validation F1: 0.737
2024-07-17,04:25:19 [INFO] Epoch: 25/30 -- Train Loss: 0.140 -- Validation Loss: 0.827 -- Validation ACC: 0.722 -- Validation F1: 0.706
2024-07-17,04:25:20 [INFO] Epoch: 26/30 -- Train Loss: 0.125 -- Validation Loss: 0.794 -- Validation ACC: 0.778 -- Validation F1: 0.750
2024-07-17,04:25:21 [INFO] Epoch: 27/30 -- Train Loss: 0.169 -- Validation Loss: 0.813 -- Validation ACC: 0.778 -- Validation F1: 0.750
2024-07-17,04:25:22 [INFO] Epoch: 28/30 -- Train Loss: 0.164 -- Validation Loss: 0.818 -- Validation ACC: 0.778 -- Validation F1: 0.750
2024-07-17,04:25:23 [INFO] Epoch: 29/30 -- Train Loss: 0.121 -- Validation Loss: 0.814 -- Validation ACC: 0.778 -- Validation F1: 0.750
2024-07-17,04:25:23 [INFO] Run 2/5: Average Over Last 6 epochs -- Valid ACC: 0.7592592592592592 -- Valid F1-score: 0.7404540777206421
2024-07-17,04:25:23 [INFO] Test Results of Run 2/5: -- Test Loss: 0.967 -- Test ACC: 0.696 -- Test F1: 0.759
2024-07-17,04:25:24 [INFO] Epoch: 0/30 -- Train Loss: 0.256 -- Validation Loss: 0.841 -- Validation ACC: 0.778 -- Validation F1: 0.778
2024-07-17,04:25:31 [INFO] Epoch: 10/30 -- Train Loss: 0.143 -- Validation Loss: 0.945 -- Validation ACC: 0.722 -- Validation F1: 0.706
2024-07-17,04:25:37 [INFO] Epoch: 20/30 -- Train Loss: 0.351 -- Validation Loss: 0.847 -- Validation ACC: 0.722 -- Validation F1: 0.667
2024-07-17,04:25:40 [INFO] Epoch: 24/30 -- Train Loss: 0.995 -- Validation Loss: 0.673 -- Validation ACC: 0.722 -- Validation F1: 0.667
2024-07-17,04:25:40 [INFO] Epoch: 25/30 -- Train Loss: 0.309 -- Validation Loss: 0.641 -- Validation ACC: 0.833 -- Validation F1: 0.824
2024-07-17,04:25:41 [INFO] Epoch: 26/30 -- Train Loss: 0.123 -- Validation Loss: 0.660 -- Validation ACC: 0.778 -- Validation F1: 0.778
2024-07-17,04:25:42 [INFO] Epoch: 27/30 -- Train Loss: 0.129 -- Validation Loss: 0.714 -- Validation ACC: 0.778 -- Validation F1: 0.778
2024-07-17,04:25:43 [INFO] Epoch: 28/30 -- Train Loss: 0.003 -- Validation Loss: 0.690 -- Validation ACC: 0.778 -- Validation F1: 0.778
2024-07-17,04:25:44 [INFO] Epoch: 29/30 -- Train Loss: 0.688 -- Validation Loss: 0.647 -- Validation ACC: 0.778 -- Validation F1: 0.778
2024-07-17,04:25:44 [INFO] Run 3/5: Average Over Last 6 epochs -- Valid ACC: 0.7777777777777778 -- Valid F1-score: 0.7668845454851786
2024-07-17,04:25:44 [INFO] Test Results of Run 3/5: -- Test Loss: 0.920 -- Test ACC: 0.739 -- Test F1: 0.808
2024-07-17,04:25:45 [INFO] Epoch: 0/30 -- Train Loss: 0.284 -- Validation Loss: 0.790 -- Validation ACC: 0.778 -- Validation F1: 0.750
2024-07-17,04:25:52 [INFO] Epoch: 10/30 -- Train Loss: 0.127 -- Validation Loss: 0.788 -- Validation ACC: 0.778 -- Validation F1: 0.750
2024-07-17,04:25:58 [INFO] Epoch: 20/30 -- Train Loss: 0.640 -- Validation Loss: 0.883 -- Validation ACC: 0.778 -- Validation F1: 0.750
2024-07-17,04:26:01 [INFO] Epoch: 24/30 -- Train Loss: 0.146 -- Validation Loss: 1.023 -- Validation ACC: 0.722 -- Validation F1: 0.706
2024-07-17,04:26:02 [INFO] Epoch: 25/30 -- Train Loss: 0.003 -- Validation Loss: 1.024 -- Validation ACC: 0.722 -- Validation F1: 0.706
2024-07-17,04:26:03 [INFO] Epoch: 26/30 -- Train Loss: 0.001 -- Validation Loss: 0.999 -- Validation ACC: 0.722 -- Validation F1: 0.706
2024-07-17,04:26:04 [INFO] Epoch: 27/30 -- Train Loss: 0.192 -- Validation Loss: 1.066 -- Validation ACC: 0.667 -- Validation F1: 0.667
2024-07-17,04:26:05 [INFO] Epoch: 28/30 -- Train Loss: 0.087 -- Validation Loss: 1.211 -- Validation ACC: 0.667 -- Validation F1: 0.700
2024-07-17,04:26:06 [INFO] Epoch: 29/30 -- Train Loss: 0.132 -- Validation Loss: 1.067 -- Validation ACC: 0.667 -- Validation F1: 0.667
2024-07-17,04:26:06 [INFO] Run 4/5: Average Over Last 6 epochs -- Valid ACC: 0.6944444444444443 -- Valid F1-score: 0.6918300787607828
2024-07-17,04:26:06 [INFO] Test Results of Run 4/5: -- Test Loss: 1.084 -- Test ACC: 0.748 -- Test F1: 0.820
2024-07-17,04:26:06 [INFO] Validation average after 5 runs -- ACC: 0.746 -- F1-score: 0.733
2024-07-17,04:26:06 [INFO] Test average after 5 runs -- ACC: 0.722 -- F1-score: 0.789
2024-07-17,04:26:06 [INFO] Finished round 3/10 of experiments!
2024-07-17,04:26:06 [INFO] Started round 4/10 of experiments!
2024-07-17,04:26:07 [INFO] Loading previous pretrained model at ./pretrained/GCN_Pretrained_2024-07-01-15-03-17.pth
2024-07-17,04:26:07 [INFO] Pretrained GNN on Source Dataset -- Test Loss: 1.048 -- Test ACC: 0.696 -- Test F1-score: 0.759
2024-07-17,04:26:07 [INFO] Pretrained GNN on Target Dataset Without Prompting: -- Validation Loss: 0.854 -- Validation ACC: 0.500 -- Validation F1-score: 0.571 -- Test Loss: 0.781 -- Test ACC: 0.713 -- Test F1-score: 0.784
2024-07-17,04:26:08 [INFO] Epoch: 0/30 -- Train Loss: 0.151 -- Validation Loss: 1.077 -- Validation ACC: 0.500 -- Validation F1: 0.571
2024-07-17,04:26:15 [INFO] Epoch: 10/30 -- Train Loss: 1.351 -- Validation Loss: 1.103 -- Validation ACC: 0.500 -- Validation F1: 0.571
2024-07-17,04:26:22 [INFO] Epoch: 20/30 -- Train Loss: 0.547 -- Validation Loss: 0.776 -- Validation ACC: 0.611 -- Validation F1: 0.588
2024-07-17,04:26:25 [INFO] Epoch: 24/30 -- Train Loss: 0.068 -- Validation Loss: 0.899 -- Validation ACC: 0.611 -- Validation F1: 0.588
2024-07-17,04:26:26 [INFO] Epoch: 25/30 -- Train Loss: 0.073 -- Validation Loss: 0.898 -- Validation ACC: 0.611 -- Validation F1: 0.588
2024-07-17,04:26:26 [INFO] Epoch: 26/30 -- Train Loss: 0.086 -- Validation Loss: 0.915 -- Validation ACC: 0.611 -- Validation F1: 0.588
2024-07-17,04:26:28 [INFO] Epoch: 27/30 -- Train Loss: 0.145 -- Validation Loss: 0.938 -- Validation ACC: 0.611 -- Validation F1: 0.588
2024-07-17,04:26:28 [INFO] Epoch: 28/30 -- Train Loss: 0.196 -- Validation Loss: 0.967 -- Validation ACC: 0.556 -- Validation F1: 0.556
2024-07-17,04:26:29 [INFO] Epoch: 29/30 -- Train Loss: 0.162 -- Validation Loss: 0.980 -- Validation ACC: 0.556 -- Validation F1: 0.556
2024-07-17,04:26:29 [INFO] Run 0/5: Average Over Last 6 epochs -- Valid ACC: 0.5925925925925926 -- Valid F1-score: 0.5773420731226603
2024-07-17,04:26:30 [INFO] Test Results of Run 0/5: -- Test Loss: 0.779 -- Test ACC: 0.748 -- Test F1: 0.815
2024-07-17,04:26:30 [INFO] Epoch: 0/30 -- Train Loss: 0.574 -- Validation Loss: 0.591 -- Validation ACC: 0.722 -- Validation F1: 0.706
2024-07-17,04:26:37 [INFO] Epoch: 10/30 -- Train Loss: 0.123 -- Validation Loss: 1.124 -- Validation ACC: 0.500 -- Validation F1: 0.571
2024-07-17,04:26:45 [INFO] Epoch: 20/30 -- Train Loss: 0.080 -- Validation Loss: 0.985 -- Validation ACC: 0.500 -- Validation F1: 0.571
2024-07-17,04:26:47 [INFO] Epoch: 24/30 -- Train Loss: 0.132 -- Validation Loss: 0.761 -- Validation ACC: 0.611 -- Validation F1: 0.588
2024-07-17,04:26:48 [INFO] Epoch: 25/30 -- Train Loss: 0.103 -- Validation Loss: 1.018 -- Validation ACC: 0.500 -- Validation F1: 0.571
2024-07-17,04:26:49 [INFO] Epoch: 26/30 -- Train Loss: 0.093 -- Validation Loss: 1.324 -- Validation ACC: 0.500 -- Validation F1: 0.571
2024-07-17,04:26:50 [INFO] Epoch: 27/30 -- Train Loss: 0.011 -- Validation Loss: 1.561 -- Validation ACC: 0.444 -- Validation F1: 0.545
2024-07-17,04:26:51 [INFO] Epoch: 28/30 -- Train Loss: 0.056 -- Validation Loss: 1.810 -- Validation ACC: 0.500 -- Validation F1: 0.609
2024-07-17,04:26:52 [INFO] Epoch: 29/30 -- Train Loss: 0.039 -- Validation Loss: 2.024 -- Validation ACC: 0.444 -- Validation F1: 0.583
2024-07-17,04:26:52 [INFO] Run 1/5: Average Over Last 6 epochs -- Valid ACC: 0.5 -- Valid F1-score: 0.5780960023403168
2024-07-17,04:26:52 [INFO] Test Results of Run 1/5: -- Test Loss: 1.312 -- Test ACC: 0.670 -- Test F1: 0.787
2024-07-17,04:26:53 [INFO] Epoch: 0/30 -- Train Loss: 0.341 -- Validation Loss: 1.576 -- Validation ACC: 0.500 -- Validation F1: 0.609
2024-07-17,04:27:00 [INFO] Epoch: 10/30 -- Train Loss: 0.142 -- Validation Loss: 0.979 -- Validation ACC: 0.500 -- Validation F1: 0.571
2024-07-17,04:27:07 [INFO] Epoch: 20/30 -- Train Loss: 0.015 -- Validation Loss: 1.133 -- Validation ACC: 0.500 -- Validation F1: 0.571
2024-07-17,04:27:10 [INFO] Epoch: 24/30 -- Train Loss: 0.615 -- Validation Loss: 1.302 -- Validation ACC: 0.500 -- Validation F1: 0.571
2024-07-17,04:27:11 [INFO] Epoch: 25/30 -- Train Loss: 0.145 -- Validation Loss: 1.299 -- Validation ACC: 0.500 -- Validation F1: 0.571
2024-07-17,04:27:12 [INFO] Epoch: 26/30 -- Train Loss: 0.036 -- Validation Loss: 1.336 -- Validation ACC: 0.444 -- Validation F1: 0.545
2024-07-17,04:27:13 [INFO] Epoch: 27/30 -- Train Loss: 0.138 -- Validation Loss: 1.375 -- Validation ACC: 0.444 -- Validation F1: 0.545
2024-07-17,04:27:14 [INFO] Epoch: 28/30 -- Train Loss: 0.000 -- Validation Loss: 1.276 -- Validation ACC: 0.500 -- Validation F1: 0.571
2024-07-17,04:27:15 [INFO] Epoch: 29/30 -- Train Loss: 0.652 -- Validation Loss: 1.144 -- Validation ACC: 0.500 -- Validation F1: 0.571
2024-07-17,04:27:15 [INFO] Run 2/5: Average Over Last 6 epochs -- Valid ACC: 0.48148148148148145 -- Valid F1-score: 0.5627705852190653
2024-07-17,04:27:15 [INFO] Test Results of Run 2/5: -- Test Loss: 0.784 -- Test ACC: 0.757 -- Test F1: 0.825
2024-07-17,04:27:16 [INFO] Epoch: 0/30 -- Train Loss: 0.092 -- Validation Loss: 0.587 -- Validation ACC: 0.667 -- Validation F1: 0.571
2024-07-17,04:27:23 [INFO] Epoch: 10/30 -- Train Loss: 0.096 -- Validation Loss: 1.148 -- Validation ACC: 0.500 -- Validation F1: 0.571
2024-07-17,04:27:30 [INFO] Epoch: 20/30 -- Train Loss: 0.295 -- Validation Loss: 0.896 -- Validation ACC: 0.611 -- Validation F1: 0.588
2024-07-17,04:27:33 [INFO] Epoch: 24/30 -- Train Loss: 0.155 -- Validation Loss: 0.893 -- Validation ACC: 0.667 -- Validation F1: 0.625
2024-07-17,04:27:34 [INFO] Epoch: 25/30 -- Train Loss: 0.316 -- Validation Loss: 0.937 -- Validation ACC: 0.611 -- Validation F1: 0.588
2024-07-17,04:27:35 [INFO] Epoch: 26/30 -- Train Loss: 0.377 -- Validation Loss: 0.967 -- Validation ACC: 0.611 -- Validation F1: 0.588
2024-07-17,04:27:36 [INFO] Epoch: 27/30 -- Train Loss: 0.053 -- Validation Loss: 0.888 -- Validation ACC: 0.611 -- Validation F1: 0.533
2024-07-17,04:27:37 [INFO] Epoch: 28/30 -- Train Loss: 1.888 -- Validation Loss: 0.923 -- Validation ACC: 0.667 -- Validation F1: 0.625
2024-07-17,04:27:38 [INFO] Epoch: 29/30 -- Train Loss: 0.177 -- Validation Loss: 0.904 -- Validation ACC: 0.611 -- Validation F1: 0.533
2024-07-17,04:27:38 [INFO] Run 3/5: Average Over Last 6 epochs -- Valid ACC: 0.6296296296296297 -- Valid F1-score: 0.5821895599365234
2024-07-17,04:27:38 [INFO] Test Results of Run 3/5: -- Test Loss: 0.700 -- Test ACC: 0.696 -- Test F1: 0.762
2024-07-17,04:27:39 [INFO] Epoch: 0/30 -- Train Loss: 0.090 -- Validation Loss: 0.828 -- Validation ACC: 0.611 -- Validation F1: 0.632
2024-07-17,04:27:45 [INFO] Epoch: 10/30 -- Train Loss: 0.002 -- Validation Loss: 1.822 -- Validation ACC: 0.500 -- Validation F1: 0.571
2024-07-17,04:27:52 [INFO] Epoch: 20/30 -- Train Loss: 0.401 -- Validation Loss: 0.882 -- Validation ACC: 0.611 -- Validation F1: 0.632
2024-07-17,04:27:55 [INFO] Epoch: 24/30 -- Train Loss: 0.119 -- Validation Loss: 1.221 -- Validation ACC: 0.444 -- Validation F1: 0.545
2024-07-17,04:27:56 [INFO] Epoch: 25/30 -- Train Loss: 0.033 -- Validation Loss: 1.347 -- Validation ACC: 0.500 -- Validation F1: 0.609
2024-07-17,04:27:57 [INFO] Epoch: 26/30 -- Train Loss: 0.022 -- Validation Loss: 1.614 -- Validation ACC: 0.500 -- Validation F1: 0.609
2024-07-17,04:27:58 [INFO] Epoch: 27/30 -- Train Loss: 0.046 -- Validation Loss: 1.844 -- Validation ACC: 0.500 -- Validation F1: 0.609
2024-07-17,04:27:59 [INFO] Epoch: 28/30 -- Train Loss: 0.073 -- Validation Loss: 1.941 -- Validation ACC: 0.500 -- Validation F1: 0.609
2024-07-17,04:28:00 [INFO] Epoch: 29/30 -- Train Loss: 0.095 -- Validation Loss: 1.848 -- Validation ACC: 0.500 -- Validation F1: 0.609
2024-07-17,04:28:00 [INFO] Run 4/5: Average Over Last 6 epochs -- Valid ACC: 0.49074074074074076 -- Valid F1-score: 0.5981554488341013
2024-07-17,04:28:00 [INFO] Test Results of Run 4/5: -- Test Loss: 1.148 -- Test ACC: 0.722 -- Test F1: 0.816
2024-07-17,04:28:00 [INFO] Validation average after 5 runs -- ACC: 0.539 -- F1-score: 0.580
2024-07-17,04:28:00 [INFO] Test average after 5 runs -- ACC: 0.718 -- F1-score: 0.801
2024-07-17,04:28:00 [INFO] Finished round 4/10 of experiments!
2024-07-17,04:28:00 [INFO] Started round 5/10 of experiments!
2024-07-17,04:28:00 [INFO] Setting for pretraining: Model: {'gnn_type': 'gcn', 'in_channels': 56, 'hidden_channels': 512, 'out_channels': 2, 'num_layers': 3, 'dropout': 0.4, 'with_bn': False, 'with_head': True} -- Optimizer: {'lr': 0.01, 'scheduler_step_size': 50, 'scheduler_gamma': 0.5, 'weight_decay': 0.0} -- Training: {'n_epochs': 100}
2024-07-17,04:28:00 [INFO] Loading previous pretrained model at ./pretrained/GCN_Pretrained_2024-07-01-15-05-37.pth
2024-07-17,04:28:00 [INFO] Prompting method: flex_match -- Setting: Prompting function: gpf_plus -- Target Dataset: DHFR
2024-07-17,04:28:00 [INFO] Setting for prompt tuning: Prompt: {'emb_dim': 56, 'h_dim': 512, 'output_dim': 56, 'prompt_fn': 'gpf_plus', 'token_num': 50, 'cross_prune': 0.8, 'inner_prune': 0.3, 'attn_with_param': False} -- Pretrained Model: {'gnn_type': 'gcn', 'in_channels': 56, 'hidden_channels': 512, 'out_channels': 2, 'num_layers': 3, 'dropout': 0.4, 'with_bn': False, 'with_head': True} -- Optimizer: {'lr': 0.01, 'scheduler_step_size': 50, 'scheduler_gamma': 0.5, 'weight_decay': 0.0} -- Training: {'aug_type': 'feature', 'pos_aug_mode': 'mask', 'p_raug': 0.15, 'n_epochs': 30, 'r_reg': 0.0, 'soft_label': False, 'clutering_iters': 3, 'iterative_clustering': False, 'entropy_div_ratio': 3, 'w_entropy_loss': 0.0, 'w_softmax_loss': 0.5, 'w_domain_loss': 0.0, 'light_aug_prob': 0.1, 'light_aug_mode': 'mask', 'num_classes': 2, 'cut_off': 0.5}
2024-07-17,04:28:00 [INFO] Prompt tuning started: Num runs: 5 -- Eval step: 10
2024-07-17,04:28:01 [INFO] Pretrained GNN on Source Dataset -- Test Loss: 0.768 -- Test ACC: 0.687 -- Test F1-score: 0.684
2024-07-17,04:28:01 [INFO] Pretrained GNN on Target Dataset Without Prompting: -- Validation Loss: 0.232 -- Validation ACC: 0.889 -- Validation F1-score: 0.900 -- Test Loss: 0.871 -- Test ACC: 0.722 -- Test F1-score: 0.754
2024-07-17,04:28:02 [INFO] Epoch: 0/30 -- Train Loss: 0.015 -- Validation Loss: 0.380 -- Validation ACC: 0.833 -- Validation F1: 0.870
2024-07-17,04:28:09 [INFO] Epoch: 10/30 -- Train Loss: 0.333 -- Validation Loss: 0.352 -- Validation ACC: 0.778 -- Validation F1: 0.750
2024-07-17,04:28:16 [INFO] Epoch: 20/30 -- Train Loss: 0.009 -- Validation Loss: 0.300 -- Validation ACC: 0.778 -- Validation F1: 0.778
2024-07-17,04:28:19 [INFO] Epoch: 24/30 -- Train Loss: 0.066 -- Validation Loss: 0.420 -- Validation ACC: 0.778 -- Validation F1: 0.750
2024-07-17,04:28:19 [INFO] Epoch: 25/30 -- Train Loss: 0.163 -- Validation Loss: 0.345 -- Validation ACC: 0.778 -- Validation F1: 0.750
2024-07-17,04:28:20 [INFO] Epoch: 26/30 -- Train Loss: 0.231 -- Validation Loss: 0.296 -- Validation ACC: 0.833 -- Validation F1: 0.842
2024-07-17,04:28:21 [INFO] Epoch: 27/30 -- Train Loss: 0.083 -- Validation Loss: 0.274 -- Validation ACC: 0.833 -- Validation F1: 0.842
2024-07-17,04:28:22 [INFO] Epoch: 28/30 -- Train Loss: 0.061 -- Validation Loss: 0.263 -- Validation ACC: 0.833 -- Validation F1: 0.842
2024-07-17,04:28:23 [INFO] Epoch: 29/30 -- Train Loss: 0.127 -- Validation Loss: 0.266 -- Validation ACC: 0.889 -- Validation F1: 0.900
2024-07-17,04:28:23 [INFO] Run 0/5: Average Over Last 6 epochs -- Valid ACC: 0.8240740740740741 -- Valid F1-score: 0.821052630742391
2024-07-17,04:28:24 [INFO] Test Results of Run 0/5: -- Test Loss: 0.934 -- Test ACC: 0.652 -- Test F1: 0.667
2024-07-17,04:28:24 [INFO] Epoch: 0/30 -- Train Loss: 0.158 -- Validation Loss: 0.330 -- Validation ACC: 0.889 -- Validation F1: 0.909
2024-07-17,04:28:32 [INFO] Epoch: 10/30 -- Train Loss: 0.152 -- Validation Loss: 0.499 -- Validation ACC: 0.778 -- Validation F1: 0.750
2024-07-17,04:28:39 [INFO] Epoch: 20/30 -- Train Loss: 0.012 -- Validation Loss: 0.464 -- Validation ACC: 0.778 -- Validation F1: 0.750
2024-07-17,04:28:42 [INFO] Epoch: 24/30 -- Train Loss: 0.133 -- Validation Loss: 0.338 -- Validation ACC: 0.778 -- Validation F1: 0.750
2024-07-17,04:28:43 [INFO] Epoch: 25/30 -- Train Loss: 0.114 -- Validation Loss: 0.311 -- Validation ACC: 0.778 -- Validation F1: 0.750
2024-07-17,04:28:44 [INFO] Epoch: 26/30 -- Train Loss: 0.133 -- Validation Loss: 0.287 -- Validation ACC: 0.778 -- Validation F1: 0.750
2024-07-17,04:28:44 [INFO] Epoch: 27/30 -- Train Loss: 0.054 -- Validation Loss: 0.324 -- Validation ACC: 0.778 -- Validation F1: 0.750
2024-07-17,04:28:45 [INFO] Epoch: 28/30 -- Train Loss: 0.138 -- Validation Loss: 0.355 -- Validation ACC: 0.778 -- Validation F1: 0.750
2024-07-17,04:28:46 [INFO] Epoch: 29/30 -- Train Loss: 0.125 -- Validation Loss: 0.372 -- Validation ACC: 0.778 -- Validation F1: 0.750
2024-07-17,04:28:46 [INFO] Run 1/5: Average Over Last 6 epochs -- Valid ACC: 0.7777777777777778 -- Valid F1-score: 0.75
2024-07-17,04:28:47 [INFO] Test Results of Run 1/5: -- Test Loss: 0.884 -- Test ACC: 0.652 -- Test F1: 0.677
2024-07-17,04:28:48 [INFO] Epoch: 0/30 -- Train Loss: 0.130 -- Validation Loss: 0.350 -- Validation ACC: 0.778 -- Validation F1: 0.750
2024-07-17,04:28:55 [INFO] Epoch: 10/30 -- Train Loss: 0.387 -- Validation Loss: 0.319 -- Validation ACC: 0.833 -- Validation F1: 0.824
2024-07-17,04:29:02 [INFO] Epoch: 20/30 -- Train Loss: 0.059 -- Validation Loss: 0.302 -- Validation ACC: 0.778 -- Validation F1: 0.750
2024-07-17,04:29:05 [INFO] Epoch: 24/30 -- Train Loss: 0.321 -- Validation Loss: 0.221 -- Validation ACC: 0.944 -- Validation F1: 0.947
2024-07-17,04:29:06 [INFO] Epoch: 25/30 -- Train Loss: 0.056 -- Validation Loss: 0.221 -- Validation ACC: 0.944 -- Validation F1: 0.947
2024-07-17,04:29:07 [INFO] Epoch: 26/30 -- Train Loss: 0.111 -- Validation Loss: 0.221 -- Validation ACC: 0.944 -- Validation F1: 0.947
2024-07-17,04:29:08 [INFO] Epoch: 27/30 -- Train Loss: 0.093 -- Validation Loss: 0.218 -- Validation ACC: 0.944 -- Validation F1: 0.947
2024-07-17,04:29:09 [INFO] Epoch: 28/30 -- Train Loss: 0.130 -- Validation Loss: 0.220 -- Validation ACC: 0.944 -- Validation F1: 0.947
2024-07-17,04:29:10 [INFO] Epoch: 29/30 -- Train Loss: 0.000 -- Validation Loss: 0.224 -- Validation ACC: 0.889 -- Validation F1: 0.889
2024-07-17,04:29:10 [INFO] Run 2/5: Average Over Last 6 epochs -- Valid ACC: 0.9351851851851851 -- Valid F1-score: 0.9376218517621359
2024-07-17,04:29:10 [INFO] Test Results of Run 2/5: -- Test Loss: 0.909 -- Test ACC: 0.670 -- Test F1: 0.689
2024-07-17,04:29:11 [INFO] Epoch: 0/30 -- Train Loss: 0.515 -- Validation Loss: 0.231 -- Validation ACC: 0.889 -- Validation F1: 0.900
2024-07-17,04:29:18 [INFO] Epoch: 10/30 -- Train Loss: 0.068 -- Validation Loss: 0.306 -- Validation ACC: 0.778 -- Validation F1: 0.750
2024-07-17,04:29:25 [INFO] Epoch: 20/30 -- Train Loss: 0.190 -- Validation Loss: 0.337 -- Validation ACC: 0.778 -- Validation F1: 0.750
2024-07-17,04:29:28 [INFO] Epoch: 24/30 -- Train Loss: 0.167 -- Validation Loss: 0.246 -- Validation ACC: 0.833 -- Validation F1: 0.842
2024-07-17,04:29:29 [INFO] Epoch: 25/30 -- Train Loss: 0.001 -- Validation Loss: 0.242 -- Validation ACC: 0.833 -- Validation F1: 0.842
2024-07-17,04:29:30 [INFO] Epoch: 26/30 -- Train Loss: 0.278 -- Validation Loss: 0.240 -- Validation ACC: 0.889 -- Validation F1: 0.900
2024-07-17,04:29:31 [INFO] Epoch: 27/30 -- Train Loss: 0.023 -- Validation Loss: 0.238 -- Validation ACC: 0.889 -- Validation F1: 0.900
2024-07-17,04:29:31 [INFO] Epoch: 28/30 -- Train Loss: 0.108 -- Validation Loss: 0.239 -- Validation ACC: 0.889 -- Validation F1: 0.900
2024-07-17,04:29:32 [INFO] Epoch: 29/30 -- Train Loss: 0.126 -- Validation Loss: 0.243 -- Validation ACC: 0.889 -- Validation F1: 0.900
2024-07-17,04:29:32 [INFO] Run 3/5: Average Over Last 6 epochs -- Valid ACC: 0.8703703703703702 -- Valid F1-score: 0.880701740582784
2024-07-17,04:29:32 [INFO] Test Results of Run 3/5: -- Test Loss: 0.941 -- Test ACC: 0.687 -- Test F1: 0.727
2024-07-17,04:29:33 [INFO] Epoch: 0/30 -- Train Loss: 0.264 -- Validation Loss: 0.352 -- Validation ACC: 0.778 -- Validation F1: 0.750
2024-07-17,04:29:41 [INFO] Epoch: 10/30 -- Train Loss: 0.705 -- Validation Loss: 0.268 -- Validation ACC: 0.833 -- Validation F1: 0.824
2024-07-17,04:29:48 [INFO] Epoch: 20/30 -- Train Loss: 0.122 -- Validation Loss: 0.286 -- Validation ACC: 0.889 -- Validation F1: 0.900
2024-07-17,04:29:51 [INFO] Epoch: 24/30 -- Train Loss: 0.071 -- Validation Loss: 0.325 -- Validation ACC: 0.889 -- Validation F1: 0.900
2024-07-17,04:29:52 [INFO] Epoch: 25/30 -- Train Loss: 0.121 -- Validation Loss: 0.319 -- Validation ACC: 0.889 -- Validation F1: 0.900
2024-07-17,04:29:53 [INFO] Epoch: 26/30 -- Train Loss: 0.124 -- Validation Loss: 0.287 -- Validation ACC: 0.889 -- Validation F1: 0.900
2024-07-17,04:29:53 [INFO] Epoch: 27/30 -- Train Loss: 0.915 -- Validation Loss: 0.307 -- Validation ACC: 0.833 -- Validation F1: 0.842
2024-07-17,04:29:55 [INFO] Epoch: 28/30 -- Train Loss: 0.121 -- Validation Loss: 0.327 -- Validation ACC: 0.778 -- Validation F1: 0.750
2024-07-17,04:29:56 [INFO] Epoch: 29/30 -- Train Loss: 0.275 -- Validation Loss: 0.341 -- Validation ACC: 0.778 -- Validation F1: 0.750
2024-07-17,04:29:56 [INFO] Run 4/5: Average Over Last 6 epochs -- Valid ACC: 0.8425925925925926 -- Valid F1-score: 0.840350866317749
2024-07-17,04:29:56 [INFO] Test Results of Run 4/5: -- Test Loss: 0.939 -- Test ACC: 0.661 -- Test F1: 0.661
2024-07-17,04:29:56 [INFO] Validation average after 5 runs -- ACC: 0.850 -- F1-score: 0.846
2024-07-17,04:29:56 [INFO] Test average after 5 runs -- ACC: 0.664 -- F1-score: 0.684
2024-07-17,04:29:56 [INFO] Finished round 5/10 of experiments!
2024-07-17,04:29:56 [INFO] Started round 6/10 of experiments!
2024-07-17,04:29:56 [INFO] Loading previous pretrained model at ./pretrained/GCN_Pretrained_2024-07-01-15-07-56.pth
2024-07-17,04:29:57 [INFO] Pretrained GNN on Source Dataset -- Test Loss: 0.661 -- Test ACC: 0.626 -- Test F1-score: 0.770
2024-07-17,04:29:57 [INFO] Pretrained GNN on Target Dataset Without Prompting: -- Validation Loss: 0.641 -- Validation ACC: 0.667 -- Validation F1-score: 0.800 -- Test Loss: 0.687 -- Test ACC: 0.574 -- Test F1-score: 0.729
2024-07-17,04:29:58 [INFO] Epoch: 0/30 -- Train Loss: 0.247 -- Validation Loss: 0.641 -- Validation ACC: 0.667 -- Validation F1: 0.800
2024-07-17,04:30:05 [INFO] Epoch: 10/30 -- Train Loss: 0.247 -- Validation Loss: 0.641 -- Validation ACC: 0.667 -- Validation F1: 0.800
2024-07-17,04:30:11 [INFO] Epoch: 20/30 -- Train Loss: 0.247 -- Validation Loss: 0.641 -- Validation ACC: 0.667 -- Validation F1: 0.800
2024-07-17,04:30:14 [INFO] Epoch: 24/30 -- Train Loss: 0.247 -- Validation Loss: 0.641 -- Validation ACC: 0.667 -- Validation F1: 0.800
2024-07-17,04:30:15 [INFO] Epoch: 25/30 -- Train Loss: 0.247 -- Validation Loss: 0.641 -- Validation ACC: 0.667 -- Validation F1: 0.800
2024-07-17,04:30:16 [INFO] Epoch: 26/30 -- Train Loss: 0.247 -- Validation Loss: 0.641 -- Validation ACC: 0.667 -- Validation F1: 0.800
2024-07-17,04:30:17 [INFO] Epoch: 27/30 -- Train Loss: 0.247 -- Validation Loss: 0.641 -- Validation ACC: 0.667 -- Validation F1: 0.800
2024-07-17,04:30:18 [INFO] Epoch: 28/30 -- Train Loss: 0.247 -- Validation Loss: 0.641 -- Validation ACC: 0.667 -- Validation F1: 0.800
2024-07-17,04:30:19 [INFO] Epoch: 29/30 -- Train Loss: 0.247 -- Validation Loss: 0.641 -- Validation ACC: 0.667 -- Validation F1: 0.800
2024-07-17,04:30:19 [INFO] Run 0/5: Average Over Last 6 epochs -- Valid ACC: 0.6666666666666666 -- Valid F1-score: 0.800000011920929
2024-07-17,04:30:19 [INFO] Test Results of Run 0/5: -- Test Loss: 0.687 -- Test ACC: 0.574 -- Test F1: 0.729
2024-07-17,04:30:21 [INFO] Epoch: 0/30 -- Train Loss: 0.247 -- Validation Loss: 0.641 -- Validation ACC: 0.667 -- Validation F1: 0.800
2024-07-17,04:30:27 [INFO] Epoch: 10/30 -- Train Loss: 0.247 -- Validation Loss: 0.641 -- Validation ACC: 0.667 -- Validation F1: 0.800
2024-07-17,04:30:35 [INFO] Epoch: 20/30 -- Train Loss: 0.247 -- Validation Loss: 0.641 -- Validation ACC: 0.667 -- Validation F1: 0.800
2024-07-17,04:30:38 [INFO] Epoch: 24/30 -- Train Loss: 0.247 -- Validation Loss: 0.641 -- Validation ACC: 0.667 -- Validation F1: 0.800
2024-07-17,04:30:39 [INFO] Epoch: 25/30 -- Train Loss: 0.247 -- Validation Loss: 0.641 -- Validation ACC: 0.667 -- Validation F1: 0.800
2024-07-17,04:30:39 [INFO] Epoch: 26/30 -- Train Loss: 0.247 -- Validation Loss: 0.641 -- Validation ACC: 0.667 -- Validation F1: 0.800
2024-07-17,04:30:40 [INFO] Epoch: 27/30 -- Train Loss: 0.247 -- Validation Loss: 0.641 -- Validation ACC: 0.667 -- Validation F1: 0.800
2024-07-17,04:30:41 [INFO] Epoch: 28/30 -- Train Loss: 0.247 -- Validation Loss: 0.641 -- Validation ACC: 0.667 -- Validation F1: 0.800
2024-07-17,04:30:42 [INFO] Epoch: 29/30 -- Train Loss: 0.247 -- Validation Loss: 0.641 -- Validation ACC: 0.667 -- Validation F1: 0.800
2024-07-17,04:30:42 [INFO] Run 1/5: Average Over Last 6 epochs -- Valid ACC: 0.6666666666666666 -- Valid F1-score: 0.800000011920929
2024-07-17,04:30:43 [INFO] Test Results of Run 1/5: -- Test Loss: 0.687 -- Test ACC: 0.574 -- Test F1: 0.729
2024-07-17,04:30:44 [INFO] Epoch: 0/30 -- Train Loss: 0.247 -- Validation Loss: 0.641 -- Validation ACC: 0.667 -- Validation F1: 0.800
2024-07-17,04:30:50 [INFO] Epoch: 10/30 -- Train Loss: 0.247 -- Validation Loss: 0.641 -- Validation ACC: 0.667 -- Validation F1: 0.800
2024-07-17,04:30:57 [INFO] Epoch: 20/30 -- Train Loss: 0.247 -- Validation Loss: 0.641 -- Validation ACC: 0.667 -- Validation F1: 0.800
2024-07-17,04:31:00 [INFO] Epoch: 24/30 -- Train Loss: 0.247 -- Validation Loss: 0.641 -- Validation ACC: 0.667 -- Validation F1: 0.800
2024-07-17,04:31:01 [INFO] Epoch: 25/30 -- Train Loss: 0.247 -- Validation Loss: 0.641 -- Validation ACC: 0.667 -- Validation F1: 0.800
2024-07-17,04:31:02 [INFO] Epoch: 26/30 -- Train Loss: 0.247 -- Validation Loss: 0.641 -- Validation ACC: 0.667 -- Validation F1: 0.800
2024-07-17,04:31:03 [INFO] Epoch: 27/30 -- Train Loss: 0.247 -- Validation Loss: 0.641 -- Validation ACC: 0.667 -- Validation F1: 0.800
2024-07-17,04:31:04 [INFO] Epoch: 28/30 -- Train Loss: 0.247 -- Validation Loss: 0.641 -- Validation ACC: 0.667 -- Validation F1: 0.800
2024-07-17,04:31:05 [INFO] Epoch: 29/30 -- Train Loss: 0.247 -- Validation Loss: 0.641 -- Validation ACC: 0.667 -- Validation F1: 0.800
2024-07-17,04:31:05 [INFO] Run 2/5: Average Over Last 6 epochs -- Valid ACC: 0.6666666666666666 -- Valid F1-score: 0.800000011920929
2024-07-17,04:31:05 [INFO] Test Results of Run 2/5: -- Test Loss: 0.687 -- Test ACC: 0.574 -- Test F1: 0.729
2024-07-17,04:31:06 [INFO] Epoch: 0/30 -- Train Loss: 0.247 -- Validation Loss: 0.641 -- Validation ACC: 0.667 -- Validation F1: 0.800
2024-07-17,04:31:14 [INFO] Epoch: 10/30 -- Train Loss: 0.247 -- Validation Loss: 0.641 -- Validation ACC: 0.667 -- Validation F1: 0.800
2024-07-17,04:31:21 [INFO] Epoch: 20/30 -- Train Loss: 0.247 -- Validation Loss: 0.641 -- Validation ACC: 0.667 -- Validation F1: 0.800
2024-07-17,04:31:23 [INFO] Epoch: 24/30 -- Train Loss: 0.247 -- Validation Loss: 0.641 -- Validation ACC: 0.667 -- Validation F1: 0.800
2024-07-17,04:31:24 [INFO] Epoch: 25/30 -- Train Loss: 0.247 -- Validation Loss: 0.641 -- Validation ACC: 0.667 -- Validation F1: 0.800
2024-07-17,04:31:25 [INFO] Epoch: 26/30 -- Train Loss: 0.247 -- Validation Loss: 0.641 -- Validation ACC: 0.667 -- Validation F1: 0.800
2024-07-17,04:31:26 [INFO] Epoch: 27/30 -- Train Loss: 0.247 -- Validation Loss: 0.641 -- Validation ACC: 0.667 -- Validation F1: 0.800
2024-07-17,04:31:27 [INFO] Epoch: 28/30 -- Train Loss: 0.247 -- Validation Loss: 0.641 -- Validation ACC: 0.667 -- Validation F1: 0.800
2024-07-17,04:31:28 [INFO] Epoch: 29/30 -- Train Loss: 0.247 -- Validation Loss: 0.641 -- Validation ACC: 0.667 -- Validation F1: 0.800
2024-07-17,04:31:28 [INFO] Run 3/5: Average Over Last 6 epochs -- Valid ACC: 0.6666666666666666 -- Valid F1-score: 0.800000011920929
2024-07-17,04:31:28 [INFO] Test Results of Run 3/5: -- Test Loss: 0.687 -- Test ACC: 0.574 -- Test F1: 0.729
2024-07-17,04:31:29 [INFO] Epoch: 0/30 -- Train Loss: 0.247 -- Validation Loss: 0.641 -- Validation ACC: 0.667 -- Validation F1: 0.800
2024-07-17,04:31:37 [INFO] Epoch: 10/30 -- Train Loss: 0.247 -- Validation Loss: 0.641 -- Validation ACC: 0.667 -- Validation F1: 0.800
2024-07-17,04:31:44 [INFO] Epoch: 20/30 -- Train Loss: 0.247 -- Validation Loss: 0.641 -- Validation ACC: 0.667 -- Validation F1: 0.800
2024-07-17,04:31:46 [INFO] Epoch: 24/30 -- Train Loss: 0.247 -- Validation Loss: 0.641 -- Validation ACC: 0.667 -- Validation F1: 0.800
2024-07-17,04:31:47 [INFO] Epoch: 25/30 -- Train Loss: 0.247 -- Validation Loss: 0.641 -- Validation ACC: 0.667 -- Validation F1: 0.800
2024-07-17,04:31:48 [INFO] Epoch: 26/30 -- Train Loss: 0.247 -- Validation Loss: 0.641 -- Validation ACC: 0.667 -- Validation F1: 0.800
2024-07-17,04:31:49 [INFO] Epoch: 27/30 -- Train Loss: 0.247 -- Validation Loss: 0.641 -- Validation ACC: 0.667 -- Validation F1: 0.800
2024-07-17,04:31:50 [INFO] Epoch: 28/30 -- Train Loss: 0.247 -- Validation Loss: 0.641 -- Validation ACC: 0.667 -- Validation F1: 0.800
2024-07-17,04:31:51 [INFO] Epoch: 29/30 -- Train Loss: 0.247 -- Validation Loss: 0.641 -- Validation ACC: 0.667 -- Validation F1: 0.800
2024-07-17,04:31:51 [INFO] Run 4/5: Average Over Last 6 epochs -- Valid ACC: 0.6666666666666666 -- Valid F1-score: 0.800000011920929
2024-07-17,04:31:51 [INFO] Test Results of Run 4/5: -- Test Loss: 0.687 -- Test ACC: 0.574 -- Test F1: 0.729
2024-07-17,04:31:51 [INFO] Validation average after 5 runs -- ACC: 0.667 -- F1-score: 0.800
2024-07-17,04:31:51 [INFO] Test average after 5 runs -- ACC: 0.574 -- F1-score: 0.729
2024-07-17,04:31:51 [INFO] Finished round 6/10 of experiments!
2024-07-17,04:31:51 [INFO] Started round 7/10 of experiments!
2024-07-17,04:31:52 [INFO] Loading previous pretrained model at ./pretrained/GCN_Pretrained_2024-07-01-15-10-20.pth
2024-07-17,04:31:52 [INFO] Pretrained GNN on Source Dataset -- Test Loss: 0.642 -- Test ACC: 0.670 -- Test F1-score: 0.708
2024-07-17,04:31:53 [INFO] Pretrained GNN on Target Dataset Without Prompting: -- Validation Loss: 0.357 -- Validation ACC: 0.833 -- Validation F1-score: 0.870 -- Test Loss: 0.708 -- Test ACC: 0.609 -- Test F1-score: 0.640
2024-07-17,04:31:54 [INFO] Epoch: 0/30 -- Train Loss: 0.136 -- Validation Loss: 0.293 -- Validation ACC: 0.833 -- Validation F1: 0.880
2024-07-17,04:32:01 [INFO] Epoch: 10/30 -- Train Loss: 0.220 -- Validation Loss: 0.364 -- Validation ACC: 0.833 -- Validation F1: 0.870
2024-07-17,04:32:08 [INFO] Epoch: 20/30 -- Train Loss: 0.218 -- Validation Loss: 0.356 -- Validation ACC: 0.833 -- Validation F1: 0.870
2024-07-17,04:32:11 [INFO] Epoch: 24/30 -- Train Loss: 0.132 -- Validation Loss: 0.374 -- Validation ACC: 0.833 -- Validation F1: 0.870
2024-07-17,04:32:12 [INFO] Epoch: 25/30 -- Train Loss: 0.142 -- Validation Loss: 0.328 -- Validation ACC: 0.833 -- Validation F1: 0.870
2024-07-17,04:32:13 [INFO] Epoch: 26/30 -- Train Loss: 0.582 -- Validation Loss: 0.330 -- Validation ACC: 0.833 -- Validation F1: 0.870
2024-07-17,04:32:14 [INFO] Epoch: 27/30 -- Train Loss: 0.102 -- Validation Loss: 0.347 -- Validation ACC: 0.833 -- Validation F1: 0.870
2024-07-17,04:32:14 [INFO] Epoch: 28/30 -- Train Loss: 0.358 -- Validation Loss: 0.354 -- Validation ACC: 0.833 -- Validation F1: 0.870
2024-07-17,04:32:15 [INFO] Epoch: 29/30 -- Train Loss: 0.290 -- Validation Loss: 0.346 -- Validation ACC: 0.833 -- Validation F1: 0.870
2024-07-17,04:32:15 [INFO] Run 0/5: Average Over Last 6 epochs -- Valid ACC: 0.8333333333333334 -- Valid F1-score: 0.8695651888847351
2024-07-17,04:32:16 [INFO] Test Results of Run 0/5: -- Test Loss: 0.708 -- Test ACC: 0.591 -- Test F1: 0.624
2024-07-17,04:32:17 [INFO] Epoch: 0/30 -- Train Loss: 0.348 -- Validation Loss: 0.326 -- Validation ACC: 0.833 -- Validation F1: 0.870
2024-07-17,04:32:23 [INFO] Epoch: 10/30 -- Train Loss: 0.060 -- Validation Loss: 0.416 -- Validation ACC: 0.778 -- Validation F1: 0.818
2024-07-17,04:32:30 [INFO] Epoch: 20/30 -- Train Loss: 0.062 -- Validation Loss: 0.301 -- Validation ACC: 0.778 -- Validation F1: 0.833
2024-07-17,04:32:33 [INFO] Epoch: 24/30 -- Train Loss: 0.121 -- Validation Loss: 0.303 -- Validation ACC: 0.833 -- Validation F1: 0.870
2024-07-17,04:32:34 [INFO] Epoch: 25/30 -- Train Loss: 0.187 -- Validation Loss: 0.316 -- Validation ACC: 0.833 -- Validation F1: 0.870
2024-07-17,04:32:35 [INFO] Epoch: 26/30 -- Train Loss: 0.379 -- Validation Loss: 0.342 -- Validation ACC: 0.833 -- Validation F1: 0.870
2024-07-17,04:32:36 [INFO] Epoch: 27/30 -- Train Loss: 0.301 -- Validation Loss: 0.392 -- Validation ACC: 0.833 -- Validation F1: 0.870
2024-07-17,04:32:37 [INFO] Epoch: 28/30 -- Train Loss: 0.136 -- Validation Loss: 0.421 -- Validation ACC: 0.833 -- Validation F1: 0.870
2024-07-17,04:32:38 [INFO] Epoch: 29/30 -- Train Loss: 0.655 -- Validation Loss: 0.422 -- Validation ACC: 0.833 -- Validation F1: 0.870
2024-07-17,04:32:38 [INFO] Run 1/5: Average Over Last 6 epochs -- Valid ACC: 0.8333333333333334 -- Valid F1-score: 0.8695651888847351
2024-07-17,04:32:38 [INFO] Test Results of Run 1/5: -- Test Loss: 0.733 -- Test ACC: 0.539 -- Test F1: 0.531
2024-07-17,04:32:39 [INFO] Epoch: 0/30 -- Train Loss: 0.132 -- Validation Loss: 0.379 -- Validation ACC: 0.722 -- Validation F1: 0.783
2024-07-17,04:32:45 [INFO] Epoch: 10/30 -- Train Loss: 0.251 -- Validation Loss: 0.441 -- Validation ACC: 0.778 -- Validation F1: 0.818
2024-07-17,04:32:52 [INFO] Epoch: 20/30 -- Train Loss: 0.171 -- Validation Loss: 0.443 -- Validation ACC: 0.778 -- Validation F1: 0.818
2024-07-17,04:32:56 [INFO] Epoch: 24/30 -- Train Loss: 0.052 -- Validation Loss: 0.328 -- Validation ACC: 0.833 -- Validation F1: 0.870
2024-07-17,04:32:57 [INFO] Epoch: 25/30 -- Train Loss: 0.078 -- Validation Loss: 0.322 -- Validation ACC: 0.833 -- Validation F1: 0.870
2024-07-17,04:32:58 [INFO] Epoch: 26/30 -- Train Loss: 0.230 -- Validation Loss: 0.310 -- Validation ACC: 0.833 -- Validation F1: 0.870
2024-07-17,04:32:59 [INFO] Epoch: 27/30 -- Train Loss: 0.233 -- Validation Loss: 0.299 -- Validation ACC: 0.833 -- Validation F1: 0.880
2024-07-17,04:32:59 [INFO] Epoch: 28/30 -- Train Loss: 0.117 -- Validation Loss: 0.288 -- Validation ACC: 0.833 -- Validation F1: 0.880
2024-07-17,04:33:00 [INFO] Epoch: 29/30 -- Train Loss: 0.471 -- Validation Loss: 0.283 -- Validation ACC: 0.833 -- Validation F1: 0.880
2024-07-17,04:33:00 [INFO] Run 2/5: Average Over Last 6 epochs -- Valid ACC: 0.8333333333333334 -- Valid F1-score: 0.8747825920581818
2024-07-17,04:33:01 [INFO] Test Results of Run 2/5: -- Test Loss: 0.791 -- Test ACC: 0.635 -- Test F1: 0.716
2024-07-17,04:33:01 [INFO] Epoch: 0/30 -- Train Loss: 0.164 -- Validation Loss: 0.484 -- Validation ACC: 0.722 -- Validation F1: 0.762
2024-07-17,04:33:09 [INFO] Epoch: 10/30 -- Train Loss: 0.224 -- Validation Loss: 0.352 -- Validation ACC: 0.889 -- Validation F1: 0.929
2024-07-17,04:33:16 [INFO] Epoch: 20/30 -- Train Loss: 0.266 -- Validation Loss: 0.380 -- Validation ACC: 0.833 -- Validation F1: 0.870
2024-07-17,04:33:19 [INFO] Epoch: 24/30 -- Train Loss: 0.110 -- Validation Loss: 0.397 -- Validation ACC: 0.833 -- Validation F1: 0.870
2024-07-17,04:33:19 [INFO] Epoch: 25/30 -- Train Loss: 0.159 -- Validation Loss: 0.377 -- Validation ACC: 0.833 -- Validation F1: 0.870
2024-07-17,04:33:20 [INFO] Epoch: 26/30 -- Train Loss: 0.172 -- Validation Loss: 0.366 -- Validation ACC: 0.833 -- Validation F1: 0.870
2024-07-17,04:33:22 [INFO] Epoch: 27/30 -- Train Loss: 0.189 -- Validation Loss: 0.354 -- Validation ACC: 0.833 -- Validation F1: 0.870
2024-07-17,04:33:22 [INFO] Epoch: 28/30 -- Train Loss: 0.685 -- Validation Loss: 0.337 -- Validation ACC: 0.833 -- Validation F1: 0.870
2024-07-17,04:33:23 [INFO] Epoch: 29/30 -- Train Loss: 0.339 -- Validation Loss: 0.344 -- Validation ACC: 0.833 -- Validation F1: 0.870
2024-07-17,04:33:23 [INFO] Run 3/5: Average Over Last 6 epochs -- Valid ACC: 0.8333333333333334 -- Valid F1-score: 0.8695651888847351
2024-07-17,04:33:23 [INFO] Test Results of Run 3/5: -- Test Loss: 0.700 -- Test ACC: 0.635 -- Test F1: 0.672
2024-07-17,04:33:24 [INFO] Epoch: 0/30 -- Train Loss: 0.421 -- Validation Loss: 0.331 -- Validation ACC: 0.833 -- Validation F1: 0.870
2024-07-17,04:33:31 [INFO] Epoch: 10/30 -- Train Loss: 0.301 -- Validation Loss: 0.317 -- Validation ACC: 0.833 -- Validation F1: 0.870
2024-07-17,04:33:37 [INFO] Epoch: 20/30 -- Train Loss: 0.288 -- Validation Loss: 0.410 -- Validation ACC: 0.833 -- Validation F1: 0.870
2024-07-17,04:33:40 [INFO] Epoch: 24/30 -- Train Loss: 0.213 -- Validation Loss: 0.374 -- Validation ACC: 0.833 -- Validation F1: 0.870
2024-07-17,04:33:41 [INFO] Epoch: 25/30 -- Train Loss: 0.164 -- Validation Loss: 0.383 -- Validation ACC: 0.833 -- Validation F1: 0.870
2024-07-17,04:33:42 [INFO] Epoch: 26/30 -- Train Loss: 0.378 -- Validation Loss: 0.386 -- Validation ACC: 0.833 -- Validation F1: 0.870
2024-07-17,04:33:43 [INFO] Epoch: 27/30 -- Train Loss: 0.208 -- Validation Loss: 0.372 -- Validation ACC: 0.833 -- Validation F1: 0.870
2024-07-17,04:33:44 [INFO] Epoch: 28/30 -- Train Loss: 0.181 -- Validation Loss: 0.372 -- Validation ACC: 0.833 -- Validation F1: 0.870
2024-07-17,04:33:45 [INFO] Epoch: 29/30 -- Train Loss: 0.164 -- Validation Loss: 0.366 -- Validation ACC: 0.833 -- Validation F1: 0.870
2024-07-17,04:33:45 [INFO] Run 4/5: Average Over Last 6 epochs -- Valid ACC: 0.8333333333333334 -- Valid F1-score: 0.8695651888847351
2024-07-17,04:33:45 [INFO] Test Results of Run 4/5: -- Test Loss: 0.704 -- Test ACC: 0.591 -- Test F1: 0.624
2024-07-17,04:33:45 [INFO] Validation average after 5 runs -- ACC: 0.833 -- F1-score: 0.871
2024-07-17,04:33:45 [INFO] Test average after 5 runs -- ACC: 0.598 -- F1-score: 0.633
2024-07-17,04:33:45 [INFO] Finished round 7/10 of experiments!
2024-07-17,04:33:45 [INFO] Started round 8/10 of experiments!
2024-07-17,04:33:46 [INFO] Loading previous pretrained model at ./pretrained/GCN_Pretrained_2024-07-01-15-12-47.pth
2024-07-17,04:33:46 [INFO] Pretrained GNN on Source Dataset -- Test Loss: 0.883 -- Test ACC: 0.696 -- Test F1-score: 0.733
2024-07-17,04:33:47 [INFO] Pretrained GNN on Target Dataset Without Prompting: -- Validation Loss: 0.933 -- Validation ACC: 0.833 -- Validation F1-score: 0.889 -- Test Loss: 1.174 -- Test ACC: 0.652 -- Test F1-score: 0.714
2024-07-17,04:33:48 [INFO] Epoch: 0/30 -- Train Loss: 0.543 -- Validation Loss: 1.004 -- Validation ACC: 0.778 -- Validation F1: 0.846
2024-07-17,04:33:54 [INFO] Epoch: 10/30 -- Train Loss: 0.181 -- Validation Loss: 1.139 -- Validation ACC: 0.778 -- Validation F1: 0.857
2024-07-17,04:34:02 [INFO] Epoch: 20/30 -- Train Loss: 0.341 -- Validation Loss: 1.044 -- Validation ACC: 0.778 -- Validation F1: 0.833
2024-07-17,04:34:04 [INFO] Epoch: 24/30 -- Train Loss: 0.180 -- Validation Loss: 1.057 -- Validation ACC: 0.833 -- Validation F1: 0.880
2024-07-17,04:34:05 [INFO] Epoch: 25/30 -- Train Loss: 0.328 -- Validation Loss: 1.078 -- Validation ACC: 0.778 -- Validation F1: 0.846
2024-07-17,04:34:06 [INFO] Epoch: 26/30 -- Train Loss: 0.172 -- Validation Loss: 1.106 -- Validation ACC: 0.722 -- Validation F1: 0.815
2024-07-17,04:34:07 [INFO] Epoch: 27/30 -- Train Loss: 0.172 -- Validation Loss: 1.132 -- Validation ACC: 0.722 -- Validation F1: 0.815
2024-07-17,04:34:08 [INFO] Epoch: 28/30 -- Train Loss: 0.142 -- Validation Loss: 1.140 -- Validation ACC: 0.722 -- Validation F1: 0.815
2024-07-17,04:34:09 [INFO] Epoch: 29/30 -- Train Loss: 0.104 -- Validation Loss: 1.148 -- Validation ACC: 0.722 -- Validation F1: 0.815
2024-07-17,04:34:09 [INFO] Run 0/5: Average Over Last 6 epochs -- Valid ACC: 0.75 -- Valid F1-score: 0.8309021790822347
2024-07-17,04:34:09 [INFO] Test Results of Run 0/5: -- Test Loss: 1.257 -- Test ACC: 0.678 -- Test F1: 0.734
2024-07-17,04:34:10 [INFO] Epoch: 0/30 -- Train Loss: 0.055 -- Validation Loss: 0.939 -- Validation ACC: 0.778 -- Validation F1: 0.846
2024-07-17,04:34:17 [INFO] Epoch: 10/30 -- Train Loss: 0.160 -- Validation Loss: 1.230 -- Validation ACC: 0.833 -- Validation F1: 0.889
2024-07-17,04:34:23 [INFO] Epoch: 20/30 -- Train Loss: 0.054 -- Validation Loss: 0.952 -- Validation ACC: 0.722 -- Validation F1: 0.800
2024-07-17,04:34:26 [INFO] Epoch: 24/30 -- Train Loss: 0.105 -- Validation Loss: 0.812 -- Validation ACC: 0.833 -- Validation F1: 0.889
2024-07-17,04:34:27 [INFO] Epoch: 25/30 -- Train Loss: 0.149 -- Validation Loss: 0.800 -- Validation ACC: 0.833 -- Validation F1: 0.889
2024-07-17,04:34:28 [INFO] Epoch: 26/30 -- Train Loss: 0.022 -- Validation Loss: 0.793 -- Validation ACC: 0.833 -- Validation F1: 0.889
2024-07-17,04:34:29 [INFO] Epoch: 27/30 -- Train Loss: 0.025 -- Validation Loss: 0.797 -- Validation ACC: 0.833 -- Validation F1: 0.889
2024-07-17,04:34:30 [INFO] Epoch: 28/30 -- Train Loss: 0.092 -- Validation Loss: 0.800 -- Validation ACC: 0.833 -- Validation F1: 0.889
2024-07-17,04:34:31 [INFO] Epoch: 29/30 -- Train Loss: 0.051 -- Validation Loss: 0.804 -- Validation ACC: 0.833 -- Validation F1: 0.889
2024-07-17,04:34:31 [INFO] Run 1/5: Average Over Last 6 epochs -- Valid ACC: 0.8333333333333334 -- Valid F1-score: 0.8888888955116272
2024-07-17,04:34:31 [INFO] Test Results of Run 1/5: -- Test Loss: 1.369 -- Test ACC: 0.713 -- Test F1: 0.787
2024-07-17,04:34:32 [INFO] Epoch: 0/30 -- Train Loss: 0.170 -- Validation Loss: 1.029 -- Validation ACC: 0.778 -- Validation F1: 0.846
2024-07-17,04:34:39 [INFO] Epoch: 10/30 -- Train Loss: 0.046 -- Validation Loss: 1.040 -- Validation ACC: 0.778 -- Validation F1: 0.833
2024-07-17,04:34:46 [INFO] Epoch: 20/30 -- Train Loss: 0.065 -- Validation Loss: 0.944 -- Validation ACC: 0.778 -- Validation F1: 0.846
2024-07-17,04:34:50 [INFO] Epoch: 24/30 -- Train Loss: 0.000 -- Validation Loss: 1.050 -- Validation ACC: 0.778 -- Validation F1: 0.846
2024-07-17,04:34:51 [INFO] Epoch: 25/30 -- Train Loss: 0.159 -- Validation Loss: 1.081 -- Validation ACC: 0.722 -- Validation F1: 0.815
2024-07-17,04:34:51 [INFO] Epoch: 26/30 -- Train Loss: 0.278 -- Validation Loss: 1.135 -- Validation ACC: 0.722 -- Validation F1: 0.815
2024-07-17,04:34:52 [INFO] Epoch: 27/30 -- Train Loss: 0.314 -- Validation Loss: 1.181 -- Validation ACC: 0.778 -- Validation F1: 0.857
2024-07-17,04:34:53 [INFO] Epoch: 28/30 -- Train Loss: 0.240 -- Validation Loss: 1.199 -- Validation ACC: 0.778 -- Validation F1: 0.857
2024-07-17,04:34:54 [INFO] Epoch: 29/30 -- Train Loss: 0.846 -- Validation Loss: 1.219 -- Validation ACC: 0.778 -- Validation F1: 0.857
2024-07-17,04:34:54 [INFO] Run 2/5: Average Over Last 6 epochs -- Valid ACC: 0.7592592592592592 -- Valid F1-score: 0.8412020107110342
2024-07-17,04:34:54 [INFO] Test Results of Run 2/5: -- Test Loss: 1.335 -- Test ACC: 0.687 -- Test F1: 0.753
2024-07-17,04:34:55 [INFO] Epoch: 0/30 -- Train Loss: 0.119 -- Validation Loss: 1.138 -- Validation ACC: 0.833 -- Validation F1: 0.889
2024-07-17,04:35:02 [INFO] Epoch: 10/30 -- Train Loss: 0.114 -- Validation Loss: 1.143 -- Validation ACC: 0.778 -- Validation F1: 0.857
2024-07-17,04:35:08 [INFO] Epoch: 20/30 -- Train Loss: 0.162 -- Validation Loss: 1.017 -- Validation ACC: 0.778 -- Validation F1: 0.857
2024-07-17,04:35:11 [INFO] Epoch: 24/30 -- Train Loss: 0.027 -- Validation Loss: 1.008 -- Validation ACC: 0.778 -- Validation F1: 0.857
2024-07-17,04:35:12 [INFO] Epoch: 25/30 -- Train Loss: 0.380 -- Validation Loss: 1.035 -- Validation ACC: 0.778 -- Validation F1: 0.857
2024-07-17,04:35:13 [INFO] Epoch: 26/30 -- Train Loss: 0.105 -- Validation Loss: 1.053 -- Validation ACC: 0.778 -- Validation F1: 0.857
2024-07-17,04:35:14 [INFO] Epoch: 27/30 -- Train Loss: 0.166 -- Validation Loss: 0.999 -- Validation ACC: 0.778 -- Validation F1: 0.857
2024-07-17,04:35:15 [INFO] Epoch: 28/30 -- Train Loss: 0.011 -- Validation Loss: 0.938 -- Validation ACC: 0.833 -- Validation F1: 0.889
2024-07-17,04:35:16 [INFO] Epoch: 29/30 -- Train Loss: 0.125 -- Validation Loss: 0.929 -- Validation ACC: 0.778 -- Validation F1: 0.846
2024-07-17,04:35:16 [INFO] Run 3/5: Average Over Last 6 epochs -- Valid ACC: 0.7870370370370371 -- Valid F1-score: 0.8606023689111074
2024-07-17,04:35:16 [INFO] Test Results of Run 3/5: -- Test Loss: 1.217 -- Test ACC: 0.670 -- Test F1: 0.729
2024-07-17,04:35:17 [INFO] Epoch: 0/30 -- Train Loss: 0.077 -- Validation Loss: 1.037 -- Validation ACC: 0.833 -- Validation F1: 0.889
2024-07-17,04:35:24 [INFO] Epoch: 10/30 -- Train Loss: 0.149 -- Validation Loss: 1.058 -- Validation ACC: 0.778 -- Validation F1: 0.833
2024-07-17,04:35:31 [INFO] Epoch: 20/30 -- Train Loss: 0.020 -- Validation Loss: 1.139 -- Validation ACC: 0.833 -- Validation F1: 0.889
2024-07-17,04:35:33 [INFO] Epoch: 24/30 -- Train Loss: 0.199 -- Validation Loss: 1.104 -- Validation ACC: 0.833 -- Validation F1: 0.889
2024-07-17,04:35:34 [INFO] Epoch: 25/30 -- Train Loss: 0.096 -- Validation Loss: 1.064 -- Validation ACC: 0.778 -- Validation F1: 0.846
2024-07-17,04:35:35 [INFO] Epoch: 26/30 -- Train Loss: 0.131 -- Validation Loss: 1.041 -- Validation ACC: 0.833 -- Validation F1: 0.880
2024-07-17,04:35:36 [INFO] Epoch: 27/30 -- Train Loss: 0.185 -- Validation Loss: 1.048 -- Validation ACC: 0.778 -- Validation F1: 0.833
2024-07-17,04:35:37 [INFO] Epoch: 28/30 -- Train Loss: 0.106 -- Validation Loss: 1.054 -- Validation ACC: 0.778 -- Validation F1: 0.833
2024-07-17,04:35:39 [INFO] Epoch: 29/30 -- Train Loss: 0.212 -- Validation Loss: 1.058 -- Validation ACC: 0.778 -- Validation F1: 0.833
2024-07-17,04:35:39 [INFO] Run 4/5: Average Over Last 6 epochs -- Valid ACC: 0.7962962962962963 -- Valid F1-score: 0.8525071144104004
2024-07-17,04:35:39 [INFO] Test Results of Run 4/5: -- Test Loss: 1.322 -- Test ACC: 0.652 -- Test F1: 0.710
2024-07-17,04:35:39 [INFO] Validation average after 5 runs -- ACC: 0.785 -- F1-score: 0.855
2024-07-17,04:35:39 [INFO] Test average after 5 runs -- ACC: 0.680 -- F1-score: 0.743
2024-07-17,04:35:39 [INFO] Finished round 8/10 of experiments!
2024-07-17,04:35:39 [INFO] Started round 9/10 of experiments!
2024-07-17,04:35:40 [INFO] Loading previous pretrained model at ./pretrained/GCN_Pretrained_2024-07-01-15-15-13.pth
2024-07-17,04:35:40 [INFO] Pretrained GNN on Source Dataset -- Test Loss: 0.947 -- Test ACC: 0.757 -- Test F1-score: 0.785
2024-07-17,04:35:40 [INFO] Pretrained GNN on Target Dataset Without Prompting: -- Validation Loss: 0.804 -- Validation ACC: 0.722 -- Validation F1-score: 0.762 -- Test Loss: 0.876 -- Test ACC: 0.739 -- Test F1-score: 0.789
2024-07-17,04:35:41 [INFO] Epoch: 0/30 -- Train Loss: 0.374 -- Validation Loss: 0.739 -- Validation ACC: 0.778 -- Validation F1: 0.818
2024-07-17,04:35:48 [INFO] Epoch: 10/30 -- Train Loss: 0.051 -- Validation Loss: 0.846 -- Validation ACC: 0.722 -- Validation F1: 0.762
2024-07-17,04:35:55 [INFO] Epoch: 20/30 -- Train Loss: 0.713 -- Validation Loss: 0.906 -- Validation ACC: 0.722 -- Validation F1: 0.762
2024-07-17,04:35:58 [INFO] Epoch: 24/30 -- Train Loss: 0.101 -- Validation Loss: 1.052 -- Validation ACC: 0.667 -- Validation F1: 0.700
2024-07-17,04:35:59 [INFO] Epoch: 25/30 -- Train Loss: 2.087 -- Validation Loss: 1.033 -- Validation ACC: 0.722 -- Validation F1: 0.762
2024-07-17,04:36:00 [INFO] Epoch: 26/30 -- Train Loss: 0.075 -- Validation Loss: 0.981 -- Validation ACC: 0.722 -- Validation F1: 0.762
2024-07-17,04:36:01 [INFO] Epoch: 27/30 -- Train Loss: 0.001 -- Validation Loss: 0.924 -- Validation ACC: 0.722 -- Validation F1: 0.762
2024-07-17,04:36:02 [INFO] Epoch: 28/30 -- Train Loss: 0.340 -- Validation Loss: 0.870 -- Validation ACC: 0.722 -- Validation F1: 0.762
2024-07-17,04:36:03 [INFO] Epoch: 29/30 -- Train Loss: 0.070 -- Validation Loss: 0.828 -- Validation ACC: 0.722 -- Validation F1: 0.762
2024-07-17,04:36:03 [INFO] Run 0/5: Average Over Last 6 epochs -- Valid ACC: 0.7129629629629629 -- Valid F1-score: 0.7515873114267985
2024-07-17,04:36:03 [INFO] Test Results of Run 0/5: -- Test Loss: 0.906 -- Test ACC: 0.757 -- Test F1: 0.806
2024-07-17,04:36:04 [INFO] Epoch: 0/30 -- Train Loss: 0.052 -- Validation Loss: 0.823 -- Validation ACC: 0.722 -- Validation F1: 0.762
2024-07-17,04:36:11 [INFO] Epoch: 10/30 -- Train Loss: 0.100 -- Validation Loss: 0.519 -- Validation ACC: 0.889 -- Validation F1: 0.917
2024-07-17,04:36:18 [INFO] Epoch: 20/30 -- Train Loss: 0.096 -- Validation Loss: 0.583 -- Validation ACC: 0.778 -- Validation F1: 0.818
2024-07-17,04:36:21 [INFO] Epoch: 24/30 -- Train Loss: 0.983 -- Validation Loss: 0.749 -- Validation ACC: 0.722 -- Validation F1: 0.762
2024-07-17,04:36:22 [INFO] Epoch: 25/30 -- Train Loss: 0.482 -- Validation Loss: 0.793 -- Validation ACC: 0.722 -- Validation F1: 0.762
2024-07-17,04:36:23 [INFO] Epoch: 26/30 -- Train Loss: 0.578 -- Validation Loss: 0.794 -- Validation ACC: 0.722 -- Validation F1: 0.762
2024-07-17,04:36:24 [INFO] Epoch: 27/30 -- Train Loss: 0.080 -- Validation Loss: 0.785 -- Validation ACC: 0.722 -- Validation F1: 0.762
2024-07-17,04:36:25 [INFO] Epoch: 28/30 -- Train Loss: 0.179 -- Validation Loss: 0.802 -- Validation ACC: 0.722 -- Validation F1: 0.762
2024-07-17,04:36:26 [INFO] Epoch: 29/30 -- Train Loss: 0.087 -- Validation Loss: 0.817 -- Validation ACC: 0.722 -- Validation F1: 0.783
2024-07-17,04:36:26 [INFO] Run 1/5: Average Over Last 6 epochs -- Valid ACC: 0.7222222222222222 -- Valid F1-score: 0.7653554280598959
2024-07-17,04:36:27 [INFO] Test Results of Run 1/5: -- Test Loss: 0.930 -- Test ACC: 0.748 -- Test F1: 0.808
2024-07-17,04:36:27 [INFO] Epoch: 0/30 -- Train Loss: 0.585 -- Validation Loss: 0.823 -- Validation ACC: 0.722 -- Validation F1: 0.762
2024-07-17,04:36:35 [INFO] Epoch: 10/30 -- Train Loss: 0.106 -- Validation Loss: 0.695 -- Validation ACC: 0.722 -- Validation F1: 0.762
2024-07-17,04:36:42 [INFO] Epoch: 20/30 -- Train Loss: 1.422 -- Validation Loss: 0.706 -- Validation ACC: 0.778 -- Validation F1: 0.818
2024-07-17,04:36:45 [INFO] Epoch: 24/30 -- Train Loss: 0.014 -- Validation Loss: 0.964 -- Validation ACC: 0.722 -- Validation F1: 0.762
2024-07-17,04:36:46 [INFO] Epoch: 25/30 -- Train Loss: 0.000 -- Validation Loss: 1.033 -- Validation ACC: 0.722 -- Validation F1: 0.762
2024-07-17,04:36:47 [INFO] Epoch: 26/30 -- Train Loss: 0.141 -- Validation Loss: 1.083 -- Validation ACC: 0.722 -- Validation F1: 0.762
2024-07-17,04:36:48 [INFO] Epoch: 27/30 -- Train Loss: 1.727 -- Validation Loss: 1.095 -- Validation ACC: 0.722 -- Validation F1: 0.762
2024-07-17,04:36:49 [INFO] Epoch: 28/30 -- Train Loss: 0.187 -- Validation Loss: 1.064 -- Validation ACC: 0.722 -- Validation F1: 0.762
2024-07-17,04:36:50 [INFO] Epoch: 29/30 -- Train Loss: 0.008 -- Validation Loss: 1.039 -- Validation ACC: 0.722 -- Validation F1: 0.762
2024-07-17,04:36:50 [INFO] Run 2/5: Average Over Last 6 epochs -- Valid ACC: 0.7222222222222222 -- Valid F1-score: 0.761904776096344
2024-07-17,04:36:51 [INFO] Test Results of Run 2/5: -- Test Loss: 0.997 -- Test ACC: 0.687 -- Test F1: 0.727
2024-07-17,04:36:52 [INFO] Epoch: 0/30 -- Train Loss: 0.231 -- Validation Loss: 0.885 -- Validation ACC: 0.722 -- Validation F1: 0.762
2024-07-17,04:36:58 [INFO] Epoch: 10/30 -- Train Loss: 0.120 -- Validation Loss: 0.883 -- Validation ACC: 0.722 -- Validation F1: 0.762
2024-07-17,04:37:06 [INFO] Epoch: 20/30 -- Train Loss: 0.136 -- Validation Loss: 0.892 -- Validation ACC: 0.722 -- Validation F1: 0.762
2024-07-17,04:37:08 [INFO] Epoch: 24/30 -- Train Loss: 0.345 -- Validation Loss: 0.793 -- Validation ACC: 0.722 -- Validation F1: 0.762
2024-07-17,04:37:09 [INFO] Epoch: 25/30 -- Train Loss: 0.063 -- Validation Loss: 0.806 -- Validation ACC: 0.722 -- Validation F1: 0.762
2024-07-17,04:37:10 [INFO] Epoch: 26/30 -- Train Loss: 0.090 -- Validation Loss: 0.817 -- Validation ACC: 0.722 -- Validation F1: 0.762
2024-07-17,04:37:11 [INFO] Epoch: 27/30 -- Train Loss: 0.015 -- Validation Loss: 0.818 -- Validation ACC: 0.722 -- Validation F1: 0.762
2024-07-17,04:37:12 [INFO] Epoch: 28/30 -- Train Loss: 0.104 -- Validation Loss: 0.810 -- Validation ACC: 0.722 -- Validation F1: 0.762
2024-07-17,04:37:13 [INFO] Epoch: 29/30 -- Train Loss: 0.052 -- Validation Loss: 0.784 -- Validation ACC: 0.722 -- Validation F1: 0.762
2024-07-17,04:37:13 [INFO] Run 3/5: Average Over Last 6 epochs -- Valid ACC: 0.7222222222222222 -- Valid F1-score: 0.761904776096344
2024-07-17,04:37:13 [INFO] Test Results of Run 3/5: -- Test Loss: 0.975 -- Test ACC: 0.739 -- Test F1: 0.779
2024-07-17,04:37:14 [INFO] Epoch: 0/30 -- Train Loss: 0.000 -- Validation Loss: 0.936 -- Validation ACC: 0.722 -- Validation F1: 0.762
2024-07-17,04:37:21 [INFO] Epoch: 10/30 -- Train Loss: 0.068 -- Validation Loss: 0.728 -- Validation ACC: 0.722 -- Validation F1: 0.762
2024-07-17,04:37:28 [INFO] Epoch: 20/30 -- Train Loss: 0.036 -- Validation Loss: 0.904 -- Validation ACC: 0.722 -- Validation F1: 0.762
2024-07-17,04:37:30 [INFO] Epoch: 24/30 -- Train Loss: 0.019 -- Validation Loss: 0.890 -- Validation ACC: 0.722 -- Validation F1: 0.783
2024-07-17,04:37:31 [INFO] Epoch: 25/30 -- Train Loss: 0.105 -- Validation Loss: 0.888 -- Validation ACC: 0.722 -- Validation F1: 0.783
2024-07-17,04:37:31 [INFO] Epoch: 26/30 -- Train Loss: 0.014 -- Validation Loss: 0.878 -- Validation ACC: 0.778 -- Validation F1: 0.818
2024-07-17,04:37:32 [INFO] Epoch: 27/30 -- Train Loss: 0.409 -- Validation Loss: 0.859 -- Validation ACC: 0.778 -- Validation F1: 0.818
2024-07-17,04:37:33 [INFO] Epoch: 28/30 -- Train Loss: 0.009 -- Validation Loss: 0.865 -- Validation ACC: 0.778 -- Validation F1: 0.818
2024-07-17,04:37:33 [INFO] Epoch: 29/30 -- Train Loss: 0.116 -- Validation Loss: 0.886 -- Validation ACC: 0.722 -- Validation F1: 0.762
2024-07-17,04:37:33 [INFO] Run 4/5: Average Over Last 6 epochs -- Valid ACC: 0.75 -- Valid F1-score: 0.7969445983568827
2024-07-17,04:37:33 [INFO] Test Results of Run 4/5: -- Test Loss: 0.856 -- Test ACC: 0.730 -- Test F1: 0.786
2024-07-17,04:37:33 [INFO] Validation average after 5 runs -- ACC: 0.726 -- F1-score: 0.768
2024-07-17,04:37:33 [INFO] Test average after 5 runs -- ACC: 0.732 -- F1-score: 0.781
2024-07-17,04:37:33 [INFO] Finished round 9/10 of experiments!
2024-07-17,04:37:33 [INFO] Final results: -- Source Test Acc: 0.703 -- Source Test F1: 0.750 -- Target Valid Acc: 0.711 -- Target Valid F1: 0.770 -- Target Test Acc: 0.686 -- Target Test F1: 0.747 -- Prompt Test Acc: 0.681 -- Prompt Valid Acc: 0.701 -- Prompt Test F1: 0.744 -- Prompt Valid F1: 0.756
2024-07-17,04:37:33 [INFO] Pretrained modela are saved to: ./pretrained/GCN_Pretrained_2024-07-01-14-54-05.pth ./pretrained/GCN_Pretrained_2024-07-01-14-56-23.pth ./pretrained/GCN_Pretrained_2024-07-01-14-58-41.pth ./pretrained/GCN_Pretrained_2024-07-01-15-00-59.pth ./pretrained/GCN_Pretrained_2024-07-01-15-03-17.pth ./pretrained/GCN_Pretrained_2024-07-01-15-05-37.pth ./pretrained/GCN_Pretrained_2024-07-01-15-07-56.pth ./pretrained/GCN_Pretrained_2024-07-01-15-10-20.pth ./pretrained/GCN_Pretrained_2024-07-01-15-12-47.pth ./pretrained/GCN_Pretrained_2024-07-01-15-15-13.pth
