2024-07-17,05:03:41 [INFO] Logging to: ./log/2024-07-17-05-03-41.log
2024-07-17,05:03:41 [INFO] Reading config from: ./config/dhfr.yaml
2024-07-17,05:03:41 [INFO] Namespace(total_iters=10, prompt_method='flex_match', s_dataset='DHFR', t_dataset='DHFR', prompt_fn='gpf_plus', shift_type='structural', p_shift_intra=0.0, p_shift_inter=0.0, pretrain=True, save_pretrained=False, soft_label=False, add_link_loss=False, attn_with_param=False, empty_pretrained_dir=False, iterative_clustering=False, clutering_iters=3, entropy_div_ratio=3, w_entropy_loss=0.0, w_softmax_loss=0.0, w_domain_loss=0.5, r_reg=0.0, gnn_weight_decay=0.0, weight_decay=0.1, gnn_type='gcn', gnn_num_layers=3, pretrained_path=['./pretrained/GCN_Pretrained_2024-07-01-14-54-05.pth', './pretrained/GCN_Pretrained_2024-07-01-14-56-23.pth', './pretrained/GCN_Pretrained_2024-07-01-14-58-41.pth', './pretrained/GCN_Pretrained_2024-07-01-15-00-59.pth', './pretrained/GCN_Pretrained_2024-07-01-15-03-17.pth', './pretrained/GCN_Pretrained_2024-07-01-15-05-37.pth', './pretrained/GCN_Pretrained_2024-07-01-15-07-56.pth', './pretrained/GCN_Pretrained_2024-07-01-15-10-20.pth', './pretrained/GCN_Pretrained_2024-07-01-15-12-47.pth', './pretrained/GCN_Pretrained_2024-07-01-15-15-13.pth'], gnn_n_epochs=100, gnn_eval_step=10, gnn_h_dim=512, gnn_lr=0.01, gnn_step_size=50, gnn_gamma=0.5, gnn_batch_size=64, gnn_dropout=0.4, n_epochs=30, eval_step=10, h_dim=512, lr=0.01, step_size=50, gamma=0.5, batch_size=64, num_tokens=50, src_ratio=0.5, dropout=0.3, cut_off=0.5, aug_type='feature', light_aug_prob=0.1, light_aug_mode='mask', pos_aug_mode='mask', neg_aug_mode='arbitrary', noise_cov_scale=1.0, noise_mean_shift=1.0, noise_shift_mode='homophily', noise_select_mode='soft', cross_prune=0.8, inner_prune=0.3, num_runs=5, p_raug=0.15, n_raug=0.15, s_split=[0.65, 0.3], t_split=[0.65, 0.3], seed=[1676, 3733, 3589, 4867, 2980, 1142, 3035, 4432, 4672, 4010], config_from_file='./config/dhfr.yaml', config_to_file='', label_reduction=0.0)
2024-07-17,05:03:41 [INFO] ####################################################################################################
2024-07-17,05:03:41 [INFO] Args seeds: [1676, 3733, 3589, 4867, 2980, 1142, 3035, 4432, 4672, 4010]
2024-07-17,05:03:41 [INFO] Source Dataset: DHFR, Target Dataset: DHFR. Training, Test: Source: [0.65, 0.3], Target: [0.65, 0.3] -- Batch size: 64
2024-07-17,05:03:41 [INFO] All input pretrained paths: ['./pretrained/GCN_Pretrained_2024-07-01-14-54-05.pth', './pretrained/GCN_Pretrained_2024-07-01-14-56-23.pth', './pretrained/GCN_Pretrained_2024-07-01-14-58-41.pth', './pretrained/GCN_Pretrained_2024-07-01-15-00-59.pth', './pretrained/GCN_Pretrained_2024-07-01-15-03-17.pth', './pretrained/GCN_Pretrained_2024-07-01-15-05-37.pth', './pretrained/GCN_Pretrained_2024-07-01-15-07-56.pth', './pretrained/GCN_Pretrained_2024-07-01-15-10-20.pth', './pretrained/GCN_Pretrained_2024-07-01-15-12-47.pth', './pretrained/GCN_Pretrained_2024-07-01-15-15-13.pth']
2024-07-17,05:03:41 [INFO] Started round 0/10 of experiments!
2024-07-17,05:03:42 [INFO] Setting for pretraining: Model: {'gnn_type': 'gcn', 'in_channels': 56, 'hidden_channels': 512, 'out_channels': 2, 'num_layers': 3, 'dropout': 0.4, 'with_bn': False, 'with_head': True} -- Optimizer: {'lr': 0.01, 'scheduler_step_size': 50, 'scheduler_gamma': 0.5, 'weight_decay': 0.0} -- Training: {'n_epochs': 100}
2024-07-17,05:03:42 [INFO] Loading previous pretrained model at ./pretrained/GCN_Pretrained_2024-07-01-14-54-05.pth
2024-07-17,05:03:42 [INFO] Prompting method: flex_match -- Setting: Prompting function: gpf_plus -- Target Dataset: DHFR
2024-07-17,05:03:42 [INFO] Setting for prompt tuning: Prompt: {'emb_dim': 56, 'h_dim': 512, 'output_dim': 56, 'prompt_fn': 'gpf_plus', 'token_num': 50, 'cross_prune': 0.8, 'inner_prune': 0.3, 'attn_with_param': False} -- Pretrained Model: {'gnn_type': 'gcn', 'in_channels': 56, 'hidden_channels': 512, 'out_channels': 2, 'num_layers': 3, 'dropout': 0.4, 'with_bn': False, 'with_head': True} -- Optimizer: {'lr': 0.01, 'scheduler_step_size': 50, 'scheduler_gamma': 0.5, 'weight_decay': 0.1} -- Training: {'aug_type': 'feature', 'pos_aug_mode': 'mask', 'p_raug': 0.15, 'n_epochs': 30, 'r_reg': 0.0, 'soft_label': False, 'clutering_iters': 3, 'iterative_clustering': False, 'entropy_div_ratio': 3, 'w_entropy_loss': 0.0, 'w_softmax_loss': 0.0, 'w_domain_loss': 0.5, 'light_aug_prob': 0.1, 'light_aug_mode': 'mask', 'num_classes': 2, 'cut_off': 0.5}
2024-07-17,05:03:42 [INFO] Prompt tuning started: Num runs: 5 -- Eval step: 10
2024-07-17,05:03:43 [INFO] Pretrained GNN on Source Dataset -- Test Loss: 0.863 -- Test ACC: 0.661 -- Test F1-score: 0.702
2024-07-17,05:03:43 [INFO] Pretrained GNN on Target Dataset Without Prompting: -- Validation Loss: 0.762 -- Validation ACC: 0.611 -- Validation F1-score: 0.667 -- Test Loss: 0.711 -- Test ACC: 0.774 -- Test F1-score: 0.803
2024-07-17,05:03:45 [INFO] Epoch: 0/30 -- Train Loss: 1.359 -- Validation Loss: 0.687 -- Validation ACC: 0.611 -- Validation F1: 0.696
2024-07-17,05:03:52 [INFO] Epoch: 10/30 -- Train Loss: 0.788 -- Validation Loss: 0.807 -- Validation ACC: 0.556 -- Validation F1: 0.600
2024-07-17,05:03:59 [INFO] Epoch: 20/30 -- Train Loss: 0.468 -- Validation Loss: 0.681 -- Validation ACC: 0.722 -- Validation F1: 0.783
2024-07-17,05:04:03 [INFO] Epoch: 24/30 -- Train Loss: 0.717 -- Validation Loss: 0.650 -- Validation ACC: 0.722 -- Validation F1: 0.783
2024-07-17,05:04:04 [INFO] Epoch: 25/30 -- Train Loss: 0.465 -- Validation Loss: 0.780 -- Validation ACC: 0.667 -- Validation F1: 0.727
2024-07-17,05:04:05 [INFO] Epoch: 26/30 -- Train Loss: 0.431 -- Validation Loss: 0.961 -- Validation ACC: 0.444 -- Validation F1: 0.444
2024-07-17,05:04:06 [INFO] Epoch: 27/30 -- Train Loss: 1.365 -- Validation Loss: 0.994 -- Validation ACC: 0.444 -- Validation F1: 0.444
2024-07-17,05:04:07 [INFO] Epoch: 28/30 -- Train Loss: 0.370 -- Validation Loss: 0.910 -- Validation ACC: 0.444 -- Validation F1: 0.444
2024-07-17,05:04:08 [INFO] Epoch: 29/30 -- Train Loss: 0.873 -- Validation Loss: 0.827 -- Validation ACC: 0.556 -- Validation F1: 0.600
2024-07-17,05:04:08 [INFO] Run 0/5: Average Over Last 6 epochs -- Valid ACC: 0.5462962962962963 -- Valid F1-score: 0.5738691339890162
2024-07-17,05:04:09 [INFO] Test Results of Run 0/5: -- Test Loss: 0.762 -- Test ACC: 0.774 -- Test F1: 0.803
2024-07-17,05:04:10 [INFO] Epoch: 0/30 -- Train Loss: 0.525 -- Validation Loss: 0.885 -- Validation ACC: 0.500 -- Validation F1: 0.526
2024-07-17,05:04:22 [INFO] Epoch: 10/30 -- Train Loss: 0.356 -- Validation Loss: 0.630 -- Validation ACC: 0.611 -- Validation F1: 0.696
2024-07-17,05:04:32 [INFO] Epoch: 20/30 -- Train Loss: 0.450 -- Validation Loss: 0.741 -- Validation ACC: 0.611 -- Validation F1: 0.667
2024-07-17,05:04:36 [INFO] Epoch: 24/30 -- Train Loss: 1.065 -- Validation Loss: 0.545 -- Validation ACC: 0.667 -- Validation F1: 0.750
2024-07-17,05:04:37 [INFO] Epoch: 25/30 -- Train Loss: 0.666 -- Validation Loss: 0.595 -- Validation ACC: 0.556 -- Validation F1: 0.636
2024-07-17,05:04:39 [INFO] Epoch: 26/30 -- Train Loss: 0.730 -- Validation Loss: 0.692 -- Validation ACC: 0.556 -- Validation F1: 0.600
2024-07-17,05:04:40 [INFO] Epoch: 27/30 -- Train Loss: 0.594 -- Validation Loss: 0.792 -- Validation ACC: 0.556 -- Validation F1: 0.600
2024-07-17,05:04:41 [INFO] Epoch: 28/30 -- Train Loss: 0.885 -- Validation Loss: 0.909 -- Validation ACC: 0.500 -- Validation F1: 0.526
2024-07-17,05:04:43 [INFO] Epoch: 29/30 -- Train Loss: 0.422 -- Validation Loss: 0.967 -- Validation ACC: 0.444 -- Validation F1: 0.444
2024-07-17,05:04:43 [INFO] Run 1/5: Average Over Last 6 epochs -- Valid ACC: 0.5462962962962963 -- Valid F1-score: 0.5928539882103602
2024-07-17,05:04:43 [INFO] Test Results of Run 1/5: -- Test Loss: 0.801 -- Test ACC: 0.739 -- Test F1: 0.766
2024-07-17,05:04:44 [INFO] Epoch: 0/30 -- Train Loss: 0.368 -- Validation Loss: 0.531 -- Validation ACC: 0.667 -- Validation F1: 0.750
2024-07-17,05:04:55 [INFO] Epoch: 10/30 -- Train Loss: 0.517 -- Validation Loss: 0.724 -- Validation ACC: 0.611 -- Validation F1: 0.667
2024-07-17,05:05:05 [INFO] Epoch: 20/30 -- Train Loss: 0.392 -- Validation Loss: 0.974 -- Validation ACC: 0.444 -- Validation F1: 0.444
2024-07-17,05:05:10 [INFO] Epoch: 24/30 -- Train Loss: 0.394 -- Validation Loss: 1.067 -- Validation ACC: 0.444 -- Validation F1: 0.444
2024-07-17,05:05:11 [INFO] Epoch: 25/30 -- Train Loss: 0.527 -- Validation Loss: 0.929 -- Validation ACC: 0.500 -- Validation F1: 0.526
2024-07-17,05:05:13 [INFO] Epoch: 26/30 -- Train Loss: 0.591 -- Validation Loss: 0.760 -- Validation ACC: 0.556 -- Validation F1: 0.600
2024-07-17,05:05:15 [INFO] Epoch: 27/30 -- Train Loss: 0.742 -- Validation Loss: 0.776 -- Validation ACC: 0.556 -- Validation F1: 0.600
2024-07-17,05:05:16 [INFO] Epoch: 28/30 -- Train Loss: 0.461 -- Validation Loss: 0.882 -- Validation ACC: 0.500 -- Validation F1: 0.526
2024-07-17,05:05:17 [INFO] Epoch: 29/30 -- Train Loss: 0.348 -- Validation Loss: 1.031 -- Validation ACC: 0.444 -- Validation F1: 0.444
2024-07-17,05:05:17 [INFO] Run 2/5: Average Over Last 6 epochs -- Valid ACC: 0.5 -- Valid F1-score: 0.523586759964625
2024-07-17,05:05:18 [INFO] Test Results of Run 2/5: -- Test Loss: 0.834 -- Test ACC: 0.730 -- Test F1: 0.756
2024-07-17,05:05:19 [INFO] Epoch: 0/30 -- Train Loss: 1.075 -- Validation Loss: 0.846 -- Validation ACC: 0.667 -- Validation F1: 0.727
2024-07-17,05:05:29 [INFO] Epoch: 10/30 -- Train Loss: 0.441 -- Validation Loss: 0.561 -- Validation ACC: 0.722 -- Validation F1: 0.783
2024-07-17,05:05:40 [INFO] Epoch: 20/30 -- Train Loss: 0.527 -- Validation Loss: 0.738 -- Validation ACC: 0.556 -- Validation F1: 0.600
2024-07-17,05:05:43 [INFO] Epoch: 24/30 -- Train Loss: 0.442 -- Validation Loss: 0.709 -- Validation ACC: 0.556 -- Validation F1: 0.600
2024-07-17,05:05:44 [INFO] Epoch: 25/30 -- Train Loss: 0.924 -- Validation Loss: 0.640 -- Validation ACC: 0.556 -- Validation F1: 0.600
2024-07-17,05:05:45 [INFO] Epoch: 26/30 -- Train Loss: 0.633 -- Validation Loss: 0.599 -- Validation ACC: 0.611 -- Validation F1: 0.667
2024-07-17,05:05:47 [INFO] Epoch: 27/30 -- Train Loss: 0.397 -- Validation Loss: 0.519 -- Validation ACC: 0.667 -- Validation F1: 0.750
2024-07-17,05:05:48 [INFO] Epoch: 28/30 -- Train Loss: 0.427 -- Validation Loss: 0.502 -- Validation ACC: 0.667 -- Validation F1: 0.750
2024-07-17,05:05:49 [INFO] Epoch: 29/30 -- Train Loss: 0.388 -- Validation Loss: 0.509 -- Validation ACC: 0.722 -- Validation F1: 0.783
2024-07-17,05:05:49 [INFO] Run 3/5: Average Over Last 6 epochs -- Valid ACC: 0.6296296296296297 -- Valid F1-score: 0.6915459036827087
2024-07-17,05:05:50 [INFO] Test Results of Run 3/5: -- Test Loss: 0.632 -- Test ACC: 0.783 -- Test F1: 0.823
2024-07-17,05:05:51 [INFO] Epoch: 0/30 -- Train Loss: 0.709 -- Validation Loss: 0.699 -- Validation ACC: 0.556 -- Validation F1: 0.636
2024-07-17,05:06:01 [INFO] Epoch: 10/30 -- Train Loss: 1.064 -- Validation Loss: 1.137 -- Validation ACC: 0.389 -- Validation F1: 0.353
2024-07-17,05:06:10 [INFO] Epoch: 20/30 -- Train Loss: 0.661 -- Validation Loss: 0.614 -- Validation ACC: 0.722 -- Validation F1: 0.783
2024-07-17,05:06:14 [INFO] Epoch: 24/30 -- Train Loss: 1.149 -- Validation Loss: 1.051 -- Validation ACC: 0.389 -- Validation F1: 0.353
2024-07-17,05:06:15 [INFO] Epoch: 25/30 -- Train Loss: 0.766 -- Validation Loss: 1.159 -- Validation ACC: 0.389 -- Validation F1: 0.353
2024-07-17,05:06:17 [INFO] Epoch: 26/30 -- Train Loss: 1.619 -- Validation Loss: 1.089 -- Validation ACC: 0.389 -- Validation F1: 0.353
2024-07-17,05:06:18 [INFO] Epoch: 27/30 -- Train Loss: 0.878 -- Validation Loss: 0.880 -- Validation ACC: 0.444 -- Validation F1: 0.444
2024-07-17,05:06:20 [INFO] Epoch: 28/30 -- Train Loss: 0.710 -- Validation Loss: 0.806 -- Validation ACC: 0.556 -- Validation F1: 0.600
2024-07-17,05:06:21 [INFO] Epoch: 29/30 -- Train Loss: 1.016 -- Validation Loss: 0.776 -- Validation ACC: 0.556 -- Validation F1: 0.600
2024-07-17,05:06:21 [INFO] Run 4/5: Average Over Last 6 epochs -- Valid ACC: 0.4537037037037037 -- Valid F1-score: 0.45054467519124347
2024-07-17,05:06:22 [INFO] Test Results of Run 4/5: -- Test Loss: 0.741 -- Test ACC: 0.774 -- Test F1: 0.803
2024-07-17,05:06:22 [INFO] Validation average after 5 runs -- ACC: 0.535 -- F1-score: 0.566
2024-07-17,05:06:22 [INFO] Test average after 5 runs -- ACC: 0.760 -- F1-score: 0.790
2024-07-17,05:06:22 [INFO] Finished round 0/10 of experiments!
2024-07-17,05:06:22 [INFO] Started round 1/10 of experiments!
2024-07-17,05:06:23 [INFO] Loading previous pretrained model at ./pretrained/GCN_Pretrained_2024-07-01-14-56-23.pth
2024-07-17,05:06:23 [INFO] Pretrained GNN on Source Dataset -- Test Loss: 0.964 -- Test ACC: 0.739 -- Test F1-score: 0.758
2024-07-17,05:06:24 [INFO] Pretrained GNN on Target Dataset Without Prompting: -- Validation Loss: 1.277 -- Validation ACC: 0.667 -- Validation F1-score: 0.769 -- Test Loss: 1.529 -- Test ACC: 0.643 -- Test F1-score: 0.713
2024-07-17,05:06:26 [INFO] Epoch: 0/30 -- Train Loss: 0.433 -- Validation Loss: 1.669 -- Validation ACC: 0.667 -- Validation F1: 0.800
2024-07-17,05:06:35 [INFO] Epoch: 10/30 -- Train Loss: 1.834 -- Validation Loss: 1.290 -- Validation ACC: 0.667 -- Validation F1: 0.769
2024-07-17,05:06:44 [INFO] Epoch: 20/30 -- Train Loss: 0.696 -- Validation Loss: 1.216 -- Validation ACC: 0.667 -- Validation F1: 0.769
2024-07-17,05:06:48 [INFO] Epoch: 24/30 -- Train Loss: 0.363 -- Validation Loss: 1.288 -- Validation ACC: 0.667 -- Validation F1: 0.769
2024-07-17,05:06:50 [INFO] Epoch: 25/30 -- Train Loss: 1.071 -- Validation Loss: 1.310 -- Validation ACC: 0.667 -- Validation F1: 0.769
2024-07-17,05:06:51 [INFO] Epoch: 26/30 -- Train Loss: 0.584 -- Validation Loss: 1.337 -- Validation ACC: 0.667 -- Validation F1: 0.786
2024-07-17,05:06:52 [INFO] Epoch: 27/30 -- Train Loss: 0.384 -- Validation Loss: 1.354 -- Validation ACC: 0.667 -- Validation F1: 0.786
2024-07-17,05:06:54 [INFO] Epoch: 28/30 -- Train Loss: 0.735 -- Validation Loss: 1.356 -- Validation ACC: 0.667 -- Validation F1: 0.786
2024-07-17,05:06:55 [INFO] Epoch: 29/30 -- Train Loss: 0.377 -- Validation Loss: 1.350 -- Validation ACC: 0.667 -- Validation F1: 0.786
2024-07-17,05:06:55 [INFO] Run 0/5: Average Over Last 6 epochs -- Valid ACC: 0.6666666666666666 -- Valid F1-score: 0.7802197734514872
2024-07-17,05:06:56 [INFO] Test Results of Run 0/5: -- Test Loss: 1.542 -- Test ACC: 0.670 -- Test F1: 0.747
2024-07-17,05:06:57 [INFO] Epoch: 0/30 -- Train Loss: 0.642 -- Validation Loss: 1.346 -- Validation ACC: 0.667 -- Validation F1: 0.786
2024-07-17,05:07:07 [INFO] Epoch: 10/30 -- Train Loss: 0.373 -- Validation Loss: 1.379 -- Validation ACC: 0.667 -- Validation F1: 0.800
2024-07-17,05:07:18 [INFO] Epoch: 20/30 -- Train Loss: 0.364 -- Validation Loss: 1.212 -- Validation ACC: 0.778 -- Validation F1: 0.867
2024-07-17,05:07:22 [INFO] Epoch: 24/30 -- Train Loss: 0.644 -- Validation Loss: 1.161 -- Validation ACC: 0.667 -- Validation F1: 0.769
2024-07-17,05:07:24 [INFO] Epoch: 25/30 -- Train Loss: 0.445 -- Validation Loss: 1.154 -- Validation ACC: 0.667 -- Validation F1: 0.769
2024-07-17,05:07:25 [INFO] Epoch: 26/30 -- Train Loss: 0.582 -- Validation Loss: 1.163 -- Validation ACC: 0.667 -- Validation F1: 0.769
2024-07-17,05:07:26 [INFO] Epoch: 27/30 -- Train Loss: 0.488 -- Validation Loss: 1.192 -- Validation ACC: 0.722 -- Validation F1: 0.815
2024-07-17,05:07:27 [INFO] Epoch: 28/30 -- Train Loss: 0.457 -- Validation Loss: 1.234 -- Validation ACC: 0.722 -- Validation F1: 0.828
2024-07-17,05:07:29 [INFO] Epoch: 29/30 -- Train Loss: 0.548 -- Validation Loss: 1.276 -- Validation ACC: 0.722 -- Validation F1: 0.828
2024-07-17,05:07:29 [INFO] Run 1/5: Average Over Last 6 epochs -- Valid ACC: 0.6944444444444445 -- Valid F1-score: 0.7962799370288849
2024-07-17,05:07:29 [INFO] Test Results of Run 1/5: -- Test Loss: 1.645 -- Test ACC: 0.670 -- Test F1: 0.762
2024-07-17,05:07:31 [INFO] Epoch: 0/30 -- Train Loss: 0.390 -- Validation Loss: 1.342 -- Validation ACC: 0.667 -- Validation F1: 0.786
2024-07-17,05:07:42 [INFO] Epoch: 10/30 -- Train Loss: 0.366 -- Validation Loss: 1.309 -- Validation ACC: 0.667 -- Validation F1: 0.800
2024-07-17,05:07:51 [INFO] Epoch: 20/30 -- Train Loss: 0.417 -- Validation Loss: 1.308 -- Validation ACC: 0.667 -- Validation F1: 0.769
2024-07-17,05:07:55 [INFO] Epoch: 24/30 -- Train Loss: 0.615 -- Validation Loss: 1.286 -- Validation ACC: 0.667 -- Validation F1: 0.800
2024-07-17,05:07:57 [INFO] Epoch: 25/30 -- Train Loss: 0.504 -- Validation Loss: 1.318 -- Validation ACC: 0.667 -- Validation F1: 0.800
2024-07-17,05:07:59 [INFO] Epoch: 26/30 -- Train Loss: 1.385 -- Validation Loss: 1.335 -- Validation ACC: 0.667 -- Validation F1: 0.800
2024-07-17,05:08:00 [INFO] Epoch: 27/30 -- Train Loss: 0.892 -- Validation Loss: 1.283 -- Validation ACC: 0.667 -- Validation F1: 0.800
2024-07-17,05:08:01 [INFO] Epoch: 28/30 -- Train Loss: 0.870 -- Validation Loss: 1.232 -- Validation ACC: 0.722 -- Validation F1: 0.815
2024-07-17,05:08:02 [INFO] Epoch: 29/30 -- Train Loss: 0.490 -- Validation Loss: 1.248 -- Validation ACC: 0.611 -- Validation F1: 0.759
2024-07-17,05:08:02 [INFO] Run 2/5: Average Over Last 6 epochs -- Valid ACC: 0.6666666666666666 -- Valid F1-score: 0.7955725888411204
2024-07-17,05:08:02 [INFO] Test Results of Run 2/5: -- Test Loss: 1.578 -- Test ACC: 0.670 -- Test F1: 0.747
2024-07-17,05:08:04 [INFO] Epoch: 0/30 -- Train Loss: 0.366 -- Validation Loss: 1.452 -- Validation ACC: 0.722 -- Validation F1: 0.828
2024-07-17,05:08:15 [INFO] Epoch: 10/30 -- Train Loss: 0.406 -- Validation Loss: 1.277 -- Validation ACC: 0.667 -- Validation F1: 0.769
2024-07-17,05:08:24 [INFO] Epoch: 20/30 -- Train Loss: 1.079 -- Validation Loss: 1.300 -- Validation ACC: 0.667 -- Validation F1: 0.769
2024-07-17,05:08:28 [INFO] Epoch: 24/30 -- Train Loss: 1.780 -- Validation Loss: 1.269 -- Validation ACC: 0.667 -- Validation F1: 0.786
2024-07-17,05:08:30 [INFO] Epoch: 25/30 -- Train Loss: 1.006 -- Validation Loss: 1.282 -- Validation ACC: 0.667 -- Validation F1: 0.786
2024-07-17,05:08:31 [INFO] Epoch: 26/30 -- Train Loss: 0.397 -- Validation Loss: 1.280 -- Validation ACC: 0.667 -- Validation F1: 0.786
2024-07-17,05:08:33 [INFO] Epoch: 27/30 -- Train Loss: 1.126 -- Validation Loss: 1.264 -- Validation ACC: 0.611 -- Validation F1: 0.759
2024-07-17,05:08:34 [INFO] Epoch: 28/30 -- Train Loss: 0.611 -- Validation Loss: 1.318 -- Validation ACC: 0.667 -- Validation F1: 0.800
2024-07-17,05:08:35 [INFO] Epoch: 29/30 -- Train Loss: 0.436 -- Validation Loss: 1.389 -- Validation ACC: 0.667 -- Validation F1: 0.800
2024-07-17,05:08:35 [INFO] Run 3/5: Average Over Last 6 epochs -- Valid ACC: 0.6574074074074073 -- Valid F1-score: 0.7859605848789215
2024-07-17,05:08:36 [INFO] Test Results of Run 3/5: -- Test Loss: 1.680 -- Test ACC: 0.678 -- Test F1: 0.770
2024-07-17,05:08:37 [INFO] Epoch: 0/30 -- Train Loss: 0.721 -- Validation Loss: 1.382 -- Validation ACC: 0.722 -- Validation F1: 0.815
2024-07-17,05:08:47 [INFO] Epoch: 10/30 -- Train Loss: 1.961 -- Validation Loss: 1.318 -- Validation ACC: 0.667 -- Validation F1: 0.769
2024-07-17,05:08:57 [INFO] Epoch: 20/30 -- Train Loss: 0.441 -- Validation Loss: 1.238 -- Validation ACC: 0.778 -- Validation F1: 0.857
2024-07-17,05:09:01 [INFO] Epoch: 24/30 -- Train Loss: 0.373 -- Validation Loss: 1.439 -- Validation ACC: 0.667 -- Validation F1: 0.800
2024-07-17,05:09:03 [INFO] Epoch: 25/30 -- Train Loss: 0.381 -- Validation Loss: 1.371 -- Validation ACC: 0.667 -- Validation F1: 0.800
2024-07-17,05:09:04 [INFO] Epoch: 26/30 -- Train Loss: 0.367 -- Validation Loss: 1.271 -- Validation ACC: 0.667 -- Validation F1: 0.800
2024-07-17,05:09:05 [INFO] Epoch: 27/30 -- Train Loss: 0.746 -- Validation Loss: 1.232 -- Validation ACC: 0.722 -- Validation F1: 0.828
2024-07-17,05:09:07 [INFO] Epoch: 28/30 -- Train Loss: 0.908 -- Validation Loss: 1.203 -- Validation ACC: 0.722 -- Validation F1: 0.815
2024-07-17,05:09:08 [INFO] Epoch: 29/30 -- Train Loss: 0.380 -- Validation Loss: 1.203 -- Validation ACC: 0.722 -- Validation F1: 0.815
2024-07-17,05:09:08 [INFO] Run 4/5: Average Over Last 6 epochs -- Valid ACC: 0.6944444444444445 -- Valid F1-score: 0.8095359802246094
2024-07-17,05:09:08 [INFO] Test Results of Run 4/5: -- Test Loss: 1.549 -- Test ACC: 0.652 -- Test F1: 0.730
2024-07-17,05:09:08 [INFO] Validation average after 5 runs -- ACC: 0.676 -- F1-score: 0.794
2024-07-17,05:09:08 [INFO] Test average after 5 runs -- ACC: 0.668 -- F1-score: 0.751
2024-07-17,05:09:08 [INFO] Finished round 1/10 of experiments!
2024-07-17,05:09:08 [INFO] Started round 2/10 of experiments!
2024-07-17,05:09:09 [INFO] Loading previous pretrained model at ./pretrained/GCN_Pretrained_2024-07-01-14-58-41.pth
2024-07-17,05:09:09 [INFO] Pretrained GNN on Source Dataset -- Test Loss: 1.173 -- Test ACC: 0.757 -- Test F1-score: 0.813
2024-07-17,05:09:10 [INFO] Pretrained GNN on Target Dataset Without Prompting: -- Validation Loss: 0.928 -- Validation ACC: 0.667 -- Validation F1-score: 0.769 -- Test Loss: 0.858 -- Test ACC: 0.687 -- Test F1-score: 0.735
2024-07-17,05:09:11 [INFO] Epoch: 0/30 -- Train Loss: 1.154 -- Validation Loss: 0.950 -- Validation ACC: 0.667 -- Validation F1: 0.769
2024-07-17,05:09:22 [INFO] Epoch: 10/30 -- Train Loss: 0.491 -- Validation Loss: 0.912 -- Validation ACC: 0.667 -- Validation F1: 0.769
2024-07-17,05:09:32 [INFO] Epoch: 20/30 -- Train Loss: 0.743 -- Validation Loss: 0.883 -- Validation ACC: 0.611 -- Validation F1: 0.720
2024-07-17,05:09:36 [INFO] Epoch: 24/30 -- Train Loss: 0.745 -- Validation Loss: 0.916 -- Validation ACC: 0.667 -- Validation F1: 0.769
2024-07-17,05:09:38 [INFO] Epoch: 25/30 -- Train Loss: 0.857 -- Validation Loss: 0.919 -- Validation ACC: 0.667 -- Validation F1: 0.769
2024-07-17,05:09:39 [INFO] Epoch: 26/30 -- Train Loss: 0.756 -- Validation Loss: 0.930 -- Validation ACC: 0.667 -- Validation F1: 0.769
2024-07-17,05:09:40 [INFO] Epoch: 27/30 -- Train Loss: 0.763 -- Validation Loss: 0.945 -- Validation ACC: 0.667 -- Validation F1: 0.769
2024-07-17,05:09:42 [INFO] Epoch: 28/30 -- Train Loss: 0.660 -- Validation Loss: 0.925 -- Validation ACC: 0.667 -- Validation F1: 0.769
2024-07-17,05:09:43 [INFO] Epoch: 29/30 -- Train Loss: 0.425 -- Validation Loss: 0.914 -- Validation ACC: 0.667 -- Validation F1: 0.769
2024-07-17,05:09:43 [INFO] Run 0/5: Average Over Last 6 epochs -- Valid ACC: 0.6666666666666666 -- Valid F1-score: 0.7692307829856873
2024-07-17,05:09:44 [INFO] Test Results of Run 0/5: -- Test Loss: 0.824 -- Test ACC: 0.704 -- Test F1: 0.738
2024-07-17,05:09:45 [INFO] Epoch: 0/30 -- Train Loss: 1.009 -- Validation Loss: 0.938 -- Validation ACC: 0.667 -- Validation F1: 0.769
2024-07-17,05:09:55 [INFO] Epoch: 10/30 -- Train Loss: 0.652 -- Validation Loss: 0.942 -- Validation ACC: 0.667 -- Validation F1: 0.769
2024-07-17,05:10:05 [INFO] Epoch: 20/30 -- Train Loss: 0.428 -- Validation Loss: 0.857 -- Validation ACC: 0.611 -- Validation F1: 0.720
2024-07-17,05:10:09 [INFO] Epoch: 24/30 -- Train Loss: 0.607 -- Validation Loss: 0.966 -- Validation ACC: 0.667 -- Validation F1: 0.769
2024-07-17,05:10:10 [INFO] Epoch: 25/30 -- Train Loss: 0.630 -- Validation Loss: 1.032 -- Validation ACC: 0.667 -- Validation F1: 0.769
2024-07-17,05:10:12 [INFO] Epoch: 26/30 -- Train Loss: 0.690 -- Validation Loss: 1.088 -- Validation ACC: 0.667 -- Validation F1: 0.769
2024-07-17,05:10:13 [INFO] Epoch: 27/30 -- Train Loss: 1.165 -- Validation Loss: 1.104 -- Validation ACC: 0.722 -- Validation F1: 0.815
2024-07-17,05:10:14 [INFO] Epoch: 28/30 -- Train Loss: 1.448 -- Validation Loss: 1.089 -- Validation ACC: 0.722 -- Validation F1: 0.815
2024-07-17,05:10:15 [INFO] Epoch: 29/30 -- Train Loss: 1.095 -- Validation Loss: 1.044 -- Validation ACC: 0.667 -- Validation F1: 0.769
2024-07-17,05:10:15 [INFO] Run 1/5: Average Over Last 6 epochs -- Valid ACC: 0.6851851851851852 -- Valid F1-score: 0.7844254573186239
2024-07-17,05:10:16 [INFO] Test Results of Run 1/5: -- Test Loss: 0.983 -- Test ACC: 0.678 -- Test F1: 0.734
2024-07-17,05:10:17 [INFO] Epoch: 0/30 -- Train Loss: 0.651 -- Validation Loss: 0.925 -- Validation ACC: 0.667 -- Validation F1: 0.769
2024-07-17,05:10:27 [INFO] Epoch: 10/30 -- Train Loss: 0.941 -- Validation Loss: 0.923 -- Validation ACC: 0.611 -- Validation F1: 0.720
2024-07-17,05:10:37 [INFO] Epoch: 20/30 -- Train Loss: 0.537 -- Validation Loss: 0.856 -- Validation ACC: 0.667 -- Validation F1: 0.769
2024-07-17,05:10:40 [INFO] Epoch: 24/30 -- Train Loss: 0.425 -- Validation Loss: 0.915 -- Validation ACC: 0.667 -- Validation F1: 0.769
2024-07-17,05:10:42 [INFO] Epoch: 25/30 -- Train Loss: 0.351 -- Validation Loss: 0.919 -- Validation ACC: 0.667 -- Validation F1: 0.769
2024-07-17,05:10:43 [INFO] Epoch: 26/30 -- Train Loss: 0.371 -- Validation Loss: 0.925 -- Validation ACC: 0.667 -- Validation F1: 0.769
2024-07-17,05:10:44 [INFO] Epoch: 27/30 -- Train Loss: 0.424 -- Validation Loss: 0.941 -- Validation ACC: 0.667 -- Validation F1: 0.769
2024-07-17,05:10:45 [INFO] Epoch: 28/30 -- Train Loss: 0.953 -- Validation Loss: 0.931 -- Validation ACC: 0.667 -- Validation F1: 0.769
2024-07-17,05:10:47 [INFO] Epoch: 29/30 -- Train Loss: 0.621 -- Validation Loss: 0.921 -- Validation ACC: 0.667 -- Validation F1: 0.769
2024-07-17,05:10:47 [INFO] Run 2/5: Average Over Last 6 epochs -- Valid ACC: 0.6666666666666666 -- Valid F1-score: 0.7692307829856873
2024-07-17,05:10:47 [INFO] Test Results of Run 2/5: -- Test Loss: 0.853 -- Test ACC: 0.704 -- Test F1: 0.742
2024-07-17,05:10:49 [INFO] Epoch: 0/30 -- Train Loss: 2.319 -- Validation Loss: 0.987 -- Validation ACC: 0.667 -- Validation F1: 0.769
2024-07-17,05:10:59 [INFO] Epoch: 10/30 -- Train Loss: 0.666 -- Validation Loss: 0.922 -- Validation ACC: 0.667 -- Validation F1: 0.769
2024-07-17,05:11:09 [INFO] Epoch: 20/30 -- Train Loss: 0.667 -- Validation Loss: 0.965 -- Validation ACC: 0.667 -- Validation F1: 0.769
2024-07-17,05:11:14 [INFO] Epoch: 24/30 -- Train Loss: 0.382 -- Validation Loss: 1.017 -- Validation ACC: 0.667 -- Validation F1: 0.769
2024-07-17,05:11:16 [INFO] Epoch: 25/30 -- Train Loss: 0.548 -- Validation Loss: 0.964 -- Validation ACC: 0.667 -- Validation F1: 0.769
2024-07-17,05:11:17 [INFO] Epoch: 26/30 -- Train Loss: 0.857 -- Validation Loss: 0.948 -- Validation ACC: 0.667 -- Validation F1: 0.769
2024-07-17,05:11:18 [INFO] Epoch: 27/30 -- Train Loss: 0.795 -- Validation Loss: 0.951 -- Validation ACC: 0.667 -- Validation F1: 0.769
2024-07-17,05:11:19 [INFO] Epoch: 28/30 -- Train Loss: 0.540 -- Validation Loss: 0.957 -- Validation ACC: 0.667 -- Validation F1: 0.769
2024-07-17,05:11:21 [INFO] Epoch: 29/30 -- Train Loss: 0.828 -- Validation Loss: 0.948 -- Validation ACC: 0.667 -- Validation F1: 0.769
2024-07-17,05:11:21 [INFO] Run 3/5: Average Over Last 6 epochs -- Valid ACC: 0.6666666666666666 -- Valid F1-score: 0.7692307829856873
2024-07-17,05:11:21 [INFO] Test Results of Run 3/5: -- Test Loss: 0.885 -- Test ACC: 0.696 -- Test F1: 0.745
2024-07-17,05:11:22 [INFO] Epoch: 0/30 -- Train Loss: 0.486 -- Validation Loss: 0.927 -- Validation ACC: 0.667 -- Validation F1: 0.769
2024-07-17,05:11:33 [INFO] Epoch: 10/30 -- Train Loss: 1.518 -- Validation Loss: 0.892 -- Validation ACC: 0.667 -- Validation F1: 0.769
2024-07-17,05:11:43 [INFO] Epoch: 20/30 -- Train Loss: 0.412 -- Validation Loss: 0.900 -- Validation ACC: 0.611 -- Validation F1: 0.720
2024-07-17,05:11:48 [INFO] Epoch: 24/30 -- Train Loss: 0.421 -- Validation Loss: 0.873 -- Validation ACC: 0.611 -- Validation F1: 0.720
2024-07-17,05:11:49 [INFO] Epoch: 25/30 -- Train Loss: 0.464 -- Validation Loss: 0.884 -- Validation ACC: 0.611 -- Validation F1: 0.720
2024-07-17,05:11:50 [INFO] Epoch: 26/30 -- Train Loss: 0.591 -- Validation Loss: 0.894 -- Validation ACC: 0.611 -- Validation F1: 0.720
2024-07-17,05:11:52 [INFO] Epoch: 27/30 -- Train Loss: 0.689 -- Validation Loss: 0.905 -- Validation ACC: 0.611 -- Validation F1: 0.720
2024-07-17,05:11:53 [INFO] Epoch: 28/30 -- Train Loss: 0.543 -- Validation Loss: 0.930 -- Validation ACC: 0.667 -- Validation F1: 0.769
2024-07-17,05:11:54 [INFO] Epoch: 29/30 -- Train Loss: 0.972 -- Validation Loss: 0.959 -- Validation ACC: 0.667 -- Validation F1: 0.769
2024-07-17,05:11:54 [INFO] Run 4/5: Average Over Last 6 epochs -- Valid ACC: 0.6296296296296297 -- Valid F1-score: 0.7364102800687155
2024-07-17,05:11:55 [INFO] Test Results of Run 4/5: -- Test Loss: 0.878 -- Test ACC: 0.687 -- Test F1: 0.735
2024-07-17,05:11:55 [INFO] Validation average after 5 runs -- ACC: 0.663 -- F1-score: 0.766
2024-07-17,05:11:55 [INFO] Test average after 5 runs -- ACC: 0.694 -- F1-score: 0.739
2024-07-17,05:11:55 [INFO] Finished round 2/10 of experiments!
2024-07-17,05:11:55 [INFO] Started round 3/10 of experiments!
2024-07-17,05:11:55 [INFO] Loading previous pretrained model at ./pretrained/GCN_Pretrained_2024-07-01-15-00-59.pth
2024-07-17,05:11:56 [INFO] Pretrained GNN on Source Dataset -- Test Loss: 0.746 -- Test ACC: 0.739 -- Test F1-score: 0.786
2024-07-17,05:11:56 [INFO] Pretrained GNN on Target Dataset Without Prompting: -- Validation Loss: 0.769 -- Validation ACC: 0.722 -- Validation F1-score: 0.706 -- Test Loss: 0.897 -- Test ACC: 0.748 -- Test F1-score: 0.810
2024-07-17,05:11:58 [INFO] Epoch: 0/30 -- Train Loss: 0.342 -- Validation Loss: 0.775 -- Validation ACC: 0.722 -- Validation F1: 0.706
2024-07-17,05:12:09 [INFO] Epoch: 10/30 -- Train Loss: 0.666 -- Validation Loss: 0.743 -- Validation ACC: 0.778 -- Validation F1: 0.750
2024-07-17,05:12:19 [INFO] Epoch: 20/30 -- Train Loss: 1.255 -- Validation Loss: 0.900 -- Validation ACC: 0.722 -- Validation F1: 0.737
2024-07-17,05:12:23 [INFO] Epoch: 24/30 -- Train Loss: 0.346 -- Validation Loss: 0.814 -- Validation ACC: 0.778 -- Validation F1: 0.778
2024-07-17,05:12:24 [INFO] Epoch: 25/30 -- Train Loss: 1.908 -- Validation Loss: 0.733 -- Validation ACC: 0.778 -- Validation F1: 0.778
2024-07-17,05:12:25 [INFO] Epoch: 26/30 -- Train Loss: 0.435 -- Validation Loss: 0.721 -- Validation ACC: 0.778 -- Validation F1: 0.750
2024-07-17,05:12:26 [INFO] Epoch: 27/30 -- Train Loss: 0.709 -- Validation Loss: 0.747 -- Validation ACC: 0.722 -- Validation F1: 0.667
2024-07-17,05:12:28 [INFO] Epoch: 28/30 -- Train Loss: 0.898 -- Validation Loss: 0.759 -- Validation ACC: 0.722 -- Validation F1: 0.667
2024-07-17,05:12:29 [INFO] Epoch: 29/30 -- Train Loss: 0.679 -- Validation Loss: 0.721 -- Validation ACC: 0.722 -- Validation F1: 0.667
2024-07-17,05:12:29 [INFO] Run 0/5: Average Over Last 6 epochs -- Valid ACC: 0.75 -- Valid F1-score: 0.7175926069418589
2024-07-17,05:12:30 [INFO] Test Results of Run 0/5: -- Test Loss: 0.900 -- Test ACC: 0.704 -- Test F1: 0.770
2024-07-17,05:12:31 [INFO] Epoch: 0/30 -- Train Loss: 0.341 -- Validation Loss: 0.742 -- Validation ACC: 0.722 -- Validation F1: 0.706
2024-07-17,05:12:43 [INFO] Epoch: 10/30 -- Train Loss: 0.351 -- Validation Loss: 0.778 -- Validation ACC: 0.778 -- Validation F1: 0.750
2024-07-17,05:12:52 [INFO] Epoch: 20/30 -- Train Loss: 0.351 -- Validation Loss: 0.770 -- Validation ACC: 0.778 -- Validation F1: 0.778
2024-07-17,05:12:57 [INFO] Epoch: 24/30 -- Train Loss: 0.458 -- Validation Loss: 0.842 -- Validation ACC: 0.778 -- Validation F1: 0.778
2024-07-17,05:12:58 [INFO] Epoch: 25/30 -- Train Loss: 0.446 -- Validation Loss: 0.843 -- Validation ACC: 0.778 -- Validation F1: 0.778
2024-07-17,05:12:59 [INFO] Epoch: 26/30 -- Train Loss: 0.903 -- Validation Loss: 0.823 -- Validation ACC: 0.778 -- Validation F1: 0.778
2024-07-17,05:13:00 [INFO] Epoch: 27/30 -- Train Loss: 0.468 -- Validation Loss: 0.813 -- Validation ACC: 0.778 -- Validation F1: 0.778
2024-07-17,05:13:02 [INFO] Epoch: 28/30 -- Train Loss: 0.676 -- Validation Loss: 0.846 -- Validation ACC: 0.778 -- Validation F1: 0.778
2024-07-17,05:13:03 [INFO] Epoch: 29/30 -- Train Loss: 0.544 -- Validation Loss: 0.906 -- Validation ACC: 0.722 -- Validation F1: 0.737
2024-07-17,05:13:03 [INFO] Run 1/5: Average Over Last 6 epochs -- Valid ACC: 0.7685185185185185 -- Valid F1-score: 0.7709551751613617
2024-07-17,05:13:04 [INFO] Test Results of Run 1/5: -- Test Loss: 0.989 -- Test ACC: 0.765 -- Test F1: 0.834
2024-07-17,05:13:05 [INFO] Epoch: 0/30 -- Train Loss: 0.350 -- Validation Loss: 0.877 -- Validation ACC: 0.778 -- Validation F1: 0.778
2024-07-17,05:13:16 [INFO] Epoch: 10/30 -- Train Loss: 0.601 -- Validation Loss: 0.775 -- Validation ACC: 0.778 -- Validation F1: 0.750
2024-07-17,05:13:25 [INFO] Epoch: 20/30 -- Train Loss: 0.351 -- Validation Loss: 0.834 -- Validation ACC: 0.778 -- Validation F1: 0.778
2024-07-17,05:13:29 [INFO] Epoch: 24/30 -- Train Loss: 2.627 -- Validation Loss: 0.932 -- Validation ACC: 0.722 -- Validation F1: 0.737
2024-07-17,05:13:30 [INFO] Epoch: 25/30 -- Train Loss: 0.796 -- Validation Loss: 0.839 -- Validation ACC: 0.722 -- Validation F1: 0.706
2024-07-17,05:13:32 [INFO] Epoch: 26/30 -- Train Loss: 0.699 -- Validation Loss: 0.791 -- Validation ACC: 0.722 -- Validation F1: 0.706
2024-07-17,05:13:33 [INFO] Epoch: 27/30 -- Train Loss: 0.644 -- Validation Loss: 0.757 -- Validation ACC: 0.778 -- Validation F1: 0.750
2024-07-17,05:13:34 [INFO] Epoch: 28/30 -- Train Loss: 0.560 -- Validation Loss: 0.738 -- Validation ACC: 0.778 -- Validation F1: 0.750
2024-07-17,05:13:36 [INFO] Epoch: 29/30 -- Train Loss: 0.747 -- Validation Loss: 0.734 -- Validation ACC: 0.778 -- Validation F1: 0.750
2024-07-17,05:13:36 [INFO] Run 2/5: Average Over Last 6 epochs -- Valid ACC: 0.75 -- Valid F1-score: 0.7331011394659678
2024-07-17,05:13:36 [INFO] Test Results of Run 2/5: -- Test Loss: 0.897 -- Test ACC: 0.739 -- Test F1: 0.803
2024-07-17,05:13:37 [INFO] Epoch: 0/30 -- Train Loss: 1.040 -- Validation Loss: 0.767 -- Validation ACC: 0.778 -- Validation F1: 0.778
2024-07-17,05:13:48 [INFO] Epoch: 10/30 -- Train Loss: 0.607 -- Validation Loss: 0.835 -- Validation ACC: 0.722 -- Validation F1: 0.706
2024-07-17,05:13:58 [INFO] Epoch: 20/30 -- Train Loss: 1.451 -- Validation Loss: 0.709 -- Validation ACC: 0.778 -- Validation F1: 0.750
2024-07-17,05:14:03 [INFO] Epoch: 24/30 -- Train Loss: 1.367 -- Validation Loss: 0.722 -- Validation ACC: 0.778 -- Validation F1: 0.750
2024-07-17,05:14:04 [INFO] Epoch: 25/30 -- Train Loss: 0.919 -- Validation Loss: 0.721 -- Validation ACC: 0.833 -- Validation F1: 0.824
2024-07-17,05:14:05 [INFO] Epoch: 26/30 -- Train Loss: 0.611 -- Validation Loss: 0.754 -- Validation ACC: 0.778 -- Validation F1: 0.778
2024-07-17,05:14:07 [INFO] Epoch: 27/30 -- Train Loss: 0.592 -- Validation Loss: 0.806 -- Validation ACC: 0.778 -- Validation F1: 0.778
2024-07-17,05:14:08 [INFO] Epoch: 28/30 -- Train Loss: 0.349 -- Validation Loss: 0.788 -- Validation ACC: 0.778 -- Validation F1: 0.778
2024-07-17,05:14:09 [INFO] Epoch: 29/30 -- Train Loss: 1.450 -- Validation Loss: 0.757 -- Validation ACC: 0.778 -- Validation F1: 0.778
2024-07-17,05:14:09 [INFO] Run 3/5: Average Over Last 6 epochs -- Valid ACC: 0.7870370370370371 -- Valid F1-score: 0.7807734310626984
2024-07-17,05:14:10 [INFO] Test Results of Run 3/5: -- Test Loss: 0.936 -- Test ACC: 0.748 -- Test F1: 0.810
2024-07-17,05:14:11 [INFO] Epoch: 0/30 -- Train Loss: 0.835 -- Validation Loss: 0.800 -- Validation ACC: 0.722 -- Validation F1: 0.706
2024-07-17,05:14:21 [INFO] Epoch: 10/30 -- Train Loss: 0.748 -- Validation Loss: 0.774 -- Validation ACC: 0.722 -- Validation F1: 0.706
2024-07-17,05:14:31 [INFO] Epoch: 20/30 -- Train Loss: 1.118 -- Validation Loss: 0.794 -- Validation ACC: 0.778 -- Validation F1: 0.750
2024-07-17,05:14:35 [INFO] Epoch: 24/30 -- Train Loss: 0.665 -- Validation Loss: 0.841 -- Validation ACC: 0.722 -- Validation F1: 0.706
2024-07-17,05:14:37 [INFO] Epoch: 25/30 -- Train Loss: 0.359 -- Validation Loss: 0.814 -- Validation ACC: 0.722 -- Validation F1: 0.706
2024-07-17,05:14:38 [INFO] Epoch: 26/30 -- Train Loss: 0.348 -- Validation Loss: 0.790 -- Validation ACC: 0.722 -- Validation F1: 0.706
2024-07-17,05:14:39 [INFO] Epoch: 27/30 -- Train Loss: 0.965 -- Validation Loss: 0.802 -- Validation ACC: 0.778 -- Validation F1: 0.778
2024-07-17,05:14:40 [INFO] Epoch: 28/30 -- Train Loss: 0.418 -- Validation Loss: 0.882 -- Validation ACC: 0.722 -- Validation F1: 0.737
2024-07-17,05:14:41 [INFO] Epoch: 29/30 -- Train Loss: 0.690 -- Validation Loss: 0.860 -- Validation ACC: 0.778 -- Validation F1: 0.778
2024-07-17,05:14:41 [INFO] Run 4/5: Average Over Last 6 epochs -- Valid ACC: 0.7407407407407408 -- Valid F1-score: 0.7350074648857117
2024-07-17,05:14:42 [INFO] Test Results of Run 4/5: -- Test Loss: 0.971 -- Test ACC: 0.748 -- Test F1: 0.820
2024-07-17,05:14:42 [INFO] Validation average after 5 runs -- ACC: 0.759 -- F1-score: 0.747
2024-07-17,05:14:42 [INFO] Test average after 5 runs -- ACC: 0.741 -- F1-score: 0.808
2024-07-17,05:14:42 [INFO] Finished round 3/10 of experiments!
2024-07-17,05:14:42 [INFO] Started round 4/10 of experiments!
2024-07-17,05:14:42 [INFO] Loading previous pretrained model at ./pretrained/GCN_Pretrained_2024-07-01-15-03-17.pth
2024-07-17,05:14:43 [INFO] Pretrained GNN on Source Dataset -- Test Loss: 1.048 -- Test ACC: 0.696 -- Test F1-score: 0.759
2024-07-17,05:14:44 [INFO] Pretrained GNN on Target Dataset Without Prompting: -- Validation Loss: 0.854 -- Validation ACC: 0.500 -- Validation F1-score: 0.571 -- Test Loss: 0.781 -- Test ACC: 0.713 -- Test F1-score: 0.784
2024-07-17,05:14:45 [INFO] Epoch: 0/30 -- Train Loss: 0.787 -- Validation Loss: 0.965 -- Validation ACC: 0.500 -- Validation F1: 0.571
2024-07-17,05:14:56 [INFO] Epoch: 10/30 -- Train Loss: 1.836 -- Validation Loss: 1.175 -- Validation ACC: 0.500 -- Validation F1: 0.571
2024-07-17,05:15:06 [INFO] Epoch: 20/30 -- Train Loss: 1.420 -- Validation Loss: 0.934 -- Validation ACC: 0.556 -- Validation F1: 0.600
2024-07-17,05:15:11 [INFO] Epoch: 24/30 -- Train Loss: 0.397 -- Validation Loss: 0.984 -- Validation ACC: 0.611 -- Validation F1: 0.632
2024-07-17,05:15:12 [INFO] Epoch: 25/30 -- Train Loss: 0.429 -- Validation Loss: 1.005 -- Validation ACC: 0.611 -- Validation F1: 0.632
2024-07-17,05:15:13 [INFO] Epoch: 26/30 -- Train Loss: 0.482 -- Validation Loss: 1.089 -- Validation ACC: 0.500 -- Validation F1: 0.571
2024-07-17,05:15:15 [INFO] Epoch: 27/30 -- Train Loss: 0.567 -- Validation Loss: 1.174 -- Validation ACC: 0.500 -- Validation F1: 0.571
2024-07-17,05:15:16 [INFO] Epoch: 28/30 -- Train Loss: 1.105 -- Validation Loss: 1.238 -- Validation ACC: 0.500 -- Validation F1: 0.571
2024-07-17,05:15:18 [INFO] Epoch: 29/30 -- Train Loss: 0.902 -- Validation Loss: 1.196 -- Validation ACC: 0.500 -- Validation F1: 0.571
2024-07-17,05:15:18 [INFO] Run 0/5: Average Over Last 6 epochs -- Valid ACC: 0.5370370370370371 -- Valid F1-score: 0.591478705406189
2024-07-17,05:15:18 [INFO] Test Results of Run 0/5: -- Test Loss: 0.879 -- Test ACC: 0.730 -- Test F1: 0.807
2024-07-17,05:15:19 [INFO] Epoch: 0/30 -- Train Loss: 1.465 -- Validation Loss: 0.721 -- Validation ACC: 0.611 -- Validation F1: 0.632
2024-07-17,05:15:29 [INFO] Epoch: 10/30 -- Train Loss: 0.604 -- Validation Loss: 1.128 -- Validation ACC: 0.500 -- Validation F1: 0.571
2024-07-17,05:15:39 [INFO] Epoch: 20/30 -- Train Loss: 0.474 -- Validation Loss: 0.876 -- Validation ACC: 0.611 -- Validation F1: 0.632
2024-07-17,05:15:44 [INFO] Epoch: 24/30 -- Train Loss: 0.796 -- Validation Loss: 0.841 -- Validation ACC: 0.667 -- Validation F1: 0.667
2024-07-17,05:15:45 [INFO] Epoch: 25/30 -- Train Loss: 0.492 -- Validation Loss: 1.047 -- Validation ACC: 0.500 -- Validation F1: 0.571
2024-07-17,05:15:46 [INFO] Epoch: 26/30 -- Train Loss: 0.520 -- Validation Loss: 1.338 -- Validation ACC: 0.500 -- Validation F1: 0.571
2024-07-17,05:15:48 [INFO] Epoch: 27/30 -- Train Loss: 0.366 -- Validation Loss: 1.507 -- Validation ACC: 0.500 -- Validation F1: 0.571
2024-07-17,05:15:49 [INFO] Epoch: 28/30 -- Train Loss: 0.462 -- Validation Loss: 1.680 -- Validation ACC: 0.444 -- Validation F1: 0.545
2024-07-17,05:15:50 [INFO] Epoch: 29/30 -- Train Loss: 0.429 -- Validation Loss: 1.764 -- Validation ACC: 0.444 -- Validation F1: 0.545
2024-07-17,05:15:50 [INFO] Run 1/5: Average Over Last 6 epochs -- Valid ACC: 0.5092592592592592 -- Valid F1-score: 0.5786436001459757
2024-07-17,05:15:51 [INFO] Test Results of Run 1/5: -- Test Loss: 1.189 -- Test ACC: 0.687 -- Test F1: 0.795
2024-07-17,05:15:52 [INFO] Epoch: 0/30 -- Train Loss: 0.635 -- Validation Loss: 1.141 -- Validation ACC: 0.500 -- Validation F1: 0.571
2024-07-17,05:16:02 [INFO] Epoch: 10/30 -- Train Loss: 0.749 -- Validation Loss: 0.742 -- Validation ACC: 0.611 -- Validation F1: 0.632
2024-07-17,05:16:13 [INFO] Epoch: 20/30 -- Train Loss: 0.357 -- Validation Loss: 1.032 -- Validation ACC: 0.500 -- Validation F1: 0.571
2024-07-17,05:16:17 [INFO] Epoch: 24/30 -- Train Loss: 1.350 -- Validation Loss: 1.088 -- Validation ACC: 0.500 -- Validation F1: 0.571
2024-07-17,05:16:18 [INFO] Epoch: 25/30 -- Train Loss: 0.647 -- Validation Loss: 1.024 -- Validation ACC: 0.500 -- Validation F1: 0.571
2024-07-17,05:16:19 [INFO] Epoch: 26/30 -- Train Loss: 0.395 -- Validation Loss: 0.968 -- Validation ACC: 0.500 -- Validation F1: 0.571
2024-07-17,05:16:20 [INFO] Epoch: 27/30 -- Train Loss: 0.514 -- Validation Loss: 0.947 -- Validation ACC: 0.556 -- Validation F1: 0.600
2024-07-17,05:16:21 [INFO] Epoch: 28/30 -- Train Loss: 0.346 -- Validation Loss: 0.870 -- Validation ACC: 0.611 -- Validation F1: 0.632
2024-07-17,05:16:23 [INFO] Epoch: 29/30 -- Train Loss: 1.193 -- Validation Loss: 0.787 -- Validation ACC: 0.667 -- Validation F1: 0.667
2024-07-17,05:16:23 [INFO] Run 2/5: Average Over Last 6 epochs -- Valid ACC: 0.5555555555555555 -- Valid F1-score: 0.6020885705947876
2024-07-17,05:16:23 [INFO] Test Results of Run 2/5: -- Test Loss: 0.767 -- Test ACC: 0.704 -- Test F1: 0.770
2024-07-17,05:16:24 [INFO] Epoch: 0/30 -- Train Loss: 0.482 -- Validation Loss: 0.624 -- Validation ACC: 0.611 -- Validation F1: 0.588
2024-07-17,05:16:34 [INFO] Epoch: 10/30 -- Train Loss: 0.499 -- Validation Loss: 1.023 -- Validation ACC: 0.500 -- Validation F1: 0.571
2024-07-17,05:16:45 [INFO] Epoch: 20/30 -- Train Loss: 0.991 -- Validation Loss: 0.948 -- Validation ACC: 0.556 -- Validation F1: 0.600
2024-07-17,05:16:49 [INFO] Epoch: 24/30 -- Train Loss: 0.700 -- Validation Loss: 1.154 -- Validation ACC: 0.500 -- Validation F1: 0.571
2024-07-17,05:16:50 [INFO] Epoch: 25/30 -- Train Loss: 0.696 -- Validation Loss: 1.180 -- Validation ACC: 0.500 -- Validation F1: 0.571
2024-07-17,05:16:51 [INFO] Epoch: 26/30 -- Train Loss: 1.602 -- Validation Loss: 1.057 -- Validation ACC: 0.500 -- Validation F1: 0.571
2024-07-17,05:16:52 [INFO] Epoch: 27/30 -- Train Loss: 0.380 -- Validation Loss: 0.871 -- Validation ACC: 0.556 -- Validation F1: 0.600
2024-07-17,05:16:54 [INFO] Epoch: 28/30 -- Train Loss: 1.674 -- Validation Loss: 0.864 -- Validation ACC: 0.556 -- Validation F1: 0.600
2024-07-17,05:16:55 [INFO] Epoch: 29/30 -- Train Loss: 0.874 -- Validation Loss: 0.842 -- Validation ACC: 0.556 -- Validation F1: 0.600
2024-07-17,05:16:55 [INFO] Run 3/5: Average Over Last 6 epochs -- Valid ACC: 0.5277777777777777 -- Valid F1-score: 0.5857143104076385
2024-07-17,05:16:55 [INFO] Test Results of Run 3/5: -- Test Loss: 0.779 -- Test ACC: 0.704 -- Test F1: 0.776
2024-07-17,05:16:57 [INFO] Epoch: 0/30 -- Train Loss: 0.509 -- Validation Loss: 0.822 -- Validation ACC: 0.667 -- Validation F1: 0.667
2024-07-17,05:17:07 [INFO] Epoch: 10/30 -- Train Loss: 0.357 -- Validation Loss: 1.228 -- Validation ACC: 0.500 -- Validation F1: 0.571
2024-07-17,05:17:17 [INFO] Epoch: 20/30 -- Train Loss: 1.168 -- Validation Loss: 0.718 -- Validation ACC: 0.667 -- Validation F1: 0.667
2024-07-17,05:17:21 [INFO] Epoch: 24/30 -- Train Loss: 0.698 -- Validation Loss: 0.932 -- Validation ACC: 0.500 -- Validation F1: 0.571
2024-07-17,05:17:23 [INFO] Epoch: 25/30 -- Train Loss: 0.388 -- Validation Loss: 1.060 -- Validation ACC: 0.500 -- Validation F1: 0.571
2024-07-17,05:17:24 [INFO] Epoch: 26/30 -- Train Loss: 0.382 -- Validation Loss: 1.352 -- Validation ACC: 0.444 -- Validation F1: 0.545
2024-07-17,05:17:25 [INFO] Epoch: 27/30 -- Train Loss: 0.401 -- Validation Loss: 1.557 -- Validation ACC: 0.444 -- Validation F1: 0.545
2024-07-17,05:17:27 [INFO] Epoch: 28/30 -- Train Loss: 0.512 -- Validation Loss: 1.512 -- Validation ACC: 0.444 -- Validation F1: 0.545
2024-07-17,05:17:28 [INFO] Epoch: 29/30 -- Train Loss: 0.585 -- Validation Loss: 1.379 -- Validation ACC: 0.444 -- Validation F1: 0.545
2024-07-17,05:17:28 [INFO] Run 4/5: Average Over Last 6 epochs -- Valid ACC: 0.46296296296296297 -- Valid F1-score: 0.5541125734647115
2024-07-17,05:17:28 [INFO] Test Results of Run 4/5: -- Test Loss: 1.002 -- Test ACC: 0.722 -- Test F1: 0.812
2024-07-17,05:17:28 [INFO] Validation average after 5 runs -- ACC: 0.519 -- F1-score: 0.582
2024-07-17,05:17:28 [INFO] Test average after 5 runs -- ACC: 0.710 -- F1-score: 0.792
2024-07-17,05:17:28 [INFO] Finished round 4/10 of experiments!
2024-07-17,05:17:28 [INFO] Started round 5/10 of experiments!
2024-07-17,05:17:29 [INFO] Setting for pretraining: Model: {'gnn_type': 'gcn', 'in_channels': 56, 'hidden_channels': 512, 'out_channels': 2, 'num_layers': 3, 'dropout': 0.4, 'with_bn': False, 'with_head': True} -- Optimizer: {'lr': 0.01, 'scheduler_step_size': 50, 'scheduler_gamma': 0.5, 'weight_decay': 0.0} -- Training: {'n_epochs': 100}
2024-07-17,05:17:29 [INFO] Loading previous pretrained model at ./pretrained/GCN_Pretrained_2024-07-01-15-05-37.pth
2024-07-17,05:17:29 [INFO] Prompting method: flex_match -- Setting: Prompting function: gpf_plus -- Target Dataset: DHFR
2024-07-17,05:17:29 [INFO] Setting for prompt tuning: Prompt: {'emb_dim': 56, 'h_dim': 512, 'output_dim': 56, 'prompt_fn': 'gpf_plus', 'token_num': 50, 'cross_prune': 0.8, 'inner_prune': 0.3, 'attn_with_param': False} -- Pretrained Model: {'gnn_type': 'gcn', 'in_channels': 56, 'hidden_channels': 512, 'out_channels': 2, 'num_layers': 3, 'dropout': 0.4, 'with_bn': False, 'with_head': True} -- Optimizer: {'lr': 0.01, 'scheduler_step_size': 50, 'scheduler_gamma': 0.5, 'weight_decay': 0.1} -- Training: {'aug_type': 'feature', 'pos_aug_mode': 'mask', 'p_raug': 0.15, 'n_epochs': 30, 'r_reg': 0.0, 'soft_label': False, 'clutering_iters': 3, 'iterative_clustering': False, 'entropy_div_ratio': 3, 'w_entropy_loss': 0.0, 'w_softmax_loss': 0.0, 'w_domain_loss': 0.5, 'light_aug_prob': 0.1, 'light_aug_mode': 'mask', 'num_classes': 2, 'cut_off': 0.5}
2024-07-17,05:17:29 [INFO] Prompt tuning started: Num runs: 5 -- Eval step: 10
2024-07-17,05:17:29 [INFO] Pretrained GNN on Source Dataset -- Test Loss: 0.768 -- Test ACC: 0.687 -- Test F1-score: 0.684
2024-07-17,05:17:30 [INFO] Pretrained GNN on Target Dataset Without Prompting: -- Validation Loss: 0.232 -- Validation ACC: 0.889 -- Validation F1-score: 0.900 -- Test Loss: 0.871 -- Test ACC: 0.722 -- Test F1-score: 0.754
2024-07-17,05:17:31 [INFO] Epoch: 0/30 -- Train Loss: 0.362 -- Validation Loss: 0.278 -- Validation ACC: 0.889 -- Validation F1: 0.909
2024-07-17,05:17:41 [INFO] Epoch: 10/30 -- Train Loss: 0.689 -- Validation Loss: 0.250 -- Validation ACC: 0.833 -- Validation F1: 0.842
2024-07-17,05:17:51 [INFO] Epoch: 20/30 -- Train Loss: 0.359 -- Validation Loss: 0.256 -- Validation ACC: 0.833 -- Validation F1: 0.824
2024-07-17,05:17:55 [INFO] Epoch: 24/30 -- Train Loss: 0.392 -- Validation Loss: 0.257 -- Validation ACC: 0.833 -- Validation F1: 0.824
2024-07-17,05:17:56 [INFO] Epoch: 25/30 -- Train Loss: 0.892 -- Validation Loss: 0.233 -- Validation ACC: 0.889 -- Validation F1: 0.900
2024-07-17,05:17:57 [INFO] Epoch: 26/30 -- Train Loss: 1.023 -- Validation Loss: 0.230 -- Validation ACC: 0.889 -- Validation F1: 0.900
2024-07-17,05:17:58 [INFO] Epoch: 27/30 -- Train Loss: 0.432 -- Validation Loss: 0.230 -- Validation ACC: 0.889 -- Validation F1: 0.900
2024-07-17,05:18:00 [INFO] Epoch: 28/30 -- Train Loss: 0.382 -- Validation Loss: 0.236 -- Validation ACC: 0.889 -- Validation F1: 0.900
2024-07-17,05:18:01 [INFO] Epoch: 29/30 -- Train Loss: 0.717 -- Validation Loss: 0.238 -- Validation ACC: 0.889 -- Validation F1: 0.900
2024-07-17,05:18:01 [INFO] Run 0/5: Average Over Last 6 epochs -- Valid ACC: 0.8796296296296298 -- Valid F1-score: 0.8872548838456472
2024-07-17,05:18:02 [INFO] Test Results of Run 0/5: -- Test Loss: 0.897 -- Test ACC: 0.713 -- Test F1: 0.756
2024-07-17,05:18:03 [INFO] Epoch: 0/30 -- Train Loss: 0.738 -- Validation Loss: 0.234 -- Validation ACC: 0.889 -- Validation F1: 0.900
2024-07-17,05:18:13 [INFO] Epoch: 10/30 -- Train Loss: 0.957 -- Validation Loss: 0.237 -- Validation ACC: 0.833 -- Validation F1: 0.842
2024-07-17,05:18:24 [INFO] Epoch: 20/30 -- Train Loss: 0.353 -- Validation Loss: 0.302 -- Validation ACC: 0.778 -- Validation F1: 0.750
2024-07-17,05:18:28 [INFO] Epoch: 24/30 -- Train Loss: 0.637 -- Validation Loss: 0.264 -- Validation ACC: 0.833 -- Validation F1: 0.824
2024-07-17,05:18:30 [INFO] Epoch: 25/30 -- Train Loss: 0.659 -- Validation Loss: 0.257 -- Validation ACC: 0.778 -- Validation F1: 0.778
2024-07-17,05:18:31 [INFO] Epoch: 26/30 -- Train Loss: 0.747 -- Validation Loss: 0.258 -- Validation ACC: 0.778 -- Validation F1: 0.778
2024-07-17,05:18:32 [INFO] Epoch: 27/30 -- Train Loss: 0.500 -- Validation Loss: 0.283 -- Validation ACC: 0.778 -- Validation F1: 0.750
2024-07-17,05:18:33 [INFO] Epoch: 28/30 -- Train Loss: 0.874 -- Validation Loss: 0.301 -- Validation ACC: 0.778 -- Validation F1: 0.750
2024-07-17,05:18:34 [INFO] Epoch: 29/30 -- Train Loss: 0.635 -- Validation Loss: 0.307 -- Validation ACC: 0.778 -- Validation F1: 0.750
2024-07-17,05:18:34 [INFO] Run 1/5: Average Over Last 6 epochs -- Valid ACC: 0.7870370370370371 -- Valid F1-score: 0.7715141673882803
2024-07-17,05:18:35 [INFO] Test Results of Run 1/5: -- Test Loss: 0.870 -- Test ACC: 0.678 -- Test F1: 0.694
2024-07-17,05:18:36 [INFO] Epoch: 0/30 -- Train Loss: 0.526 -- Validation Loss: 0.257 -- Validation ACC: 0.833 -- Validation F1: 0.824
2024-07-17,05:18:46 [INFO] Epoch: 10/30 -- Train Loss: 0.787 -- Validation Loss: 0.253 -- Validation ACC: 0.833 -- Validation F1: 0.842
2024-07-17,05:18:57 [INFO] Epoch: 20/30 -- Train Loss: 0.388 -- Validation Loss: 0.231 -- Validation ACC: 0.889 -- Validation F1: 0.900
2024-07-17,05:19:01 [INFO] Epoch: 24/30 -- Train Loss: 1.628 -- Validation Loss: 0.242 -- Validation ACC: 0.889 -- Validation F1: 0.900
2024-07-17,05:19:02 [INFO] Epoch: 25/30 -- Train Loss: 0.402 -- Validation Loss: 0.229 -- Validation ACC: 0.889 -- Validation F1: 0.900
2024-07-17,05:19:03 [INFO] Epoch: 26/30 -- Train Loss: 0.585 -- Validation Loss: 0.227 -- Validation ACC: 0.889 -- Validation F1: 0.900
2024-07-17,05:19:05 [INFO] Epoch: 27/30 -- Train Loss: 0.549 -- Validation Loss: 0.227 -- Validation ACC: 0.889 -- Validation F1: 0.900
2024-07-17,05:19:06 [INFO] Epoch: 28/30 -- Train Loss: 0.693 -- Validation Loss: 0.231 -- Validation ACC: 0.889 -- Validation F1: 0.900
2024-07-17,05:19:07 [INFO] Epoch: 29/30 -- Train Loss: 0.347 -- Validation Loss: 0.242 -- Validation ACC: 0.889 -- Validation F1: 0.900
2024-07-17,05:19:07 [INFO] Run 2/5: Average Over Last 6 epochs -- Valid ACC: 0.888888888888889 -- Valid F1-score: 0.8999999761581421
2024-07-17,05:19:08 [INFO] Test Results of Run 2/5: -- Test Loss: 0.878 -- Test ACC: 0.713 -- Test F1: 0.744
2024-07-17,05:19:09 [INFO] Epoch: 0/30 -- Train Loss: 1.111 -- Validation Loss: 0.231 -- Validation ACC: 0.889 -- Validation F1: 0.900
2024-07-17,05:19:19 [INFO] Epoch: 10/30 -- Train Loss: 0.442 -- Validation Loss: 0.256 -- Validation ACC: 0.833 -- Validation F1: 0.824
2024-07-17,05:19:30 [INFO] Epoch: 20/30 -- Train Loss: 0.453 -- Validation Loss: 0.245 -- Validation ACC: 0.889 -- Validation F1: 0.889
2024-07-17,05:19:34 [INFO] Epoch: 24/30 -- Train Loss: 0.744 -- Validation Loss: 0.240 -- Validation ACC: 0.833 -- Validation F1: 0.842
2024-07-17,05:19:35 [INFO] Epoch: 25/30 -- Train Loss: 0.348 -- Validation Loss: 0.238 -- Validation ACC: 0.889 -- Validation F1: 0.900
2024-07-17,05:19:36 [INFO] Epoch: 26/30 -- Train Loss: 0.916 -- Validation Loss: 0.236 -- Validation ACC: 0.889 -- Validation F1: 0.900
2024-07-17,05:19:38 [INFO] Epoch: 27/30 -- Train Loss: 0.373 -- Validation Loss: 0.237 -- Validation ACC: 0.889 -- Validation F1: 0.900
2024-07-17,05:19:39 [INFO] Epoch: 28/30 -- Train Loss: 0.584 -- Validation Loss: 0.242 -- Validation ACC: 0.889 -- Validation F1: 0.900
2024-07-17,05:19:40 [INFO] Epoch: 29/30 -- Train Loss: 0.651 -- Validation Loss: 0.250 -- Validation ACC: 0.889 -- Validation F1: 0.900
2024-07-17,05:19:40 [INFO] Run 3/5: Average Over Last 6 epochs -- Valid ACC: 0.8796296296296298 -- Valid F1-score: 0.890350858370463
2024-07-17,05:19:41 [INFO] Test Results of Run 3/5: -- Test Loss: 0.904 -- Test ACC: 0.722 -- Test F1: 0.768
2024-07-17,05:19:42 [INFO] Epoch: 0/30 -- Train Loss: 1.029 -- Validation Loss: 0.271 -- Validation ACC: 0.778 -- Validation F1: 0.750
2024-07-17,05:19:52 [INFO] Epoch: 10/30 -- Train Loss: 1.475 -- Validation Loss: 0.258 -- Validation ACC: 0.778 -- Validation F1: 0.778
2024-07-17,05:20:03 [INFO] Epoch: 20/30 -- Train Loss: 0.643 -- Validation Loss: 0.245 -- Validation ACC: 0.889 -- Validation F1: 0.900
2024-07-17,05:20:08 [INFO] Epoch: 24/30 -- Train Loss: 0.436 -- Validation Loss: 0.245 -- Validation ACC: 0.889 -- Validation F1: 0.900
2024-07-17,05:20:09 [INFO] Epoch: 25/30 -- Train Loss: 0.802 -- Validation Loss: 0.242 -- Validation ACC: 0.889 -- Validation F1: 0.900
2024-07-17,05:20:10 [INFO] Epoch: 26/30 -- Train Loss: 0.633 -- Validation Loss: 0.238 -- Validation ACC: 0.889 -- Validation F1: 0.900
2024-07-17,05:20:12 [INFO] Epoch: 27/30 -- Train Loss: 1.357 -- Validation Loss: 0.270 -- Validation ACC: 0.833 -- Validation F1: 0.824
2024-07-17,05:20:13 [INFO] Epoch: 28/30 -- Train Loss: 0.659 -- Validation Loss: 0.279 -- Validation ACC: 0.778 -- Validation F1: 0.750
2024-07-17,05:20:14 [INFO] Epoch: 29/30 -- Train Loss: 0.885 -- Validation Loss: 0.267 -- Validation ACC: 0.833 -- Validation F1: 0.824
2024-07-17,05:20:14 [INFO] Run 4/5: Average Over Last 6 epochs -- Valid ACC: 0.8518518518518517 -- Valid F1-score: 0.8495097955067953
2024-07-17,05:20:14 [INFO] Test Results of Run 4/5: -- Test Loss: 0.868 -- Test ACC: 0.670 -- Test F1: 0.694
2024-07-17,05:20:14 [INFO] Validation average after 5 runs -- ACC: 0.857 -- F1-score: 0.860
2024-07-17,05:20:14 [INFO] Test average after 5 runs -- ACC: 0.699 -- F1-score: 0.731
2024-07-17,05:20:14 [INFO] Finished round 5/10 of experiments!
2024-07-17,05:20:14 [INFO] Started round 6/10 of experiments!
2024-07-17,05:20:15 [INFO] Loading previous pretrained model at ./pretrained/GCN_Pretrained_2024-07-01-15-07-56.pth
2024-07-17,05:20:15 [INFO] Pretrained GNN on Source Dataset -- Test Loss: 0.661 -- Test ACC: 0.626 -- Test F1-score: 0.770
2024-07-17,05:20:16 [INFO] Pretrained GNN on Target Dataset Without Prompting: -- Validation Loss: 0.641 -- Validation ACC: 0.667 -- Validation F1-score: 0.800 -- Test Loss: 0.687 -- Test ACC: 0.574 -- Test F1-score: 0.729
2024-07-17,05:20:17 [INFO] Epoch: 0/30 -- Train Loss: 0.927 -- Validation Loss: 0.641 -- Validation ACC: 0.667 -- Validation F1: 0.800
2024-07-17,05:20:27 [INFO] Epoch: 10/30 -- Train Loss: 0.925 -- Validation Loss: 0.641 -- Validation ACC: 0.667 -- Validation F1: 0.800
2024-07-17,05:20:38 [INFO] Epoch: 20/30 -- Train Loss: 0.925 -- Validation Loss: 0.641 -- Validation ACC: 0.667 -- Validation F1: 0.800
2024-07-17,05:20:42 [INFO] Epoch: 24/30 -- Train Loss: 0.925 -- Validation Loss: 0.641 -- Validation ACC: 0.667 -- Validation F1: 0.800
2024-07-17,05:20:44 [INFO] Epoch: 25/30 -- Train Loss: 0.925 -- Validation Loss: 0.641 -- Validation ACC: 0.667 -- Validation F1: 0.800
2024-07-17,05:20:45 [INFO] Epoch: 26/30 -- Train Loss: 0.925 -- Validation Loss: 0.641 -- Validation ACC: 0.667 -- Validation F1: 0.800
2024-07-17,05:20:46 [INFO] Epoch: 27/30 -- Train Loss: 0.925 -- Validation Loss: 0.641 -- Validation ACC: 0.667 -- Validation F1: 0.800
2024-07-17,05:20:48 [INFO] Epoch: 28/30 -- Train Loss: 0.925 -- Validation Loss: 0.641 -- Validation ACC: 0.667 -- Validation F1: 0.800
2024-07-17,05:20:49 [INFO] Epoch: 29/30 -- Train Loss: 0.925 -- Validation Loss: 0.641 -- Validation ACC: 0.667 -- Validation F1: 0.800
2024-07-17,05:20:49 [INFO] Run 0/5: Average Over Last 6 epochs -- Valid ACC: 0.6666666666666666 -- Valid F1-score: 0.800000011920929
2024-07-17,05:20:49 [INFO] Test Results of Run 0/5: -- Test Loss: 0.687 -- Test ACC: 0.574 -- Test F1: 0.729
2024-07-17,05:20:50 [INFO] Epoch: 0/30 -- Train Loss: 0.927 -- Validation Loss: 0.641 -- Validation ACC: 0.667 -- Validation F1: 0.800
2024-07-17,05:21:00 [INFO] Epoch: 10/30 -- Train Loss: 0.925 -- Validation Loss: 0.641 -- Validation ACC: 0.667 -- Validation F1: 0.800
2024-07-17,05:21:11 [INFO] Epoch: 20/30 -- Train Loss: 0.925 -- Validation Loss: 0.641 -- Validation ACC: 0.667 -- Validation F1: 0.800
2024-07-17,05:21:15 [INFO] Epoch: 24/30 -- Train Loss: 0.925 -- Validation Loss: 0.641 -- Validation ACC: 0.667 -- Validation F1: 0.800
2024-07-17,05:21:16 [INFO] Epoch: 25/30 -- Train Loss: 0.925 -- Validation Loss: 0.641 -- Validation ACC: 0.667 -- Validation F1: 0.800
2024-07-17,05:21:17 [INFO] Epoch: 26/30 -- Train Loss: 0.925 -- Validation Loss: 0.641 -- Validation ACC: 0.667 -- Validation F1: 0.800
2024-07-17,05:21:19 [INFO] Epoch: 27/30 -- Train Loss: 0.925 -- Validation Loss: 0.641 -- Validation ACC: 0.667 -- Validation F1: 0.800
2024-07-17,05:21:20 [INFO] Epoch: 28/30 -- Train Loss: 0.925 -- Validation Loss: 0.641 -- Validation ACC: 0.667 -- Validation F1: 0.800
2024-07-17,05:21:21 [INFO] Epoch: 29/30 -- Train Loss: 0.925 -- Validation Loss: 0.641 -- Validation ACC: 0.667 -- Validation F1: 0.800
2024-07-17,05:21:21 [INFO] Run 1/5: Average Over Last 6 epochs -- Valid ACC: 0.6666666666666666 -- Valid F1-score: 0.800000011920929
2024-07-17,05:21:22 [INFO] Test Results of Run 1/5: -- Test Loss: 0.687 -- Test ACC: 0.574 -- Test F1: 0.729
2024-07-17,05:21:23 [INFO] Epoch: 0/30 -- Train Loss: 0.927 -- Validation Loss: 0.641 -- Validation ACC: 0.667 -- Validation F1: 0.800
2024-07-17,05:21:33 [INFO] Epoch: 10/30 -- Train Loss: 0.925 -- Validation Loss: 0.641 -- Validation ACC: 0.667 -- Validation F1: 0.800
2024-07-17,05:21:43 [INFO] Epoch: 20/30 -- Train Loss: 0.925 -- Validation Loss: 0.641 -- Validation ACC: 0.667 -- Validation F1: 0.800
2024-07-17,05:21:47 [INFO] Epoch: 24/30 -- Train Loss: 0.925 -- Validation Loss: 0.641 -- Validation ACC: 0.667 -- Validation F1: 0.800
2024-07-17,05:21:49 [INFO] Epoch: 25/30 -- Train Loss: 0.925 -- Validation Loss: 0.641 -- Validation ACC: 0.667 -- Validation F1: 0.800
2024-07-17,05:21:50 [INFO] Epoch: 26/30 -- Train Loss: 0.925 -- Validation Loss: 0.641 -- Validation ACC: 0.667 -- Validation F1: 0.800
2024-07-17,05:21:51 [INFO] Epoch: 27/30 -- Train Loss: 0.925 -- Validation Loss: 0.641 -- Validation ACC: 0.667 -- Validation F1: 0.800
2024-07-17,05:21:52 [INFO] Epoch: 28/30 -- Train Loss: 0.925 -- Validation Loss: 0.641 -- Validation ACC: 0.667 -- Validation F1: 0.800
2024-07-17,05:21:54 [INFO] Epoch: 29/30 -- Train Loss: 0.925 -- Validation Loss: 0.641 -- Validation ACC: 0.667 -- Validation F1: 0.800
2024-07-17,05:21:54 [INFO] Run 2/5: Average Over Last 6 epochs -- Valid ACC: 0.6666666666666666 -- Valid F1-score: 0.800000011920929
2024-07-17,05:21:55 [INFO] Test Results of Run 2/5: -- Test Loss: 0.687 -- Test ACC: 0.574 -- Test F1: 0.729
2024-07-17,05:21:56 [INFO] Epoch: 0/30 -- Train Loss: 0.927 -- Validation Loss: 0.641 -- Validation ACC: 0.667 -- Validation F1: 0.800
2024-07-17,05:22:06 [INFO] Epoch: 10/30 -- Train Loss: 0.925 -- Validation Loss: 0.641 -- Validation ACC: 0.667 -- Validation F1: 0.800
2024-07-17,05:22:16 [INFO] Epoch: 20/30 -- Train Loss: 0.925 -- Validation Loss: 0.641 -- Validation ACC: 0.667 -- Validation F1: 0.800
2024-07-17,05:22:20 [INFO] Epoch: 24/30 -- Train Loss: 0.925 -- Validation Loss: 0.641 -- Validation ACC: 0.667 -- Validation F1: 0.800
2024-07-17,05:22:22 [INFO] Epoch: 25/30 -- Train Loss: 0.925 -- Validation Loss: 0.641 -- Validation ACC: 0.667 -- Validation F1: 0.800
2024-07-17,05:22:23 [INFO] Epoch: 26/30 -- Train Loss: 0.925 -- Validation Loss: 0.641 -- Validation ACC: 0.667 -- Validation F1: 0.800
2024-07-17,05:22:25 [INFO] Epoch: 27/30 -- Train Loss: 0.925 -- Validation Loss: 0.641 -- Validation ACC: 0.667 -- Validation F1: 0.800
2024-07-17,05:22:26 [INFO] Epoch: 28/30 -- Train Loss: 0.925 -- Validation Loss: 0.641 -- Validation ACC: 0.667 -- Validation F1: 0.800
2024-07-17,05:22:28 [INFO] Epoch: 29/30 -- Train Loss: 0.925 -- Validation Loss: 0.641 -- Validation ACC: 0.667 -- Validation F1: 0.800
2024-07-17,05:22:28 [INFO] Run 3/5: Average Over Last 6 epochs -- Valid ACC: 0.6666666666666666 -- Valid F1-score: 0.800000011920929
2024-07-17,05:22:28 [INFO] Test Results of Run 3/5: -- Test Loss: 0.687 -- Test ACC: 0.574 -- Test F1: 0.729
2024-07-17,05:22:29 [INFO] Epoch: 0/30 -- Train Loss: 0.927 -- Validation Loss: 0.641 -- Validation ACC: 0.667 -- Validation F1: 0.800
2024-07-17,05:22:39 [INFO] Epoch: 10/30 -- Train Loss: 0.925 -- Validation Loss: 0.641 -- Validation ACC: 0.667 -- Validation F1: 0.800
2024-07-17,05:22:48 [INFO] Epoch: 20/30 -- Train Loss: 0.925 -- Validation Loss: 0.641 -- Validation ACC: 0.667 -- Validation F1: 0.800
2024-07-17,05:22:53 [INFO] Epoch: 24/30 -- Train Loss: 0.925 -- Validation Loss: 0.641 -- Validation ACC: 0.667 -- Validation F1: 0.800
2024-07-17,05:22:55 [INFO] Epoch: 25/30 -- Train Loss: 0.925 -- Validation Loss: 0.641 -- Validation ACC: 0.667 -- Validation F1: 0.800
2024-07-17,05:22:56 [INFO] Epoch: 26/30 -- Train Loss: 0.925 -- Validation Loss: 0.641 -- Validation ACC: 0.667 -- Validation F1: 0.800
2024-07-17,05:22:57 [INFO] Epoch: 27/30 -- Train Loss: 0.925 -- Validation Loss: 0.641 -- Validation ACC: 0.667 -- Validation F1: 0.800
2024-07-17,05:22:58 [INFO] Epoch: 28/30 -- Train Loss: 0.925 -- Validation Loss: 0.641 -- Validation ACC: 0.667 -- Validation F1: 0.800
2024-07-17,05:23:00 [INFO] Epoch: 29/30 -- Train Loss: 0.925 -- Validation Loss: 0.641 -- Validation ACC: 0.667 -- Validation F1: 0.800
2024-07-17,05:23:00 [INFO] Run 4/5: Average Over Last 6 epochs -- Valid ACC: 0.6666666666666666 -- Valid F1-score: 0.800000011920929
2024-07-17,05:23:00 [INFO] Test Results of Run 4/5: -- Test Loss: 0.687 -- Test ACC: 0.574 -- Test F1: 0.729
2024-07-17,05:23:00 [INFO] Validation average after 5 runs -- ACC: 0.667 -- F1-score: 0.800
2024-07-17,05:23:00 [INFO] Test average after 5 runs -- ACC: 0.574 -- F1-score: 0.729
2024-07-17,05:23:00 [INFO] Finished round 6/10 of experiments!
2024-07-17,05:23:00 [INFO] Started round 7/10 of experiments!
2024-07-17,05:23:01 [INFO] Loading previous pretrained model at ./pretrained/GCN_Pretrained_2024-07-01-15-10-20.pth
2024-07-17,05:23:01 [INFO] Pretrained GNN on Source Dataset -- Test Loss: 0.642 -- Test ACC: 0.670 -- Test F1-score: 0.708
2024-07-17,05:23:02 [INFO] Pretrained GNN on Target Dataset Without Prompting: -- Validation Loss: 0.357 -- Validation ACC: 0.833 -- Validation F1-score: 0.870 -- Test Loss: 0.708 -- Test ACC: 0.609 -- Test F1-score: 0.640
2024-07-17,05:23:03 [INFO] Epoch: 0/30 -- Train Loss: 0.776 -- Validation Loss: 0.352 -- Validation ACC: 0.833 -- Validation F1: 0.870
2024-07-17,05:23:13 [INFO] Epoch: 10/30 -- Train Loss: 0.890 -- Validation Loss: 0.325 -- Validation ACC: 0.833 -- Validation F1: 0.870
2024-07-17,05:23:24 [INFO] Epoch: 20/30 -- Train Loss: 0.774 -- Validation Loss: 0.335 -- Validation ACC: 0.833 -- Validation F1: 0.870
2024-07-17,05:23:29 [INFO] Epoch: 24/30 -- Train Loss: 0.498 -- Validation Loss: 0.327 -- Validation ACC: 0.833 -- Validation F1: 0.870
2024-07-17,05:23:30 [INFO] Epoch: 25/30 -- Train Loss: 0.618 -- Validation Loss: 0.292 -- Validation ACC: 0.833 -- Validation F1: 0.880
2024-07-17,05:23:32 [INFO] Epoch: 26/30 -- Train Loss: 1.484 -- Validation Loss: 0.289 -- Validation ACC: 0.833 -- Validation F1: 0.880
2024-07-17,05:23:33 [INFO] Epoch: 27/30 -- Train Loss: 0.547 -- Validation Loss: 0.292 -- Validation ACC: 0.833 -- Validation F1: 0.880
2024-07-17,05:23:34 [INFO] Epoch: 28/30 -- Train Loss: 0.906 -- Validation Loss: 0.310 -- Validation ACC: 0.833 -- Validation F1: 0.870
2024-07-17,05:23:35 [INFO] Epoch: 29/30 -- Train Loss: 0.755 -- Validation Loss: 0.321 -- Validation ACC: 0.833 -- Validation F1: 0.870
2024-07-17,05:23:35 [INFO] Run 0/5: Average Over Last 6 epochs -- Valid ACC: 0.8333333333333334 -- Valid F1-score: 0.8747825920581818
2024-07-17,05:23:36 [INFO] Test Results of Run 0/5: -- Test Loss: 0.709 -- Test ACC: 0.626 -- Test F1: 0.667
2024-07-17,05:23:37 [INFO] Epoch: 0/30 -- Train Loss: 1.022 -- Validation Loss: 0.320 -- Validation ACC: 0.833 -- Validation F1: 0.870
2024-07-17,05:23:47 [INFO] Epoch: 10/30 -- Train Loss: 0.377 -- Validation Loss: 0.384 -- Validation ACC: 0.778 -- Validation F1: 0.818
2024-07-17,05:23:57 [INFO] Epoch: 20/30 -- Train Loss: 0.405 -- Validation Loss: 0.288 -- Validation ACC: 0.833 -- Validation F1: 0.880
2024-07-17,05:24:01 [INFO] Epoch: 24/30 -- Train Loss: 0.593 -- Validation Loss: 0.297 -- Validation ACC: 0.833 -- Validation F1: 0.870
2024-07-17,05:24:02 [INFO] Epoch: 25/30 -- Train Loss: 1.030 -- Validation Loss: 0.298 -- Validation ACC: 0.833 -- Validation F1: 0.870
2024-07-17,05:24:03 [INFO] Epoch: 26/30 -- Train Loss: 1.331 -- Validation Loss: 0.323 -- Validation ACC: 0.833 -- Validation F1: 0.870
2024-07-17,05:24:04 [INFO] Epoch: 27/30 -- Train Loss: 1.043 -- Validation Loss: 0.364 -- Validation ACC: 0.833 -- Validation F1: 0.870
2024-07-17,05:24:06 [INFO] Epoch: 28/30 -- Train Loss: 0.709 -- Validation Loss: 0.364 -- Validation ACC: 0.833 -- Validation F1: 0.870
2024-07-17,05:24:07 [INFO] Epoch: 29/30 -- Train Loss: 1.148 -- Validation Loss: 0.341 -- Validation ACC: 0.833 -- Validation F1: 0.870
2024-07-17,05:24:07 [INFO] Run 1/5: Average Over Last 6 epochs -- Valid ACC: 0.8333333333333334 -- Valid F1-score: 0.8695651888847351
2024-07-17,05:24:08 [INFO] Test Results of Run 1/5: -- Test Loss: 0.703 -- Test ACC: 0.609 -- Test F1: 0.640
2024-07-17,05:24:09 [INFO] Epoch: 0/30 -- Train Loss: 0.631 -- Validation Loss: 0.342 -- Validation ACC: 0.778 -- Validation F1: 0.833
2024-07-17,05:24:19 [INFO] Epoch: 10/30 -- Train Loss: 0.802 -- Validation Loss: 0.350 -- Validation ACC: 0.833 -- Validation F1: 0.870
2024-07-17,05:24:30 [INFO] Epoch: 20/30 -- Train Loss: 0.806 -- Validation Loss: 0.369 -- Validation ACC: 0.778 -- Validation F1: 0.818
2024-07-17,05:24:35 [INFO] Epoch: 24/30 -- Train Loss: 0.375 -- Validation Loss: 0.289 -- Validation ACC: 0.833 -- Validation F1: 0.880
2024-07-17,05:24:36 [INFO] Epoch: 25/30 -- Train Loss: 0.463 -- Validation Loss: 0.287 -- Validation ACC: 0.833 -- Validation F1: 0.880
2024-07-17,05:24:38 [INFO] Epoch: 26/30 -- Train Loss: 0.961 -- Validation Loss: 0.284 -- Validation ACC: 0.833 -- Validation F1: 0.880
2024-07-17,05:24:39 [INFO] Epoch: 27/30 -- Train Loss: 0.871 -- Validation Loss: 0.282 -- Validation ACC: 0.833 -- Validation F1: 0.880
2024-07-17,05:24:41 [INFO] Epoch: 28/30 -- Train Loss: 0.600 -- Validation Loss: 0.279 -- Validation ACC: 0.889 -- Validation F1: 0.923
2024-07-17,05:24:42 [INFO] Epoch: 29/30 -- Train Loss: 1.186 -- Validation Loss: 0.277 -- Validation ACC: 0.889 -- Validation F1: 0.923
2024-07-17,05:24:42 [INFO] Run 2/5: Average Over Last 6 epochs -- Valid ACC: 0.8518518518518517 -- Valid F1-score: 0.8943589727083842
2024-07-17,05:24:43 [INFO] Test Results of Run 2/5: -- Test Loss: 0.785 -- Test ACC: 0.600 -- Test F1: 0.689
2024-07-17,05:24:44 [INFO] Epoch: 0/30 -- Train Loss: 0.780 -- Validation Loss: 0.417 -- Validation ACC: 0.778 -- Validation F1: 0.818
2024-07-17,05:24:54 [INFO] Epoch: 10/30 -- Train Loss: 0.957 -- Validation Loss: 0.275 -- Validation ACC: 0.889 -- Validation F1: 0.923
2024-07-17,05:25:04 [INFO] Epoch: 20/30 -- Train Loss: 0.661 -- Validation Loss: 0.280 -- Validation ACC: 0.833 -- Validation F1: 0.880
2024-07-17,05:25:08 [INFO] Epoch: 24/30 -- Train Loss: 0.451 -- Validation Loss: 0.337 -- Validation ACC: 0.833 -- Validation F1: 0.870
2024-07-17,05:25:10 [INFO] Epoch: 25/30 -- Train Loss: 0.567 -- Validation Loss: 0.340 -- Validation ACC: 0.833 -- Validation F1: 0.870
2024-07-17,05:25:11 [INFO] Epoch: 26/30 -- Train Loss: 0.797 -- Validation Loss: 0.360 -- Validation ACC: 0.778 -- Validation F1: 0.818
2024-07-17,05:25:13 [INFO] Epoch: 27/30 -- Train Loss: 0.859 -- Validation Loss: 0.364 -- Validation ACC: 0.778 -- Validation F1: 0.818
2024-07-17,05:25:14 [INFO] Epoch: 28/30 -- Train Loss: 1.168 -- Validation Loss: 0.356 -- Validation ACC: 0.833 -- Validation F1: 0.870
2024-07-17,05:25:15 [INFO] Epoch: 29/30 -- Train Loss: 0.986 -- Validation Loss: 0.356 -- Validation ACC: 0.833 -- Validation F1: 0.870
2024-07-17,05:25:15 [INFO] Run 3/5: Average Over Last 6 epochs -- Valid ACC: 0.8148148148148148 -- Valid F1-score: 0.8524373968442281
2024-07-17,05:25:16 [INFO] Test Results of Run 3/5: -- Test Loss: 0.707 -- Test ACC: 0.626 -- Test F1: 0.661
2024-07-17,05:25:17 [INFO] Epoch: 0/30 -- Train Loss: 1.104 -- Validation Loss: 0.344 -- Validation ACC: 0.833 -- Validation F1: 0.870
2024-07-17,05:25:27 [INFO] Epoch: 10/30 -- Train Loss: 1.267 -- Validation Loss: 0.280 -- Validation ACC: 0.833 -- Validation F1: 0.880
2024-07-17,05:25:37 [INFO] Epoch: 20/30 -- Train Loss: 0.758 -- Validation Loss: 0.299 -- Validation ACC: 0.833 -- Validation F1: 0.880
2024-07-17,05:25:41 [INFO] Epoch: 24/30 -- Train Loss: 0.904 -- Validation Loss: 0.311 -- Validation ACC: 0.833 -- Validation F1: 0.870
2024-07-17,05:25:42 [INFO] Epoch: 25/30 -- Train Loss: 0.775 -- Validation Loss: 0.328 -- Validation ACC: 0.833 -- Validation F1: 0.870
2024-07-17,05:25:43 [INFO] Epoch: 26/30 -- Train Loss: 0.944 -- Validation Loss: 0.348 -- Validation ACC: 0.833 -- Validation F1: 0.870
2024-07-17,05:25:45 [INFO] Epoch: 27/30 -- Train Loss: 0.871 -- Validation Loss: 0.355 -- Validation ACC: 0.833 -- Validation F1: 0.870
2024-07-17,05:25:46 [INFO] Epoch: 28/30 -- Train Loss: 0.888 -- Validation Loss: 0.363 -- Validation ACC: 0.833 -- Validation F1: 0.870
2024-07-17,05:25:48 [INFO] Epoch: 29/30 -- Train Loss: 0.779 -- Validation Loss: 0.360 -- Validation ACC: 0.833 -- Validation F1: 0.870
2024-07-17,05:25:48 [INFO] Run 4/5: Average Over Last 6 epochs -- Valid ACC: 0.8333333333333334 -- Valid F1-score: 0.8695651888847351
2024-07-17,05:25:48 [INFO] Test Results of Run 4/5: -- Test Loss: 0.702 -- Test ACC: 0.626 -- Test F1: 0.661
2024-07-17,05:25:48 [INFO] Validation average after 5 runs -- ACC: 0.833 -- F1-score: 0.872
2024-07-17,05:25:48 [INFO] Test average after 5 runs -- ACC: 0.617 -- F1-score: 0.664
2024-07-17,05:25:48 [INFO] Finished round 7/10 of experiments!
2024-07-17,05:25:48 [INFO] Started round 8/10 of experiments!
2024-07-17,05:25:49 [INFO] Loading previous pretrained model at ./pretrained/GCN_Pretrained_2024-07-01-15-12-47.pth
2024-07-17,05:25:49 [INFO] Pretrained GNN on Source Dataset -- Test Loss: 0.883 -- Test ACC: 0.696 -- Test F1-score: 0.733
2024-07-17,05:25:50 [INFO] Pretrained GNN on Target Dataset Without Prompting: -- Validation Loss: 0.933 -- Validation ACC: 0.833 -- Validation F1-score: 0.889 -- Test Loss: 1.174 -- Test ACC: 0.652 -- Test F1-score: 0.714
2024-07-17,05:25:51 [INFO] Epoch: 0/30 -- Train Loss: 1.217 -- Validation Loss: 0.990 -- Validation ACC: 0.778 -- Validation F1: 0.846
2024-07-17,05:26:01 [INFO] Epoch: 10/30 -- Train Loss: 0.951 -- Validation Loss: 0.945 -- Validation ACC: 0.778 -- Validation F1: 0.857
2024-07-17,05:26:11 [INFO] Epoch: 20/30 -- Train Loss: 0.898 -- Validation Loss: 0.985 -- Validation ACC: 0.778 -- Validation F1: 0.833
2024-07-17,05:26:15 [INFO] Epoch: 24/30 -- Train Loss: 1.012 -- Validation Loss: 0.955 -- Validation ACC: 0.778 -- Validation F1: 0.833
2024-07-17,05:26:16 [INFO] Epoch: 25/30 -- Train Loss: 0.995 -- Validation Loss: 0.952 -- Validation ACC: 0.778 -- Validation F1: 0.833
2024-07-17,05:26:18 [INFO] Epoch: 26/30 -- Train Loss: 0.805 -- Validation Loss: 0.957 -- Validation ACC: 0.778 -- Validation F1: 0.846
2024-07-17,05:26:19 [INFO] Epoch: 27/30 -- Train Loss: 0.658 -- Validation Loss: 0.962 -- Validation ACC: 0.778 -- Validation F1: 0.846
2024-07-17,05:26:20 [INFO] Epoch: 28/30 -- Train Loss: 0.735 -- Validation Loss: 0.964 -- Validation ACC: 0.722 -- Validation F1: 0.800
2024-07-17,05:26:22 [INFO] Epoch: 29/30 -- Train Loss: 0.610 -- Validation Loss: 0.970 -- Validation ACC: 0.833 -- Validation F1: 0.889
2024-07-17,05:26:22 [INFO] Run 0/5: Average Over Last 6 epochs -- Valid ACC: 0.7777777777777778 -- Valid F1-score: 0.8413105408350626
2024-07-17,05:26:22 [INFO] Test Results of Run 0/5: -- Test Loss: 1.158 -- Test ACC: 0.661 -- Test F1: 0.715
2024-07-17,05:26:23 [INFO] Epoch: 0/30 -- Train Loss: 0.414 -- Validation Loss: 0.952 -- Validation ACC: 0.778 -- Validation F1: 0.846
2024-07-17,05:26:33 [INFO] Epoch: 10/30 -- Train Loss: 0.892 -- Validation Loss: 1.001 -- Validation ACC: 0.833 -- Validation F1: 0.889
2024-07-17,05:26:43 [INFO] Epoch: 20/30 -- Train Loss: 0.487 -- Validation Loss: 0.926 -- Validation ACC: 0.778 -- Validation F1: 0.833
2024-07-17,05:26:47 [INFO] Epoch: 24/30 -- Train Loss: 0.511 -- Validation Loss: 0.911 -- Validation ACC: 0.833 -- Validation F1: 0.889
2024-07-17,05:26:48 [INFO] Epoch: 25/30 -- Train Loss: 0.791 -- Validation Loss: 0.915 -- Validation ACC: 0.833 -- Validation F1: 0.889
2024-07-17,05:26:50 [INFO] Epoch: 26/30 -- Train Loss: 0.367 -- Validation Loss: 0.921 -- Validation ACC: 0.778 -- Validation F1: 0.857
2024-07-17,05:26:51 [INFO] Epoch: 27/30 -- Train Loss: 0.465 -- Validation Loss: 0.923 -- Validation ACC: 0.778 -- Validation F1: 0.857
2024-07-17,05:26:53 [INFO] Epoch: 28/30 -- Train Loss: 0.728 -- Validation Loss: 0.914 -- Validation ACC: 0.833 -- Validation F1: 0.889
2024-07-17,05:26:54 [INFO] Epoch: 29/30 -- Train Loss: 0.484 -- Validation Loss: 0.910 -- Validation ACC: 0.833 -- Validation F1: 0.889
2024-07-17,05:26:54 [INFO] Run 1/5: Average Over Last 6 epochs -- Valid ACC: 0.8148148148148148 -- Valid F1-score: 0.8783068855603536
2024-07-17,05:26:55 [INFO] Test Results of Run 1/5: -- Test Loss: 1.194 -- Test ACC: 0.661 -- Test F1: 0.727
2024-07-17,05:26:56 [INFO] Epoch: 0/30 -- Train Loss: 0.793 -- Validation Loss: 0.969 -- Validation ACC: 0.833 -- Validation F1: 0.880
2024-07-17,05:27:06 [INFO] Epoch: 10/30 -- Train Loss: 0.416 -- Validation Loss: 0.929 -- Validation ACC: 0.778 -- Validation F1: 0.846
2024-07-17,05:27:16 [INFO] Epoch: 20/30 -- Train Loss: 0.434 -- Validation Loss: 0.931 -- Validation ACC: 0.778 -- Validation F1: 0.846
2024-07-17,05:27:20 [INFO] Epoch: 24/30 -- Train Loss: 0.347 -- Validation Loss: 1.047 -- Validation ACC: 0.778 -- Validation F1: 0.857
2024-07-17,05:27:21 [INFO] Epoch: 25/30 -- Train Loss: 0.770 -- Validation Loss: 1.029 -- Validation ACC: 0.778 -- Validation F1: 0.857
2024-07-17,05:27:22 [INFO] Epoch: 26/30 -- Train Loss: 0.927 -- Validation Loss: 1.013 -- Validation ACC: 0.778 -- Validation F1: 0.857
2024-07-17,05:27:23 [INFO] Epoch: 27/30 -- Train Loss: 1.005 -- Validation Loss: 0.995 -- Validation ACC: 0.778 -- Validation F1: 0.857
2024-07-17,05:27:25 [INFO] Epoch: 28/30 -- Train Loss: 1.003 -- Validation Loss: 0.979 -- Validation ACC: 0.778 -- Validation F1: 0.857
2024-07-17,05:27:26 [INFO] Epoch: 29/30 -- Train Loss: 1.274 -- Validation Loss: 0.966 -- Validation ACC: 0.833 -- Validation F1: 0.889
2024-07-17,05:27:26 [INFO] Run 2/5: Average Over Last 6 epochs -- Valid ACC: 0.7870370370370371 -- Valid F1-score: 0.8624338706334432
2024-07-17,05:27:26 [INFO] Test Results of Run 2/5: -- Test Loss: 1.166 -- Test ACC: 0.652 -- Test F1: 0.714
2024-07-17,05:27:28 [INFO] Epoch: 0/30 -- Train Loss: 0.574 -- Validation Loss: 0.995 -- Validation ACC: 0.833 -- Validation F1: 0.889
2024-07-17,05:27:38 [INFO] Epoch: 10/30 -- Train Loss: 0.649 -- Validation Loss: 0.913 -- Validation ACC: 0.833 -- Validation F1: 0.889
2024-07-17,05:27:48 [INFO] Epoch: 20/30 -- Train Loss: 0.878 -- Validation Loss: 0.922 -- Validation ACC: 0.833 -- Validation F1: 0.889
2024-07-17,05:27:53 [INFO] Epoch: 24/30 -- Train Loss: 0.445 -- Validation Loss: 0.920 -- Validation ACC: 0.778 -- Validation F1: 0.857
2024-07-17,05:27:54 [INFO] Epoch: 25/30 -- Train Loss: 0.960 -- Validation Loss: 0.928 -- Validation ACC: 0.778 -- Validation F1: 0.857
2024-07-17,05:27:56 [INFO] Epoch: 26/30 -- Train Loss: 0.719 -- Validation Loss: 0.927 -- Validation ACC: 0.778 -- Validation F1: 0.857
2024-07-17,05:27:57 [INFO] Epoch: 27/30 -- Train Loss: 0.847 -- Validation Loss: 0.916 -- Validation ACC: 0.833 -- Validation F1: 0.889
2024-07-17,05:27:58 [INFO] Epoch: 28/30 -- Train Loss: 0.358 -- Validation Loss: 0.914 -- Validation ACC: 0.833 -- Validation F1: 0.889
2024-07-17,05:28:00 [INFO] Epoch: 29/30 -- Train Loss: 0.583 -- Validation Loss: 0.927 -- Validation ACC: 0.833 -- Validation F1: 0.889
2024-07-17,05:28:00 [INFO] Run 3/5: Average Over Last 6 epochs -- Valid ACC: 0.8055555555555555 -- Valid F1-score: 0.8730158805847168
2024-07-17,05:28:00 [INFO] Test Results of Run 3/5: -- Test Loss: 1.152 -- Test ACC: 0.643 -- Test F1: 0.705
2024-07-17,05:28:02 [INFO] Epoch: 0/30 -- Train Loss: 0.542 -- Validation Loss: 0.966 -- Validation ACC: 0.833 -- Validation F1: 0.880
2024-07-17,05:28:13 [INFO] Epoch: 10/30 -- Train Loss: 0.878 -- Validation Loss: 0.941 -- Validation ACC: 0.778 -- Validation F1: 0.846
2024-07-17,05:28:22 [INFO] Epoch: 20/30 -- Train Loss: 0.373 -- Validation Loss: 0.981 -- Validation ACC: 0.833 -- Validation F1: 0.889
2024-07-17,05:28:27 [INFO] Epoch: 24/30 -- Train Loss: 0.938 -- Validation Loss: 0.930 -- Validation ACC: 0.833 -- Validation F1: 0.889
2024-07-17,05:28:28 [INFO] Epoch: 25/30 -- Train Loss: 0.501 -- Validation Loss: 0.924 -- Validation ACC: 0.722 -- Validation F1: 0.800
2024-07-17,05:28:29 [INFO] Epoch: 26/30 -- Train Loss: 0.698 -- Validation Loss: 0.924 -- Validation ACC: 0.778 -- Validation F1: 0.833
2024-07-17,05:28:31 [INFO] Epoch: 27/30 -- Train Loss: 0.802 -- Validation Loss: 0.930 -- Validation ACC: 0.778 -- Validation F1: 0.833
2024-07-17,05:28:32 [INFO] Epoch: 28/30 -- Train Loss: 0.530 -- Validation Loss: 0.931 -- Validation ACC: 0.778 -- Validation F1: 0.833
2024-07-17,05:28:34 [INFO] Epoch: 29/30 -- Train Loss: 0.920 -- Validation Loss: 0.925 -- Validation ACC: 0.778 -- Validation F1: 0.846
2024-07-17,05:28:34 [INFO] Run 4/5: Average Over Last 6 epochs -- Valid ACC: 0.7777777777777778 -- Valid F1-score: 0.8391737838586172
2024-07-17,05:28:34 [INFO] Test Results of Run 4/5: -- Test Loss: 1.215 -- Test ACC: 0.652 -- Test F1: 0.710
2024-07-17,05:28:34 [INFO] Validation average after 5 runs -- ACC: 0.793 -- F1-score: 0.859
2024-07-17,05:28:34 [INFO] Test average after 5 runs -- ACC: 0.654 -- F1-score: 0.714
2024-07-17,05:28:34 [INFO] Finished round 8/10 of experiments!
2024-07-17,05:28:34 [INFO] Started round 9/10 of experiments!
2024-07-17,05:28:35 [INFO] Loading previous pretrained model at ./pretrained/GCN_Pretrained_2024-07-01-15-15-13.pth
2024-07-17,05:28:35 [INFO] Pretrained GNN on Source Dataset -- Test Loss: 0.947 -- Test ACC: 0.757 -- Test F1-score: 0.785
2024-07-17,05:28:36 [INFO] Pretrained GNN on Target Dataset Without Prompting: -- Validation Loss: 0.804 -- Validation ACC: 0.722 -- Validation F1-score: 0.762 -- Test Loss: 0.876 -- Test ACC: 0.739 -- Test F1-score: 0.789
2024-07-17,05:28:37 [INFO] Epoch: 0/30 -- Train Loss: 0.953 -- Validation Loss: 0.772 -- Validation ACC: 0.722 -- Validation F1: 0.762
2024-07-17,05:28:47 [INFO] Epoch: 10/30 -- Train Loss: 0.435 -- Validation Loss: 0.783 -- Validation ACC: 0.722 -- Validation F1: 0.762
2024-07-17,05:28:57 [INFO] Epoch: 20/30 -- Train Loss: 1.060 -- Validation Loss: 0.823 -- Validation ACC: 0.722 -- Validation F1: 0.762
2024-07-17,05:29:01 [INFO] Epoch: 24/30 -- Train Loss: 0.546 -- Validation Loss: 0.963 -- Validation ACC: 0.722 -- Validation F1: 0.762
2024-07-17,05:29:02 [INFO] Epoch: 25/30 -- Train Loss: 2.387 -- Validation Loss: 0.933 -- Validation ACC: 0.722 -- Validation F1: 0.762
2024-07-17,05:29:04 [INFO] Epoch: 26/30 -- Train Loss: 0.508 -- Validation Loss: 0.901 -- Validation ACC: 0.722 -- Validation F1: 0.762
2024-07-17,05:29:05 [INFO] Epoch: 27/30 -- Train Loss: 0.348 -- Validation Loss: 0.853 -- Validation ACC: 0.722 -- Validation F1: 0.762
2024-07-17,05:29:06 [INFO] Epoch: 28/30 -- Train Loss: 0.921 -- Validation Loss: 0.794 -- Validation ACC: 0.722 -- Validation F1: 0.762
2024-07-17,05:29:08 [INFO] Epoch: 29/30 -- Train Loss: 0.459 -- Validation Loss: 0.752 -- Validation ACC: 0.722 -- Validation F1: 0.762
2024-07-17,05:29:08 [INFO] Run 0/5: Average Over Last 6 epochs -- Valid ACC: 0.7222222222222222 -- Valid F1-score: 0.761904776096344
2024-07-17,05:29:08 [INFO] Test Results of Run 0/5: -- Test Loss: 0.870 -- Test ACC: 0.765 -- Test F1: 0.816
2024-07-17,05:29:09 [INFO] Epoch: 0/30 -- Train Loss: 0.408 -- Validation Loss: 0.826 -- Validation ACC: 0.722 -- Validation F1: 0.762
2024-07-17,05:29:20 [INFO] Epoch: 10/30 -- Train Loss: 0.512 -- Validation Loss: 0.654 -- Validation ACC: 0.778 -- Validation F1: 0.818
2024-07-17,05:29:31 [INFO] Epoch: 20/30 -- Train Loss: 0.468 -- Validation Loss: 0.704 -- Validation ACC: 0.778 -- Validation F1: 0.818
2024-07-17,05:29:35 [INFO] Epoch: 24/30 -- Train Loss: 1.767 -- Validation Loss: 0.847 -- Validation ACC: 0.722 -- Validation F1: 0.762
2024-07-17,05:29:37 [INFO] Epoch: 25/30 -- Train Loss: 1.040 -- Validation Loss: 0.862 -- Validation ACC: 0.722 -- Validation F1: 0.762
2024-07-17,05:29:38 [INFO] Epoch: 26/30 -- Train Loss: 1.039 -- Validation Loss: 0.830 -- Validation ACC: 0.722 -- Validation F1: 0.762
2024-07-17,05:29:39 [INFO] Epoch: 27/30 -- Train Loss: 0.459 -- Validation Loss: 0.806 -- Validation ACC: 0.722 -- Validation F1: 0.762
2024-07-17,05:29:40 [INFO] Epoch: 28/30 -- Train Loss: 0.720 -- Validation Loss: 0.802 -- Validation ACC: 0.722 -- Validation F1: 0.762
2024-07-17,05:29:42 [INFO] Epoch: 29/30 -- Train Loss: 0.489 -- Validation Loss: 0.790 -- Validation ACC: 0.722 -- Validation F1: 0.762
2024-07-17,05:29:42 [INFO] Run 1/5: Average Over Last 6 epochs -- Valid ACC: 0.7222222222222222 -- Valid F1-score: 0.761904776096344
2024-07-17,05:29:42 [INFO] Test Results of Run 1/5: -- Test Loss: 0.890 -- Test ACC: 0.783 -- Test F1: 0.834
2024-07-17,05:29:43 [INFO] Epoch: 0/30 -- Train Loss: 1.209 -- Validation Loss: 0.877 -- Validation ACC: 0.722 -- Validation F1: 0.762
2024-07-17,05:29:54 [INFO] Epoch: 10/30 -- Train Loss: 0.554 -- Validation Loss: 0.824 -- Validation ACC: 0.722 -- Validation F1: 0.762
2024-07-17,05:30:04 [INFO] Epoch: 20/30 -- Train Loss: 1.921 -- Validation Loss: 0.758 -- Validation ACC: 0.778 -- Validation F1: 0.818
2024-07-17,05:30:09 [INFO] Epoch: 24/30 -- Train Loss: 0.363 -- Validation Loss: 0.912 -- Validation ACC: 0.722 -- Validation F1: 0.762
2024-07-17,05:30:10 [INFO] Epoch: 25/30 -- Train Loss: 0.347 -- Validation Loss: 0.967 -- Validation ACC: 0.722 -- Validation F1: 0.762
2024-07-17,05:30:11 [INFO] Epoch: 26/30 -- Train Loss: 0.749 -- Validation Loss: 1.035 -- Validation ACC: 0.722 -- Validation F1: 0.762
2024-07-17,05:30:13 [INFO] Epoch: 27/30 -- Train Loss: 1.902 -- Validation Loss: 1.058 -- Validation ACC: 0.667 -- Validation F1: 0.700
2024-07-17,05:30:14 [INFO] Epoch: 28/30 -- Train Loss: 0.861 -- Validation Loss: 1.008 -- Validation ACC: 0.722 -- Validation F1: 0.762
2024-07-17,05:30:15 [INFO] Epoch: 29/30 -- Train Loss: 0.357 -- Validation Loss: 0.958 -- Validation ACC: 0.722 -- Validation F1: 0.762
2024-07-17,05:30:15 [INFO] Run 2/5: Average Over Last 6 epochs -- Valid ACC: 0.7129629629629629 -- Valid F1-score: 0.7515873114267985
2024-07-17,05:30:16 [INFO] Test Results of Run 2/5: -- Test Loss: 0.950 -- Test ACC: 0.704 -- Test F1: 0.742
2024-07-17,05:30:17 [INFO] Epoch: 0/30 -- Train Loss: 0.914 -- Validation Loss: 0.871 -- Validation ACC: 0.722 -- Validation F1: 0.762
2024-07-17,05:30:27 [INFO] Epoch: 10/30 -- Train Loss: 0.579 -- Validation Loss: 0.855 -- Validation ACC: 0.722 -- Validation F1: 0.762
2024-07-17,05:30:37 [INFO] Epoch: 20/30 -- Train Loss: 0.786 -- Validation Loss: 0.777 -- Validation ACC: 0.722 -- Validation F1: 0.762
2024-07-17,05:30:41 [INFO] Epoch: 24/30 -- Train Loss: 0.810 -- Validation Loss: 0.763 -- Validation ACC: 0.722 -- Validation F1: 0.762
2024-07-17,05:30:42 [INFO] Epoch: 25/30 -- Train Loss: 0.386 -- Validation Loss: 0.821 -- Validation ACC: 0.722 -- Validation F1: 0.762
2024-07-17,05:30:44 [INFO] Epoch: 26/30 -- Train Loss: 0.413 -- Validation Loss: 0.842 -- Validation ACC: 0.722 -- Validation F1: 0.762
2024-07-17,05:30:45 [INFO] Epoch: 27/30 -- Train Loss: 0.357 -- Validation Loss: 0.810 -- Validation ACC: 0.722 -- Validation F1: 0.762
2024-07-17,05:30:47 [INFO] Epoch: 28/30 -- Train Loss: 0.469 -- Validation Loss: 0.749 -- Validation ACC: 0.722 -- Validation F1: 0.762
2024-07-17,05:30:48 [INFO] Epoch: 29/30 -- Train Loss: 0.365 -- Validation Loss: 0.708 -- Validation ACC: 0.722 -- Validation F1: 0.762
2024-07-17,05:30:48 [INFO] Run 3/5: Average Over Last 6 epochs -- Valid ACC: 0.7222222222222222 -- Valid F1-score: 0.761904776096344
2024-07-17,05:30:48 [INFO] Test Results of Run 3/5: -- Test Loss: 0.887 -- Test ACC: 0.757 -- Test F1: 0.806
2024-07-17,05:30:50 [INFO] Epoch: 0/30 -- Train Loss: 0.347 -- Validation Loss: 0.888 -- Validation ACC: 0.722 -- Validation F1: 0.762
2024-07-17,05:31:00 [INFO] Epoch: 10/30 -- Train Loss: 0.490 -- Validation Loss: 0.854 -- Validation ACC: 0.722 -- Validation F1: 0.762
2024-07-17,05:31:09 [INFO] Epoch: 20/30 -- Train Loss: 0.394 -- Validation Loss: 0.798 -- Validation ACC: 0.722 -- Validation F1: 0.762
2024-07-17,05:31:13 [INFO] Epoch: 24/30 -- Train Loss: 0.367 -- Validation Loss: 0.745 -- Validation ACC: 0.778 -- Validation F1: 0.818
2024-07-17,05:31:14 [INFO] Epoch: 25/30 -- Train Loss: 0.545 -- Validation Loss: 0.746 -- Validation ACC: 0.778 -- Validation F1: 0.818
2024-07-17,05:31:16 [INFO] Epoch: 26/30 -- Train Loss: 0.366 -- Validation Loss: 0.728 -- Validation ACC: 0.722 -- Validation F1: 0.762
2024-07-17,05:31:17 [INFO] Epoch: 27/30 -- Train Loss: 1.004 -- Validation Loss: 0.694 -- Validation ACC: 0.778 -- Validation F1: 0.818
2024-07-17,05:31:19 [INFO] Epoch: 28/30 -- Train Loss: 0.360 -- Validation Loss: 0.728 -- Validation ACC: 0.722 -- Validation F1: 0.762
2024-07-17,05:31:20 [INFO] Epoch: 29/30 -- Train Loss: 0.493 -- Validation Loss: 0.786 -- Validation ACC: 0.722 -- Validation F1: 0.762
2024-07-17,05:31:20 [INFO] Run 4/5: Average Over Last 6 epochs -- Valid ACC: 0.75 -- Valid F1-score: 0.790043294429779
2024-07-17,05:31:21 [INFO] Test Results of Run 4/5: -- Test Loss: 0.941 -- Test ACC: 0.713 -- Test F1: 0.756
2024-07-17,05:31:21 [INFO] Validation average after 5 runs -- ACC: 0.726 -- F1-score: 0.765
2024-07-17,05:31:21 [INFO] Test average after 5 runs -- ACC: 0.744 -- F1-score: 0.791
2024-07-17,05:31:21 [INFO] Finished round 9/10 of experiments!
2024-07-17,05:31:21 [INFO] Final results: -- Source Test Acc: 0.703 -- Source Test F1: 0.750 -- Target Valid Acc: 0.711 -- Target Valid F1: 0.770 -- Target Test Acc: 0.686 -- Target Test F1: 0.747 -- Prompt Test Acc: 0.686 -- Prompt Valid Acc: 0.703 -- Prompt Test F1: 0.751 -- Prompt Valid F1: 0.761
2024-07-17,05:31:21 [INFO] Pretrained modela are saved to: ./pretrained/GCN_Pretrained_2024-07-01-14-54-05.pth ./pretrained/GCN_Pretrained_2024-07-01-14-56-23.pth ./pretrained/GCN_Pretrained_2024-07-01-14-58-41.pth ./pretrained/GCN_Pretrained_2024-07-01-15-00-59.pth ./pretrained/GCN_Pretrained_2024-07-01-15-03-17.pth ./pretrained/GCN_Pretrained_2024-07-01-15-05-37.pth ./pretrained/GCN_Pretrained_2024-07-01-15-07-56.pth ./pretrained/GCN_Pretrained_2024-07-01-15-10-20.pth ./pretrained/GCN_Pretrained_2024-07-01-15-12-47.pth ./pretrained/GCN_Pretrained_2024-07-01-15-15-13.pth
