2024-07-17,05:03:27 [INFO] Logging to: ./log/2024-07-17-05-03-27.log
2024-07-17,05:03:27 [INFO] Reading config from: ./config/dhfr.yaml
2024-07-17,05:03:27 [INFO] Namespace(total_iters=10, prompt_method='flex_match', s_dataset='DHFR', t_dataset='DHFR', prompt_fn='gpf_plus', shift_type='structural', p_shift_intra=0.0, p_shift_inter=0.0, pretrain=True, save_pretrained=False, soft_label=False, add_link_loss=False, attn_with_param=False, empty_pretrained_dir=False, iterative_clustering=False, clutering_iters=3, entropy_div_ratio=3, w_entropy_loss=0.0, w_softmax_loss=0.5, w_domain_loss=0.0, r_reg=0.0, gnn_weight_decay=0.0, weight_decay=0.1, gnn_type='gcn', gnn_num_layers=3, pretrained_path=['./pretrained/GCN_Pretrained_2024-07-01-14-54-05.pth', './pretrained/GCN_Pretrained_2024-07-01-14-56-23.pth', './pretrained/GCN_Pretrained_2024-07-01-14-58-41.pth', './pretrained/GCN_Pretrained_2024-07-01-15-00-59.pth', './pretrained/GCN_Pretrained_2024-07-01-15-03-17.pth', './pretrained/GCN_Pretrained_2024-07-01-15-05-37.pth', './pretrained/GCN_Pretrained_2024-07-01-15-07-56.pth', './pretrained/GCN_Pretrained_2024-07-01-15-10-20.pth', './pretrained/GCN_Pretrained_2024-07-01-15-12-47.pth', './pretrained/GCN_Pretrained_2024-07-01-15-15-13.pth'], gnn_n_epochs=100, gnn_eval_step=10, gnn_h_dim=512, gnn_lr=0.01, gnn_step_size=50, gnn_gamma=0.5, gnn_batch_size=64, gnn_dropout=0.4, n_epochs=30, eval_step=10, h_dim=512, lr=0.01, step_size=50, gamma=0.5, batch_size=64, num_tokens=50, src_ratio=0.5, dropout=0.3, cut_off=0.5, aug_type='feature', light_aug_prob=0.1, light_aug_mode='mask', pos_aug_mode='mask', neg_aug_mode='arbitrary', noise_cov_scale=1.0, noise_mean_shift=1.0, noise_shift_mode='homophily', noise_select_mode='soft', cross_prune=0.8, inner_prune=0.3, num_runs=5, p_raug=0.15, n_raug=0.15, s_split=[0.65, 0.3], t_split=[0.65, 0.3], seed=[1676, 3733, 3589, 4867, 2980, 1142, 3035, 4432, 4672, 4010], config_from_file='./config/dhfr.yaml', config_to_file='', label_reduction=0.0)
2024-07-17,05:03:27 [INFO] ####################################################################################################
2024-07-17,05:03:27 [INFO] Args seeds: [1676, 3733, 3589, 4867, 2980, 1142, 3035, 4432, 4672, 4010]
2024-07-17,05:03:27 [INFO] Source Dataset: DHFR, Target Dataset: DHFR. Training, Test: Source: [0.65, 0.3], Target: [0.65, 0.3] -- Batch size: 64
2024-07-17,05:03:27 [INFO] All input pretrained paths: ['./pretrained/GCN_Pretrained_2024-07-01-14-54-05.pth', './pretrained/GCN_Pretrained_2024-07-01-14-56-23.pth', './pretrained/GCN_Pretrained_2024-07-01-14-58-41.pth', './pretrained/GCN_Pretrained_2024-07-01-15-00-59.pth', './pretrained/GCN_Pretrained_2024-07-01-15-03-17.pth', './pretrained/GCN_Pretrained_2024-07-01-15-05-37.pth', './pretrained/GCN_Pretrained_2024-07-01-15-07-56.pth', './pretrained/GCN_Pretrained_2024-07-01-15-10-20.pth', './pretrained/GCN_Pretrained_2024-07-01-15-12-47.pth', './pretrained/GCN_Pretrained_2024-07-01-15-15-13.pth']
2024-07-17,05:03:27 [INFO] Started round 0/10 of experiments!
2024-07-17,05:03:28 [INFO] Setting for pretraining: Model: {'gnn_type': 'gcn', 'in_channels': 56, 'hidden_channels': 512, 'out_channels': 2, 'num_layers': 3, 'dropout': 0.4, 'with_bn': False, 'with_head': True} -- Optimizer: {'lr': 0.01, 'scheduler_step_size': 50, 'scheduler_gamma': 0.5, 'weight_decay': 0.0} -- Training: {'n_epochs': 100}
2024-07-17,05:03:28 [INFO] Loading previous pretrained model at ./pretrained/GCN_Pretrained_2024-07-01-14-54-05.pth
2024-07-17,05:03:28 [INFO] Prompting method: flex_match -- Setting: Prompting function: gpf_plus -- Target Dataset: DHFR
2024-07-17,05:03:28 [INFO] Setting for prompt tuning: Prompt: {'emb_dim': 56, 'h_dim': 512, 'output_dim': 56, 'prompt_fn': 'gpf_plus', 'token_num': 50, 'cross_prune': 0.8, 'inner_prune': 0.3, 'attn_with_param': False} -- Pretrained Model: {'gnn_type': 'gcn', 'in_channels': 56, 'hidden_channels': 512, 'out_channels': 2, 'num_layers': 3, 'dropout': 0.4, 'with_bn': False, 'with_head': True} -- Optimizer: {'lr': 0.01, 'scheduler_step_size': 50, 'scheduler_gamma': 0.5, 'weight_decay': 0.1} -- Training: {'aug_type': 'feature', 'pos_aug_mode': 'mask', 'p_raug': 0.15, 'n_epochs': 30, 'r_reg': 0.0, 'soft_label': False, 'clutering_iters': 3, 'iterative_clustering': False, 'entropy_div_ratio': 3, 'w_entropy_loss': 0.0, 'w_softmax_loss': 0.5, 'w_domain_loss': 0.0, 'light_aug_prob': 0.1, 'light_aug_mode': 'mask', 'num_classes': 2, 'cut_off': 0.5}
2024-07-17,05:03:28 [INFO] Prompt tuning started: Num runs: 5 -- Eval step: 10
2024-07-17,05:03:28 [INFO] Pretrained GNN on Source Dataset -- Test Loss: 0.863 -- Test ACC: 0.661 -- Test F1-score: 0.702
2024-07-17,05:03:29 [INFO] Pretrained GNN on Target Dataset Without Prompting: -- Validation Loss: 0.762 -- Validation ACC: 0.611 -- Validation F1-score: 0.667 -- Test Loss: 0.711 -- Test ACC: 0.774 -- Test F1-score: 0.803
2024-07-17,05:03:30 [INFO] Epoch: 0/30 -- Train Loss: 0.528 -- Validation Loss: 0.780 -- Validation ACC: 0.556 -- Validation F1: 0.600
2024-07-17,05:03:34 [INFO] Epoch: 10/30 -- Train Loss: 0.220 -- Validation Loss: 0.901 -- Validation ACC: 0.500 -- Validation F1: 0.526
2024-07-17,05:03:39 [INFO] Epoch: 20/30 -- Train Loss: 0.076 -- Validation Loss: 0.662 -- Validation ACC: 0.722 -- Validation F1: 0.783
2024-07-17,05:03:41 [INFO] Epoch: 24/30 -- Train Loss: 0.149 -- Validation Loss: 0.717 -- Validation ACC: 0.667 -- Validation F1: 0.727
2024-07-17,05:03:41 [INFO] Epoch: 25/30 -- Train Loss: 0.072 -- Validation Loss: 0.819 -- Validation ACC: 0.556 -- Validation F1: 0.600
2024-07-17,05:03:42 [INFO] Epoch: 26/30 -- Train Loss: 0.058 -- Validation Loss: 0.931 -- Validation ACC: 0.444 -- Validation F1: 0.444
2024-07-17,05:03:43 [INFO] Epoch: 27/30 -- Train Loss: 0.648 -- Validation Loss: 0.941 -- Validation ACC: 0.444 -- Validation F1: 0.444
2024-07-17,05:03:44 [INFO] Epoch: 28/30 -- Train Loss: 0.019 -- Validation Loss: 0.832 -- Validation ACC: 0.500 -- Validation F1: 0.526
2024-07-17,05:03:45 [INFO] Epoch: 29/30 -- Train Loss: 0.264 -- Validation Loss: 0.753 -- Validation ACC: 0.611 -- Validation F1: 0.667
2024-07-17,05:03:45 [INFO] Run 0/5: Average Over Last 6 epochs -- Valid ACC: 0.5370370370370371 -- Valid F1-score: 0.5681906938552856
2024-07-17,05:03:46 [INFO] Test Results of Run 0/5: -- Test Loss: 0.711 -- Test ACC: 0.774 -- Test F1: 0.803
2024-07-17,05:03:47 [INFO] Epoch: 0/30 -- Train Loss: 0.102 -- Validation Loss: 0.936 -- Validation ACC: 0.500 -- Validation F1: 0.526
2024-07-17,05:03:54 [INFO] Epoch: 10/30 -- Train Loss: 0.010 -- Validation Loss: 0.652 -- Validation ACC: 0.556 -- Validation F1: 0.636
2024-07-17,05:04:02 [INFO] Epoch: 20/30 -- Train Loss: 0.085 -- Validation Loss: 0.855 -- Validation ACC: 0.500 -- Validation F1: 0.526
2024-07-17,05:04:05 [INFO] Epoch: 24/30 -- Train Loss: 0.306 -- Validation Loss: 0.637 -- Validation ACC: 0.556 -- Validation F1: 0.636
2024-07-17,05:04:06 [INFO] Epoch: 25/30 -- Train Loss: 0.141 -- Validation Loss: 0.680 -- Validation ACC: 0.556 -- Validation F1: 0.636
2024-07-17,05:04:08 [INFO] Epoch: 26/30 -- Train Loss: 0.152 -- Validation Loss: 0.750 -- Validation ACC: 0.556 -- Validation F1: 0.600
2024-07-17,05:04:09 [INFO] Epoch: 27/30 -- Train Loss: 0.121 -- Validation Loss: 0.808 -- Validation ACC: 0.500 -- Validation F1: 0.526
2024-07-17,05:04:10 [INFO] Epoch: 28/30 -- Train Loss: 0.202 -- Validation Loss: 0.879 -- Validation ACC: 0.500 -- Validation F1: 0.526
2024-07-17,05:04:12 [INFO] Epoch: 29/30 -- Train Loss: 0.058 -- Validation Loss: 0.929 -- Validation ACC: 0.444 -- Validation F1: 0.444
2024-07-17,05:04:12 [INFO] Run 1/5: Average Over Last 6 epochs -- Valid ACC: 0.5185185185185186 -- Valid F1-score: 0.5616338898738226
2024-07-17,05:04:12 [INFO] Test Results of Run 1/5: -- Test Loss: 0.782 -- Test ACC: 0.748 -- Test F1: 0.775
2024-07-17,05:04:14 [INFO] Epoch: 0/30 -- Train Loss: 0.021 -- Validation Loss: 0.548 -- Validation ACC: 0.667 -- Validation F1: 0.750
2024-07-17,05:04:23 [INFO] Epoch: 10/30 -- Train Loss: 0.092 -- Validation Loss: 0.805 -- Validation ACC: 0.611 -- Validation F1: 0.667
2024-07-17,05:04:33 [INFO] Epoch: 20/30 -- Train Loss: 0.035 -- Validation Loss: 0.918 -- Validation ACC: 0.500 -- Validation F1: 0.526
2024-07-17,05:04:38 [INFO] Epoch: 24/30 -- Train Loss: 0.046 -- Validation Loss: 1.120 -- Validation ACC: 0.389 -- Validation F1: 0.353
2024-07-17,05:04:39 [INFO] Epoch: 25/30 -- Train Loss: 0.102 -- Validation Loss: 0.921 -- Validation ACC: 0.500 -- Validation F1: 0.526
2024-07-17,05:04:41 [INFO] Epoch: 26/30 -- Train Loss: 0.113 -- Validation Loss: 0.748 -- Validation ACC: 0.611 -- Validation F1: 0.667
2024-07-17,05:04:42 [INFO] Epoch: 27/30 -- Train Loss: 0.154 -- Validation Loss: 0.732 -- Validation ACC: 0.611 -- Validation F1: 0.667
2024-07-17,05:04:44 [INFO] Epoch: 28/30 -- Train Loss: 0.067 -- Validation Loss: 0.786 -- Validation ACC: 0.556 -- Validation F1: 0.600
2024-07-17,05:04:45 [INFO] Epoch: 29/30 -- Train Loss: 0.002 -- Validation Loss: 0.876 -- Validation ACC: 0.500 -- Validation F1: 0.526
2024-07-17,05:04:45 [INFO] Run 2/5: Average Over Last 6 epochs -- Valid ACC: 0.5277777777777778 -- Valid F1-score: 0.5564843664566675
2024-07-17,05:04:45 [INFO] Test Results of Run 2/5: -- Test Loss: 0.756 -- Test ACC: 0.757 -- Test F1: 0.785
2024-07-17,05:04:47 [INFO] Epoch: 0/30 -- Train Loss: 0.349 -- Validation Loss: 0.851 -- Validation ACC: 0.667 -- Validation F1: 0.727
2024-07-17,05:04:57 [INFO] Epoch: 10/30 -- Train Loss: 0.073 -- Validation Loss: 0.655 -- Validation ACC: 0.667 -- Validation F1: 0.727
2024-07-17,05:05:07 [INFO] Epoch: 20/30 -- Train Loss: 0.102 -- Validation Loss: 0.708 -- Validation ACC: 0.556 -- Validation F1: 0.600
2024-07-17,05:05:11 [INFO] Epoch: 24/30 -- Train Loss: 0.065 -- Validation Loss: 0.642 -- Validation ACC: 0.500 -- Validation F1: 0.571
2024-07-17,05:05:13 [INFO] Epoch: 25/30 -- Train Loss: 0.252 -- Validation Loss: 0.617 -- Validation ACC: 0.500 -- Validation F1: 0.571
2024-07-17,05:05:14 [INFO] Epoch: 26/30 -- Train Loss: 0.128 -- Validation Loss: 0.627 -- Validation ACC: 0.556 -- Validation F1: 0.636
2024-07-17,05:05:16 [INFO] Epoch: 27/30 -- Train Loss: 0.048 -- Validation Loss: 0.592 -- Validation ACC: 0.556 -- Validation F1: 0.636
2024-07-17,05:05:17 [INFO] Epoch: 28/30 -- Train Loss: 0.071 -- Validation Loss: 0.626 -- Validation ACC: 0.667 -- Validation F1: 0.727
2024-07-17,05:05:18 [INFO] Epoch: 29/30 -- Train Loss: 0.046 -- Validation Loss: 0.683 -- Validation ACC: 0.667 -- Validation F1: 0.727
2024-07-17,05:05:18 [INFO] Run 3/5: Average Over Last 6 epochs -- Valid ACC: 0.5740740740740741 -- Valid F1-score: 0.645021657148997
2024-07-17,05:05:19 [INFO] Test Results of Run 3/5: -- Test Loss: 0.677 -- Test ACC: 0.774 -- Test F1: 0.806
2024-07-17,05:05:20 [INFO] Epoch: 0/30 -- Train Loss: 0.150 -- Validation Loss: 0.736 -- Validation ACC: 0.611 -- Validation F1: 0.667
2024-07-17,05:05:30 [INFO] Epoch: 10/30 -- Train Loss: 0.412 -- Validation Loss: 1.185 -- Validation ACC: 0.444 -- Validation F1: 0.375
2024-07-17,05:05:40 [INFO] Epoch: 20/30 -- Train Loss: 0.134 -- Validation Loss: 0.590 -- Validation ACC: 0.722 -- Validation F1: 0.783
2024-07-17,05:05:45 [INFO] Epoch: 24/30 -- Train Loss: 0.502 -- Validation Loss: 1.012 -- Validation ACC: 0.444 -- Validation F1: 0.444
2024-07-17,05:05:46 [INFO] Epoch: 25/30 -- Train Loss: 0.181 -- Validation Loss: 1.131 -- Validation ACC: 0.389 -- Validation F1: 0.353
2024-07-17,05:05:47 [INFO] Epoch: 26/30 -- Train Loss: 1.038 -- Validation Loss: 1.097 -- Validation ACC: 0.389 -- Validation F1: 0.353
2024-07-17,05:05:49 [INFO] Epoch: 27/30 -- Train Loss: 0.324 -- Validation Loss: 0.913 -- Validation ACC: 0.444 -- Validation F1: 0.444
2024-07-17,05:05:50 [INFO] Epoch: 28/30 -- Train Loss: 0.158 -- Validation Loss: 0.812 -- Validation ACC: 0.500 -- Validation F1: 0.526
2024-07-17,05:05:52 [INFO] Epoch: 29/30 -- Train Loss: 0.373 -- Validation Loss: 0.773 -- Validation ACC: 0.611 -- Validation F1: 0.667
2024-07-17,05:05:52 [INFO] Run 4/5: Average Over Last 6 epochs -- Valid ACC: 0.46296296296296297 -- Valid F1-score: 0.46462562680244446
2024-07-17,05:05:52 [INFO] Test Results of Run 4/5: -- Test Loss: 0.726 -- Test ACC: 0.774 -- Test F1: 0.803
2024-07-17,05:05:52 [INFO] Validation average after 5 runs -- ACC: 0.524 -- F1-score: 0.559
2024-07-17,05:05:52 [INFO] Test average after 5 runs -- ACC: 0.765 -- F1-score: 0.794
2024-07-17,05:05:52 [INFO] Finished round 0/10 of experiments!
2024-07-17,05:05:52 [INFO] Started round 1/10 of experiments!
2024-07-17,05:05:53 [INFO] Loading previous pretrained model at ./pretrained/GCN_Pretrained_2024-07-01-14-56-23.pth
2024-07-17,05:05:53 [INFO] Pretrained GNN on Source Dataset -- Test Loss: 0.964 -- Test ACC: 0.739 -- Test F1-score: 0.758
2024-07-17,05:05:54 [INFO] Pretrained GNN on Target Dataset Without Prompting: -- Validation Loss: 1.277 -- Validation ACC: 0.667 -- Validation F1-score: 0.769 -- Test Loss: 1.529 -- Test ACC: 0.643 -- Test F1-score: 0.713
2024-07-17,05:05:55 [INFO] Epoch: 0/30 -- Train Loss: 0.059 -- Validation Loss: 1.676 -- Validation ACC: 0.667 -- Validation F1: 0.800
2024-07-17,05:06:05 [INFO] Epoch: 10/30 -- Train Loss: 1.080 -- Validation Loss: 1.262 -- Validation ACC: 0.667 -- Validation F1: 0.769
2024-07-17,05:06:15 [INFO] Epoch: 20/30 -- Train Loss: 0.133 -- Validation Loss: 1.188 -- Validation ACC: 0.667 -- Validation F1: 0.769
2024-07-17,05:06:20 [INFO] Epoch: 24/30 -- Train Loss: 0.015 -- Validation Loss: 1.264 -- Validation ACC: 0.667 -- Validation F1: 0.769
2024-07-17,05:06:21 [INFO] Epoch: 25/30 -- Train Loss: 0.290 -- Validation Loss: 1.287 -- Validation ACC: 0.667 -- Validation F1: 0.769
2024-07-17,05:06:23 [INFO] Epoch: 26/30 -- Train Loss: 0.112 -- Validation Loss: 1.313 -- Validation ACC: 0.722 -- Validation F1: 0.828
2024-07-17,05:06:24 [INFO] Epoch: 27/30 -- Train Loss: 0.029 -- Validation Loss: 1.315 -- Validation ACC: 0.667 -- Validation F1: 0.786
2024-07-17,05:06:26 [INFO] Epoch: 28/30 -- Train Loss: 0.132 -- Validation Loss: 1.316 -- Validation ACC: 0.667 -- Validation F1: 0.786
2024-07-17,05:06:27 [INFO] Epoch: 29/30 -- Train Loss: 0.033 -- Validation Loss: 1.315 -- Validation ACC: 0.611 -- Validation F1: 0.741
2024-07-17,05:06:27 [INFO] Run 0/5: Average Over Last 6 epochs -- Valid ACC: 0.6666666666666666 -- Valid F1-score: 0.7797028422355652
2024-07-17,05:06:27 [INFO] Test Results of Run 0/5: -- Test Loss: 1.532 -- Test ACC: 0.652 -- Test F1: 0.730
2024-07-17,05:06:29 [INFO] Epoch: 0/30 -- Train Loss: 0.187 -- Validation Loss: 1.338 -- Validation ACC: 0.667 -- Validation F1: 0.769
2024-07-17,05:06:38 [INFO] Epoch: 10/30 -- Train Loss: 0.024 -- Validation Loss: 1.394 -- Validation ACC: 0.667 -- Validation F1: 0.800
2024-07-17,05:06:49 [INFO] Epoch: 20/30 -- Train Loss: 0.014 -- Validation Loss: 1.230 -- Validation ACC: 0.778 -- Validation F1: 0.867
2024-07-17,05:06:53 [INFO] Epoch: 24/30 -- Train Loss: 0.118 -- Validation Loss: 1.159 -- Validation ACC: 0.722 -- Validation F1: 0.815
2024-07-17,05:06:55 [INFO] Epoch: 25/30 -- Train Loss: 0.074 -- Validation Loss: 1.144 -- Validation ACC: 0.667 -- Validation F1: 0.769
2024-07-17,05:06:56 [INFO] Epoch: 26/30 -- Train Loss: 0.114 -- Validation Loss: 1.144 -- Validation ACC: 0.667 -- Validation F1: 0.769
2024-07-17,05:06:58 [INFO] Epoch: 27/30 -- Train Loss: 0.101 -- Validation Loss: 1.156 -- Validation ACC: 0.722 -- Validation F1: 0.815
2024-07-17,05:06:59 [INFO] Epoch: 28/30 -- Train Loss: 0.090 -- Validation Loss: 1.168 -- Validation ACC: 0.667 -- Validation F1: 0.786
2024-07-17,05:07:00 [INFO] Epoch: 29/30 -- Train Loss: 0.122 -- Validation Loss: 1.178 -- Validation ACC: 0.667 -- Validation F1: 0.786
2024-07-17,05:07:00 [INFO] Run 1/5: Average Over Last 6 epochs -- Valid ACC: 0.6851851851851851 -- Valid F1-score: 0.7899199525515238
2024-07-17,05:07:00 [INFO] Test Results of Run 1/5: -- Test Loss: 1.602 -- Test ACC: 0.670 -- Test F1: 0.756
2024-07-17,05:07:02 [INFO] Epoch: 0/30 -- Train Loss: 0.020 -- Validation Loss: 1.341 -- Validation ACC: 0.667 -- Validation F1: 0.786
2024-07-17,05:07:13 [INFO] Epoch: 10/30 -- Train Loss: 0.024 -- Validation Loss: 1.254 -- Validation ACC: 0.778 -- Validation F1: 0.857
2024-07-17,05:07:23 [INFO] Epoch: 20/30 -- Train Loss: 0.057 -- Validation Loss: 1.291 -- Validation ACC: 0.667 -- Validation F1: 0.769
2024-07-17,05:07:28 [INFO] Epoch: 24/30 -- Train Loss: 0.123 -- Validation Loss: 1.256 -- Validation ACC: 0.778 -- Validation F1: 0.857
2024-07-17,05:07:30 [INFO] Epoch: 25/30 -- Train Loss: 0.096 -- Validation Loss: 1.281 -- Validation ACC: 0.722 -- Validation F1: 0.828
2024-07-17,05:07:31 [INFO] Epoch: 26/30 -- Train Loss: 0.843 -- Validation Loss: 1.286 -- Validation ACC: 0.667 -- Validation F1: 0.800
2024-07-17,05:07:33 [INFO] Epoch: 27/30 -- Train Loss: 0.195 -- Validation Loss: 1.230 -- Validation ACC: 0.667 -- Validation F1: 0.786
2024-07-17,05:07:35 [INFO] Epoch: 28/30 -- Train Loss: 0.230 -- Validation Loss: 1.203 -- Validation ACC: 0.722 -- Validation F1: 0.815
2024-07-17,05:07:36 [INFO] Epoch: 29/30 -- Train Loss: 0.088 -- Validation Loss: 1.228 -- Validation ACC: 0.611 -- Validation F1: 0.759
2024-07-17,05:07:36 [INFO] Run 2/5: Average Over Last 6 epochs -- Valid ACC: 0.6944444444444443 -- Valid F1-score: 0.8073131442070007
2024-07-17,05:07:37 [INFO] Test Results of Run 2/5: -- Test Loss: 1.590 -- Test ACC: 0.678 -- Test F1: 0.755
2024-07-17,05:07:38 [INFO] Epoch: 0/30 -- Train Loss: 0.005 -- Validation Loss: 1.476 -- Validation ACC: 0.667 -- Validation F1: 0.800
2024-07-17,05:07:47 [INFO] Epoch: 10/30 -- Train Loss: 0.055 -- Validation Loss: 1.239 -- Validation ACC: 0.667 -- Validation F1: 0.769
2024-07-17,05:07:58 [INFO] Epoch: 20/30 -- Train Loss: 0.265 -- Validation Loss: 1.280 -- Validation ACC: 0.667 -- Validation F1: 0.769
2024-07-17,05:08:02 [INFO] Epoch: 24/30 -- Train Loss: 0.768 -- Validation Loss: 1.366 -- Validation ACC: 0.667 -- Validation F1: 0.800
2024-07-17,05:08:04 [INFO] Epoch: 25/30 -- Train Loss: 0.183 -- Validation Loss: 1.381 -- Validation ACC: 0.667 -- Validation F1: 0.800
2024-07-17,05:08:06 [INFO] Epoch: 26/30 -- Train Loss: 0.053 -- Validation Loss: 1.311 -- Validation ACC: 0.667 -- Validation F1: 0.800
2024-07-17,05:08:07 [INFO] Epoch: 27/30 -- Train Loss: 0.348 -- Validation Loss: 1.253 -- Validation ACC: 0.611 -- Validation F1: 0.759
2024-07-17,05:08:08 [INFO] Epoch: 28/30 -- Train Loss: 0.122 -- Validation Loss: 1.278 -- Validation ACC: 0.667 -- Validation F1: 0.800
2024-07-17,05:08:10 [INFO] Epoch: 29/30 -- Train Loss: 0.076 -- Validation Loss: 1.326 -- Validation ACC: 0.667 -- Validation F1: 0.800
2024-07-17,05:08:10 [INFO] Run 3/5: Average Over Last 6 epochs -- Valid ACC: 0.6574074074074073 -- Valid F1-score: 0.7931034564971924
2024-07-17,05:08:10 [INFO] Test Results of Run 3/5: -- Test Loss: 1.641 -- Test ACC: 0.678 -- Test F1: 0.764
2024-07-17,05:08:11 [INFO] Epoch: 0/30 -- Train Loss: 0.142 -- Validation Loss: 1.369 -- Validation ACC: 0.667 -- Validation F1: 0.769
2024-07-17,05:08:21 [INFO] Epoch: 10/30 -- Train Loss: 1.201 -- Validation Loss: 1.296 -- Validation ACC: 0.667 -- Validation F1: 0.769
2024-07-17,05:08:31 [INFO] Epoch: 20/30 -- Train Loss: 0.070 -- Validation Loss: 1.215 -- Validation ACC: 0.722 -- Validation F1: 0.828
2024-07-17,05:08:36 [INFO] Epoch: 24/30 -- Train Loss: 0.025 -- Validation Loss: 1.403 -- Validation ACC: 0.667 -- Validation F1: 0.800
2024-07-17,05:08:37 [INFO] Epoch: 25/30 -- Train Loss: 0.031 -- Validation Loss: 1.342 -- Validation ACC: 0.667 -- Validation F1: 0.800
2024-07-17,05:08:39 [INFO] Epoch: 26/30 -- Train Loss: 0.024 -- Validation Loss: 1.236 -- Validation ACC: 0.722 -- Validation F1: 0.828
2024-07-17,05:08:40 [INFO] Epoch: 27/30 -- Train Loss: 0.319 -- Validation Loss: 1.165 -- Validation ACC: 0.667 -- Validation F1: 0.786
2024-07-17,05:08:42 [INFO] Epoch: 28/30 -- Train Loss: 0.259 -- Validation Loss: 1.134 -- Validation ACC: 0.667 -- Validation F1: 0.769
2024-07-17,05:08:43 [INFO] Epoch: 29/30 -- Train Loss: 0.040 -- Validation Loss: 1.142 -- Validation ACC: 0.667 -- Validation F1: 0.769
2024-07-17,05:08:43 [INFO] Run 4/5: Average Over Last 6 epochs -- Valid ACC: 0.6759259259259259 -- Valid F1-score: 0.7919603486855825
2024-07-17,05:08:44 [INFO] Test Results of Run 4/5: -- Test Loss: 1.554 -- Test ACC: 0.643 -- Test F1: 0.713
2024-07-17,05:08:44 [INFO] Validation average after 5 runs -- ACC: 0.676 -- F1-score: 0.792
2024-07-17,05:08:44 [INFO] Test average after 5 runs -- ACC: 0.664 -- F1-score: 0.744
2024-07-17,05:08:44 [INFO] Finished round 1/10 of experiments!
2024-07-17,05:08:44 [INFO] Started round 2/10 of experiments!
2024-07-17,05:08:44 [INFO] Loading previous pretrained model at ./pretrained/GCN_Pretrained_2024-07-01-14-58-41.pth
2024-07-17,05:08:45 [INFO] Pretrained GNN on Source Dataset -- Test Loss: 1.173 -- Test ACC: 0.757 -- Test F1-score: 0.813
2024-07-17,05:08:45 [INFO] Pretrained GNN on Target Dataset Without Prompting: -- Validation Loss: 0.928 -- Validation ACC: 0.667 -- Validation F1-score: 0.769 -- Test Loss: 0.858 -- Test ACC: 0.687 -- Test F1-score: 0.735
2024-07-17,05:08:46 [INFO] Epoch: 0/30 -- Train Loss: 0.472 -- Validation Loss: 0.949 -- Validation ACC: 0.667 -- Validation F1: 0.769
2024-07-17,05:08:57 [INFO] Epoch: 10/30 -- Train Loss: 0.096 -- Validation Loss: 0.918 -- Validation ACC: 0.667 -- Validation F1: 0.769
2024-07-17,05:09:07 [INFO] Epoch: 20/30 -- Train Loss: 0.154 -- Validation Loss: 0.869 -- Validation ACC: 0.667 -- Validation F1: 0.769
2024-07-17,05:09:11 [INFO] Epoch: 24/30 -- Train Loss: 0.148 -- Validation Loss: 0.905 -- Validation ACC: 0.667 -- Validation F1: 0.769
2024-07-17,05:09:13 [INFO] Epoch: 25/30 -- Train Loss: 0.192 -- Validation Loss: 0.905 -- Validation ACC: 0.667 -- Validation F1: 0.769
2024-07-17,05:09:14 [INFO] Epoch: 26/30 -- Train Loss: 0.176 -- Validation Loss: 0.910 -- Validation ACC: 0.667 -- Validation F1: 0.769
2024-07-17,05:09:15 [INFO] Epoch: 27/30 -- Train Loss: 0.142 -- Validation Loss: 0.918 -- Validation ACC: 0.667 -- Validation F1: 0.769
2024-07-17,05:09:16 [INFO] Epoch: 28/30 -- Train Loss: 0.124 -- Validation Loss: 0.898 -- Validation ACC: 0.667 -- Validation F1: 0.769
2024-07-17,05:09:18 [INFO] Epoch: 29/30 -- Train Loss: 0.068 -- Validation Loss: 0.889 -- Validation ACC: 0.611 -- Validation F1: 0.720
2024-07-17,05:09:18 [INFO] Run 0/5: Average Over Last 6 epochs -- Valid ACC: 0.6574074074074073 -- Valid F1-score: 0.7610256572564443
2024-07-17,05:09:19 [INFO] Test Results of Run 0/5: -- Test Loss: 0.804 -- Test ACC: 0.730 -- Test F1: 0.756
2024-07-17,05:09:20 [INFO] Epoch: 0/30 -- Train Loss: 0.308 -- Validation Loss: 0.913 -- Validation ACC: 0.667 -- Validation F1: 0.769
2024-07-17,05:09:31 [INFO] Epoch: 10/30 -- Train Loss: 0.150 -- Validation Loss: 0.899 -- Validation ACC: 0.667 -- Validation F1: 0.769
2024-07-17,05:09:41 [INFO] Epoch: 20/30 -- Train Loss: 0.064 -- Validation Loss: 0.850 -- Validation ACC: 0.611 -- Validation F1: 0.720
2024-07-17,05:09:45 [INFO] Epoch: 24/30 -- Train Loss: 0.118 -- Validation Loss: 0.929 -- Validation ACC: 0.667 -- Validation F1: 0.769
2024-07-17,05:09:47 [INFO] Epoch: 25/30 -- Train Loss: 0.138 -- Validation Loss: 0.992 -- Validation ACC: 0.667 -- Validation F1: 0.769
2024-07-17,05:09:48 [INFO] Epoch: 26/30 -- Train Loss: 0.146 -- Validation Loss: 1.030 -- Validation ACC: 0.667 -- Validation F1: 0.769
2024-07-17,05:09:50 [INFO] Epoch: 27/30 -- Train Loss: 0.390 -- Validation Loss: 1.040 -- Validation ACC: 0.667 -- Validation F1: 0.769
2024-07-17,05:09:51 [INFO] Epoch: 28/30 -- Train Loss: 0.650 -- Validation Loss: 1.019 -- Validation ACC: 0.667 -- Validation F1: 0.769
2024-07-17,05:09:53 [INFO] Epoch: 29/30 -- Train Loss: 0.360 -- Validation Loss: 0.975 -- Validation ACC: 0.667 -- Validation F1: 0.769
2024-07-17,05:09:53 [INFO] Run 1/5: Average Over Last 6 epochs -- Valid ACC: 0.6666666666666666 -- Valid F1-score: 0.7692307829856873
2024-07-17,05:09:53 [INFO] Test Results of Run 1/5: -- Test Loss: 0.903 -- Test ACC: 0.696 -- Test F1: 0.745
2024-07-17,05:09:55 [INFO] Epoch: 0/30 -- Train Loss: 0.124 -- Validation Loss: 0.922 -- Validation ACC: 0.667 -- Validation F1: 0.769
2024-07-17,05:10:05 [INFO] Epoch: 10/30 -- Train Loss: 0.224 -- Validation Loss: 0.938 -- Validation ACC: 0.611 -- Validation F1: 0.720
2024-07-17,05:10:15 [INFO] Epoch: 20/30 -- Train Loss: 0.108 -- Validation Loss: 0.853 -- Validation ACC: 0.667 -- Validation F1: 0.769
2024-07-17,05:10:19 [INFO] Epoch: 24/30 -- Train Loss: 0.061 -- Validation Loss: 0.907 -- Validation ACC: 0.667 -- Validation F1: 0.769
2024-07-17,05:10:20 [INFO] Epoch: 25/30 -- Train Loss: 0.006 -- Validation Loss: 0.893 -- Validation ACC: 0.667 -- Validation F1: 0.769
2024-07-17,05:10:22 [INFO] Epoch: 26/30 -- Train Loss: 0.025 -- Validation Loss: 0.890 -- Validation ACC: 0.667 -- Validation F1: 0.769
2024-07-17,05:10:23 [INFO] Epoch: 27/30 -- Train Loss: 0.061 -- Validation Loss: 0.896 -- Validation ACC: 0.667 -- Validation F1: 0.769
2024-07-17,05:10:24 [INFO] Epoch: 28/30 -- Train Loss: 0.189 -- Validation Loss: 0.892 -- Validation ACC: 0.667 -- Validation F1: 0.769
2024-07-17,05:10:26 [INFO] Epoch: 29/30 -- Train Loss: 0.114 -- Validation Loss: 0.886 -- Validation ACC: 0.667 -- Validation F1: 0.769
2024-07-17,05:10:26 [INFO] Run 2/5: Average Over Last 6 epochs -- Valid ACC: 0.6666666666666666 -- Valid F1-score: 0.7692307829856873
2024-07-17,05:10:26 [INFO] Test Results of Run 2/5: -- Test Loss: 0.826 -- Test ACC: 0.722 -- Test F1: 0.750
2024-07-17,05:10:27 [INFO] Epoch: 0/30 -- Train Loss: 1.798 -- Validation Loss: 0.950 -- Validation ACC: 0.667 -- Validation F1: 0.769
2024-07-17,05:10:37 [INFO] Epoch: 10/30 -- Train Loss: 0.140 -- Validation Loss: 0.930 -- Validation ACC: 0.667 -- Validation F1: 0.769
2024-07-17,05:10:47 [INFO] Epoch: 20/30 -- Train Loss: 0.149 -- Validation Loss: 0.928 -- Validation ACC: 0.667 -- Validation F1: 0.769
2024-07-17,05:10:52 [INFO] Epoch: 24/30 -- Train Loss: 0.042 -- Validation Loss: 0.949 -- Validation ACC: 0.667 -- Validation F1: 0.769
2024-07-17,05:10:53 [INFO] Epoch: 25/30 -- Train Loss: 0.117 -- Validation Loss: 0.911 -- Validation ACC: 0.667 -- Validation F1: 0.769
2024-07-17,05:10:55 [INFO] Epoch: 26/30 -- Train Loss: 0.203 -- Validation Loss: 0.899 -- Validation ACC: 0.667 -- Validation F1: 0.769
2024-07-17,05:10:56 [INFO] Epoch: 27/30 -- Train Loss: 0.147 -- Validation Loss: 0.901 -- Validation ACC: 0.667 -- Validation F1: 0.769
2024-07-17,05:10:58 [INFO] Epoch: 28/30 -- Train Loss: 0.095 -- Validation Loss: 0.908 -- Validation ACC: 0.667 -- Validation F1: 0.769
2024-07-17,05:11:00 [INFO] Epoch: 29/30 -- Train Loss: 0.155 -- Validation Loss: 0.911 -- Validation ACC: 0.667 -- Validation F1: 0.769
2024-07-17,05:11:00 [INFO] Run 3/5: Average Over Last 6 epochs -- Valid ACC: 0.6666666666666666 -- Valid F1-score: 0.7692307829856873
2024-07-17,05:11:00 [INFO] Test Results of Run 3/5: -- Test Loss: 0.855 -- Test ACC: 0.704 -- Test F1: 0.746
2024-07-17,05:11:01 [INFO] Epoch: 0/30 -- Train Loss: 0.087 -- Validation Loss: 0.920 -- Validation ACC: 0.667 -- Validation F1: 0.769
2024-07-17,05:11:11 [INFO] Epoch: 10/30 -- Train Loss: 0.900 -- Validation Loss: 0.881 -- Validation ACC: 0.667 -- Validation F1: 0.769
2024-07-17,05:11:22 [INFO] Epoch: 20/30 -- Train Loss: 0.054 -- Validation Loss: 0.876 -- Validation ACC: 0.611 -- Validation F1: 0.720
2024-07-17,05:11:26 [INFO] Epoch: 24/30 -- Train Loss: 0.061 -- Validation Loss: 0.853 -- Validation ACC: 0.611 -- Validation F1: 0.720
2024-07-17,05:11:28 [INFO] Epoch: 25/30 -- Train Loss: 0.083 -- Validation Loss: 0.871 -- Validation ACC: 0.611 -- Validation F1: 0.720
2024-07-17,05:11:29 [INFO] Epoch: 26/30 -- Train Loss: 0.112 -- Validation Loss: 0.886 -- Validation ACC: 0.611 -- Validation F1: 0.720
2024-07-17,05:11:30 [INFO] Epoch: 27/30 -- Train Loss: 0.143 -- Validation Loss: 0.902 -- Validation ACC: 0.667 -- Validation F1: 0.769
2024-07-17,05:11:32 [INFO] Epoch: 28/30 -- Train Loss: 0.105 -- Validation Loss: 0.921 -- Validation ACC: 0.667 -- Validation F1: 0.769
2024-07-17,05:11:33 [INFO] Epoch: 29/30 -- Train Loss: 0.320 -- Validation Loss: 0.935 -- Validation ACC: 0.667 -- Validation F1: 0.769
2024-07-17,05:11:33 [INFO] Run 4/5: Average Over Last 6 epochs -- Valid ACC: 0.6388888888888888 -- Valid F1-score: 0.7446154057979584
2024-07-17,05:11:34 [INFO] Test Results of Run 4/5: -- Test Loss: 0.859 -- Test ACC: 0.687 -- Test F1: 0.731
2024-07-17,05:11:34 [INFO] Validation average after 5 runs -- ACC: 0.659 -- F1-score: 0.763
2024-07-17,05:11:34 [INFO] Test average after 5 runs -- ACC: 0.708 -- F1-score: 0.746
2024-07-17,05:11:34 [INFO] Finished round 2/10 of experiments!
2024-07-17,05:11:34 [INFO] Started round 3/10 of experiments!
2024-07-17,05:11:34 [INFO] Loading previous pretrained model at ./pretrained/GCN_Pretrained_2024-07-01-15-00-59.pth
2024-07-17,05:11:35 [INFO] Pretrained GNN on Source Dataset -- Test Loss: 0.746 -- Test ACC: 0.739 -- Test F1-score: 0.786
2024-07-17,05:11:35 [INFO] Pretrained GNN on Target Dataset Without Prompting: -- Validation Loss: 0.769 -- Validation ACC: 0.722 -- Validation F1-score: 0.706 -- Test Loss: 0.897 -- Test ACC: 0.748 -- Test F1-score: 0.810
2024-07-17,05:11:37 [INFO] Epoch: 0/30 -- Train Loss: 0.000 -- Validation Loss: 0.781 -- Validation ACC: 0.778 -- Validation F1: 0.778
2024-07-17,05:11:46 [INFO] Epoch: 10/30 -- Train Loss: 0.130 -- Validation Loss: 0.740 -- Validation ACC: 0.778 -- Validation F1: 0.750
2024-07-17,05:11:56 [INFO] Epoch: 20/30 -- Train Loss: 0.735 -- Validation Loss: 0.789 -- Validation ACC: 0.778 -- Validation F1: 0.778
2024-07-17,05:12:01 [INFO] Epoch: 24/30 -- Train Loss: 0.000 -- Validation Loss: 0.765 -- Validation ACC: 0.778 -- Validation F1: 0.778
2024-07-17,05:12:02 [INFO] Epoch: 25/30 -- Train Loss: 1.488 -- Validation Loss: 0.704 -- Validation ACC: 0.833 -- Validation F1: 0.824
2024-07-17,05:12:04 [INFO] Epoch: 26/30 -- Train Loss: 0.074 -- Validation Loss: 0.726 -- Validation ACC: 0.778 -- Validation F1: 0.750
2024-07-17,05:12:05 [INFO] Epoch: 27/30 -- Train Loss: 0.136 -- Validation Loss: 0.789 -- Validation ACC: 0.722 -- Validation F1: 0.667
2024-07-17,05:12:07 [INFO] Epoch: 28/30 -- Train Loss: 0.284 -- Validation Loss: 0.806 -- Validation ACC: 0.722 -- Validation F1: 0.667
2024-07-17,05:12:08 [INFO] Epoch: 29/30 -- Train Loss: 0.149 -- Validation Loss: 0.751 -- Validation ACC: 0.722 -- Validation F1: 0.667
2024-07-17,05:12:08 [INFO] Run 0/5: Average Over Last 6 epochs -- Valid ACC: 0.7592592592592592 -- Valid F1-score: 0.725217878818512
2024-07-17,05:12:08 [INFO] Test Results of Run 0/5: -- Test Loss: 0.908 -- Test ACC: 0.678 -- Test F1: 0.745
2024-07-17,05:12:10 [INFO] Epoch: 0/30 -- Train Loss: 0.005 -- Validation Loss: 0.734 -- Validation ACC: 0.722 -- Validation F1: 0.706
2024-07-17,05:12:20 [INFO] Epoch: 10/30 -- Train Loss: 0.005 -- Validation Loss: 0.763 -- Validation ACC: 0.778 -- Validation F1: 0.750
2024-07-17,05:12:31 [INFO] Epoch: 20/30 -- Train Loss: 0.006 -- Validation Loss: 0.739 -- Validation ACC: 0.778 -- Validation F1: 0.778
2024-07-17,05:12:35 [INFO] Epoch: 24/30 -- Train Loss: 0.087 -- Validation Loss: 0.787 -- Validation ACC: 0.778 -- Validation F1: 0.778
2024-07-17,05:12:37 [INFO] Epoch: 25/30 -- Train Loss: 0.077 -- Validation Loss: 0.809 -- Validation ACC: 0.778 -- Validation F1: 0.778
2024-07-17,05:12:38 [INFO] Epoch: 26/30 -- Train Loss: 0.235 -- Validation Loss: 0.819 -- Validation ACC: 0.778 -- Validation F1: 0.778
2024-07-17,05:12:40 [INFO] Epoch: 27/30 -- Train Loss: 0.081 -- Validation Loss: 0.823 -- Validation ACC: 0.778 -- Validation F1: 0.778
2024-07-17,05:12:41 [INFO] Epoch: 28/30 -- Train Loss: 0.140 -- Validation Loss: 0.849 -- Validation ACC: 0.778 -- Validation F1: 0.778
2024-07-17,05:12:43 [INFO] Epoch: 29/30 -- Train Loss: 0.106 -- Validation Loss: 0.901 -- Validation ACC: 0.722 -- Validation F1: 0.737
2024-07-17,05:12:43 [INFO] Run 1/5: Average Over Last 6 epochs -- Valid ACC: 0.7685185185185185 -- Valid F1-score: 0.7709551751613617
2024-07-17,05:12:43 [INFO] Test Results of Run 1/5: -- Test Loss: 0.969 -- Test ACC: 0.757 -- Test F1: 0.827
2024-07-17,05:12:44 [INFO] Epoch: 0/30 -- Train Loss: 0.005 -- Validation Loss: 0.841 -- Validation ACC: 0.778 -- Validation F1: 0.778
2024-07-17,05:12:54 [INFO] Epoch: 10/30 -- Train Loss: 0.119 -- Validation Loss: 0.765 -- Validation ACC: 0.778 -- Validation F1: 0.750
2024-07-17,05:13:05 [INFO] Epoch: 20/30 -- Train Loss: 0.008 -- Validation Loss: 0.776 -- Validation ACC: 0.778 -- Validation F1: 0.750
2024-07-17,05:13:09 [INFO] Epoch: 24/30 -- Train Loss: 1.716 -- Validation Loss: 0.807 -- Validation ACC: 0.778 -- Validation F1: 0.778
2024-07-17,05:13:10 [INFO] Epoch: 25/30 -- Train Loss: 0.275 -- Validation Loss: 0.758 -- Validation ACC: 0.778 -- Validation F1: 0.750
2024-07-17,05:13:11 [INFO] Epoch: 26/30 -- Train Loss: 0.134 -- Validation Loss: 0.740 -- Validation ACC: 0.778 -- Validation F1: 0.750
2024-07-17,05:13:13 [INFO] Epoch: 27/30 -- Train Loss: 0.139 -- Validation Loss: 0.731 -- Validation ACC: 0.778 -- Validation F1: 0.750
2024-07-17,05:13:14 [INFO] Epoch: 28/30 -- Train Loss: 0.118 -- Validation Loss: 0.716 -- Validation ACC: 0.778 -- Validation F1: 0.750
2024-07-17,05:13:16 [INFO] Epoch: 29/30 -- Train Loss: 0.147 -- Validation Loss: 0.713 -- Validation ACC: 0.778 -- Validation F1: 0.750
2024-07-17,05:13:16 [INFO] Run 2/5: Average Over Last 6 epochs -- Valid ACC: 0.7777777777777778 -- Valid F1-score: 0.7546296318372091
2024-07-17,05:13:16 [INFO] Test Results of Run 2/5: -- Test Loss: 0.895 -- Test ACC: 0.730 -- Test F1: 0.795
2024-07-17,05:13:17 [INFO] Epoch: 0/30 -- Train Loss: 0.409 -- Validation Loss: 0.749 -- Validation ACC: 0.778 -- Validation F1: 0.750
2024-07-17,05:13:27 [INFO] Epoch: 10/30 -- Train Loss: 0.123 -- Validation Loss: 0.806 -- Validation ACC: 0.722 -- Validation F1: 0.706
2024-07-17,05:13:37 [INFO] Epoch: 20/30 -- Train Loss: 0.854 -- Validation Loss: 0.692 -- Validation ACC: 0.778 -- Validation F1: 0.750
2024-07-17,05:13:41 [INFO] Epoch: 24/30 -- Train Loss: 0.675 -- Validation Loss: 0.712 -- Validation ACC: 0.778 -- Validation F1: 0.750
2024-07-17,05:13:43 [INFO] Epoch: 25/30 -- Train Loss: 0.220 -- Validation Loss: 0.713 -- Validation ACC: 0.833 -- Validation F1: 0.824
2024-07-17,05:13:45 [INFO] Epoch: 26/30 -- Train Loss: 0.125 -- Validation Loss: 0.730 -- Validation ACC: 0.778 -- Validation F1: 0.778
2024-07-17,05:13:46 [INFO] Epoch: 27/30 -- Train Loss: 0.116 -- Validation Loss: 0.753 -- Validation ACC: 0.778 -- Validation F1: 0.778
2024-07-17,05:13:47 [INFO] Epoch: 28/30 -- Train Loss: 0.004 -- Validation Loss: 0.731 -- Validation ACC: 0.778 -- Validation F1: 0.778
2024-07-17,05:13:49 [INFO] Epoch: 29/30 -- Train Loss: 0.883 -- Validation Loss: 0.719 -- Validation ACC: 0.833 -- Validation F1: 0.824
2024-07-17,05:13:49 [INFO] Run 3/5: Average Over Last 6 epochs -- Valid ACC: 0.7962962962962963 -- Valid F1-score: 0.7883987029393514
2024-07-17,05:13:50 [INFO] Test Results of Run 3/5: -- Test Loss: 0.910 -- Test ACC: 0.730 -- Test F1: 0.795
2024-07-17,05:13:51 [INFO] Epoch: 0/30 -- Train Loss: 0.223 -- Validation Loss: 0.793 -- Validation ACC: 0.722 -- Validation F1: 0.706
2024-07-17,05:14:01 [INFO] Epoch: 10/30 -- Train Loss: 0.147 -- Validation Loss: 0.736 -- Validation ACC: 0.722 -- Validation F1: 0.706
2024-07-17,05:14:12 [INFO] Epoch: 20/30 -- Train Loss: 0.321 -- Validation Loss: 0.786 -- Validation ACC: 0.778 -- Validation F1: 0.750
2024-07-17,05:14:16 [INFO] Epoch: 24/30 -- Train Loss: 0.124 -- Validation Loss: 0.790 -- Validation ACC: 0.722 -- Validation F1: 0.706
2024-07-17,05:14:18 [INFO] Epoch: 25/30 -- Train Loss: 0.019 -- Validation Loss: 0.773 -- Validation ACC: 0.722 -- Validation F1: 0.706
2024-07-17,05:14:19 [INFO] Epoch: 26/30 -- Train Loss: 0.002 -- Validation Loss: 0.759 -- Validation ACC: 0.722 -- Validation F1: 0.706
2024-07-17,05:14:20 [INFO] Epoch: 27/30 -- Train Loss: 0.341 -- Validation Loss: 0.775 -- Validation ACC: 0.778 -- Validation F1: 0.778
2024-07-17,05:14:22 [INFO] Epoch: 28/30 -- Train Loss: 0.052 -- Validation Loss: 0.833 -- Validation ACC: 0.778 -- Validation F1: 0.778
2024-07-17,05:14:24 [INFO] Epoch: 29/30 -- Train Loss: 0.134 -- Validation Loss: 0.814 -- Validation ACC: 0.778 -- Validation F1: 0.778
2024-07-17,05:14:24 [INFO] Run 4/5: Average Over Last 6 epochs -- Valid ACC: 0.75 -- Valid F1-score: 0.7418300807476044
2024-07-17,05:14:24 [INFO] Test Results of Run 4/5: -- Test Loss: 0.945 -- Test ACC: 0.748 -- Test F1: 0.813
2024-07-17,05:14:24 [INFO] Validation average after 5 runs -- ACC: 0.770 -- F1-score: 0.756
2024-07-17,05:14:24 [INFO] Test average after 5 runs -- ACC: 0.729 -- F1-score: 0.795
2024-07-17,05:14:24 [INFO] Finished round 3/10 of experiments!
2024-07-17,05:14:24 [INFO] Started round 4/10 of experiments!
2024-07-17,05:14:25 [INFO] Loading previous pretrained model at ./pretrained/GCN_Pretrained_2024-07-01-15-03-17.pth
2024-07-17,05:14:25 [INFO] Pretrained GNN on Source Dataset -- Test Loss: 1.048 -- Test ACC: 0.696 -- Test F1-score: 0.759
2024-07-17,05:14:26 [INFO] Pretrained GNN on Target Dataset Without Prompting: -- Validation Loss: 0.854 -- Validation ACC: 0.500 -- Validation F1-score: 0.571 -- Test Loss: 0.781 -- Test ACC: 0.713 -- Test F1-score: 0.784
2024-07-17,05:14:27 [INFO] Epoch: 0/30 -- Train Loss: 0.182 -- Validation Loss: 0.850 -- Validation ACC: 0.500 -- Validation F1: 0.571
2024-07-17,05:14:37 [INFO] Epoch: 10/30 -- Train Loss: 1.317 -- Validation Loss: 1.059 -- Validation ACC: 0.500 -- Validation F1: 0.571
2024-07-17,05:14:48 [INFO] Epoch: 20/30 -- Train Loss: 0.671 -- Validation Loss: 0.904 -- Validation ACC: 0.611 -- Validation F1: 0.632
2024-07-17,05:14:52 [INFO] Epoch: 24/30 -- Train Loss: 0.047 -- Validation Loss: 0.963 -- Validation ACC: 0.556 -- Validation F1: 0.556
2024-07-17,05:14:53 [INFO] Epoch: 25/30 -- Train Loss: 0.065 -- Validation Loss: 0.980 -- Validation ACC: 0.556 -- Validation F1: 0.556
2024-07-17,05:14:55 [INFO] Epoch: 26/30 -- Train Loss: 0.099 -- Validation Loss: 1.007 -- Validation ACC: 0.611 -- Validation F1: 0.632
2024-07-17,05:14:56 [INFO] Epoch: 27/30 -- Train Loss: 0.133 -- Validation Loss: 1.030 -- Validation ACC: 0.611 -- Validation F1: 0.632
2024-07-17,05:14:58 [INFO] Epoch: 28/30 -- Train Loss: 0.263 -- Validation Loss: 1.043 -- Validation ACC: 0.611 -- Validation F1: 0.632
2024-07-17,05:14:59 [INFO] Epoch: 29/30 -- Train Loss: 0.159 -- Validation Loss: 1.074 -- Validation ACC: 0.611 -- Validation F1: 0.632
2024-07-17,05:14:59 [INFO] Run 0/5: Average Over Last 6 epochs -- Valid ACC: 0.5925925925925927 -- Valid F1-score: 0.6062378088633219
2024-07-17,05:14:59 [INFO] Test Results of Run 0/5: -- Test Loss: 0.833 -- Test ACC: 0.730 -- Test F1: 0.800
2024-07-17,05:15:01 [INFO] Epoch: 0/30 -- Train Loss: 0.719 -- Validation Loss: 0.667 -- Validation ACC: 0.722 -- Validation F1: 0.706
2024-07-17,05:15:11 [INFO] Epoch: 10/30 -- Train Loss: 0.094 -- Validation Loss: 0.953 -- Validation ACC: 0.500 -- Validation F1: 0.571
2024-07-17,05:15:22 [INFO] Epoch: 20/30 -- Train Loss: 0.073 -- Validation Loss: 0.910 -- Validation ACC: 0.611 -- Validation F1: 0.632
2024-07-17,05:15:27 [INFO] Epoch: 24/30 -- Train Loss: 0.138 -- Validation Loss: 0.750 -- Validation ACC: 0.611 -- Validation F1: 0.588
2024-07-17,05:15:28 [INFO] Epoch: 25/30 -- Train Loss: 0.096 -- Validation Loss: 0.994 -- Validation ACC: 0.500 -- Validation F1: 0.571
2024-07-17,05:15:29 [INFO] Epoch: 26/30 -- Train Loss: 0.098 -- Validation Loss: 1.285 -- Validation ACC: 0.500 -- Validation F1: 0.571
2024-07-17,05:15:30 [INFO] Epoch: 27/30 -- Train Loss: 0.015 -- Validation Loss: 1.460 -- Validation ACC: 0.500 -- Validation F1: 0.571
2024-07-17,05:15:32 [INFO] Epoch: 28/30 -- Train Loss: 0.064 -- Validation Loss: 1.616 -- Validation ACC: 0.444 -- Validation F1: 0.545
2024-07-17,05:15:33 [INFO] Epoch: 29/30 -- Train Loss: 0.050 -- Validation Loss: 1.699 -- Validation ACC: 0.444 -- Validation F1: 0.545
2024-07-17,05:15:33 [INFO] Run 1/5: Average Over Last 6 epochs -- Valid ACC: 0.5 -- Valid F1-score: 0.5655717055002848
2024-07-17,05:15:33 [INFO] Test Results of Run 1/5: -- Test Loss: 1.150 -- Test ACC: 0.687 -- Test F1: 0.795
2024-07-17,05:15:35 [INFO] Epoch: 0/30 -- Train Loss: 0.122 -- Validation Loss: 1.054 -- Validation ACC: 0.500 -- Validation F1: 0.571
2024-07-17,05:15:45 [INFO] Epoch: 10/30 -- Train Loss: 0.146 -- Validation Loss: 0.714 -- Validation ACC: 0.667 -- Validation F1: 0.667
2024-07-17,05:15:55 [INFO] Epoch: 20/30 -- Train Loss: 0.010 -- Validation Loss: 0.944 -- Validation ACC: 0.500 -- Validation F1: 0.571
2024-07-17,05:16:00 [INFO] Epoch: 24/30 -- Train Loss: 0.697 -- Validation Loss: 1.095 -- Validation ACC: 0.500 -- Validation F1: 0.571
2024-07-17,05:16:01 [INFO] Epoch: 25/30 -- Train Loss: 0.134 -- Validation Loss: 1.080 -- Validation ACC: 0.500 -- Validation F1: 0.571
2024-07-17,05:16:02 [INFO] Epoch: 26/30 -- Train Loss: 0.033 -- Validation Loss: 1.090 -- Validation ACC: 0.500 -- Validation F1: 0.571
2024-07-17,05:16:04 [INFO] Epoch: 27/30 -- Train Loss: 0.112 -- Validation Loss: 1.091 -- Validation ACC: 0.500 -- Validation F1: 0.571
2024-07-17,05:16:05 [INFO] Epoch: 28/30 -- Train Loss: 0.001 -- Validation Loss: 1.050 -- Validation ACC: 0.500 -- Validation F1: 0.571
2024-07-17,05:16:06 [INFO] Epoch: 29/30 -- Train Loss: 0.798 -- Validation Loss: 0.972 -- Validation ACC: 0.500 -- Validation F1: 0.571
2024-07-17,05:16:06 [INFO] Run 2/5: Average Over Last 6 epochs -- Valid ACC: 0.5 -- Valid F1-score: 0.5714285969734192
2024-07-17,05:16:07 [INFO] Test Results of Run 2/5: -- Test Loss: 0.802 -- Test ACC: 0.730 -- Test F1: 0.805
2024-07-17,05:16:08 [INFO] Epoch: 0/30 -- Train Loss: 0.078 -- Validation Loss: 0.641 -- Validation ACC: 0.611 -- Validation F1: 0.588
2024-07-17,05:16:18 [INFO] Epoch: 10/30 -- Train Loss: 0.093 -- Validation Loss: 0.998 -- Validation ACC: 0.500 -- Validation F1: 0.571
2024-07-17,05:16:29 [INFO] Epoch: 20/30 -- Train Loss: 0.328 -- Validation Loss: 0.910 -- Validation ACC: 0.611 -- Validation F1: 0.632
2024-07-17,05:16:33 [INFO] Epoch: 24/30 -- Train Loss: 0.159 -- Validation Loss: 0.911 -- Validation ACC: 0.556 -- Validation F1: 0.600
2024-07-17,05:16:35 [INFO] Epoch: 25/30 -- Train Loss: 0.182 -- Validation Loss: 0.948 -- Validation ACC: 0.556 -- Validation F1: 0.600
2024-07-17,05:16:36 [INFO] Epoch: 26/30 -- Train Loss: 0.812 -- Validation Loss: 0.933 -- Validation ACC: 0.556 -- Validation F1: 0.600
2024-07-17,05:16:38 [INFO] Epoch: 27/30 -- Train Loss: 0.035 -- Validation Loss: 0.789 -- Validation ACC: 0.667 -- Validation F1: 0.667
2024-07-17,05:16:39 [INFO] Epoch: 28/30 -- Train Loss: 1.110 -- Validation Loss: 0.824 -- Validation ACC: 0.667 -- Validation F1: 0.667
2024-07-17,05:16:40 [INFO] Epoch: 29/30 -- Train Loss: 0.261 -- Validation Loss: 0.793 -- Validation ACC: 0.667 -- Validation F1: 0.667
2024-07-17,05:16:40 [INFO] Run 3/5: Average Over Last 6 epochs -- Valid ACC: 0.611111111111111 -- Valid F1-score: 0.6333333551883698
2024-07-17,05:16:41 [INFO] Test Results of Run 3/5: -- Test Loss: 0.770 -- Test ACC: 0.704 -- Test F1: 0.770
2024-07-17,05:16:42 [INFO] Epoch: 0/30 -- Train Loss: 0.094 -- Validation Loss: 0.775 -- Validation ACC: 0.667 -- Validation F1: 0.667
2024-07-17,05:16:52 [INFO] Epoch: 10/30 -- Train Loss: 0.007 -- Validation Loss: 1.222 -- Validation ACC: 0.500 -- Validation F1: 0.571
2024-07-17,05:17:03 [INFO] Epoch: 20/30 -- Train Loss: 0.541 -- Validation Loss: 0.653 -- Validation ACC: 0.611 -- Validation F1: 0.588
2024-07-17,05:17:07 [INFO] Epoch: 24/30 -- Train Loss: 0.123 -- Validation Loss: 1.046 -- Validation ACC: 0.500 -- Validation F1: 0.571
2024-07-17,05:17:08 [INFO] Epoch: 25/30 -- Train Loss: 0.032 -- Validation Loss: 1.143 -- Validation ACC: 0.500 -- Validation F1: 0.571
2024-07-17,05:17:09 [INFO] Epoch: 26/30 -- Train Loss: 0.026 -- Validation Loss: 1.385 -- Validation ACC: 0.444 -- Validation F1: 0.545
2024-07-17,05:17:11 [INFO] Epoch: 27/30 -- Train Loss: 0.040 -- Validation Loss: 1.580 -- Validation ACC: 0.444 -- Validation F1: 0.545
2024-07-17,05:17:12 [INFO] Epoch: 28/30 -- Train Loss: 0.088 -- Validation Loss: 1.591 -- Validation ACC: 0.444 -- Validation F1: 0.545
2024-07-17,05:17:13 [INFO] Epoch: 29/30 -- Train Loss: 0.105 -- Validation Loss: 1.385 -- Validation ACC: 0.444 -- Validation F1: 0.545
2024-07-17,05:17:13 [INFO] Run 4/5: Average Over Last 6 epochs -- Valid ACC: 0.46296296296296297 -- Valid F1-score: 0.5541125734647115
2024-07-17,05:17:14 [INFO] Test Results of Run 4/5: -- Test Loss: 1.000 -- Test ACC: 0.722 -- Test F1: 0.812
2024-07-17,05:17:14 [INFO] Validation average after 5 runs -- ACC: 0.533 -- F1-score: 0.586
2024-07-17,05:17:14 [INFO] Test average after 5 runs -- ACC: 0.715 -- F1-score: 0.797
2024-07-17,05:17:14 [INFO] Finished round 4/10 of experiments!
2024-07-17,05:17:14 [INFO] Started round 5/10 of experiments!
2024-07-17,05:17:14 [INFO] Setting for pretraining: Model: {'gnn_type': 'gcn', 'in_channels': 56, 'hidden_channels': 512, 'out_channels': 2, 'num_layers': 3, 'dropout': 0.4, 'with_bn': False, 'with_head': True} -- Optimizer: {'lr': 0.01, 'scheduler_step_size': 50, 'scheduler_gamma': 0.5, 'weight_decay': 0.0} -- Training: {'n_epochs': 100}
2024-07-17,05:17:14 [INFO] Loading previous pretrained model at ./pretrained/GCN_Pretrained_2024-07-01-15-05-37.pth
2024-07-17,05:17:14 [INFO] Prompting method: flex_match -- Setting: Prompting function: gpf_plus -- Target Dataset: DHFR
2024-07-17,05:17:14 [INFO] Setting for prompt tuning: Prompt: {'emb_dim': 56, 'h_dim': 512, 'output_dim': 56, 'prompt_fn': 'gpf_plus', 'token_num': 50, 'cross_prune': 0.8, 'inner_prune': 0.3, 'attn_with_param': False} -- Pretrained Model: {'gnn_type': 'gcn', 'in_channels': 56, 'hidden_channels': 512, 'out_channels': 2, 'num_layers': 3, 'dropout': 0.4, 'with_bn': False, 'with_head': True} -- Optimizer: {'lr': 0.01, 'scheduler_step_size': 50, 'scheduler_gamma': 0.5, 'weight_decay': 0.1} -- Training: {'aug_type': 'feature', 'pos_aug_mode': 'mask', 'p_raug': 0.15, 'n_epochs': 30, 'r_reg': 0.0, 'soft_label': False, 'clutering_iters': 3, 'iterative_clustering': False, 'entropy_div_ratio': 3, 'w_entropy_loss': 0.0, 'w_softmax_loss': 0.5, 'w_domain_loss': 0.0, 'light_aug_prob': 0.1, 'light_aug_mode': 'mask', 'num_classes': 2, 'cut_off': 0.5}
2024-07-17,05:17:14 [INFO] Prompt tuning started: Num runs: 5 -- Eval step: 10
2024-07-17,05:17:15 [INFO] Pretrained GNN on Source Dataset -- Test Loss: 0.768 -- Test ACC: 0.687 -- Test F1-score: 0.684
2024-07-17,05:17:15 [INFO] Pretrained GNN on Target Dataset Without Prompting: -- Validation Loss: 0.232 -- Validation ACC: 0.889 -- Validation F1-score: 0.900 -- Test Loss: 0.871 -- Test ACC: 0.722 -- Test F1-score: 0.754
2024-07-17,05:17:17 [INFO] Epoch: 0/30 -- Train Loss: 0.018 -- Validation Loss: 0.279 -- Validation ACC: 0.889 -- Validation F1: 0.909
2024-07-17,05:17:28 [INFO] Epoch: 10/30 -- Train Loss: 0.158 -- Validation Loss: 0.274 -- Validation ACC: 0.833 -- Validation F1: 0.824
2024-07-17,05:17:38 [INFO] Epoch: 20/30 -- Train Loss: 0.015 -- Validation Loss: 0.279 -- Validation ACC: 0.833 -- Validation F1: 0.824
2024-07-17,05:17:42 [INFO] Epoch: 24/30 -- Train Loss: 0.040 -- Validation Loss: 0.259 -- Validation ACC: 0.833 -- Validation F1: 0.824
2024-07-17,05:17:43 [INFO] Epoch: 25/30 -- Train Loss: 0.228 -- Validation Loss: 0.232 -- Validation ACC: 0.889 -- Validation F1: 0.900
2024-07-17,05:17:45 [INFO] Epoch: 26/30 -- Train Loss: 0.322 -- Validation Loss: 0.227 -- Validation ACC: 0.889 -- Validation F1: 0.900
2024-07-17,05:17:46 [INFO] Epoch: 27/30 -- Train Loss: 0.063 -- Validation Loss: 0.228 -- Validation ACC: 0.889 -- Validation F1: 0.900
2024-07-17,05:17:47 [INFO] Epoch: 28/30 -- Train Loss: 0.028 -- Validation Loss: 0.238 -- Validation ACC: 0.889 -- Validation F1: 0.900
2024-07-17,05:17:49 [INFO] Epoch: 29/30 -- Train Loss: 0.146 -- Validation Loss: 0.241 -- Validation ACC: 0.889 -- Validation F1: 0.900
2024-07-17,05:17:49 [INFO] Run 0/5: Average Over Last 6 epochs -- Valid ACC: 0.8796296296296298 -- Valid F1-score: 0.8872548838456472
2024-07-17,05:17:49 [INFO] Test Results of Run 0/5: -- Test Loss: 0.897 -- Test ACC: 0.722 -- Test F1: 0.765
2024-07-17,05:17:51 [INFO] Epoch: 0/30 -- Train Loss: 0.137 -- Validation Loss: 0.232 -- Validation ACC: 0.889 -- Validation F1: 0.900
2024-07-17,05:18:01 [INFO] Epoch: 10/30 -- Train Loss: 0.255 -- Validation Loss: 0.253 -- Validation ACC: 0.833 -- Validation F1: 0.824
2024-07-17,05:18:11 [INFO] Epoch: 20/30 -- Train Loss: 0.007 -- Validation Loss: 0.348 -- Validation ACC: 0.778 -- Validation F1: 0.750
2024-07-17,05:18:15 [INFO] Epoch: 24/30 -- Train Loss: 0.123 -- Validation Loss: 0.255 -- Validation ACC: 0.778 -- Validation F1: 0.778
2024-07-17,05:18:16 [INFO] Epoch: 25/30 -- Train Loss: 0.133 -- Validation Loss: 0.248 -- Validation ACC: 0.889 -- Validation F1: 0.900
2024-07-17,05:18:18 [INFO] Epoch: 26/30 -- Train Loss: 0.155 -- Validation Loss: 0.249 -- Validation ACC: 0.889 -- Validation F1: 0.900
2024-07-17,05:18:19 [INFO] Epoch: 27/30 -- Train Loss: 0.089 -- Validation Loss: 0.282 -- Validation ACC: 0.778 -- Validation F1: 0.750
2024-07-17,05:18:20 [INFO] Epoch: 28/30 -- Train Loss: 0.183 -- Validation Loss: 0.311 -- Validation ACC: 0.778 -- Validation F1: 0.750
2024-07-17,05:18:22 [INFO] Epoch: 29/30 -- Train Loss: 0.124 -- Validation Loss: 0.315 -- Validation ACC: 0.778 -- Validation F1: 0.750
2024-07-17,05:18:22 [INFO] Run 1/5: Average Over Last 6 epochs -- Valid ACC: 0.8148148148148148 -- Valid F1-score: 0.8046296238899231
2024-07-17,05:18:22 [INFO] Test Results of Run 1/5: -- Test Loss: 0.873 -- Test ACC: 0.670 -- Test F1: 0.678
2024-07-17,05:18:24 [INFO] Epoch: 0/30 -- Train Loss: 0.105 -- Validation Loss: 0.253 -- Validation ACC: 0.833 -- Validation F1: 0.824
2024-07-17,05:18:34 [INFO] Epoch: 10/30 -- Train Loss: 0.209 -- Validation Loss: 0.269 -- Validation ACC: 0.833 -- Validation F1: 0.824
2024-07-17,05:18:45 [INFO] Epoch: 20/30 -- Train Loss: 0.033 -- Validation Loss: 0.238 -- Validation ACC: 0.889 -- Validation F1: 0.900
2024-07-17,05:18:49 [INFO] Epoch: 24/30 -- Train Loss: 1.004 -- Validation Loss: 0.233 -- Validation ACC: 0.889 -- Validation F1: 0.900
2024-07-17,05:18:51 [INFO] Epoch: 25/30 -- Train Loss: 0.047 -- Validation Loss: 0.228 -- Validation ACC: 0.889 -- Validation F1: 0.900
2024-07-17,05:18:52 [INFO] Epoch: 26/30 -- Train Loss: 0.114 -- Validation Loss: 0.232 -- Validation ACC: 0.889 -- Validation F1: 0.900
2024-07-17,05:18:53 [INFO] Epoch: 27/30 -- Train Loss: 0.109 -- Validation Loss: 0.234 -- Validation ACC: 0.944 -- Validation F1: 0.947
2024-07-17,05:18:55 [INFO] Epoch: 28/30 -- Train Loss: 0.137 -- Validation Loss: 0.238 -- Validation ACC: 0.889 -- Validation F1: 0.900
2024-07-17,05:18:56 [INFO] Epoch: 29/30 -- Train Loss: 0.000 -- Validation Loss: 0.247 -- Validation ACC: 0.833 -- Validation F1: 0.842
2024-07-17,05:18:56 [INFO] Run 2/5: Average Over Last 6 epochs -- Valid ACC: 0.8888888888888888 -- Valid F1-score: 0.8982456028461456
2024-07-17,05:18:57 [INFO] Test Results of Run 2/5: -- Test Loss: 0.866 -- Test ACC: 0.696 -- Test F1: 0.720
2024-07-17,05:18:58 [INFO] Epoch: 0/30 -- Train Loss: 0.473 -- Validation Loss: 0.231 -- Validation ACC: 0.889 -- Validation F1: 0.900
2024-07-17,05:19:09 [INFO] Epoch: 10/30 -- Train Loss: 0.081 -- Validation Loss: 0.269 -- Validation ACC: 0.833 -- Validation F1: 0.824
2024-07-17,05:19:19 [INFO] Epoch: 20/30 -- Train Loss: 0.071 -- Validation Loss: 0.246 -- Validation ACC: 0.889 -- Validation F1: 0.889
2024-07-17,05:19:24 [INFO] Epoch: 24/30 -- Train Loss: 0.147 -- Validation Loss: 0.236 -- Validation ACC: 0.889 -- Validation F1: 0.900
2024-07-17,05:19:25 [INFO] Epoch: 25/30 -- Train Loss: 0.001 -- Validation Loss: 0.236 -- Validation ACC: 0.889 -- Validation F1: 0.900
2024-07-17,05:19:27 [INFO] Epoch: 26/30 -- Train Loss: 0.235 -- Validation Loss: 0.235 -- Validation ACC: 0.889 -- Validation F1: 0.900
2024-07-17,05:19:28 [INFO] Epoch: 27/30 -- Train Loss: 0.024 -- Validation Loss: 0.235 -- Validation ACC: 0.889 -- Validation F1: 0.900
2024-07-17,05:19:30 [INFO] Epoch: 28/30 -- Train Loss: 0.121 -- Validation Loss: 0.234 -- Validation ACC: 0.889 -- Validation F1: 0.900
2024-07-17,05:19:32 [INFO] Epoch: 29/30 -- Train Loss: 0.126 -- Validation Loss: 0.234 -- Validation ACC: 0.889 -- Validation F1: 0.900
2024-07-17,05:19:32 [INFO] Run 3/5: Average Over Last 6 epochs -- Valid ACC: 0.888888888888889 -- Valid F1-score: 0.8999999761581421
2024-07-17,05:19:32 [INFO] Test Results of Run 3/5: -- Test Loss: 0.881 -- Test ACC: 0.730 -- Test F1: 0.763
2024-07-17,05:19:33 [INFO] Epoch: 0/30 -- Train Loss: 0.326 -- Validation Loss: 0.266 -- Validation ACC: 0.778 -- Validation F1: 0.750
2024-07-17,05:19:44 [INFO] Epoch: 10/30 -- Train Loss: 0.694 -- Validation Loss: 0.274 -- Validation ACC: 0.833 -- Validation F1: 0.824
2024-07-17,05:19:55 [INFO] Epoch: 20/30 -- Train Loss: 0.128 -- Validation Loss: 0.250 -- Validation ACC: 0.889 -- Validation F1: 0.900
2024-07-17,05:19:59 [INFO] Epoch: 24/30 -- Train Loss: 0.071 -- Validation Loss: 0.235 -- Validation ACC: 0.889 -- Validation F1: 0.900
2024-07-17,05:20:01 [INFO] Epoch: 25/30 -- Train Loss: 0.159 -- Validation Loss: 0.234 -- Validation ACC: 0.889 -- Validation F1: 0.900
2024-07-17,05:20:02 [INFO] Epoch: 26/30 -- Train Loss: 0.123 -- Validation Loss: 0.239 -- Validation ACC: 0.889 -- Validation F1: 0.900
2024-07-17,05:20:04 [INFO] Epoch: 27/30 -- Train Loss: 0.782 -- Validation Loss: 0.277 -- Validation ACC: 0.778 -- Validation F1: 0.750
2024-07-17,05:20:05 [INFO] Epoch: 28/30 -- Train Loss: 0.131 -- Validation Loss: 0.282 -- Validation ACC: 0.778 -- Validation F1: 0.750
2024-07-17,05:20:06 [INFO] Epoch: 29/30 -- Train Loss: 0.221 -- Validation Loss: 0.273 -- Validation ACC: 0.833 -- Validation F1: 0.824
2024-07-17,05:20:06 [INFO] Run 4/5: Average Over Last 6 epochs -- Valid ACC: 0.8425925925925926 -- Valid F1-score: 0.8372548917929331
2024-07-17,05:20:07 [INFO] Test Results of Run 4/5: -- Test Loss: 0.864 -- Test ACC: 0.678 -- Test F1: 0.704
2024-07-17,05:20:07 [INFO] Validation average after 5 runs -- ACC: 0.863 -- F1-score: 0.865
2024-07-17,05:20:07 [INFO] Test average after 5 runs -- ACC: 0.699 -- F1-score: 0.726
2024-07-17,05:20:07 [INFO] Finished round 5/10 of experiments!
2024-07-17,05:20:07 [INFO] Started round 6/10 of experiments!
2024-07-17,05:20:07 [INFO] Loading previous pretrained model at ./pretrained/GCN_Pretrained_2024-07-01-15-07-56.pth
2024-07-17,05:20:08 [INFO] Pretrained GNN on Source Dataset -- Test Loss: 0.661 -- Test ACC: 0.626 -- Test F1-score: 0.770
2024-07-17,05:20:09 [INFO] Pretrained GNN on Target Dataset Without Prompting: -- Validation Loss: 0.641 -- Validation ACC: 0.667 -- Validation F1-score: 0.800 -- Test Loss: 0.687 -- Test ACC: 0.574 -- Test F1-score: 0.729
2024-07-17,05:20:10 [INFO] Epoch: 0/30 -- Train Loss: 0.247 -- Validation Loss: 0.641 -- Validation ACC: 0.667 -- Validation F1: 0.800
2024-07-17,05:20:20 [INFO] Epoch: 10/30 -- Train Loss: 0.247 -- Validation Loss: 0.641 -- Validation ACC: 0.667 -- Validation F1: 0.800
2024-07-17,05:20:30 [INFO] Epoch: 20/30 -- Train Loss: 0.247 -- Validation Loss: 0.641 -- Validation ACC: 0.667 -- Validation F1: 0.800
2024-07-17,05:20:34 [INFO] Epoch: 24/30 -- Train Loss: 0.247 -- Validation Loss: 0.641 -- Validation ACC: 0.667 -- Validation F1: 0.800
2024-07-17,05:20:36 [INFO] Epoch: 25/30 -- Train Loss: 0.247 -- Validation Loss: 0.641 -- Validation ACC: 0.667 -- Validation F1: 0.800
2024-07-17,05:20:37 [INFO] Epoch: 26/30 -- Train Loss: 0.247 -- Validation Loss: 0.641 -- Validation ACC: 0.667 -- Validation F1: 0.800
2024-07-17,05:20:38 [INFO] Epoch: 27/30 -- Train Loss: 0.247 -- Validation Loss: 0.641 -- Validation ACC: 0.667 -- Validation F1: 0.800
2024-07-17,05:20:40 [INFO] Epoch: 28/30 -- Train Loss: 0.247 -- Validation Loss: 0.641 -- Validation ACC: 0.667 -- Validation F1: 0.800
2024-07-17,05:20:41 [INFO] Epoch: 29/30 -- Train Loss: 0.247 -- Validation Loss: 0.641 -- Validation ACC: 0.667 -- Validation F1: 0.800
2024-07-17,05:20:41 [INFO] Run 0/5: Average Over Last 6 epochs -- Valid ACC: 0.6666666666666666 -- Valid F1-score: 0.800000011920929
2024-07-17,05:20:42 [INFO] Test Results of Run 0/5: -- Test Loss: 0.687 -- Test ACC: 0.574 -- Test F1: 0.729
2024-07-17,05:20:43 [INFO] Epoch: 0/30 -- Train Loss: 0.247 -- Validation Loss: 0.641 -- Validation ACC: 0.667 -- Validation F1: 0.800
2024-07-17,05:20:53 [INFO] Epoch: 10/30 -- Train Loss: 0.247 -- Validation Loss: 0.641 -- Validation ACC: 0.667 -- Validation F1: 0.800
2024-07-17,05:21:04 [INFO] Epoch: 20/30 -- Train Loss: 0.247 -- Validation Loss: 0.641 -- Validation ACC: 0.667 -- Validation F1: 0.800
2024-07-17,05:21:08 [INFO] Epoch: 24/30 -- Train Loss: 0.247 -- Validation Loss: 0.641 -- Validation ACC: 0.667 -- Validation F1: 0.800
2024-07-17,05:21:10 [INFO] Epoch: 25/30 -- Train Loss: 0.247 -- Validation Loss: 0.641 -- Validation ACC: 0.667 -- Validation F1: 0.800
2024-07-17,05:21:11 [INFO] Epoch: 26/30 -- Train Loss: 0.247 -- Validation Loss: 0.641 -- Validation ACC: 0.667 -- Validation F1: 0.800
2024-07-17,05:21:12 [INFO] Epoch: 27/30 -- Train Loss: 0.247 -- Validation Loss: 0.641 -- Validation ACC: 0.667 -- Validation F1: 0.800
2024-07-17,05:21:14 [INFO] Epoch: 28/30 -- Train Loss: 0.247 -- Validation Loss: 0.641 -- Validation ACC: 0.667 -- Validation F1: 0.800
2024-07-17,05:21:15 [INFO] Epoch: 29/30 -- Train Loss: 0.247 -- Validation Loss: 0.641 -- Validation ACC: 0.667 -- Validation F1: 0.800
2024-07-17,05:21:15 [INFO] Run 1/5: Average Over Last 6 epochs -- Valid ACC: 0.6666666666666666 -- Valid F1-score: 0.800000011920929
2024-07-17,05:21:16 [INFO] Test Results of Run 1/5: -- Test Loss: 0.687 -- Test ACC: 0.574 -- Test F1: 0.729
2024-07-17,05:21:17 [INFO] Epoch: 0/30 -- Train Loss: 0.247 -- Validation Loss: 0.641 -- Validation ACC: 0.667 -- Validation F1: 0.800
2024-07-17,05:21:28 [INFO] Epoch: 10/30 -- Train Loss: 0.247 -- Validation Loss: 0.641 -- Validation ACC: 0.667 -- Validation F1: 0.800
2024-07-17,05:21:38 [INFO] Epoch: 20/30 -- Train Loss: 0.247 -- Validation Loss: 0.641 -- Validation ACC: 0.667 -- Validation F1: 0.800
2024-07-17,05:21:42 [INFO] Epoch: 24/30 -- Train Loss: 0.247 -- Validation Loss: 0.641 -- Validation ACC: 0.667 -- Validation F1: 0.800
2024-07-17,05:21:43 [INFO] Epoch: 25/30 -- Train Loss: 0.247 -- Validation Loss: 0.641 -- Validation ACC: 0.667 -- Validation F1: 0.800
2024-07-17,05:21:44 [INFO] Epoch: 26/30 -- Train Loss: 0.247 -- Validation Loss: 0.641 -- Validation ACC: 0.667 -- Validation F1: 0.800
2024-07-17,05:21:45 [INFO] Epoch: 27/30 -- Train Loss: 0.247 -- Validation Loss: 0.641 -- Validation ACC: 0.667 -- Validation F1: 0.800
2024-07-17,05:21:47 [INFO] Epoch: 28/30 -- Train Loss: 0.247 -- Validation Loss: 0.641 -- Validation ACC: 0.667 -- Validation F1: 0.800
2024-07-17,05:21:48 [INFO] Epoch: 29/30 -- Train Loss: 0.247 -- Validation Loss: 0.641 -- Validation ACC: 0.667 -- Validation F1: 0.800
2024-07-17,05:21:48 [INFO] Run 2/5: Average Over Last 6 epochs -- Valid ACC: 0.6666666666666666 -- Valid F1-score: 0.800000011920929
2024-07-17,05:21:49 [INFO] Test Results of Run 2/5: -- Test Loss: 0.687 -- Test ACC: 0.574 -- Test F1: 0.729
2024-07-17,05:21:50 [INFO] Epoch: 0/30 -- Train Loss: 0.247 -- Validation Loss: 0.641 -- Validation ACC: 0.667 -- Validation F1: 0.800
2024-07-17,05:22:01 [INFO] Epoch: 10/30 -- Train Loss: 0.247 -- Validation Loss: 0.641 -- Validation ACC: 0.667 -- Validation F1: 0.800
2024-07-17,05:22:11 [INFO] Epoch: 20/30 -- Train Loss: 0.247 -- Validation Loss: 0.641 -- Validation ACC: 0.667 -- Validation F1: 0.800
2024-07-17,05:22:16 [INFO] Epoch: 24/30 -- Train Loss: 0.247 -- Validation Loss: 0.641 -- Validation ACC: 0.667 -- Validation F1: 0.800
2024-07-17,05:22:17 [INFO] Epoch: 25/30 -- Train Loss: 0.247 -- Validation Loss: 0.641 -- Validation ACC: 0.667 -- Validation F1: 0.800
2024-07-17,05:22:19 [INFO] Epoch: 26/30 -- Train Loss: 0.247 -- Validation Loss: 0.641 -- Validation ACC: 0.667 -- Validation F1: 0.800
2024-07-17,05:22:20 [INFO] Epoch: 27/30 -- Train Loss: 0.247 -- Validation Loss: 0.641 -- Validation ACC: 0.667 -- Validation F1: 0.800
2024-07-17,05:22:22 [INFO] Epoch: 28/30 -- Train Loss: 0.247 -- Validation Loss: 0.641 -- Validation ACC: 0.667 -- Validation F1: 0.800
2024-07-17,05:22:24 [INFO] Epoch: 29/30 -- Train Loss: 0.247 -- Validation Loss: 0.641 -- Validation ACC: 0.667 -- Validation F1: 0.800
2024-07-17,05:22:24 [INFO] Run 3/5: Average Over Last 6 epochs -- Valid ACC: 0.6666666666666666 -- Valid F1-score: 0.800000011920929
2024-07-17,05:22:24 [INFO] Test Results of Run 3/5: -- Test Loss: 0.687 -- Test ACC: 0.574 -- Test F1: 0.729
2024-07-17,05:22:25 [INFO] Epoch: 0/30 -- Train Loss: 0.247 -- Validation Loss: 0.641 -- Validation ACC: 0.667 -- Validation F1: 0.800
2024-07-17,05:22:35 [INFO] Epoch: 10/30 -- Train Loss: 0.247 -- Validation Loss: 0.641 -- Validation ACC: 0.667 -- Validation F1: 0.800
2024-07-17,05:22:45 [INFO] Epoch: 20/30 -- Train Loss: 0.247 -- Validation Loss: 0.641 -- Validation ACC: 0.667 -- Validation F1: 0.800
2024-07-17,05:22:49 [INFO] Epoch: 24/30 -- Train Loss: 0.247 -- Validation Loss: 0.641 -- Validation ACC: 0.667 -- Validation F1: 0.800
2024-07-17,05:22:50 [INFO] Epoch: 25/30 -- Train Loss: 0.247 -- Validation Loss: 0.641 -- Validation ACC: 0.667 -- Validation F1: 0.800
2024-07-17,05:22:52 [INFO] Epoch: 26/30 -- Train Loss: 0.247 -- Validation Loss: 0.641 -- Validation ACC: 0.667 -- Validation F1: 0.800
2024-07-17,05:22:54 [INFO] Epoch: 27/30 -- Train Loss: 0.247 -- Validation Loss: 0.641 -- Validation ACC: 0.667 -- Validation F1: 0.800
2024-07-17,05:22:55 [INFO] Epoch: 28/30 -- Train Loss: 0.247 -- Validation Loss: 0.641 -- Validation ACC: 0.667 -- Validation F1: 0.800
2024-07-17,05:22:57 [INFO] Epoch: 29/30 -- Train Loss: 0.247 -- Validation Loss: 0.641 -- Validation ACC: 0.667 -- Validation F1: 0.800
2024-07-17,05:22:57 [INFO] Run 4/5: Average Over Last 6 epochs -- Valid ACC: 0.6666666666666666 -- Valid F1-score: 0.800000011920929
2024-07-17,05:22:57 [INFO] Test Results of Run 4/5: -- Test Loss: 0.687 -- Test ACC: 0.574 -- Test F1: 0.729
2024-07-17,05:22:57 [INFO] Validation average after 5 runs -- ACC: 0.667 -- F1-score: 0.800
2024-07-17,05:22:57 [INFO] Test average after 5 runs -- ACC: 0.574 -- F1-score: 0.729
2024-07-17,05:22:57 [INFO] Finished round 6/10 of experiments!
2024-07-17,05:22:57 [INFO] Started round 7/10 of experiments!
2024-07-17,05:22:58 [INFO] Loading previous pretrained model at ./pretrained/GCN_Pretrained_2024-07-01-15-10-20.pth
2024-07-17,05:22:59 [INFO] Pretrained GNN on Source Dataset -- Test Loss: 0.642 -- Test ACC: 0.670 -- Test F1-score: 0.708
2024-07-17,05:22:59 [INFO] Pretrained GNN on Target Dataset Without Prompting: -- Validation Loss: 0.357 -- Validation ACC: 0.833 -- Validation F1-score: 0.870 -- Test Loss: 0.708 -- Test ACC: 0.609 -- Test F1-score: 0.640
2024-07-17,05:23:00 [INFO] Epoch: 0/30 -- Train Loss: 0.177 -- Validation Loss: 0.360 -- Validation ACC: 0.833 -- Validation F1: 0.870
2024-07-17,05:23:10 [INFO] Epoch: 10/30 -- Train Loss: 0.198 -- Validation Loss: 0.370 -- Validation ACC: 0.778 -- Validation F1: 0.818
2024-07-17,05:23:20 [INFO] Epoch: 20/30 -- Train Loss: 0.170 -- Validation Loss: 0.346 -- Validation ACC: 0.833 -- Validation F1: 0.870
2024-07-17,05:23:25 [INFO] Epoch: 24/30 -- Train Loss: 0.109 -- Validation Loss: 0.371 -- Validation ACC: 0.778 -- Validation F1: 0.818
2024-07-17,05:23:26 [INFO] Epoch: 25/30 -- Train Loss: 0.160 -- Validation Loss: 0.346 -- Validation ACC: 0.833 -- Validation F1: 0.870
2024-07-17,05:23:28 [INFO] Epoch: 26/30 -- Train Loss: 0.595 -- Validation Loss: 0.352 -- Validation ACC: 0.833 -- Validation F1: 0.870
2024-07-17,05:23:29 [INFO] Epoch: 27/30 -- Train Loss: 0.121 -- Validation Loss: 0.370 -- Validation ACC: 0.778 -- Validation F1: 0.818
2024-07-17,05:23:30 [INFO] Epoch: 28/30 -- Train Loss: 0.339 -- Validation Loss: 0.381 -- Validation ACC: 0.778 -- Validation F1: 0.818
2024-07-17,05:23:32 [INFO] Epoch: 29/30 -- Train Loss: 0.285 -- Validation Loss: 0.371 -- Validation ACC: 0.778 -- Validation F1: 0.818
2024-07-17,05:23:32 [INFO] Run 0/5: Average Over Last 6 epochs -- Valid ACC: 0.7962962962962963 -- Valid F1-score: 0.8353096048037211
2024-07-17,05:23:32 [INFO] Test Results of Run 0/5: -- Test Loss: 0.706 -- Test ACC: 0.617 -- Test F1: 0.645
2024-07-17,05:23:34 [INFO] Epoch: 0/30 -- Train Loss: 0.340 -- Validation Loss: 0.333 -- Validation ACC: 0.833 -- Validation F1: 0.870
2024-07-17,05:23:44 [INFO] Epoch: 10/30 -- Train Loss: 0.032 -- Validation Loss: 0.400 -- Validation ACC: 0.778 -- Validation F1: 0.818
2024-07-17,05:23:53 [INFO] Epoch: 20/30 -- Train Loss: 0.056 -- Validation Loss: 0.309 -- Validation ACC: 0.833 -- Validation F1: 0.870
2024-07-17,05:23:58 [INFO] Epoch: 24/30 -- Train Loss: 0.129 -- Validation Loss: 0.318 -- Validation ACC: 0.833 -- Validation F1: 0.870
2024-07-17,05:23:59 [INFO] Epoch: 25/30 -- Train Loss: 0.285 -- Validation Loss: 0.331 -- Validation ACC: 0.833 -- Validation F1: 0.870
2024-07-17,05:24:00 [INFO] Epoch: 26/30 -- Train Loss: 0.529 -- Validation Loss: 0.365 -- Validation ACC: 0.833 -- Validation F1: 0.870
2024-07-17,05:24:01 [INFO] Epoch: 27/30 -- Train Loss: 0.462 -- Validation Loss: 0.411 -- Validation ACC: 0.778 -- Validation F1: 0.818
2024-07-17,05:24:03 [INFO] Epoch: 28/30 -- Train Loss: 0.162 -- Validation Loss: 0.413 -- Validation ACC: 0.778 -- Validation F1: 0.818
2024-07-17,05:24:04 [INFO] Epoch: 29/30 -- Train Loss: 0.543 -- Validation Loss: 0.395 -- Validation ACC: 0.778 -- Validation F1: 0.818
2024-07-17,05:24:04 [INFO] Run 1/5: Average Over Last 6 epochs -- Valid ACC: 0.8055555555555555 -- Valid F1-score: 0.8438735008239746
2024-07-17,05:24:04 [INFO] Test Results of Run 1/5: -- Test Loss: 0.706 -- Test ACC: 0.574 -- Test F1: 0.581
2024-07-17,05:24:06 [INFO] Epoch: 0/30 -- Train Loss: 0.128 -- Validation Loss: 0.360 -- Validation ACC: 0.778 -- Validation F1: 0.818
2024-07-17,05:24:17 [INFO] Epoch: 10/30 -- Train Loss: 0.222 -- Validation Loss: 0.401 -- Validation ACC: 0.778 -- Validation F1: 0.818
2024-07-17,05:24:27 [INFO] Epoch: 20/30 -- Train Loss: 0.171 -- Validation Loss: 0.416 -- Validation ACC: 0.778 -- Validation F1: 0.818
2024-07-17,05:24:31 [INFO] Epoch: 24/30 -- Train Loss: 0.051 -- Validation Loss: 0.329 -- Validation ACC: 0.833 -- Validation F1: 0.870
2024-07-17,05:24:33 [INFO] Epoch: 25/30 -- Train Loss: 0.090 -- Validation Loss: 0.324 -- Validation ACC: 0.833 -- Validation F1: 0.870
2024-07-17,05:24:34 [INFO] Epoch: 26/30 -- Train Loss: 0.224 -- Validation Loss: 0.316 -- Validation ACC: 0.889 -- Validation F1: 0.917
2024-07-17,05:24:36 [INFO] Epoch: 27/30 -- Train Loss: 0.264 -- Validation Loss: 0.309 -- Validation ACC: 0.889 -- Validation F1: 0.917
2024-07-17,05:24:37 [INFO] Epoch: 28/30 -- Train Loss: 0.130 -- Validation Loss: 0.301 -- Validation ACC: 0.833 -- Validation F1: 0.880
2024-07-17,05:24:39 [INFO] Epoch: 29/30 -- Train Loss: 0.372 -- Validation Loss: 0.295 -- Validation ACC: 0.833 -- Validation F1: 0.880
2024-07-17,05:24:39 [INFO] Run 2/5: Average Over Last 6 epochs -- Valid ACC: 0.8518518518518517 -- Valid F1-score: 0.8887439568837484
2024-07-17,05:24:39 [INFO] Test Results of Run 2/5: -- Test Loss: 0.727 -- Test ACC: 0.626 -- Test F1: 0.677
2024-07-17,05:24:41 [INFO] Epoch: 0/30 -- Train Loss: 0.165 -- Validation Loss: 0.424 -- Validation ACC: 0.778 -- Validation F1: 0.818
2024-07-17,05:24:51 [INFO] Epoch: 10/30 -- Train Loss: 0.231 -- Validation Loss: 0.279 -- Validation ACC: 0.833 -- Validation F1: 0.880
2024-07-17,05:25:02 [INFO] Epoch: 20/30 -- Train Loss: 0.154 -- Validation Loss: 0.313 -- Validation ACC: 0.833 -- Validation F1: 0.870
2024-07-17,05:25:07 [INFO] Epoch: 24/30 -- Train Loss: 0.109 -- Validation Loss: 0.411 -- Validation ACC: 0.778 -- Validation F1: 0.818
2024-07-17,05:25:08 [INFO] Epoch: 25/30 -- Train Loss: 0.147 -- Validation Loss: 0.406 -- Validation ACC: 0.778 -- Validation F1: 0.818
2024-07-17,05:25:09 [INFO] Epoch: 26/30 -- Train Loss: 0.168 -- Validation Loss: 0.406 -- Validation ACC: 0.778 -- Validation F1: 0.818
2024-07-17,05:25:11 [INFO] Epoch: 27/30 -- Train Loss: 0.191 -- Validation Loss: 0.393 -- Validation ACC: 0.778 -- Validation F1: 0.818
2024-07-17,05:25:12 [INFO] Epoch: 28/30 -- Train Loss: 0.467 -- Validation Loss: 0.366 -- Validation ACC: 0.778 -- Validation F1: 0.818
2024-07-17,05:25:13 [INFO] Epoch: 29/30 -- Train Loss: 0.290 -- Validation Loss: 0.362 -- Validation ACC: 0.833 -- Validation F1: 0.870
2024-07-17,05:25:13 [INFO] Run 3/5: Average Over Last 6 epochs -- Valid ACC: 0.7870370370370371 -- Valid F1-score: 0.8267457087834676
2024-07-17,05:25:14 [INFO] Test Results of Run 3/5: -- Test Loss: 0.705 -- Test ACC: 0.617 -- Test F1: 0.651
2024-07-17,05:25:15 [INFO] Epoch: 0/30 -- Train Loss: 0.447 -- Validation Loss: 0.360 -- Validation ACC: 0.833 -- Validation F1: 0.870
2024-07-17,05:25:25 [INFO] Epoch: 10/30 -- Train Loss: 0.324 -- Validation Loss: 0.331 -- Validation ACC: 0.833 -- Validation F1: 0.870
2024-07-17,05:25:36 [INFO] Epoch: 20/30 -- Train Loss: 0.198 -- Validation Loss: 0.349 -- Validation ACC: 0.833 -- Validation F1: 0.870
2024-07-17,05:25:40 [INFO] Epoch: 24/30 -- Train Loss: 0.210 -- Validation Loss: 0.349 -- Validation ACC: 0.833 -- Validation F1: 0.870
2024-07-17,05:25:41 [INFO] Epoch: 25/30 -- Train Loss: 0.164 -- Validation Loss: 0.358 -- Validation ACC: 0.833 -- Validation F1: 0.870
2024-07-17,05:25:43 [INFO] Epoch: 26/30 -- Train Loss: 0.294 -- Validation Loss: 0.377 -- Validation ACC: 0.778 -- Validation F1: 0.818
2024-07-17,05:25:44 [INFO] Epoch: 27/30 -- Train Loss: 0.203 -- Validation Loss: 0.382 -- Validation ACC: 0.778 -- Validation F1: 0.818
2024-07-17,05:25:45 [INFO] Epoch: 28/30 -- Train Loss: 0.199 -- Validation Loss: 0.386 -- Validation ACC: 0.778 -- Validation F1: 0.818
2024-07-17,05:25:47 [INFO] Epoch: 29/30 -- Train Loss: 0.165 -- Validation Loss: 0.380 -- Validation ACC: 0.778 -- Validation F1: 0.818
2024-07-17,05:25:47 [INFO] Run 4/5: Average Over Last 6 epochs -- Valid ACC: 0.7962962962962963 -- Valid F1-score: 0.8353096048037211
2024-07-17,05:25:47 [INFO] Test Results of Run 4/5: -- Test Loss: 0.705 -- Test ACC: 0.565 -- Test F1: 0.576
2024-07-17,05:25:47 [INFO] Validation average after 5 runs -- ACC: 0.807 -- F1-score: 0.846
2024-07-17,05:25:47 [INFO] Test average after 5 runs -- ACC: 0.600 -- F1-score: 0.626
2024-07-17,05:25:47 [INFO] Finished round 7/10 of experiments!
2024-07-17,05:25:47 [INFO] Started round 8/10 of experiments!
2024-07-17,05:25:48 [INFO] Loading previous pretrained model at ./pretrained/GCN_Pretrained_2024-07-01-15-12-47.pth
2024-07-17,05:25:48 [INFO] Pretrained GNN on Source Dataset -- Test Loss: 0.883 -- Test ACC: 0.696 -- Test F1-score: 0.733
2024-07-17,05:25:49 [INFO] Pretrained GNN on Target Dataset Without Prompting: -- Validation Loss: 0.933 -- Validation ACC: 0.833 -- Validation F1-score: 0.889 -- Test Loss: 1.174 -- Test ACC: 0.652 -- Test F1-score: 0.714
2024-07-17,05:25:51 [INFO] Epoch: 0/30 -- Train Loss: 0.528 -- Validation Loss: 0.988 -- Validation ACC: 0.778 -- Validation F1: 0.846
2024-07-17,05:26:00 [INFO] Epoch: 10/30 -- Train Loss: 0.267 -- Validation Loss: 0.925 -- Validation ACC: 0.833 -- Validation F1: 0.889
2024-07-17,05:26:10 [INFO] Epoch: 20/30 -- Train Loss: 0.234 -- Validation Loss: 0.960 -- Validation ACC: 0.778 -- Validation F1: 0.833
2024-07-17,05:26:14 [INFO] Epoch: 24/30 -- Train Loss: 0.331 -- Validation Loss: 0.940 -- Validation ACC: 0.833 -- Validation F1: 0.880
2024-07-17,05:26:15 [INFO] Epoch: 25/30 -- Train Loss: 0.299 -- Validation Loss: 0.938 -- Validation ACC: 0.778 -- Validation F1: 0.846
2024-07-17,05:26:16 [INFO] Epoch: 26/30 -- Train Loss: 0.179 -- Validation Loss: 0.940 -- Validation ACC: 0.833 -- Validation F1: 0.889
2024-07-17,05:26:18 [INFO] Epoch: 27/30 -- Train Loss: 0.141 -- Validation Loss: 0.942 -- Validation ACC: 0.833 -- Validation F1: 0.889
2024-07-17,05:26:20 [INFO] Epoch: 28/30 -- Train Loss: 0.148 -- Validation Loss: 0.942 -- Validation ACC: 0.833 -- Validation F1: 0.889
2024-07-17,05:26:21 [INFO] Epoch: 29/30 -- Train Loss: 0.118 -- Validation Loss: 0.942 -- Validation ACC: 0.833 -- Validation F1: 0.889
2024-07-17,05:26:21 [INFO] Run 0/5: Average Over Last 6 epochs -- Valid ACC: 0.8240740740740741 -- Valid F1-score: 0.8802849054336548
2024-07-17,05:26:21 [INFO] Test Results of Run 0/5: -- Test Loss: 1.157 -- Test ACC: 0.652 -- Test F1: 0.714
2024-07-17,05:26:23 [INFO] Epoch: 0/30 -- Train Loss: 0.055 -- Validation Loss: 0.955 -- Validation ACC: 0.833 -- Validation F1: 0.889
2024-07-17,05:26:33 [INFO] Epoch: 10/30 -- Train Loss: 0.238 -- Validation Loss: 0.982 -- Validation ACC: 0.833 -- Validation F1: 0.889
2024-07-17,05:26:42 [INFO] Epoch: 20/30 -- Train Loss: 0.089 -- Validation Loss: 0.907 -- Validation ACC: 0.722 -- Validation F1: 0.800
2024-07-17,05:26:46 [INFO] Epoch: 24/30 -- Train Loss: 0.102 -- Validation Loss: 0.892 -- Validation ACC: 0.833 -- Validation F1: 0.889
2024-07-17,05:26:48 [INFO] Epoch: 25/30 -- Train Loss: 0.165 -- Validation Loss: 0.898 -- Validation ACC: 0.833 -- Validation F1: 0.889
2024-07-17,05:26:50 [INFO] Epoch: 26/30 -- Train Loss: 0.019 -- Validation Loss: 0.906 -- Validation ACC: 0.833 -- Validation F1: 0.889
2024-07-17,05:26:51 [INFO] Epoch: 27/30 -- Train Loss: 0.074 -- Validation Loss: 0.906 -- Validation ACC: 0.833 -- Validation F1: 0.889
2024-07-17,05:26:53 [INFO] Epoch: 28/30 -- Train Loss: 0.156 -- Validation Loss: 0.899 -- Validation ACC: 0.833 -- Validation F1: 0.889
2024-07-17,05:26:54 [INFO] Epoch: 29/30 -- Train Loss: 0.092 -- Validation Loss: 0.899 -- Validation ACC: 0.833 -- Validation F1: 0.889
2024-07-17,05:26:54 [INFO] Run 1/5: Average Over Last 6 epochs -- Valid ACC: 0.8333333333333334 -- Valid F1-score: 0.8888888955116272
2024-07-17,05:26:55 [INFO] Test Results of Run 1/5: -- Test Loss: 1.177 -- Test ACC: 0.643 -- Test F1: 0.709
2024-07-17,05:26:56 [INFO] Epoch: 0/30 -- Train Loss: 0.172 -- Validation Loss: 0.968 -- Validation ACC: 0.833 -- Validation F1: 0.880
2024-07-17,05:27:06 [INFO] Epoch: 10/30 -- Train Loss: 0.049 -- Validation Loss: 0.924 -- Validation ACC: 0.722 -- Validation F1: 0.800
2024-07-17,05:27:16 [INFO] Epoch: 20/30 -- Train Loss: 0.066 -- Validation Loss: 0.932 -- Validation ACC: 0.722 -- Validation F1: 0.800
2024-07-17,05:27:20 [INFO] Epoch: 24/30 -- Train Loss: 0.001 -- Validation Loss: 1.046 -- Validation ACC: 0.833 -- Validation F1: 0.889
2024-07-17,05:27:22 [INFO] Epoch: 25/30 -- Train Loss: 0.168 -- Validation Loss: 1.036 -- Validation ACC: 0.833 -- Validation F1: 0.889
2024-07-17,05:27:23 [INFO] Epoch: 26/30 -- Train Loss: 0.263 -- Validation Loss: 1.015 -- Validation ACC: 0.778 -- Validation F1: 0.857
2024-07-17,05:27:24 [INFO] Epoch: 27/30 -- Train Loss: 0.293 -- Validation Loss: 0.992 -- Validation ACC: 0.778 -- Validation F1: 0.857
2024-07-17,05:27:26 [INFO] Epoch: 28/30 -- Train Loss: 0.336 -- Validation Loss: 0.969 -- Validation ACC: 0.778 -- Validation F1: 0.857
2024-07-17,05:27:27 [INFO] Epoch: 29/30 -- Train Loss: 0.581 -- Validation Loss: 0.954 -- Validation ACC: 0.833 -- Validation F1: 0.889
2024-07-17,05:27:27 [INFO] Run 2/5: Average Over Last 6 epochs -- Valid ACC: 0.8055555555555555 -- Valid F1-score: 0.8730158805847168
2024-07-17,05:27:27 [INFO] Test Results of Run 2/5: -- Test Loss: 1.170 -- Test ACC: 0.652 -- Test F1: 0.714
2024-07-17,05:27:29 [INFO] Epoch: 0/30 -- Train Loss: 0.116 -- Validation Loss: 0.978 -- Validation ACC: 0.833 -- Validation F1: 0.889
2024-07-17,05:27:39 [INFO] Epoch: 10/30 -- Train Loss: 0.133 -- Validation Loss: 0.924 -- Validation ACC: 0.833 -- Validation F1: 0.889
2024-07-17,05:27:49 [INFO] Epoch: 20/30 -- Train Loss: 0.209 -- Validation Loss: 0.914 -- Validation ACC: 0.833 -- Validation F1: 0.889
2024-07-17,05:27:54 [INFO] Epoch: 24/30 -- Train Loss: 0.066 -- Validation Loss: 0.895 -- Validation ACC: 0.833 -- Validation F1: 0.889
2024-07-17,05:27:55 [INFO] Epoch: 25/30 -- Train Loss: 0.279 -- Validation Loss: 0.902 -- Validation ACC: 0.833 -- Validation F1: 0.889
2024-07-17,05:27:57 [INFO] Epoch: 26/30 -- Train Loss: 0.146 -- Validation Loss: 0.904 -- Validation ACC: 0.833 -- Validation F1: 0.889
2024-07-17,05:27:58 [INFO] Epoch: 27/30 -- Train Loss: 0.193 -- Validation Loss: 0.900 -- Validation ACC: 0.833 -- Validation F1: 0.889
2024-07-17,05:27:59 [INFO] Epoch: 28/30 -- Train Loss: 0.012 -- Validation Loss: 0.898 -- Validation ACC: 0.833 -- Validation F1: 0.889
2024-07-17,05:28:01 [INFO] Epoch: 29/30 -- Train Loss: 0.116 -- Validation Loss: 0.920 -- Validation ACC: 0.778 -- Validation F1: 0.846
2024-07-17,05:28:01 [INFO] Run 3/5: Average Over Last 6 epochs -- Valid ACC: 0.8240740740740741 -- Valid F1-score: 0.8817663888136545
2024-07-17,05:28:01 [INFO] Test Results of Run 3/5: -- Test Loss: 1.142 -- Test ACC: 0.661 -- Test F1: 0.715
2024-07-17,05:28:03 [INFO] Epoch: 0/30 -- Train Loss: 0.111 -- Validation Loss: 0.958 -- Validation ACC: 0.833 -- Validation F1: 0.880
2024-07-17,05:28:14 [INFO] Epoch: 10/30 -- Train Loss: 0.233 -- Validation Loss: 0.929 -- Validation ACC: 0.778 -- Validation F1: 0.846
2024-07-17,05:28:24 [INFO] Epoch: 20/30 -- Train Loss: 0.034 -- Validation Loss: 0.978 -- Validation ACC: 0.833 -- Validation F1: 0.889
2024-07-17,05:28:29 [INFO] Epoch: 24/30 -- Train Loss: 0.246 -- Validation Loss: 0.936 -- Validation ACC: 0.833 -- Validation F1: 0.889
2024-07-17,05:28:30 [INFO] Epoch: 25/30 -- Train Loss: 0.102 -- Validation Loss: 0.925 -- Validation ACC: 0.722 -- Validation F1: 0.800
2024-07-17,05:28:32 [INFO] Epoch: 26/30 -- Train Loss: 0.136 -- Validation Loss: 0.918 -- Validation ACC: 0.722 -- Validation F1: 0.800
2024-07-17,05:28:33 [INFO] Epoch: 27/30 -- Train Loss: 0.178 -- Validation Loss: 0.919 -- Validation ACC: 0.778 -- Validation F1: 0.833
2024-07-17,05:28:34 [INFO] Epoch: 28/30 -- Train Loss: 0.113 -- Validation Loss: 0.919 -- Validation ACC: 0.778 -- Validation F1: 0.833
2024-07-17,05:28:36 [INFO] Epoch: 29/30 -- Train Loss: 0.248 -- Validation Loss: 0.918 -- Validation ACC: 0.778 -- Validation F1: 0.833
2024-07-17,05:28:36 [INFO] Run 4/5: Average Over Last 6 epochs -- Valid ACC: 0.7685185185185185 -- Valid F1-score: 0.8314814766248068
2024-07-17,05:28:36 [INFO] Test Results of Run 4/5: -- Test Loss: 1.189 -- Test ACC: 0.661 -- Test F1: 0.719
2024-07-17,05:28:36 [INFO] Validation average after 5 runs -- ACC: 0.811 -- F1-score: 0.871
2024-07-17,05:28:36 [INFO] Test average after 5 runs -- ACC: 0.654 -- F1-score: 0.715
2024-07-17,05:28:36 [INFO] Finished round 8/10 of experiments!
2024-07-17,05:28:36 [INFO] Started round 9/10 of experiments!
2024-07-17,05:28:37 [INFO] Loading previous pretrained model at ./pretrained/GCN_Pretrained_2024-07-01-15-15-13.pth
2024-07-17,05:28:37 [INFO] Pretrained GNN on Source Dataset -- Test Loss: 0.947 -- Test ACC: 0.757 -- Test F1-score: 0.785
2024-07-17,05:28:38 [INFO] Pretrained GNN on Target Dataset Without Prompting: -- Validation Loss: 0.804 -- Validation ACC: 0.722 -- Validation F1-score: 0.762 -- Test Loss: 0.876 -- Test ACC: 0.739 -- Test F1-score: 0.789
2024-07-17,05:28:39 [INFO] Epoch: 0/30 -- Train Loss: 0.298 -- Validation Loss: 0.764 -- Validation ACC: 0.722 -- Validation F1: 0.762
2024-07-17,05:28:50 [INFO] Epoch: 10/30 -- Train Loss: 0.060 -- Validation Loss: 0.804 -- Validation ACC: 0.722 -- Validation F1: 0.762
2024-07-17,05:29:00 [INFO] Epoch: 20/30 -- Train Loss: 0.296 -- Validation Loss: 0.835 -- Validation ACC: 0.722 -- Validation F1: 0.762
2024-07-17,05:29:04 [INFO] Epoch: 24/30 -- Train Loss: 0.105 -- Validation Loss: 0.973 -- Validation ACC: 0.722 -- Validation F1: 0.762
2024-07-17,05:29:06 [INFO] Epoch: 25/30 -- Train Loss: 1.992 -- Validation Loss: 0.942 -- Validation ACC: 0.722 -- Validation F1: 0.762
2024-07-17,05:29:07 [INFO] Epoch: 26/30 -- Train Loss: 0.096 -- Validation Loss: 0.898 -- Validation ACC: 0.722 -- Validation F1: 0.762
2024-07-17,05:29:09 [INFO] Epoch: 27/30 -- Train Loss: 0.001 -- Validation Loss: 0.853 -- Validation ACC: 0.722 -- Validation F1: 0.762
2024-07-17,05:29:10 [INFO] Epoch: 28/30 -- Train Loss: 0.224 -- Validation Loss: 0.809 -- Validation ACC: 0.722 -- Validation F1: 0.762
2024-07-17,05:29:12 [INFO] Epoch: 29/30 -- Train Loss: 0.076 -- Validation Loss: 0.781 -- Validation ACC: 0.722 -- Validation F1: 0.762
2024-07-17,05:29:12 [INFO] Run 0/5: Average Over Last 6 epochs -- Valid ACC: 0.7222222222222222 -- Valid F1-score: 0.761904776096344
2024-07-17,05:29:12 [INFO] Test Results of Run 0/5: -- Test Loss: 0.855 -- Test ACC: 0.757 -- Test F1: 0.808
2024-07-17,05:29:13 [INFO] Epoch: 0/30 -- Train Loss: 0.045 -- Validation Loss: 0.807 -- Validation ACC: 0.722 -- Validation F1: 0.762
2024-07-17,05:29:23 [INFO] Epoch: 10/30 -- Train Loss: 0.094 -- Validation Loss: 0.641 -- Validation ACC: 0.778 -- Validation F1: 0.818
2024-07-17,05:29:33 [INFO] Epoch: 20/30 -- Train Loss: 0.084 -- Validation Loss: 0.713 -- Validation ACC: 0.778 -- Validation F1: 0.818
2024-07-17,05:29:37 [INFO] Epoch: 24/30 -- Train Loss: 1.353 -- Validation Loss: 0.854 -- Validation ACC: 0.722 -- Validation F1: 0.762
2024-07-17,05:29:39 [INFO] Epoch: 25/30 -- Train Loss: 0.388 -- Validation Loss: 0.891 -- Validation ACC: 0.722 -- Validation F1: 0.762
2024-07-17,05:29:40 [INFO] Epoch: 26/30 -- Train Loss: 0.405 -- Validation Loss: 0.869 -- Validation ACC: 0.722 -- Validation F1: 0.762
2024-07-17,05:29:42 [INFO] Epoch: 27/30 -- Train Loss: 0.074 -- Validation Loss: 0.839 -- Validation ACC: 0.722 -- Validation F1: 0.762
2024-07-17,05:29:43 [INFO] Epoch: 28/30 -- Train Loss: 0.143 -- Validation Loss: 0.825 -- Validation ACC: 0.722 -- Validation F1: 0.762
2024-07-17,05:29:44 [INFO] Epoch: 29/30 -- Train Loss: 0.084 -- Validation Loss: 0.820 -- Validation ACC: 0.722 -- Validation F1: 0.762
2024-07-17,05:29:44 [INFO] Run 1/5: Average Over Last 6 epochs -- Valid ACC: 0.7222222222222222 -- Valid F1-score: 0.761904776096344
2024-07-17,05:29:45 [INFO] Test Results of Run 1/5: -- Test Loss: 0.881 -- Test ACC: 0.791 -- Test F1: 0.842
2024-07-17,05:29:46 [INFO] Epoch: 0/30 -- Train Loss: 0.578 -- Validation Loss: 0.863 -- Validation ACC: 0.722 -- Validation F1: 0.762
2024-07-17,05:29:56 [INFO] Epoch: 10/30 -- Train Loss: 0.112 -- Validation Loss: 0.767 -- Validation ACC: 0.722 -- Validation F1: 0.762
2024-07-17,05:30:06 [INFO] Epoch: 20/30 -- Train Loss: 1.412 -- Validation Loss: 0.745 -- Validation ACC: 0.778 -- Validation F1: 0.818
2024-07-17,05:30:11 [INFO] Epoch: 24/30 -- Train Loss: 0.012 -- Validation Loss: 0.939 -- Validation ACC: 0.722 -- Validation F1: 0.762
2024-07-17,05:30:12 [INFO] Epoch: 25/30 -- Train Loss: 0.000 -- Validation Loss: 0.977 -- Validation ACC: 0.722 -- Validation F1: 0.762
2024-07-17,05:30:13 [INFO] Epoch: 26/30 -- Train Loss: 0.153 -- Validation Loss: 1.015 -- Validation ACC: 0.667 -- Validation F1: 0.700
2024-07-17,05:30:14 [INFO] Epoch: 27/30 -- Train Loss: 1.381 -- Validation Loss: 1.016 -- Validation ACC: 0.667 -- Validation F1: 0.700
2024-07-17,05:30:16 [INFO] Epoch: 28/30 -- Train Loss: 0.185 -- Validation Loss: 0.959 -- Validation ACC: 0.722 -- Validation F1: 0.762
2024-07-17,05:30:17 [INFO] Epoch: 29/30 -- Train Loss: 0.006 -- Validation Loss: 0.908 -- Validation ACC: 0.722 -- Validation F1: 0.762
2024-07-17,05:30:17 [INFO] Run 2/5: Average Over Last 6 epochs -- Valid ACC: 0.7037037037037037 -- Valid F1-score: 0.741269846757253
2024-07-17,05:30:17 [INFO] Test Results of Run 2/5: -- Test Loss: 0.933 -- Test ACC: 0.704 -- Test F1: 0.746
2024-07-17,05:30:19 [INFO] Epoch: 0/30 -- Train Loss: 0.265 -- Validation Loss: 0.867 -- Validation ACC: 0.722 -- Validation F1: 0.762
2024-07-17,05:30:28 [INFO] Epoch: 10/30 -- Train Loss: 0.115 -- Validation Loss: 0.854 -- Validation ACC: 0.722 -- Validation F1: 0.762
2024-07-17,05:30:39 [INFO] Epoch: 20/30 -- Train Loss: 0.164 -- Validation Loss: 0.753 -- Validation ACC: 0.722 -- Validation F1: 0.762
2024-07-17,05:30:43 [INFO] Epoch: 24/30 -- Train Loss: 0.282 -- Validation Loss: 0.712 -- Validation ACC: 0.722 -- Validation F1: 0.762
2024-07-17,05:30:44 [INFO] Epoch: 25/30 -- Train Loss: 0.052 -- Validation Loss: 0.741 -- Validation ACC: 0.722 -- Validation F1: 0.762
2024-07-17,05:30:46 [INFO] Epoch: 26/30 -- Train Loss: 0.072 -- Validation Loss: 0.763 -- Validation ACC: 0.722 -- Validation F1: 0.762
2024-07-17,05:30:47 [INFO] Epoch: 27/30 -- Train Loss: 0.007 -- Validation Loss: 0.773 -- Validation ACC: 0.722 -- Validation F1: 0.762
2024-07-17,05:30:48 [INFO] Epoch: 28/30 -- Train Loss: 0.085 -- Validation Loss: 0.773 -- Validation ACC: 0.722 -- Validation F1: 0.762
2024-07-17,05:30:50 [INFO] Epoch: 29/30 -- Train Loss: 0.018 -- Validation Loss: 0.756 -- Validation ACC: 0.722 -- Validation F1: 0.762
2024-07-17,05:30:50 [INFO] Run 3/5: Average Over Last 6 epochs -- Valid ACC: 0.7222222222222222 -- Valid F1-score: 0.761904776096344
2024-07-17,05:30:51 [INFO] Test Results of Run 3/5: -- Test Loss: 0.901 -- Test ACC: 0.722 -- Test F1: 0.768
2024-07-17,05:30:52 [INFO] Epoch: 0/30 -- Train Loss: 0.000 -- Validation Loss: 0.864 -- Validation ACC: 0.722 -- Validation F1: 0.762
2024-07-17,05:31:02 [INFO] Epoch: 10/30 -- Train Loss: 0.086 -- Validation Loss: 0.846 -- Validation ACC: 0.722 -- Validation F1: 0.762
2024-07-17,05:31:12 [INFO] Epoch: 20/30 -- Train Loss: 0.048 -- Validation Loss: 0.767 -- Validation ACC: 0.722 -- Validation F1: 0.762
2024-07-17,05:31:16 [INFO] Epoch: 24/30 -- Train Loss: 0.021 -- Validation Loss: 0.723 -- Validation ACC: 0.778 -- Validation F1: 0.818
2024-07-17,05:31:18 [INFO] Epoch: 25/30 -- Train Loss: 0.103 -- Validation Loss: 0.733 -- Validation ACC: 0.722 -- Validation F1: 0.762
2024-07-17,05:31:19 [INFO] Epoch: 26/30 -- Train Loss: 0.023 -- Validation Loss: 0.727 -- Validation ACC: 0.722 -- Validation F1: 0.762
2024-07-17,05:31:21 [INFO] Epoch: 27/30 -- Train Loss: 0.296 -- Validation Loss: 0.701 -- Validation ACC: 0.722 -- Validation F1: 0.762
2024-07-17,05:31:22 [INFO] Epoch: 28/30 -- Train Loss: 0.011 -- Validation Loss: 0.733 -- Validation ACC: 0.722 -- Validation F1: 0.762
2024-07-17,05:31:23 [INFO] Epoch: 29/30 -- Train Loss: 0.088 -- Validation Loss: 0.788 -- Validation ACC: 0.722 -- Validation F1: 0.762
2024-07-17,05:31:23 [INFO] Run 4/5: Average Over Last 6 epochs -- Valid ACC: 0.7314814814814815 -- Valid F1-score: 0.771284282207489
2024-07-17,05:31:23 [INFO] Test Results of Run 4/5: -- Test Loss: 0.945 -- Test ACC: 0.713 -- Test F1: 0.756
2024-07-17,05:31:23 [INFO] Validation average after 5 runs -- ACC: 0.720 -- F1-score: 0.760
2024-07-17,05:31:23 [INFO] Test average after 5 runs -- ACC: 0.737 -- F1-score: 0.784
2024-07-17,05:31:23 [INFO] Finished round 9/10 of experiments!
2024-07-17,05:31:23 [INFO] Final results: -- Source Test Acc: 0.703 -- Source Test F1: 0.750 -- Target Valid Acc: 0.711 -- Target Valid F1: 0.770 -- Target Test Acc: 0.686 -- Target Test F1: 0.747 -- Prompt Test Acc: 0.685 -- Prompt Valid Acc: 0.703 -- Prompt Test F1: 0.745 -- Prompt Valid F1: 0.760
2024-07-17,05:31:23 [INFO] Pretrained modela are saved to: ./pretrained/GCN_Pretrained_2024-07-01-14-54-05.pth ./pretrained/GCN_Pretrained_2024-07-01-14-56-23.pth ./pretrained/GCN_Pretrained_2024-07-01-14-58-41.pth ./pretrained/GCN_Pretrained_2024-07-01-15-00-59.pth ./pretrained/GCN_Pretrained_2024-07-01-15-03-17.pth ./pretrained/GCN_Pretrained_2024-07-01-15-05-37.pth ./pretrained/GCN_Pretrained_2024-07-01-15-07-56.pth ./pretrained/GCN_Pretrained_2024-07-01-15-10-20.pth ./pretrained/GCN_Pretrained_2024-07-01-15-12-47.pth ./pretrained/GCN_Pretrained_2024-07-01-15-15-13.pth
